Defaulting to user installation because normal site-packages is not writeable
Looking in indexes: https://pypi.org/simple, https://download.pytorch.org/whl/cu113
Requirement already satisfied: torch==1.12.1+cu113 in /home/mx6835/.local/lib/python3.10/site-packages (1.12.1+cu113)
Requirement already satisfied: torchvision==0.13.1+cu113 in /home/mx6835/.local/lib/python3.10/site-packages (0.13.1+cu113)
Requirement already satisfied: torchaudio==0.12.1 in /home/mx6835/.local/lib/python3.10/site-packages (0.12.1+cu113)
Requirement already satisfied: typing-extensions in /home/mx6835/.local/lib/python3.10/site-packages (from torch==1.12.1+cu113) (4.7.1)
Requirement already satisfied: pillow!=8.3.*,>=5.3.0 in /home/mx6835/.local/lib/python3.10/site-packages (from torchvision==0.13.1+cu113) (10.1.0)
Requirement already satisfied: requests in /home/mx6835/.local/lib/python3.10/site-packages (from torchvision==0.13.1+cu113) (2.31.0)
Requirement already satisfied: numpy in /home/mx6835/.local/lib/python3.10/site-packages (from torchvision==0.13.1+cu113) (1.25.2)
Requirement already satisfied: certifi>=2017.4.17 in /home/mx6835/.local/lib/python3.10/site-packages (from requests->torchvision==0.13.1+cu113) (2023.7.22)
Requirement already satisfied: charset-normalizer<4,>=2 in /home/mx6835/.local/lib/python3.10/site-packages (from requests->torchvision==0.13.1+cu113) (3.2.0)
Requirement already satisfied: urllib3<3,>=1.21.1 in /home/mx6835/.local/lib/python3.10/site-packages (from requests->torchvision==0.13.1+cu113) (2.0.4)
Requirement already satisfied: idna<4,>=2.5 in /home/mx6835/.local/lib/python3.10/site-packages (from requests->torchvision==0.13.1+cu113) (3.4)
Defaulting to user installation because normal site-packages is not writeable
Obtaining file:///home/mx6835/acdemic/MM/MTL-main
  Preparing metadata (setup.py): started
  Preparing metadata (setup.py): finished with status 'done'
Requirement already satisfied: matplotlib>=3.2.1 in /home/mx6835/.local/lib/python3.10/site-packages (from mtl==1.0.0) (3.8.0)
Requirement already satisfied: numpy>=1.18.2 in /home/mx6835/.local/lib/python3.10/site-packages (from mtl==1.0.0) (1.25.2)
Requirement already satisfied: cvxpy in /home/mx6835/.local/lib/python3.10/site-packages (from mtl==1.0.0) (1.4.3)
Requirement already satisfied: tqdm>=4.45.0 in /home/mx6835/.local/lib/python3.10/site-packages (from mtl==1.0.0) (4.66.1)
Requirement already satisfied: pandas in /home/mx6835/.local/lib/python3.10/site-packages (from mtl==1.0.0) (2.1.0)
Requirement already satisfied: scikit-learn in /home/mx6835/.local/lib/python3.10/site-packages (from mtl==1.0.0) (1.0.2)
Requirement already satisfied: seaborn in /home/mx6835/.local/lib/python3.10/site-packages (from mtl==1.0.0) (0.13.2)
Requirement already satisfied: wandb==0.12.21 in /home/mx6835/.local/lib/python3.10/site-packages (from mtl==1.0.0) (0.12.21)
Requirement already satisfied: plotly in /home/mx6835/.local/lib/python3.10/site-packages (from mtl==1.0.0) (5.20.0)
Requirement already satisfied: torch_geometric in /home/mx6835/.local/lib/python3.10/site-packages (from mtl==1.0.0) (2.5.2)
Requirement already satisfied: pathtools in /home/mx6835/.local/lib/python3.10/site-packages (from wandb==0.12.21->mtl==1.0.0) (0.1.2)
Requirement already satisfied: requests<3,>=2.0.0 in /home/mx6835/.local/lib/python3.10/site-packages (from wandb==0.12.21->mtl==1.0.0) (2.31.0)
Requirement already satisfied: six>=1.13.0 in /home/mx6835/.local/lib/python3.10/site-packages (from wandb==0.12.21->mtl==1.0.0) (1.16.0)
Requirement already satisfied: psutil>=5.0.0 in /home/mx6835/.local/lib/python3.10/site-packages (from wandb==0.12.21->mtl==1.0.0) (5.9.5)
Requirement already satisfied: shortuuid>=0.5.0 in /home/mx6835/.local/lib/python3.10/site-packages (from wandb==0.12.21->mtl==1.0.0) (1.0.13)
Requirement already satisfied: sentry-sdk>=1.0.0 in /home/mx6835/.local/lib/python3.10/site-packages (from wandb==0.12.21->mtl==1.0.0) (1.45.0)
Requirement already satisfied: setuptools in /home/mx6835/.local/lib/python3.10/site-packages (from wandb==0.12.21->mtl==1.0.0) (69.1.0)
Requirement already satisfied: promise<3,>=2.0 in /home/mx6835/.local/lib/python3.10/site-packages (from wandb==0.12.21->mtl==1.0.0) (2.3)
Requirement already satisfied: Click!=8.0.0,>=7.0 in /home/mx6835/.local/lib/python3.10/site-packages (from wandb==0.12.21->mtl==1.0.0) (8.1.7)
Requirement already satisfied: docker-pycreds>=0.4.0 in /home/mx6835/.local/lib/python3.10/site-packages (from wandb==0.12.21->mtl==1.0.0) (0.4.0)
Requirement already satisfied: GitPython>=1.0.0 in /home/mx6835/.local/lib/python3.10/site-packages (from wandb==0.12.21->mtl==1.0.0) (3.1.43)
Requirement already satisfied: PyYAML in /home/mx6835/.local/lib/python3.10/site-packages (from wandb==0.12.21->mtl==1.0.0) (6.0.1)
Requirement already satisfied: protobuf<4.0dev,>=3.12.0 in /home/mx6835/.local/lib/python3.10/site-packages (from wandb==0.12.21->mtl==1.0.0) (3.20.3)
Requirement already satisfied: setproctitle in /home/mx6835/.local/lib/python3.10/site-packages (from wandb==0.12.21->mtl==1.0.0) (1.3.3)
Requirement already satisfied: cycler>=0.10 in /home/mx6835/.local/lib/python3.10/site-packages (from matplotlib>=3.2.1->mtl==1.0.0) (0.12.1)
Requirement already satisfied: fonttools>=4.22.0 in /home/mx6835/.local/lib/python3.10/site-packages (from matplotlib>=3.2.1->mtl==1.0.0) (4.43.1)
Requirement already satisfied: python-dateutil>=2.7 in /home/mx6835/.local/lib/python3.10/site-packages (from matplotlib>=3.2.1->mtl==1.0.0) (2.8.2)
Requirement already satisfied: kiwisolver>=1.0.1 in /home/mx6835/.local/lib/python3.10/site-packages (from matplotlib>=3.2.1->mtl==1.0.0) (1.4.5)
Requirement already satisfied: pyparsing>=2.3.1 in /home/mx6835/.local/lib/python3.10/site-packages (from matplotlib>=3.2.1->mtl==1.0.0) (3.1.1)
Requirement already satisfied: packaging>=20.0 in /home/mx6835/.local/lib/python3.10/site-packages (from matplotlib>=3.2.1->mtl==1.0.0) (23.1)
Requirement already satisfied: contourpy>=1.0.1 in /home/mx6835/.local/lib/python3.10/site-packages (from matplotlib>=3.2.1->mtl==1.0.0) (1.1.1)
Requirement already satisfied: pillow>=6.2.0 in /home/mx6835/.local/lib/python3.10/site-packages (from matplotlib>=3.2.1->mtl==1.0.0) (10.1.0)
Requirement already satisfied: ecos>=2 in /home/mx6835/.local/lib/python3.10/site-packages (from cvxpy->mtl==1.0.0) (2.0.13)
Requirement already satisfied: osqp>=0.6.2 in /home/mx6835/.local/lib/python3.10/site-packages (from cvxpy->mtl==1.0.0) (0.6.5)
Requirement already satisfied: scs>=3.0 in /home/mx6835/.local/lib/python3.10/site-packages (from cvxpy->mtl==1.0.0) (3.2.4.post1)
Requirement already satisfied: scipy>=1.1.0 in /home/mx6835/.local/lib/python3.10/site-packages (from cvxpy->mtl==1.0.0) (1.11.2)
Requirement already satisfied: pybind11 in /home/mx6835/.local/lib/python3.10/site-packages (from cvxpy->mtl==1.0.0) (2.12.0)
Requirement already satisfied: clarabel>=0.5.0 in /home/mx6835/.local/lib/python3.10/site-packages (from cvxpy->mtl==1.0.0) (0.7.1)
Requirement already satisfied: pytz>=2020.1 in /home/mx6835/.local/lib/python3.10/site-packages (from pandas->mtl==1.0.0) (2023.3)
Requirement already satisfied: tzdata>=2022.1 in /home/mx6835/.local/lib/python3.10/site-packages (from pandas->mtl==1.0.0) (2023.3)
Requirement already satisfied: tenacity>=6.2.0 in /home/mx6835/.local/lib/python3.10/site-packages (from plotly->mtl==1.0.0) (8.2.3)
Requirement already satisfied: threadpoolctl>=2.0.0 in /home/mx6835/.local/lib/python3.10/site-packages (from scikit-learn->mtl==1.0.0) (3.2.0)
Requirement already satisfied: joblib>=0.11 in /home/mx6835/.local/lib/python3.10/site-packages (from scikit-learn->mtl==1.0.0) (1.3.2)
Requirement already satisfied: aiohttp in /home/mx6835/.local/lib/python3.10/site-packages (from torch_geometric->mtl==1.0.0) (3.8.5)
Requirement already satisfied: jinja2 in /home/mx6835/.local/lib/python3.10/site-packages (from torch_geometric->mtl==1.0.0) (3.1.2)
Requirement already satisfied: fsspec in /home/mx6835/.local/lib/python3.10/site-packages (from torch_geometric->mtl==1.0.0) (2023.6.0)
Requirement already satisfied: gitdb<5,>=4.0.1 in /home/mx6835/.local/lib/python3.10/site-packages (from GitPython>=1.0.0->wandb==0.12.21->mtl==1.0.0) (4.0.11)
Requirement already satisfied: qdldl in /home/mx6835/.local/lib/python3.10/site-packages (from osqp>=0.6.2->cvxpy->mtl==1.0.0) (0.1.7.post1)
Requirement already satisfied: idna<4,>=2.5 in /home/mx6835/.local/lib/python3.10/site-packages (from requests<3,>=2.0.0->wandb==0.12.21->mtl==1.0.0) (3.4)
Requirement already satisfied: charset-normalizer<4,>=2 in /home/mx6835/.local/lib/python3.10/site-packages (from requests<3,>=2.0.0->wandb==0.12.21->mtl==1.0.0) (3.2.0)
Requirement already satisfied: certifi>=2017.4.17 in /home/mx6835/.local/lib/python3.10/site-packages (from requests<3,>=2.0.0->wandb==0.12.21->mtl==1.0.0) (2023.7.22)
Requirement already satisfied: urllib3<3,>=1.21.1 in /home/mx6835/.local/lib/python3.10/site-packages (from requests<3,>=2.0.0->wandb==0.12.21->mtl==1.0.0) (2.0.4)
Requirement already satisfied: yarl<2.0,>=1.0 in /home/mx6835/.local/lib/python3.10/site-packages (from aiohttp->torch_geometric->mtl==1.0.0) (1.9.2)
Requirement already satisfied: async-timeout<5.0,>=4.0.0a3 in /home/mx6835/.local/lib/python3.10/site-packages (from aiohttp->torch_geometric->mtl==1.0.0) (4.0.3)
Requirement already satisfied: attrs>=17.3.0 in /home/mx6835/.local/lib/python3.10/site-packages (from aiohttp->torch_geometric->mtl==1.0.0) (23.1.0)
Requirement already satisfied: multidict<7.0,>=4.5 in /home/mx6835/.local/lib/python3.10/site-packages (from aiohttp->torch_geometric->mtl==1.0.0) (6.0.4)
Requirement already satisfied: frozenlist>=1.1.1 in /home/mx6835/.local/lib/python3.10/site-packages (from aiohttp->torch_geometric->mtl==1.0.0) (1.4.0)
Requirement already satisfied: aiosignal>=1.1.2 in /home/mx6835/.local/lib/python3.10/site-packages (from aiohttp->torch_geometric->mtl==1.0.0) (1.3.1)
Requirement already satisfied: MarkupSafe>=2.0 in /home/mx6835/.local/lib/python3.10/site-packages (from jinja2->torch_geometric->mtl==1.0.0) (2.1.3)
Requirement already satisfied: smmap<6,>=3.0.1 in /home/mx6835/.local/lib/python3.10/site-packages (from gitdb<5,>=4.0.1->GitPython>=1.0.0->wandb==0.12.21->mtl==1.0.0) (5.0.1)
Installing collected packages: mtl
  Attempting uninstall: mtl
    Found existing installation: mtl 1.0.0
    Uninstalling mtl-1.0.0:
      Successfully uninstalled mtl-1.0.0
  Running setup.py develop for mtl
Successfully installed mtl-1.0.0
LOSS FORMAT: SEMANTIC_LOSS MEAN_IOU PIX_ACC | DEPTH_LOSS ABS_ERR REL_ERR | NORMAL_LOSS MEAN MED <11.25 <22.5 <30 | ∆m (test)
Epoch: 0000 | lr=0.0001 | epoch lenth=398 | train time: 361.185 s | method mgda | TRAIN: 2.0887 0.0563 0.2886 | 0.8895 0.8895 0.4133 | 0.3477 45.4112 43.7528 0.0438 0.1706 0.2859 || TEST: 1.9771 0.0689 0.3304 | 0.8615 0.8615 0.3458 | 0.3027 42.1267 41.3825 0.0531 0.1962 0.3154 | 63.164
LOSS FORMAT: SEMANTIC_LOSS MEAN_IOU PIX_ACC | DEPTH_LOSS ABS_ERR REL_ERR | NORMAL_LOSS MEAN MED <11.25 <22.5 <30 | ∆m (test)
Epoch: 0001 | lr=0.0001 | epoch lenth=398 | train time: 198.816 s | method mgda | TRAIN: 1.9421 0.0714 0.3324 | 0.8442 0.8442 0.3965 | 0.2948 41.1366 39.4268 0.0610 0.2237 0.3496 || TEST: 1.8975 0.0790 0.3455 | 0.8942 0.8942 0.3266 | 0.2720 38.9709 37.0867 0.0802 0.2653 0.3904 | 54.943
LOSS FORMAT: SEMANTIC_LOSS MEAN_IOU PIX_ACC | DEPTH_LOSS ABS_ERR REL_ERR | NORMAL_LOSS MEAN MED <11.25 <22.5 <30 | ∆m (test)
Epoch: 0002 | lr=0.0001 | epoch lenth=398 | train time: 196.585 s | method mgda | TRAIN: 1.8878 0.0795 0.3503 | 0.8204 0.8204 0.3870 | 0.2831 40.0221 38.1691 0.0699 0.2443 0.3710 || TEST: 1.9682 0.0819 0.3472 | 1.1578 1.1578 0.3789 | 0.2817 39.4956 36.7490 0.0824 0.2705 0.3981 | 60.987
LOSS FORMAT: SEMANTIC_LOSS MEAN_IOU PIX_ACC | DEPTH_LOSS ABS_ERR REL_ERR | NORMAL_LOSS MEAN MED <11.25 <22.5 <30 | ∆m (test)
Epoch: 0003 | lr=0.0001 | epoch lenth=398 | train time: 195.299 s | method mgda | TRAIN: 1.8696 0.0833 0.3573 | 0.8246 0.8246 0.3847 | 0.2769 39.3966 37.4294 0.0783 0.2562 0.3829 || TEST: 1.8278 0.0924 0.3850 | 0.8737 0.8737 0.3236 | 0.2573 37.7453 36.1500 0.0943 0.2767 0.4017 | 51.399
LOSS FORMAT: SEMANTIC_LOSS MEAN_IOU PIX_ACC | DEPTH_LOSS ABS_ERR REL_ERR | NORMAL_LOSS MEAN MED <11.25 <22.5 <30 | ∆m (test)
Epoch: 0004 | lr=0.0001 | epoch lenth=398 | train time: 196.145 s | method mgda | TRAIN: 1.8419 0.0897 0.3788 | 0.8132 0.8132 0.3858 | 0.2680 38.5622 36.3836 0.0851 0.2710 0.3995 || TEST: 1.8042 0.0956 0.3874 | 0.7914 0.7914 0.3328 | 0.2422 36.0264 33.7323 0.1204 0.3168 0.4415 | 45.738
LOSS FORMAT: SEMANTIC_LOSS MEAN_IOU PIX_ACC | DEPTH_LOSS ABS_ERR REL_ERR | NORMAL_LOSS MEAN MED <11.25 <22.5 <30 | ∆m (test)
Epoch: 0005 | lr=0.0001 | epoch lenth=398 | train time: 199.356 s | method mgda | TRAIN: 1.8376 0.0920 0.3806 | 0.7816 0.7816 0.3668 | 0.2632 37.9963 35.6129 0.0940 0.2849 0.4137 || TEST: 1.7615 0.0979 0.3976 | 0.8035 0.8035 0.3143 | 0.2419 35.9303 33.4306 0.1229 0.3203 0.4463 | 44.498
LOSS FORMAT: SEMANTIC_LOSS MEAN_IOU PIX_ACC | DEPTH_LOSS ABS_ERR REL_ERR | NORMAL_LOSS MEAN MED <11.25 <22.5 <30 | ∆m (test)
Epoch: 0006 | lr=0.0001 | epoch lenth=398 | train time: 196.465 s | method mgda | TRAIN: 1.7917 0.0956 0.3894 | 0.8038 0.8038 0.3706 | 0.2558 37.2376 34.5011 0.1019 0.3015 0.4310 || TEST: 1.7229 0.1075 0.4158 | 0.9721 0.9721 0.3233 | 0.2323 34.7114 31.8809 0.1531 0.3512 0.4723 | 43.466
LOSS FORMAT: SEMANTIC_LOSS MEAN_IOU PIX_ACC | DEPTH_LOSS ABS_ERR REL_ERR | NORMAL_LOSS MEAN MED <11.25 <22.5 <30 | ∆m (test)
Epoch: 0007 | lr=0.0001 | epoch lenth=398 | train time: 195.175 s | method mgda | TRAIN: 1.7804 0.1020 0.4010 | 0.8075 0.8075 0.3710 | 0.2498 36.6229 33.9403 0.1133 0.3115 0.4401 || TEST: 1.7703 0.1039 0.4016 | 0.7871 0.7871 0.3058 | 0.2277 34.6668 32.4095 0.1382 0.3368 0.4620 | 41.355
LOSS FORMAT: SEMANTIC_LOSS MEAN_IOU PIX_ACC | DEPTH_LOSS ABS_ERR REL_ERR | NORMAL_LOSS MEAN MED <11.25 <22.5 <30 | ∆m (test)
Epoch: 0008 | lr=0.0001 | epoch lenth=398 | train time: 194.954 s | method mgda | TRAIN: 1.7874 0.0996 0.3942 | 0.7713 0.7713 0.3542 | 0.2461 36.1654 33.3456 0.1233 0.3217 0.4499 || TEST: 1.7287 0.1020 0.4073 | 0.9018 0.9018 0.3123 | 0.2373 35.7895 32.6763 0.0976 0.3142 0.4549 | 46.164
LOSS FORMAT: SEMANTIC_LOSS MEAN_IOU PIX_ACC | DEPTH_LOSS ABS_ERR REL_ERR | NORMAL_LOSS MEAN MED <11.25 <22.5 <30 | ∆m (test)
Epoch: 0009 | lr=0.0001 | epoch lenth=398 | train time: 195.729 s | method mgda | TRAIN: 1.7311 0.1021 0.4088 | 0.7924 0.7924 0.3575 | 0.2408 35.6291 32.5759 0.1296 0.3334 0.4617 || TEST: 1.6717 0.1221 0.4224 | 0.7857 0.7857 0.3085 | 0.2133 32.8544 29.4487 0.1706 0.3837 0.5108 | 35.147
LOSS FORMAT: SEMANTIC_LOSS MEAN_IOU PIX_ACC | DEPTH_LOSS ABS_ERR REL_ERR | NORMAL_LOSS MEAN MED <11.25 <22.5 <30 | ∆m (test)
Epoch: 0010 | lr=0.0001 | epoch lenth=398 | train time: 195.237 s | method mgda | TRAIN: 1.7016 0.1159 0.4217 | 0.7715 0.7715 0.3518 | 0.2343 34.9326 31.7086 0.1393 0.3482 0.4771 || TEST: 1.7137 0.1087 0.4071 | 0.9769 0.9769 0.3288 | 0.2204 33.5643 30.3736 0.1625 0.3697 0.4968 | 41.402
LOSS FORMAT: SEMANTIC_LOSS MEAN_IOU PIX_ACC | DEPTH_LOSS ABS_ERR REL_ERR | NORMAL_LOSS MEAN MED <11.25 <22.5 <30 | ∆m (test)
Epoch: 0011 | lr=0.0001 | epoch lenth=398 | train time: 197.125 s | method mgda | TRAIN: 1.7057 0.1082 0.4150 | 0.7619 0.7619 0.3520 | 0.2307 34.5459 31.1731 0.1453 0.3574 0.4854 || TEST: 1.6436 0.1191 0.4304 | 0.8247 0.8247 0.2953 | 0.2152 33.2736 29.9288 0.1503 0.3730 0.5045 | 36.726
LOSS FORMAT: SEMANTIC_LOSS MEAN_IOU PIX_ACC | DEPTH_LOSS ABS_ERR REL_ERR | NORMAL_LOSS MEAN MED <11.25 <22.5 <30 | ∆m (test)
Epoch: 0012 | lr=0.0001 | epoch lenth=398 | train time: 200.932 s | method mgda | TRAIN: 1.6986 0.1142 0.4259 | 0.7724 0.7724 0.3444 | 0.2313 34.5602 31.0882 0.1457 0.3577 0.4864 || TEST: 1.7165 0.1140 0.4153 | 0.8095 0.8095 0.2965 | 0.2120 32.8905 29.6847 0.1626 0.3763 0.5078 | 36.051
LOSS FORMAT: SEMANTIC_LOSS MEAN_IOU PIX_ACC | DEPTH_LOSS ABS_ERR REL_ERR | NORMAL_LOSS MEAN MED <11.25 <22.5 <30 | ∆m (test)
Epoch: 0013 | lr=0.0001 | epoch lenth=398 | train time: 198.504 s | method mgda | TRAIN: 1.7055 0.1110 0.4184 | 0.7582 0.7582 0.3482 | 0.2264 34.0645 30.4513 0.1530 0.3674 0.4957 || TEST: 1.7069 0.1107 0.4175 | 0.7348 0.7348 0.2959 | 0.2047 31.9425 28.4368 0.1878 0.4028 0.5272 | 31.960
LOSS FORMAT: SEMANTIC_LOSS MEAN_IOU PIX_ACC | DEPTH_LOSS ABS_ERR REL_ERR | NORMAL_LOSS MEAN MED <11.25 <22.5 <30 | ∆m (test)
Epoch: 0014 | lr=0.0001 | epoch lenth=398 | train time: 199.758 s | method mgda | TRAIN: 1.7095 0.1127 0.4178 | 0.7438 0.7438 0.3403 | 0.2256 33.9659 30.2772 0.1549 0.3695 0.4986 || TEST: 1.6620 0.1285 0.4204 | 0.7949 0.7949 0.3291 | 0.2095 32.6665 28.9556 0.1557 0.3859 0.5209 | 35.943
LOSS FORMAT: SEMANTIC_LOSS MEAN_IOU PIX_ACC | DEPTH_LOSS ABS_ERR REL_ERR | NORMAL_LOSS MEAN MED <11.25 <22.5 <30 | ∆m (test)
Epoch: 0015 | lr=0.0001 | epoch lenth=398 | train time: 199.987 s | method mgda | TRAIN: 1.6715 0.1259 0.4275 | 0.7260 0.7260 0.3348 | 0.2203 33.4732 29.7678 0.1596 0.3768 0.5067 || TEST: 1.5898 0.1266 0.4506 | 0.7694 0.7694 0.2880 | 0.2039 31.4741 27.0784 0.2028 0.4250 0.5488 | 28.847
LOSS FORMAT: SEMANTIC_LOSS MEAN_IOU PIX_ACC | DEPTH_LOSS ABS_ERR REL_ERR | NORMAL_LOSS MEAN MED <11.25 <22.5 <30 | ∆m (test)
Epoch: 0016 | lr=0.0001 | epoch lenth=398 | train time: 288.885 s | method mgda | TRAIN: 1.6464 0.1246 0.4472 | 0.7411 0.7411 0.3375 | 0.2163 33.0422 29.1854 0.1661 0.3871 0.5170 || TEST: 1.6139 0.1228 0.4433 | 1.0244 1.0244 0.3382 | 0.1963 30.8667 26.5007 0.2042 0.4325 0.5593 | 34.320
LOSS FORMAT: SEMANTIC_LOSS MEAN_IOU PIX_ACC | DEPTH_LOSS ABS_ERR REL_ERR | NORMAL_LOSS MEAN MED <11.25 <22.5 <30 | ∆m (test)
Epoch: 0017 | lr=0.0001 | epoch lenth=398 | train time: 198.976 s | method mgda | TRAIN: 1.6286 0.1239 0.4469 | 0.7372 0.7372 0.3202 | 0.2120 32.5977 28.7482 0.1737 0.3942 0.5245 || TEST: 1.5778 0.1450 0.4644 | 0.7848 0.7848 0.3198 | 0.2015 31.5473 27.5954 0.1906 0.4148 0.5414 | 30.699
LOSS FORMAT: SEMANTIC_LOSS MEAN_IOU PIX_ACC | DEPTH_LOSS ABS_ERR REL_ERR | NORMAL_LOSS MEAN MED <11.25 <22.5 <30 | ∆m (test)
Epoch: 0018 | lr=0.0001 | epoch lenth=398 | train time: 199.828 s | method mgda | TRAIN: 1.6617 0.1321 0.4470 | 0.7369 0.7369 0.3324 | 0.2143 32.7626 28.8059 0.1729 0.3940 0.5237 || TEST: 1.6246 0.1292 0.4441 | 0.7582 0.7582 0.2873 | 0.1956 31.0912 27.0616 0.1862 0.4199 0.5519 | 29.157
LOSS FORMAT: SEMANTIC_LOSS MEAN_IOU PIX_ACC | DEPTH_LOSS ABS_ERR REL_ERR | NORMAL_LOSS MEAN MED <11.25 <22.5 <30 | ∆m (test)
Epoch: 0019 | lr=0.0001 | epoch lenth=398 | train time: 197.986 s | method mgda | TRAIN: 1.6269 0.1286 0.4471 | 0.7311 0.7311 0.3345 | 0.2115 32.4862 28.4744 0.1750 0.3987 0.5293 || TEST: 1.5882 0.1335 0.4526 | 0.8329 0.8329 0.2846 | 0.1874 30.4460 26.7933 0.1907 0.4241 0.5572 | 29.233
LOSS FORMAT: SEMANTIC_LOSS MEAN_IOU PIX_ACC | DEPTH_LOSS ABS_ERR REL_ERR | NORMAL_LOSS MEAN MED <11.25 <22.5 <30 | ∆m (test)
Epoch: 0020 | lr=0.0001 | epoch lenth=398 | train time: 195.684 s | method mgda | TRAIN: 1.6182 0.1293 0.4523 | 0.7256 0.7256 0.3226 | 0.2096 32.3257 28.2947 0.1756 0.4016 0.5330 || TEST: 1.5532 0.1304 0.4608 | 0.7966 0.7966 0.2793 | 0.1864 29.9443 25.6109 0.2124 0.4489 0.5758 | 25.880
LOSS FORMAT: SEMANTIC_LOSS MEAN_IOU PIX_ACC | DEPTH_LOSS ABS_ERR REL_ERR | NORMAL_LOSS MEAN MED <11.25 <22.5 <30 | ∆m (test)
Epoch: 0021 | lr=0.0001 | epoch lenth=398 | train time: 199.814 s | method mgda | TRAIN: 1.5810 0.1315 0.4611 | 0.7157 0.7157 0.3354 | 0.2060 31.9258 27.7373 0.1815 0.4116 0.5422 || TEST: 1.6714 0.1222 0.4276 | 0.7981 0.7981 0.2904 | 0.1834 29.7434 25.4646 0.2105 0.4493 0.5792 | 26.999
LOSS FORMAT: SEMANTIC_LOSS MEAN_IOU PIX_ACC | DEPTH_LOSS ABS_ERR REL_ERR | NORMAL_LOSS MEAN MED <11.25 <22.5 <30 | ∆m (test)
Epoch: 0022 | lr=0.0001 | epoch lenth=398 | train time: 198.299 s | method mgda | TRAIN: 1.5884 0.1258 0.4443 | 0.7129 0.7129 0.3227 | 0.2046 31.8113 27.6392 0.1829 0.4110 0.5433 || TEST: 1.5476 0.1354 0.4710 | 0.8863 0.8863 0.3085 | 0.1857 30.0096 25.8107 0.2046 0.4434 0.5745 | 28.758
LOSS FORMAT: SEMANTIC_LOSS MEAN_IOU PIX_ACC | DEPTH_LOSS ABS_ERR REL_ERR | NORMAL_LOSS MEAN MED <11.25 <22.5 <30 | ∆m (test)
Epoch: 0023 | lr=0.0001 | epoch lenth=398 | train time: 198.402 s | method mgda | TRAIN: 1.5788 0.1351 0.4690 | 0.7104 0.7104 0.3239 | 0.2000 31.3283 27.0329 0.1892 0.4223 0.5535 || TEST: 1.5621 0.1357 0.4666 | 0.7719 0.7719 0.2935 | 0.1876 30.1903 26.1343 0.2055 0.4383 0.5672 | 26.796
LOSS FORMAT: SEMANTIC_LOSS MEAN_IOU PIX_ACC | DEPTH_LOSS ABS_ERR REL_ERR | NORMAL_LOSS MEAN MED <11.25 <22.5 <30 | ∆m (test)
Epoch: 0024 | lr=0.0001 | epoch lenth=398 | train time: 198.693 s | method mgda | TRAIN: 1.5523 0.1364 0.4690 | 0.7189 0.7189 0.3401 | 0.2013 31.4265 27.1020 0.1886 0.4215 0.5530 || TEST: 1.5754 0.1409 0.4555 | 0.7472 0.7472 0.2921 | 0.1831 29.7908 25.6018 0.2054 0.4459 0.5777 | 25.578
LOSS FORMAT: SEMANTIC_LOSS MEAN_IOU PIX_ACC | DEPTH_LOSS ABS_ERR REL_ERR | NORMAL_LOSS MEAN MED <11.25 <22.5 <30 | ∆m (test)
Epoch: 0025 | lr=0.0001 | epoch lenth=398 | train time: 198.972 s | method mgda | TRAIN: 1.5598 0.1397 0.4655 | 0.6875 0.6875 0.3135 | 0.1965 30.9470 26.5903 0.1964 0.4291 0.5601 || TEST: 1.6115 0.1214 0.4352 | 0.7843 0.7843 0.2805 | 0.1838 29.8943 25.6317 0.1994 0.4463 0.5787 | 26.904
LOSS FORMAT: SEMANTIC_LOSS MEAN_IOU PIX_ACC | DEPTH_LOSS ABS_ERR REL_ERR | NORMAL_LOSS MEAN MED <11.25 <22.5 <30 | ∆m (test)
Epoch: 0026 | lr=0.0001 | epoch lenth=398 | train time: 196.469 s | method mgda | TRAIN: 1.5625 0.1335 0.4564 | 0.7034 0.7034 0.3133 | 0.1934 30.6640 26.2594 0.1972 0.4357 0.5673 || TEST: 1.5221 0.1539 0.4812 | 0.8029 0.8029 0.2808 | 0.1773 28.9722 24.1740 0.2223 0.4736 0.6018 | 22.483
LOSS FORMAT: SEMANTIC_LOSS MEAN_IOU PIX_ACC | DEPTH_LOSS ABS_ERR REL_ERR | NORMAL_LOSS MEAN MED <11.25 <22.5 <30 | ∆m (test)
Epoch: 0027 | lr=0.0001 | epoch lenth=398 | train time: 199.137 s | method mgda | TRAIN: 1.5397 0.1506 0.4776 | 0.6950 0.6950 0.3158 | 0.1949 30.7749 26.2716 0.1974 0.4342 0.5657 || TEST: 1.5411 0.1604 0.4688 | 0.7843 0.7843 0.2846 | 0.1813 29.3772 24.8080 0.2199 0.4610 0.5907 | 23.416
LOSS FORMAT: SEMANTIC_LOSS MEAN_IOU PIX_ACC | DEPTH_LOSS ABS_ERR REL_ERR | NORMAL_LOSS MEAN MED <11.25 <22.5 <30 | ∆m (test)
Epoch: 0028 | lr=0.0001 | epoch lenth=398 | train time: 196.300 s | method mgda | TRAIN: 1.5398 0.1553 0.4753 | 0.6948 0.6948 0.3113 | 0.1931 30.5875 26.0960 0.2002 0.4375 0.5705 || TEST: 1.5032 0.1366 0.4789 | 0.7368 0.7368 0.2700 | 0.1771 29.1007 24.6691 0.2155 0.4633 0.5957 | 22.399
LOSS FORMAT: SEMANTIC_LOSS MEAN_IOU PIX_ACC | DEPTH_LOSS ABS_ERR REL_ERR | NORMAL_LOSS MEAN MED <11.25 <22.5 <30 | ∆m (test)
Epoch: 0029 | lr=0.0001 | epoch lenth=398 | train time: 196.058 s | method mgda | TRAIN: 1.5258 0.1460 0.4793 | 0.7016 0.7016 0.3259 | 0.1922 30.4784 25.9619 0.2031 0.4402 0.5714 || TEST: 1.5246 0.1765 0.4741 | 0.6920 0.6920 0.2814 | 0.1735 28.7903 24.3496 0.2176 0.4695 0.6009 | 20.438
LOSS FORMAT: SEMANTIC_LOSS MEAN_IOU PIX_ACC | DEPTH_LOSS ABS_ERR REL_ERR | NORMAL_LOSS MEAN MED <11.25 <22.5 <30 | ∆m (test)
Epoch: 0030 | lr=0.0001 | epoch lenth=398 | train time: 196.827 s | method mgda | TRAIN: 1.5397 0.1638 0.4758 | 0.7028 0.7028 0.3171 | 0.1931 30.5696 26.0674 0.2002 0.4388 0.5713 || TEST: 1.5207 0.1512 0.4724 | 0.7391 0.7391 0.3011 | 0.1774 29.1457 24.7813 0.2175 0.4610 0.5913 | 23.491
LOSS FORMAT: SEMANTIC_LOSS MEAN_IOU PIX_ACC | DEPTH_LOSS ABS_ERR REL_ERR | NORMAL_LOSS MEAN MED <11.25 <22.5 <30 | ∆m (test)
Epoch: 0031 | lr=0.0001 | epoch lenth=398 | train time: 196.640 s | method mgda | TRAIN: 1.5418 0.1508 0.4747 | 0.7187 0.7187 0.3212 | 0.1894 30.1809 25.6356 0.2062 0.4469 0.5787 || TEST: 1.5054 0.1566 0.4798 | 0.8295 0.8295 0.2874 | 0.1757 29.1180 24.8024 0.2072 0.4594 0.5941 | 24.513
LOSS FORMAT: SEMANTIC_LOSS MEAN_IOU PIX_ACC | DEPTH_LOSS ABS_ERR REL_ERR | NORMAL_LOSS MEAN MED <11.25 <22.5 <30 | ∆m (test)
Epoch: 0032 | lr=0.0001 | epoch lenth=398 | train time: 209.162 s | method mgda | TRAIN: 1.5161 0.1551 0.4812 | 0.7060 0.7060 0.3174 | 0.1870 29.9752 25.4216 0.2078 0.4491 0.5823 || TEST: 1.5006 0.1507 0.4894 | 0.7489 0.7489 0.2741 | 0.1746 28.8865 24.6150 0.2212 0.4649 0.5952 | 21.807
LOSS FORMAT: SEMANTIC_LOSS MEAN_IOU PIX_ACC | DEPTH_LOSS ABS_ERR REL_ERR | NORMAL_LOSS MEAN MED <11.25 <22.5 <30 | ∆m (test)
Epoch: 0033 | lr=0.0001 | epoch lenth=398 | train time: 302.163 s | method mgda | TRAIN: 1.5013 0.1544 0.4885 | 0.6989 0.6989 0.3263 | 0.1835 29.5898 25.0168 0.2130 0.4591 0.5918 || TEST: 1.5280 0.1301 0.4707 | 0.8513 0.8513 0.2977 | 0.1739 28.9072 24.5349 0.2120 0.4644 0.5981 | 25.626
LOSS FORMAT: SEMANTIC_LOSS MEAN_IOU PIX_ACC | DEPTH_LOSS ABS_ERR REL_ERR | NORMAL_LOSS MEAN MED <11.25 <22.5 <30 | ∆m (test)
Epoch: 0034 | lr=0.0001 | epoch lenth=398 | train time: 195.206 s | method mgda | TRAIN: 1.5002 0.1444 0.4797 | 0.6790 0.6790 0.3109 | 0.1834 29.5393 24.7868 0.2152 0.4616 0.5931 || TEST: 1.4789 0.1758 0.4886 | 0.7110 0.7110 0.2792 | 0.1762 28.9754 24.5918 0.2195 0.4649 0.5977 | 20.722
LOSS FORMAT: SEMANTIC_LOSS MEAN_IOU PIX_ACC | DEPTH_LOSS ABS_ERR REL_ERR | NORMAL_LOSS MEAN MED <11.25 <22.5 <30 | ∆m (test)
Epoch: 0035 | lr=0.0001 | epoch lenth=398 | train time: 198.549 s | method mgda | TRAIN: 1.4937 0.1697 0.4918 | 0.6700 0.6700 0.3006 | 0.1804 29.2429 24.5442 0.2201 0.4667 0.5975 || TEST: 1.4567 0.1700 0.4970 | 0.7390 0.7390 0.2653 | 0.1710 28.4505 23.8003 0.2225 0.4788 0.6118 | 19.349
LOSS FORMAT: SEMANTIC_LOSS MEAN_IOU PIX_ACC | DEPTH_LOSS ABS_ERR REL_ERR | NORMAL_LOSS MEAN MED <11.25 <22.5 <30 | ∆m (test)
Epoch: 0036 | lr=0.0001 | epoch lenth=398 | train time: 198.785 s | method mgda | TRAIN: 1.4895 0.1714 0.4957 | 0.6757 0.6757 0.3073 | 0.1793 29.1218 24.3442 0.2207 0.4696 0.6021 || TEST: 1.4733 0.1683 0.4972 | 0.6989 0.6989 0.2968 | 0.1676 28.2069 23.8534 0.2257 0.4774 0.6102 | 19.854
LOSS FORMAT: SEMANTIC_LOSS MEAN_IOU PIX_ACC | DEPTH_LOSS ABS_ERR REL_ERR | NORMAL_LOSS MEAN MED <11.25 <22.5 <30 | ∆m (test)
Epoch: 0037 | lr=0.0001 | epoch lenth=398 | train time: 200.020 s | method mgda | TRAIN: 1.4711 0.1688 0.4972 | 0.6720 0.6720 0.3020 | 0.1819 29.4070 24.7122 0.2171 0.4630 0.5948 || TEST: 1.4578 0.1627 0.4902 | 0.7419 0.7419 0.2760 | 0.1727 28.2873 23.2360 0.2409 0.4897 0.6185 | 18.760
LOSS FORMAT: SEMANTIC_LOSS MEAN_IOU PIX_ACC | DEPTH_LOSS ABS_ERR REL_ERR | NORMAL_LOSS MEAN MED <11.25 <22.5 <30 | ∆m (test)
Epoch: 0038 | lr=0.0001 | epoch lenth=398 | train time: 203.209 s | method mgda | TRAIN: 1.4862 0.1633 0.4930 | 0.6851 0.6851 0.3144 | 0.1781 29.0017 24.2377 0.2216 0.4718 0.6045 || TEST: 1.6846 0.1429 0.4464 | 0.7013 0.7013 0.2788 | 0.1695 28.3208 23.7687 0.2255 0.4798 0.6118 | 20.732
LOSS FORMAT: SEMANTIC_LOSS MEAN_IOU PIX_ACC | DEPTH_LOSS ABS_ERR REL_ERR | NORMAL_LOSS MEAN MED <11.25 <22.5 <30 | ∆m (test)
Epoch: 0039 | lr=0.0001 | epoch lenth=398 | train time: 198.838 s | method mgda | TRAIN: 1.4764 0.1590 0.4733 | 0.6637 0.6637 0.2989 | 0.1783 28.9987 24.1804 0.2229 0.4723 0.6044 || TEST: 1.4273 0.1751 0.5078 | 0.7021 0.7021 0.2687 | 0.1691 28.0917 23.2583 0.2364 0.4891 0.6190 | 17.243
LOSS FORMAT: SEMANTIC_LOSS MEAN_IOU PIX_ACC | DEPTH_LOSS ABS_ERR REL_ERR | NORMAL_LOSS MEAN MED <11.25 <22.5 <30 | ∆m (test)
Epoch: 0040 | lr=0.0001 | epoch lenth=398 | train time: 199.593 s | method mgda | TRAIN: 1.4532 0.1708 0.5054 | 0.6502 0.6502 0.2934 | 0.1757 28.7050 23.8086 0.2275 0.4801 0.6120 || TEST: 1.4635 0.1606 0.4981 | 0.7899 0.7899 0.2766 | 0.1639 27.7136 23.0245 0.2337 0.4937 0.6267 | 19.177
LOSS FORMAT: SEMANTIC_LOSS MEAN_IOU PIX_ACC | DEPTH_LOSS ABS_ERR REL_ERR | NORMAL_LOSS MEAN MED <11.25 <22.5 <30 | ∆m (test)
Epoch: 0041 | lr=0.0001 | epoch lenth=398 | train time: 197.421 s | method mgda | TRAIN: 1.4751 0.1725 0.4996 | 0.6762 0.6762 0.3047 | 0.1773 28.9384 24.1587 0.2214 0.4721 0.6055 || TEST: 1.4576 0.1634 0.4983 | 0.7202 0.7202 0.2720 | 0.1677 27.9870 23.1670 0.2365 0.4914 0.6212 | 17.996
LOSS FORMAT: SEMANTIC_LOSS MEAN_IOU PIX_ACC | DEPTH_LOSS ABS_ERR REL_ERR | NORMAL_LOSS MEAN MED <11.25 <22.5 <30 | ∆m (test)
Epoch: 0042 | lr=0.0001 | epoch lenth=398 | train time: 198.518 s | method mgda | TRAIN: 1.4519 0.1725 0.5022 | 0.6701 0.6701 0.3053 | 0.1755 28.6980 23.8403 0.2275 0.4792 0.6115 || TEST: 1.4323 0.1782 0.5086 | 0.7448 0.7448 0.2734 | 0.1728 28.6110 23.9842 0.2213 0.4757 0.6087 | 19.667
LOSS FORMAT: SEMANTIC_LOSS MEAN_IOU PIX_ACC | DEPTH_LOSS ABS_ERR REL_ERR | NORMAL_LOSS MEAN MED <11.25 <22.5 <30 | ∆m (test)
Epoch: 0043 | lr=0.0001 | epoch lenth=398 | train time: 198.068 s | method mgda | TRAIN: 1.4416 0.1823 0.5077 | 0.6624 0.6624 0.2956 | 0.1739 28.5144 23.5240 0.2286 0.4850 0.6164 || TEST: 1.4556 0.1829 0.5029 | 0.6710 0.6710 0.2560 | 0.1618 27.2577 22.2451 0.2529 0.5093 0.6362 | 13.852
LOSS FORMAT: SEMANTIC_LOSS MEAN_IOU PIX_ACC | DEPTH_LOSS ABS_ERR REL_ERR | NORMAL_LOSS MEAN MED <11.25 <22.5 <30 | ∆m (test)
Epoch: 0044 | lr=0.0001 | epoch lenth=398 | train time: 196.334 s | method mgda | TRAIN: 1.4466 0.1846 0.5045 | 0.6695 0.6695 0.3155 | 0.1727 28.4057 23.4284 0.2310 0.4867 0.6188 || TEST: 1.4638 0.1793 0.4954 | 0.7177 0.7177 0.2673 | 0.1668 27.8135 22.8505 0.2415 0.4974 0.6265 | 16.710
LOSS FORMAT: SEMANTIC_LOSS MEAN_IOU PIX_ACC | DEPTH_LOSS ABS_ERR REL_ERR | NORMAL_LOSS MEAN MED <11.25 <22.5 <30 | ∆m (test)
Epoch: 0045 | lr=0.0001 | epoch lenth=398 | train time: 196.203 s | method mgda | TRAIN: 1.4293 0.1809 0.5049 | 0.6578 0.6578 0.2912 | 0.1697 28.0476 22.9793 0.2386 0.4955 0.6255 || TEST: 1.4464 0.1915 0.5045 | 0.7072 0.7072 0.2663 | 0.1676 27.7261 22.4790 0.2511 0.5044 0.6300 | 15.186
LOSS FORMAT: SEMANTIC_LOSS MEAN_IOU PIX_ACC | DEPTH_LOSS ABS_ERR REL_ERR | NORMAL_LOSS MEAN MED <11.25 <22.5 <30 | ∆m (test)
Epoch: 0046 | lr=0.0001 | epoch lenth=398 | train time: 200.810 s | method mgda | TRAIN: 1.4188 0.1925 0.5105 | 0.6540 0.6540 0.2914 | 0.1693 28.0204 22.9438 0.2386 0.4955 0.6261 || TEST: 1.4296 0.1974 0.5068 | 0.6690 0.6690 0.2520 | 0.1625 27.5254 22.7738 0.2396 0.4995 0.6302 | 14.369
LOSS FORMAT: SEMANTIC_LOSS MEAN_IOU PIX_ACC | DEPTH_LOSS ABS_ERR REL_ERR | NORMAL_LOSS MEAN MED <11.25 <22.5 <30 | ∆m (test)
Epoch: 0047 | lr=0.0001 | epoch lenth=398 | train time: 199.465 s | method mgda | TRAIN: 1.4301 0.1956 0.5126 | 0.6378 0.6378 0.2891 | 0.1690 27.9827 22.8939 0.2379 0.4964 0.6292 || TEST: 1.4611 0.1777 0.5015 | 0.7149 0.7149 0.2633 | 0.1633 27.5513 22.6349 0.2395 0.5017 0.6320 | 16.100
LOSS FORMAT: SEMANTIC_LOSS MEAN_IOU PIX_ACC | DEPTH_LOSS ABS_ERR REL_ERR | NORMAL_LOSS MEAN MED <11.25 <22.5 <30 | ∆m (test)
Epoch: 0048 | lr=0.0001 | epoch lenth=398 | train time: 196.377 s | method mgda | TRAIN: 1.4207 0.1875 0.5108 | 0.6516 0.6516 0.2970 | 0.1683 27.8902 22.7665 0.2397 0.5006 0.6312 || TEST: 1.4194 0.1818 0.5137 | 0.6876 0.6876 0.2912 | 0.1631 27.2223 21.9765 0.2588 0.5156 0.6411 | 14.782
LOSS FORMAT: SEMANTIC_LOSS MEAN_IOU PIX_ACC | DEPTH_LOSS ABS_ERR REL_ERR | NORMAL_LOSS MEAN MED <11.25 <22.5 <30 | ∆m (test)
Epoch: 0049 | lr=0.0001 | epoch lenth=398 | train time: 229.384 s | method mgda | TRAIN: 1.4039 0.1976 0.5185 | 0.6319 0.6319 0.2879 | 0.1661 27.6420 22.5054 0.2437 0.5064 0.6364 || TEST: 1.3744 0.2014 0.5235 | 0.6558 0.6558 0.2664 | 0.1582 26.8477 21.7404 0.2589 0.5195 0.6469 | 12.056
LOSS FORMAT: SEMANTIC_LOSS MEAN_IOU PIX_ACC | DEPTH_LOSS ABS_ERR REL_ERR | NORMAL_LOSS MEAN MED <11.25 <22.5 <30 | ∆m (test)
Epoch: 0050 | lr=0.0001 | epoch lenth=398 | train time: 279.577 s | method mgda | TRAIN: 1.4320 0.1982 0.5179 | 0.6547 0.6547 0.2954 | 0.1696 28.0361 22.9297 0.2379 0.4956 0.6269 || TEST: 1.4036 0.2039 0.5296 | 0.7016 0.7016 0.2656 | 0.1672 27.7387 22.6315 0.2481 0.5024 0.6288 | 14.529
LOSS FORMAT: SEMANTIC_LOSS MEAN_IOU PIX_ACC | DEPTH_LOSS ABS_ERR REL_ERR | NORMAL_LOSS MEAN MED <11.25 <22.5 <30 | ∆m (test)
Epoch: 0051 | lr=0.0001 | epoch lenth=398 | train time: 196.934 s | method mgda | TRAIN: 1.3860 0.2042 0.5281 | 0.6358 0.6358 0.2823 | 0.1627 27.3045 22.1334 0.2492 0.5112 0.6418 || TEST: 1.3765 0.2325 0.5300 | 0.6389 0.6389 0.2624 | 0.1591 26.8818 21.7068 0.2609 0.5203 0.6464 | 10.515
LOSS FORMAT: SEMANTIC_LOSS MEAN_IOU PIX_ACC | DEPTH_LOSS ABS_ERR REL_ERR | NORMAL_LOSS MEAN MED <11.25 <22.5 <30 | ∆m (test)
Epoch: 0052 | lr=0.0001 | epoch lenth=398 | train time: 196.303 s | method mgda | TRAIN: 1.3946 0.2219 0.5272 | 0.6214 0.6214 0.2796 | 0.1624 27.2788 22.1205 0.2494 0.5121 0.6425 || TEST: 1.4040 0.1879 0.5122 | 0.6616 0.6616 0.2616 | 0.1574 26.8530 21.9238 0.2556 0.5158 0.6447 | 12.883
LOSS FORMAT: SEMANTIC_LOSS MEAN_IOU PIX_ACC | DEPTH_LOSS ABS_ERR REL_ERR | NORMAL_LOSS MEAN MED <11.25 <22.5 <30 | ∆m (test)
Epoch: 0053 | lr=0.0001 | epoch lenth=398 | train time: 196.551 s | method mgda | TRAIN: 1.4000 0.1961 0.5181 | 0.6302 0.6302 0.2736 | 0.1616 27.1976 22.0564 0.2483 0.5141 0.6456 || TEST: 1.4014 0.1929 0.5191 | 0.6777 0.6777 0.2597 | 0.1609 27.1806 22.1947 0.2505 0.5113 0.6404 | 13.453
LOSS FORMAT: SEMANTIC_LOSS MEAN_IOU PIX_ACC | DEPTH_LOSS ABS_ERR REL_ERR | NORMAL_LOSS MEAN MED <11.25 <22.5 <30 | ∆m (test)
Epoch: 0054 | lr=0.0001 | epoch lenth=398 | train time: 195.958 s | method mgda | TRAIN: 1.4104 0.2029 0.5209 | 0.6333 0.6333 0.2811 | 0.1642 27.4633 22.3064 0.2446 0.5093 0.6411 || TEST: 1.3971 0.2113 0.5260 | 0.6747 0.6747 0.2910 | 0.1587 26.9471 21.9055 0.2537 0.5168 0.6463 | 13.415
LOSS FORMAT: SEMANTIC_LOSS MEAN_IOU PIX_ACC | DEPTH_LOSS ABS_ERR REL_ERR | NORMAL_LOSS MEAN MED <11.25 <22.5 <30 | ∆m (test)
Epoch: 0055 | lr=0.0001 | epoch lenth=398 | train time: 195.805 s | method mgda | TRAIN: 1.3942 0.2084 0.5244 | 0.6165 0.6165 0.2826 | 0.1601 27.0665 21.9542 0.2501 0.5158 0.6476 || TEST: 1.4443 0.1916 0.4963 | 0.7549 0.7549 0.2666 | 0.1574 26.7541 21.6655 0.2609 0.5214 0.6482 | 14.232
LOSS FORMAT: SEMANTIC_LOSS MEAN_IOU PIX_ACC | DEPTH_LOSS ABS_ERR REL_ERR | NORMAL_LOSS MEAN MED <11.25 <22.5 <30 | ∆m (test)
Epoch: 0056 | lr=0.0001 | epoch lenth=398 | train time: 195.052 s | method mgda | TRAIN: 1.3797 0.2024 0.5123 | 0.6417 0.6417 0.2809 | 0.1604 27.0203 21.7761 0.2534 0.5207 0.6500 || TEST: 1.3821 0.2304 0.5230 | 0.6784 0.6784 0.2886 | 0.1596 27.0200 21.8558 0.2514 0.5166 0.6465 | 12.966
LOSS FORMAT: SEMANTIC_LOSS MEAN_IOU PIX_ACC | DEPTH_LOSS ABS_ERR REL_ERR | NORMAL_LOSS MEAN MED <11.25 <22.5 <30 | ∆m (test)
Epoch: 0057 | lr=0.0001 | epoch lenth=398 | train time: 195.453 s | method mgda | TRAIN: 1.3789 0.2206 0.5266 | 0.6141 0.6141 0.2813 | 0.1592 26.8959 21.6624 0.2557 0.5216 0.6522 || TEST: 1.4005 0.1854 0.5146 | 0.6580 0.6580 0.2595 | 0.1595 27.0700 22.1623 0.2525 0.5112 0.6396 | 13.289
LOSS FORMAT: SEMANTIC_LOSS MEAN_IOU PIX_ACC | DEPTH_LOSS ABS_ERR REL_ERR | NORMAL_LOSS MEAN MED <11.25 <22.5 <30 | ∆m (test)
Epoch: 0058 | lr=0.0001 | epoch lenth=398 | train time: 195.747 s | method mgda | TRAIN: 1.3776 0.2016 0.5226 | 0.6157 0.6157 0.2772 | 0.1568 26.7022 21.4782 0.2550 0.5265 0.6570 || TEST: 1.4303 0.2117 0.5127 | 0.6701 0.6701 0.2632 | 0.1576 26.8559 21.7815 0.2534 0.5186 0.6481 | 12.278
LOSS FORMAT: SEMANTIC_LOSS MEAN_IOU PIX_ACC | DEPTH_LOSS ABS_ERR REL_ERR | NORMAL_LOSS MEAN MED <11.25 <22.5 <30 | ∆m (test)
Epoch: 0059 | lr=0.0001 | epoch lenth=398 | train time: 195.968 s | method mgda | TRAIN: 1.3797 0.2175 0.5241 | 0.6289 0.6289 0.2796 | 0.1578 26.7246 21.3646 0.2586 0.5271 0.6567 || TEST: 1.3917 0.2252 0.5277 | 0.6657 0.6657 0.2556 | 0.1582 26.8403 21.6169 0.2585 0.5215 0.6479 | 10.909
LOSS FORMAT: SEMANTIC_LOSS MEAN_IOU PIX_ACC | DEPTH_LOSS ABS_ERR REL_ERR | NORMAL_LOSS MEAN MED <11.25 <22.5 <30 | ∆m (test)
Epoch: 0060 | lr=0.0001 | epoch lenth=398 | train time: 196.521 s | method mgda | TRAIN: 1.3525 0.2288 0.5328 | 0.6146 0.6146 0.2747 | 0.1554 26.4629 21.1417 0.2632 0.5337 0.6629 || TEST: 1.3672 0.2200 0.5389 | 0.6853 0.6853 0.2783 | 0.1575 26.7219 21.5872 0.2632 0.5223 0.6493 | 11.811
LOSS FORMAT: SEMANTIC_LOSS MEAN_IOU PIX_ACC | DEPTH_LOSS ABS_ERR REL_ERR | NORMAL_LOSS MEAN MED <11.25 <22.5 <30 | ∆m (test)
Epoch: 0061 | lr=0.0001 | epoch lenth=398 | train time: 196.623 s | method mgda | TRAIN: 1.3522 0.2248 0.5405 | 0.6219 0.6219 0.2819 | 0.1562 26.5751 21.2621 0.2613 0.5300 0.6591 || TEST: 1.3392 0.2245 0.5410 | 0.6547 0.6547 0.2544 | 0.1555 26.5723 21.4843 0.2638 0.5245 0.6514 | 9.965
LOSS FORMAT: SEMANTIC_LOSS MEAN_IOU PIX_ACC | DEPTH_LOSS ABS_ERR REL_ERR | NORMAL_LOSS MEAN MED <11.25 <22.5 <30 | ∆m (test)
Epoch: 0062 | lr=0.0001 | epoch lenth=398 | train time: 197.479 s | method mgda | TRAIN: 1.3277 0.2286 0.5453 | 0.6085 0.6085 0.2790 | 0.1544 26.3548 21.0883 0.2652 0.5351 0.6646 || TEST: 1.3835 0.2055 0.5264 | 0.6947 0.6947 0.2657 | 0.1596 27.0873 22.0747 0.2490 0.5145 0.6434 | 13.317
LOSS FORMAT: SEMANTIC_LOSS MEAN_IOU PIX_ACC | DEPTH_LOSS ABS_ERR REL_ERR | NORMAL_LOSS MEAN MED <11.25 <22.5 <30 | ∆m (test)
Epoch: 0063 | lr=0.0001 | epoch lenth=398 | train time: 197.283 s | method mgda | TRAIN: 1.3454 0.2153 0.5340 | 0.6176 0.6176 0.2786 | 0.1537 26.2794 20.8915 0.2650 0.5380 0.6669 || TEST: 1.4076 0.1965 0.5115 | 0.7206 0.7206 0.2688 | 0.1588 27.0426 22.1621 0.2506 0.5112 0.6407 | 14.459
LOSS FORMAT: SEMANTIC_LOSS MEAN_IOU PIX_ACC | DEPTH_LOSS ABS_ERR REL_ERR | NORMAL_LOSS MEAN MED <11.25 <22.5 <30 | ∆m (test)
Epoch: 0064 | lr=0.0001 | epoch lenth=398 | train time: 195.579 s | method mgda | TRAIN: 1.3424 0.2148 0.5276 | 0.6112 0.6112 0.2766 | 0.1539 26.2792 20.9628 0.2669 0.5378 0.6659 || TEST: 1.3479 0.2376 0.5340 | 0.6592 0.6592 0.2483 | 0.1570 26.5381 21.0289 0.2706 0.5326 0.6562 | 8.767
LOSS FORMAT: SEMANTIC_LOSS MEAN_IOU PIX_ACC | DEPTH_LOSS ABS_ERR REL_ERR | NORMAL_LOSS MEAN MED <11.25 <22.5 <30 | ∆m (test)
Epoch: 0065 | lr=0.0001 | epoch lenth=398 | train time: 195.571 s | method mgda | TRAIN: 1.3349 0.2366 0.5393 | 0.6198 0.6198 0.2817 | 0.1503 25.9126 20.5786 0.2720 0.5456 0.6736 || TEST: 1.3569 0.2093 0.5313 | 0.7197 0.7197 0.2627 | 0.1557 26.5039 21.2373 0.2671 0.5296 0.6551 | 11.513
LOSS FORMAT: SEMANTIC_LOSS MEAN_IOU PIX_ACC | DEPTH_LOSS ABS_ERR REL_ERR | NORMAL_LOSS MEAN MED <11.25 <22.5 <30 | ∆m (test)
Epoch: 0066 | lr=0.0001 | epoch lenth=398 | train time: 195.573 s | method mgda | TRAIN: 1.3324 0.2229 0.5388 | 0.6056 0.6056 0.2780 | 0.1518 26.0183 20.6156 0.2728 0.5447 0.6718 || TEST: 1.4109 0.2309 0.5219 | 0.8068 0.8068 0.3625 | 0.1616 27.3407 22.3398 0.2411 0.5081 0.6391 | 19.117
LOSS FORMAT: SEMANTIC_LOSS MEAN_IOU PIX_ACC | DEPTH_LOSS ABS_ERR REL_ERR | NORMAL_LOSS MEAN MED <11.25 <22.5 <30 | ∆m (test)
Epoch: 0067 | lr=0.0001 | epoch lenth=398 | train time: 210.607 s | method mgda | TRAIN: 1.3445 0.2309 0.5323 | 0.6049 0.6049 0.2761 | 0.1518 26.0392 20.6258 0.2702 0.5451 0.6727 || TEST: 1.3577 0.2166 0.5353 | 0.8868 0.8868 0.2952 | 0.1575 26.8003 21.6250 0.2560 0.5217 0.6505 | 16.277
LOSS FORMAT: SEMANTIC_LOSS MEAN_IOU PIX_ACC | DEPTH_LOSS ABS_ERR REL_ERR | NORMAL_LOSS MEAN MED <11.25 <22.5 <30 | ∆m (test)
Epoch: 0068 | lr=0.0001 | epoch lenth=398 | train time: 267.430 s | method mgda | TRAIN: 1.3272 0.2323 0.5422 | 0.6045 0.6045 0.2726 | 0.1506 25.9367 20.5254 0.2721 0.5455 0.6728 || TEST: 1.3822 0.2293 0.5316 | 0.6925 0.6925 0.2540 | 0.1552 26.5589 21.3780 0.2601 0.5268 0.6546 | 10.568
LOSS FORMAT: SEMANTIC_LOSS MEAN_IOU PIX_ACC | DEPTH_LOSS ABS_ERR REL_ERR | NORMAL_LOSS MEAN MED <11.25 <22.5 <30 | ∆m (test)
Epoch: 0069 | lr=0.0001 | epoch lenth=398 | train time: 196.971 s | method mgda | TRAIN: 1.3414 0.2355 0.5365 | 0.6065 0.6065 0.2714 | 0.1472 25.5356 20.0772 0.2798 0.5555 0.6815 || TEST: 1.3720 0.2066 0.5279 | 0.6851 0.6851 0.2495 | 0.1526 26.2483 21.0555 0.2675 0.5337 0.6605 | 10.157
LOSS FORMAT: SEMANTIC_LOSS MEAN_IOU PIX_ACC | DEPTH_LOSS ABS_ERR REL_ERR | NORMAL_LOSS MEAN MED <11.25 <22.5 <30 | ∆m (test)
Epoch: 0070 | lr=0.0001 | epoch lenth=398 | train time: 197.417 s | method mgda | TRAIN: 1.3464 0.2266 0.5344 | 0.6106 0.6106 0.2821 | 0.1501 25.8707 20.4737 0.2734 0.5471 0.6747 || TEST: 1.3345 0.2514 0.5517 | 0.6460 0.6460 0.2610 | 0.1560 26.5863 21.4090 0.2630 0.5262 0.6539 | 9.033
LOSS FORMAT: SEMANTIC_LOSS MEAN_IOU PIX_ACC | DEPTH_LOSS ABS_ERR REL_ERR | NORMAL_LOSS MEAN MED <11.25 <22.5 <30 | ∆m (test)
Epoch: 0071 | lr=0.0001 | epoch lenth=398 | train time: 195.129 s | method mgda | TRAIN: 1.3256 0.2464 0.5495 | 0.5701 0.5701 0.2565 | 0.1521 26.0448 20.6065 0.2714 0.5453 0.6722 || TEST: 1.3936 0.2289 0.5228 | 0.7345 0.7345 0.2652 | 0.1597 26.9868 21.8783 0.2572 0.5179 0.6447 | 12.788
LOSS FORMAT: SEMANTIC_LOSS MEAN_IOU PIX_ACC | DEPTH_LOSS ABS_ERR REL_ERR | NORMAL_LOSS MEAN MED <11.25 <22.5 <30 | ∆m (test)
Epoch: 0072 | lr=0.0001 | epoch lenth=398 | train time: 199.910 s | method mgda | TRAIN: 1.3363 0.2373 0.5340 | 0.5642 0.5642 0.2571 | 0.1471 25.5906 20.2069 0.2756 0.5530 0.6810 || TEST: 1.3319 0.2455 0.5472 | 0.6378 0.6378 0.2665 | 0.1501 25.9265 20.6266 0.2728 0.5425 0.6689 | 7.700
LOSS FORMAT: SEMANTIC_LOSS MEAN_IOU PIX_ACC | DEPTH_LOSS ABS_ERR REL_ERR | NORMAL_LOSS MEAN MED <11.25 <22.5 <30 | ∆m (test)
Epoch: 0073 | lr=0.0001 | epoch lenth=398 | train time: 195.211 s | method mgda | TRAIN: 1.3182 0.2493 0.5483 | 0.5916 0.5916 0.2692 | 0.1489 25.6920 20.2733 0.2778 0.5531 0.6797 || TEST: 1.3343 0.2344 0.5467 | 0.6597 0.6597 0.2710 | 0.1527 26.2177 20.9241 0.2695 0.5364 0.6619 | 9.226
LOSS FORMAT: SEMANTIC_LOSS MEAN_IOU PIX_ACC | DEPTH_LOSS ABS_ERR REL_ERR | NORMAL_LOSS MEAN MED <11.25 <22.5 <30 | ∆m (test)
Epoch: 0074 | lr=0.0001 | epoch lenth=398 | train time: 194.658 s | method mgda | TRAIN: 1.3031 0.2445 0.5508 | 0.5756 0.5756 0.2650 | 0.1480 25.6472 20.2941 0.2757 0.5524 0.6807 || TEST: 1.3054 0.2465 0.5572 | 0.6945 0.6945 0.2544 | 0.1533 26.1574 20.7311 0.2758 0.5399 0.6643 | 8.122
LOSS FORMAT: SEMANTIC_LOSS MEAN_IOU PIX_ACC | DEPTH_LOSS ABS_ERR REL_ERR | NORMAL_LOSS MEAN MED <11.25 <22.5 <30 | ∆m (test)
Epoch: 0075 | lr=0.0001 | epoch lenth=398 | train time: 194.977 s | method mgda | TRAIN: 1.3014 0.2485 0.5584 | 0.5819 0.5819 0.2604 | 0.1446 25.2310 19.6766 0.2850 0.5651 0.6900 || TEST: 1.3545 0.2488 0.5398 | 0.6643 0.6643 0.2630 | 0.1547 26.2039 20.5794 0.2787 0.5419 0.6646 | 7.995
LOSS FORMAT: SEMANTIC_LOSS MEAN_IOU PIX_ACC | DEPTH_LOSS ABS_ERR REL_ERR | NORMAL_LOSS MEAN MED <11.25 <22.5 <30 | ∆m (test)
Epoch: 0076 | lr=0.0001 | epoch lenth=398 | train time: 195.085 s | method mgda | TRAIN: 1.3136 0.2503 0.5484 | 0.5877 0.5877 0.2698 | 0.1435 25.1107 19.5863 0.2870 0.5663 0.6917 || TEST: 1.3515 0.2352 0.5437 | 0.6646 0.6646 0.2637 | 0.1548 26.4477 21.2239 0.2671 0.5291 0.6555 | 9.656
LOSS FORMAT: SEMANTIC_LOSS MEAN_IOU PIX_ACC | DEPTH_LOSS ABS_ERR REL_ERR | NORMAL_LOSS MEAN MED <11.25 <22.5 <30 | ∆m (test)
Epoch: 0077 | lr=0.0001 | epoch lenth=398 | train time: 195.020 s | method mgda | TRAIN: 1.2850 0.2431 0.5535 | 0.5860 0.5860 0.2639 | 0.1456 25.3301 19.8482 0.2842 0.5620 0.6878 || TEST: 1.3141 0.2302 0.5538 | 0.6222 0.6222 0.2514 | 0.1533 26.2350 20.8908 0.2689 0.5374 0.6636 | 7.793
LOSS FORMAT: SEMANTIC_LOSS MEAN_IOU PIX_ACC | DEPTH_LOSS ABS_ERR REL_ERR | NORMAL_LOSS MEAN MED <11.25 <22.5 <30 | ∆m (test)
Epoch: 0078 | lr=0.0001 | epoch lenth=398 | train time: 195.390 s | method mgda | TRAIN: 1.3201 0.2477 0.5547 | 0.5861 0.5861 0.2607 | 0.1457 25.3598 19.9245 0.2822 0.5612 0.6868 || TEST: 1.3158 0.2764 0.5565 | 0.7471 0.7471 0.2643 | 0.1510 26.0935 20.9351 0.2675 0.5364 0.6649 | 8.986
LOSS FORMAT: SEMANTIC_LOSS MEAN_IOU PIX_ACC | DEPTH_LOSS ABS_ERR REL_ERR | NORMAL_LOSS MEAN MED <11.25 <22.5 <30 | ∆m (test)
Epoch: 0079 | lr=0.0001 | epoch lenth=398 | train time: 196.100 s | method mgda | TRAIN: 1.2645 0.2763 0.5646 | 0.5576 0.5576 0.2540 | 0.1398 24.7405 19.3030 0.2912 0.5743 0.6992 || TEST: 1.2857 0.2548 0.5630 | 0.6441 0.6441 0.2785 | 0.1501 25.9198 20.5136 0.2715 0.5460 0.6721 | 7.604
LOSS FORMAT: SEMANTIC_LOSS MEAN_IOU PIX_ACC | DEPTH_LOSS ABS_ERR REL_ERR | NORMAL_LOSS MEAN MED <11.25 <22.5 <30 | ∆m (test)
Epoch: 0080 | lr=0.0001 | epoch lenth=398 | train time: 196.816 s | method mgda | TRAIN: 1.3084 0.2529 0.5581 | 0.5975 0.5975 0.2603 | 0.1401 24.7287 19.1980 0.2939 0.5773 0.7005 || TEST: 1.3212 0.2464 0.5491 | 0.7103 0.7103 0.2564 | 0.1502 25.9589 20.6891 0.2729 0.5422 0.6675 | 8.510
LOSS FORMAT: SEMANTIC_LOSS MEAN_IOU PIX_ACC | DEPTH_LOSS ABS_ERR REL_ERR | NORMAL_LOSS MEAN MED <11.25 <22.5 <30 | ∆m (test)
Epoch: 0081 | lr=0.0001 | epoch lenth=398 | train time: 195.899 s | method mgda | TRAIN: 1.2668 0.2567 0.5602 | 0.5688 0.5688 0.2591 | 0.1415 24.9179 19.4909 0.2899 0.5706 0.6957 || TEST: 1.3065 0.2410 0.5513 | 0.6398 0.6398 0.2609 | 0.1534 26.1489 20.7131 0.2763 0.5410 0.6652 | 7.680
LOSS FORMAT: SEMANTIC_LOSS MEAN_IOU PIX_ACC | DEPTH_LOSS ABS_ERR REL_ERR | NORMAL_LOSS MEAN MED <11.25 <22.5 <30 | ∆m (test)
Epoch: 0082 | lr=0.0001 | epoch lenth=398 | train time: 195.480 s | method mgda | TRAIN: 1.2888 0.2512 0.5555 | 0.5652 0.5652 0.2606 | 0.1394 24.6337 19.0559 0.2956 0.5790 0.7023 || TEST: 1.3290 0.2388 0.5482 | 0.6527 0.6527 0.2815 | 0.1493 25.8667 20.5620 0.2740 0.5434 0.6698 | 8.582
LOSS FORMAT: SEMANTIC_LOSS MEAN_IOU PIX_ACC | DEPTH_LOSS ABS_ERR REL_ERR | NORMAL_LOSS MEAN MED <11.25 <22.5 <30 | ∆m (test)
Epoch: 0083 | lr=0.0001 | epoch lenth=398 | train time: 195.661 s | method mgda | TRAIN: 1.3065 0.2483 0.5533 | 0.5774 0.5774 0.2581 | 0.1409 24.8139 19.3216 0.2933 0.5731 0.6988 || TEST: 1.3116 0.2611 0.5512 | 0.6225 0.6225 0.2496 | 0.1487 25.7365 20.4100 0.2788 0.5484 0.6729 | 5.643
LOSS FORMAT: SEMANTIC_LOSS MEAN_IOU PIX_ACC | DEPTH_LOSS ABS_ERR REL_ERR | NORMAL_LOSS MEAN MED <11.25 <22.5 <30 | ∆m (test)
Epoch: 0084 | lr=0.0001 | epoch lenth=398 | train time: 196.640 s | method mgda | TRAIN: 1.2784 0.2633 0.5596 | 0.5850 0.5850 0.2607 | 0.1392 24.6456 19.1277 0.2946 0.5768 0.7018 || TEST: 1.3293 0.2558 0.5545 | 0.6947 0.6947 0.3025 | 0.1496 25.6931 20.0920 0.2832 0.5543 0.6774 | 8.490
LOSS FORMAT: SEMANTIC_LOSS MEAN_IOU PIX_ACC | DEPTH_LOSS ABS_ERR REL_ERR | NORMAL_LOSS MEAN MED <11.25 <22.5 <30 | ∆m (test)
Epoch: 0085 | lr=0.0001 | epoch lenth=398 | train time: 207.375 s | method mgda | TRAIN: 1.2669 0.2596 0.5640 | 0.5715 0.5715 0.2550 | 0.1405 24.7954 19.3072 0.2919 0.5730 0.6987 || TEST: 1.3004 0.2623 0.5638 | 0.6273 0.6273 0.2543 | 0.1483 25.6167 20.1194 0.2832 0.5529 0.6760 | 5.138
LOSS FORMAT: SEMANTIC_LOSS MEAN_IOU PIX_ACC | DEPTH_LOSS ABS_ERR REL_ERR | NORMAL_LOSS MEAN MED <11.25 <22.5 <30 | ∆m (test)
Epoch: 0086 | lr=0.0001 | epoch lenth=398 | train time: 270.825 s | method mgda | TRAIN: 1.2987 0.2623 0.5616 | 0.5783 0.5783 0.2756 | 0.1411 24.8169 19.2039 0.2920 0.5754 0.6996 || TEST: 1.3542 0.2306 0.5356 | 0.6272 0.6272 0.2723 | 0.1487 25.7838 20.5503 0.2766 0.5445 0.6701 | 8.089
LOSS FORMAT: SEMANTIC_LOSS MEAN_IOU PIX_ACC | DEPTH_LOSS ABS_ERR REL_ERR | NORMAL_LOSS MEAN MED <11.25 <22.5 <30 | ∆m (test)
Epoch: 0087 | lr=0.0001 | epoch lenth=398 | train time: 196.494 s | method mgda | TRAIN: 1.2726 0.2495 0.5512 | 0.5550 0.5550 0.2475 | 0.1372 24.4019 18.9077 0.2976 0.5840 0.7080 || TEST: 1.2727 0.2770 0.5679 | 0.6058 0.6058 0.2563 | 0.1473 25.5154 20.0035 0.2840 0.5554 0.6791 | 4.123
LOSS FORMAT: SEMANTIC_LOSS MEAN_IOU PIX_ACC | DEPTH_LOSS ABS_ERR REL_ERR | NORMAL_LOSS MEAN MED <11.25 <22.5 <30 | ∆m (test)
Epoch: 0088 | lr=0.0001 | epoch lenth=398 | train time: 197.581 s | method mgda | TRAIN: 1.2329 0.2811 0.5751 | 0.5632 0.5632 0.2571 | 0.1347 24.1399 18.6054 0.3030 0.5893 0.7126 || TEST: 1.3312 0.2626 0.5608 | 0.6438 0.6438 0.2475 | 0.1542 26.1646 20.5127 0.2756 0.5452 0.6688 | 6.195
LOSS FORMAT: SEMANTIC_LOSS MEAN_IOU PIX_ACC | DEPTH_LOSS ABS_ERR REL_ERR | NORMAL_LOSS MEAN MED <11.25 <22.5 <30 | ∆m (test)
Epoch: 0089 | lr=0.0001 | epoch lenth=398 | train time: 196.655 s | method mgda | TRAIN: 1.2421 0.2753 0.5705 | 0.5494 0.5494 0.2550 | 0.1370 24.3925 18.8007 0.2995 0.5839 0.7081 || TEST: 1.3260 0.2678 0.5446 | 0.6389 0.6389 0.2538 | 0.1497 25.8536 20.5403 0.2770 0.5447 0.6697 | 6.318
LOSS FORMAT: SEMANTIC_LOSS MEAN_IOU PIX_ACC | DEPTH_LOSS ABS_ERR REL_ERR | NORMAL_LOSS MEAN MED <11.25 <22.5 <30 | ∆m (test)
Epoch: 0090 | lr=0.0001 | epoch lenth=398 | train time: 196.281 s | method mgda | TRAIN: 1.2437 0.2730 0.5628 | 0.5561 0.5561 0.2597 | 0.1386 24.5260 18.9475 0.2984 0.5819 0.7048 || TEST: 1.3015 0.2640 0.5590 | 0.6458 0.6458 0.2575 | 0.1539 26.2480 20.8245 0.2685 0.5389 0.6664 | 7.257
LOSS FORMAT: SEMANTIC_LOSS MEAN_IOU PIX_ACC | DEPTH_LOSS ABS_ERR REL_ERR | NORMAL_LOSS MEAN MED <11.25 <22.5 <30 | ∆m (test)
Epoch: 0091 | lr=0.0001 | epoch lenth=398 | train time: 197.232 s | method mgda | TRAIN: 1.2542 0.2731 0.5686 | 0.5679 0.5679 0.2567 | 0.1384 24.5507 19.0209 0.2951 0.5812 0.7057 || TEST: 1.3012 0.2511 0.5562 | 0.6447 0.6447 0.2483 | 0.1501 25.9285 20.6485 0.2728 0.5429 0.6687 | 6.782
LOSS FORMAT: SEMANTIC_LOSS MEAN_IOU PIX_ACC | DEPTH_LOSS ABS_ERR REL_ERR | NORMAL_LOSS MEAN MED <11.25 <22.5 <30 | ∆m (test)
Epoch: 0092 | lr=0.0001 | epoch lenth=398 | train time: 196.125 s | method mgda | TRAIN: 1.2443 0.2641 0.5687 | 0.5494 0.5494 0.2499 | 0.1361 24.2778 18.7449 0.3023 0.5871 0.7098 || TEST: 1.3082 0.2508 0.5696 | 0.7625 0.7625 0.2684 | 0.1518 26.0742 20.7061 0.2702 0.5422 0.6685 | 9.509
LOSS FORMAT: SEMANTIC_LOSS MEAN_IOU PIX_ACC | DEPTH_LOSS ABS_ERR REL_ERR | NORMAL_LOSS MEAN MED <11.25 <22.5 <30 | ∆m (test)
Epoch: 0093 | lr=0.0001 | epoch lenth=398 | train time: 196.294 s | method mgda | TRAIN: 1.2610 0.2639 0.5721 | 0.5676 0.5676 0.2588 | 0.1346 24.1217 18.6406 0.3043 0.5893 0.7128 || TEST: 1.2858 0.2472 0.5571 | 0.6686 0.6686 0.2401 | 0.1474 25.5657 20.0624 0.2802 0.5560 0.6797 | 5.740
LOSS FORMAT: SEMANTIC_LOSS MEAN_IOU PIX_ACC | DEPTH_LOSS ABS_ERR REL_ERR | NORMAL_LOSS MEAN MED <11.25 <22.5 <30 | ∆m (test)
Epoch: 0094 | lr=0.0001 | epoch lenth=398 | train time: 196.699 s | method mgda | TRAIN: 1.2392 0.2656 0.5697 | 0.5483 0.5483 0.2611 | 0.1354 24.1962 18.6648 0.3030 0.5893 0.7122 || TEST: 1.3286 0.2471 0.5505 | 0.6789 0.6789 0.2735 | 0.1504 25.8747 20.4526 0.2792 0.5454 0.6702 | 8.118
LOSS FORMAT: SEMANTIC_LOSS MEAN_IOU PIX_ACC | DEPTH_LOSS ABS_ERR REL_ERR | NORMAL_LOSS MEAN MED <11.25 <22.5 <30 | ∆m (test)
Epoch: 0095 | lr=0.0001 | epoch lenth=398 | train time: 198.492 s | method mgda | TRAIN: 1.2394 0.2607 0.5657 | 0.5328 0.5328 0.2484 | 0.1342 24.0144 18.3510 0.3081 0.5959 0.7171 || TEST: 1.2810 0.2543 0.5680 | 0.6996 0.6996 0.2620 | 0.1479 25.7894 20.7068 0.2734 0.5415 0.6689 | 7.906
LOSS FORMAT: SEMANTIC_LOSS MEAN_IOU PIX_ACC | DEPTH_LOSS ABS_ERR REL_ERR | NORMAL_LOSS MEAN MED <11.25 <22.5 <30 | ∆m (test)
Epoch: 0096 | lr=0.0001 | epoch lenth=398 | train time: 197.233 s | method mgda | TRAIN: 1.2453 0.2664 0.5748 | 0.5620 0.5620 0.2500 | 0.1324 23.8015 18.1713 0.3139 0.5999 0.7197 || TEST: 1.2975 0.2694 0.5682 | 0.7036 0.7036 0.2533 | 0.1542 26.3570 21.0136 0.2681 0.5332 0.6593 | 8.122
LOSS FORMAT: SEMANTIC_LOSS MEAN_IOU PIX_ACC | DEPTH_LOSS ABS_ERR REL_ERR | NORMAL_LOSS MEAN MED <11.25 <22.5 <30 | ∆m (test)
Epoch: 0097 | lr=0.0001 | epoch lenth=398 | train time: 198.536 s | method mgda | TRAIN: 1.2238 0.2820 0.5778 | 0.5590 0.5590 0.2495 | 0.1335 23.9692 18.4268 0.3054 0.5967 0.7186 || TEST: 1.2682 0.2749 0.5755 | 0.7570 0.7570 0.2639 | 0.1481 25.5565 19.9442 0.2864 0.5564 0.6780 | 6.736
LOSS FORMAT: SEMANTIC_LOSS MEAN_IOU PIX_ACC | DEPTH_LOSS ABS_ERR REL_ERR | NORMAL_LOSS MEAN MED <11.25 <22.5 <30 | ∆m (test)
Epoch: 0098 | lr=0.0001 | epoch lenth=398 | train time: 196.759 s | method mgda | TRAIN: 1.2566 0.2851 0.5771 | 0.5431 0.5431 0.2584 | 0.1348 24.1308 18.6380 0.3052 0.5901 0.7131 || TEST: 1.2513 0.2747 0.5781 | 0.6220 0.6220 0.2614 | 0.1470 25.5522 20.2334 0.2821 0.5511 0.6759 | 4.840
LOSS FORMAT: SEMANTIC_LOSS MEAN_IOU PIX_ACC | DEPTH_LOSS ABS_ERR REL_ERR | NORMAL_LOSS MEAN MED <11.25 <22.5 <30 | ∆m (test)
Epoch: 0099 | lr=0.0001 | epoch lenth=398 | train time: 198.314 s | method mgda | TRAIN: 1.1904 0.2914 0.5878 | 0.5380 0.5380 0.2452 | 0.1311 23.6957 18.0784 0.3127 0.6016 0.7225 || TEST: 1.2847 0.2911 0.5688 | 0.6113 0.6113 0.2442 | 0.1497 25.7756 20.3470 0.2817 0.5483 0.6713 | 3.971
LOSS FORMAT: SEMANTIC_LOSS MEAN_IOU PIX_ACC | DEPTH_LOSS ABS_ERR REL_ERR | NORMAL_LOSS MEAN MED <11.25 <22.5 <30 | ∆m (test)
Epoch: 0100 | lr=0.0001 | epoch lenth=398 | train time: 197.250 s | method mgda | TRAIN: 1.1750 0.3033 0.5868 | 0.5029 0.5029 0.2252 | 0.1248 22.9422 17.3280 0.3289 0.6216 0.7390 || TEST: 1.2330 0.2864 0.5832 | 0.6387 0.6387 0.2347 | 0.1434 25.2819 20.1540 0.2816 0.5538 0.6811 | 3.333
LOSS FORMAT: SEMANTIC_LOSS MEAN_IOU PIX_ACC | DEPTH_LOSS ABS_ERR REL_ERR | NORMAL_LOSS MEAN MED <11.25 <22.5 <30 | ∆m (test)
Epoch: 0101 | lr=0.0001 | epoch lenth=398 | train time: 197.038 s | method mgda | TRAIN: 1.1643 0.3033 0.5933 | 0.5106 0.5106 0.2384 | 0.1239 22.8512 17.2552 0.3301 0.6230 0.7405 || TEST: 1.2214 0.3042 0.5911 | 0.6231 0.6231 0.2307 | 0.1418 24.9313 19.4653 0.2934 0.5683 0.6910 | 0.832
LOSS FORMAT: SEMANTIC_LOSS MEAN_IOU PIX_ACC | DEPTH_LOSS ABS_ERR REL_ERR | NORMAL_LOSS MEAN MED <11.25 <22.5 <30 | ∆m (test)
Epoch: 0102 | lr=0.0001 | epoch lenth=398 | train time: 197.610 s | method mgda | TRAIN: 1.1414 0.3152 0.6019 | 0.4997 0.4997 0.2365 | 0.1209 22.4931 16.9331 0.3384 0.6306 0.7475 || TEST: 1.2237 0.2867 0.5850 | 0.6105 0.6105 0.2324 | 0.1410 24.8397 19.3998 0.2963 0.5698 0.6918 | 1.076
LOSS FORMAT: SEMANTIC_LOSS MEAN_IOU PIX_ACC | DEPTH_LOSS ABS_ERR REL_ERR | NORMAL_LOSS MEAN MED <11.25 <22.5 <30 | ∆m (test)
Epoch: 0103 | lr=0.0001 | epoch lenth=398 | train time: 211.365 s | method mgda | TRAIN: 1.1402 0.3051 0.5993 | 0.5015 0.5015 0.2299 | 0.1209 22.4556 16.7646 0.3411 0.6331 0.7479 || TEST: 1.2317 0.2910 0.5858 | 0.6076 0.6076 0.2311 | 0.1439 24.9910 19.2440 0.2973 0.5724 0.6929 | 0.711
LOSS FORMAT: SEMANTIC_LOSS MEAN_IOU PIX_ACC | DEPTH_LOSS ABS_ERR REL_ERR | NORMAL_LOSS MEAN MED <11.25 <22.5 <30 | ∆m (test)
Epoch: 0104 | lr=0.0001 | epoch lenth=398 | train time: 267.678 s | method mgda | TRAIN: 1.1455 0.3065 0.6003 | 0.4989 0.4989 0.2299 | 0.1215 22.4679 16.7758 0.3433 0.6335 0.7480 || TEST: 1.2150 0.2942 0.5947 | 0.6334 0.6334 0.2379 | 0.1432 25.1543 19.8185 0.2874 0.5610 0.6847 | 2.284
LOSS FORMAT: SEMANTIC_LOSS MEAN_IOU PIX_ACC | DEPTH_LOSS ABS_ERR REL_ERR | NORMAL_LOSS MEAN MED <11.25 <22.5 <30 | ∆m (test)
Epoch: 0105 | lr=0.0001 | epoch lenth=398 | train time: 196.869 s | method mgda | TRAIN: 1.1702 0.3142 0.5994 | 0.4910 0.4910 0.2258 | 0.1200 22.3805 16.7459 0.3405 0.6353 0.7500 || TEST: 1.2399 0.2978 0.5885 | 0.5997 0.5997 0.2447 | 0.1417 24.8362 19.1737 0.2972 0.5738 0.6953 | 0.713
LOSS FORMAT: SEMANTIC_LOSS MEAN_IOU PIX_ACC | DEPTH_LOSS ABS_ERR REL_ERR | NORMAL_LOSS MEAN MED <11.25 <22.5 <30 | ∆m (test)
Epoch: 0106 | lr=0.0001 | epoch lenth=398 | train time: 196.695 s | method mgda | TRAIN: 1.1376 0.3158 0.6047 | 0.4854 0.4854 0.2225 | 0.1201 22.3709 16.6809 0.3412 0.6367 0.7508 || TEST: 1.2091 0.3054 0.5968 | 0.5862 0.5862 0.2394 | 0.1405 24.7111 19.1286 0.3003 0.5749 0.6963 | -0.322
LOSS FORMAT: SEMANTIC_LOSS MEAN_IOU PIX_ACC | DEPTH_LOSS ABS_ERR REL_ERR | NORMAL_LOSS MEAN MED <11.25 <22.5 <30 | ∆m (test)
Epoch: 0107 | lr=0.0001 | epoch lenth=398 | train time: 196.392 s | method mgda | TRAIN: 1.1356 0.3222 0.6073 | 0.4878 0.4878 0.2261 | 0.1196 22.3080 16.6613 0.3425 0.6377 0.7520 || TEST: 1.2123 0.3041 0.5923 | 0.6111 0.6111 0.2599 | 0.1403 24.7335 19.2195 0.2976 0.5740 0.6958 | 1.208
LOSS FORMAT: SEMANTIC_LOSS MEAN_IOU PIX_ACC | DEPTH_LOSS ABS_ERR REL_ERR | NORMAL_LOSS MEAN MED <11.25 <22.5 <30 | ∆m (test)
Epoch: 0108 | lr=0.0001 | epoch lenth=398 | train time: 196.228 s | method mgda | TRAIN: 1.1340 0.3190 0.6050 | 0.5012 0.5012 0.2328 | 0.1187 22.2439 16.6554 0.3421 0.6387 0.7535 || TEST: 1.2285 0.2901 0.5850 | 0.5980 0.5980 0.2403 | 0.1397 24.6525 19.1220 0.3007 0.5754 0.6971 | 0.490
LOSS FORMAT: SEMANTIC_LOSS MEAN_IOU PIX_ACC | DEPTH_LOSS ABS_ERR REL_ERR | NORMAL_LOSS MEAN MED <11.25 <22.5 <30 | ∆m (test)
Epoch: 0109 | lr=0.0001 | epoch lenth=398 | train time: 197.127 s | method mgda | TRAIN: 1.1226 0.3130 0.6024 | 0.4918 0.4918 0.2283 | 0.1182 22.1264 16.5023 0.3480 0.6415 0.7549 || TEST: 1.2360 0.2937 0.5830 | 0.5975 0.5975 0.2360 | 0.1414 24.9549 19.5819 0.2901 0.5662 0.6896 | 1.332
LOSS FORMAT: SEMANTIC_LOSS MEAN_IOU PIX_ACC | DEPTH_LOSS ABS_ERR REL_ERR | NORMAL_LOSS MEAN MED <11.25 <22.5 <30 | ∆m (test)
Epoch: 0110 | lr=0.0001 | epoch lenth=398 | train time: 198.603 s | method mgda | TRAIN: 1.1383 0.3162 0.6000 | 0.5053 0.5053 0.2355 | 0.1172 21.9972 16.3335 0.3514 0.6454 0.7578 || TEST: 1.2342 0.3080 0.5890 | 0.6601 0.6601 0.2955 | 0.1425 24.9343 19.4050 0.2958 0.5696 0.6926 | 3.786
LOSS FORMAT: SEMANTIC_LOSS MEAN_IOU PIX_ACC | DEPTH_LOSS ABS_ERR REL_ERR | NORMAL_LOSS MEAN MED <11.25 <22.5 <30 | ∆m (test)
Epoch: 0111 | lr=0.0001 | epoch lenth=398 | train time: 197.409 s | method mgda | TRAIN: 1.1182 0.3253 0.6061 | 0.5010 0.5010 0.2314 | 0.1150 21.7924 16.2237 0.3521 0.6503 0.7628 || TEST: 1.2292 0.2998 0.5872 | 0.5905 0.5905 0.2407 | 0.1410 24.8299 19.3031 0.2953 0.5714 0.6942 | 0.572
LOSS FORMAT: SEMANTIC_LOSS MEAN_IOU PIX_ACC | DEPTH_LOSS ABS_ERR REL_ERR | NORMAL_LOSS MEAN MED <11.25 <22.5 <30 | ∆m (test)
Epoch: 0112 | lr=0.0001 | epoch lenth=398 | train time: 196.273 s | method mgda | TRAIN: 1.1193 0.3244 0.6054 | 0.4643 0.4643 0.2153 | 0.1170 22.0416 16.5017 0.3458 0.6438 0.7585 || TEST: 1.2063 0.3084 0.5975 | 0.6054 0.6054 0.2321 | 0.1422 24.9490 19.4559 0.2947 0.5680 0.6903 | 0.334
LOSS FORMAT: SEMANTIC_LOSS MEAN_IOU PIX_ACC | DEPTH_LOSS ABS_ERR REL_ERR | NORMAL_LOSS MEAN MED <11.25 <22.5 <30 | ∆m (test)
Epoch: 0113 | lr=0.0001 | epoch lenth=398 | train time: 196.423 s | method mgda | TRAIN: 1.1136 0.3239 0.6100 | 0.4790 0.4790 0.2137 | 0.1137 21.6192 16.0550 0.3581 0.6539 0.7652 || TEST: 1.2129 0.3014 0.5900 | 0.5978 0.5978 0.2578 | 0.1390 24.5370 18.9327 0.3032 0.5797 0.7008 | 0.377
LOSS FORMAT: SEMANTIC_LOSS MEAN_IOU PIX_ACC | DEPTH_LOSS ABS_ERR REL_ERR | NORMAL_LOSS MEAN MED <11.25 <22.5 <30 | ∆m (test)
Epoch: 0114 | lr=0.0001 | epoch lenth=398 | train time: 196.065 s | method mgda | TRAIN: 1.1152 0.3193 0.6083 | 0.4925 0.4925 0.2270 | 0.1163 21.9327 16.2723 0.3500 0.6469 0.7595 || TEST: 1.2169 0.3083 0.5958 | 0.6007 0.6007 0.2314 | 0.1415 24.8782 19.4324 0.2966 0.5683 0.6909 | 0.133
LOSS FORMAT: SEMANTIC_LOSS MEAN_IOU PIX_ACC | DEPTH_LOSS ABS_ERR REL_ERR | NORMAL_LOSS MEAN MED <11.25 <22.5 <30 | ∆m (test)
Epoch: 0115 | lr=0.0001 | epoch lenth=398 | train time: 196.667 s | method mgda | TRAIN: 1.1102 0.3223 0.6109 | 0.4867 0.4867 0.2182 | 0.1143 21.6901 16.0756 0.3558 0.6530 0.7647 || TEST: 1.1923 0.3189 0.6006 | 0.5883 0.5883 0.2368 | 0.1394 24.6027 19.0127 0.3007 0.5779 0.6993 | -1.081
LOSS FORMAT: SEMANTIC_LOSS MEAN_IOU PIX_ACC | DEPTH_LOSS ABS_ERR REL_ERR | NORMAL_LOSS MEAN MED <11.25 <22.5 <30 | ∆m (test)
Epoch: 0116 | lr=0.0001 | epoch lenth=398 | train time: 196.493 s | method mgda | TRAIN: 1.1101 0.3293 0.6129 | 0.4795 0.4795 0.2183 | 0.1149 21.8033 16.2575 0.3509 0.6492 0.7626 || TEST: 1.2049 0.3109 0.6009 | 0.6039 0.6039 0.2584 | 0.1409 24.6995 19.0443 0.3020 0.5771 0.6986 | 0.300
LOSS FORMAT: SEMANTIC_LOSS MEAN_IOU PIX_ACC | DEPTH_LOSS ABS_ERR REL_ERR | NORMAL_LOSS MEAN MED <11.25 <22.5 <30 | ∆m (test)
Epoch: 0117 | lr=0.0001 | epoch lenth=398 | train time: 196.461 s | method mgda | TRAIN: 1.1057 0.3290 0.6147 | 0.4719 0.4719 0.2122 | 0.1145 21.7176 16.0986 0.3544 0.6527 0.7646 || TEST: 1.2080 0.3088 0.5956 | 0.6112 0.6112 0.2657 | 0.1410 24.7998 19.2507 0.2983 0.5717 0.6933 | 1.359
LOSS FORMAT: SEMANTIC_LOSS MEAN_IOU PIX_ACC | DEPTH_LOSS ABS_ERR REL_ERR | NORMAL_LOSS MEAN MED <11.25 <22.5 <30 | ∆m (test)
Epoch: 0118 | lr=0.0001 | epoch lenth=398 | train time: 196.642 s | method mgda | TRAIN: 1.1188 0.3279 0.6117 | 0.4795 0.4795 0.2226 | 0.1144 21.7139 16.1458 0.3539 0.6512 0.7642 || TEST: 1.1924 0.3104 0.6009 | 0.6133 0.6133 0.2334 | 0.1396 24.6388 19.1009 0.3005 0.5762 0.6975 | -0.428
LOSS FORMAT: SEMANTIC_LOSS MEAN_IOU PIX_ACC | DEPTH_LOSS ABS_ERR REL_ERR | NORMAL_LOSS MEAN MED <11.25 <22.5 <30 | ∆m (test)
Epoch: 0119 | lr=0.0001 | epoch lenth=398 | train time: 196.372 s | method mgda | TRAIN: 1.1036 0.3244 0.6136 | 0.4751 0.4751 0.2190 | 0.1139 21.6346 15.9952 0.3564 0.6548 0.7665 || TEST: 1.2552 0.2934 0.5738 | 0.6113 0.6113 0.2565 | 0.1428 25.0321 19.5637 0.2922 0.5664 0.6896 | 2.494
LOSS FORMAT: SEMANTIC_LOSS MEAN_IOU PIX_ACC | DEPTH_LOSS ABS_ERR REL_ERR | NORMAL_LOSS MEAN MED <11.25 <22.5 <30 | ∆m (test)
Epoch: 0120 | lr=0.0001 | epoch lenth=398 | train time: 196.743 s | method mgda | TRAIN: 1.1034 0.3201 0.6024 | 0.4805 0.4805 0.2187 | 0.1139 21.6585 16.1074 0.3552 0.6535 0.7660 || TEST: 1.2424 0.3027 0.5834 | 0.6019 0.6019 0.2554 | 0.1427 24.8777 19.1872 0.3001 0.5743 0.6949 | 1.040
LOSS FORMAT: SEMANTIC_LOSS MEAN_IOU PIX_ACC | DEPTH_LOSS ABS_ERR REL_ERR | NORMAL_LOSS MEAN MED <11.25 <22.5 <30 | ∆m (test)
Epoch: 0121 | lr=0.0001 | epoch lenth=398 | train time: 213.092 s | method mgda | TRAIN: 1.1207 0.3222 0.6030 | 0.4812 0.4812 0.2176 | 0.1136 21.5903 15.9841 0.3592 0.6549 0.7665 || TEST: 1.2088 0.3100 0.5948 | 0.5871 0.5871 0.2411 | 0.1394 24.6284 19.0647 0.3000 0.5773 0.6986 | -0.484
LOSS FORMAT: SEMANTIC_LOSS MEAN_IOU PIX_ACC | DEPTH_LOSS ABS_ERR REL_ERR | NORMAL_LOSS MEAN MED <11.25 <22.5 <30 | ∆m (test)
Epoch: 0122 | lr=0.0001 | epoch lenth=398 | train time: 270.318 s | method mgda | TRAIN: 1.1121 0.3259 0.6123 | 0.4708 0.4708 0.2178 | 0.1143 21.7210 16.1844 0.3521 0.6521 0.7658 || TEST: 1.2192 0.3036 0.5962 | 0.5845 0.5845 0.2344 | 0.1418 24.7475 19.0204 0.3051 0.5768 0.6958 | -0.740
LOSS FORMAT: SEMANTIC_LOSS MEAN_IOU PIX_ACC | DEPTH_LOSS ABS_ERR REL_ERR | NORMAL_LOSS MEAN MED <11.25 <22.5 <30 | ∆m (test)
Epoch: 0123 | lr=0.0001 | epoch lenth=398 | train time: 195.889 s | method mgda | TRAIN: 1.1064 0.3243 0.6123 | 0.4684 0.4684 0.2189 | 0.1145 21.6538 16.0718 0.3602 0.6540 0.7652 || TEST: 1.2270 0.2912 0.5848 | 0.6703 0.6703 0.2429 | 0.1405 24.7875 19.2956 0.2948 0.5725 0.6952 | 2.220
LOSS FORMAT: SEMANTIC_LOSS MEAN_IOU PIX_ACC | DEPTH_LOSS ABS_ERR REL_ERR | NORMAL_LOSS MEAN MED <11.25 <22.5 <30 | ∆m (test)
Epoch: 0124 | lr=0.0001 | epoch lenth=398 | train time: 195.644 s | method mgda | TRAIN: 1.1094 0.3174 0.6066 | 0.4771 0.4771 0.2180 | 0.1141 21.6250 15.9800 0.3591 0.6549 0.7662 || TEST: 1.2118 0.3071 0.5975 | 0.6531 0.6531 0.2380 | 0.1390 24.5876 19.0973 0.3006 0.5767 0.6987 | 0.505
LOSS FORMAT: SEMANTIC_LOSS MEAN_IOU PIX_ACC | DEPTH_LOSS ABS_ERR REL_ERR | NORMAL_LOSS MEAN MED <11.25 <22.5 <30 | ∆m (test)
Epoch: 0125 | lr=0.0001 | epoch lenth=398 | train time: 196.569 s | method mgda | TRAIN: 1.0985 0.3315 0.6156 | 0.4646 0.4646 0.2124 | 0.1123 21.4424 15.9504 0.3618 0.6583 0.7696 || TEST: 1.1812 0.3225 0.6009 | 0.5773 0.5773 0.2456 | 0.1408 24.7051 19.0862 0.3036 0.5753 0.6951 | -0.922
LOSS FORMAT: SEMANTIC_LOSS MEAN_IOU PIX_ACC | DEPTH_LOSS ABS_ERR REL_ERR | NORMAL_LOSS MEAN MED <11.25 <22.5 <30 | ∆m (test)
Epoch: 0126 | lr=0.0001 | epoch lenth=398 | train time: 199.126 s | method mgda | TRAIN: 1.0858 0.3395 0.6196 | 0.4772 0.4772 0.2158 | 0.1105 21.2325 15.6518 0.3668 0.6633 0.7733 || TEST: 1.1893 0.3090 0.6002 | 0.6160 0.6160 0.2337 | 0.1399 24.7370 19.3433 0.2973 0.5712 0.6950 | 0.115
LOSS FORMAT: SEMANTIC_LOSS MEAN_IOU PIX_ACC | DEPTH_LOSS ABS_ERR REL_ERR | NORMAL_LOSS MEAN MED <11.25 <22.5 <30 | ∆m (test)
Epoch: 0127 | lr=0.0001 | epoch lenth=398 | train time: 198.093 s | method mgda | TRAIN: 1.0922 0.3309 0.6173 | 0.4773 0.4773 0.2178 | 0.1133 21.5603 16.0000 0.3592 0.6554 0.7673 || TEST: 1.1876 0.3202 0.6016 | 0.5908 0.5908 0.2405 | 0.1405 24.6310 18.9256 0.3062 0.5791 0.6983 | -1.200
LOSS FORMAT: SEMANTIC_LOSS MEAN_IOU PIX_ACC | DEPTH_LOSS ABS_ERR REL_ERR | NORMAL_LOSS MEAN MED <11.25 <22.5 <30 | ∆m (test)
Epoch: 0128 | lr=0.0001 | epoch lenth=398 | train time: 197.426 s | method mgda | TRAIN: 1.0859 0.3373 0.6180 | 0.4813 0.4813 0.2161 | 0.1112 21.3365 15.7956 0.3628 0.6618 0.7721 || TEST: 1.2089 0.3049 0.5968 | 0.5991 0.5991 0.2348 | 0.1388 24.5730 19.1202 0.3001 0.5769 0.6995 | -0.423
LOSS FORMAT: SEMANTIC_LOSS MEAN_IOU PIX_ACC | DEPTH_LOSS ABS_ERR REL_ERR | NORMAL_LOSS MEAN MED <11.25 <22.5 <30 | ∆m (test)
Epoch: 0129 | lr=0.0001 | epoch lenth=398 | train time: 200.519 s | method mgda | TRAIN: 1.1188 0.3265 0.6110 | 0.4708 0.4708 0.2173 | 0.1124 21.4742 15.9400 0.3583 0.6587 0.7701 || TEST: 1.2177 0.3120 0.5975 | 0.5820 0.5820 0.2390 | 0.1420 24.8340 19.1070 0.2990 0.5758 0.6958 | -0.527
LOSS FORMAT: SEMANTIC_LOSS MEAN_IOU PIX_ACC | DEPTH_LOSS ABS_ERR REL_ERR | NORMAL_LOSS MEAN MED <11.25 <22.5 <30 | ∆m (test)
Epoch: 0130 | lr=0.0001 | epoch lenth=398 | train time: 196.401 s | method mgda | TRAIN: 1.0890 0.3338 0.6161 | 0.4650 0.4650 0.2137 | 0.1109 21.2429 15.5947 0.3671 0.6644 0.7745 || TEST: 1.1920 0.3193 0.6042 | 0.5894 0.5894 0.2498 | 0.1405 24.6511 18.8969 0.3018 0.5803 0.7002 | -0.771
LOSS FORMAT: SEMANTIC_LOSS MEAN_IOU PIX_ACC | DEPTH_LOSS ABS_ERR REL_ERR | NORMAL_LOSS MEAN MED <11.25 <22.5 <30 | ∆m (test)
Epoch: 0131 | lr=0.0001 | epoch lenth=398 | train time: 195.965 s | method mgda | TRAIN: 1.0789 0.3358 0.6236 | 0.4687 0.4687 0.2149 | 0.1106 21.2123 15.6944 0.3679 0.6658 0.7747 || TEST: 1.2087 0.3038 0.5918 | 0.6114 0.6114 0.2343 | 0.1401 24.7596 19.3468 0.2958 0.5719 0.6949 | 0.419
LOSS FORMAT: SEMANTIC_LOSS MEAN_IOU PIX_ACC | DEPTH_LOSS ABS_ERR REL_ERR | NORMAL_LOSS MEAN MED <11.25 <22.5 <30 | ∆m (test)
Epoch: 0132 | lr=0.0001 | epoch lenth=398 | train time: 195.732 s | method mgda | TRAIN: 1.0639 0.3319 0.6175 | 0.4634 0.4634 0.2105 | 0.1104 21.1828 15.6587 0.3685 0.6658 0.7755 || TEST: 1.2340 0.3018 0.5892 | 0.5847 0.5847 0.2380 | 0.1428 25.0518 19.6756 0.2915 0.5649 0.6879 | 0.960
LOSS FORMAT: SEMANTIC_LOSS MEAN_IOU PIX_ACC | DEPTH_LOSS ABS_ERR REL_ERR | NORMAL_LOSS MEAN MED <11.25 <22.5 <30 | ∆m (test)
Epoch: 0133 | lr=0.0001 | epoch lenth=398 | train time: 196.146 s | method mgda | TRAIN: 1.0689 0.3291 0.6172 | 0.4716 0.4716 0.2083 | 0.1091 21.1156 15.6614 0.3649 0.6671 0.7767 || TEST: 1.1876 0.3141 0.6077 | 0.5640 0.5640 0.2278 | 0.1406 24.6363 18.9468 0.3055 0.5791 0.6986 | -2.041
LOSS FORMAT: SEMANTIC_LOSS MEAN_IOU PIX_ACC | DEPTH_LOSS ABS_ERR REL_ERR | NORMAL_LOSS MEAN MED <11.25 <22.5 <30 | ∆m (test)
Epoch: 0134 | lr=0.0001 | epoch lenth=398 | train time: 195.657 s | method mgda | TRAIN: 1.0661 0.3357 0.6249 | 0.4501 0.4501 0.2089 | 0.1093 21.0816 15.5661 0.3681 0.6686 0.7779 || TEST: 1.1990 0.3099 0.5963 | 0.5932 0.5932 0.2323 | 0.1395 24.5735 18.9458 0.3041 0.5788 0.6988 | -1.034
LOSS FORMAT: SEMANTIC_LOSS MEAN_IOU PIX_ACC | DEPTH_LOSS ABS_ERR REL_ERR | NORMAL_LOSS MEAN MED <11.25 <22.5 <30 | ∆m (test)
Epoch: 0135 | lr=0.0001 | epoch lenth=398 | train time: 195.508 s | method mgda | TRAIN: 1.0703 0.3379 0.6193 | 0.4667 0.4667 0.2119 | 0.1103 21.1690 15.5760 0.3687 0.6660 0.7757 || TEST: 1.2280 0.3061 0.5883 | 0.6865 0.6865 0.2427 | 0.1405 24.6870 19.0749 0.3017 0.5766 0.6971 | 1.449
LOSS FORMAT: SEMANTIC_LOSS MEAN_IOU PIX_ACC | DEPTH_LOSS ABS_ERR REL_ERR | NORMAL_LOSS MEAN MED <11.25 <22.5 <30 | ∆m (test)
Epoch: 0136 | lr=0.0001 | epoch lenth=398 | train time: 195.525 s | method mgda | TRAIN: 1.0664 0.3367 0.6165 | 0.4585 0.4585 0.2067 | 0.1095 21.0584 15.5221 0.3733 0.6693 0.7773 || TEST: 1.2076 0.3171 0.5969 | 0.6048 0.6048 0.2606 | 0.1402 24.6976 19.1322 0.2988 0.5766 0.6986 | 0.473
LOSS FORMAT: SEMANTIC_LOSS MEAN_IOU PIX_ACC | DEPTH_LOSS ABS_ERR REL_ERR | NORMAL_LOSS MEAN MED <11.25 <22.5 <30 | ∆m (test)
Epoch: 0137 | lr=0.0001 | epoch lenth=398 | train time: 195.918 s | method mgda | TRAIN: 1.0757 0.3361 0.6193 | 0.4533 0.4533 0.2073 | 0.1063 20.7719 15.3076 0.3747 0.6752 0.7831 || TEST: 1.2640 0.2591 0.5855 | 0.6046 0.6046 0.2386 | 0.1411 24.6803 18.9763 0.3052 0.5777 0.6975 | 1.135
LOSS FORMAT: SEMANTIC_LOSS MEAN_IOU PIX_ACC | DEPTH_LOSS ABS_ERR REL_ERR | NORMAL_LOSS MEAN MED <11.25 <22.5 <30 | ∆m (test)
Epoch: 0138 | lr=0.0001 | epoch lenth=398 | train time: 195.343 s | method mgda | TRAIN: 1.0859 0.3074 0.6119 | 0.4565 0.4565 0.2193 | 0.1095 21.0906 15.4848 0.3702 0.6690 0.7776 || TEST: 1.1811 0.3204 0.6089 | 0.5791 0.5791 0.2302 | 0.1396 24.6199 19.1028 0.3034 0.5762 0.6972 | -1.662
LOSS FORMAT: SEMANTIC_LOSS MEAN_IOU PIX_ACC | DEPTH_LOSS ABS_ERR REL_ERR | NORMAL_LOSS MEAN MED <11.25 <22.5 <30 | ∆m (test)
Epoch: 0139 | lr=0.0001 | epoch lenth=398 | train time: 206.770 s | method mgda | TRAIN: 1.0447 0.3446 0.6292 | 0.4479 0.4479 0.2085 | 0.1065 20.7340 15.2290 0.3779 0.6769 0.7845 || TEST: 1.2101 0.3250 0.6007 | 0.5769 0.5769 0.2363 | 0.1394 24.6360 19.1482 0.2999 0.5761 0.6980 | -1.292
LOSS FORMAT: SEMANTIC_LOSS MEAN_IOU PIX_ACC | DEPTH_LOSS ABS_ERR REL_ERR | NORMAL_LOSS MEAN MED <11.25 <22.5 <30 | ∆m (test)
Epoch: 0140 | lr=0.0001 | epoch lenth=398 | train time: 273.541 s | method mgda | TRAIN: 1.0589 0.3471 0.6242 | 0.4579 0.4579 0.2099 | 0.1068 20.7533 15.2401 0.3772 0.6766 0.7840 || TEST: 1.1870 0.3059 0.5976 | 0.6865 0.6865 0.2456 | 0.1406 24.7434 19.2429 0.2989 0.5739 0.6963 | 1.699
LOSS FORMAT: SEMANTIC_LOSS MEAN_IOU PIX_ACC | DEPTH_LOSS ABS_ERR REL_ERR | NORMAL_LOSS MEAN MED <11.25 <22.5 <30 | ∆m (test)
Epoch: 0141 | lr=0.0001 | epoch lenth=398 | train time: 195.397 s | method mgda | TRAIN: 1.0581 0.3391 0.6232 | 0.4752 0.4752 0.2151 | 0.1075 20.8799 15.3624 0.3724 0.6736 0.7825 || TEST: 1.2086 0.3263 0.6032 | 0.5836 0.5836 0.2413 | 0.1402 24.5678 18.8043 0.3070 0.5823 0.7019 | -1.739
LOSS FORMAT: SEMANTIC_LOSS MEAN_IOU PIX_ACC | DEPTH_LOSS ABS_ERR REL_ERR | NORMAL_LOSS MEAN MED <11.25 <22.5 <30 | ∆m (test)
Epoch: 0142 | lr=0.0001 | epoch lenth=398 | train time: 197.305 s | method mgda | TRAIN: 1.0450 0.3527 0.6280 | 0.4639 0.4639 0.2091 | 0.1073 20.8524 15.3699 0.3725 0.6742 0.7825 || TEST: 1.1810 0.3245 0.6139 | 0.5729 0.5729 0.2445 | 0.1405 24.5512 18.7036 0.3080 0.5848 0.7026 | -2.081
LOSS FORMAT: SEMANTIC_LOSS MEAN_IOU PIX_ACC | DEPTH_LOSS ABS_ERR REL_ERR | NORMAL_LOSS MEAN MED <11.25 <22.5 <30 | ∆m (test)
Epoch: 0143 | lr=0.0001 | epoch lenth=398 | train time: 195.410 s | method mgda | TRAIN: 1.0640 0.3428 0.6300 | 0.4507 0.4507 0.2091 | 0.1075 20.8470 15.3199 0.3746 0.6743 0.7831 || TEST: 1.1955 0.3096 0.6037 | 0.5762 0.5762 0.2329 | 0.1394 24.5364 18.8667 0.3053 0.5810 0.7007 | -1.591
LOSS FORMAT: SEMANTIC_LOSS MEAN_IOU PIX_ACC | DEPTH_LOSS ABS_ERR REL_ERR | NORMAL_LOSS MEAN MED <11.25 <22.5 <30 | ∆m (test)
Epoch: 0144 | lr=0.0001 | epoch lenth=398 | train time: 195.634 s | method mgda | TRAIN: 1.0438 0.3380 0.6257 | 0.4815 0.4815 0.2185 | 0.1073 20.8391 15.2519 0.3755 0.6749 0.7826 || TEST: 1.1822 0.3331 0.6091 | 0.5893 0.5893 0.2461 | 0.1415 24.7265 18.9926 0.3026 0.5777 0.6987 | -1.269
LOSS FORMAT: SEMANTIC_LOSS MEAN_IOU PIX_ACC | DEPTH_LOSS ABS_ERR REL_ERR | NORMAL_LOSS MEAN MED <11.25 <22.5 <30 | ∆m (test)
Epoch: 0145 | lr=0.0001 | epoch lenth=398 | train time: 195.903 s | method mgda | TRAIN: 1.0524 0.3539 0.6283 | 0.4807 0.4807 0.2136 | 0.1070 20.8185 15.2936 0.3743 0.6749 0.7838 || TEST: 1.1966 0.3156 0.6032 | 0.5875 0.5875 0.2313 | 0.1412 24.8241 19.2604 0.2972 0.5731 0.6942 | -0.718
LOSS FORMAT: SEMANTIC_LOSS MEAN_IOU PIX_ACC | DEPTH_LOSS ABS_ERR REL_ERR | NORMAL_LOSS MEAN MED <11.25 <22.5 <30 | ∆m (test)
Epoch: 0146 | lr=0.0001 | epoch lenth=398 | train time: 195.438 s | method mgda | TRAIN: 1.0591 0.3411 0.6241 | 0.4706 0.4706 0.2156 | 0.1078 20.9082 15.4024 0.3725 0.6725 0.7811 || TEST: 1.1940 0.3276 0.6028 | 0.5803 0.5803 0.2491 | 0.1399 24.5490 18.8329 0.3066 0.5815 0.7014 | -1.461
LOSS FORMAT: SEMANTIC_LOSS MEAN_IOU PIX_ACC | DEPTH_LOSS ABS_ERR REL_ERR | NORMAL_LOSS MEAN MED <11.25 <22.5 <30 | ∆m (test)
Epoch: 0147 | lr=0.0001 | epoch lenth=398 | train time: 195.432 s | method mgda | TRAIN: 1.0441 0.3502 0.6287 | 0.4547 0.4547 0.2125 | 0.1052 20.5827 15.0870 0.3805 0.6815 0.7879 || TEST: 1.1928 0.3211 0.6030 | 0.6269 0.6269 0.2331 | 0.1439 25.0619 19.4838 0.2945 0.5673 0.6899 | 0.360
LOSS FORMAT: SEMANTIC_LOSS MEAN_IOU PIX_ACC | DEPTH_LOSS ABS_ERR REL_ERR | NORMAL_LOSS MEAN MED <11.25 <22.5 <30 | ∆m (test)
Epoch: 0148 | lr=0.0001 | epoch lenth=398 | train time: 196.137 s | method mgda | TRAIN: 1.0383 0.3490 0.6292 | 0.4571 0.4571 0.2078 | 0.1056 20.6430 15.1998 0.3789 0.6790 0.7863 || TEST: 1.2099 0.3112 0.5959 | 0.5998 0.5998 0.2377 | 0.1412 24.8010 19.2144 0.2980 0.5728 0.6950 | -0.084
LOSS FORMAT: SEMANTIC_LOSS MEAN_IOU PIX_ACC | DEPTH_LOSS ABS_ERR REL_ERR | NORMAL_LOSS MEAN MED <11.25 <22.5 <30 | ∆m (test)
Epoch: 0149 | lr=0.0001 | epoch lenth=398 | train time: 196.940 s | method mgda | TRAIN: 1.0323 0.3494 0.6248 | 0.4449 0.4449 0.2002 | 0.1030 20.3375 14.8958 0.3857 0.6873 0.7926 || TEST: 1.1940 0.3296 0.6072 | 0.6129 0.6129 0.2669 | 0.1417 24.7009 18.8661 0.3049 0.5807 0.7003 | -0.171
LOSS FORMAT: SEMANTIC_LOSS MEAN_IOU PIX_ACC | DEPTH_LOSS ABS_ERR REL_ERR | NORMAL_LOSS MEAN MED <11.25 <22.5 <30 | ∆m (test)
Epoch: 0150 | lr=0.0001 | epoch lenth=398 | train time: 195.503 s | method mgda | TRAIN: 1.0374 0.3539 0.6307 | 0.4486 0.4486 0.2052 | 0.1035 20.3746 14.8664 0.3856 0.6857 0.7919 || TEST: 1.1649 0.3219 0.6131 | 0.6288 0.6288 0.2339 | 0.1408 24.7900 19.2828 0.2972 0.5714 0.6945 | -0.269
LOSS FORMAT: SEMANTIC_LOSS MEAN_IOU PIX_ACC | DEPTH_LOSS ABS_ERR REL_ERR | NORMAL_LOSS MEAN MED <11.25 <22.5 <30 | ∆m (test)
Epoch: 0151 | lr=0.0001 | epoch lenth=398 | train time: 195.531 s | method mgda | TRAIN: 1.0456 0.3536 0.6318 | 0.4577 0.4577 0.2101 | 0.1064 20.7177 15.2142 0.3774 0.6780 0.7855 || TEST: 1.1860 0.3252 0.6062 | 0.6445 0.6445 0.2424 | 0.1402 24.5856 18.8726 0.3055 0.5808 0.7009 | -0.561
LOSS FORMAT: SEMANTIC_LOSS MEAN_IOU PIX_ACC | DEPTH_LOSS ABS_ERR REL_ERR | NORMAL_LOSS MEAN MED <11.25 <22.5 <30 | ∆m (test)
Epoch: 0152 | lr=0.0001 | epoch lenth=398 | train time: 195.518 s | method mgda | TRAIN: 1.0385 0.3571 0.6309 | 0.4456 0.4456 0.2089 | 0.1043 20.4370 14.9138 0.3857 0.6847 0.7908 || TEST: 1.2202 0.3141 0.5960 | 0.5954 0.5954 0.2294 | 0.1408 24.7032 19.1058 0.3032 0.5753 0.6964 | -0.938
LOSS FORMAT: SEMANTIC_LOSS MEAN_IOU PIX_ACC | DEPTH_LOSS ABS_ERR REL_ERR | NORMAL_LOSS MEAN MED <11.25 <22.5 <30 | ∆m (test)
Epoch: 0153 | lr=0.0001 | epoch lenth=398 | train time: 195.814 s | method mgda | TRAIN: 1.0311 0.3482 0.6275 | 0.4509 0.4509 0.2073 | 0.1049 20.5680 15.0511 0.3795 0.6814 0.7887 || TEST: 1.1657 0.3369 0.6142 | 0.5853 0.5853 0.2504 | 0.1401 24.5660 18.8707 0.3056 0.5815 0.7022 | -1.744
LOSS FORMAT: SEMANTIC_LOSS MEAN_IOU PIX_ACC | DEPTH_LOSS ABS_ERR REL_ERR | NORMAL_LOSS MEAN MED <11.25 <22.5 <30 | ∆m (test)
Epoch: 0154 | lr=0.0001 | epoch lenth=398 | train time: 195.205 s | method mgda | TRAIN: 1.0184 0.3568 0.6365 | 0.4431 0.4431 0.2062 | 0.1045 20.4775 14.9970 0.3833 0.6845 0.7909 || TEST: 1.2052 0.3234 0.6036 | 0.6017 0.6017 0.2480 | 0.1425 24.9930 19.5645 0.2938 0.5661 0.6891 | 0.540
LOSS FORMAT: SEMANTIC_LOSS MEAN_IOU PIX_ACC | DEPTH_LOSS ABS_ERR REL_ERR | NORMAL_LOSS MEAN MED <11.25 <22.5 <30 | ∆m (test)
Epoch: 0155 | lr=0.0001 | epoch lenth=398 | train time: 197.594 s | method mgda | TRAIN: 1.0384 0.3489 0.6300 | 0.4635 0.4635 0.2092 | 0.1049 20.5558 15.0674 0.3808 0.6813 0.7879 || TEST: 1.2008 0.3085 0.5991 | 0.5866 0.5866 0.2335 | 0.1394 24.5553 18.7995 0.3039 0.5819 0.7008 | -1.284
LOSS FORMAT: SEMANTIC_LOSS MEAN_IOU PIX_ACC | DEPTH_LOSS ABS_ERR REL_ERR | NORMAL_LOSS MEAN MED <11.25 <22.5 <30 | ∆m (test)
Epoch: 0156 | lr=0.0001 | epoch lenth=398 | train time: 195.940 s | method mgda | TRAIN: 1.0161 0.3452 0.6299 | 0.4509 0.4509 0.2117 | 0.1042 20.4513 14.9585 0.3843 0.6854 0.7913 || TEST: 1.1730 0.3270 0.6135 | 0.5643 0.5643 0.2268 | 0.1417 24.8342 19.2817 0.2998 0.5708 0.6932 | -1.812
LOSS FORMAT: SEMANTIC_LOSS MEAN_IOU PIX_ACC | DEPTH_LOSS ABS_ERR REL_ERR | NORMAL_LOSS MEAN MED <11.25 <22.5 <30 | ∆m (test)
Epoch: 0157 | lr=0.0001 | epoch lenth=398 | train time: 197.053 s | method mgda | TRAIN: 1.0127 0.3565 0.6384 | 0.4362 0.4362 0.2013 | 0.1030 20.2941 14.7862 0.3884 0.6878 0.7931 || TEST: 1.1832 0.3241 0.6051 | 0.6063 0.6063 0.2392 | 0.1416 24.7606 19.0686 0.3020 0.5768 0.6967 | -0.805
LOSS FORMAT: SEMANTIC_LOSS MEAN_IOU PIX_ACC | DEPTH_LOSS ABS_ERR REL_ERR | NORMAL_LOSS MEAN MED <11.25 <22.5 <30 | ∆m (test)
Epoch: 0158 | lr=0.0001 | epoch lenth=398 | train time: 196.137 s | method mgda | TRAIN: 1.0132 0.3564 0.6333 | 0.4456 0.4456 0.2029 | 0.1018 20.1635 14.6490 0.3918 0.6905 0.7956 || TEST: 1.1975 0.3149 0.5998 | 0.5931 0.5931 0.2386 | 0.1396 24.5867 19.0027 0.3036 0.5789 0.6998 | -0.953
LOSS FORMAT: SEMANTIC_LOSS MEAN_IOU PIX_ACC | DEPTH_LOSS ABS_ERR REL_ERR | NORMAL_LOSS MEAN MED <11.25 <22.5 <30 | ∆m (test)
Epoch: 0159 | lr=0.0001 | epoch lenth=398 | train time: 195.873 s | method mgda | TRAIN: 1.0258 0.3478 0.6296 | 0.4557 0.4557 0.2120 | 0.1023 20.2742 14.8492 0.3849 0.6884 0.7946 || TEST: 1.1790 0.3210 0.6106 | 0.5905 0.5905 0.2459 | 0.1424 24.9766 19.5083 0.2932 0.5675 0.6911 | 0.147
LOSS FORMAT: SEMANTIC_LOSS MEAN_IOU PIX_ACC | DEPTH_LOSS ABS_ERR REL_ERR | NORMAL_LOSS MEAN MED <11.25 <22.5 <30 | ∆m (test)
Epoch: 0160 | lr=0.0001 | epoch lenth=398 | train time: 195.664 s | method mgda | TRAIN: 1.0050 0.3559 0.6386 | 0.4479 0.4479 0.2042 | 0.1022 20.2441 14.7970 0.3865 0.6886 0.7948 || TEST: 1.1597 0.3347 0.6169 | 0.5934 0.5934 0.2500 | 0.1407 24.6261 18.8827 0.3053 0.5806 0.7001 | -1.515
LOSS FORMAT: SEMANTIC_LOSS MEAN_IOU PIX_ACC | DEPTH_LOSS ABS_ERR REL_ERR | NORMAL_LOSS MEAN MED <11.25 <22.5 <30 | ∆m (test)
Epoch: 0161 | lr=0.0001 | epoch lenth=398 | train time: 195.828 s | method mgda | TRAIN: 1.0125 0.3617 0.6411 | 0.4386 0.4386 0.2047 | 0.1015 20.1323 14.6920 0.3903 0.6931 0.7971 || TEST: 1.1563 0.3364 0.6210 | 0.5720 0.5720 0.2346 | 0.1388 24.4886 18.8951 0.3060 0.5802 0.7015 | -2.697
LOSS FORMAT: SEMANTIC_LOSS MEAN_IOU PIX_ACC | DEPTH_LOSS ABS_ERR REL_ERR | NORMAL_LOSS MEAN MED <11.25 <22.5 <30 | ∆m (test)
Epoch: 0162 | lr=0.0001 | epoch lenth=398 | train time: 195.175 s | method mgda | TRAIN: 0.9868 0.3663 0.6466 | 0.4366 0.4366 0.1993 | 0.1007 20.0614 14.6341 0.3905 0.6937 0.7984 || TEST: 1.1820 0.3395 0.6162 | 0.5777 0.5777 0.2403 | 0.1403 24.6242 18.9138 0.3034 0.5798 0.7004 | -2.190
LOSS FORMAT: SEMANTIC_LOSS MEAN_IOU PIX_ACC | DEPTH_LOSS ABS_ERR REL_ERR | NORMAL_LOSS MEAN MED <11.25 <22.5 <30 | ∆m (test)
Epoch: 0163 | lr=0.0001 | epoch lenth=398 | train time: 289.491 s | method mgda | TRAIN: 1.0089 0.3664 0.6391 | 0.4404 0.4404 0.2061 | 0.1021 20.1963 14.7179 0.3897 0.6911 0.7958 || TEST: 1.2318 0.3216 0.5996 | 0.5949 0.5949 0.2577 | 0.1393 24.5150 18.7991 0.3066 0.5820 0.7010 | -0.691
LOSS FORMAT: SEMANTIC_LOSS MEAN_IOU PIX_ACC | DEPTH_LOSS ABS_ERR REL_ERR | NORMAL_LOSS MEAN MED <11.25 <22.5 <30 | ∆m (test)
Epoch: 0164 | lr=0.0001 | epoch lenth=398 | train time: 200.808 s | method mgda | TRAIN: 1.0073 0.3603 0.6334 | 0.4337 0.4337 0.1983 | 0.1011 20.0768 14.6196 0.3923 0.6945 0.7987 || TEST: 1.2060 0.3279 0.6050 | 0.5810 0.5810 0.2392 | 0.1393 24.4596 18.6196 0.3076 0.5860 0.7047 | -2.239
LOSS FORMAT: SEMANTIC_LOSS MEAN_IOU PIX_ACC | DEPTH_LOSS ABS_ERR REL_ERR | NORMAL_LOSS MEAN MED <11.25 <22.5 <30 | ∆m (test)
Epoch: 0165 | lr=0.0001 | epoch lenth=398 | train time: 200.687 s | method mgda | TRAIN: 0.9973 0.3643 0.6384 | 0.4238 0.4238 0.1937 | 0.1012 20.0977 14.6148 0.3914 0.6931 0.7980 || TEST: 1.1890 0.3308 0.6118 | 0.6053 0.6053 0.2553 | 0.1409 24.6486 18.9668 0.3059 0.5787 0.6994 | -0.819
LOSS FORMAT: SEMANTIC_LOSS MEAN_IOU PIX_ACC | DEPTH_LOSS ABS_ERR REL_ERR | NORMAL_LOSS MEAN MED <11.25 <22.5 <30 | ∆m (test)
Epoch: 0166 | lr=0.0001 | epoch lenth=398 | train time: 199.944 s | method mgda | TRAIN: 1.0001 0.3652 0.6419 | 0.4316 0.4316 0.2024 | 0.1007 20.0437 14.6303 0.3936 0.6935 0.7982 || TEST: 1.1667 0.3350 0.6130 | 0.5664 0.5664 0.2293 | 0.1391 24.5674 19.0256 0.3030 0.5774 0.6995 | -2.517
LOSS FORMAT: SEMANTIC_LOSS MEAN_IOU PIX_ACC | DEPTH_LOSS ABS_ERR REL_ERR | NORMAL_LOSS MEAN MED <11.25 <22.5 <30 | ∆m (test)
Epoch: 0167 | lr=0.0001 | epoch lenth=398 | train time: 199.939 s | method mgda | TRAIN: 0.9994 0.3634 0.6410 | 0.4377 0.4377 0.1974 | 0.1013 20.1286 14.7059 0.3894 0.6926 0.7974 || TEST: 1.1972 0.3223 0.6087 | 0.6073 0.6073 0.2277 | 0.1408 24.7122 19.1221 0.3032 0.5754 0.6956 | -1.249
LOSS FORMAT: SEMANTIC_LOSS MEAN_IOU PIX_ACC | DEPTH_LOSS ABS_ERR REL_ERR | NORMAL_LOSS MEAN MED <11.25 <22.5 <30 | ∆m (test)
Epoch: 0168 | lr=0.0001 | epoch lenth=398 | train time: 199.879 s | method mgda | TRAIN: 1.0164 0.3556 0.6351 | 0.4303 0.4303 0.2000 | 0.1016 20.1710 14.7406 0.3885 0.6906 0.7970 || TEST: 1.1903 0.3220 0.6105 | 0.5898 0.5898 0.2327 | 0.1404 24.6251 18.9645 0.3042 0.5794 0.7001 | -1.672
LOSS FORMAT: SEMANTIC_LOSS MEAN_IOU PIX_ACC | DEPTH_LOSS ABS_ERR REL_ERR | NORMAL_LOSS MEAN MED <11.25 <22.5 <30 | ∆m (test)
Epoch: 0169 | lr=0.0001 | epoch lenth=398 | train time: 200.126 s | method mgda | TRAIN: 0.9976 0.3578 0.6411 | 0.4407 0.4407 0.1975 | 0.0987 19.8117 14.4677 0.3969 0.6997 0.8032 || TEST: 1.1694 0.3308 0.6177 | 0.6201 0.6201 0.2710 | 0.1393 24.4061 18.5224 0.3110 0.5888 0.7065 | -0.914
LOSS FORMAT: SEMANTIC_LOSS MEAN_IOU PIX_ACC | DEPTH_LOSS ABS_ERR REL_ERR | NORMAL_LOSS MEAN MED <11.25 <22.5 <30 | ∆m (test)
Epoch: 0170 | lr=0.0001 | epoch lenth=398 | train time: 200.433 s | method mgda | TRAIN: 0.9952 0.3685 0.6438 | 0.4261 0.4261 0.1970 | 0.0994 19.8873 14.4778 0.3958 0.6983 0.8025 || TEST: 1.1669 0.3380 0.6220 | 0.5740 0.5740 0.2392 | 0.1383 24.3310 18.5511 0.3116 0.5885 0.7073 | -3.275
LOSS FORMAT: SEMANTIC_LOSS MEAN_IOU PIX_ACC | DEPTH_LOSS ABS_ERR REL_ERR | NORMAL_LOSS MEAN MED <11.25 <22.5 <30 | ∆m (test)
Epoch: 0171 | lr=0.0001 | epoch lenth=398 | train time: 200.635 s | method mgda | TRAIN: 1.0073 0.3640 0.6432 | 0.4503 0.4503 0.2072 | 0.0998 19.9370 14.5307 0.3950 0.6976 0.8015 || TEST: 1.1699 0.3346 0.6184 | 0.6240 0.6240 0.2350 | 0.1412 24.6652 18.8226 0.3052 0.5818 0.7009 | -1.682
LOSS FORMAT: SEMANTIC_LOSS MEAN_IOU PIX_ACC | DEPTH_LOSS ABS_ERR REL_ERR | NORMAL_LOSS MEAN MED <11.25 <22.5 <30 | ∆m (test)
Epoch: 0172 | lr=0.0001 | epoch lenth=398 | train time: 200.754 s | method mgda | TRAIN: 0.9953 0.3657 0.6449 | 0.4331 0.4331 0.1952 | 0.1010 20.0861 14.6883 0.3915 0.6935 0.7982 || TEST: 1.1991 0.3319 0.6075 | 0.5795 0.5795 0.2338 | 0.1398 24.6052 19.0443 0.3042 0.5772 0.6986 | -1.932
LOSS FORMAT: SEMANTIC_LOSS MEAN_IOU PIX_ACC | DEPTH_LOSS ABS_ERR REL_ERR | NORMAL_LOSS MEAN MED <11.25 <22.5 <30 | ∆m (test)
Epoch: 0173 | lr=0.0001 | epoch lenth=398 | train time: 200.455 s | method mgda | TRAIN: 0.9985 0.3675 0.6393 | 0.4298 0.4298 0.1984 | 0.1000 19.9485 14.4773 0.3949 0.6982 0.8016 || TEST: 1.1695 0.3414 0.6174 | 0.5933 0.5933 0.2538 | 0.1398 24.5441 18.8590 0.3071 0.5809 0.7011 | -1.702
LOSS FORMAT: SEMANTIC_LOSS MEAN_IOU PIX_ACC | DEPTH_LOSS ABS_ERR REL_ERR | NORMAL_LOSS MEAN MED <11.25 <22.5 <30 | ∆m (test)
Epoch: 0174 | lr=0.0001 | epoch lenth=398 | train time: 200.222 s | method mgda | TRAIN: 0.9815 0.3745 0.6460 | 0.4335 0.4335 0.1999 | 0.0992 19.8550 14.4772 0.3966 0.6990 0.8034 || TEST: 1.1589 0.3458 0.6275 | 0.5880 0.5880 0.2481 | 0.1406 24.5816 18.8578 0.3097 0.5806 0.6996 | -2.371
LOSS FORMAT: SEMANTIC_LOSS MEAN_IOU PIX_ACC | DEPTH_LOSS ABS_ERR REL_ERR | NORMAL_LOSS MEAN MED <11.25 <22.5 <30 | ∆m (test)
Epoch: 0175 | lr=0.0001 | epoch lenth=398 | train time: 199.862 s | method mgda | TRAIN: 0.9849 0.3756 0.6506 | 0.4334 0.4334 0.2006 | 0.1006 20.0215 14.6319 0.3925 0.6960 0.8000 || TEST: 1.1591 0.3457 0.6259 | 0.5684 0.5684 0.2217 | 0.1383 24.3981 18.7305 0.3075 0.5847 0.7048 | -3.958
LOSS FORMAT: SEMANTIC_LOSS MEAN_IOU PIX_ACC | DEPTH_LOSS ABS_ERR REL_ERR | NORMAL_LOSS MEAN MED <11.25 <22.5 <30 | ∆m (test)
Epoch: 0176 | lr=0.0001 | epoch lenth=398 | train time: 201.074 s | method mgda | TRAIN: 0.9768 0.3754 0.6511 | 0.4185 0.4185 0.1985 | 0.0995 19.8893 14.4967 0.3967 0.6983 0.8020 || TEST: 1.1911 0.3261 0.6085 | 0.5876 0.5876 0.2355 | 0.1408 24.7537 19.1965 0.2995 0.5732 0.6957 | -1.126
LOSS FORMAT: SEMANTIC_LOSS MEAN_IOU PIX_ACC | DEPTH_LOSS ABS_ERR REL_ERR | NORMAL_LOSS MEAN MED <11.25 <22.5 <30 | ∆m (test)
Epoch: 0177 | lr=0.0001 | epoch lenth=398 | train time: 201.100 s | method mgda | TRAIN: 0.9916 0.3638 0.6411 | 0.4295 0.4295 0.1942 | 0.0986 19.7722 14.3381 0.3997 0.7013 0.8041 || TEST: 1.1894 0.3341 0.6104 | 0.5913 0.5913 0.2272 | 0.1402 24.4921 18.6602 0.3119 0.5851 0.7034 | -2.904
LOSS FORMAT: SEMANTIC_LOSS MEAN_IOU PIX_ACC | DEPTH_LOSS ABS_ERR REL_ERR | NORMAL_LOSS MEAN MED <11.25 <22.5 <30 | ∆m (test)
Epoch: 0178 | lr=0.0001 | epoch lenth=398 | train time: 201.065 s | method mgda | TRAIN: 0.9702 0.3698 0.6460 | 0.4285 0.4285 0.1969 | 0.0970 19.5803 14.1673 0.4044 0.7062 0.8081 || TEST: 1.1727 0.3373 0.6221 | 0.6073 0.6073 0.2435 | 0.1409 24.5467 18.6641 0.3123 0.5846 0.7019 | -2.240
LOSS FORMAT: SEMANTIC_LOSS MEAN_IOU PIX_ACC | DEPTH_LOSS ABS_ERR REL_ERR | NORMAL_LOSS MEAN MED <11.25 <22.5 <30 | ∆m (test)
Epoch: 0179 | lr=0.0001 | epoch lenth=398 | train time: 199.857 s | method mgda | TRAIN: 0.9805 0.3687 0.6486 | 0.4387 0.4387 0.1997 | 0.0969 19.5656 14.2369 0.4057 0.7047 0.8071 || TEST: 1.1585 0.3424 0.6208 | 0.5929 0.5929 0.2537 | 0.1400 24.4592 18.5588 0.3133 0.5869 0.7036 | -2.402
LOSS FORMAT: SEMANTIC_LOSS MEAN_IOU PIX_ACC | DEPTH_LOSS ABS_ERR REL_ERR | NORMAL_LOSS MEAN MED <11.25 <22.5 <30 | ∆m (test)
Epoch: 0180 | lr=0.0001 | epoch lenth=398 | train time: 219.404 s | method mgda | TRAIN: 0.9843 0.3716 0.6483 | 0.4228 0.4228 0.1977 | 0.0979 19.6831 14.2652 0.4022 0.7032 0.8058 || TEST: 1.2203 0.3361 0.6067 | 0.5767 0.5767 0.2437 | 0.1408 24.4886 18.5254 0.3140 0.5876 0.7046 | -2.706
LOSS FORMAT: SEMANTIC_LOSS MEAN_IOU PIX_ACC | DEPTH_LOSS ABS_ERR REL_ERR | NORMAL_LOSS MEAN MED <11.25 <22.5 <30 | ∆m (test)
Epoch: 0181 | lr=0.0001 | epoch lenth=398 | train time: 274.119 s | method mgda | TRAIN: 0.9906 0.3646 0.6400 | 0.4464 0.4464 0.2044 | 0.0986 19.8155 14.4465 0.3941 0.7009 0.8057 || TEST: 1.3825 0.3039 0.5685 | 0.6313 0.6313 0.2351 | 0.1430 24.8423 19.0501 0.3023 0.5769 0.6973 | 0.672
LOSS FORMAT: SEMANTIC_LOSS MEAN_IOU PIX_ACC | DEPTH_LOSS ABS_ERR REL_ERR | NORMAL_LOSS MEAN MED <11.25 <22.5 <30 | ∆m (test)
Epoch: 0182 | lr=0.0001 | epoch lenth=398 | train time: 198.830 s | method mgda | TRAIN: 1.0218 0.3463 0.6195 | 0.4448 0.4448 0.2043 | 0.0994 19.8591 14.4644 0.3974 0.6996 0.8030 || TEST: 1.1702 0.3333 0.6183 | 0.6277 0.6277 0.2327 | 0.1428 24.8290 19.0946 0.3042 0.5753 0.6955 | -1.197
LOSS FORMAT: SEMANTIC_LOSS MEAN_IOU PIX_ACC | DEPTH_LOSS ABS_ERR REL_ERR | NORMAL_LOSS MEAN MED <11.25 <22.5 <30 | ∆m (test)
Epoch: 0183 | lr=0.0001 | epoch lenth=398 | train time: 198.359 s | method mgda | TRAIN: 0.9659 0.3715 0.6516 | 0.4354 0.4354 0.1959 | 0.0964 19.5343 14.2324 0.4034 0.7066 0.8097 || TEST: 1.2077 0.3403 0.6088 | 0.5901 0.5901 0.2285 | 0.1405 24.5939 18.8742 0.3080 0.5806 0.7008 | -2.580
LOSS FORMAT: SEMANTIC_LOSS MEAN_IOU PIX_ACC | DEPTH_LOSS ABS_ERR REL_ERR | NORMAL_LOSS MEAN MED <11.25 <22.5 <30 | ∆m (test)
Epoch: 0184 | lr=0.0001 | epoch lenth=398 | train time: 198.043 s | method mgda | TRAIN: 0.9659 0.3765 0.6452 | 0.4223 0.4223 0.1910 | 0.0948 19.3642 14.0639 0.4061 0.7101 0.8128 || TEST: 1.1755 0.3464 0.6109 | 0.6248 0.6248 0.2690 | 0.1412 24.5080 18.5141 0.3155 0.5871 0.7041 | -1.310
LOSS FORMAT: SEMANTIC_LOSS MEAN_IOU PIX_ACC | DEPTH_LOSS ABS_ERR REL_ERR | NORMAL_LOSS MEAN MED <11.25 <22.5 <30 | ∆m (test)
Epoch: 0185 | lr=0.0001 | epoch lenth=398 | train time: 199.668 s | method mgda | TRAIN: 0.9759 0.3777 0.6436 | 0.4069 0.4069 0.1868 | 0.0971 19.6069 14.2727 0.4023 0.7054 0.8079 || TEST: 1.1857 0.3338 0.6091 | 0.6160 0.6160 0.2307 | 0.1425 24.8146 19.0510 0.3026 0.5768 0.6961 | -1.336
LOSS FORMAT: SEMANTIC_LOSS MEAN_IOU PIX_ACC | DEPTH_LOSS ABS_ERR REL_ERR | NORMAL_LOSS MEAN MED <11.25 <22.5 <30 | ∆m (test)
Epoch: 0186 | lr=0.0001 | epoch lenth=398 | train time: 198.505 s | method mgda | TRAIN: 0.9585 0.3698 0.6477 | 0.4215 0.4215 0.1968 | 0.0951 19.3384 13.9502 0.4102 0.7118 0.8126 || TEST: 1.1902 0.3391 0.6102 | 0.5722 0.5722 0.2360 | 0.1397 24.6317 19.1342 0.3018 0.5751 0.6979 | -2.013
LOSS FORMAT: SEMANTIC_LOSS MEAN_IOU PIX_ACC | DEPTH_LOSS ABS_ERR REL_ERR | NORMAL_LOSS MEAN MED <11.25 <22.5 <30 | ∆m (test)
Epoch: 0187 | lr=0.0001 | epoch lenth=398 | train time: 197.987 s | method mgda | TRAIN: 0.9633 0.3769 0.6465 | 0.4157 0.4157 0.1931 | 0.0959 19.4405 14.0955 0.4069 0.7103 0.8112 || TEST: 1.1716 0.3413 0.6182 | 0.5728 0.5728 0.2364 | 0.1391 24.5372 18.9996 0.3046 0.5785 0.7005 | -2.525
LOSS FORMAT: SEMANTIC_LOSS MEAN_IOU PIX_ACC | DEPTH_LOSS ABS_ERR REL_ERR | NORMAL_LOSS MEAN MED <11.25 <22.5 <30 | ∆m (test)
Epoch: 0188 | lr=0.0001 | epoch lenth=398 | train time: 198.910 s | method mgda | TRAIN: 0.9555 0.3788 0.6529 | 0.4222 0.4222 0.1949 | 0.0959 19.4230 14.0709 0.4083 0.7106 0.8112 || TEST: 1.1513 0.3417 0.6244 | 0.5818 0.5818 0.2296 | 0.1399 24.5274 18.7706 0.3076 0.5825 0.7022 | -3.117
LOSS FORMAT: SEMANTIC_LOSS MEAN_IOU PIX_ACC | DEPTH_LOSS ABS_ERR REL_ERR | NORMAL_LOSS MEAN MED <11.25 <22.5 <30 | ∆m (test)
Epoch: 0189 | lr=0.0001 | epoch lenth=398 | train time: 198.098 s | method mgda | TRAIN: 0.9738 0.3754 0.6527 | 0.4260 0.4260 0.1926 | 0.0962 19.4816 14.1116 0.4060 0.7086 0.8104 || TEST: 1.1604 0.3494 0.6250 | 0.5743 0.5743 0.2431 | 0.1397 24.4860 18.7294 0.3090 0.5844 0.7038 | -3.090
LOSS FORMAT: SEMANTIC_LOSS MEAN_IOU PIX_ACC | DEPTH_LOSS ABS_ERR REL_ERR | NORMAL_LOSS MEAN MED <11.25 <22.5 <30 | ∆m (test)
Epoch: 0190 | lr=0.0001 | epoch lenth=398 | train time: 198.521 s | method mgda | TRAIN: 0.9509 0.3824 0.6562 | 0.4245 0.4245 0.1922 | 0.0946 19.2935 14.0029 0.4112 0.7126 0.8130 || TEST: 1.1661 0.3436 0.6200 | 0.5969 0.5969 0.2457 | 0.1421 24.6268 18.6259 0.3122 0.5848 0.7019 | -2.459
LOSS FORMAT: SEMANTIC_LOSS MEAN_IOU PIX_ACC | DEPTH_LOSS ABS_ERR REL_ERR | NORMAL_LOSS MEAN MED <11.25 <22.5 <30 | ∆m (test)
Epoch: 0191 | lr=0.0001 | epoch lenth=398 | train time: 197.954 s | method mgda | TRAIN: 0.9713 0.3798 0.6482 | 0.4319 0.4319 0.1953 | 0.0952 19.3330 13.9884 0.4121 0.7118 0.8123 || TEST: 1.1539 0.3286 0.6164 | 0.5957 0.5957 0.2287 | 0.1390 24.4122 18.6437 0.3107 0.5859 0.7047 | -2.756
LOSS FORMAT: SEMANTIC_LOSS MEAN_IOU PIX_ACC | DEPTH_LOSS ABS_ERR REL_ERR | NORMAL_LOSS MEAN MED <11.25 <22.5 <30 | ∆m (test)
Epoch: 0192 | lr=0.0001 | epoch lenth=398 | train time: 197.991 s | method mgda | TRAIN: 0.9733 0.3712 0.6484 | 0.4251 0.4251 0.1962 | 0.0941 19.2465 14.0026 0.4099 0.7145 0.8155 || TEST: 1.1707 0.3426 0.6207 | 0.5791 0.5791 0.2466 | 0.1395 24.3832 18.5094 0.3158 0.5874 0.7051 | -3.105
LOSS FORMAT: SEMANTIC_LOSS MEAN_IOU PIX_ACC | DEPTH_LOSS ABS_ERR REL_ERR | NORMAL_LOSS MEAN MED <11.25 <22.5 <30 | ∆m (test)
Epoch: 0193 | lr=0.0001 | epoch lenth=398 | train time: 197.211 s | method mgda | TRAIN: 0.9412 0.3805 0.6546 | 0.4040 0.4040 0.1873 | 0.0948 19.3192 13.9757 0.4084 0.7137 0.8150 || TEST: 1.1687 0.3405 0.6193 | 0.5742 0.5742 0.2376 | 0.1398 24.4212 18.5524 0.3138 0.5873 0.7053 | -3.346
LOSS FORMAT: SEMANTIC_LOSS MEAN_IOU PIX_ACC | DEPTH_LOSS ABS_ERR REL_ERR | NORMAL_LOSS MEAN MED <11.25 <22.5 <30 | ∆m (test)
Epoch: 0194 | lr=0.0001 | epoch lenth=398 | train time: 197.808 s | method mgda | TRAIN: 0.9566 0.3796 0.6525 | 0.4137 0.4137 0.1941 | 0.0942 19.2515 13.9229 0.4106 0.7143 0.8149 || TEST: 1.1775 0.3465 0.6210 | 0.5933 0.5933 0.2518 | 0.1398 24.3661 18.4073 0.3162 0.5908 0.7075 | -2.972
LOSS FORMAT: SEMANTIC_LOSS MEAN_IOU PIX_ACC | DEPTH_LOSS ABS_ERR REL_ERR | NORMAL_LOSS MEAN MED <11.25 <22.5 <30 | ∆m (test)
Epoch: 0195 | lr=0.0001 | epoch lenth=398 | train time: 197.849 s | method mgda | TRAIN: 0.9506 0.3792 0.6541 | 0.4226 0.4226 0.1936 | 0.0955 19.3851 14.0121 0.4088 0.7115 0.8126 || TEST: 1.1636 0.3366 0.6211 | 0.5846 0.5846 0.2225 | 0.1393 24.4860 18.7904 0.3085 0.5821 0.7019 | -3.180
LOSS FORMAT: SEMANTIC_LOSS MEAN_IOU PIX_ACC | DEPTH_LOSS ABS_ERR REL_ERR | NORMAL_LOSS MEAN MED <11.25 <22.5 <30 | ∆m (test)
Epoch: 0196 | lr=0.0001 | epoch lenth=398 | train time: 199.684 s | method mgda | TRAIN: 0.9587 0.3745 0.6514 | 0.4119 0.4119 0.1886 | 0.0943 19.2412 13.9090 0.4113 0.7159 0.8157 || TEST: 1.1764 0.3416 0.6205 | 0.6185 0.6185 0.2721 | 0.1416 24.6130 18.7300 0.3107 0.5833 0.7010 | -0.844
LOSS FORMAT: SEMANTIC_LOSS MEAN_IOU PIX_ACC | DEPTH_LOSS ABS_ERR REL_ERR | NORMAL_LOSS MEAN MED <11.25 <22.5 <30 | ∆m (test)
Epoch: 0197 | lr=0.0001 | epoch lenth=398 | train time: 198.969 s | method mgda | TRAIN: 0.9629 0.3802 0.6521 | 0.4244 0.4244 0.1899 | 0.0940 19.1985 13.8427 0.4143 0.7151 0.8154 || TEST: 1.2057 0.3297 0.6006 | 0.6048 0.6048 0.2338 | 0.1406 24.5624 18.7529 0.3086 0.5833 0.7025 | -1.864
LOSS FORMAT: SEMANTIC_LOSS MEAN_IOU PIX_ACC | DEPTH_LOSS ABS_ERR REL_ERR | NORMAL_LOSS MEAN MED <11.25 <22.5 <30 | ∆m (test)
Epoch: 0198 | lr=0.0001 | epoch lenth=398 | train time: 301.466 s | method mgda | TRAIN: 0.9363 0.3814 0.6473 | 0.4196 0.4196 0.1903 | 0.0914 18.9060 13.6665 0.4198 0.7228 0.8214 || TEST: 1.1696 0.3455 0.6200 | 0.6207 0.6207 0.2288 | 0.1397 24.5128 18.8666 0.3088 0.5813 0.7015 | -2.504
LOSS FORMAT: SEMANTIC_LOSS MEAN_IOU PIX_ACC | DEPTH_LOSS ABS_ERR REL_ERR | NORMAL_LOSS MEAN MED <11.25 <22.5 <30 | ∆m (test)
Epoch: 0199 | lr=0.0001 | epoch lenth=398 | train time: 198.669 s | method mgda | TRAIN: 0.9294 0.3894 0.6587 | 0.4117 0.4117 0.1841 | 0.0929 19.0594 13.8044 0.4164 0.7202 0.8193 || TEST: 1.1652 0.3435 0.6172 | 0.5971 0.5971 0.2260 | 0.1395 24.5214 18.9190 0.3079 0.5796 0.7007 | -2.784
Training finished. ['1.9771 0.8615 42.1267', '1.8975 0.8942 38.9709', '1.9682 1.1578 39.4956', '1.8278 0.8737 37.7453', '1.8042 0.7914 36.0264', '1.7615 0.8035 35.9303', '1.7229 0.9721 34.7114', '1.7703 0.7871 34.6668', '1.7287 0.9018 35.7895', '1.6717 0.7857 32.8544', '1.7137 0.9769 33.5643', '1.6436 0.8247 33.2736', '1.7165 0.8095 32.8905', '1.7069 0.7348 31.9425', '1.6620 0.7949 32.6665', '1.5898 0.7694 31.4741', '1.6139 1.0244 30.8667', '1.5778 0.7848 31.5473', '1.6246 0.7582 31.0912', '1.5882 0.8329 30.4460', '1.5532 0.7966 29.9443', '1.6714 0.7981 29.7434', '1.5476 0.8863 30.0096', '1.5621 0.7719 30.1903', '1.5754 0.7472 29.7908', '1.6115 0.7843 29.8943', '1.5221 0.8029 28.9722', '1.5411 0.7843 29.3772', '1.5032 0.7368 29.1007', '1.5246 0.6920 28.7903', '1.5207 0.7391 29.1457', '1.5054 0.8295 29.1180', '1.5006 0.7489 28.8865', '1.5280 0.8513 28.9072', '1.4789 0.7110 28.9754', '1.4567 0.7390 28.4505', '1.4733 0.6989 28.2069', '1.4578 0.7419 28.2873', '1.6846 0.7013 28.3208', '1.4273 0.7021 28.0917', '1.4635 0.7899 27.7136', '1.4576 0.7202 27.9870', '1.4323 0.7448 28.6110', '1.4556 0.6710 27.2577', '1.4638 0.7177 27.8135', '1.4464 0.7072 27.7261', '1.4296 0.6690 27.5254', '1.4611 0.7149 27.5513', '1.4194 0.6876 27.2223', '1.3744 0.6558 26.8477', '1.4036 0.7016 27.7387', '1.3765 0.6389 26.8818', '1.4040 0.6616 26.8530', '1.4014 0.6777 27.1806', '1.3971 0.6747 26.9471', '1.4443 0.7549 26.7541', '1.3821 0.6784 27.0200', '1.4005 0.6580 27.0700', '1.4303 0.6701 26.8559', '1.3917 0.6657 26.8403', '1.3672 0.6853 26.7219', '1.3392 0.6547 26.5723', '1.3835 0.6947 27.0873', '1.4076 0.7206 27.0426', '1.3479 0.6592 26.5381', '1.3569 0.7197 26.5039', '1.4109 0.8068 27.3407', '1.3577 0.8868 26.8003', '1.3822 0.6925 26.5589', '1.3720 0.6851 26.2483', '1.3345 0.6460 26.5863', '1.3936 0.7345 26.9868', '1.3319 0.6378 25.9265', '1.3343 0.6597 26.2177', '1.3054 0.6945 26.1574', '1.3545 0.6643 26.2039', '1.3515 0.6646 26.4477', '1.3141 0.6222 26.2350', '1.3158 0.7471 26.0935', '1.2857 0.6441 25.9198', '1.3212 0.7103 25.9589', '1.3065 0.6398 26.1489', '1.3290 0.6527 25.8667', '1.3116 0.6225 25.7365', '1.3293 0.6947 25.6931', '1.3004 0.6273 25.6167', '1.3542 0.6272 25.7838', '1.2727 0.6058 25.5154', '1.3312 0.6438 26.1646', '1.3260 0.6389 25.8536', '1.3015 0.6458 26.2480', '1.3012 0.6447 25.9285', '1.3082 0.7625 26.0742', '1.2858 0.6686 25.5657', '1.3286 0.6789 25.8747', '1.2810 0.6996 25.7894', '1.2975 0.7036 26.3570', '1.2682 0.7570 25.5565', '1.2513 0.6220 25.5522', '1.2847 0.6113 25.7756', '1.2330 0.6387 25.2819', '1.2214 0.6231 24.9313', '1.2237 0.6105 24.8397', '1.2317 0.6076 24.9910', '1.2150 0.6334 25.1543', '1.2399 0.5997 24.8362', '1.2091 0.5862 24.7111', '1.2123 0.6111 24.7335', '1.2285 0.5980 24.6525', '1.2360 0.5975 24.9549', '1.2342 0.6601 24.9343', '1.2292 0.5905 24.8299', '1.2063 0.6054 24.9490', '1.2129 0.5978 24.5370', '1.2169 0.6007 24.8782', '1.1923 0.5883 24.6027', '1.2049 0.6039 24.6995', '1.2080 0.6112 24.7998', '1.1924 0.6133 24.6388', '1.2552 0.6113 25.0321', '1.2424 0.6019 24.8777', '1.2088 0.5871 24.6284', '1.2192 0.5845 24.7475', '1.2270 0.6703 24.7875', '1.2118 0.6531 24.5876', '1.1812 0.5773 24.7051', '1.1893 0.6160 24.7370', '1.1876 0.5908 24.6310', '1.2089 0.5991 24.5730', '1.2177 0.5820 24.8340', '1.1920 0.5894 24.6511', '1.2087 0.6114 24.7596', '1.2340 0.5847 25.0518', '1.1876 0.5640 24.6363', '1.1990 0.5932 24.5735', '1.2280 0.6865 24.6870', '1.2076 0.6048 24.6976', '1.2640 0.6046 24.6803', '1.1811 0.5791 24.6199', '1.2101 0.5769 24.6360', '1.1870 0.6865 24.7434', '1.2086 0.5836 24.5678', '1.1810 0.5729 24.5512', '1.1955 0.5762 24.5364', '1.1822 0.5893 24.7265', '1.1966 0.5875 24.8241', '1.1940 0.5803 24.5490', '1.1928 0.6269 25.0619', '1.2099 0.5998 24.8010', '1.1940 0.6129 24.7009', '1.1649 0.6288 24.7900', '1.1860 0.6445 24.5856', '1.2202 0.5954 24.7032', '1.1657 0.5853 24.5660', '1.2052 0.6017 24.9930', '1.2008 0.5866 24.5553', '1.1730 0.5643 24.8342', '1.1832 0.6063 24.7606', '1.1975 0.5931 24.5867', '1.1790 0.5905 24.9766', '1.1597 0.5934 24.6261', '1.1563 0.5720 24.4886', '1.1820 0.5777 24.6242', '1.2318 0.5949 24.5150', '1.2060 0.5810 24.4596', '1.1890 0.6053 24.6486', '1.1667 0.5664 24.5674', '1.1972 0.6073 24.7122', '1.1903 0.5898 24.6251', '1.1694 0.6201 24.4061', '1.1669 0.5740 24.3310', '1.1699 0.6240 24.6652', '1.1991 0.5795 24.6052', '1.1695 0.5933 24.5441', '1.1589 0.5880 24.5816', '1.1591 0.5684 24.3981', '1.1911 0.5876 24.7537', '1.1894 0.5913 24.4921', '1.1727 0.6073 24.5467', '1.1585 0.5929 24.4592', '1.2203 0.5767 24.4886', '1.3825 0.6313 24.8423', '1.1702 0.6277 24.8290', '1.2077 0.5901 24.5939', '1.1755 0.6248 24.5080', '1.1857 0.6160 24.8146', '1.1902 0.5722 24.6317', '1.1716 0.5728 24.5372', '1.1513 0.5818 24.5274', '1.1604 0.5743 24.4860', '1.1661 0.5969 24.6268', '1.1539 0.5957 24.4122', '1.1707 0.5791 24.3832', '1.1687 0.5742 24.4212', '1.1775 0.5933 24.3661', '1.1636 0.5846 24.4860', '1.1764 0.6185 24.6130', '1.2057 0.6048 24.5624', '1.1696 0.6207 24.5128', '1.1652 0.5971 24.5214']
