Defaulting to user installation because normal site-packages is not writeable
Looking in indexes: https://pypi.org/simple, https://download.pytorch.org/whl/cu113
Requirement already satisfied: torch==1.12.1+cu113 in /home/mx6835/.local/lib/python3.10/site-packages (1.12.1+cu113)
Requirement already satisfied: torchvision==0.13.1+cu113 in /home/mx6835/.local/lib/python3.10/site-packages (0.13.1+cu113)
Requirement already satisfied: torchaudio==0.12.1 in /home/mx6835/.local/lib/python3.10/site-packages (0.12.1+cu113)
Requirement already satisfied: typing-extensions in /home/mx6835/.local/lib/python3.10/site-packages (from torch==1.12.1+cu113) (4.7.1)
Requirement already satisfied: requests in /home/mx6835/.local/lib/python3.10/site-packages (from torchvision==0.13.1+cu113) (2.31.0)
Requirement already satisfied: numpy in /home/mx6835/.local/lib/python3.10/site-packages (from torchvision==0.13.1+cu113) (1.25.2)
Requirement already satisfied: pillow!=8.3.*,>=5.3.0 in /home/mx6835/.local/lib/python3.10/site-packages (from torchvision==0.13.1+cu113) (10.1.0)
Requirement already satisfied: certifi>=2017.4.17 in /home/mx6835/.local/lib/python3.10/site-packages (from requests->torchvision==0.13.1+cu113) (2023.7.22)
Requirement already satisfied: idna<4,>=2.5 in /home/mx6835/.local/lib/python3.10/site-packages (from requests->torchvision==0.13.1+cu113) (3.4)
Requirement already satisfied: urllib3<3,>=1.21.1 in /home/mx6835/.local/lib/python3.10/site-packages (from requests->torchvision==0.13.1+cu113) (2.0.4)
Requirement already satisfied: charset-normalizer<4,>=2 in /home/mx6835/.local/lib/python3.10/site-packages (from requests->torchvision==0.13.1+cu113) (3.2.0)
Defaulting to user installation because normal site-packages is not writeable
Obtaining file:///home/mx6835/acdemic/MM/MTL-main
  Preparing metadata (setup.py): started
  Preparing metadata (setup.py): finished with status 'done'
Requirement already satisfied: matplotlib>=3.2.1 in /home/mx6835/.local/lib/python3.10/site-packages (from mtl==1.0.0) (3.8.0)
Requirement already satisfied: numpy>=1.18.2 in /home/mx6835/.local/lib/python3.10/site-packages (from mtl==1.0.0) (1.25.2)
Requirement already satisfied: cvxpy in /home/mx6835/.local/lib/python3.10/site-packages (from mtl==1.0.0) (1.4.3)
Requirement already satisfied: tqdm>=4.45.0 in /home/mx6835/.local/lib/python3.10/site-packages (from mtl==1.0.0) (4.66.1)
Requirement already satisfied: pandas in /home/mx6835/.local/lib/python3.10/site-packages (from mtl==1.0.0) (2.1.0)
Requirement already satisfied: scikit-learn in /home/mx6835/.local/lib/python3.10/site-packages (from mtl==1.0.0) (1.0.2)
Requirement already satisfied: seaborn in /home/mx6835/.local/lib/python3.10/site-packages (from mtl==1.0.0) (0.13.2)
Requirement already satisfied: wandb==0.12.21 in /home/mx6835/.local/lib/python3.10/site-packages (from mtl==1.0.0) (0.12.21)
Requirement already satisfied: plotly in /home/mx6835/.local/lib/python3.10/site-packages (from mtl==1.0.0) (5.20.0)
Requirement already satisfied: torch_geometric in /home/mx6835/.local/lib/python3.10/site-packages (from mtl==1.0.0) (2.5.2)
Requirement already satisfied: GitPython>=1.0.0 in /home/mx6835/.local/lib/python3.10/site-packages (from wandb==0.12.21->mtl==1.0.0) (3.1.43)
Requirement already satisfied: pathtools in /home/mx6835/.local/lib/python3.10/site-packages (from wandb==0.12.21->mtl==1.0.0) (0.1.2)
Requirement already satisfied: shortuuid>=0.5.0 in /home/mx6835/.local/lib/python3.10/site-packages (from wandb==0.12.21->mtl==1.0.0) (1.0.13)
Requirement already satisfied: protobuf<4.0dev,>=3.12.0 in /home/mx6835/.local/lib/python3.10/site-packages (from wandb==0.12.21->mtl==1.0.0) (3.20.3)
Requirement already satisfied: setuptools in /home/mx6835/.local/lib/python3.10/site-packages (from wandb==0.12.21->mtl==1.0.0) (69.1.0)
Requirement already satisfied: Click!=8.0.0,>=7.0 in /home/mx6835/.local/lib/python3.10/site-packages (from wandb==0.12.21->mtl==1.0.0) (8.1.7)
Requirement already satisfied: psutil>=5.0.0 in /home/mx6835/.local/lib/python3.10/site-packages (from wandb==0.12.21->mtl==1.0.0) (5.9.5)
Requirement already satisfied: docker-pycreds>=0.4.0 in /home/mx6835/.local/lib/python3.10/site-packages (from wandb==0.12.21->mtl==1.0.0) (0.4.0)
Requirement already satisfied: sentry-sdk>=1.0.0 in /home/mx6835/.local/lib/python3.10/site-packages (from wandb==0.12.21->mtl==1.0.0) (1.45.0)
Requirement already satisfied: PyYAML in /home/mx6835/.local/lib/python3.10/site-packages (from wandb==0.12.21->mtl==1.0.0) (6.0.1)
Requirement already satisfied: setproctitle in /home/mx6835/.local/lib/python3.10/site-packages (from wandb==0.12.21->mtl==1.0.0) (1.3.3)
Requirement already satisfied: six>=1.13.0 in /home/mx6835/.local/lib/python3.10/site-packages (from wandb==0.12.21->mtl==1.0.0) (1.16.0)
Requirement already satisfied: requests<3,>=2.0.0 in /home/mx6835/.local/lib/python3.10/site-packages (from wandb==0.12.21->mtl==1.0.0) (2.31.0)
Requirement already satisfied: promise<3,>=2.0 in /home/mx6835/.local/lib/python3.10/site-packages (from wandb==0.12.21->mtl==1.0.0) (2.3)
Requirement already satisfied: cycler>=0.10 in /home/mx6835/.local/lib/python3.10/site-packages (from matplotlib>=3.2.1->mtl==1.0.0) (0.12.1)
Requirement already satisfied: fonttools>=4.22.0 in /home/mx6835/.local/lib/python3.10/site-packages (from matplotlib>=3.2.1->mtl==1.0.0) (4.43.1)
Requirement already satisfied: kiwisolver>=1.0.1 in /home/mx6835/.local/lib/python3.10/site-packages (from matplotlib>=3.2.1->mtl==1.0.0) (1.4.5)
Requirement already satisfied: pillow>=6.2.0 in /home/mx6835/.local/lib/python3.10/site-packages (from matplotlib>=3.2.1->mtl==1.0.0) (10.1.0)
Requirement already satisfied: pyparsing>=2.3.1 in /home/mx6835/.local/lib/python3.10/site-packages (from matplotlib>=3.2.1->mtl==1.0.0) (3.1.1)
Requirement already satisfied: packaging>=20.0 in /home/mx6835/.local/lib/python3.10/site-packages (from matplotlib>=3.2.1->mtl==1.0.0) (23.1)
Requirement already satisfied: python-dateutil>=2.7 in /home/mx6835/.local/lib/python3.10/site-packages (from matplotlib>=3.2.1->mtl==1.0.0) (2.8.2)
Requirement already satisfied: contourpy>=1.0.1 in /home/mx6835/.local/lib/python3.10/site-packages (from matplotlib>=3.2.1->mtl==1.0.0) (1.1.1)
Requirement already satisfied: scs>=3.0 in /home/mx6835/.local/lib/python3.10/site-packages (from cvxpy->mtl==1.0.0) (3.2.4.post1)
Requirement already satisfied: pybind11 in /home/mx6835/.local/lib/python3.10/site-packages (from cvxpy->mtl==1.0.0) (2.12.0)
Requirement already satisfied: osqp>=0.6.2 in /home/mx6835/.local/lib/python3.10/site-packages (from cvxpy->mtl==1.0.0) (0.6.5)
Requirement already satisfied: ecos>=2 in /home/mx6835/.local/lib/python3.10/site-packages (from cvxpy->mtl==1.0.0) (2.0.13)
Requirement already satisfied: clarabel>=0.5.0 in /home/mx6835/.local/lib/python3.10/site-packages (from cvxpy->mtl==1.0.0) (0.7.1)
Requirement already satisfied: scipy>=1.1.0 in /home/mx6835/.local/lib/python3.10/site-packages (from cvxpy->mtl==1.0.0) (1.11.2)
Requirement already satisfied: pytz>=2020.1 in /home/mx6835/.local/lib/python3.10/site-packages (from pandas->mtl==1.0.0) (2023.3)
Requirement already satisfied: tzdata>=2022.1 in /home/mx6835/.local/lib/python3.10/site-packages (from pandas->mtl==1.0.0) (2023.3)
Requirement already satisfied: tenacity>=6.2.0 in /home/mx6835/.local/lib/python3.10/site-packages (from plotly->mtl==1.0.0) (8.2.3)
Requirement already satisfied: joblib>=0.11 in /home/mx6835/.local/lib/python3.10/site-packages (from scikit-learn->mtl==1.0.0) (1.3.2)
Requirement already satisfied: threadpoolctl>=2.0.0 in /home/mx6835/.local/lib/python3.10/site-packages (from scikit-learn->mtl==1.0.0) (3.2.0)
Requirement already satisfied: fsspec in /home/mx6835/.local/lib/python3.10/site-packages (from torch_geometric->mtl==1.0.0) (2023.6.0)
Requirement already satisfied: jinja2 in /home/mx6835/.local/lib/python3.10/site-packages (from torch_geometric->mtl==1.0.0) (3.1.2)
Requirement already satisfied: aiohttp in /home/mx6835/.local/lib/python3.10/site-packages (from torch_geometric->mtl==1.0.0) (3.8.5)
Requirement already satisfied: gitdb<5,>=4.0.1 in /home/mx6835/.local/lib/python3.10/site-packages (from GitPython>=1.0.0->wandb==0.12.21->mtl==1.0.0) (4.0.11)
Requirement already satisfied: qdldl in /home/mx6835/.local/lib/python3.10/site-packages (from osqp>=0.6.2->cvxpy->mtl==1.0.0) (0.1.7.post1)
Requirement already satisfied: urllib3<3,>=1.21.1 in /home/mx6835/.local/lib/python3.10/site-packages (from requests<3,>=2.0.0->wandb==0.12.21->mtl==1.0.0) (2.0.4)
Requirement already satisfied: idna<4,>=2.5 in /home/mx6835/.local/lib/python3.10/site-packages (from requests<3,>=2.0.0->wandb==0.12.21->mtl==1.0.0) (3.4)
Requirement already satisfied: certifi>=2017.4.17 in /home/mx6835/.local/lib/python3.10/site-packages (from requests<3,>=2.0.0->wandb==0.12.21->mtl==1.0.0) (2023.7.22)
Requirement already satisfied: charset-normalizer<4,>=2 in /home/mx6835/.local/lib/python3.10/site-packages (from requests<3,>=2.0.0->wandb==0.12.21->mtl==1.0.0) (3.2.0)
Requirement already satisfied: multidict<7.0,>=4.5 in /home/mx6835/.local/lib/python3.10/site-packages (from aiohttp->torch_geometric->mtl==1.0.0) (6.0.4)
Requirement already satisfied: async-timeout<5.0,>=4.0.0a3 in /home/mx6835/.local/lib/python3.10/site-packages (from aiohttp->torch_geometric->mtl==1.0.0) (4.0.3)
Requirement already satisfied: attrs>=17.3.0 in /home/mx6835/.local/lib/python3.10/site-packages (from aiohttp->torch_geometric->mtl==1.0.0) (23.1.0)
Requirement already satisfied: frozenlist>=1.1.1 in /home/mx6835/.local/lib/python3.10/site-packages (from aiohttp->torch_geometric->mtl==1.0.0) (1.4.0)
Requirement already satisfied: aiosignal>=1.1.2 in /home/mx6835/.local/lib/python3.10/site-packages (from aiohttp->torch_geometric->mtl==1.0.0) (1.3.1)
Requirement already satisfied: yarl<2.0,>=1.0 in /home/mx6835/.local/lib/python3.10/site-packages (from aiohttp->torch_geometric->mtl==1.0.0) (1.9.2)
Requirement already satisfied: MarkupSafe>=2.0 in /home/mx6835/.local/lib/python3.10/site-packages (from jinja2->torch_geometric->mtl==1.0.0) (2.1.3)
Requirement already satisfied: smmap<6,>=3.0.1 in /home/mx6835/.local/lib/python3.10/site-packages (from gitdb<5,>=4.0.1->GitPython>=1.0.0->wandb==0.12.21->mtl==1.0.0) (5.0.1)
Installing collected packages: mtl
  Attempting uninstall: mtl
    Found existing installation: mtl 1.0.0
    Uninstalling mtl-1.0.0:
      Successfully uninstalled mtl-1.0.0
  Running setup.py develop for mtl
Successfully installed mtl-1.0.0
LOSS FORMAT: SEMANTIC_LOSS MEAN_IOU PIX_ACC | DEPTH_LOSS ABS_ERR REL_ERR | NORMAL_LOSS MEAN MED <11.25 <22.5 <30 | ∆m (test)
Epoch: 0000 | lr=0.0001 | epoch lenth=398 | train time: 181.695 s | method imtl | TRAIN: 1.9966 0.0691 0.3280 | 0.8772 0.8772 0.4145 | 0.3582 46.2974 44.6533 0.0412 0.1575 0.2679 || TEST: 1.9016 0.0818 0.3504 | 0.8816 0.8816 0.3453 | 0.3163 43.4920 42.4067 0.0426 0.1582 0.2740 | 65.737
LOSS FORMAT: SEMANTIC_LOSS MEAN_IOU PIX_ACC | DEPTH_LOSS ABS_ERR REL_ERR | NORMAL_LOSS MEAN MED <11.25 <22.5 <30 | ∆m (test)
Epoch: 0001 | lr=0.0001 | epoch lenth=398 | train time: 177.038 s | method imtl | TRAIN: 1.8170 0.0847 0.3657 | 0.8228 0.8228 0.3883 | 0.3055 42.0351 40.2567 0.0565 0.2097 0.3347 || TEST: 1.7527 0.1025 0.3968 | 0.8265 0.8265 0.3475 | 0.2825 40.2690 38.8264 0.0617 0.2269 0.3530 | 56.705
LOSS FORMAT: SEMANTIC_LOSS MEAN_IOU PIX_ACC | DEPTH_LOSS ABS_ERR REL_ERR | NORMAL_LOSS MEAN MED <11.25 <22.5 <30 | ∆m (test)
Epoch: 0002 | lr=0.0001 | epoch lenth=398 | train time: 175.774 s | method imtl | TRAIN: 1.7545 0.0991 0.3998 | 0.7990 0.7990 0.3866 | 0.2901 40.5458 38.6809 0.0701 0.2406 0.3649 || TEST: 1.7932 0.0848 0.3789 | 1.1654 1.1654 0.3808 | 0.2891 40.6861 39.2840 0.0658 0.2276 0.3509 | 64.752
LOSS FORMAT: SEMANTIC_LOSS MEAN_IOU PIX_ACC | DEPTH_LOSS ABS_ERR REL_ERR | NORMAL_LOSS MEAN MED <11.25 <22.5 <30 | ∆m (test)
Epoch: 0003 | lr=0.0001 | epoch lenth=398 | train time: 176.781 s | method imtl | TRAIN: 1.7242 0.0947 0.3962 | 0.8006 0.8006 0.3774 | 0.2805 39.7170 37.6610 0.0752 0.2507 0.3777 || TEST: 1.7236 0.1075 0.4160 | 0.8432 0.8432 0.3080 | 0.2706 38.8510 37.1549 0.0866 0.2645 0.3867 | 51.134
LOSS FORMAT: SEMANTIC_LOSS MEAN_IOU PIX_ACC | DEPTH_LOSS ABS_ERR REL_ERR | NORMAL_LOSS MEAN MED <11.25 <22.5 <30 | ∆m (test)
Epoch: 0004 | lr=0.0001 | epoch lenth=398 | train time: 177.506 s | method imtl | TRAIN: 1.6929 0.1080 0.4193 | 0.7840 0.7840 0.3710 | 0.2719 38.8688 36.6629 0.0850 0.2669 0.3948 || TEST: 1.6486 0.1178 0.4351 | 0.7856 0.7856 0.3123 | 0.2509 36.6849 34.4083 0.1220 0.3102 0.4322 | 44.248
LOSS FORMAT: SEMANTIC_LOSS MEAN_IOU PIX_ACC | DEPTH_LOSS ABS_ERR REL_ERR | NORMAL_LOSS MEAN MED <11.25 <22.5 <30 | ∆m (test)
Epoch: 0005 | lr=0.0001 | epoch lenth=398 | train time: 176.550 s | method imtl | TRAIN: 1.6860 0.1143 0.4311 | 0.7498 0.7498 0.3556 | 0.2676 38.4040 35.9998 0.0907 0.2776 0.4059 || TEST: 1.6291 0.1302 0.4419 | 0.7841 0.7841 0.3160 | 0.2494 36.6206 34.1312 0.1145 0.3103 0.4354 | 43.931
LOSS FORMAT: SEMANTIC_LOSS MEAN_IOU PIX_ACC | DEPTH_LOSS ABS_ERR REL_ERR | NORMAL_LOSS MEAN MED <11.25 <22.5 <30 | ∆m (test)
Epoch: 0006 | lr=0.0001 | epoch lenth=398 | train time: 174.796 s | method imtl | TRAIN: 1.6467 0.1238 0.4387 | 0.7619 0.7619 0.3601 | 0.2624 37.8538 35.4312 0.0994 0.2889 0.4160 || TEST: 1.6246 0.1320 0.4431 | 0.8528 0.8528 0.2997 | 0.2448 36.2597 34.0604 0.1211 0.3121 0.4358 | 43.848
LOSS FORMAT: SEMANTIC_LOSS MEAN_IOU PIX_ACC | DEPTH_LOSS ABS_ERR REL_ERR | NORMAL_LOSS MEAN MED <11.25 <22.5 <30 | ∆m (test)
Epoch: 0007 | lr=0.0001 | epoch lenth=398 | train time: 176.768 s | method imtl | TRAIN: 1.6359 0.1267 0.4398 | 0.7514 0.7514 0.3515 | 0.2553 37.1235 34.5667 0.1106 0.3036 0.4299 || TEST: 1.5983 0.1387 0.4570 | 0.7631 0.7631 0.3220 | 0.2341 35.1779 32.7509 0.1355 0.3304 0.4564 | 40.368
LOSS FORMAT: SEMANTIC_LOSS MEAN_IOU PIX_ACC | DEPTH_LOSS ABS_ERR REL_ERR | NORMAL_LOSS MEAN MED <11.25 <22.5 <30 | ∆m (test)
Epoch: 0008 | lr=0.0001 | epoch lenth=398 | train time: 174.726 s | method imtl | TRAIN: 1.6248 0.1331 0.4502 | 0.7366 0.7366 0.3447 | 0.2520 36.7441 34.1446 0.1179 0.3113 0.4374 || TEST: 1.5706 0.1324 0.4616 | 0.8099 0.8099 0.2936 | 0.2297 34.9225 32.4780 0.1290 0.3314 0.4601 | 39.997
LOSS FORMAT: SEMANTIC_LOSS MEAN_IOU PIX_ACC | DEPTH_LOSS ABS_ERR REL_ERR | NORMAL_LOSS MEAN MED <11.25 <22.5 <30 | ∆m (test)
Epoch: 0009 | lr=0.0001 | epoch lenth=398 | train time: 177.441 s | method imtl | TRAIN: 1.5882 0.1326 0.4595 | 0.7577 0.7577 0.3502 | 0.2477 36.2475 33.4297 0.1265 0.3227 0.4485 || TEST: 1.5433 0.1538 0.4685 | 0.7282 0.7282 0.2890 | 0.2212 33.6800 30.5267 0.1602 0.3670 0.4929 | 33.676
LOSS FORMAT: SEMANTIC_LOSS MEAN_IOU PIX_ACC | DEPTH_LOSS ABS_ERR REL_ERR | NORMAL_LOSS MEAN MED <11.25 <22.5 <30 | ∆m (test)
Epoch: 0010 | lr=0.0001 | epoch lenth=398 | train time: 176.492 s | method imtl | TRAIN: 1.5616 0.1466 0.4681 | 0.7253 0.7253 0.3362 | 0.2389 35.3974 32.3664 0.1347 0.3385 0.4660 || TEST: 1.5843 0.1449 0.4476 | 0.8160 0.8160 0.2844 | 0.2299 34.7476 31.9893 0.1374 0.3405 0.4699 | 38.607
LOSS FORMAT: SEMANTIC_LOSS MEAN_IOU PIX_ACC | DEPTH_LOSS ABS_ERR REL_ERR | NORMAL_LOSS MEAN MED <11.25 <22.5 <30 | ∆m (test)
Epoch: 0011 | lr=0.0001 | epoch lenth=398 | train time: 175.900 s | method imtl | TRAIN: 1.5424 0.1453 0.4608 | 0.7208 0.7208 0.3365 | 0.2373 35.2300 32.1468 0.1377 0.3424 0.4697 || TEST: 1.5177 0.1644 0.4789 | 0.7211 0.7211 0.2813 | 0.2164 33.4909 30.6995 0.1515 0.3598 0.4899 | 33.287
LOSS FORMAT: SEMANTIC_LOSS MEAN_IOU PIX_ACC | DEPTH_LOSS ABS_ERR REL_ERR | NORMAL_LOSS MEAN MED <11.25 <22.5 <30 | ∆m (test)
Epoch: 0012 | lr=0.0001 | epoch lenth=398 | train time: 174.565 s | method imtl | TRAIN: 1.5382 0.1568 0.4765 | 0.7150 0.7150 0.3369 | 0.2370 35.1599 32.0099 0.1400 0.3431 0.4709 || TEST: 1.5249 0.1558 0.4775 | 0.7394 0.7394 0.3056 | 0.2193 33.4774 30.3886 0.1661 0.3707 0.4955 | 33.810
LOSS FORMAT: SEMANTIC_LOSS MEAN_IOU PIX_ACC | DEPTH_LOSS ABS_ERR REL_ERR | NORMAL_LOSS MEAN MED <11.25 <22.5 <30 | ∆m (test)
Epoch: 0013 | lr=0.0001 | epoch lenth=398 | train time: 176.190 s | method imtl | TRAIN: 1.5188 0.1536 0.4808 | 0.7098 0.7098 0.3312 | 0.2317 34.6422 31.3426 0.1456 0.3533 0.4814 || TEST: 1.4941 0.1557 0.4952 | 0.7134 0.7134 0.2937 | 0.2138 32.7974 29.3674 0.1791 0.3881 0.5115 | 30.636
LOSS FORMAT: SEMANTIC_LOSS MEAN_IOU PIX_ACC | DEPTH_LOSS ABS_ERR REL_ERR | NORMAL_LOSS MEAN MED <11.25 <22.5 <30 | ∆m (test)
Epoch: 0014 | lr=0.0001 | epoch lenth=398 | train time: 178.303 s | method imtl | TRAIN: 1.5294 0.1541 0.4866 | 0.6955 0.6955 0.3214 | 0.2307 34.4957 31.0245 0.1477 0.3591 0.4871 || TEST: 1.4625 0.1656 0.4954 | 0.7099 0.7099 0.2896 | 0.2093 32.2820 28.6321 0.1873 0.3995 0.5233 | 28.755
LOSS FORMAT: SEMANTIC_LOSS MEAN_IOU PIX_ACC | DEPTH_LOSS ABS_ERR REL_ERR | NORMAL_LOSS MEAN MED <11.25 <22.5 <30 | ∆m (test)
Epoch: 0015 | lr=0.0001 | epoch lenth=398 | train time: 177.428 s | method imtl | TRAIN: 1.5033 0.1627 0.4914 | 0.6870 0.6870 0.3250 | 0.2279 34.2739 30.8510 0.1495 0.3595 0.4889 || TEST: 1.4377 0.1802 0.5065 | 0.7125 0.7125 0.2917 | 0.2025 31.6726 27.8262 0.1893 0.4110 0.5367 | 27.021
LOSS FORMAT: SEMANTIC_LOSS MEAN_IOU PIX_ACC | DEPTH_LOSS ABS_ERR REL_ERR | NORMAL_LOSS MEAN MED <11.25 <22.5 <30 | ∆m (test)
Epoch: 0016 | lr=0.0001 | epoch lenth=398 | train time: 176.371 s | method imtl | TRAIN: 1.4895 0.1718 0.4991 | 0.6814 0.6814 0.3171 | 0.2223 33.6695 30.0817 0.1586 0.3724 0.5020 || TEST: 1.4589 0.1533 0.4978 | 0.8292 0.8292 0.2862 | 0.2008 31.4393 27.5009 0.1946 0.4169 0.5424 | 28.958
LOSS FORMAT: SEMANTIC_LOSS MEAN_IOU PIX_ACC | DEPTH_LOSS ABS_ERR REL_ERR | NORMAL_LOSS MEAN MED <11.25 <22.5 <30 | ∆m (test)
Epoch: 0017 | lr=0.0001 | epoch lenth=398 | train time: 176.718 s | method imtl | TRAIN: 1.4631 0.1609 0.5005 | 0.6840 0.6840 0.3162 | 0.2194 33.3646 29.7952 0.1640 0.3787 0.5072 || TEST: 1.4468 0.1871 0.5069 | 0.7131 0.7131 0.2815 | 0.2016 31.8236 28.3197 0.1773 0.4001 0.5299 | 27.525
LOSS FORMAT: SEMANTIC_LOSS MEAN_IOU PIX_ACC | DEPTH_LOSS ABS_ERR REL_ERR | NORMAL_LOSS MEAN MED <11.25 <22.5 <30 | ∆m (test)
Epoch: 0018 | lr=0.0001 | epoch lenth=398 | train time: 175.653 s | method imtl | TRAIN: 1.4632 0.1775 0.5035 | 0.6687 0.6687 0.3149 | 0.2215 33.5247 29.9067 0.1616 0.3780 0.5070 || TEST: 1.4472 0.1768 0.5013 | 0.6863 0.6863 0.2679 | 0.1979 31.1343 27.1889 0.1999 0.4223 0.5484 | 24.421
LOSS FORMAT: SEMANTIC_LOSS MEAN_IOU PIX_ACC | DEPTH_LOSS ABS_ERR REL_ERR | NORMAL_LOSS MEAN MED <11.25 <22.5 <30 | ∆m (test)
Epoch: 0019 | lr=0.0001 | epoch lenth=398 | train time: 233.354 s | method imtl | TRAIN: 1.4437 0.1761 0.5044 | 0.6614 0.6614 0.3120 | 0.2167 33.0581 29.3188 0.1686 0.3855 0.5146 || TEST: 1.4632 0.1798 0.5008 | 0.7268 0.7268 0.3031 | 0.2010 31.9739 28.7988 0.1681 0.3904 0.5224 | 29.925
LOSS FORMAT: SEMANTIC_LOSS MEAN_IOU PIX_ACC | DEPTH_LOSS ABS_ERR REL_ERR | NORMAL_LOSS MEAN MED <11.25 <22.5 <30 | ∆m (test)
Epoch: 0020 | lr=0.0001 | epoch lenth=398 | train time: 177.251 s | method imtl | TRAIN: 1.4397 0.1798 0.5062 | 0.6529 0.6529 0.3029 | 0.2172 33.1299 29.4186 0.1658 0.3837 0.5132 || TEST: 1.4146 0.2000 0.5237 | 0.7152 0.7152 0.2794 | 0.1943 30.9708 27.3073 0.1957 0.4191 0.5465 | 24.528
LOSS FORMAT: SEMANTIC_LOSS MEAN_IOU PIX_ACC | DEPTH_LOSS ABS_ERR REL_ERR | NORMAL_LOSS MEAN MED <11.25 <22.5 <30 | ∆m (test)
Epoch: 0021 | lr=0.0001 | epoch lenth=398 | train time: 176.821 s | method imtl | TRAIN: 1.4047 0.1928 0.5234 | 0.6502 0.6502 0.2991 | 0.2136 32.7602 28.9236 0.1699 0.3916 0.5221 || TEST: 1.3996 0.1822 0.5211 | 0.8469 0.8469 0.2888 | 0.1954 30.9336 27.1622 0.2041 0.4245 0.5471 | 27.109
LOSS FORMAT: SEMANTIC_LOSS MEAN_IOU PIX_ACC | DEPTH_LOSS ABS_ERR REL_ERR | NORMAL_LOSS MEAN MED <11.25 <22.5 <30 | ∆m (test)
Epoch: 0022 | lr=0.0001 | epoch lenth=398 | train time: 177.612 s | method imtl | TRAIN: 1.4203 0.1849 0.5195 | 0.6501 0.6501 0.3002 | 0.2117 32.5818 28.7495 0.1728 0.3936 0.5243 || TEST: 1.4858 0.1938 0.4999 | 0.8743 0.8743 0.2965 | 0.2178 33.0576 29.3592 0.1794 0.3877 0.5114 | 32.316
LOSS FORMAT: SEMANTIC_LOSS MEAN_IOU PIX_ACC | DEPTH_LOSS ABS_ERR REL_ERR | NORMAL_LOSS MEAN MED <11.25 <22.5 <30 | ∆m (test)
Epoch: 0023 | lr=0.0001 | epoch lenth=398 | train time: 177.034 s | method imtl | TRAIN: 1.4032 0.1932 0.5133 | 0.6416 0.6416 0.3058 | 0.2106 32.4600 28.5844 0.1748 0.3969 0.5270 || TEST: 1.3909 0.1906 0.5206 | 0.7192 0.7192 0.2634 | 0.1961 30.9366 26.8744 0.2023 0.4272 0.5535 | 23.511
LOSS FORMAT: SEMANTIC_LOSS MEAN_IOU PIX_ACC | DEPTH_LOSS ABS_ERR REL_ERR | NORMAL_LOSS MEAN MED <11.25 <22.5 <30 | ∆m (test)
Epoch: 0024 | lr=0.0001 | epoch lenth=398 | train time: 176.467 s | method imtl | TRAIN: 1.3838 0.1954 0.5237 | 0.6226 0.6226 0.2958 | 0.2084 32.2073 28.2072 0.1784 0.4031 0.5336 || TEST: 1.4980 0.1903 0.4987 | 0.7730 0.7730 0.3366 | 0.1954 30.9982 27.1859 0.1993 0.4219 0.5474 | 28.225
LOSS FORMAT: SEMANTIC_LOSS MEAN_IOU PIX_ACC | DEPTH_LOSS ABS_ERR REL_ERR | NORMAL_LOSS MEAN MED <11.25 <22.5 <30 | ∆m (test)
Epoch: 0025 | lr=0.0001 | epoch lenth=398 | train time: 176.073 s | method imtl | TRAIN: 1.4280 0.1938 0.5083 | 0.6335 0.6335 0.2979 | 0.2109 32.4820 28.5450 0.1744 0.3964 0.5275 || TEST: 1.4081 0.2044 0.5305 | 0.7023 0.7023 0.3023 | 0.1959 31.1639 27.4605 0.1899 0.4161 0.5444 | 25.471
LOSS FORMAT: SEMANTIC_LOSS MEAN_IOU PIX_ACC | DEPTH_LOSS ABS_ERR REL_ERR | NORMAL_LOSS MEAN MED <11.25 <22.5 <30 | ∆m (test)
Epoch: 0026 | lr=0.0001 | epoch lenth=398 | train time: 177.248 s | method imtl | TRAIN: 1.3785 0.2057 0.5315 | 0.6310 0.6310 0.2927 | 0.2016 31.5650 27.5919 0.1855 0.4130 0.5443 || TEST: 1.3410 0.2148 0.5444 | 0.6621 0.6621 0.2607 | 0.1874 30.2093 26.1760 0.2038 0.4367 0.5665 | 20.167
LOSS FORMAT: SEMANTIC_LOSS MEAN_IOU PIX_ACC | DEPTH_LOSS ABS_ERR REL_ERR | NORMAL_LOSS MEAN MED <11.25 <22.5 <30 | ∆m (test)
Epoch: 0027 | lr=0.0001 | epoch lenth=398 | train time: 176.979 s | method imtl | TRAIN: 1.3580 0.2155 0.5404 | 0.6097 0.6097 0.2921 | 0.2042 31.7827 27.6435 0.1835 0.4117 0.5419 || TEST: 1.3415 0.2411 0.5497 | 0.6656 0.6656 0.2542 | 0.1864 30.1590 26.2471 0.2034 0.4360 0.5661 | 19.163
LOSS FORMAT: SEMANTIC_LOSS MEAN_IOU PIX_ACC | DEPTH_LOSS ABS_ERR REL_ERR | NORMAL_LOSS MEAN MED <11.25 <22.5 <30 | ∆m (test)
Epoch: 0028 | lr=0.0001 | epoch lenth=398 | train time: 177.647 s | method imtl | TRAIN: 1.3694 0.2266 0.5419 | 0.6158 0.6158 0.2849 | 0.2037 31.7800 27.7544 0.1820 0.4089 0.5409 || TEST: 1.3664 0.2239 0.5343 | 0.6523 0.6523 0.2738 | 0.1897 30.4305 26.4499 0.2020 0.4335 0.5621 | 20.896
LOSS FORMAT: SEMANTIC_LOSS MEAN_IOU PIX_ACC | DEPTH_LOSS ABS_ERR REL_ERR | NORMAL_LOSS MEAN MED <11.25 <22.5 <30 | ∆m (test)
Epoch: 0029 | lr=0.0001 | epoch lenth=398 | train time: 178.544 s | method imtl | TRAIN: 1.3335 0.2264 0.5386 | 0.5989 0.5989 0.2818 | 0.2002 31.3525 27.2441 0.1921 0.4196 0.5493 || TEST: 1.3510 0.2237 0.5402 | 0.6604 0.6604 0.2779 | 0.1834 29.8026 25.7823 0.2115 0.4439 0.5728 | 19.708
LOSS FORMAT: SEMANTIC_LOSS MEAN_IOU PIX_ACC | DEPTH_LOSS ABS_ERR REL_ERR | NORMAL_LOSS MEAN MED <11.25 <22.5 <30 | ∆m (test)
Epoch: 0030 | lr=0.0001 | epoch lenth=398 | train time: 179.043 s | method imtl | TRAIN: 1.3339 0.2272 0.5469 | 0.6026 0.6026 0.2783 | 0.2002 31.3903 27.2618 0.1888 0.4180 0.5486 || TEST: 1.2994 0.2482 0.5559 | 0.6801 0.6801 0.2628 | 0.1815 29.6091 25.5006 0.2137 0.4488 0.5772 | 17.950
LOSS FORMAT: SEMANTIC_LOSS MEAN_IOU PIX_ACC | DEPTH_LOSS ABS_ERR REL_ERR | NORMAL_LOSS MEAN MED <11.25 <22.5 <30 | ∆m (test)
Epoch: 0031 | lr=0.0001 | epoch lenth=398 | train time: 177.322 s | method imtl | TRAIN: 1.3275 0.2404 0.5519 | 0.6061 0.6061 0.2794 | 0.1972 31.0953 26.9704 0.1930 0.4228 0.5541 || TEST: 1.3358 0.2416 0.5460 | 0.6367 0.6367 0.2586 | 0.1832 30.0019 26.2236 0.1963 0.4344 0.5678 | 19.097
LOSS FORMAT: SEMANTIC_LOSS MEAN_IOU PIX_ACC | DEPTH_LOSS ABS_ERR REL_ERR | NORMAL_LOSS MEAN MED <11.25 <22.5 <30 | ∆m (test)
Epoch: 0032 | lr=0.0001 | epoch lenth=398 | train time: 177.534 s | method imtl | TRAIN: 1.2973 0.2425 0.5520 | 0.5794 0.5794 0.2723 | 0.1952 30.8835 26.7384 0.1958 0.4273 0.5588 || TEST: 1.3257 0.2400 0.5521 | 0.7089 0.7089 0.2586 | 0.1830 29.9291 26.1574 0.2027 0.4364 0.5672 | 19.890
LOSS FORMAT: SEMANTIC_LOSS MEAN_IOU PIX_ACC | DEPTH_LOSS ABS_ERR REL_ERR | NORMAL_LOSS MEAN MED <11.25 <22.5 <30 | ∆m (test)
Epoch: 0033 | lr=0.0001 | epoch lenth=398 | train time: 177.582 s | method imtl | TRAIN: 1.2924 0.2432 0.5569 | 0.5878 0.5878 0.2780 | 0.1954 30.8873 26.7767 0.1962 0.4276 0.5600 || TEST: 1.3501 0.2114 0.5479 | 0.6638 0.6638 0.2736 | 0.1807 29.5784 25.5631 0.2118 0.4475 0.5768 | 19.443
LOSS FORMAT: SEMANTIC_LOSS MEAN_IOU PIX_ACC | DEPTH_LOSS ABS_ERR REL_ERR | NORMAL_LOSS MEAN MED <11.25 <22.5 <30 | ∆m (test)
Epoch: 0034 | lr=0.0001 | epoch lenth=398 | train time: 177.042 s | method imtl | TRAIN: 1.2954 0.2349 0.5551 | 0.5654 0.5654 0.2676 | 0.1934 30.6873 26.4705 0.1981 0.4319 0.5642 || TEST: 1.2825 0.2437 0.5652 | 0.6634 0.6634 0.2570 | 0.1876 29.9245 25.5420 0.2207 0.4521 0.5768 | 17.260
LOSS FORMAT: SEMANTIC_LOSS MEAN_IOU PIX_ACC | DEPTH_LOSS ABS_ERR REL_ERR | NORMAL_LOSS MEAN MED <11.25 <22.5 <30 | ∆m (test)
Epoch: 0035 | lr=0.0001 | epoch lenth=398 | train time: 177.905 s | method imtl | TRAIN: 1.2786 0.2499 0.5669 | 0.5623 0.5623 0.2624 | 0.1911 30.4995 26.2924 0.1992 0.4347 0.5670 || TEST: 1.3035 0.2379 0.5617 | 0.6531 0.6531 0.2778 | 0.1780 29.2104 24.9698 0.2182 0.4574 0.5876 | 17.319
LOSS FORMAT: SEMANTIC_LOSS MEAN_IOU PIX_ACC | DEPTH_LOSS ABS_ERR REL_ERR | NORMAL_LOSS MEAN MED <11.25 <22.5 <30 | ∆m (test)
Epoch: 0036 | lr=0.0001 | epoch lenth=398 | train time: 178.173 s | method imtl | TRAIN: 1.2669 0.2513 0.5668 | 0.5605 0.5605 0.2632 | 0.1886 30.1684 25.8449 0.2073 0.4434 0.5736 || TEST: 1.2623 0.2602 0.5759 | 0.6389 0.6389 0.2509 | 0.1777 29.3863 25.5505 0.2093 0.4458 0.5780 | 16.235
LOSS FORMAT: SEMANTIC_LOSS MEAN_IOU PIX_ACC | DEPTH_LOSS ABS_ERR REL_ERR | NORMAL_LOSS MEAN MED <11.25 <22.5 <30 | ∆m (test)
Epoch: 0037 | lr=0.0001 | epoch lenth=398 | train time: 177.038 s | method imtl | TRAIN: 1.2542 0.2635 0.5757 | 0.5681 0.5681 0.2677 | 0.1902 30.3411 26.0137 0.2033 0.4403 0.5710 || TEST: 1.2786 0.2597 0.5647 | 0.6537 0.6537 0.2729 | 0.1766 29.0566 24.7963 0.2207 0.4603 0.5911 | 16.072
LOSS FORMAT: SEMANTIC_LOSS MEAN_IOU PIX_ACC | DEPTH_LOSS ABS_ERR REL_ERR | NORMAL_LOSS MEAN MED <11.25 <22.5 <30 | ∆m (test)
Epoch: 0038 | lr=0.0001 | epoch lenth=398 | train time: 177.593 s | method imtl | TRAIN: 1.2406 0.2678 0.5736 | 0.5547 0.5547 0.2578 | 0.1857 29.8878 25.5023 0.2088 0.4484 0.5812 || TEST: 1.2635 0.2533 0.5741 | 0.6337 0.6337 0.2710 | 0.1735 28.9344 25.0033 0.2143 0.4556 0.5892 | 16.112
LOSS FORMAT: SEMANTIC_LOSS MEAN_IOU PIX_ACC | DEPTH_LOSS ABS_ERR REL_ERR | NORMAL_LOSS MEAN MED <11.25 <22.5 <30 | ∆m (test)
Epoch: 0039 | lr=0.0001 | epoch lenth=398 | train time: 177.044 s | method imtl | TRAIN: 1.2418 0.2661 0.5786 | 0.5380 0.5380 0.2548 | 0.1869 29.9999 25.4876 0.2075 0.4470 0.5793 || TEST: 1.2769 0.2536 0.5675 | 0.6823 0.6823 0.2603 | 0.1734 28.8241 24.6788 0.2194 0.4612 0.5940 | 15.978
LOSS FORMAT: SEMANTIC_LOSS MEAN_IOU PIX_ACC | DEPTH_LOSS ABS_ERR REL_ERR | NORMAL_LOSS MEAN MED <11.25 <22.5 <30 | ∆m (test)
Epoch: 0040 | lr=0.0001 | epoch lenth=398 | train time: 176.660 s | method imtl | TRAIN: 1.2291 0.2667 0.5757 | 0.5542 0.5542 0.2638 | 0.1870 30.0173 25.6607 0.2063 0.4457 0.5792 || TEST: 1.2732 0.2732 0.5732 | 0.6379 0.6379 0.2518 | 0.1722 28.7253 24.4368 0.2169 0.4654 0.5984 | 14.002
LOSS FORMAT: SEMANTIC_LOSS MEAN_IOU PIX_ACC | DEPTH_LOSS ABS_ERR REL_ERR | NORMAL_LOSS MEAN MED <11.25 <22.5 <30 | ∆m (test)
Epoch: 0041 | lr=0.0001 | epoch lenth=398 | train time: 180.106 s | method imtl | TRAIN: 1.2194 0.2814 0.5813 | 0.5463 0.5463 0.2566 | 0.1847 29.8035 25.3514 0.2082 0.4494 0.5832 || TEST: 1.2451 0.2693 0.5795 | 0.6389 0.6389 0.2446 | 0.1753 28.9957 24.6586 0.2157 0.4619 0.5937 | 14.168
LOSS FORMAT: SEMANTIC_LOSS MEAN_IOU PIX_ACC | DEPTH_LOSS ABS_ERR REL_ERR | NORMAL_LOSS MEAN MED <11.25 <22.5 <30 | ∆m (test)
Epoch: 0042 | lr=0.0001 | epoch lenth=398 | train time: 177.310 s | method imtl | TRAIN: 1.2114 0.2801 0.5865 | 0.5399 0.5399 0.2609 | 0.1839 29.6691 25.1900 0.2123 0.4545 0.5871 || TEST: 1.2695 0.2781 0.5722 | 0.6997 0.6997 0.2869 | 0.1765 29.2227 25.1876 0.2090 0.4527 0.5869 | 17.676
LOSS FORMAT: SEMANTIC_LOSS MEAN_IOU PIX_ACC | DEPTH_LOSS ABS_ERR REL_ERR | NORMAL_LOSS MEAN MED <11.25 <22.5 <30 | ∆m (test)
Epoch: 0043 | lr=0.0001 | epoch lenth=398 | train time: 176.990 s | method imtl | TRAIN: 1.1903 0.2894 0.5871 | 0.5444 0.5444 0.2555 | 0.1827 29.5654 25.0782 0.2130 0.4554 0.5876 || TEST: 1.2384 0.2777 0.5851 | 0.6475 0.6475 0.2800 | 0.1694 28.2284 23.7372 0.2357 0.4797 0.6085 | 13.187
LOSS FORMAT: SEMANTIC_LOSS MEAN_IOU PIX_ACC | DEPTH_LOSS ABS_ERR REL_ERR | NORMAL_LOSS MEAN MED <11.25 <22.5 <30 | ∆m (test)
Epoch: 0044 | lr=0.0001 | epoch lenth=398 | train time: 177.259 s | method imtl | TRAIN: 1.1997 0.2905 0.5914 | 0.5370 0.5370 0.2549 | 0.1818 29.5152 24.9387 0.2104 0.4571 0.5911 || TEST: 1.2307 0.2941 0.5867 | 0.6259 0.6259 0.2463 | 0.1767 29.1822 24.9678 0.2106 0.4563 0.5896 | 13.801
LOSS FORMAT: SEMANTIC_LOSS MEAN_IOU PIX_ACC | DEPTH_LOSS ABS_ERR REL_ERR | NORMAL_LOSS MEAN MED <11.25 <22.5 <30 | ∆m (test)
Epoch: 0045 | lr=0.0001 | epoch lenth=398 | train time: 177.206 s | method imtl | TRAIN: 1.1645 0.3041 0.5991 | 0.5283 0.5283 0.2457 | 0.1799 29.2540 24.7028 0.2190 0.4624 0.5945 || TEST: 1.2285 0.3004 0.5849 | 0.6689 0.6689 0.2812 | 0.1681 28.1951 23.7610 0.2305 0.4784 0.6100 | 13.123
LOSS FORMAT: SEMANTIC_LOSS MEAN_IOU PIX_ACC | DEPTH_LOSS ABS_ERR REL_ERR | NORMAL_LOSS MEAN MED <11.25 <22.5 <30 | ∆m (test)
Epoch: 0046 | lr=0.0001 | epoch lenth=398 | train time: 176.771 s | method imtl | TRAIN: 1.1524 0.3105 0.6001 | 0.5264 0.5264 0.2475 | 0.1770 28.9236 24.2735 0.2242 0.4710 0.6031 || TEST: 1.2557 0.2860 0.5716 | 0.7829 0.7829 0.2690 | 0.1768 29.1675 24.8876 0.2106 0.4588 0.5920 | 17.648
LOSS FORMAT: SEMANTIC_LOSS MEAN_IOU PIX_ACC | DEPTH_LOSS ABS_ERR REL_ERR | NORMAL_LOSS MEAN MED <11.25 <22.5 <30 | ∆m (test)
Epoch: 0047 | lr=0.0001 | epoch lenth=398 | train time: 176.321 s | method imtl | TRAIN: 1.1557 0.3052 0.5935 | 0.5221 0.5221 0.2438 | 0.1807 29.3696 24.7861 0.2142 0.4591 0.5936 || TEST: 1.2090 0.3025 0.5979 | 0.6843 0.6843 0.2946 | 0.1707 28.3396 23.8475 0.2353 0.4787 0.6070 | 13.602
LOSS FORMAT: SEMANTIC_LOSS MEAN_IOU PIX_ACC | DEPTH_LOSS ABS_ERR REL_ERR | NORMAL_LOSS MEAN MED <11.25 <22.5 <30 | ∆m (test)
Epoch: 0048 | lr=0.0001 | epoch lenth=398 | train time: 177.574 s | method imtl | TRAIN: 1.1408 0.3195 0.6096 | 0.5119 0.5119 0.2410 | 0.1760 28.8358 24.1629 0.2240 0.4721 0.6057 || TEST: 1.2371 0.2937 0.5871 | 0.6548 0.6548 0.2928 | 0.1743 28.6122 24.0640 0.2358 0.4745 0.6024 | 13.876
LOSS FORMAT: SEMANTIC_LOSS MEAN_IOU PIX_ACC | DEPTH_LOSS ABS_ERR REL_ERR | NORMAL_LOSS MEAN MED <11.25 <22.5 <30 | ∆m (test)
Epoch: 0049 | lr=0.0001 | epoch lenth=398 | train time: 176.280 s | method imtl | TRAIN: 1.1335 0.3173 0.6041 | 0.5125 0.5125 0.2393 | 0.1761 28.8325 24.1120 0.2231 0.4738 0.6060 || TEST: 1.2025 0.3086 0.5941 | 0.5895 0.5895 0.2432 | 0.1651 27.7803 23.0845 0.2378 0.4916 0.6231 | 8.591
LOSS FORMAT: SEMANTIC_LOSS MEAN_IOU PIX_ACC | DEPTH_LOSS ABS_ERR REL_ERR | NORMAL_LOSS MEAN MED <11.25 <22.5 <30 | ∆m (test)
Epoch: 0050 | lr=0.0001 | epoch lenth=398 | train time: 176.274 s | method imtl | TRAIN: 1.1722 0.3147 0.6015 | 0.5258 0.5258 0.2497 | 0.1819 29.4802 24.9073 0.2139 0.4581 0.5909 || TEST: 1.2274 0.2961 0.5864 | 0.6065 0.6065 0.2508 | 0.1692 28.2174 23.6684 0.2340 0.4811 0.6111 | 10.741
LOSS FORMAT: SEMANTIC_LOSS MEAN_IOU PIX_ACC | DEPTH_LOSS ABS_ERR REL_ERR | NORMAL_LOSS MEAN MED <11.25 <22.5 <30 | ∆m (test)
Epoch: 0051 | lr=0.0001 | epoch lenth=398 | train time: 177.004 s | method imtl | TRAIN: 1.1093 0.3217 0.6091 | 0.5064 0.5064 0.2360 | 0.1725 28.4728 23.6872 0.2283 0.4807 0.6134 || TEST: 1.1864 0.3240 0.5971 | 0.6165 0.6165 0.2645 | 0.1656 27.9279 23.4465 0.2337 0.4850 0.6160 | 10.055
LOSS FORMAT: SEMANTIC_LOSS MEAN_IOU PIX_ACC | DEPTH_LOSS ABS_ERR REL_ERR | NORMAL_LOSS MEAN MED <11.25 <22.5 <30 | ∆m (test)
Epoch: 0052 | lr=0.0001 | epoch lenth=398 | train time: 177.211 s | method imtl | TRAIN: 1.0993 0.3349 0.6162 | 0.4879 0.4879 0.2274 | 0.1725 28.5039 23.8317 0.2272 0.4787 0.6115 || TEST: 1.2140 0.3085 0.5920 | 0.5787 0.5787 0.2346 | 0.1655 27.9138 23.3848 0.2333 0.4863 0.6176 | 8.696
LOSS FORMAT: SEMANTIC_LOSS MEAN_IOU PIX_ACC | DEPTH_LOSS ABS_ERR REL_ERR | NORMAL_LOSS MEAN MED <11.25 <22.5 <30 | ∆m (test)
Epoch: 0053 | lr=0.0001 | epoch lenth=398 | train time: 178.742 s | method imtl | TRAIN: 1.0966 0.3270 0.6136 | 0.4997 0.4997 0.2319 | 0.1707 28.2828 23.4832 0.2300 0.4854 0.6178 || TEST: 1.2291 0.2955 0.5890 | 0.6619 0.6619 0.2792 | 0.1675 27.9605 23.3419 0.2411 0.4882 0.6184 | 11.938
LOSS FORMAT: SEMANTIC_LOSS MEAN_IOU PIX_ACC | DEPTH_LOSS ABS_ERR REL_ERR | NORMAL_LOSS MEAN MED <11.25 <22.5 <30 | ∆m (test)
Epoch: 0054 | lr=0.0001 | epoch lenth=398 | train time: 176.512 s | method imtl | TRAIN: 1.0984 0.3263 0.6127 | 0.5055 0.5055 0.2346 | 0.1705 28.2727 23.4788 0.2302 0.4846 0.6180 || TEST: 1.2117 0.3007 0.5930 | 0.5878 0.5878 0.2440 | 0.1648 27.8410 23.4145 0.2354 0.4860 0.6179 | 9.339
LOSS FORMAT: SEMANTIC_LOSS MEAN_IOU PIX_ACC | DEPTH_LOSS ABS_ERR REL_ERR | NORMAL_LOSS MEAN MED <11.25 <22.5 <30 | ∆m (test)
Epoch: 0055 | lr=0.0001 | epoch lenth=398 | train time: 176.793 s | method imtl | TRAIN: 1.0991 0.3272 0.6155 | 0.4999 0.4999 0.2328 | 0.1693 28.1605 23.4300 0.2317 0.4856 0.6195 || TEST: 1.2168 0.2973 0.5923 | 0.6118 0.6118 0.2484 | 0.1649 27.7100 22.9637 0.2421 0.4951 0.6241 | 9.180
LOSS FORMAT: SEMANTIC_LOSS MEAN_IOU PIX_ACC | DEPTH_LOSS ABS_ERR REL_ERR | NORMAL_LOSS MEAN MED <11.25 <22.5 <30 | ∆m (test)
Epoch: 0056 | lr=0.0001 | epoch lenth=398 | train time: 178.309 s | method imtl | TRAIN: 1.0734 0.3316 0.6196 | 0.4850 0.4850 0.2306 | 0.1685 28.0087 23.1901 0.2359 0.4921 0.6240 || TEST: 1.1755 0.3337 0.6091 | 0.6162 0.6162 0.2671 | 0.1646 27.8249 23.1983 0.2305 0.4892 0.6237 | 9.385
LOSS FORMAT: SEMANTIC_LOSS MEAN_IOU PIX_ACC | DEPTH_LOSS ABS_ERR REL_ERR | NORMAL_LOSS MEAN MED <11.25 <22.5 <30 | ∆m (test)
Epoch: 0057 | lr=0.0001 | epoch lenth=398 | train time: 176.705 s | method imtl | TRAIN: 1.0607 0.3504 0.6283 | 0.4791 0.4791 0.2252 | 0.1680 27.9616 23.1337 0.2377 0.4918 0.6240 || TEST: 1.2196 0.3022 0.5953 | 0.8840 0.8840 0.4042 | 0.1661 27.9811 23.4736 0.2303 0.4840 0.6175 | 20.863
LOSS FORMAT: SEMANTIC_LOSS MEAN_IOU PIX_ACC | DEPTH_LOSS ABS_ERR REL_ERR | NORMAL_LOSS MEAN MED <11.25 <22.5 <30 | ∆m (test)
Epoch: 0058 | lr=0.0001 | epoch lenth=398 | train time: 175.524 s | method imtl | TRAIN: 1.0722 0.3308 0.6209 | 0.4902 0.4902 0.2336 | 0.1663 27.8321 22.9716 0.2366 0.4955 0.6275 || TEST: 1.2645 0.2911 0.5751 | 0.5832 0.5832 0.2327 | 0.1675 28.2295 23.8130 0.2230 0.4782 0.6112 | 10.523
LOSS FORMAT: SEMANTIC_LOSS MEAN_IOU PIX_ACC | DEPTH_LOSS ABS_ERR REL_ERR | NORMAL_LOSS MEAN MED <11.25 <22.5 <30 | ∆m (test)
Epoch: 0059 | lr=0.0001 | epoch lenth=398 | train time: 178.993 s | method imtl | TRAIN: 1.0628 0.3318 0.6130 | 0.4763 0.4763 0.2250 | 0.1677 27.9419 23.0482 0.2361 0.4923 0.6260 || TEST: 1.2108 0.2925 0.5863 | 0.6075 0.6075 0.2486 | 0.1643 27.9029 23.4460 0.2274 0.4841 0.6167 | 10.599
LOSS FORMAT: SEMANTIC_LOSS MEAN_IOU PIX_ACC | DEPTH_LOSS ABS_ERR REL_ERR | NORMAL_LOSS MEAN MED <11.25 <22.5 <30 | ∆m (test)
Epoch: 0060 | lr=0.0001 | epoch lenth=398 | train time: 177.039 s | method imtl | TRAIN: 1.0223 0.3453 0.6245 | 0.4746 0.4746 0.2240 | 0.1651 27.6372 22.7323 0.2423 0.5005 0.6328 || TEST: 1.2093 0.2969 0.6050 | 0.6697 0.6697 0.2971 | 0.1665 27.8752 23.2451 0.2402 0.4892 0.6191 | 12.366
LOSS FORMAT: SEMANTIC_LOSS MEAN_IOU PIX_ACC | DEPTH_LOSS ABS_ERR REL_ERR | NORMAL_LOSS MEAN MED <11.25 <22.5 <30 | ∆m (test)
Epoch: 0061 | lr=0.0001 | epoch lenth=398 | train time: 176.744 s | method imtl | TRAIN: 1.0391 0.3403 0.6318 | 0.4848 0.4848 0.2298 | 0.1678 27.9211 22.9866 0.2376 0.4952 0.6264 || TEST: 1.1808 0.3170 0.6096 | 0.6004 0.6004 0.2621 | 0.1619 27.5133 22.9438 0.2406 0.4947 0.6254 | 8.608
LOSS FORMAT: SEMANTIC_LOSS MEAN_IOU PIX_ACC | DEPTH_LOSS ABS_ERR REL_ERR | NORMAL_LOSS MEAN MED <11.25 <22.5 <30 | ∆m (test)
Epoch: 0062 | lr=0.0001 | epoch lenth=398 | train time: 176.758 s | method imtl | TRAIN: 1.0086 0.3507 0.6396 | 0.4747 0.4747 0.2270 | 0.1630 27.4293 22.5178 0.2438 0.5044 0.6375 || TEST: 1.2625 0.2848 0.5768 | 0.6362 0.6362 0.2714 | 0.1627 27.6445 23.2143 0.2366 0.4903 0.6219 | 11.579
LOSS FORMAT: SEMANTIC_LOSS MEAN_IOU PIX_ACC | DEPTH_LOSS ABS_ERR REL_ERR | NORMAL_LOSS MEAN MED <11.25 <22.5 <30 | ∆m (test)
Epoch: 0063 | lr=0.0001 | epoch lenth=398 | train time: 176.357 s | method imtl | TRAIN: 0.9944 0.3448 0.6252 | 0.4566 0.4566 0.2182 | 0.1606 27.1910 22.1957 0.2463 0.5102 0.6425 || TEST: 1.2552 0.3205 0.5953 | 0.6941 0.6941 0.2907 | 0.1666 28.1698 23.8992 0.2238 0.4753 0.6100 | 13.533
LOSS FORMAT: SEMANTIC_LOSS MEAN_IOU PIX_ACC | DEPTH_LOSS ABS_ERR REL_ERR | NORMAL_LOSS MEAN MED <11.25 <22.5 <30 | ∆m (test)
Epoch: 0064 | lr=0.0001 | epoch lenth=398 | train time: 177.079 s | method imtl | TRAIN: 1.0004 0.3601 0.6327 | 0.4665 0.4665 0.2208 | 0.1613 27.2300 22.2695 0.2480 0.5103 0.6418 || TEST: 1.2083 0.3100 0.5918 | 0.5976 0.5976 0.2326 | 0.1627 27.5094 22.7211 0.2416 0.4990 0.6293 | 7.583
LOSS FORMAT: SEMANTIC_LOSS MEAN_IOU PIX_ACC | DEPTH_LOSS ABS_ERR REL_ERR | NORMAL_LOSS MEAN MED <11.25 <22.5 <30 | ∆m (test)
Epoch: 0065 | lr=0.0001 | epoch lenth=398 | train time: 177.511 s | method imtl | TRAIN: 0.9995 0.3542 0.6322 | 0.4670 0.4670 0.2212 | 0.1608 27.1682 22.2506 0.2489 0.5107 0.6437 || TEST: 1.1695 0.3438 0.6197 | 0.5925 0.5925 0.2330 | 0.1630 27.5066 22.7997 0.2449 0.4979 0.6283 | 6.010
LOSS FORMAT: SEMANTIC_LOSS MEAN_IOU PIX_ACC | DEPTH_LOSS ABS_ERR REL_ERR | NORMAL_LOSS MEAN MED <11.25 <22.5 <30 | ∆m (test)
Epoch: 0066 | lr=0.0001 | epoch lenth=398 | train time: 178.856 s | method imtl | TRAIN: 0.9939 0.3724 0.6448 | 0.4677 0.4677 0.2239 | 0.1597 27.0645 22.0934 0.2500 0.5134 0.6450 || TEST: 1.2002 0.3224 0.5992 | 0.6219 0.6219 0.2712 | 0.1677 28.1906 23.5993 0.2234 0.4824 0.6153 | 11.065
LOSS FORMAT: SEMANTIC_LOSS MEAN_IOU PIX_ACC | DEPTH_LOSS ABS_ERR REL_ERR | NORMAL_LOSS MEAN MED <11.25 <22.5 <30 | ∆m (test)
Epoch: 0067 | lr=0.0001 | epoch lenth=398 | train time: 176.923 s | method imtl | TRAIN: 0.9979 0.3586 0.6349 | 0.4637 0.4637 0.2178 | 0.1621 27.2756 22.2171 0.2473 0.5109 0.6420 || TEST: 1.1556 0.3283 0.6137 | 0.6255 0.6255 0.2373 | 0.1645 27.8579 23.4353 0.2325 0.4839 0.6173 | 8.706
LOSS FORMAT: SEMANTIC_LOSS MEAN_IOU PIX_ACC | DEPTH_LOSS ABS_ERR REL_ERR | NORMAL_LOSS MEAN MED <11.25 <22.5 <30 | ∆m (test)
Epoch: 0068 | lr=0.0001 | epoch lenth=398 | train time: 175.929 s | method imtl | TRAIN: 0.9816 0.3701 0.6464 | 0.4399 0.4399 0.2084 | 0.1600 27.0793 22.0612 0.2515 0.5128 0.6443 || TEST: 1.2201 0.3320 0.6054 | 0.5856 0.5856 0.2482 | 0.1598 27.2158 22.6204 0.2488 0.5011 0.6313 | 6.606
LOSS FORMAT: SEMANTIC_LOSS MEAN_IOU PIX_ACC | DEPTH_LOSS ABS_ERR REL_ERR | NORMAL_LOSS MEAN MED <11.25 <22.5 <30 | ∆m (test)
Epoch: 0069 | lr=0.0001 | epoch lenth=398 | train time: 177.000 s | method imtl | TRAIN: 0.9639 0.3766 0.6457 | 0.4597 0.4597 0.2176 | 0.1570 26.7630 21.7610 0.2563 0.5199 0.6502 || TEST: 1.2367 0.3045 0.5916 | 0.6022 0.6022 0.2464 | 0.1622 27.6162 23.1426 0.2341 0.4910 0.6241 | 9.181
LOSS FORMAT: SEMANTIC_LOSS MEAN_IOU PIX_ACC | DEPTH_LOSS ABS_ERR REL_ERR | NORMAL_LOSS MEAN MED <11.25 <22.5 <30 | ∆m (test)
Epoch: 0070 | lr=0.0001 | epoch lenth=398 | train time: 176.383 s | method imtl | TRAIN: 0.9972 0.3536 0.6313 | 0.4486 0.4486 0.2143 | 0.1594 27.0118 21.9730 0.2522 0.5153 0.6457 || TEST: 1.2220 0.3180 0.5904 | 0.6041 0.6041 0.2500 | 0.1595 27.1575 22.3669 0.2471 0.5067 0.6378 | 7.332
LOSS FORMAT: SEMANTIC_LOSS MEAN_IOU PIX_ACC | DEPTH_LOSS ABS_ERR REL_ERR | NORMAL_LOSS MEAN MED <11.25 <22.5 <30 | ∆m (test)
Epoch: 0071 | lr=0.0001 | epoch lenth=398 | train time: 176.510 s | method imtl | TRAIN: 0.9825 0.3666 0.6360 | 0.4483 0.4483 0.2109 | 0.1612 27.1832 22.1234 0.2487 0.5130 0.6448 || TEST: 1.1913 0.3354 0.6124 | 0.5788 0.5788 0.2302 | 0.1585 27.0857 22.3968 0.2477 0.5061 0.6369 | 5.224
LOSS FORMAT: SEMANTIC_LOSS MEAN_IOU PIX_ACC | DEPTH_LOSS ABS_ERR REL_ERR | NORMAL_LOSS MEAN MED <11.25 <22.5 <30 | ∆m (test)
Epoch: 0072 | lr=0.0001 | epoch lenth=398 | train time: 176.825 s | method imtl | TRAIN: 0.9465 0.3819 0.6524 | 0.4497 0.4497 0.2107 | 0.1555 26.6550 21.6469 0.2541 0.5217 0.6535 || TEST: 1.1466 0.3259 0.6181 | 0.5988 0.5988 0.2555 | 0.1561 26.6966 21.6638 0.2599 0.5191 0.6457 | 5.300
LOSS FORMAT: SEMANTIC_LOSS MEAN_IOU PIX_ACC | DEPTH_LOSS ABS_ERR REL_ERR | NORMAL_LOSS MEAN MED <11.25 <22.5 <30 | ∆m (test)
Epoch: 0073 | lr=0.0001 | epoch lenth=398 | train time: 176.340 s | method imtl | TRAIN: 0.9237 0.3829 0.6569 | 0.4328 0.4328 0.2025 | 0.1552 26.5168 21.3667 0.2602 0.5283 0.6587 || TEST: 1.2120 0.3024 0.5967 | 0.6313 0.6313 0.2541 | 0.1663 27.7290 22.8708 0.2485 0.4962 0.6243 | 9.195
LOSS FORMAT: SEMANTIC_LOSS MEAN_IOU PIX_ACC | DEPTH_LOSS ABS_ERR REL_ERR | NORMAL_LOSS MEAN MED <11.25 <22.5 <30 | ∆m (test)
Epoch: 0074 | lr=0.0001 | epoch lenth=398 | train time: 177.465 s | method imtl | TRAIN: 0.9679 0.3636 0.6399 | 0.4421 0.4421 0.2080 | 0.1588 26.9570 21.9807 0.2504 0.5159 0.6486 || TEST: 1.1889 0.3243 0.6161 | 0.5755 0.5755 0.2434 | 0.1583 27.0139 22.2107 0.2520 0.5098 0.6382 | 5.560
LOSS FORMAT: SEMANTIC_LOSS MEAN_IOU PIX_ACC | DEPTH_LOSS ABS_ERR REL_ERR | NORMAL_LOSS MEAN MED <11.25 <22.5 <30 | ∆m (test)
Epoch: 0075 | lr=0.0001 | epoch lenth=398 | train time: 176.584 s | method imtl | TRAIN: 0.9187 0.3797 0.6589 | 0.4273 0.4273 0.2070 | 0.1546 26.4973 21.3781 0.2566 0.5288 0.6600 || TEST: 1.2091 0.3207 0.6082 | 0.5926 0.5926 0.2398 | 0.1598 27.2260 22.5482 0.2462 0.5023 0.6331 | 6.676
LOSS FORMAT: SEMANTIC_LOSS MEAN_IOU PIX_ACC | DEPTH_LOSS ABS_ERR REL_ERR | NORMAL_LOSS MEAN MED <11.25 <22.5 <30 | ∆m (test)
Epoch: 0076 | lr=0.0001 | epoch lenth=398 | train time: 176.211 s | method imtl | TRAIN: 0.9067 0.3802 0.6574 | 0.4424 0.4424 0.2099 | 0.1535 26.3665 21.2560 0.2609 0.5305 0.6615 || TEST: 1.1634 0.3331 0.6220 | 0.6638 0.6638 0.2539 | 0.1614 27.2494 22.2439 0.2502 0.5085 0.6368 | 7.316
LOSS FORMAT: SEMANTIC_LOSS MEAN_IOU PIX_ACC | DEPTH_LOSS ABS_ERR REL_ERR | NORMAL_LOSS MEAN MED <11.25 <22.5 <30 | ∆m (test)
Epoch: 0077 | lr=0.0001 | epoch lenth=398 | train time: 179.984 s | method imtl | TRAIN: 0.9033 0.3862 0.6647 | 0.4239 0.4239 0.2022 | 0.1544 26.4348 21.3269 0.2615 0.5300 0.6609 || TEST: 1.1950 0.3285 0.6145 | 0.5977 0.5977 0.2390 | 0.1570 26.9546 22.2563 0.2496 0.5073 0.6379 | 5.801
LOSS FORMAT: SEMANTIC_LOSS MEAN_IOU PIX_ACC | DEPTH_LOSS ABS_ERR REL_ERR | NORMAL_LOSS MEAN MED <11.25 <22.5 <30 | ∆m (test)
Epoch: 0078 | lr=0.0001 | epoch lenth=398 | train time: 177.315 s | method imtl | TRAIN: 0.9079 0.3892 0.6605 | 0.4414 0.4414 0.2039 | 0.1540 26.4221 21.3421 0.2600 0.5297 0.6607 || TEST: 1.1774 0.3401 0.6189 | 0.5843 0.5843 0.2377 | 0.1592 27.1422 22.3052 0.2466 0.5066 0.6372 | 5.360
LOSS FORMAT: SEMANTIC_LOSS MEAN_IOU PIX_ACC | DEPTH_LOSS ABS_ERR REL_ERR | NORMAL_LOSS MEAN MED <11.25 <22.5 <30 | ∆m (test)
Epoch: 0079 | lr=0.0001 | epoch lenth=398 | train time: 175.120 s | method imtl | TRAIN: 0.8700 0.4009 0.6693 | 0.4293 0.4293 0.2025 | 0.1497 25.9657 20.8550 0.2667 0.5394 0.6700 || TEST: 1.2171 0.3288 0.6177 | 0.5697 0.5697 0.2302 | 0.1556 26.6199 21.5756 0.2604 0.5224 0.6496 | 3.502
LOSS FORMAT: SEMANTIC_LOSS MEAN_IOU PIX_ACC | DEPTH_LOSS ABS_ERR REL_ERR | NORMAL_LOSS MEAN MED <11.25 <22.5 <30 | ∆m (test)
Epoch: 0080 | lr=0.0001 | epoch lenth=398 | train time: 176.320 s | method imtl | TRAIN: 0.9033 0.3838 0.6619 | 0.4293 0.4293 0.2033 | 0.1500 25.9466 20.7409 0.2697 0.5418 0.6714 || TEST: 1.1579 0.3532 0.6168 | 0.5966 0.5966 0.2378 | 0.1557 26.8604 22.2017 0.2482 0.5102 0.6413 | 4.842
LOSS FORMAT: SEMANTIC_LOSS MEAN_IOU PIX_ACC | DEPTH_LOSS ABS_ERR REL_ERR | NORMAL_LOSS MEAN MED <11.25 <22.5 <30 | ∆m (test)
Epoch: 0081 | lr=0.0001 | epoch lenth=398 | train time: 175.607 s | method imtl | TRAIN: 0.9544 0.3893 0.6544 | 0.4701 0.4701 0.2169 | 0.1555 26.5826 21.5127 0.2575 0.5268 0.6575 || TEST: 1.1705 0.3397 0.6226 | 0.5809 0.5809 0.2413 | 0.1562 26.7268 21.7810 0.2577 0.5189 0.6466 | 4.110
LOSS FORMAT: SEMANTIC_LOSS MEAN_IOU PIX_ACC | DEPTH_LOSS ABS_ERR REL_ERR | NORMAL_LOSS MEAN MED <11.25 <22.5 <30 | ∆m (test)
Epoch: 0082 | lr=0.0001 | epoch lenth=398 | train time: 176.036 s | method imtl | TRAIN: 0.8690 0.3966 0.6694 | 0.4245 0.4245 0.1996 | 0.1491 25.8724 20.6611 0.2682 0.5431 0.6731 || TEST: 1.2185 0.3220 0.6106 | 0.6645 0.6645 0.2977 | 0.1526 26.3790 21.4755 0.2637 0.5234 0.6512 | 7.746
LOSS FORMAT: SEMANTIC_LOSS MEAN_IOU PIX_ACC | DEPTH_LOSS ABS_ERR REL_ERR | NORMAL_LOSS MEAN MED <11.25 <22.5 <30 | ∆m (test)
Epoch: 0083 | lr=0.0001 | epoch lenth=398 | train time: 176.203 s | method imtl | TRAIN: 0.8787 0.3952 0.6643 | 0.4297 0.4297 0.2019 | 0.1516 26.1356 20.9842 0.2659 0.5366 0.6668 || TEST: 1.1806 0.3283 0.6184 | 0.5678 0.5678 0.2366 | 0.1552 26.6155 21.7131 0.2603 0.5196 0.6480 | 3.893
LOSS FORMAT: SEMANTIC_LOSS MEAN_IOU PIX_ACC | DEPTH_LOSS ABS_ERR REL_ERR | NORMAL_LOSS MEAN MED <11.25 <22.5 <30 | ∆m (test)
Epoch: 0084 | lr=0.0001 | epoch lenth=398 | train time: 177.113 s | method imtl | TRAIN: 0.8481 0.4031 0.6730 | 0.4110 0.4110 0.1941 | 0.1481 25.7745 20.6160 0.2715 0.5443 0.6744 || TEST: 1.1745 0.3078 0.6170 | 0.5958 0.5958 0.2325 | 0.1560 26.7171 21.7854 0.2562 0.5187 0.6479 | 5.065
LOSS FORMAT: SEMANTIC_LOSS MEAN_IOU PIX_ACC | DEPTH_LOSS ABS_ERR REL_ERR | NORMAL_LOSS MEAN MED <11.25 <22.5 <30 | ∆m (test)
Epoch: 0085 | lr=0.0001 | epoch lenth=398 | train time: 176.134 s | method imtl | TRAIN: 0.8331 0.3957 0.6744 | 0.4152 0.4152 0.1943 | 0.1485 25.7966 20.5777 0.2712 0.5447 0.6740 || TEST: 1.2082 0.3374 0.6135 | 0.6042 0.6042 0.2295 | 0.1552 26.6616 21.7734 0.2578 0.5181 0.6467 | 4.225
LOSS FORMAT: SEMANTIC_LOSS MEAN_IOU PIX_ACC | DEPTH_LOSS ABS_ERR REL_ERR | NORMAL_LOSS MEAN MED <11.25 <22.5 <30 | ∆m (test)
Epoch: 0086 | lr=0.0001 | epoch lenth=398 | train time: 175.622 s | method imtl | TRAIN: 0.8469 0.4049 0.6709 | 0.4133 0.4133 0.1967 | 0.1491 25.8285 20.5352 0.2714 0.5453 0.6740 || TEST: 1.2004 0.3427 0.6169 | 0.6117 0.6117 0.2653 | 0.1534 26.4898 21.6937 0.2582 0.5199 0.6505 | 5.330
LOSS FORMAT: SEMANTIC_LOSS MEAN_IOU PIX_ACC | DEPTH_LOSS ABS_ERR REL_ERR | NORMAL_LOSS MEAN MED <11.25 <22.5 <30 | ∆m (test)
Epoch: 0087 | lr=0.0001 | epoch lenth=398 | train time: 175.796 s | method imtl | TRAIN: 0.8294 0.4091 0.6749 | 0.4091 0.4091 0.1925 | 0.1462 25.5369 20.3398 0.2748 0.5518 0.6810 || TEST: 1.1504 0.3615 0.6369 | 0.5638 0.5638 0.2324 | 0.1524 26.3351 21.3693 0.2631 0.5258 0.6540 | 1.726
LOSS FORMAT: SEMANTIC_LOSS MEAN_IOU PIX_ACC | DEPTH_LOSS ABS_ERR REL_ERR | NORMAL_LOSS MEAN MED <11.25 <22.5 <30 | ∆m (test)
Epoch: 0088 | lr=0.0001 | epoch lenth=398 | train time: 176.397 s | method imtl | TRAIN: 0.8281 0.4203 0.6852 | 0.4016 0.4016 0.1878 | 0.1453 25.4724 20.2458 0.2744 0.5517 0.6817 || TEST: 1.2463 0.3027 0.6038 | 0.5813 0.5813 0.2311 | 0.1574 26.7273 21.5234 0.2605 0.5234 0.6513 | 4.693
LOSS FORMAT: SEMANTIC_LOSS MEAN_IOU PIX_ACC | DEPTH_LOSS ABS_ERR REL_ERR | NORMAL_LOSS MEAN MED <11.25 <22.5 <30 | ∆m (test)
Epoch: 0089 | lr=0.0001 | epoch lenth=398 | train time: 176.523 s | method imtl | TRAIN: 0.8086 0.4014 0.6738 | 0.3984 0.3984 0.1901 | 0.1461 25.5581 20.2814 0.2735 0.5500 0.6803 || TEST: 1.1851 0.3335 0.6160 | 0.5872 0.5872 0.2356 | 0.1633 27.4820 22.5464 0.2461 0.5029 0.6318 | 6.033
LOSS FORMAT: SEMANTIC_LOSS MEAN_IOU PIX_ACC | DEPTH_LOSS ABS_ERR REL_ERR | NORMAL_LOSS MEAN MED <11.25 <22.5 <30 | ∆m (test)
Epoch: 0090 | lr=0.0001 | epoch lenth=398 | train time: 175.888 s | method imtl | TRAIN: 0.8189 0.4095 0.6777 | 0.4013 0.4013 0.1895 | 0.1476 25.7089 20.4942 0.2716 0.5466 0.6766 || TEST: 1.1862 0.3271 0.6123 | 0.6245 0.6245 0.2342 | 0.1544 26.6795 22.0044 0.2521 0.5142 0.6464 | 5.497
LOSS FORMAT: SEMANTIC_LOSS MEAN_IOU PIX_ACC | DEPTH_LOSS ABS_ERR REL_ERR | NORMAL_LOSS MEAN MED <11.25 <22.5 <30 | ∆m (test)
Epoch: 0091 | lr=0.0001 | epoch lenth=398 | train time: 174.870 s | method imtl | TRAIN: 0.8267 0.4061 0.6740 | 0.3972 0.3972 0.1924 | 0.1460 25.5033 20.2257 0.2760 0.5530 0.6817 || TEST: 1.1668 0.3401 0.6266 | 0.6157 0.6157 0.2565 | 0.1544 26.6550 21.8862 0.2546 0.5157 0.6448 | 5.442
LOSS FORMAT: SEMANTIC_LOSS MEAN_IOU PIX_ACC | DEPTH_LOSS ABS_ERR REL_ERR | NORMAL_LOSS MEAN MED <11.25 <22.5 <30 | ∆m (test)
Epoch: 0092 | lr=0.0001 | epoch lenth=398 | train time: 174.920 s | method imtl | TRAIN: 0.8029 0.4196 0.6858 | 0.3987 0.3987 0.1882 | 0.1446 25.3816 20.1603 0.2781 0.5544 0.6827 || TEST: 1.2025 0.3456 0.6230 | 0.5876 0.5876 0.2440 | 0.1588 27.0705 22.2343 0.2486 0.5096 0.6392 | 5.199
LOSS FORMAT: SEMANTIC_LOSS MEAN_IOU PIX_ACC | DEPTH_LOSS ABS_ERR REL_ERR | NORMAL_LOSS MEAN MED <11.25 <22.5 <30 | ∆m (test)
Epoch: 0093 | lr=0.0001 | epoch lenth=398 | train time: 174.252 s | method imtl | TRAIN: 0.7970 0.4153 0.6838 | 0.3897 0.3897 0.1867 | 0.1437 25.2792 20.0599 0.2782 0.5572 0.6859 || TEST: 1.2164 0.3217 0.6244 | 0.5644 0.5644 0.2229 | 0.1526 26.3525 21.3754 0.2611 0.5277 0.6558 | 2.748
LOSS FORMAT: SEMANTIC_LOSS MEAN_IOU PIX_ACC | DEPTH_LOSS ABS_ERR REL_ERR | NORMAL_LOSS MEAN MED <11.25 <22.5 <30 | ∆m (test)
Epoch: 0094 | lr=0.0001 | epoch lenth=398 | train time: 175.690 s | method imtl | TRAIN: 0.8160 0.4056 0.6825 | 0.4005 0.4005 0.1931 | 0.1448 25.3875 20.1396 0.2771 0.5551 0.6839 || TEST: 1.1636 0.3557 0.6333 | 0.5816 0.5816 0.2446 | 0.1555 26.7390 21.8991 0.2543 0.5154 0.6448 | 3.899
LOSS FORMAT: SEMANTIC_LOSS MEAN_IOU PIX_ACC | DEPTH_LOSS ABS_ERR REL_ERR | NORMAL_LOSS MEAN MED <11.25 <22.5 <30 | ∆m (test)
Epoch: 0095 | lr=0.0001 | epoch lenth=398 | train time: 174.955 s | method imtl | TRAIN: 0.7938 0.4268 0.6901 | 0.3891 0.3891 0.1881 | 0.1429 25.1581 19.8782 0.2822 0.5612 0.6893 || TEST: 1.2099 0.3358 0.6141 | 0.6519 0.6519 0.2380 | 0.1594 27.3814 22.8012 0.2315 0.4986 0.6324 | 7.876
LOSS FORMAT: SEMANTIC_LOSS MEAN_IOU PIX_ACC | DEPTH_LOSS ABS_ERR REL_ERR | NORMAL_LOSS MEAN MED <11.25 <22.5 <30 | ∆m (test)
Epoch: 0096 | lr=0.0001 | epoch lenth=398 | train time: 175.489 s | method imtl | TRAIN: 0.7786 0.4191 0.6838 | 0.3995 0.3995 0.1887 | 0.1425 25.1057 19.7824 0.2849 0.5620 0.6893 || TEST: 1.1531 0.3546 0.6404 | 0.5830 0.5830 0.2469 | 0.1561 26.9634 22.3842 0.2455 0.5046 0.6367 | 4.967
LOSS FORMAT: SEMANTIC_LOSS MEAN_IOU PIX_ACC | DEPTH_LOSS ABS_ERR REL_ERR | NORMAL_LOSS MEAN MED <11.25 <22.5 <30 | ∆m (test)
Epoch: 0097 | lr=0.0001 | epoch lenth=398 | train time: 174.163 s | method imtl | TRAIN: 0.7683 0.4305 0.6981 | 0.3907 0.3907 0.1833 | 0.1425 25.1459 19.9604 0.2800 0.5602 0.6893 || TEST: 1.1409 0.3670 0.6391 | 0.6101 0.6101 0.2550 | 0.1525 26.3321 21.3469 0.2639 0.5270 0.6547 | 3.115
LOSS FORMAT: SEMANTIC_LOSS MEAN_IOU PIX_ACC | DEPTH_LOSS ABS_ERR REL_ERR | NORMAL_LOSS MEAN MED <11.25 <22.5 <30 | ∆m (test)
Epoch: 0098 | lr=0.0001 | epoch lenth=398 | train time: 174.793 s | method imtl | TRAIN: 0.7825 0.4356 0.6945 | 0.3885 0.3885 0.1841 | 0.1433 25.2127 19.9672 0.2793 0.5602 0.6892 || TEST: 1.1901 0.3243 0.6217 | 0.5831 0.5831 0.2230 | 0.1537 26.5034 21.6528 0.2609 0.5204 0.6492 | 3.515
LOSS FORMAT: SEMANTIC_LOSS MEAN_IOU PIX_ACC | DEPTH_LOSS ABS_ERR REL_ERR | NORMAL_LOSS MEAN MED <11.25 <22.5 <30 | ∆m (test)
Epoch: 0099 | lr=0.0001 | epoch lenth=398 | train time: 176.140 s | method imtl | TRAIN: 0.7582 0.4162 0.6896 | 0.4033 0.4033 0.1895 | 0.1399 24.8572 19.5538 0.2867 0.5671 0.6946 || TEST: 1.2405 0.3471 0.6252 | 0.5818 0.5818 0.2395 | 0.1556 26.6137 21.5910 0.2595 0.5228 0.6510 | 3.417
LOSS FORMAT: SEMANTIC_LOSS MEAN_IOU PIX_ACC | DEPTH_LOSS ABS_ERR REL_ERR | NORMAL_LOSS MEAN MED <11.25 <22.5 <30 | ∆m (test)
Epoch: 0100 | lr=0.0001 | epoch lenth=398 | train time: 174.514 s | method imtl | TRAIN: 0.6973 0.4464 0.7050 | 0.3433 0.3433 0.1619 | 0.1348 24.2494 18.9109 0.2982 0.5831 0.7090 || TEST: 1.1202 0.3791 0.6490 | 0.5513 0.5513 0.2150 | 0.1497 26.2225 21.5316 0.2558 0.5239 0.6569 | 0.409
LOSS FORMAT: SEMANTIC_LOSS MEAN_IOU PIX_ACC | DEPTH_LOSS ABS_ERR REL_ERR | NORMAL_LOSS MEAN MED <11.25 <22.5 <30 | ∆m (test)
Epoch: 0101 | lr=0.0001 | epoch lenth=398 | train time: 174.714 s | method imtl | TRAIN: 0.6632 0.4706 0.7208 | 0.3433 0.3433 0.1673 | 0.1329 24.0263 18.6693 0.3021 0.5889 0.7139 || TEST: 1.1485 0.3744 0.6544 | 0.5365 0.5365 0.2204 | 0.1469 25.6817 20.5975 0.2748 0.5432 0.6695 | -1.638
LOSS FORMAT: SEMANTIC_LOSS MEAN_IOU PIX_ACC | DEPTH_LOSS ABS_ERR REL_ERR | NORMAL_LOSS MEAN MED <11.25 <22.5 <30 | ∆m (test)
Epoch: 0102 | lr=0.0001 | epoch lenth=398 | train time: 174.572 s | method imtl | TRAIN: 0.6492 0.4722 0.7264 | 0.3438 0.3438 0.1626 | 0.1306 23.7209 18.3229 0.3108 0.5963 0.7192 || TEST: 1.1993 0.3622 0.6380 | 0.5436 0.5436 0.2204 | 0.1484 25.8481 20.8251 0.2728 0.5385 0.6653 | -0.441
LOSS FORMAT: SEMANTIC_LOSS MEAN_IOU PIX_ACC | DEPTH_LOSS ABS_ERR REL_ERR | NORMAL_LOSS MEAN MED <11.25 <22.5 <30 | ∆m (test)
Epoch: 0103 | lr=0.0001 | epoch lenth=398 | train time: 174.626 s | method imtl | TRAIN: 0.6465 0.4640 0.7193 | 0.3403 0.3403 0.1613 | 0.1310 23.7298 18.2361 0.3124 0.5973 0.7194 || TEST: 1.1923 0.3694 0.6372 | 0.5504 0.5504 0.2151 | 0.1469 25.6032 20.3891 0.2792 0.5471 0.6724 | -1.617
LOSS FORMAT: SEMANTIC_LOSS MEAN_IOU PIX_ACC | DEPTH_LOSS ABS_ERR REL_ERR | NORMAL_LOSS MEAN MED <11.25 <22.5 <30 | ∆m (test)
Epoch: 0104 | lr=0.0001 | epoch lenth=398 | train time: 175.197 s | method imtl | TRAIN: 0.6454 0.4712 0.7200 | 0.3404 0.3404 0.1609 | 0.1313 23.7183 18.2320 0.3150 0.5981 0.7197 || TEST: 1.1196 0.3765 0.6480 | 0.5822 0.5822 0.2264 | 0.1509 26.2221 21.3830 0.2646 0.5256 0.6553 | 1.046
LOSS FORMAT: SEMANTIC_LOSS MEAN_IOU PIX_ACC | DEPTH_LOSS ABS_ERR REL_ERR | NORMAL_LOSS MEAN MED <11.25 <22.5 <30 | ∆m (test)
Epoch: 0105 | lr=0.0001 | epoch lenth=398 | train time: 174.230 s | method imtl | TRAIN: 0.6474 0.4761 0.7235 | 0.3375 0.3375 0.1609 | 0.1296 23.6340 18.2406 0.3102 0.5987 0.7219 || TEST: 1.1795 0.3644 0.6418 | 0.5579 0.5579 0.2260 | 0.1466 25.6614 20.6316 0.2752 0.5421 0.6691 | -0.526
LOSS FORMAT: SEMANTIC_LOSS MEAN_IOU PIX_ACC | DEPTH_LOSS ABS_ERR REL_ERR | NORMAL_LOSS MEAN MED <11.25 <22.5 <30 | ∆m (test)
Epoch: 0106 | lr=0.0001 | epoch lenth=398 | train time: 174.438 s | method imtl | TRAIN: 0.6143 0.4790 0.7276 | 0.3277 0.3277 0.1564 | 0.1292 23.5838 18.1703 0.3109 0.6008 0.7239 || TEST: 1.1785 0.3579 0.6395 | 0.5600 0.5600 0.2238 | 0.1475 25.8555 20.9256 0.2673 0.5355 0.6650 | 0.387
LOSS FORMAT: SEMANTIC_LOSS MEAN_IOU PIX_ACC | DEPTH_LOSS ABS_ERR REL_ERR | NORMAL_LOSS MEAN MED <11.25 <22.5 <30 | ∆m (test)
Epoch: 0107 | lr=0.0001 | epoch lenth=398 | train time: 177.291 s | method imtl | TRAIN: 0.6344 0.4691 0.7218 | 0.3329 0.3329 0.1579 | 0.1295 23.6088 18.2043 0.3110 0.6002 0.7234 || TEST: 1.1474 0.3748 0.6468 | 0.5581 0.5581 0.2338 | 0.1480 25.9543 21.1151 0.2649 0.5320 0.6626 | 0.492
LOSS FORMAT: SEMANTIC_LOSS MEAN_IOU PIX_ACC | DEPTH_LOSS ABS_ERR REL_ERR | NORMAL_LOSS MEAN MED <11.25 <22.5 <30 | ∆m (test)
Epoch: 0108 | lr=0.0001 | epoch lenth=398 | train time: 174.857 s | method imtl | TRAIN: 0.6101 0.4843 0.7311 | 0.3313 0.3313 0.1574 | 0.1275 23.3776 17.9656 0.3150 0.6067 0.7281 || TEST: 1.1633 0.3830 0.6500 | 0.5800 0.5800 0.2461 | 0.1466 25.7695 20.8163 0.2685 0.5387 0.6673 | 0.455
LOSS FORMAT: SEMANTIC_LOSS MEAN_IOU PIX_ACC | DEPTH_LOSS ABS_ERR REL_ERR | NORMAL_LOSS MEAN MED <11.25 <22.5 <30 | ∆m (test)
Epoch: 0109 | lr=0.0001 | epoch lenth=398 | train time: 174.210 s | method imtl | TRAIN: 0.6118 0.4870 0.7316 | 0.3338 0.3338 0.1560 | 0.1277 23.3843 17.9803 0.3165 0.6054 0.7276 || TEST: 1.1614 0.3707 0.6456 | 0.5613 0.5613 0.2263 | 0.1483 25.9144 20.9826 0.2676 0.5350 0.6648 | 0.096
LOSS FORMAT: SEMANTIC_LOSS MEAN_IOU PIX_ACC | DEPTH_LOSS ABS_ERR REL_ERR | NORMAL_LOSS MEAN MED <11.25 <22.5 <30 | ∆m (test)
Epoch: 0110 | lr=0.0001 | epoch lenth=398 | train time: 174.126 s | method imtl | TRAIN: 0.6097 0.4851 0.7320 | 0.3312 0.3312 0.1566 | 0.1262 23.2230 17.7968 0.3169 0.6110 0.7328 || TEST: 1.2063 0.3599 0.6387 | 0.5602 0.5602 0.2260 | 0.1502 26.1811 21.3415 0.2603 0.5274 0.6593 | 1.333
LOSS FORMAT: SEMANTIC_LOSS MEAN_IOU PIX_ACC | DEPTH_LOSS ABS_ERR REL_ERR | NORMAL_LOSS MEAN MED <11.25 <22.5 <30 | ∆m (test)
Epoch: 0111 | lr=0.0001 | epoch lenth=398 | train time: 174.189 s | method imtl | TRAIN: 0.5985 0.4816 0.7297 | 0.3300 0.3300 0.1534 | 0.1253 23.1259 17.7308 0.3204 0.6112 0.7326 || TEST: 1.2098 0.3613 0.6352 | 0.5841 0.5841 0.2446 | 0.1500 26.0436 20.9795 0.2680 0.5352 0.6622 | 1.734
LOSS FORMAT: SEMANTIC_LOSS MEAN_IOU PIX_ACC | DEPTH_LOSS ABS_ERR REL_ERR | NORMAL_LOSS MEAN MED <11.25 <22.5 <30 | ∆m (test)
Epoch: 0112 | lr=0.0001 | epoch lenth=398 | train time: 174.777 s | method imtl | TRAIN: 0.6017 0.4790 0.7278 | 0.3195 0.3195 0.1518 | 0.1263 23.2621 17.9032 0.3149 0.6086 0.7318 || TEST: 1.1995 0.3685 0.6459 | 0.5676 0.5676 0.2244 | 0.1488 25.9244 20.8992 0.2681 0.5377 0.6664 | 0.041
LOSS FORMAT: SEMANTIC_LOSS MEAN_IOU PIX_ACC | DEPTH_LOSS ABS_ERR REL_ERR | NORMAL_LOSS MEAN MED <11.25 <22.5 <30 | ∆m (test)
Epoch: 0113 | lr=0.0001 | epoch lenth=398 | train time: 175.139 s | method imtl | TRAIN: 0.5929 0.4847 0.7340 | 0.3230 0.3230 0.1500 | 0.1237 22.9066 17.4994 0.3270 0.6175 0.7373 || TEST: 1.2465 0.3631 0.6388 | 0.5993 0.5993 0.2509 | 0.1451 25.3111 19.9542 0.2883 0.5563 0.6796 | -0.239
LOSS FORMAT: SEMANTIC_LOSS MEAN_IOU PIX_ACC | DEPTH_LOSS ABS_ERR REL_ERR | NORMAL_LOSS MEAN MED <11.25 <22.5 <30 | ∆m (test)
Epoch: 0114 | lr=0.0001 | epoch lenth=398 | train time: 176.036 s | method imtl | TRAIN: 0.5931 0.4814 0.7308 | 0.3283 0.3283 0.1560 | 0.1265 23.2621 17.8270 0.3169 0.6087 0.7307 || TEST: 1.1914 0.3706 0.6437 | 0.5498 0.5498 0.2222 | 0.1501 26.1443 21.2394 0.2629 0.5291 0.6591 | 0.409
LOSS FORMAT: SEMANTIC_LOSS MEAN_IOU PIX_ACC | DEPTH_LOSS ABS_ERR REL_ERR | NORMAL_LOSS MEAN MED <11.25 <22.5 <30 | ∆m (test)
Epoch: 0115 | lr=0.0001 | epoch lenth=398 | train time: 175.748 s | method imtl | TRAIN: 0.5681 0.4962 0.7370 | 0.3203 0.3203 0.1498 | 0.1229 22.8211 17.3385 0.3269 0.6210 0.7403 || TEST: 1.2204 0.3626 0.6422 | 0.5629 0.5629 0.2236 | 0.1476 25.8262 20.8279 0.2694 0.5379 0.6666 | 0.025
LOSS FORMAT: SEMANTIC_LOSS MEAN_IOU PIX_ACC | DEPTH_LOSS ABS_ERR REL_ERR | NORMAL_LOSS MEAN MED <11.25 <22.5 <30 | ∆m (test)
Epoch: 0116 | lr=0.0001 | epoch lenth=398 | train time: 175.100 s | method imtl | TRAIN: 0.5760 0.4892 0.7348 | 0.3188 0.3188 0.1528 | 0.1245 23.0406 17.6537 0.3227 0.6134 0.7339 || TEST: 1.1918 0.3736 0.6534 | 0.5426 0.5426 0.2198 | 0.1474 25.6492 20.4511 0.2775 0.5469 0.6734 | -1.852
LOSS FORMAT: SEMANTIC_LOSS MEAN_IOU PIX_ACC | DEPTH_LOSS ABS_ERR REL_ERR | NORMAL_LOSS MEAN MED <11.25 <22.5 <30 | ∆m (test)
Epoch: 0117 | lr=0.0001 | epoch lenth=398 | train time: 174.644 s | method imtl | TRAIN: 0.5731 0.4948 0.7405 | 0.3128 0.3128 0.1478 | 0.1240 22.9432 17.4546 0.3247 0.6177 0.7383 || TEST: 1.2181 0.3788 0.6435 | 0.5611 0.5611 0.2392 | 0.1488 25.8647 20.7831 0.2740 0.5388 0.6656 | -0.052
LOSS FORMAT: SEMANTIC_LOSS MEAN_IOU PIX_ACC | DEPTH_LOSS ABS_ERR REL_ERR | NORMAL_LOSS MEAN MED <11.25 <22.5 <30 | ∆m (test)
Epoch: 0118 | lr=0.0001 | epoch lenth=398 | train time: 174.947 s | method imtl | TRAIN: 0.5609 0.5042 0.7388 | 0.3139 0.3139 0.1483 | 0.1238 22.9311 17.4796 0.3242 0.6173 0.7378 || TEST: 1.1842 0.3826 0.6494 | 0.5696 0.5696 0.2288 | 0.1481 25.7722 20.6386 0.2747 0.5421 0.6691 | -0.808
LOSS FORMAT: SEMANTIC_LOSS MEAN_IOU PIX_ACC | DEPTH_LOSS ABS_ERR REL_ERR | NORMAL_LOSS MEAN MED <11.25 <22.5 <30 | ∆m (test)
Epoch: 0119 | lr=0.0001 | epoch lenth=398 | train time: 173.999 s | method imtl | TRAIN: 0.5505 0.5012 0.7428 | 0.3181 0.3181 0.1499 | 0.1230 22.8146 17.2666 0.3279 0.6216 0.7404 || TEST: 1.2405 0.3673 0.6370 | 0.5524 0.5524 0.2246 | 0.1476 25.7734 20.7492 0.2717 0.5407 0.6699 | -0.413
LOSS FORMAT: SEMANTIC_LOSS MEAN_IOU PIX_ACC | DEPTH_LOSS ABS_ERR REL_ERR | NORMAL_LOSS MEAN MED <11.25 <22.5 <30 | ∆m (test)
Epoch: 0120 | lr=0.0001 | epoch lenth=398 | train time: 174.620 s | method imtl | TRAIN: 0.5599 0.4930 0.7364 | 0.3164 0.3164 0.1502 | 0.1237 22.9457 17.5634 0.3230 0.6173 0.7377 || TEST: 1.2578 0.3806 0.6390 | 0.5806 0.5806 0.2467 | 0.1490 25.8401 20.6425 0.2750 0.5410 0.6686 | 0.379
LOSS FORMAT: SEMANTIC_LOSS MEAN_IOU PIX_ACC | DEPTH_LOSS ABS_ERR REL_ERR | NORMAL_LOSS MEAN MED <11.25 <22.5 <30 | ∆m (test)
Epoch: 0121 | lr=0.0001 | epoch lenth=398 | train time: 175.139 s | method imtl | TRAIN: 0.5570 0.4994 0.7375 | 0.3149 0.3149 0.1517 | 0.1239 22.9230 17.4488 0.3262 0.6183 0.7376 || TEST: 1.1796 0.3892 0.6532 | 0.6144 0.6144 0.2570 | 0.1476 25.7509 20.6563 0.2749 0.5412 0.6686 | 0.817
LOSS FORMAT: SEMANTIC_LOSS MEAN_IOU PIX_ACC | DEPTH_LOSS ABS_ERR REL_ERR | NORMAL_LOSS MEAN MED <11.25 <22.5 <30 | ∆m (test)
Epoch: 0122 | lr=0.0001 | epoch lenth=398 | train time: 174.367 s | method imtl | TRAIN: 0.5690 0.4989 0.7418 | 0.3163 0.3163 0.1502 | 0.1248 23.0921 17.6714 0.3187 0.6134 0.7351 || TEST: 1.2451 0.3903 0.6505 | 0.5651 0.5651 0.2353 | 0.1479 25.6902 20.4397 0.2793 0.5459 0.6710 | -1.290
LOSS FORMAT: SEMANTIC_LOSS MEAN_IOU PIX_ACC | DEPTH_LOSS ABS_ERR REL_ERR | NORMAL_LOSS MEAN MED <11.25 <22.5 <30 | ∆m (test)
Epoch: 0123 | lr=0.0001 | epoch lenth=398 | train time: 175.335 s | method imtl | TRAIN: 0.5590 0.5078 0.7428 | 0.3140 0.3140 0.1506 | 0.1245 22.9495 17.5010 0.3278 0.6184 0.7375 || TEST: 1.2823 0.3402 0.6219 | 0.6061 0.6061 0.2274 | 0.1490 26.0465 21.1307 0.2615 0.5317 0.6629 | 2.637
LOSS FORMAT: SEMANTIC_LOSS MEAN_IOU PIX_ACC | DEPTH_LOSS ABS_ERR REL_ERR | NORMAL_LOSS MEAN MED <11.25 <22.5 <30 | ∆m (test)
Epoch: 0124 | lr=0.0001 | epoch lenth=398 | train time: 175.589 s | method imtl | TRAIN: 0.5499 0.4817 0.7311 | 0.3113 0.3113 0.1467 | 0.1231 22.8103 17.3187 0.3280 0.6215 0.7406 || TEST: 1.2005 0.3676 0.6415 | 0.5502 0.5502 0.2236 | 0.1504 26.1343 21.2206 0.2654 0.5296 0.6595 | 0.470
LOSS FORMAT: SEMANTIC_LOSS MEAN_IOU PIX_ACC | DEPTH_LOSS ABS_ERR REL_ERR | NORMAL_LOSS MEAN MED <11.25 <22.5 <30 | ∆m (test)
Epoch: 0125 | lr=0.0001 | epoch lenth=398 | train time: 175.535 s | method imtl | TRAIN: 0.5479 0.5029 0.7405 | 0.3116 0.3116 0.1455 | 0.1221 22.7125 17.3366 0.3291 0.6238 0.7427 || TEST: 1.2022 0.3729 0.6466 | 0.5409 0.5409 0.2266 | 0.1475 25.8506 20.9223 0.2683 0.5360 0.6652 | -0.428
LOSS FORMAT: SEMANTIC_LOSS MEAN_IOU PIX_ACC | DEPTH_LOSS ABS_ERR REL_ERR | NORMAL_LOSS MEAN MED <11.25 <22.5 <30 | ∆m (test)
Epoch: 0126 | lr=0.0001 | epoch lenth=398 | train time: 175.450 s | method imtl | TRAIN: 0.5353 0.5039 0.7447 | 0.3089 0.3089 0.1456 | 0.1209 22.5868 17.1587 0.3332 0.6253 0.7444 || TEST: 1.2058 0.3795 0.6506 | 0.5631 0.5631 0.2328 | 0.1491 25.8493 20.6930 0.2758 0.5409 0.6675 | -0.614
LOSS FORMAT: SEMANTIC_LOSS MEAN_IOU PIX_ACC | DEPTH_LOSS ABS_ERR REL_ERR | NORMAL_LOSS MEAN MED <11.25 <22.5 <30 | ∆m (test)
Epoch: 0127 | lr=0.0001 | epoch lenth=398 | train time: 175.403 s | method imtl | TRAIN: 0.5416 0.5047 0.7458 | 0.3069 0.3069 0.1465 | 0.1227 22.7770 17.3056 0.3294 0.6222 0.7409 || TEST: 1.2556 0.3808 0.6440 | 0.5551 0.5551 0.2262 | 0.1485 25.8406 20.7672 0.2737 0.5395 0.6668 | -0.774
LOSS FORMAT: SEMANTIC_LOSS MEAN_IOU PIX_ACC | DEPTH_LOSS ABS_ERR REL_ERR | NORMAL_LOSS MEAN MED <11.25 <22.5 <30 | ∆m (test)
Epoch: 0128 | lr=0.0001 | epoch lenth=398 | train time: 175.904 s | method imtl | TRAIN: 0.5238 0.5101 0.7457 | 0.3059 0.3059 0.1436 | 0.1204 22.5684 17.1497 0.3298 0.6275 0.7466 || TEST: 1.2014 0.3795 0.6462 | 0.5456 0.5456 0.2178 | 0.1449 25.5402 20.5853 0.2742 0.5439 0.6726 | -1.706
LOSS FORMAT: SEMANTIC_LOSS MEAN_IOU PIX_ACC | DEPTH_LOSS ABS_ERR REL_ERR | NORMAL_LOSS MEAN MED <11.25 <22.5 <30 | ∆m (test)
Epoch: 0129 | lr=0.0001 | epoch lenth=398 | train time: 174.814 s | method imtl | TRAIN: 0.5308 0.5093 0.7451 | 0.3075 0.3075 0.1457 | 0.1226 22.7828 17.3500 0.3266 0.6224 0.7417 || TEST: 1.2502 0.3783 0.6457 | 0.5583 0.5583 0.2233 | 0.1465 25.5745 20.3588 0.2783 0.5489 0.6743 | -1.620
LOSS FORMAT: SEMANTIC_LOSS MEAN_IOU PIX_ACC | DEPTH_LOSS ABS_ERR REL_ERR | NORMAL_LOSS MEAN MED <11.25 <22.5 <30 | ∆m (test)
Epoch: 0130 | lr=0.0001 | epoch lenth=398 | train time: 175.031 s | method imtl | TRAIN: 0.5147 0.5149 0.7483 | 0.2991 0.2991 0.1434 | 0.1199 22.4203 16.8326 0.3378 0.6319 0.7490 || TEST: 1.2075 0.3837 0.6481 | 0.5478 0.5478 0.2243 | 0.1469 25.8117 20.8017 0.2643 0.5392 0.6693 | -0.811
LOSS FORMAT: SEMANTIC_LOSS MEAN_IOU PIX_ACC | DEPTH_LOSS ABS_ERR REL_ERR | NORMAL_LOSS MEAN MED <11.25 <22.5 <30 | ∆m (test)
Epoch: 0131 | lr=0.0001 | epoch lenth=398 | train time: 175.201 s | method imtl | TRAIN: 0.5112 0.5162 0.7509 | 0.3030 0.3030 0.1419 | 0.1201 22.4574 17.0928 0.3357 0.6309 0.7483 || TEST: 1.2534 0.3918 0.6485 | 0.5518 0.5518 0.2306 | 0.1460 25.5258 20.3173 0.2784 0.5499 0.6758 | -1.977
LOSS FORMAT: SEMANTIC_LOSS MEAN_IOU PIX_ACC | DEPTH_LOSS ABS_ERR REL_ERR | NORMAL_LOSS MEAN MED <11.25 <22.5 <30 | ∆m (test)
Epoch: 0132 | lr=0.0001 | epoch lenth=398 | train time: 175.799 s | method imtl | TRAIN: 0.4999 0.5179 0.7517 | 0.3049 0.3049 0.1440 | 0.1196 22.3787 16.9498 0.3380 0.6330 0.7500 || TEST: 1.2890 0.3608 0.6264 | 0.5489 0.5489 0.2279 | 0.1476 25.8527 20.9807 0.2679 0.5361 0.6661 | 0.494
LOSS FORMAT: SEMANTIC_LOSS MEAN_IOU PIX_ACC | DEPTH_LOSS ABS_ERR REL_ERR | NORMAL_LOSS MEAN MED <11.25 <22.5 <30 | ∆m (test)
Epoch: 0133 | lr=0.0001 | epoch lenth=398 | train time: 177.428 s | method imtl | TRAIN: 0.4888 0.5078 0.7435 | 0.3011 0.3011 0.1393 | 0.1186 22.3474 16.9891 0.3346 0.6323 0.7507 || TEST: 1.2228 0.3982 0.6566 | 0.5441 0.5441 0.2250 | 0.1487 25.7831 20.5812 0.2767 0.5426 0.6700 | -2.090
LOSS FORMAT: SEMANTIC_LOSS MEAN_IOU PIX_ACC | DEPTH_LOSS ABS_ERR REL_ERR | NORMAL_LOSS MEAN MED <11.25 <22.5 <30 | ∆m (test)
Epoch: 0134 | lr=0.0001 | epoch lenth=398 | train time: 174.950 s | method imtl | TRAIN: 0.4961 0.5288 0.7570 | 0.2974 0.2974 0.1408 | 0.1193 22.4037 16.9983 0.3344 0.6317 0.7500 || TEST: 1.2114 0.3896 0.6521 | 0.5463 0.5463 0.2298 | 0.1463 25.6097 20.5372 0.2769 0.5446 0.6720 | -1.710
LOSS FORMAT: SEMANTIC_LOSS MEAN_IOU PIX_ACC | DEPTH_LOSS ABS_ERR REL_ERR | NORMAL_LOSS MEAN MED <11.25 <22.5 <30 | ∆m (test)
Epoch: 0135 | lr=0.0001 | epoch lenth=398 | train time: 177.503 s | method imtl | TRAIN: 0.5276 0.5163 0.7495 | 0.2987 0.2987 0.1402 | 0.1198 22.4130 16.9036 0.3364 0.6327 0.7495 || TEST: 1.2328 0.3866 0.6501 | 0.5663 0.5663 0.2319 | 0.1493 25.9585 20.8696 0.2686 0.5374 0.6668 | -0.297
LOSS FORMAT: SEMANTIC_LOSS MEAN_IOU PIX_ACC | DEPTH_LOSS ABS_ERR REL_ERR | NORMAL_LOSS MEAN MED <11.25 <22.5 <30 | ∆m (test)
Epoch: 0136 | lr=0.0001 | epoch lenth=398 | train time: 177.843 s | method imtl | TRAIN: 0.5028 0.5225 0.7531 | 0.2933 0.2933 0.1410 | 0.1192 22.3475 16.9137 0.3393 0.6333 0.7507 || TEST: 1.3067 0.3597 0.6322 | 0.5631 0.5631 0.2307 | 0.1493 25.8130 20.5504 0.2753 0.5448 0.6718 | -0.027
LOSS FORMAT: SEMANTIC_LOSS MEAN_IOU PIX_ACC | DEPTH_LOSS ABS_ERR REL_ERR | NORMAL_LOSS MEAN MED <11.25 <22.5 <30 | ∆m (test)
Epoch: 0137 | lr=0.0001 | epoch lenth=398 | train time: 179.982 s | method imtl | TRAIN: 0.4895 0.5101 0.7471 | 0.2990 0.2990 0.1389 | 0.1156 21.9656 16.5559 0.3455 0.6417 0.7581 || TEST: 1.2090 0.3843 0.6447 | 0.5763 0.5763 0.2266 | 0.1502 26.1299 21.2050 0.2643 0.5295 0.6598 | 0.510
LOSS FORMAT: SEMANTIC_LOSS MEAN_IOU PIX_ACC | DEPTH_LOSS ABS_ERR REL_ERR | NORMAL_LOSS MEAN MED <11.25 <22.5 <30 | ∆m (test)
Epoch: 0138 | lr=0.0001 | epoch lenth=398 | train time: 180.668 s | method imtl | TRAIN: 0.5118 0.5130 0.7484 | 0.3087 0.3087 0.1508 | 0.1189 22.3419 16.8705 0.3374 0.6329 0.7508 || TEST: 1.2280 0.3799 0.6502 | 0.5338 0.5338 0.2206 | 0.1462 25.6120 20.5361 0.2764 0.5441 0.6710 | -1.924
LOSS FORMAT: SEMANTIC_LOSS MEAN_IOU PIX_ACC | DEPTH_LOSS ABS_ERR REL_ERR | NORMAL_LOSS MEAN MED <11.25 <22.5 <30 | ∆m (test)
Epoch: 0139 | lr=0.0001 | epoch lenth=398 | train time: 175.718 s | method imtl | TRAIN: 0.4767 0.5246 0.7570 | 0.2963 0.2963 0.1389 | 0.1158 21.9759 16.5559 0.3443 0.6422 0.7585 || TEST: 1.2353 0.3954 0.6525 | 0.5592 0.5592 0.2360 | 0.1468 25.6641 20.5875 0.2745 0.5434 0.6720 | -1.263
LOSS FORMAT: SEMANTIC_LOSS MEAN_IOU PIX_ACC | DEPTH_LOSS ABS_ERR REL_ERR | NORMAL_LOSS MEAN MED <11.25 <22.5 <30 | ∆m (test)
Epoch: 0140 | lr=0.0001 | epoch lenth=398 | train time: 176.204 s | method imtl | TRAIN: 0.4735 0.5276 0.7586 | 0.2931 0.2931 0.1373 | 0.1168 22.0394 16.5441 0.3468 0.6417 0.7566 || TEST: 1.2092 0.3926 0.6545 | 0.5759 0.5759 0.2470 | 0.1469 25.7398 20.8010 0.2706 0.5393 0.6695 | -0.083
LOSS FORMAT: SEMANTIC_LOSS MEAN_IOU PIX_ACC | DEPTH_LOSS ABS_ERR REL_ERR | NORMAL_LOSS MEAN MED <11.25 <22.5 <30 | ∆m (test)
Epoch: 0141 | lr=0.0001 | epoch lenth=398 | train time: 175.433 s | method imtl | TRAIN: 0.4756 0.5284 0.7591 | 0.2959 0.2959 0.1397 | 0.1173 22.1502 16.6887 0.3409 0.6379 0.7551 || TEST: 1.3981 0.3538 0.6254 | 0.5568 0.5568 0.2352 | 0.1464 25.5528 20.3621 0.2795 0.5480 0.6753 | -0.159
LOSS FORMAT: SEMANTIC_LOSS MEAN_IOU PIX_ACC | DEPTH_LOSS ABS_ERR REL_ERR | NORMAL_LOSS MEAN MED <11.25 <22.5 <30 | ∆m (test)
Epoch: 0142 | lr=0.0001 | epoch lenth=398 | train time: 176.960 s | method imtl | TRAIN: 0.4693 0.5129 0.7472 | 0.2840 0.2840 0.1324 | 0.1160 21.9881 16.5422 0.3439 0.6428 0.7589 || TEST: 1.2668 0.3908 0.6550 | 0.5493 0.5493 0.2344 | 0.1471 25.6515 20.5030 0.2773 0.5451 0.6715 | -1.580
LOSS FORMAT: SEMANTIC_LOSS MEAN_IOU PIX_ACC | DEPTH_LOSS ABS_ERR REL_ERR | NORMAL_LOSS MEAN MED <11.25 <22.5 <30 | ∆m (test)
Epoch: 0143 | lr=0.0001 | epoch lenth=398 | train time: 176.651 s | method imtl | TRAIN: 0.4914 0.5227 0.7583 | 0.2952 0.2952 0.1401 | 0.1171 22.1187 16.6551 0.3426 0.6388 0.7560 || TEST: 1.3261 0.3743 0.6422 | 0.5560 0.5560 0.2419 | 0.1461 25.5480 20.3451 0.2781 0.5484 0.6746 | -0.752
LOSS FORMAT: SEMANTIC_LOSS MEAN_IOU PIX_ACC | DEPTH_LOSS ABS_ERR REL_ERR | NORMAL_LOSS MEAN MED <11.25 <22.5 <30 | ∆m (test)
Epoch: 0144 | lr=0.0001 | epoch lenth=398 | train time: 176.541 s | method imtl | TRAIN: 0.4583 0.5205 0.7565 | 0.2948 0.2948 0.1384 | 0.1160 21.9778 16.5063 0.3456 0.6435 0.7589 || TEST: 1.2621 0.3878 0.6491 | 0.5530 0.5530 0.2258 | 0.1465 25.6064 20.4033 0.2753 0.5475 0.6744 | -1.770
LOSS FORMAT: SEMANTIC_LOSS MEAN_IOU PIX_ACC | DEPTH_LOSS ABS_ERR REL_ERR | NORMAL_LOSS MEAN MED <11.25 <22.5 <30 | ∆m (test)
Epoch: 0145 | lr=0.0001 | epoch lenth=398 | train time: 175.029 s | method imtl | TRAIN: 0.4737 0.5273 0.7564 | 0.2874 0.2874 0.1380 | 0.1163 22.0349 16.5925 0.3437 0.6411 0.7570 || TEST: 1.2260 0.4026 0.6589 | 0.5483 0.5483 0.2227 | 0.1516 26.1527 21.0333 0.2701 0.5331 0.6606 | -1.273
LOSS FORMAT: SEMANTIC_LOSS MEAN_IOU PIX_ACC | DEPTH_LOSS ABS_ERR REL_ERR | NORMAL_LOSS MEAN MED <11.25 <22.5 <30 | ∆m (test)
Epoch: 0146 | lr=0.0001 | epoch lenth=398 | train time: 175.459 s | method imtl | TRAIN: 0.4779 0.5344 0.7611 | 0.2896 0.2896 0.1352 | 0.1168 22.0960 16.6706 0.3404 0.6402 0.7571 || TEST: 1.2531 0.3896 0.6498 | 0.5305 0.5305 0.2164 | 0.1474 25.7302 20.6615 0.2738 0.5420 0.6706 | -2.151
LOSS FORMAT: SEMANTIC_LOSS MEAN_IOU PIX_ACC | DEPTH_LOSS ABS_ERR REL_ERR | NORMAL_LOSS MEAN MED <11.25 <22.5 <30 | ∆m (test)
Epoch: 0147 | lr=0.0001 | epoch lenth=398 | train time: 175.738 s | method imtl | TRAIN: 0.4531 0.5325 0.7617 | 0.2849 0.2849 0.1358 | 0.1145 21.8081 16.4021 0.3488 0.6469 0.7621 || TEST: 1.2390 0.3682 0.6448 | 0.5654 0.5654 0.2285 | 0.1492 26.0696 21.1552 0.2620 0.5317 0.6624 | 0.814
LOSS FORMAT: SEMANTIC_LOSS MEAN_IOU PIX_ACC | DEPTH_LOSS ABS_ERR REL_ERR | NORMAL_LOSS MEAN MED <11.25 <22.5 <30 | ∆m (test)
Epoch: 0148 | lr=0.0001 | epoch lenth=398 | train time: 175.782 s | method imtl | TRAIN: 0.4710 0.5235 0.7560 | 0.2946 0.2946 0.1385 | 0.1138 21.7314 16.3472 0.3502 0.6490 0.7639 || TEST: 1.2359 0.3895 0.6507 | 0.6012 0.6012 0.2620 | 0.1481 25.7068 20.4709 0.2779 0.5456 0.6723 | 0.448
LOSS FORMAT: SEMANTIC_LOSS MEAN_IOU PIX_ACC | DEPTH_LOSS ABS_ERR REL_ERR | NORMAL_LOSS MEAN MED <11.25 <22.5 <30 | ∆m (test)
Epoch: 0149 | lr=0.0001 | epoch lenth=398 | train time: 174.894 s | method imtl | TRAIN: 0.4504 0.5349 0.7623 | 0.2825 0.2825 0.1325 | 0.1128 21.6187 16.2149 0.3525 0.6523 0.7664 || TEST: 1.2754 0.3861 0.6503 | 0.5732 0.5732 0.2462 | 0.1441 25.1963 19.7455 0.2883 0.5613 0.6850 | -2.075
LOSS FORMAT: SEMANTIC_LOSS MEAN_IOU PIX_ACC | DEPTH_LOSS ABS_ERR REL_ERR | NORMAL_LOSS MEAN MED <11.25 <22.5 <30 | ∆m (test)
Epoch: 0150 | lr=0.0001 | epoch lenth=398 | train time: 175.865 s | method imtl | TRAIN: 0.4586 0.5310 0.7607 | 0.2846 0.2846 0.1364 | 0.1138 21.7332 16.2846 0.3498 0.6485 0.7638 || TEST: 1.2561 0.3831 0.6467 | 0.5562 0.5562 0.2283 | 0.1471 25.6778 20.5397 0.2752 0.5433 0.6717 | -1.204
LOSS FORMAT: SEMANTIC_LOSS MEAN_IOU PIX_ACC | DEPTH_LOSS ABS_ERR REL_ERR | NORMAL_LOSS MEAN MED <11.25 <22.5 <30 | ∆m (test)
Epoch: 0151 | lr=0.0001 | epoch lenth=398 | train time: 176.208 s | method imtl | TRAIN: 0.4610 0.5303 0.7587 | 0.2839 0.2839 0.1357 | 0.1154 21.9014 16.4551 0.3474 0.6448 0.7602 || TEST: 1.3282 0.3530 0.6342 | 0.5483 0.5483 0.2232 | 0.1470 25.7621 20.7717 0.2692 0.5395 0.6693 | 0.062
LOSS FORMAT: SEMANTIC_LOSS MEAN_IOU PIX_ACC | DEPTH_LOSS ABS_ERR REL_ERR | NORMAL_LOSS MEAN MED <11.25 <22.5 <30 | ∆m (test)
Epoch: 0152 | lr=0.0001 | epoch lenth=398 | train time: 174.323 s | method imtl | TRAIN: 0.4380 0.5226 0.7575 | 0.2799 0.2799 0.1329 | 0.1140 21.7289 16.2718 0.3510 0.6498 0.7636 || TEST: 1.3217 0.3622 0.6332 | 0.5633 0.5633 0.2394 | 0.1479 25.8363 20.8237 0.2699 0.5387 0.6674 | 0.785
LOSS FORMAT: SEMANTIC_LOSS MEAN_IOU PIX_ACC | DEPTH_LOSS ABS_ERR REL_ERR | NORMAL_LOSS MEAN MED <11.25 <22.5 <30 | ∆m (test)
Epoch: 0153 | lr=0.0001 | epoch lenth=398 | train time: 174.349 s | method imtl | TRAIN: 0.4601 0.5167 0.7524 | 0.2937 0.2937 0.1381 | 0.1147 21.8457 16.3678 0.3470 0.6469 0.7619 || TEST: 1.2732 0.3860 0.6557 | 0.5779 0.5779 0.2447 | 0.1474 25.6343 20.4008 0.2791 0.5466 0.6729 | -0.758
LOSS FORMAT: SEMANTIC_LOSS MEAN_IOU PIX_ACC | DEPTH_LOSS ABS_ERR REL_ERR | NORMAL_LOSS MEAN MED <11.25 <22.5 <30 | ∆m (test)
Epoch: 0154 | lr=0.0001 | epoch lenth=398 | train time: 175.463 s | method imtl | TRAIN: 0.4393 0.5335 0.7657 | 0.2797 0.2797 0.1321 | 0.1135 21.6754 16.2636 0.3518 0.6516 0.7655 || TEST: 1.2615 0.3846 0.6462 | 0.5389 0.5389 0.2158 | 0.1487 26.0628 21.2798 0.2602 0.5296 0.6620 | -0.445
LOSS FORMAT: SEMANTIC_LOSS MEAN_IOU PIX_ACC | DEPTH_LOSS ABS_ERR REL_ERR | NORMAL_LOSS MEAN MED <11.25 <22.5 <30 | ∆m (test)
Epoch: 0155 | lr=0.0001 | epoch lenth=398 | train time: 174.403 s | method imtl | TRAIN: 0.4442 0.5340 0.7610 | 0.2814 0.2814 0.1323 | 0.1143 21.7900 16.4171 0.3486 0.6468 0.7622 || TEST: 1.2744 0.3822 0.6478 | 0.5608 0.5608 0.2386 | 0.1493 25.8967 20.6656 0.2724 0.5405 0.6678 | -0.317
LOSS FORMAT: SEMANTIC_LOSS MEAN_IOU PIX_ACC | DEPTH_LOSS ABS_ERR REL_ERR | NORMAL_LOSS MEAN MED <11.25 <22.5 <30 | ∆m (test)
Epoch: 0156 | lr=0.0001 | epoch lenth=398 | train time: 176.237 s | method imtl | TRAIN: 0.4334 0.5365 0.7642 | 0.2824 0.2824 0.1362 | 0.1137 21.7126 16.3145 0.3504 0.6497 0.7649 || TEST: 1.2631 0.3948 0.6560 | 0.5567 0.5567 0.2371 | 0.1491 25.9427 20.9312 0.2705 0.5352 0.6648 | -0.559
LOSS FORMAT: SEMANTIC_LOSS MEAN_IOU PIX_ACC | DEPTH_LOSS ABS_ERR REL_ERR | NORMAL_LOSS MEAN MED <11.25 <22.5 <30 | ∆m (test)
Epoch: 0157 | lr=0.0001 | epoch lenth=398 | train time: 174.597 s | method imtl | TRAIN: 0.4258 0.5450 0.7688 | 0.2736 0.2736 0.1304 | 0.1124 21.5277 16.0421 0.3559 0.6545 0.7680 || TEST: 1.3168 0.3679 0.6419 | 0.5458 0.5458 0.2252 | 0.1486 25.8170 20.6976 0.2744 0.5408 0.6682 | -0.685
LOSS FORMAT: SEMANTIC_LOSS MEAN_IOU PIX_ACC | DEPTH_LOSS ABS_ERR REL_ERR | NORMAL_LOSS MEAN MED <11.25 <22.5 <30 | ∆m (test)
Epoch: 0158 | lr=0.0001 | epoch lenth=398 | train time: 176.237 s | method imtl | TRAIN: 0.4204 0.5285 0.7631 | 0.2798 0.2798 0.1321 | 0.1113 21.4044 15.8991 0.3599 0.6565 0.7697 || TEST: 1.3270 0.3713 0.6382 | 0.5618 0.5618 0.2294 | 0.1472 25.7433 20.7584 0.2720 0.5402 0.6697 | -0.208
LOSS FORMAT: SEMANTIC_LOSS MEAN_IOU PIX_ACC | DEPTH_LOSS ABS_ERR REL_ERR | NORMAL_LOSS MEAN MED <11.25 <22.5 <30 | ∆m (test)
Epoch: 0159 | lr=0.0001 | epoch lenth=398 | train time: 178.199 s | method imtl | TRAIN: 0.4308 0.5324 0.7601 | 0.2877 0.2877 0.1369 | 0.1117 21.5012 16.1336 0.3539 0.6536 0.7686 || TEST: 1.3855 0.3546 0.6288 | 0.5448 0.5448 0.2175 | 0.1493 25.9977 21.0316 0.2660 0.5343 0.6640 | 0.381
LOSS FORMAT: SEMANTIC_LOSS MEAN_IOU PIX_ACC | DEPTH_LOSS ABS_ERR REL_ERR | NORMAL_LOSS MEAN MED <11.25 <22.5 <30 | ∆m (test)
Epoch: 0160 | lr=0.0001 | epoch lenth=398 | train time: 179.124 s | method imtl | TRAIN: 0.4285 0.5253 0.7561 | 0.2776 0.2776 0.1303 | 0.1121 21.5376 16.1027 0.3536 0.6540 0.7673 || TEST: 1.3780 0.3683 0.6347 | 0.5713 0.5713 0.2416 | 0.1475 25.5845 20.2237 0.2809 0.5507 0.6764 | -0.436
LOSS FORMAT: SEMANTIC_LOSS MEAN_IOU PIX_ACC | DEPTH_LOSS ABS_ERR REL_ERR | NORMAL_LOSS MEAN MED <11.25 <22.5 <30 | ∆m (test)
Epoch: 0161 | lr=0.0001 | epoch lenth=398 | train time: 175.951 s | method imtl | TRAIN: 0.4166 0.5360 0.7610 | 0.2699 0.2699 0.1287 | 0.1106 21.3640 16.0138 0.3566 0.6570 0.7716 || TEST: 1.2946 0.3845 0.6503 | 0.5525 0.5525 0.2346 | 0.1452 25.3752 20.0930 0.2850 0.5529 0.6783 | -2.157
LOSS FORMAT: SEMANTIC_LOSS MEAN_IOU PIX_ACC | DEPTH_LOSS ABS_ERR REL_ERR | NORMAL_LOSS MEAN MED <11.25 <22.5 <30 | ∆m (test)
Epoch: 0162 | lr=0.0001 | epoch lenth=398 | train time: 173.650 s | method imtl | TRAIN: 0.4060 0.5464 0.7697 | 0.2725 0.2725 0.1286 | 0.1100 21.2984 15.8970 0.3576 0.6595 0.7727 || TEST: 1.2728 0.3927 0.6540 | 0.5679 0.5679 0.2432 | 0.1478 25.7071 20.4501 0.2766 0.5457 0.6725 | -0.972
LOSS FORMAT: SEMANTIC_LOSS MEAN_IOU PIX_ACC | DEPTH_LOSS ABS_ERR REL_ERR | NORMAL_LOSS MEAN MED <11.25 <22.5 <30 | ∆m (test)
Epoch: 0163 | lr=0.0001 | epoch lenth=398 | train time: 177.286 s | method imtl | TRAIN: 0.4173 0.5467 0.7691 | 0.2733 0.2733 0.1297 | 0.1110 21.3675 15.8798 0.3594 0.6590 0.7717 || TEST: 1.3080 0.3979 0.6557 | 0.5538 0.5538 0.2324 | 0.1479 25.6881 20.4636 0.2781 0.5458 0.6725 | -1.870
LOSS FORMAT: SEMANTIC_LOSS MEAN_IOU PIX_ACC | DEPTH_LOSS ABS_ERR REL_ERR | NORMAL_LOSS MEAN MED <11.25 <22.5 <30 | ∆m (test)
Epoch: 0164 | lr=0.0001 | epoch lenth=398 | train time: 173.908 s | method imtl | TRAIN: 0.4178 0.5453 0.7706 | 0.2770 0.2770 0.1306 | 0.1103 21.2855 15.8400 0.3608 0.6611 0.7732 || TEST: 1.3739 0.3636 0.6395 | 0.5500 0.5500 0.2303 | 0.1502 26.1266 21.1918 0.2631 0.5305 0.6616 | 0.902
LOSS FORMAT: SEMANTIC_LOSS MEAN_IOU PIX_ACC | DEPTH_LOSS ABS_ERR REL_ERR | NORMAL_LOSS MEAN MED <11.25 <22.5 <30 | ∆m (test)
Epoch: 0165 | lr=0.0001 | epoch lenth=398 | train time: 174.101 s | method imtl | TRAIN: 0.4112 0.5334 0.7641 | 0.2662 0.2662 0.1265 | 0.1102 21.2890 15.8046 0.3600 0.6605 0.7733 || TEST: 1.2814 0.3768 0.6475 | 0.5458 0.5458 0.2207 | 0.1514 26.0708 20.9181 0.2718 0.5359 0.6638 | -0.720
LOSS FORMAT: SEMANTIC_LOSS MEAN_IOU PIX_ACC | DEPTH_LOSS ABS_ERR REL_ERR | NORMAL_LOSS MEAN MED <11.25 <22.5 <30 | ∆m (test)
Epoch: 0166 | lr=0.0001 | epoch lenth=398 | train time: 175.646 s | method imtl | TRAIN: 0.4129 0.5457 0.7680 | 0.2702 0.2702 0.1266 | 0.1091 21.1718 15.7970 0.3620 0.6632 0.7759 || TEST: 1.3167 0.3980 0.6531 | 0.5503 0.5503 0.2293 | 0.1450 25.3999 20.1952 0.2820 0.5522 0.6784 | -2.656
LOSS FORMAT: SEMANTIC_LOSS MEAN_IOU PIX_ACC | DEPTH_LOSS ABS_ERR REL_ERR | NORMAL_LOSS MEAN MED <11.25 <22.5 <30 | ∆m (test)
Epoch: 0167 | lr=0.0001 | epoch lenth=398 | train time: 174.498 s | method imtl | TRAIN: 0.3981 0.5546 0.7719 | 0.2729 0.2729 0.1284 | 0.1095 21.2190 15.8125 0.3608 0.6623 0.7747 || TEST: 1.3352 0.3783 0.6419 | 0.5543 0.5543 0.2215 | 0.1523 26.1444 20.9695 0.2746 0.5339 0.6597 | -0.430
LOSS FORMAT: SEMANTIC_LOSS MEAN_IOU PIX_ACC | DEPTH_LOSS ABS_ERR REL_ERR | NORMAL_LOSS MEAN MED <11.25 <22.5 <30 | ∆m (test)
Epoch: 0168 | lr=0.0001 | epoch lenth=398 | train time: 173.729 s | method imtl | TRAIN: 0.4029 0.5444 0.7659 | 0.2723 0.2723 0.1298 | 0.1111 21.4101 15.9768 0.3558 0.6581 0.7712 || TEST: 1.3536 0.3826 0.6466 | 0.5606 0.5606 0.2359 | 0.1469 25.6605 20.5676 0.2752 0.5442 0.6729 | -0.837
LOSS FORMAT: SEMANTIC_LOSS MEAN_IOU PIX_ACC | DEPTH_LOSS ABS_ERR REL_ERR | NORMAL_LOSS MEAN MED <11.25 <22.5 <30 | ∆m (test)
Epoch: 0169 | lr=0.0001 | epoch lenth=398 | train time: 175.567 s | method imtl | TRAIN: 0.4047 0.5435 0.7699 | 0.2743 0.2743 0.1255 | 0.1079 21.0145 15.6420 0.3657 0.6673 0.7783 || TEST: 1.3512 0.3895 0.6501 | 0.6008 0.6008 0.2587 | 0.1482 25.7123 20.4105 0.2786 0.5460 0.6721 | 0.263
LOSS FORMAT: SEMANTIC_LOSS MEAN_IOU PIX_ACC | DEPTH_LOSS ABS_ERR REL_ERR | NORMAL_LOSS MEAN MED <11.25 <22.5 <30 | ∆m (test)
Epoch: 0170 | lr=0.0001 | epoch lenth=398 | train time: 173.791 s | method imtl | TRAIN: 0.4003 0.5452 0.7702 | 0.2728 0.2728 0.1298 | 0.1099 21.2760 15.8784 0.3586 0.6603 0.7741 || TEST: 1.3034 0.3893 0.6502 | 0.5417 0.5417 0.2182 | 0.1463 25.5907 20.3566 0.2749 0.5488 0.6758 | -2.392
LOSS FORMAT: SEMANTIC_LOSS MEAN_IOU PIX_ACC | DEPTH_LOSS ABS_ERR REL_ERR | NORMAL_LOSS MEAN MED <11.25 <22.5 <30 | ∆m (test)
Epoch: 0171 | lr=0.0001 | epoch lenth=398 | train time: 175.029 s | method imtl | TRAIN: 0.4044 0.5475 0.7698 | 0.2647 0.2647 0.1262 | 0.1087 21.1085 15.7310 0.3641 0.6641 0.7769 || TEST: 1.2939 0.3859 0.6500 | 0.5512 0.5512 0.2180 | 0.1467 25.6757 20.5958 0.2735 0.5435 0.6723 | -1.751
LOSS FORMAT: SEMANTIC_LOSS MEAN_IOU PIX_ACC | DEPTH_LOSS ABS_ERR REL_ERR | NORMAL_LOSS MEAN MED <11.25 <22.5 <30 | ∆m (test)
Epoch: 0172 | lr=0.0001 | epoch lenth=398 | train time: 174.492 s | method imtl | TRAIN: 0.3927 0.5524 0.7722 | 0.2682 0.2682 0.1241 | 0.1099 21.2425 15.8458 0.3613 0.6617 0.7746 || TEST: 1.3689 0.3643 0.6383 | 0.5519 0.5519 0.2322 | 0.1495 26.0177 21.0619 0.2659 0.5341 0.6646 | 0.664
LOSS FORMAT: SEMANTIC_LOSS MEAN_IOU PIX_ACC | DEPTH_LOSS ABS_ERR REL_ERR | NORMAL_LOSS MEAN MED <11.25 <22.5 <30 | ∆m (test)
Epoch: 0173 | lr=0.0001 | epoch lenth=398 | train time: 173.858 s | method imtl | TRAIN: 0.3891 0.5436 0.7683 | 0.2624 0.2624 0.1270 | 0.1102 21.3018 15.8753 0.3588 0.6607 0.7739 || TEST: 1.2878 0.3921 0.6543 | 0.5407 0.5407 0.2293 | 0.1460 25.3680 19.9336 0.2880 0.5565 0.6812 | -3.182
LOSS FORMAT: SEMANTIC_LOSS MEAN_IOU PIX_ACC | DEPTH_LOSS ABS_ERR REL_ERR | NORMAL_LOSS MEAN MED <11.25 <22.5 <30 | ∆m (test)
Epoch: 0174 | lr=0.0001 | epoch lenth=398 | train time: 174.423 s | method imtl | TRAIN: 0.3839 0.5560 0.7760 | 0.2640 0.2640 0.1233 | 0.1086 21.0875 15.6698 0.3653 0.6657 0.7772 || TEST: 1.3668 0.3848 0.6399 | 0.5787 0.5787 0.2462 | 0.1466 25.5187 20.1964 0.2817 0.5518 0.6772 | -0.809
LOSS FORMAT: SEMANTIC_LOSS MEAN_IOU PIX_ACC | DEPTH_LOSS ABS_ERR REL_ERR | NORMAL_LOSS MEAN MED <11.25 <22.5 <30 | ∆m (test)
Epoch: 0175 | lr=0.0001 | epoch lenth=398 | train time: 175.434 s | method imtl | TRAIN: 0.4014 0.5458 0.7666 | 0.2696 0.2696 0.1271 | 0.1101 21.2862 15.9186 0.3589 0.6606 0.7740 || TEST: 1.3527 0.3929 0.6516 | 0.5432 0.5432 0.2327 | 0.1481 25.6803 20.4319 0.2796 0.5466 0.6725 | -1.905
LOSS FORMAT: SEMANTIC_LOSS MEAN_IOU PIX_ACC | DEPTH_LOSS ABS_ERR REL_ERR | NORMAL_LOSS MEAN MED <11.25 <22.5 <30 | ∆m (test)
Epoch: 0176 | lr=0.0001 | epoch lenth=398 | train time: 177.335 s | method imtl | TRAIN: 0.3903 0.5495 0.7729 | 0.2727 0.2727 0.1297 | 0.1096 21.2202 15.8088 0.3608 0.6631 0.7754 || TEST: 1.3126 0.3935 0.6534 | 0.5660 0.5660 0.2446 | 0.1489 25.9305 20.9713 0.2711 0.5345 0.6634 | 0.009
LOSS FORMAT: SEMANTIC_LOSS MEAN_IOU PIX_ACC | DEPTH_LOSS ABS_ERR REL_ERR | NORMAL_LOSS MEAN MED <11.25 <22.5 <30 | ∆m (test)
Epoch: 0177 | lr=0.0001 | epoch lenth=398 | train time: 174.337 s | method imtl | TRAIN: 0.3809 0.5593 0.7762 | 0.2704 0.2704 0.1271 | 0.1082 21.0744 15.6858 0.3626 0.6660 0.7785 || TEST: 1.3573 0.3791 0.6434 | 0.5556 0.5556 0.2296 | 0.1492 25.7870 20.4558 0.2791 0.5452 0.6706 | -1.148
LOSS FORMAT: SEMANTIC_LOSS MEAN_IOU PIX_ACC | DEPTH_LOSS ABS_ERR REL_ERR | NORMAL_LOSS MEAN MED <11.25 <22.5 <30 | ∆m (test)
Epoch: 0178 | lr=0.0001 | epoch lenth=398 | train time: 174.251 s | method imtl | TRAIN: 0.3768 0.5499 0.7719 | 0.2636 0.2636 0.1235 | 0.1068 20.8911 15.4867 0.3677 0.6703 0.7817 || TEST: 1.2934 0.3841 0.6544 | 0.5664 0.5664 0.2408 | 0.1481 25.8417 20.8588 0.2714 0.5377 0.6669 | -0.115
LOSS FORMAT: SEMANTIC_LOSS MEAN_IOU PIX_ACC | DEPTH_LOSS ABS_ERR REL_ERR | NORMAL_LOSS MEAN MED <11.25 <22.5 <30 | ∆m (test)
Epoch: 0179 | lr=0.0001 | epoch lenth=398 | train time: 174.063 s | method imtl | TRAIN: 0.3869 0.5492 0.7749 | 0.2680 0.2680 0.1277 | 0.1062 20.8266 15.5063 0.3697 0.6704 0.7820 || TEST: 1.3028 0.3928 0.6562 | 0.5497 0.5497 0.2290 | 0.1470 25.6005 20.4047 0.2805 0.5470 0.6733 | -2.132
LOSS FORMAT: SEMANTIC_LOSS MEAN_IOU PIX_ACC | DEPTH_LOSS ABS_ERR REL_ERR | NORMAL_LOSS MEAN MED <11.25 <22.5 <30 | ∆m (test)
Epoch: 0180 | lr=0.0001 | epoch lenth=398 | train time: 174.194 s | method imtl | TRAIN: 0.3791 0.5577 0.7778 | 0.2655 0.2655 0.1266 | 0.1069 20.8836 15.4813 0.3691 0.6709 0.7816 || TEST: 1.3066 0.4129 0.6650 | 0.5532 0.5532 0.2366 | 0.1475 25.6558 20.4656 0.2791 0.5455 0.6720 | -2.344
LOSS FORMAT: SEMANTIC_LOSS MEAN_IOU PIX_ACC | DEPTH_LOSS ABS_ERR REL_ERR | NORMAL_LOSS MEAN MED <11.25 <22.5 <30 | ∆m (test)
Epoch: 0181 | lr=0.0001 | epoch lenth=398 | train time: 175.886 s | method imtl | TRAIN: 0.3761 0.5656 0.7825 | 0.2633 0.2633 0.1258 | 0.1073 20.9483 15.5384 0.3663 0.6698 0.7810 || TEST: 1.3211 0.3953 0.6557 | 0.5525 0.5525 0.2152 | 0.1477 25.7809 20.7773 0.2728 0.5395 0.6678 | -1.886
LOSS FORMAT: SEMANTIC_LOSS MEAN_IOU PIX_ACC | DEPTH_LOSS ABS_ERR REL_ERR | NORMAL_LOSS MEAN MED <11.25 <22.5 <30 | ∆m (test)
Epoch: 0182 | lr=0.0001 | epoch lenth=398 | train time: 174.996 s | method imtl | TRAIN: 0.3789 0.5614 0.7776 | 0.2633 0.2633 0.1250 | 0.1085 21.0699 15.6614 0.3649 0.6670 0.7788 || TEST: 1.3902 0.3648 0.6333 | 0.5418 0.5418 0.2188 | 0.1495 26.0858 21.2549 0.2640 0.5298 0.6606 | 0.396
LOSS FORMAT: SEMANTIC_LOSS MEAN_IOU PIX_ACC | DEPTH_LOSS ABS_ERR REL_ERR | NORMAL_LOSS MEAN MED <11.25 <22.5 <30 | ∆m (test)
Epoch: 0183 | lr=0.0001 | epoch lenth=398 | train time: 174.914 s | method imtl | TRAIN: 0.3739 0.5395 0.7684 | 0.2686 0.2686 0.1244 | 0.1056 20.7477 15.3793 0.3711 0.6739 0.7850 || TEST: 1.3301 0.4022 0.6541 | 0.5308 0.5308 0.2099 | 0.1474 25.7085 20.6751 0.2765 0.5420 0.6695 | -2.935
LOSS FORMAT: SEMANTIC_LOSS MEAN_IOU PIX_ACC | DEPTH_LOSS ABS_ERR REL_ERR | NORMAL_LOSS MEAN MED <11.25 <22.5 <30 | ∆m (test)
Epoch: 0184 | lr=0.0001 | epoch lenth=398 | train time: 174.773 s | method imtl | TRAIN: 0.3652 0.5629 0.7787 | 0.2560 0.2560 0.1192 | 0.1047 20.6651 15.3123 0.3722 0.6754 0.7863 || TEST: 1.3457 0.3818 0.6443 | 0.5747 0.5747 0.2450 | 0.1493 25.7682 20.4082 0.2784 0.5473 0.6727 | -0.393
LOSS FORMAT: SEMANTIC_LOSS MEAN_IOU PIX_ACC | DEPTH_LOSS ABS_ERR REL_ERR | NORMAL_LOSS MEAN MED <11.25 <22.5 <30 | ∆m (test)
Epoch: 0185 | lr=0.0001 | epoch lenth=398 | train time: 175.661 s | method imtl | TRAIN: 0.3711 0.5517 0.7742 | 0.2589 0.2589 0.1213 | 0.1069 20.8962 15.5657 0.3678 0.6699 0.7812 || TEST: 1.2846 0.3984 0.6564 | 0.5516 0.5516 0.2272 | 0.1486 25.9264 20.9679 0.2690 0.5346 0.6643 | -1.062
LOSS FORMAT: SEMANTIC_LOSS MEAN_IOU PIX_ACC | DEPTH_LOSS ABS_ERR REL_ERR | NORMAL_LOSS MEAN MED <11.25 <22.5 <30 | ∆m (test)
Epoch: 0186 | lr=0.0001 | epoch lenth=398 | train time: 175.151 s | method imtl | TRAIN: 0.3561 0.5631 0.7813 | 0.2572 0.2572 0.1200 | 0.1047 20.6437 15.2606 0.3728 0.6767 0.7866 || TEST: 1.3567 0.3815 0.6467 | 0.5682 0.5682 0.2395 | 0.1509 26.2718 21.4004 0.2565 0.5270 0.6595 | 1.453
LOSS FORMAT: SEMANTIC_LOSS MEAN_IOU PIX_ACC | DEPTH_LOSS ABS_ERR REL_ERR | NORMAL_LOSS MEAN MED <11.25 <22.5 <30 | ∆m (test)
Epoch: 0187 | lr=0.0001 | epoch lenth=398 | train time: 177.179 s | method imtl | TRAIN: 0.3580 0.5597 0.7766 | 0.2601 0.2601 0.1219 | 0.1057 20.7360 15.3856 0.3722 0.6756 0.7849 || TEST: 1.3285 0.3998 0.6495 | 0.5567 0.5567 0.2278 | 0.1466 25.6980 20.6176 0.2699 0.5438 0.6729 | -1.524
LOSS FORMAT: SEMANTIC_LOSS MEAN_IOU PIX_ACC | DEPTH_LOSS ABS_ERR REL_ERR | NORMAL_LOSS MEAN MED <11.25 <22.5 <30 | ∆m (test)
Epoch: 0188 | lr=0.0001 | epoch lenth=398 | train time: 174.179 s | method imtl | TRAIN: 0.3594 0.5667 0.7787 | 0.2534 0.2534 0.1198 | 0.1046 20.6143 15.2730 0.3749 0.6779 0.7876 || TEST: 1.2380 0.3997 0.6625 | 0.5592 0.5592 0.2293 | 0.1479 25.7767 20.7489 0.2749 0.5396 0.6679 | -1.559
LOSS FORMAT: SEMANTIC_LOSS MEAN_IOU PIX_ACC | DEPTH_LOSS ABS_ERR REL_ERR | NORMAL_LOSS MEAN MED <11.25 <22.5 <30 | ∆m (test)
Epoch: 0189 | lr=0.0001 | epoch lenth=398 | train time: 174.394 s | method imtl | TRAIN: 0.3487 0.5695 0.7855 | 0.2536 0.2536 0.1173 | 0.1046 20.5973 15.1932 0.3766 0.6785 0.7874 || TEST: 1.3531 0.3946 0.6505 | 0.5499 0.5499 0.2218 | 0.1499 25.9454 20.6898 0.2710 0.5414 0.6685 | -1.517
LOSS FORMAT: SEMANTIC_LOSS MEAN_IOU PIX_ACC | DEPTH_LOSS ABS_ERR REL_ERR | NORMAL_LOSS MEAN MED <11.25 <22.5 <30 | ∆m (test)
Epoch: 0190 | lr=0.0001 | epoch lenth=398 | train time: 174.508 s | method imtl | TRAIN: 0.3515 0.5691 0.7797 | 0.2533 0.2533 0.1197 | 0.1043 20.5954 15.2708 0.3750 0.6776 0.7871 || TEST: 1.3443 0.3941 0.6532 | 0.5350 0.5350 0.2275 | 0.1483 25.7426 20.5025 0.2762 0.5445 0.6716 | -2.066
LOSS FORMAT: SEMANTIC_LOSS MEAN_IOU PIX_ACC | DEPTH_LOSS ABS_ERR REL_ERR | NORMAL_LOSS MEAN MED <11.25 <22.5 <30 | ∆m (test)
Epoch: 0191 | lr=0.0001 | epoch lenth=398 | train time: 174.605 s | method imtl | TRAIN: 0.3591 0.5664 0.7801 | 0.2617 0.2617 0.1228 | 0.1040 20.4814 15.1246 0.3816 0.6805 0.7887 || TEST: 1.3900 0.3726 0.6412 | 0.5774 0.5774 0.2471 | 0.1478 25.7064 20.5063 0.2771 0.5447 0.6710 | 0.205
LOSS FORMAT: SEMANTIC_LOSS MEAN_IOU PIX_ACC | DEPTH_LOSS ABS_ERR REL_ERR | NORMAL_LOSS MEAN MED <11.25 <22.5 <30 | ∆m (test)
Epoch: 0192 | lr=0.0001 | epoch lenth=398 | train time: 175.419 s | method imtl | TRAIN: 0.3637 0.5512 0.7734 | 0.2599 0.2599 0.1252 | 0.1042 20.5745 15.2784 0.3751 0.6785 0.7883 || TEST: 1.3422 0.3987 0.6574 | 0.5438 0.5438 0.2258 | 0.1452 25.3830 20.1641 0.2839 0.5529 0.6791 | -3.118
LOSS FORMAT: SEMANTIC_LOSS MEAN_IOU PIX_ACC | DEPTH_LOSS ABS_ERR REL_ERR | NORMAL_LOSS MEAN MED <11.25 <22.5 <30 | ∆m (test)
Epoch: 0193 | lr=0.0001 | epoch lenth=398 | train time: 174.889 s | method imtl | TRAIN: 0.3459 0.5656 0.7837 | 0.2579 0.2579 0.1198 | 0.1040 20.5505 15.1482 0.3756 0.6808 0.7897 || TEST: 1.4112 0.3828 0.6484 | 0.5487 0.5487 0.2330 | 0.1466 25.5556 20.3395 0.2792 0.5489 0.6763 | -1.657
LOSS FORMAT: SEMANTIC_LOSS MEAN_IOU PIX_ACC | DEPTH_LOSS ABS_ERR REL_ERR | NORMAL_LOSS MEAN MED <11.25 <22.5 <30 | ∆m (test)
Epoch: 0194 | lr=0.0001 | epoch lenth=398 | train time: 177.495 s | method imtl | TRAIN: 0.3372 0.5623 0.7809 | 0.2512 0.2512 0.1196 | 0.1036 20.5170 15.1619 0.3754 0.6800 0.7896 || TEST: 1.3924 0.3835 0.6503 | 0.5366 0.5366 0.2230 | 0.1470 25.5783 20.3191 0.2798 0.5491 0.6759 | -2.329
LOSS FORMAT: SEMANTIC_LOSS MEAN_IOU PIX_ACC | DEPTH_LOSS ABS_ERR REL_ERR | NORMAL_LOSS MEAN MED <11.25 <22.5 <30 | ∆m (test)
Epoch: 0195 | lr=0.0001 | epoch lenth=398 | train time: 174.816 s | method imtl | TRAIN: 0.3510 0.5609 0.7793 | 0.2575 0.2575 0.1211 | 0.1040 20.5109 15.1006 0.3782 0.6813 0.7899 || TEST: 1.3054 0.4025 0.6549 | 0.5308 0.5308 0.2199 | 0.1460 25.5413 20.4268 0.2784 0.5473 0.6751 | -3.037
LOSS FORMAT: SEMANTIC_LOSS MEAN_IOU PIX_ACC | DEPTH_LOSS ABS_ERR REL_ERR | NORMAL_LOSS MEAN MED <11.25 <22.5 <30 | ∆m (test)
Epoch: 0196 | lr=0.0001 | epoch lenth=398 | train time: 175.966 s | method imtl | TRAIN: 0.3401 0.5747 0.7838 | 0.2498 0.2498 0.1171 | 0.1034 20.4781 15.1430 0.3770 0.6815 0.7906 || TEST: 1.3676 0.3961 0.6554 | 0.5485 0.5485 0.2368 | 0.1514 26.0716 20.9023 0.2731 0.5357 0.6626 | -0.763
LOSS FORMAT: SEMANTIC_LOSS MEAN_IOU PIX_ACC | DEPTH_LOSS ABS_ERR REL_ERR | NORMAL_LOSS MEAN MED <11.25 <22.5 <30 | ∆m (test)
Epoch: 0197 | lr=0.0001 | epoch lenth=398 | train time: 199.810 s | method imtl | TRAIN: 0.3288 0.5783 0.7857 | 0.2554 0.2554 0.1210 | 0.1025 20.3450 14.9767 0.3821 0.6846 0.7926 || TEST: 1.3158 0.4073 0.6581 | 0.5463 0.5463 0.2335 | 0.1464 25.5260 20.3453 0.2813 0.5490 0.6752 | -2.628
LOSS FORMAT: SEMANTIC_LOSS MEAN_IOU PIX_ACC | DEPTH_LOSS ABS_ERR REL_ERR | NORMAL_LOSS MEAN MED <11.25 <22.5 <30 | ∆m (test)
Epoch: 0198 | lr=0.0001 | epoch lenth=398 | train time: 268.468 s | method imtl | TRAIN: 0.3125 0.5869 0.7896 | 0.2515 0.2515 0.1189 | 0.1003 20.1215 14.8307 0.3849 0.6902 0.7975 || TEST: 1.3679 0.3910 0.6522 | 0.5631 0.5631 0.2361 | 0.1477 25.7167 20.6276 0.2767 0.5421 0.6704 | -1.042
LOSS FORMAT: SEMANTIC_LOSS MEAN_IOU PIX_ACC | DEPTH_LOSS ABS_ERR REL_ERR | NORMAL_LOSS MEAN MED <11.25 <22.5 <30 | ∆m (test)
Epoch: 0199 | lr=0.0001 | epoch lenth=398 | train time: 174.508 s | method imtl | TRAIN: 0.3263 0.5732 0.7849 | 0.2486 0.2486 0.1157 | 0.1018 20.2520 14.9584 0.3835 0.6877 0.7949 || TEST: 1.3597 0.3892 0.6500 | 0.5422 0.5422 0.2280 | 0.1466 25.5883 20.4296 0.2790 0.5461 0.6738 | -2.009
Training finished. ['1.9016 0.8816 43.4920', '1.7527 0.8265 40.2690', '1.7932 1.1654 40.6861', '1.7236 0.8432 38.8510', '1.6486 0.7856 36.6849', '1.6291 0.7841 36.6206', '1.6246 0.8528 36.2597', '1.5983 0.7631 35.1779', '1.5706 0.8099 34.9225', '1.5433 0.7282 33.6800', '1.5843 0.8160 34.7476', '1.5177 0.7211 33.4909', '1.5249 0.7394 33.4774', '1.4941 0.7134 32.7974', '1.4625 0.7099 32.2820', '1.4377 0.7125 31.6726', '1.4589 0.8292 31.4393', '1.4468 0.7131 31.8236', '1.4472 0.6863 31.1343', '1.4632 0.7268 31.9739', '1.4146 0.7152 30.9708', '1.3996 0.8469 30.9336', '1.4858 0.8743 33.0576', '1.3909 0.7192 30.9366', '1.4980 0.7730 30.9982', '1.4081 0.7023 31.1639', '1.3410 0.6621 30.2093', '1.3415 0.6656 30.1590', '1.3664 0.6523 30.4305', '1.3510 0.6604 29.8026', '1.2994 0.6801 29.6091', '1.3358 0.6367 30.0019', '1.3257 0.7089 29.9291', '1.3501 0.6638 29.5784', '1.2825 0.6634 29.9245', '1.3035 0.6531 29.2104', '1.2623 0.6389 29.3863', '1.2786 0.6537 29.0566', '1.2635 0.6337 28.9344', '1.2769 0.6823 28.8241', '1.2732 0.6379 28.7253', '1.2451 0.6389 28.9957', '1.2695 0.6997 29.2227', '1.2384 0.6475 28.2284', '1.2307 0.6259 29.1822', '1.2285 0.6689 28.1951', '1.2557 0.7829 29.1675', '1.2090 0.6843 28.3396', '1.2371 0.6548 28.6122', '1.2025 0.5895 27.7803', '1.2274 0.6065 28.2174', '1.1864 0.6165 27.9279', '1.2140 0.5787 27.9138', '1.2291 0.6619 27.9605', '1.2117 0.5878 27.8410', '1.2168 0.6118 27.7100', '1.1755 0.6162 27.8249', '1.2196 0.8840 27.9811', '1.2645 0.5832 28.2295', '1.2108 0.6075 27.9029', '1.2093 0.6697 27.8752', '1.1808 0.6004 27.5133', '1.2625 0.6362 27.6445', '1.2552 0.6941 28.1698', '1.2083 0.5976 27.5094', '1.1695 0.5925 27.5066', '1.2002 0.6219 28.1906', '1.1556 0.6255 27.8579', '1.2201 0.5856 27.2158', '1.2367 0.6022 27.6162', '1.2220 0.6041 27.1575', '1.1913 0.5788 27.0857', '1.1466 0.5988 26.6966', '1.2120 0.6313 27.7290', '1.1889 0.5755 27.0139', '1.2091 0.5926 27.2260', '1.1634 0.6638 27.2494', '1.1950 0.5977 26.9546', '1.1774 0.5843 27.1422', '1.2171 0.5697 26.6199', '1.1579 0.5966 26.8604', '1.1705 0.5809 26.7268', '1.2185 0.6645 26.3790', '1.1806 0.5678 26.6155', '1.1745 0.5958 26.7171', '1.2082 0.6042 26.6616', '1.2004 0.6117 26.4898', '1.1504 0.5638 26.3351', '1.2463 0.5813 26.7273', '1.1851 0.5872 27.4820', '1.1862 0.6245 26.6795', '1.1668 0.6157 26.6550', '1.2025 0.5876 27.0705', '1.2164 0.5644 26.3525', '1.1636 0.5816 26.7390', '1.2099 0.6519 27.3814', '1.1531 0.5830 26.9634', '1.1409 0.6101 26.3321', '1.1901 0.5831 26.5034', '1.2405 0.5818 26.6137', '1.1202 0.5513 26.2225', '1.1485 0.5365 25.6817', '1.1993 0.5436 25.8481', '1.1923 0.5504 25.6032', '1.1196 0.5822 26.2221', '1.1795 0.5579 25.6614', '1.1785 0.5600 25.8555', '1.1474 0.5581 25.9543', '1.1633 0.5800 25.7695', '1.1614 0.5613 25.9144', '1.2063 0.5602 26.1811', '1.2098 0.5841 26.0436', '1.1995 0.5676 25.9244', '1.2465 0.5993 25.3111', '1.1914 0.5498 26.1443', '1.2204 0.5629 25.8262', '1.1918 0.5426 25.6492', '1.2181 0.5611 25.8647', '1.1842 0.5696 25.7722', '1.2405 0.5524 25.7734', '1.2578 0.5806 25.8401', '1.1796 0.6144 25.7509', '1.2451 0.5651 25.6902', '1.2823 0.6061 26.0465', '1.2005 0.5502 26.1343', '1.2022 0.5409 25.8506', '1.2058 0.5631 25.8493', '1.2556 0.5551 25.8406', '1.2014 0.5456 25.5402', '1.2502 0.5583 25.5745', '1.2075 0.5478 25.8117', '1.2534 0.5518 25.5258', '1.2890 0.5489 25.8527', '1.2228 0.5441 25.7831', '1.2114 0.5463 25.6097', '1.2328 0.5663 25.9585', '1.3067 0.5631 25.8130', '1.2090 0.5763 26.1299', '1.2280 0.5338 25.6120', '1.2353 0.5592 25.6641', '1.2092 0.5759 25.7398', '1.3981 0.5568 25.5528', '1.2668 0.5493 25.6515', '1.3261 0.5560 25.5480', '1.2621 0.5530 25.6064', '1.2260 0.5483 26.1527', '1.2531 0.5305 25.7302', '1.2390 0.5654 26.0696', '1.2359 0.6012 25.7068', '1.2754 0.5732 25.1963', '1.2561 0.5562 25.6778', '1.3282 0.5483 25.7621', '1.3217 0.5633 25.8363', '1.2732 0.5779 25.6343', '1.2615 0.5389 26.0628', '1.2744 0.5608 25.8967', '1.2631 0.5567 25.9427', '1.3168 0.5458 25.8170', '1.3270 0.5618 25.7433', '1.3855 0.5448 25.9977', '1.3780 0.5713 25.5845', '1.2946 0.5525 25.3752', '1.2728 0.5679 25.7071', '1.3080 0.5538 25.6881', '1.3739 0.5500 26.1266', '1.2814 0.5458 26.0708', '1.3167 0.5503 25.3999', '1.3352 0.5543 26.1444', '1.3536 0.5606 25.6605', '1.3512 0.6008 25.7123', '1.3034 0.5417 25.5907', '1.2939 0.5512 25.6757', '1.3689 0.5519 26.0177', '1.2878 0.5407 25.3680', '1.3668 0.5787 25.5187', '1.3527 0.5432 25.6803', '1.3126 0.5660 25.9305', '1.3573 0.5556 25.7870', '1.2934 0.5664 25.8417', '1.3028 0.5497 25.6005', '1.3066 0.5532 25.6558', '1.3211 0.5525 25.7809', '1.3902 0.5418 26.0858', '1.3301 0.5308 25.7085', '1.3457 0.5747 25.7682', '1.2846 0.5516 25.9264', '1.3567 0.5682 26.2718', '1.3285 0.5567 25.6980', '1.2380 0.5592 25.7767', '1.3531 0.5499 25.9454', '1.3443 0.5350 25.7426', '1.3900 0.5774 25.7064', '1.3422 0.5438 25.3830', '1.4112 0.5487 25.5556', '1.3924 0.5366 25.5783', '1.3054 0.5308 25.5413', '1.3676 0.5485 26.0716', '1.3158 0.5463 25.5260', '1.3679 0.5631 25.7167', '1.3597 0.5422 25.5883']
