Defaulting to user installation because normal site-packages is not writeable
Looking in indexes: https://pypi.org/simple, https://download.pytorch.org/whl/cu113
Requirement already satisfied: torch==1.12.1+cu113 in /home/mx6835/.local/lib/python3.10/site-packages (1.12.1+cu113)
Requirement already satisfied: torchvision==0.13.1+cu113 in /home/mx6835/.local/lib/python3.10/site-packages (0.13.1+cu113)
Requirement already satisfied: torchaudio==0.12.1 in /home/mx6835/.local/lib/python3.10/site-packages (0.12.1+cu113)
Requirement already satisfied: typing-extensions in /home/mx6835/.local/lib/python3.10/site-packages (from torch==1.12.1+cu113) (4.7.1)
Requirement already satisfied: numpy in /home/mx6835/.local/lib/python3.10/site-packages (from torchvision==0.13.1+cu113) (1.25.2)
Requirement already satisfied: pillow!=8.3.*,>=5.3.0 in /home/mx6835/.local/lib/python3.10/site-packages (from torchvision==0.13.1+cu113) (10.1.0)
Requirement already satisfied: requests in /home/mx6835/.local/lib/python3.10/site-packages (from torchvision==0.13.1+cu113) (2.31.0)
Requirement already satisfied: certifi>=2017.4.17 in /home/mx6835/.local/lib/python3.10/site-packages (from requests->torchvision==0.13.1+cu113) (2023.7.22)
Requirement already satisfied: urllib3<3,>=1.21.1 in /home/mx6835/.local/lib/python3.10/site-packages (from requests->torchvision==0.13.1+cu113) (2.0.4)
Requirement already satisfied: charset-normalizer<4,>=2 in /home/mx6835/.local/lib/python3.10/site-packages (from requests->torchvision==0.13.1+cu113) (3.2.0)
Requirement already satisfied: idna<4,>=2.5 in /home/mx6835/.local/lib/python3.10/site-packages (from requests->torchvision==0.13.1+cu113) (3.4)
Defaulting to user installation because normal site-packages is not writeable
Obtaining file:///home/mx6835/acdemic/MM/MTL-main
  Preparing metadata (setup.py): started
  Preparing metadata (setup.py): finished with status 'done'
Requirement already satisfied: matplotlib>=3.2.1 in /home/mx6835/.local/lib/python3.10/site-packages (from mtl==1.0.0) (3.8.0)
Requirement already satisfied: numpy>=1.18.2 in /home/mx6835/.local/lib/python3.10/site-packages (from mtl==1.0.0) (1.25.2)
Requirement already satisfied: cvxpy in /home/mx6835/.local/lib/python3.10/site-packages (from mtl==1.0.0) (1.4.3)
Requirement already satisfied: tqdm>=4.45.0 in /home/mx6835/.local/lib/python3.10/site-packages (from mtl==1.0.0) (4.66.1)
Requirement already satisfied: pandas in /home/mx6835/.local/lib/python3.10/site-packages (from mtl==1.0.0) (2.1.0)
Requirement already satisfied: scikit-learn in /home/mx6835/.local/lib/python3.10/site-packages (from mtl==1.0.0) (1.0.2)
Requirement already satisfied: seaborn in /home/mx6835/.local/lib/python3.10/site-packages (from mtl==1.0.0) (0.13.2)
Requirement already satisfied: wandb==0.12.21 in /home/mx6835/.local/lib/python3.10/site-packages (from mtl==1.0.0) (0.12.21)
Requirement already satisfied: plotly in /home/mx6835/.local/lib/python3.10/site-packages (from mtl==1.0.0) (5.20.0)
Requirement already satisfied: torch_geometric in /home/mx6835/.local/lib/python3.10/site-packages (from mtl==1.0.0) (2.5.2)
Requirement already satisfied: Click!=8.0.0,>=7.0 in /home/mx6835/.local/lib/python3.10/site-packages (from wandb==0.12.21->mtl==1.0.0) (8.1.7)
Requirement already satisfied: GitPython>=1.0.0 in /home/mx6835/.local/lib/python3.10/site-packages (from wandb==0.12.21->mtl==1.0.0) (3.1.43)
Requirement already satisfied: docker-pycreds>=0.4.0 in /home/mx6835/.local/lib/python3.10/site-packages (from wandb==0.12.21->mtl==1.0.0) (0.4.0)
Requirement already satisfied: protobuf<4.0dev,>=3.12.0 in /home/mx6835/.local/lib/python3.10/site-packages (from wandb==0.12.21->mtl==1.0.0) (3.20.3)
Requirement already satisfied: psutil>=5.0.0 in /home/mx6835/.local/lib/python3.10/site-packages (from wandb==0.12.21->mtl==1.0.0) (5.9.5)
Requirement already satisfied: shortuuid>=0.5.0 in /home/mx6835/.local/lib/python3.10/site-packages (from wandb==0.12.21->mtl==1.0.0) (1.0.13)
Requirement already satisfied: PyYAML in /home/mx6835/.local/lib/python3.10/site-packages (from wandb==0.12.21->mtl==1.0.0) (6.0.1)
Requirement already satisfied: setuptools in /home/mx6835/.local/lib/python3.10/site-packages (from wandb==0.12.21->mtl==1.0.0) (69.1.0)
Requirement already satisfied: requests<3,>=2.0.0 in /home/mx6835/.local/lib/python3.10/site-packages (from wandb==0.12.21->mtl==1.0.0) (2.31.0)
Requirement already satisfied: six>=1.13.0 in /home/mx6835/.local/lib/python3.10/site-packages (from wandb==0.12.21->mtl==1.0.0) (1.16.0)
Requirement already satisfied: setproctitle in /home/mx6835/.local/lib/python3.10/site-packages (from wandb==0.12.21->mtl==1.0.0) (1.3.3)
Requirement already satisfied: pathtools in /home/mx6835/.local/lib/python3.10/site-packages (from wandb==0.12.21->mtl==1.0.0) (0.1.2)
Requirement already satisfied: sentry-sdk>=1.0.0 in /home/mx6835/.local/lib/python3.10/site-packages (from wandb==0.12.21->mtl==1.0.0) (1.45.0)
Requirement already satisfied: promise<3,>=2.0 in /home/mx6835/.local/lib/python3.10/site-packages (from wandb==0.12.21->mtl==1.0.0) (2.3)
Requirement already satisfied: pyparsing>=2.3.1 in /home/mx6835/.local/lib/python3.10/site-packages (from matplotlib>=3.2.1->mtl==1.0.0) (3.1.1)
Requirement already satisfied: contourpy>=1.0.1 in /home/mx6835/.local/lib/python3.10/site-packages (from matplotlib>=3.2.1->mtl==1.0.0) (1.1.1)
Requirement already satisfied: cycler>=0.10 in /home/mx6835/.local/lib/python3.10/site-packages (from matplotlib>=3.2.1->mtl==1.0.0) (0.12.1)
Requirement already satisfied: pillow>=6.2.0 in /home/mx6835/.local/lib/python3.10/site-packages (from matplotlib>=3.2.1->mtl==1.0.0) (10.1.0)
Requirement already satisfied: kiwisolver>=1.0.1 in /home/mx6835/.local/lib/python3.10/site-packages (from matplotlib>=3.2.1->mtl==1.0.0) (1.4.5)
Requirement already satisfied: python-dateutil>=2.7 in /home/mx6835/.local/lib/python3.10/site-packages (from matplotlib>=3.2.1->mtl==1.0.0) (2.8.2)
Requirement already satisfied: packaging>=20.0 in /home/mx6835/.local/lib/python3.10/site-packages (from matplotlib>=3.2.1->mtl==1.0.0) (23.1)
Requirement already satisfied: fonttools>=4.22.0 in /home/mx6835/.local/lib/python3.10/site-packages (from matplotlib>=3.2.1->mtl==1.0.0) (4.43.1)
Requirement already satisfied: pybind11 in /home/mx6835/.local/lib/python3.10/site-packages (from cvxpy->mtl==1.0.0) (2.12.0)
Requirement already satisfied: ecos>=2 in /home/mx6835/.local/lib/python3.10/site-packages (from cvxpy->mtl==1.0.0) (2.0.13)
Requirement already satisfied: clarabel>=0.5.0 in /home/mx6835/.local/lib/python3.10/site-packages (from cvxpy->mtl==1.0.0) (0.7.1)
Requirement already satisfied: osqp>=0.6.2 in /home/mx6835/.local/lib/python3.10/site-packages (from cvxpy->mtl==1.0.0) (0.6.5)
Requirement already satisfied: scipy>=1.1.0 in /home/mx6835/.local/lib/python3.10/site-packages (from cvxpy->mtl==1.0.0) (1.11.2)
Requirement already satisfied: scs>=3.0 in /home/mx6835/.local/lib/python3.10/site-packages (from cvxpy->mtl==1.0.0) (3.2.4.post1)
Requirement already satisfied: tzdata>=2022.1 in /home/mx6835/.local/lib/python3.10/site-packages (from pandas->mtl==1.0.0) (2023.3)
Requirement already satisfied: pytz>=2020.1 in /home/mx6835/.local/lib/python3.10/site-packages (from pandas->mtl==1.0.0) (2023.3)
Requirement already satisfied: tenacity>=6.2.0 in /home/mx6835/.local/lib/python3.10/site-packages (from plotly->mtl==1.0.0) (8.2.3)
Requirement already satisfied: threadpoolctl>=2.0.0 in /home/mx6835/.local/lib/python3.10/site-packages (from scikit-learn->mtl==1.0.0) (3.2.0)
Requirement already satisfied: joblib>=0.11 in /home/mx6835/.local/lib/python3.10/site-packages (from scikit-learn->mtl==1.0.0) (1.3.2)
Requirement already satisfied: aiohttp in /home/mx6835/.local/lib/python3.10/site-packages (from torch_geometric->mtl==1.0.0) (3.8.5)
Requirement already satisfied: fsspec in /home/mx6835/.local/lib/python3.10/site-packages (from torch_geometric->mtl==1.0.0) (2023.6.0)
Requirement already satisfied: jinja2 in /home/mx6835/.local/lib/python3.10/site-packages (from torch_geometric->mtl==1.0.0) (3.1.2)
Requirement already satisfied: gitdb<5,>=4.0.1 in /home/mx6835/.local/lib/python3.10/site-packages (from GitPython>=1.0.0->wandb==0.12.21->mtl==1.0.0) (4.0.11)
Requirement already satisfied: qdldl in /home/mx6835/.local/lib/python3.10/site-packages (from osqp>=0.6.2->cvxpy->mtl==1.0.0) (0.1.7.post1)
Requirement already satisfied: idna<4,>=2.5 in /home/mx6835/.local/lib/python3.10/site-packages (from requests<3,>=2.0.0->wandb==0.12.21->mtl==1.0.0) (3.4)
Requirement already satisfied: certifi>=2017.4.17 in /home/mx6835/.local/lib/python3.10/site-packages (from requests<3,>=2.0.0->wandb==0.12.21->mtl==1.0.0) (2023.7.22)
Requirement already satisfied: urllib3<3,>=1.21.1 in /home/mx6835/.local/lib/python3.10/site-packages (from requests<3,>=2.0.0->wandb==0.12.21->mtl==1.0.0) (2.0.4)
Requirement already satisfied: charset-normalizer<4,>=2 in /home/mx6835/.local/lib/python3.10/site-packages (from requests<3,>=2.0.0->wandb==0.12.21->mtl==1.0.0) (3.2.0)
Requirement already satisfied: attrs>=17.3.0 in /home/mx6835/.local/lib/python3.10/site-packages (from aiohttp->torch_geometric->mtl==1.0.0) (23.1.0)
Requirement already satisfied: async-timeout<5.0,>=4.0.0a3 in /home/mx6835/.local/lib/python3.10/site-packages (from aiohttp->torch_geometric->mtl==1.0.0) (4.0.3)
Requirement already satisfied: multidict<7.0,>=4.5 in /home/mx6835/.local/lib/python3.10/site-packages (from aiohttp->torch_geometric->mtl==1.0.0) (6.0.4)
Requirement already satisfied: frozenlist>=1.1.1 in /home/mx6835/.local/lib/python3.10/site-packages (from aiohttp->torch_geometric->mtl==1.0.0) (1.4.0)
Requirement already satisfied: yarl<2.0,>=1.0 in /home/mx6835/.local/lib/python3.10/site-packages (from aiohttp->torch_geometric->mtl==1.0.0) (1.9.2)
Requirement already satisfied: aiosignal>=1.1.2 in /home/mx6835/.local/lib/python3.10/site-packages (from aiohttp->torch_geometric->mtl==1.0.0) (1.3.1)
Requirement already satisfied: MarkupSafe>=2.0 in /home/mx6835/.local/lib/python3.10/site-packages (from jinja2->torch_geometric->mtl==1.0.0) (2.1.3)
Requirement already satisfied: smmap<6,>=3.0.1 in /home/mx6835/.local/lib/python3.10/site-packages (from gitdb<5,>=4.0.1->GitPython>=1.0.0->wandb==0.12.21->mtl==1.0.0) (5.0.1)
Installing collected packages: mtl
  Attempting uninstall: mtl
    Found existing installation: mtl 1.0.0
    Uninstalling mtl-1.0.0:
      Successfully uninstalled mtl-1.0.0
  Running setup.py develop for mtl
Successfully installed mtl-1.0.0
LOSS FORMAT: SEMANTIC_LOSS MEAN_IOU PIX_ACC | DEPTH_LOSS ABS_ERR REL_ERR | NORMAL_LOSS MEAN MED <11.25 <22.5 <30 | ∆m (test)
Epoch: 0000 | lr=0.0001 | epoch lenth=398 | train time: 185.642 s | method ls | TRAIN: 1.9721 0.0711 0.3326 | 0.8719 0.8719 0.4153 | 0.3696 47.3074 45.8677 0.0375 0.1421 0.2442 || TEST: 1.8014 0.0942 0.3826 | 0.9003 0.9003 0.3720 | 0.3329 44.6651 43.1794 0.0433 0.1529 0.2601 | 67.462
LOSS FORMAT: SEMANTIC_LOSS MEAN_IOU PIX_ACC | DEPTH_LOSS ABS_ERR REL_ERR | NORMAL_LOSS MEAN MED <11.25 <22.5 <30 | ∆m (test)
Epoch: 0001 | lr=0.0001 | epoch lenth=398 | train time: 75.597 s | method ls | TRAIN: 1.7891 0.0929 0.3848 | 0.8184 0.8184 0.3890 | 0.3251 43.6662 41.9328 0.0502 0.1891 0.3068 || TEST: 1.7347 0.1055 0.3953 | 0.8394 0.8394 0.3485 | 0.3097 42.5046 40.8114 0.0519 0.1960 0.3175 | 60.568
LOSS FORMAT: SEMANTIC_LOSS MEAN_IOU PIX_ACC | DEPTH_LOSS ABS_ERR REL_ERR | NORMAL_LOSS MEAN MED <11.25 <22.5 <30 | ∆m (test)
Epoch: 0002 | lr=0.0001 | epoch lenth=398 | train time: 76.349 s | method ls | TRAIN: 1.7395 0.1013 0.4004 | 0.7982 0.7982 0.3900 | 0.3123 42.4473 40.5974 0.0577 0.2141 0.3352 || TEST: 1.7145 0.1019 0.4130 | 1.2310 1.2310 0.3983 | 0.3058 42.1892 40.2875 0.0532 0.1957 0.3231 | 68.221
LOSS FORMAT: SEMANTIC_LOSS MEAN_IOU PIX_ACC | DEPTH_LOSS ABS_ERR REL_ERR | NORMAL_LOSS MEAN MED <11.25 <22.5 <30 | ∆m (test)
Epoch: 0003 | lr=0.0001 | epoch lenth=398 | train time: 76.840 s | method ls | TRAIN: 1.7112 0.1037 0.4149 | 0.8035 0.8035 0.3829 | 0.2973 41.1790 39.2612 0.0655 0.2297 0.3530 || TEST: 1.6577 0.1119 0.4294 | 0.8629 0.8629 0.3131 | 0.2758 39.3013 37.4206 0.0807 0.2590 0.3841 | 52.019
LOSS FORMAT: SEMANTIC_LOSS MEAN_IOU PIX_ACC | DEPTH_LOSS ABS_ERR REL_ERR | NORMAL_LOSS MEAN MED <11.25 <22.5 <30 | ∆m (test)
Epoch: 0004 | lr=0.0001 | epoch lenth=398 | train time: 77.021 s | method ls | TRAIN: 1.6834 0.1107 0.4258 | 0.7843 0.7843 0.3716 | 0.2856 40.1934 38.2910 0.0726 0.2412 0.3660 || TEST: 1.6965 0.1139 0.4154 | 0.8547 0.8547 0.3108 | 0.2763 39.3884 37.7141 0.0828 0.2491 0.3732 | 52.471
LOSS FORMAT: SEMANTIC_LOSS MEAN_IOU PIX_ACC | DEPTH_LOSS ABS_ERR REL_ERR | NORMAL_LOSS MEAN MED <11.25 <22.5 <30 | ∆m (test)
Epoch: 0005 | lr=0.0001 | epoch lenth=398 | train time: 75.848 s | method ls | TRAIN: 1.6765 0.1132 0.4225 | 0.7574 0.7574 0.3616 | 0.2808 39.7170 37.7542 0.0782 0.2498 0.3760 || TEST: 1.6241 0.1310 0.4381 | 0.7919 0.7919 0.3038 | 0.2612 37.7278 35.7720 0.1098 0.2891 0.4101 | 46.043
LOSS FORMAT: SEMANTIC_LOSS MEAN_IOU PIX_ACC | DEPTH_LOSS ABS_ERR REL_ERR | NORMAL_LOSS MEAN MED <11.25 <22.5 <30 | ∆m (test)
Epoch: 0006 | lr=0.0001 | epoch lenth=398 | train time: 77.854 s | method ls | TRAIN: 1.6375 0.1261 0.4395 | 0.7681 0.7681 0.3670 | 0.2735 38.9521 36.9031 0.0889 0.2666 0.3918 || TEST: 1.6298 0.1337 0.4327 | 0.8724 0.8724 0.3075 | 0.2632 38.2388 36.4713 0.0919 0.2674 0.3930 | 49.523
LOSS FORMAT: SEMANTIC_LOSS MEAN_IOU PIX_ACC | DEPTH_LOSS ABS_ERR REL_ERR | NORMAL_LOSS MEAN MED <11.25 <22.5 <30 | ∆m (test)
Epoch: 0007 | lr=0.0001 | epoch lenth=398 | train time: 77.485 s | method ls | TRAIN: 1.6182 0.1301 0.4382 | 0.7533 0.7533 0.3518 | 0.2667 38.2874 36.0772 0.0975 0.2790 0.4038 || TEST: 1.5707 0.1426 0.4591 | 0.7895 0.7895 0.3476 | 0.2498 36.5664 34.3015 0.1262 0.3139 0.4337 | 44.221
LOSS FORMAT: SEMANTIC_LOSS MEAN_IOU PIX_ACC | DEPTH_LOSS ABS_ERR REL_ERR | NORMAL_LOSS MEAN MED <11.25 <22.5 <30 | ∆m (test)
Epoch: 0008 | lr=0.0001 | epoch lenth=398 | train time: 76.599 s | method ls | TRAIN: 1.6224 0.1362 0.4502 | 0.7312 0.7312 0.3479 | 0.2644 38.0293 35.6958 0.1000 0.2850 0.4111 || TEST: 1.5479 0.1417 0.4692 | 0.8329 0.8329 0.3029 | 0.2429 36.1762 33.9900 0.1174 0.3085 0.4349 | 43.053
LOSS FORMAT: SEMANTIC_LOSS MEAN_IOU PIX_ACC | DEPTH_LOSS ABS_ERR REL_ERR | NORMAL_LOSS MEAN MED <11.25 <22.5 <30 | ∆m (test)
Epoch: 0009 | lr=0.0001 | epoch lenth=398 | train time: 77.279 s | method ls | TRAIN: 1.5716 0.1402 0.4659 | 0.7495 0.7495 0.3498 | 0.2582 37.3981 34.9236 0.1089 0.2972 0.4235 || TEST: 1.5035 0.1666 0.4858 | 0.7237 0.7237 0.2947 | 0.2305 34.7655 32.0485 0.1412 0.3408 0.4675 | 36.143
LOSS FORMAT: SEMANTIC_LOSS MEAN_IOU PIX_ACC | DEPTH_LOSS ABS_ERR REL_ERR | NORMAL_LOSS MEAN MED <11.25 <22.5 <30 | ∆m (test)
Epoch: 0010 | lr=0.0001 | epoch lenth=398 | train time: 76.714 s | method ls | TRAIN: 1.5527 0.1559 0.4769 | 0.7250 0.7250 0.3426 | 0.2500 36.5458 33.8168 0.1195 0.3143 0.4417 || TEST: 1.5664 0.1554 0.4636 | 0.7616 0.7616 0.2890 | 0.2396 36.0109 33.8124 0.1124 0.3053 0.4373 | 41.061
LOSS FORMAT: SEMANTIC_LOSS MEAN_IOU PIX_ACC | DEPTH_LOSS ABS_ERR REL_ERR | NORMAL_LOSS MEAN MED <11.25 <22.5 <30 | ∆m (test)
Epoch: 0011 | lr=0.0001 | epoch lenth=398 | train time: 76.557 s | method ls | TRAIN: 1.5192 0.1548 0.4720 | 0.7133 0.7133 0.3367 | 0.2469 36.2482 33.4889 0.1226 0.3212 0.4478 || TEST: 1.5223 0.1655 0.4783 | 0.7995 0.7995 0.2916 | 0.2308 34.9032 32.2297 0.1330 0.3347 0.4651 | 38.052
LOSS FORMAT: SEMANTIC_LOSS MEAN_IOU PIX_ACC | DEPTH_LOSS ABS_ERR REL_ERR | NORMAL_LOSS MEAN MED <11.25 <22.5 <30 | ∆m (test)
Epoch: 0012 | lr=0.0001 | epoch lenth=398 | train time: 77.753 s | method ls | TRAIN: 1.5206 0.1616 0.4792 | 0.7067 0.7067 0.3369 | 0.2494 36.4550 33.6801 0.1212 0.3175 0.4447 || TEST: 1.5233 0.1677 0.4812 | 0.7411 0.7411 0.3009 | 0.2319 34.8738 32.3062 0.1427 0.3409 0.4653 | 36.896
LOSS FORMAT: SEMANTIC_LOSS MEAN_IOU PIX_ACC | DEPTH_LOSS ABS_ERR REL_ERR | NORMAL_LOSS MEAN MED <11.25 <22.5 <30 | ∆m (test)
Epoch: 0013 | lr=0.0001 | epoch lenth=398 | train time: 79.808 s | method ls | TRAIN: 1.5013 0.1646 0.4845 | 0.7087 0.7087 0.3317 | 0.2444 35.9397 32.9745 0.1276 0.3288 0.4556 || TEST: 1.4958 0.1618 0.4905 | 0.7165 0.7165 0.2964 | 0.2341 34.7527 31.7283 0.1573 0.3537 0.4746 | 35.000
LOSS FORMAT: SEMANTIC_LOSS MEAN_IOU PIX_ACC | DEPTH_LOSS ABS_ERR REL_ERR | NORMAL_LOSS MEAN MED <11.25 <22.5 <30 | ∆m (test)
Epoch: 0014 | lr=0.0001 | epoch lenth=398 | train time: 76.883 s | method ls | TRAIN: 1.5117 0.1614 0.4861 | 0.6997 0.6997 0.3293 | 0.2417 35.6696 32.5058 0.1297 0.3339 0.4624 || TEST: 1.4588 0.1896 0.5003 | 0.7227 0.7227 0.2918 | 0.2282 34.4848 31.3936 0.1414 0.3488 0.4790 | 34.239
LOSS FORMAT: SEMANTIC_LOSS MEAN_IOU PIX_ACC | DEPTH_LOSS ABS_ERR REL_ERR | NORMAL_LOSS MEAN MED <11.25 <22.5 <30 | ∆m (test)
Epoch: 0015 | lr=0.0001 | epoch lenth=398 | train time: 76.697 s | method ls | TRAIN: 1.4797 0.1804 0.4981 | 0.6739 0.6739 0.3176 | 0.2372 35.2755 32.0940 0.1330 0.3381 0.4689 || TEST: 1.4738 0.1825 0.4902 | 0.7189 0.7189 0.2866 | 0.2151 33.1999 29.9014 0.1579 0.3740 0.5037 | 31.420
LOSS FORMAT: SEMANTIC_LOSS MEAN_IOU PIX_ACC | DEPTH_LOSS ABS_ERR REL_ERR | NORMAL_LOSS MEAN MED <11.25 <22.5 <30 | ∆m (test)
Epoch: 0016 | lr=0.0001 | epoch lenth=398 | train time: 77.601 s | method ls | TRAIN: 1.4720 0.1791 0.4953 | 0.6775 0.6775 0.3186 | 0.2355 35.0526 31.7656 0.1378 0.3450 0.4743 || TEST: 1.4336 0.1763 0.5118 | 0.7883 0.7883 0.2891 | 0.2122 32.9196 29.7448 0.1641 0.3768 0.5058 | 31.937
LOSS FORMAT: SEMANTIC_LOSS MEAN_IOU PIX_ACC | DEPTH_LOSS ABS_ERR REL_ERR | NORMAL_LOSS MEAN MED <11.25 <22.5 <30 | ∆m (test)
Epoch: 0017 | lr=0.0001 | epoch lenth=398 | train time: 77.217 s | method ls | TRAIN: 1.4411 0.1784 0.5106 | 0.6757 0.6757 0.3149 | 0.2297 34.4786 31.1486 0.1448 0.3559 0.4857 || TEST: 1.4317 0.1957 0.5149 | 0.7194 0.7194 0.2954 | 0.2150 33.2555 30.2201 0.1574 0.3693 0.4983 | 31.372
LOSS FORMAT: SEMANTIC_LOSS MEAN_IOU PIX_ACC | DEPTH_LOSS ABS_ERR REL_ERR | NORMAL_LOSS MEAN MED <11.25 <22.5 <30 | ∆m (test)
Epoch: 0018 | lr=0.0001 | epoch lenth=398 | train time: 78.687 s | method ls | TRAIN: 1.4311 0.1905 0.5135 | 0.6589 0.6589 0.3140 | 0.2306 34.5127 31.1549 0.1461 0.3570 0.4861 || TEST: 1.4240 0.2016 0.5156 | 0.6817 0.6817 0.2835 | 0.2066 32.3287 28.9504 0.1714 0.3893 0.5195 | 27.704
LOSS FORMAT: SEMANTIC_LOSS MEAN_IOU PIX_ACC | DEPTH_LOSS ABS_ERR REL_ERR | NORMAL_LOSS MEAN MED <11.25 <22.5 <30 | ∆m (test)
Epoch: 0019 | lr=0.0001 | epoch lenth=398 | train time: 77.953 s | method ls | TRAIN: 1.4255 0.1943 0.5147 | 0.6483 0.6483 0.3080 | 0.2267 34.1231 30.5575 0.1508 0.3646 0.4943 || TEST: 1.4574 0.1869 0.5026 | 0.7123 0.7123 0.3056 | 0.2183 33.5556 30.8752 0.1603 0.3641 0.4873 | 32.814
LOSS FORMAT: SEMANTIC_LOSS MEAN_IOU PIX_ACC | DEPTH_LOSS ABS_ERR REL_ERR | NORMAL_LOSS MEAN MED <11.25 <22.5 <30 | ∆m (test)
Epoch: 0020 | lr=0.0001 | epoch lenth=398 | train time: 77.145 s | method ls | TRAIN: 1.4138 0.1913 0.5123 | 0.6443 0.6443 0.3024 | 0.2270 34.1913 30.7829 0.1491 0.3613 0.4914 || TEST: 1.3844 0.2186 0.5325 | 0.7464 0.7464 0.3302 | 0.2029 32.0179 28.7497 0.1734 0.3940 0.5233 | 29.363
LOSS FORMAT: SEMANTIC_LOSS MEAN_IOU PIX_ACC | DEPTH_LOSS ABS_ERR REL_ERR | NORMAL_LOSS MEAN MED <11.25 <22.5 <30 | ∆m (test)
Epoch: 0021 | lr=0.0001 | epoch lenth=398 | train time: 76.084 s | method ls | TRAIN: 1.3639 0.2115 0.5353 | 0.6339 0.6339 0.2987 | 0.2224 33.7189 30.1240 0.1546 0.3702 0.5020 || TEST: 1.3520 0.2217 0.5419 | 0.6996 0.6996 0.2707 | 0.2057 32.0860 28.7339 0.1855 0.3988 0.5221 | 25.465
LOSS FORMAT: SEMANTIC_LOSS MEAN_IOU PIX_ACC | DEPTH_LOSS ABS_ERR REL_ERR | NORMAL_LOSS MEAN MED <11.25 <22.5 <30 | ∆m (test)
Epoch: 0022 | lr=0.0001 | epoch lenth=398 | train time: 77.261 s | method ls | TRAIN: 1.3672 0.2145 0.5375 | 0.6299 0.6299 0.2980 | 0.2196 33.4485 29.8252 0.1578 0.3744 0.5067 || TEST: 1.3323 0.2415 0.5471 | 0.6799 0.6799 0.2948 | 0.2037 31.8727 28.4254 0.1879 0.4016 0.5275 | 24.934
LOSS FORMAT: SEMANTIC_LOSS MEAN_IOU PIX_ACC | DEPTH_LOSS ABS_ERR REL_ERR | NORMAL_LOSS MEAN MED <11.25 <22.5 <30 | ∆m (test)
Epoch: 0023 | lr=0.0001 | epoch lenth=398 | train time: 78.789 s | method ls | TRAIN: 1.3503 0.2299 0.5443 | 0.6226 0.6226 0.2972 | 0.2176 33.2622 29.6974 0.1603 0.3780 0.5091 || TEST: 1.3339 0.2363 0.5436 | 0.6861 0.6861 0.2628 | 0.2050 31.8810 28.2261 0.1902 0.4052 0.5314 | 23.641
LOSS FORMAT: SEMANTIC_LOSS MEAN_IOU PIX_ACC | DEPTH_LOSS ABS_ERR REL_ERR | NORMAL_LOSS MEAN MED <11.25 <22.5 <30 | ∆m (test)
Epoch: 0024 | lr=0.0001 | epoch lenth=398 | train time: 78.434 s | method ls | TRAIN: 1.3335 0.2296 0.5429 | 0.5973 0.5973 0.2846 | 0.2172 33.1472 29.4252 0.1640 0.3825 0.5132 || TEST: 1.4410 0.2031 0.5124 | 0.7857 0.7857 0.3538 | 0.2056 32.3832 29.3700 0.1678 0.3841 0.5127 | 32.848
LOSS FORMAT: SEMANTIC_LOSS MEAN_IOU PIX_ACC | DEPTH_LOSS ABS_ERR REL_ERR | NORMAL_LOSS MEAN MED <11.25 <22.5 <30 | ∆m (test)
Epoch: 0025 | lr=0.0001 | epoch lenth=398 | train time: 78.989 s | method ls | TRAIN: 1.3184 0.2200 0.5341 | 0.5965 0.5965 0.2801 | 0.2136 32.8052 29.0498 0.1689 0.3883 0.5195 || TEST: 1.3121 0.2483 0.5594 | 0.7505 0.7505 0.3292 | 0.1973 31.6465 28.2471 0.1655 0.3984 0.5321 | 27.670
LOSS FORMAT: SEMANTIC_LOSS MEAN_IOU PIX_ACC | DEPTH_LOSS ABS_ERR REL_ERR | NORMAL_LOSS MEAN MED <11.25 <22.5 <30 | ∆m (test)
Epoch: 0026 | lr=0.0001 | epoch lenth=398 | train time: 78.355 s | method ls | TRAIN: 1.3075 0.2434 0.5564 | 0.6008 0.6008 0.2787 | 0.2095 32.4446 28.6651 0.1704 0.3937 0.5262 || TEST: 1.2688 0.2569 0.5727 | 0.6417 0.6417 0.2689 | 0.1945 31.0971 27.6811 0.1901 0.4123 0.5413 | 21.094
LOSS FORMAT: SEMANTIC_LOSS MEAN_IOU PIX_ACC | DEPTH_LOSS ABS_ERR REL_ERR | NORMAL_LOSS MEAN MED <11.25 <22.5 <30 | ∆m (test)
Epoch: 0027 | lr=0.0001 | epoch lenth=398 | train time: 77.333 s | method ls | TRAIN: 1.2958 0.2500 0.5644 | 0.5894 0.5894 0.2827 | 0.2129 32.7496 28.8465 0.1670 0.3909 0.5225 || TEST: 1.2942 0.2690 0.5628 | 0.6766 0.6766 0.2594 | 0.1967 31.4335 27.9172 0.1760 0.4052 0.5371 | 22.116
LOSS FORMAT: SEMANTIC_LOSS MEAN_IOU PIX_ACC | DEPTH_LOSS ABS_ERR REL_ERR | NORMAL_LOSS MEAN MED <11.25 <22.5 <30 | ∆m (test)
Epoch: 0028 | lr=0.0001 | epoch lenth=398 | train time: 76.211 s | method ls | TRAIN: 1.2819 0.2596 0.5640 | 0.5848 0.5848 0.2731 | 0.2084 32.3029 28.4582 0.1740 0.3975 0.5294 || TEST: 1.2848 0.2586 0.5681 | 0.6485 0.6485 0.2730 | 0.1985 31.6580 28.4685 0.1735 0.3969 0.5292 | 23.211
LOSS FORMAT: SEMANTIC_LOSS MEAN_IOU PIX_ACC | DEPTH_LOSS ABS_ERR REL_ERR | NORMAL_LOSS MEAN MED <11.25 <22.5 <30 | ∆m (test)
Epoch: 0029 | lr=0.0001 | epoch lenth=398 | train time: 77.539 s | method ls | TRAIN: 1.2640 0.2625 0.5686 | 0.5735 0.5735 0.2724 | 0.2087 32.2954 28.3558 0.1747 0.4005 0.5312 || TEST: 1.2906 0.2637 0.5617 | 0.6670 0.6670 0.2769 | 0.1992 31.7120 28.4364 0.1749 0.3981 0.5282 | 23.579
LOSS FORMAT: SEMANTIC_LOSS MEAN_IOU PIX_ACC | DEPTH_LOSS ABS_ERR REL_ERR | NORMAL_LOSS MEAN MED <11.25 <22.5 <30 | ∆m (test)
Epoch: 0030 | lr=0.0001 | epoch lenth=398 | train time: 77.580 s | method ls | TRAIN: 1.2651 0.2643 0.5673 | 0.5761 0.5761 0.2728 | 0.2094 32.4178 28.6247 0.1717 0.3957 0.5270 || TEST: 1.3012 0.2673 0.5656 | 0.6456 0.6456 0.2599 | 0.1965 31.4727 28.3604 0.1796 0.3994 0.5288 | 22.022
LOSS FORMAT: SEMANTIC_LOSS MEAN_IOU PIX_ACC | DEPTH_LOSS ABS_ERR REL_ERR | NORMAL_LOSS MEAN MED <11.25 <22.5 <30 | ∆m (test)
Epoch: 0031 | lr=0.0001 | epoch lenth=398 | train time: 76.142 s | method ls | TRAIN: 1.2574 0.2711 0.5696 | 0.5719 0.5719 0.2692 | 0.2069 32.1601 28.3250 0.1756 0.3994 0.5315 || TEST: 1.2758 0.2666 0.5682 | 0.7041 0.7041 0.3176 | 0.1968 31.5666 28.5017 0.1741 0.3957 0.5273 | 25.683
LOSS FORMAT: SEMANTIC_LOSS MEAN_IOU PIX_ACC | DEPTH_LOSS ABS_ERR REL_ERR | NORMAL_LOSS MEAN MED <11.25 <22.5 <30 | ∆m (test)
Epoch: 0032 | lr=0.0001 | epoch lenth=398 | train time: 76.649 s | method ls | TRAIN: 1.2223 0.2769 0.5756 | 0.5559 0.5559 0.2664 | 0.2046 31.8870 27.9484 0.1802 0.4052 0.5382 || TEST: 1.2578 0.2746 0.5789 | 0.6828 0.6828 0.2533 | 0.1958 31.2962 28.0448 0.1854 0.4063 0.5353 | 21.207
LOSS FORMAT: SEMANTIC_LOSS MEAN_IOU PIX_ACC | DEPTH_LOSS ABS_ERR REL_ERR | NORMAL_LOSS MEAN MED <11.25 <22.5 <30 | ∆m (test)
Epoch: 0033 | lr=0.0001 | epoch lenth=398 | train time: 77.293 s | method ls | TRAIN: 1.2166 0.2833 0.5848 | 0.5631 0.5631 0.2670 | 0.2046 31.8530 27.8455 0.1812 0.4084 0.5408 || TEST: 1.2986 0.2547 0.5641 | 0.6888 0.6888 0.3062 | 0.1967 31.4123 28.0399 0.1798 0.4039 0.5345 | 24.573
LOSS FORMAT: SEMANTIC_LOSS MEAN_IOU PIX_ACC | DEPTH_LOSS ABS_ERR REL_ERR | NORMAL_LOSS MEAN MED <11.25 <22.5 <30 | ∆m (test)
Epoch: 0034 | lr=0.0001 | epoch lenth=398 | train time: 77.048 s | method ls | TRAIN: 1.2231 0.2755 0.5769 | 0.5391 0.5391 0.2603 | 0.2027 31.7110 27.7881 0.1817 0.4094 0.5420 || TEST: 1.2761 0.2767 0.5660 | 0.6360 0.6360 0.2722 | 0.1972 31.1187 27.4611 0.2011 0.4204 0.5442 | 19.945
LOSS FORMAT: SEMANTIC_LOSS MEAN_IOU PIX_ACC | DEPTH_LOSS ABS_ERR REL_ERR | NORMAL_LOSS MEAN MED <11.25 <22.5 <30 | ∆m (test)
Epoch: 0035 | lr=0.0001 | epoch lenth=398 | train time: 76.406 s | method ls | TRAIN: 1.1951 0.2864 0.5835 | 0.5386 0.5386 0.2527 | 0.1985 31.2910 27.2548 0.1860 0.4184 0.5512 || TEST: 1.2286 0.2924 0.5894 | 0.6599 0.6599 0.2843 | 0.1921 30.9386 27.5059 0.1876 0.4131 0.5435 | 20.553
LOSS FORMAT: SEMANTIC_LOSS MEAN_IOU PIX_ACC | DEPTH_LOSS ABS_ERR REL_ERR | NORMAL_LOSS MEAN MED <11.25 <22.5 <30 | ∆m (test)
Epoch: 0036 | lr=0.0001 | epoch lenth=398 | train time: 78.342 s | method ls | TRAIN: 1.1800 0.2997 0.5966 | 0.5437 0.5437 0.2601 | 0.1982 31.1933 27.0588 0.1906 0.4227 0.5539 || TEST: 1.2409 0.2780 0.5848 | 0.6624 0.6624 0.2565 | 0.1928 31.3462 28.4043 0.1676 0.3936 0.5295 | 22.028
LOSS FORMAT: SEMANTIC_LOSS MEAN_IOU PIX_ACC | DEPTH_LOSS ABS_ERR REL_ERR | NORMAL_LOSS MEAN MED <11.25 <22.5 <30 | ∆m (test)
Epoch: 0037 | lr=0.0001 | epoch lenth=398 | train time: 78.297 s | method ls | TRAIN: 1.1718 0.2971 0.5954 | 0.5475 0.5475 0.2593 | 0.2009 31.5308 27.4545 0.1823 0.4147 0.5469 || TEST: 1.2523 0.2929 0.5824 | 0.6742 0.6742 0.2868 | 0.1883 30.4180 26.6804 0.1978 0.4281 0.5583 | 19.387
LOSS FORMAT: SEMANTIC_LOSS MEAN_IOU PIX_ACC | DEPTH_LOSS ABS_ERR REL_ERR | NORMAL_LOSS MEAN MED <11.25 <22.5 <30 | ∆m (test)
Epoch: 0038 | lr=0.0001 | epoch lenth=398 | train time: 77.333 s | method ls | TRAIN: 1.1532 0.3093 0.5985 | 0.5328 0.5328 0.2509 | 0.1980 31.2197 27.1265 0.1872 0.4203 0.5535 || TEST: 1.2136 0.2965 0.5968 | 0.6400 0.6400 0.2705 | 0.1886 30.7688 27.6078 0.1824 0.4089 0.5425 | 19.703
LOSS FORMAT: SEMANTIC_LOSS MEAN_IOU PIX_ACC | DEPTH_LOSS ABS_ERR REL_ERR | NORMAL_LOSS MEAN MED <11.25 <22.5 <30 | ∆m (test)
Epoch: 0039 | lr=0.0001 | epoch lenth=398 | train time: 77.169 s | method ls | TRAIN: 1.1498 0.3127 0.6051 | 0.5224 0.5224 0.2500 | 0.1971 31.1103 26.9321 0.1893 0.4223 0.5556 || TEST: 1.2005 0.3005 0.5967 | 0.6433 0.6433 0.2628 | 0.1891 30.8503 27.6142 0.1782 0.4078 0.5425 | 19.555
LOSS FORMAT: SEMANTIC_LOSS MEAN_IOU PIX_ACC | DEPTH_LOSS ABS_ERR REL_ERR | NORMAL_LOSS MEAN MED <11.25 <22.5 <30 | ∆m (test)
Epoch: 0040 | lr=0.0001 | epoch lenth=398 | train time: 78.812 s | method ls | TRAIN: 1.1211 0.3175 0.6095 | 0.5211 0.5211 0.2517 | 0.1966 31.0607 26.9207 0.1899 0.4230 0.5572 || TEST: 1.2061 0.3131 0.5991 | 0.6165 0.6165 0.2494 | 0.1857 30.3423 26.7347 0.1901 0.4237 0.5570 | 16.452
LOSS FORMAT: SEMANTIC_LOSS MEAN_IOU PIX_ACC | DEPTH_LOSS ABS_ERR REL_ERR | NORMAL_LOSS MEAN MED <11.25 <22.5 <30 | ∆m (test)
Epoch: 0041 | lr=0.0001 | epoch lenth=398 | train time: 100.354 s | method ls | TRAIN: 1.1192 0.3267 0.6116 | 0.5204 0.5204 0.2462 | 0.1959 31.0159 26.9058 0.1898 0.4224 0.5565 || TEST: 1.1781 0.2991 0.6030 | 0.6433 0.6433 0.2562 | 0.1888 30.5558 27.0447 0.1957 0.4214 0.5506 | 17.716
LOSS FORMAT: SEMANTIC_LOSS MEAN_IOU PIX_ACC | DEPTH_LOSS ABS_ERR REL_ERR | NORMAL_LOSS MEAN MED <11.25 <22.5 <30 | ∆m (test)
Epoch: 0042 | lr=0.0001 | epoch lenth=398 | train time: 153.667 s | method ls | TRAIN: 1.1180 0.3194 0.6139 | 0.5179 0.5179 0.2504 | 0.1961 30.9964 26.7707 0.1909 0.4263 0.5596 || TEST: 1.1955 0.3082 0.6000 | 0.7108 0.7108 0.3134 | 0.1864 30.4624 27.1187 0.1886 0.4177 0.5514 | 21.224
LOSS FORMAT: SEMANTIC_LOSS MEAN_IOU PIX_ACC | DEPTH_LOSS ABS_ERR REL_ERR | NORMAL_LOSS MEAN MED <11.25 <22.5 <30 | ∆m (test)
Epoch: 0043 | lr=0.0001 | epoch lenth=398 | train time: 78.021 s | method ls | TRAIN: 1.0970 0.3304 0.6177 | 0.5139 0.5139 0.2465 | 0.1934 30.7170 26.4660 0.1952 0.4308 0.5640 || TEST: 1.2211 0.3061 0.5903 | 0.7608 0.7608 0.3435 | 0.1838 29.8056 25.7626 0.2121 0.4438 0.5730 | 20.687
LOSS FORMAT: SEMANTIC_LOSS MEAN_IOU PIX_ACC | DEPTH_LOSS ABS_ERR REL_ERR | NORMAL_LOSS MEAN MED <11.25 <22.5 <30 | ∆m (test)
Epoch: 0044 | lr=0.0001 | epoch lenth=398 | train time: 78.605 s | method ls | TRAIN: 1.0938 0.3301 0.6125 | 0.5007 0.5007 0.2411 | 0.1927 30.7086 26.4181 0.1911 0.4307 0.5651 || TEST: 1.1891 0.3245 0.6029 | 0.6275 0.6275 0.2698 | 0.1823 29.9880 26.3871 0.1952 0.4296 0.5642 | 16.274
LOSS FORMAT: SEMANTIC_LOSS MEAN_IOU PIX_ACC | DEPTH_LOSS ABS_ERR REL_ERR | NORMAL_LOSS MEAN MED <11.25 <22.5 <30 | ∆m (test)
Epoch: 0045 | lr=0.0001 | epoch lenth=398 | train time: 77.589 s | method ls | TRAIN: 1.0630 0.3451 0.6252 | 0.5120 0.5120 0.2389 | 0.1901 30.3986 26.0972 0.1988 0.4373 0.5705 || TEST: 1.1880 0.3272 0.6010 | 0.6795 0.6795 0.2956 | 0.1844 29.9669 26.0599 0.2058 0.4374 0.5681 | 17.316
LOSS FORMAT: SEMANTIC_LOSS MEAN_IOU PIX_ACC | DEPTH_LOSS ABS_ERR REL_ERR | NORMAL_LOSS MEAN MED <11.25 <22.5 <30 | ∆m (test)
Epoch: 0046 | lr=0.0001 | epoch lenth=398 | train time: 78.371 s | method ls | TRAIN: 1.0505 0.3489 0.6249 | 0.4929 0.4929 0.2353 | 0.1878 30.1426 25.7633 0.2035 0.4428 0.5756 || TEST: 1.2049 0.3242 0.5939 | 0.7284 0.7284 0.2616 | 0.1856 30.3867 26.8582 0.1854 0.4210 0.5566 | 18.872
LOSS FORMAT: SEMANTIC_LOSS MEAN_IOU PIX_ACC | DEPTH_LOSS ABS_ERR REL_ERR | NORMAL_LOSS MEAN MED <11.25 <22.5 <30 | ∆m (test)
Epoch: 0047 | lr=0.0001 | epoch lenth=398 | train time: 78.704 s | method ls | TRAIN: 1.0459 0.3526 0.6244 | 0.4889 0.4889 0.2324 | 0.1898 30.3849 26.0338 0.1972 0.4364 0.5714 || TEST: 1.1764 0.3213 0.6120 | 0.6579 0.6579 0.2858 | 0.1808 29.6218 25.7190 0.2094 0.4440 0.5756 | 15.816
LOSS FORMAT: SEMANTIC_LOSS MEAN_IOU PIX_ACC | DEPTH_LOSS ABS_ERR REL_ERR | NORMAL_LOSS MEAN MED <11.25 <22.5 <30 | ∆m (test)
Epoch: 0048 | lr=0.0001 | epoch lenth=398 | train time: 79.218 s | method ls | TRAIN: 1.0331 0.3578 0.6354 | 0.4874 0.4874 0.2349 | 0.1888 30.2209 25.7950 0.2017 0.4424 0.5762 || TEST: 1.2479 0.2827 0.5880 | 0.6024 0.6024 0.2501 | 0.1836 30.0380 26.4078 0.1997 0.4307 0.5624 | 16.422
LOSS FORMAT: SEMANTIC_LOSS MEAN_IOU PIX_ACC | DEPTH_LOSS ABS_ERR REL_ERR | NORMAL_LOSS MEAN MED <11.25 <22.5 <30 | ∆m (test)
Epoch: 0049 | lr=0.0001 | epoch lenth=398 | train time: 78.445 s | method ls | TRAIN: 1.0281 0.3354 0.6224 | 0.4800 0.4800 0.2279 | 0.1869 30.1035 25.7322 0.1991 0.4428 0.5779 || TEST: 1.1720 0.3225 0.6119 | 0.6049 0.6049 0.2417 | 0.1779 29.4353 25.6061 0.2053 0.4438 0.5787 | 13.104
LOSS FORMAT: SEMANTIC_LOSS MEAN_IOU PIX_ACC | DEPTH_LOSS ABS_ERR REL_ERR | NORMAL_LOSS MEAN MED <11.25 <22.5 <30 | ∆m (test)
Epoch: 0050 | lr=0.0001 | epoch lenth=398 | train time: 77.811 s | method ls | TRAIN: 1.0540 0.3495 0.6304 | 0.4883 0.4883 0.2373 | 0.1912 30.5227 26.1583 0.1951 0.4353 0.5690 || TEST: 1.1647 0.3218 0.6085 | 0.6261 0.6261 0.2675 | 0.1874 30.2213 26.4183 0.2068 0.4334 0.5619 | 15.801
LOSS FORMAT: SEMANTIC_LOSS MEAN_IOU PIX_ACC | DEPTH_LOSS ABS_ERR REL_ERR | NORMAL_LOSS MEAN MED <11.25 <22.5 <30 | ∆m (test)
Epoch: 0051 | lr=0.0001 | epoch lenth=398 | train time: 77.436 s | method ls | TRAIN: 1.0015 0.3616 0.6377 | 0.4807 0.4807 0.2282 | 0.1845 29.7970 25.2684 0.2063 0.4511 0.5850 || TEST: 1.1835 0.3247 0.6029 | 0.5960 0.5960 0.2475 | 0.1786 29.5488 25.8227 0.2039 0.4404 0.5741 | 13.649
LOSS FORMAT: SEMANTIC_LOSS MEAN_IOU PIX_ACC | DEPTH_LOSS ABS_ERR REL_ERR | NORMAL_LOSS MEAN MED <11.25 <22.5 <30 | ∆m (test)
Epoch: 0052 | lr=0.0001 | epoch lenth=398 | train time: 78.212 s | method ls | TRAIN: 0.9968 0.3629 0.6375 | 0.4737 0.4737 0.2236 | 0.1847 29.8373 25.3809 0.2054 0.4498 0.5835 || TEST: 1.2216 0.2986 0.5918 | 0.6030 0.6030 0.2578 | 0.1791 29.7876 26.1816 0.1896 0.4325 0.5695 | 16.195
LOSS FORMAT: SEMANTIC_LOSS MEAN_IOU PIX_ACC | DEPTH_LOSS ABS_ERR REL_ERR | NORMAL_LOSS MEAN MED <11.25 <22.5 <30 | ∆m (test)
Epoch: 0053 | lr=0.0001 | epoch lenth=398 | train time: 77.668 s | method ls | TRAIN: 0.9768 0.3565 0.6353 | 0.4624 0.4624 0.2189 | 0.1838 29.6980 25.1294 0.2085 0.4540 0.5875 || TEST: 1.1614 0.3318 0.6099 | 0.6080 0.6080 0.2495 | 0.1852 30.0506 26.3498 0.2065 0.4340 0.5642 | 14.311
LOSS FORMAT: SEMANTIC_LOSS MEAN_IOU PIX_ACC | DEPTH_LOSS ABS_ERR REL_ERR | NORMAL_LOSS MEAN MED <11.25 <22.5 <30 | ∆m (test)
Epoch: 0054 | lr=0.0001 | epoch lenth=398 | train time: 78.402 s | method ls | TRAIN: 0.9834 0.3711 0.6428 | 0.4833 0.4833 0.2281 | 0.1828 29.6318 25.0506 0.2073 0.4548 0.5900 || TEST: 1.2028 0.3047 0.6015 | 0.6235 0.6235 0.2685 | 0.1774 29.2665 25.3085 0.2137 0.4509 0.5830 | 14.413
LOSS FORMAT: SEMANTIC_LOSS MEAN_IOU PIX_ACC | DEPTH_LOSS ABS_ERR REL_ERR | NORMAL_LOSS MEAN MED <11.25 <22.5 <30 | ∆m (test)
Epoch: 0055 | lr=0.0001 | epoch lenth=398 | train time: 77.734 s | method ls | TRAIN: 0.9733 0.3577 0.6408 | 0.4692 0.4692 0.2226 | 0.1819 29.5482 25.0692 0.2090 0.4553 0.5895 || TEST: 1.1199 0.3498 0.6320 | 0.6540 0.6540 0.2522 | 0.1780 29.3798 25.3731 0.2087 0.4491 0.5811 | 12.764
LOSS FORMAT: SEMANTIC_LOSS MEAN_IOU PIX_ACC | DEPTH_LOSS ABS_ERR REL_ERR | NORMAL_LOSS MEAN MED <11.25 <22.5 <30 | ∆m (test)
Epoch: 0056 | lr=0.0001 | epoch lenth=398 | train time: 79.284 s | method ls | TRAIN: 0.9576 0.3850 0.6573 | 0.4571 0.4571 0.2188 | 0.1810 29.4062 24.8216 0.2117 0.4602 0.5944 || TEST: 1.2126 0.3399 0.6006 | 0.6408 0.6408 0.2770 | 0.1739 29.2210 25.3528 0.1948 0.4455 0.5857 | 14.798
LOSS FORMAT: SEMANTIC_LOSS MEAN_IOU PIX_ACC | DEPTH_LOSS ABS_ERR REL_ERR | NORMAL_LOSS MEAN MED <11.25 <22.5 <30 | ∆m (test)
Epoch: 0057 | lr=0.0001 | epoch lenth=398 | train time: 77.558 s | method ls | TRAIN: 0.9360 0.3844 0.6467 | 0.4492 0.4492 0.2150 | 0.1795 29.2242 24.5342 0.2163 0.4649 0.5982 || TEST: 1.1595 0.3488 0.6135 | 0.7371 0.7371 0.3260 | 0.1769 29.4192 25.4840 0.1997 0.4453 0.5807 | 17.926
LOSS FORMAT: SEMANTIC_LOSS MEAN_IOU PIX_ACC | DEPTH_LOSS ABS_ERR REL_ERR | NORMAL_LOSS MEAN MED <11.25 <22.5 <30 | ∆m (test)
Epoch: 0058 | lr=0.0001 | epoch lenth=398 | train time: 77.488 s | method ls | TRAIN: 0.9580 0.3848 0.6488 | 0.4578 0.4578 0.2211 | 0.1800 29.3355 24.7630 0.2110 0.4616 0.5957 || TEST: 1.1614 0.3311 0.6123 | 0.5767 0.5767 0.2389 | 0.1784 29.5451 25.7084 0.2012 0.4418 0.5761 | 12.609
LOSS FORMAT: SEMANTIC_LOSS MEAN_IOU PIX_ACC | DEPTH_LOSS ABS_ERR REL_ERR | NORMAL_LOSS MEAN MED <11.25 <22.5 <30 | ∆m (test)
Epoch: 0059 | lr=0.0001 | epoch lenth=398 | train time: 77.640 s | method ls | TRAIN: 0.9241 0.3841 0.6534 | 0.4462 0.4462 0.2134 | 0.1794 29.2420 24.5850 0.2143 0.4632 0.5984 || TEST: 1.1409 0.3312 0.6139 | 0.5796 0.5796 0.2365 | 0.1778 29.7423 26.1854 0.1851 0.4302 0.5705 | 13.802
LOSS FORMAT: SEMANTIC_LOSS MEAN_IOU PIX_ACC | DEPTH_LOSS ABS_ERR REL_ERR | NORMAL_LOSS MEAN MED <11.25 <22.5 <30 | ∆m (test)
Epoch: 0060 | lr=0.0001 | epoch lenth=398 | train time: 78.473 s | method ls | TRAIN: 0.9227 0.3872 0.6550 | 0.4558 0.4558 0.2172 | 0.1788 29.1579 24.5039 0.2162 0.4661 0.5998 || TEST: 1.1568 0.3340 0.6195 | 0.5898 0.5898 0.2475 | 0.1773 29.4494 25.6809 0.2033 0.4427 0.5761 | 12.810
LOSS FORMAT: SEMANTIC_LOSS MEAN_IOU PIX_ACC | DEPTH_LOSS ABS_ERR REL_ERR | NORMAL_LOSS MEAN MED <11.25 <22.5 <30 | ∆m (test)
Epoch: 0061 | lr=0.0001 | epoch lenth=398 | train time: 77.970 s | method ls | TRAIN: 0.8949 0.3943 0.6640 | 0.4486 0.4486 0.2161 | 0.1797 29.2535 24.5434 0.2147 0.4645 0.5983 || TEST: 1.1824 0.3250 0.6080 | 0.5901 0.5901 0.2541 | 0.1789 29.5988 25.9474 0.2030 0.4381 0.5717 | 13.930
LOSS FORMAT: SEMANTIC_LOSS MEAN_IOU PIX_ACC | DEPTH_LOSS ABS_ERR REL_ERR | NORMAL_LOSS MEAN MED <11.25 <22.5 <30 | ∆m (test)
Epoch: 0062 | lr=0.0001 | epoch lenth=398 | train time: 79.236 s | method ls | TRAIN: 0.8874 0.3898 0.6600 | 0.4539 0.4539 0.2168 | 0.1777 29.0811 24.4487 0.2159 0.4664 0.6010 || TEST: 1.2153 0.3297 0.5996 | 0.6170 0.6170 0.2641 | 0.1757 29.2344 25.1842 0.2033 0.4509 0.5869 | 13.673
LOSS FORMAT: SEMANTIC_LOSS MEAN_IOU PIX_ACC | DEPTH_LOSS ABS_ERR REL_ERR | NORMAL_LOSS MEAN MED <11.25 <22.5 <30 | ∆m (test)
Epoch: 0063 | lr=0.0001 | epoch lenth=398 | train time: 78.912 s | method ls | TRAIN: 0.8875 0.3932 0.6547 | 0.4425 0.4425 0.2136 | 0.1755 28.8291 24.1245 0.2208 0.4726 0.6061 || TEST: 1.1830 0.3364 0.6165 | 0.6268 0.6268 0.2533 | 0.1793 29.8643 26.1748 0.1828 0.4312 0.5700 | 15.178
LOSS FORMAT: SEMANTIC_LOSS MEAN_IOU PIX_ACC | DEPTH_LOSS ABS_ERR REL_ERR | NORMAL_LOSS MEAN MED <11.25 <22.5 <30 | ∆m (test)
Epoch: 0064 | lr=0.0001 | epoch lenth=398 | train time: 77.662 s | method ls | TRAIN: 0.8597 0.4058 0.6677 | 0.4365 0.4365 0.2086 | 0.1746 28.7072 24.0217 0.2226 0.4758 0.6093 || TEST: 1.1821 0.3294 0.6107 | 0.5856 0.5856 0.2330 | 0.1765 29.1514 25.0272 0.2157 0.4560 0.5869 | 11.046
LOSS FORMAT: SEMANTIC_LOSS MEAN_IOU PIX_ACC | DEPTH_LOSS ABS_ERR REL_ERR | NORMAL_LOSS MEAN MED <11.25 <22.5 <30 | ∆m (test)
Epoch: 0065 | lr=0.0001 | epoch lenth=398 | train time: 79.112 s | method ls | TRAIN: 0.8755 0.3910 0.6623 | 0.4442 0.4442 0.2143 | 0.1757 28.8211 24.1258 0.2213 0.4735 0.6074 || TEST: 1.1906 0.3446 0.6133 | 0.5865 0.5865 0.2362 | 0.1775 29.2858 25.1760 0.2113 0.4529 0.5851 | 11.098
LOSS FORMAT: SEMANTIC_LOSS MEAN_IOU PIX_ACC | DEPTH_LOSS ABS_ERR REL_ERR | NORMAL_LOSS MEAN MED <11.25 <22.5 <30 | ∆m (test)
Epoch: 0066 | lr=0.0001 | epoch lenth=398 | train time: 78.161 s | method ls | TRAIN: 0.8700 0.4043 0.6629 | 0.4386 0.4386 0.2107 | 0.1752 28.7562 24.0166 0.2230 0.4757 0.6087 || TEST: 1.1835 0.3507 0.6136 | 0.6168 0.6168 0.2701 | 0.1773 29.3721 25.4632 0.2058 0.4461 0.5812 | 13.373
LOSS FORMAT: SEMANTIC_LOSS MEAN_IOU PIX_ACC | DEPTH_LOSS ABS_ERR REL_ERR | NORMAL_LOSS MEAN MED <11.25 <22.5 <30 | ∆m (test)
Epoch: 0067 | lr=0.0001 | epoch lenth=398 | train time: 78.329 s | method ls | TRAIN: 0.8497 0.4115 0.6701 | 0.4300 0.4300 0.2063 | 0.1760 28.8282 24.0880 0.2226 0.4745 0.6071 || TEST: 1.1367 0.3611 0.6244 | 0.6022 0.6022 0.2403 | 0.1789 29.8527 26.3285 0.1839 0.4278 0.5676 | 13.546
LOSS FORMAT: SEMANTIC_LOSS MEAN_IOU PIX_ACC | DEPTH_LOSS ABS_ERR REL_ERR | NORMAL_LOSS MEAN MED <11.25 <22.5 <30 | ∆m (test)
Epoch: 0068 | lr=0.0001 | epoch lenth=398 | train time: 79.509 s | method ls | TRAIN: 0.8430 0.4205 0.6754 | 0.4219 0.4219 0.2024 | 0.1731 28.5315 23.7366 0.2266 0.4802 0.6132 || TEST: 1.1508 0.3459 0.6246 | 0.5855 0.5855 0.2490 | 0.1729 28.9343 25.1063 0.2126 0.4544 0.5876 | 11.044
LOSS FORMAT: SEMANTIC_LOSS MEAN_IOU PIX_ACC | DEPTH_LOSS ABS_ERR REL_ERR | NORMAL_LOSS MEAN MED <11.25 <22.5 <30 | ∆m (test)
Epoch: 0069 | lr=0.0001 | epoch lenth=398 | train time: 78.872 s | method ls | TRAIN: 0.8261 0.4175 0.6783 | 0.4302 0.4302 0.2060 | 0.1699 28.2400 23.4987 0.2292 0.4850 0.6186 || TEST: 1.1982 0.3513 0.6096 | 0.6054 0.6054 0.2534 | 0.1738 29.1898 25.5043 0.2002 0.4452 0.5821 | 12.721
LOSS FORMAT: SEMANTIC_LOSS MEAN_IOU PIX_ACC | DEPTH_LOSS ABS_ERR REL_ERR | NORMAL_LOSS MEAN MED <11.25 <22.5 <30 | ∆m (test)
Epoch: 0070 | lr=0.0001 | epoch lenth=398 | train time: 77.866 s | method ls | TRAIN: 0.8370 0.4165 0.6695 | 0.4147 0.4147 0.2021 | 0.1725 28.4962 23.7052 0.2260 0.4802 0.6139 || TEST: 1.1477 0.3530 0.6211 | 0.5873 0.5873 0.2421 | 0.1714 28.6606 24.4466 0.2174 0.4653 0.5998 | 9.567
LOSS FORMAT: SEMANTIC_LOSS MEAN_IOU PIX_ACC | DEPTH_LOSS ABS_ERR REL_ERR | NORMAL_LOSS MEAN MED <11.25 <22.5 <30 | ∆m (test)
Epoch: 0071 | lr=0.0001 | epoch lenth=398 | train time: 78.192 s | method ls | TRAIN: 0.8219 0.4231 0.6782 | 0.4170 0.4170 0.2005 | 0.1739 28.6100 23.7959 0.2251 0.4800 0.6126 || TEST: 1.1688 0.3567 0.6225 | 0.5729 0.5729 0.2241 | 0.1735 28.8905 24.9196 0.2175 0.4583 0.5900 | 9.143
LOSS FORMAT: SEMANTIC_LOSS MEAN_IOU PIX_ACC | DEPTH_LOSS ABS_ERR REL_ERR | NORMAL_LOSS MEAN MED <11.25 <22.5 <30 | ∆m (test)
Epoch: 0072 | lr=0.0001 | epoch lenth=398 | train time: 79.043 s | method ls | TRAIN: 0.8176 0.4236 0.6781 | 0.4276 0.4276 0.2026 | 0.1704 28.3159 23.5781 0.2264 0.4829 0.6170 || TEST: 1.1642 0.3491 0.6305 | 0.6005 0.6005 0.2573 | 0.1710 28.5230 24.2061 0.2252 0.4697 0.6018 | 9.738
LOSS FORMAT: SEMANTIC_LOSS MEAN_IOU PIX_ACC | DEPTH_LOSS ABS_ERR REL_ERR | NORMAL_LOSS MEAN MED <11.25 <22.5 <30 | ∆m (test)
Epoch: 0073 | lr=0.0001 | epoch lenth=398 | train time: 78.963 s | method ls | TRAIN: 0.7940 0.4277 0.6862 | 0.4121 0.4121 0.1969 | 0.1712 28.3303 23.4990 0.2288 0.4850 0.6183 || TEST: 1.1618 0.3413 0.6152 | 0.6069 0.6069 0.2529 | 0.1764 29.4218 25.6144 0.1974 0.4423 0.5795 | 13.291
LOSS FORMAT: SEMANTIC_LOSS MEAN_IOU PIX_ACC | DEPTH_LOSS ABS_ERR REL_ERR | NORMAL_LOSS MEAN MED <11.25 <22.5 <30 | ∆m (test)
Epoch: 0074 | lr=0.0001 | epoch lenth=398 | train time: 78.162 s | method ls | TRAIN: 0.8000 0.4259 0.6796 | 0.4203 0.4203 0.1991 | 0.1711 28.3497 23.5791 0.2268 0.4834 0.6180 || TEST: 1.1558 0.3338 0.6324 | 0.5691 0.5691 0.2327 | 0.1776 29.5338 25.8867 0.1989 0.4384 0.5739 | 12.094
LOSS FORMAT: SEMANTIC_LOSS MEAN_IOU PIX_ACC | DEPTH_LOSS ABS_ERR REL_ERR | NORMAL_LOSS MEAN MED <11.25 <22.5 <30 | ∆m (test)
Epoch: 0075 | lr=0.0001 | epoch lenth=398 | train time: 79.724 s | method ls | TRAIN: 0.7815 0.4225 0.6910 | 0.4160 0.4160 0.2017 | 0.1702 28.2551 23.3847 0.2271 0.4873 0.6211 || TEST: 1.2084 0.3312 0.6133 | 0.5813 0.5813 0.2317 | 0.1749 29.1853 25.3520 0.2063 0.4474 0.5832 | 11.598
LOSS FORMAT: SEMANTIC_LOSS MEAN_IOU PIX_ACC | DEPTH_LOSS ABS_ERR REL_ERR | NORMAL_LOSS MEAN MED <11.25 <22.5 <30 | ∆m (test)
Epoch: 0076 | lr=0.0001 | epoch lenth=398 | train time: 79.887 s | method ls | TRAIN: 0.7661 0.4247 0.6838 | 0.4167 0.4167 0.1987 | 0.1683 28.0297 23.1230 0.2323 0.4922 0.6248 || TEST: 1.1944 0.3524 0.6276 | 0.6471 0.6471 0.2730 | 0.1730 28.9071 24.8731 0.2111 0.4571 0.5922 | 12.558
LOSS FORMAT: SEMANTIC_LOSS MEAN_IOU PIX_ACC | DEPTH_LOSS ABS_ERR REL_ERR | NORMAL_LOSS MEAN MED <11.25 <22.5 <30 | ∆m (test)
Epoch: 0077 | lr=0.0001 | epoch lenth=398 | train time: 78.634 s | method ls | TRAIN: 0.7675 0.4333 0.6913 | 0.4027 0.4027 0.1957 | 0.1697 28.1683 23.3371 0.2316 0.4887 0.6218 || TEST: 1.1782 0.3443 0.6251 | 0.6032 0.6032 0.2591 | 0.1716 28.8382 24.8715 0.2085 0.4572 0.5938 | 11.598
LOSS FORMAT: SEMANTIC_LOSS MEAN_IOU PIX_ACC | DEPTH_LOSS ABS_ERR REL_ERR | NORMAL_LOSS MEAN MED <11.25 <22.5 <30 | ∆m (test)
Epoch: 0078 | lr=0.0001 | epoch lenth=398 | train time: 77.704 s | method ls | TRAIN: 0.7507 0.4392 0.6931 | 0.4089 0.4089 0.1930 | 0.1685 28.0195 23.1075 0.2337 0.4940 0.6264 || TEST: 1.2000 0.3448 0.6184 | 0.5791 0.5791 0.2390 | 0.1727 29.1055 25.2845 0.1976 0.4481 0.5855 | 11.572
LOSS FORMAT: SEMANTIC_LOSS MEAN_IOU PIX_ACC | DEPTH_LOSS ABS_ERR REL_ERR | NORMAL_LOSS MEAN MED <11.25 <22.5 <30 | ∆m (test)
Epoch: 0079 | lr=0.0001 | epoch lenth=398 | train time: 80.185 s | method ls | TRAIN: 0.7297 0.4453 0.6931 | 0.4094 0.4094 0.1948 | 0.1654 27.7254 22.8204 0.2372 0.4983 0.6311 || TEST: 1.1103 0.3772 0.6451 | 0.5609 0.5609 0.2249 | 0.1706 28.7257 24.7075 0.2099 0.4595 0.5956 | 7.959
LOSS FORMAT: SEMANTIC_LOSS MEAN_IOU PIX_ACC | DEPTH_LOSS ABS_ERR REL_ERR | NORMAL_LOSS MEAN MED <11.25 <22.5 <30 | ∆m (test)
Epoch: 0080 | lr=0.0001 | epoch lenth=398 | train time: 78.222 s | method ls | TRAIN: 0.7442 0.4523 0.7029 | 0.4036 0.4036 0.1937 | 0.1650 27.6611 22.7080 0.2385 0.5007 0.6340 || TEST: 1.1890 0.3546 0.6068 | 0.6390 0.6390 0.2333 | 0.1753 29.3450 25.6423 0.1972 0.4433 0.5795 | 12.759
LOSS FORMAT: SEMANTIC_LOSS MEAN_IOU PIX_ACC | DEPTH_LOSS ABS_ERR REL_ERR | NORMAL_LOSS MEAN MED <11.25 <22.5 <30 | ∆m (test)
Epoch: 0081 | lr=0.0001 | epoch lenth=398 | train time: 78.285 s | method ls | TRAIN: 0.7283 0.4456 0.6892 | 0.4014 0.4014 0.1936 | 0.1654 27.7362 22.8539 0.2360 0.4981 0.6318 || TEST: 1.2165 0.3429 0.6214 | 0.6672 0.6672 0.2961 | 0.1721 28.7468 24.4705 0.2133 0.4648 0.5999 | 13.542
LOSS FORMAT: SEMANTIC_LOSS MEAN_IOU PIX_ACC | DEPTH_LOSS ABS_ERR REL_ERR | NORMAL_LOSS MEAN MED <11.25 <22.5 <30 | ∆m (test)
Epoch: 0082 | lr=0.0001 | epoch lenth=398 | train time: 78.342 s | method ls | TRAIN: 0.7112 0.4431 0.6976 | 0.3947 0.3947 0.1883 | 0.1651 27.6820 22.7270 0.2371 0.5003 0.6339 || TEST: 1.2441 0.3329 0.6171 | 0.6054 0.6054 0.2629 | 0.1716 28.9506 25.1059 0.2019 0.4514 0.5890 | 12.873
LOSS FORMAT: SEMANTIC_LOSS MEAN_IOU PIX_ACC | DEPTH_LOSS ABS_ERR REL_ERR | NORMAL_LOSS MEAN MED <11.25 <22.5 <30 | ∆m (test)
Epoch: 0083 | lr=0.0001 | epoch lenth=398 | train time: 79.077 s | method ls | TRAIN: 0.7060 0.4500 0.6981 | 0.3894 0.3894 0.1849 | 0.1667 27.8546 22.9816 0.2356 0.4955 0.6282 || TEST: 1.1740 0.3685 0.6292 | 0.5757 0.5757 0.2288 | 0.1761 29.3317 25.5037 0.2008 0.4454 0.5818 | 10.449
LOSS FORMAT: SEMANTIC_LOSS MEAN_IOU PIX_ACC | DEPTH_LOSS ABS_ERR REL_ERR | NORMAL_LOSS MEAN MED <11.25 <22.5 <30 | ∆m (test)
Epoch: 0084 | lr=0.0001 | epoch lenth=398 | train time: 76.230 s | method ls | TRAIN: 0.6900 0.4627 0.7061 | 0.3980 0.3980 0.1907 | 0.1643 27.5898 22.6597 0.2399 0.5019 0.6347 || TEST: 1.2402 0.3324 0.6163 | 0.5764 0.5764 0.2336 | 0.1756 29.2529 25.4400 0.2050 0.4472 0.5820 | 11.663
LOSS FORMAT: SEMANTIC_LOSS MEAN_IOU PIX_ACC | DEPTH_LOSS ABS_ERR REL_ERR | NORMAL_LOSS MEAN MED <11.25 <22.5 <30 | ∆m (test)
Epoch: 0085 | lr=0.0001 | epoch lenth=398 | train time: 77.405 s | method ls | TRAIN: 0.6906 0.4474 0.7001 | 0.3911 0.3911 0.1847 | 0.1642 27.5699 22.5700 0.2401 0.5035 0.6353 || TEST: 1.2710 0.3422 0.6128 | 0.5978 0.5978 0.2574 | 0.1728 29.0327 25.1814 0.2038 0.4506 0.5877 | 12.382
LOSS FORMAT: SEMANTIC_LOSS MEAN_IOU PIX_ACC | DEPTH_LOSS ABS_ERR REL_ERR | NORMAL_LOSS MEAN MED <11.25 <22.5 <30 | ∆m (test)
Epoch: 0086 | lr=0.0001 | epoch lenth=398 | train time: 77.537 s | method ls | TRAIN: 0.7193 0.4422 0.6922 | 0.3983 0.3983 0.1936 | 0.1656 27.7275 22.7573 0.2377 0.4991 0.6314 || TEST: 1.2465 0.3424 0.6151 | 0.5785 0.5785 0.2438 | 0.1698 28.6866 24.7347 0.2099 0.4586 0.5950 | 10.567
LOSS FORMAT: SEMANTIC_LOSS MEAN_IOU PIX_ACC | DEPTH_LOSS ABS_ERR REL_ERR | NORMAL_LOSS MEAN MED <11.25 <22.5 <30 | ∆m (test)
Epoch: 0087 | lr=0.0001 | epoch lenth=398 | train time: 77.453 s | method ls | TRAIN: 0.6885 0.4479 0.6999 | 0.3893 0.3893 0.1845 | 0.1638 27.5095 22.5633 0.2414 0.5049 0.6376 || TEST: 1.2158 0.3533 0.6290 | 0.5911 0.5911 0.2226 | 0.1707 28.7303 24.8536 0.2133 0.4568 0.5922 | 9.408
LOSS FORMAT: SEMANTIC_LOSS MEAN_IOU PIX_ACC | DEPTH_LOSS ABS_ERR REL_ERR | NORMAL_LOSS MEAN MED <11.25 <22.5 <30 | ∆m (test)
Epoch: 0088 | lr=0.0001 | epoch lenth=398 | train time: 76.366 s | method ls | TRAIN: 0.6614 0.4624 0.7120 | 0.3784 0.3784 0.1786 | 0.1615 27.3103 22.3562 0.2425 0.5075 0.6410 || TEST: 1.2388 0.3445 0.6164 | 0.6224 0.6224 0.2622 | 0.1687 28.4203 24.1731 0.2166 0.4703 0.6068 | 10.830
LOSS FORMAT: SEMANTIC_LOSS MEAN_IOU PIX_ACC | DEPTH_LOSS ABS_ERR REL_ERR | NORMAL_LOSS MEAN MED <11.25 <22.5 <30 | ∆m (test)
Epoch: 0089 | lr=0.0001 | epoch lenth=398 | train time: 77.318 s | method ls | TRAIN: 0.6674 0.4537 0.7046 | 0.3826 0.3826 0.1848 | 0.1631 27.4848 22.4345 0.2394 0.5047 0.6376 || TEST: 1.2444 0.3480 0.6078 | 0.5949 0.5949 0.2428 | 0.1770 29.4364 25.3578 0.1960 0.4465 0.5834 | 12.386
LOSS FORMAT: SEMANTIC_LOSS MEAN_IOU PIX_ACC | DEPTH_LOSS ABS_ERR REL_ERR | NORMAL_LOSS MEAN MED <11.25 <22.5 <30 | ∆m (test)
Epoch: 0090 | lr=0.0001 | epoch lenth=398 | train time: 78.727 s | method ls | TRAIN: 0.6734 0.4611 0.7003 | 0.3811 0.3811 0.1825 | 0.1636 27.5042 22.5106 0.2411 0.5050 0.6368 || TEST: 1.1664 0.3656 0.6351 | 0.5814 0.5814 0.2278 | 0.1724 29.0340 25.3042 0.2004 0.4480 0.5872 | 10.113
LOSS FORMAT: SEMANTIC_LOSS MEAN_IOU PIX_ACC | DEPTH_LOSS ABS_ERR REL_ERR | NORMAL_LOSS MEAN MED <11.25 <22.5 <30 | ∆m (test)
Epoch: 0091 | lr=0.0001 | epoch lenth=398 | train time: 77.530 s | method ls | TRAIN: 0.6777 0.4653 0.7130 | 0.3745 0.3745 0.1816 | 0.1623 27.3298 22.2584 0.2448 0.5100 0.6415 || TEST: 1.2127 0.3490 0.6228 | 0.6436 0.6436 0.2712 | 0.1753 29.3085 25.6543 0.2019 0.4420 0.5788 | 14.091
LOSS FORMAT: SEMANTIC_LOSS MEAN_IOU PIX_ACC | DEPTH_LOSS ABS_ERR REL_ERR | NORMAL_LOSS MEAN MED <11.25 <22.5 <30 | ∆m (test)
Epoch: 0092 | lr=0.0001 | epoch lenth=398 | train time: 75.266 s | method ls | TRAIN: 0.6751 0.4590 0.7073 | 0.3755 0.3755 0.1802 | 0.1615 27.2808 22.3296 0.2452 0.5089 0.6407 || TEST: 1.1868 0.3522 0.6233 | 0.5775 0.5775 0.2375 | 0.1668 28.2810 24.2063 0.2173 0.4701 0.6072 | 8.689
LOSS FORMAT: SEMANTIC_LOSS MEAN_IOU PIX_ACC | DEPTH_LOSS ABS_ERR REL_ERR | NORMAL_LOSS MEAN MED <11.25 <22.5 <30 | ∆m (test)
Epoch: 0093 | lr=0.0001 | epoch lenth=398 | train time: 77.602 s | method ls | TRAIN: 0.6477 0.4685 0.7118 | 0.3690 0.3690 0.1801 | 0.1602 27.1304 22.0936 0.2461 0.5131 0.6457 || TEST: 1.2855 0.3294 0.6131 | 0.5746 0.5746 0.2302 | 0.1729 28.9216 24.9016 0.2096 0.4573 0.5920 | 10.653
LOSS FORMAT: SEMANTIC_LOSS MEAN_IOU PIX_ACC | DEPTH_LOSS ABS_ERR REL_ERR | NORMAL_LOSS MEAN MED <11.25 <22.5 <30 | ∆m (test)
Epoch: 0094 | lr=0.0001 | epoch lenth=398 | train time: 77.602 s | method ls | TRAIN: 0.6487 0.4619 0.7066 | 0.3674 0.3674 0.1807 | 0.1599 27.0967 22.0589 0.2478 0.5131 0.6461 || TEST: 1.2153 0.3798 0.6342 | 0.5890 0.5890 0.2542 | 0.1720 29.0097 25.1783 0.2000 0.4490 0.5880 | 10.798
LOSS FORMAT: SEMANTIC_LOSS MEAN_IOU PIX_ACC | DEPTH_LOSS ABS_ERR REL_ERR | NORMAL_LOSS MEAN MED <11.25 <22.5 <30 | ∆m (test)
Epoch: 0095 | lr=0.0001 | epoch lenth=398 | train time: 75.736 s | method ls | TRAIN: 0.6201 0.4883 0.7221 | 0.3668 0.3668 0.1780 | 0.1591 26.9973 21.9248 0.2497 0.5168 0.6485 || TEST: 1.1929 0.3540 0.6294 | 0.6164 0.6164 0.2546 | 0.1736 29.2342 25.4677 0.1926 0.4445 0.5846 | 12.780
LOSS FORMAT: SEMANTIC_LOSS MEAN_IOU PIX_ACC | DEPTH_LOSS ABS_ERR REL_ERR | NORMAL_LOSS MEAN MED <11.25 <22.5 <30 | ∆m (test)
Epoch: 0096 | lr=0.0001 | epoch lenth=398 | train time: 77.039 s | method ls | TRAIN: 0.6246 0.4763 0.7197 | 0.3754 0.3754 0.1787 | 0.1583 26.8957 21.7488 0.2521 0.5196 0.6505 || TEST: 1.2308 0.3639 0.6294 | 0.5770 0.5770 0.2225 | 0.1732 29.1492 25.3266 0.1967 0.4482 0.5861 | 10.193
LOSS FORMAT: SEMANTIC_LOSS MEAN_IOU PIX_ACC | DEPTH_LOSS ABS_ERR REL_ERR | NORMAL_LOSS MEAN MED <11.25 <22.5 <30 | ∆m (test)
Epoch: 0097 | lr=0.0001 | epoch lenth=398 | train time: 77.177 s | method ls | TRAIN: 0.6265 0.4800 0.7192 | 0.3677 0.3677 0.1742 | 0.1590 26.9788 21.9055 0.2498 0.5179 0.6501 || TEST: 1.2139 0.3774 0.6358 | 0.5807 0.5807 0.2455 | 0.1665 28.2347 24.0458 0.2184 0.4731 0.6082 | 7.889
LOSS FORMAT: SEMANTIC_LOSS MEAN_IOU PIX_ACC | DEPTH_LOSS ABS_ERR REL_ERR | NORMAL_LOSS MEAN MED <11.25 <22.5 <30 | ∆m (test)
Epoch: 0098 | lr=0.0001 | epoch lenth=398 | train time: 77.581 s | method ls | TRAIN: 0.6204 0.4821 0.7224 | 0.3662 0.3662 0.1769 | 0.1593 27.0507 22.0696 0.2475 0.5141 0.6467 || TEST: 1.1913 0.3454 0.6279 | 0.5730 0.5730 0.2246 | 0.1709 28.7218 24.7577 0.2135 0.4599 0.5949 | 9.272
LOSS FORMAT: SEMANTIC_LOSS MEAN_IOU PIX_ACC | DEPTH_LOSS ABS_ERR REL_ERR | NORMAL_LOSS MEAN MED <11.25 <22.5 <30 | ∆m (test)
Epoch: 0099 | lr=0.0001 | epoch lenth=398 | train time: 75.451 s | method ls | TRAIN: 0.5968 0.4736 0.7227 | 0.3639 0.3639 0.1749 | 0.1568 26.7716 21.6765 0.2526 0.5211 0.6527 || TEST: 1.2054 0.3729 0.6385 | 0.6107 0.6107 0.2622 | 0.1661 28.0849 23.7634 0.2254 0.4786 0.6127 | 8.462
LOSS FORMAT: SEMANTIC_LOSS MEAN_IOU PIX_ACC | DEPTH_LOSS ABS_ERR REL_ERR | NORMAL_LOSS MEAN MED <11.25 <22.5 <30 | ∆m (test)
Epoch: 0100 | lr=0.0001 | epoch lenth=398 | train time: 76.865 s | method ls | TRAIN: 0.5281 0.5072 0.7406 | 0.3305 0.3305 0.1573 | 0.1524 26.2837 21.1165 0.2599 0.5334 0.6640 || TEST: 1.1876 0.3804 0.6451 | 0.5596 0.5596 0.2226 | 0.1671 28.4617 24.6769 0.2115 0.4598 0.5972 | 7.530
LOSS FORMAT: SEMANTIC_LOSS MEAN_IOU PIX_ACC | DEPTH_LOSS ABS_ERR REL_ERR | NORMAL_LOSS MEAN MED <11.25 <22.5 <30 | ∆m (test)
Epoch: 0101 | lr=0.0001 | epoch lenth=398 | train time: 277.429 s | method ls | TRAIN: 0.4999 0.5214 0.7501 | 0.3314 0.3314 0.1617 | 0.1513 26.1644 20.9843 0.2615 0.5362 0.6667 || TEST: 1.2063 0.3855 0.6503 | 0.5636 0.5636 0.2446 | 0.1624 27.6063 23.1363 0.2377 0.4915 0.6230 | 4.967
LOSS FORMAT: SEMANTIC_LOSS MEAN_IOU PIX_ACC | DEPTH_LOSS ABS_ERR REL_ERR | NORMAL_LOSS MEAN MED <11.25 <22.5 <30 | ∆m (test)
Epoch: 0102 | lr=0.0001 | epoch lenth=398 | train time: 410.381 s | method ls | TRAIN: 0.4970 0.5245 0.7522 | 0.3287 0.3287 0.1574 | 0.1485 25.8288 20.6164 0.2686 0.5438 0.6734 || TEST: 1.1954 0.3896 0.6477 | 0.5569 0.5569 0.2287 | 0.1632 27.7129 23.3291 0.2361 0.4878 0.6192 | 4.503
LOSS FORMAT: SEMANTIC_LOSS MEAN_IOU PIX_ACC | DEPTH_LOSS ABS_ERR REL_ERR | NORMAL_LOSS MEAN MED <11.25 <22.5 <30 | ∆m (test)
Epoch: 0103 | lr=0.0001 | epoch lenth=398 | train time: 85.829 s | method ls | TRAIN: 0.4918 0.5237 0.7519 | 0.3272 0.3272 0.1578 | 0.1486 25.8263 20.5765 0.2692 0.5449 0.6746 || TEST: 1.1872 0.3967 0.6522 | 0.5495 0.5495 0.2256 | 0.1611 27.4615 22.9157 0.2378 0.4956 0.6282 | 3.262
LOSS FORMAT: SEMANTIC_LOSS MEAN_IOU PIX_ACC | DEPTH_LOSS ABS_ERR REL_ERR | NORMAL_LOSS MEAN MED <11.25 <22.5 <30 | ∆m (test)
Epoch: 0104 | lr=0.0001 | epoch lenth=398 | train time: 80.928 s | method ls | TRAIN: 0.4932 0.5304 0.7542 | 0.3270 0.3270 0.1564 | 0.1487 25.7867 20.5520 0.2714 0.5466 0.6759 || TEST: 1.1403 0.3925 0.6518 | 0.5853 0.5853 0.2324 | 0.1674 28.4573 24.5178 0.2106 0.4628 0.6007 | 7.702
LOSS FORMAT: SEMANTIC_LOSS MEAN_IOU PIX_ACC | DEPTH_LOSS ABS_ERR REL_ERR | NORMAL_LOSS MEAN MED <11.25 <22.5 <30 | ∆m (test)
Epoch: 0105 | lr=0.0001 | epoch lenth=398 | train time: 81.349 s | method ls | TRAIN: 0.4872 0.5356 0.7551 | 0.3199 0.3199 0.1540 | 0.1472 25.6674 20.4392 0.2731 0.5478 0.6764 || TEST: 1.2240 0.3811 0.6429 | 0.5986 0.5986 0.2547 | 0.1615 27.6669 23.4220 0.2288 0.4851 0.6202 | 6.893
LOSS FORMAT: SEMANTIC_LOSS MEAN_IOU PIX_ACC | DEPTH_LOSS ABS_ERR REL_ERR | NORMAL_LOSS MEAN MED <11.25 <22.5 <30 | ∆m (test)
Epoch: 0106 | lr=0.0001 | epoch lenth=398 | train time: 83.185 s | method ls | TRAIN: 0.4667 0.5324 0.7551 | 0.3105 0.3105 0.1516 | 0.1477 25.7385 20.4571 0.2696 0.5469 0.6767 || TEST: 1.2398 0.3632 0.6370 | 0.5682 0.5682 0.2370 | 0.1632 27.7938 23.4748 0.2289 0.4843 0.6185 | 6.433
LOSS FORMAT: SEMANTIC_LOSS MEAN_IOU PIX_ACC | DEPTH_LOSS ABS_ERR REL_ERR | NORMAL_LOSS MEAN MED <11.25 <22.5 <30 | ∆m (test)
Epoch: 0107 | lr=0.0001 | epoch lenth=398 | train time: 82.573 s | method ls | TRAIN: 0.4783 0.5180 0.7487 | 0.3206 0.3206 0.1546 | 0.1479 25.7444 20.5115 0.2705 0.5475 0.6768 || TEST: 1.2324 0.3766 0.6410 | 0.6261 0.6261 0.2758 | 0.1656 28.1949 24.1027 0.2170 0.4718 0.6082 | 9.869
LOSS FORMAT: SEMANTIC_LOSS MEAN_IOU PIX_ACC | DEPTH_LOSS ABS_ERR REL_ERR | NORMAL_LOSS MEAN MED <11.25 <22.5 <30 | ∆m (test)
Epoch: 0108 | lr=0.0001 | epoch lenth=398 | train time: 79.996 s | method ls | TRAIN: 0.4518 0.5340 0.7566 | 0.3133 0.3133 0.1505 | 0.1450 25.4427 20.1780 0.2746 0.5544 0.6832 || TEST: 1.2348 0.3878 0.6457 | 0.5787 0.5787 0.2333 | 0.1657 28.2736 24.2545 0.2120 0.4692 0.6065 | 7.370
LOSS FORMAT: SEMANTIC_LOSS MEAN_IOU PIX_ACC | DEPTH_LOSS ABS_ERR REL_ERR | NORMAL_LOSS MEAN MED <11.25 <22.5 <30 | ∆m (test)
Epoch: 0109 | lr=0.0001 | epoch lenth=398 | train time: 79.536 s | method ls | TRAIN: 0.4697 0.5306 0.7552 | 0.3151 0.3151 0.1506 | 0.1468 25.6167 20.3407 0.2736 0.5496 0.6786 || TEST: 1.2668 0.3535 0.6298 | 0.5654 0.5654 0.2267 | 0.1661 28.2462 24.2290 0.2171 0.4694 0.6059 | 7.947
LOSS FORMAT: SEMANTIC_LOSS MEAN_IOU PIX_ACC | DEPTH_LOSS ABS_ERR REL_ERR | NORMAL_LOSS MEAN MED <11.25 <22.5 <30 | ∆m (test)
Epoch: 0110 | lr=0.0001 | epoch lenth=398 | train time: 78.882 s | method ls | TRAIN: 0.4665 0.5179 0.7495 | 0.3102 0.3102 0.1489 | 0.1447 25.4044 20.1119 0.2745 0.5563 0.6844 || TEST: 1.2326 0.3744 0.6373 | 0.5703 0.5703 0.2402 | 0.1717 29.0343 25.2431 0.1946 0.4492 0.5894 | 10.255
LOSS FORMAT: SEMANTIC_LOSS MEAN_IOU PIX_ACC | DEPTH_LOSS ABS_ERR REL_ERR | NORMAL_LOSS MEAN MED <11.25 <22.5 <30 | ∆m (test)
Epoch: 0111 | lr=0.0001 | epoch lenth=398 | train time: 79.202 s | method ls | TRAIN: 0.4472 0.5369 0.7564 | 0.3183 0.3183 0.1520 | 0.1429 25.2058 19.9339 0.2793 0.5595 0.6874 || TEST: 1.2807 0.3818 0.6443 | 0.5947 0.5947 0.2534 | 0.1617 27.6100 23.0743 0.2306 0.4917 0.6257 | 6.224
LOSS FORMAT: SEMANTIC_LOSS MEAN_IOU PIX_ACC | DEPTH_LOSS ABS_ERR REL_ERR | NORMAL_LOSS MEAN MED <11.25 <22.5 <30 | ∆m (test)
Epoch: 0112 | lr=0.0001 | epoch lenth=398 | train time: 85.407 s | method ls | TRAIN: 0.4498 0.5354 0.7590 | 0.3030 0.3030 0.1461 | 0.1444 25.3902 20.1798 0.2738 0.5547 0.6848 || TEST: 1.2126 0.3889 0.6449 | 0.5687 0.5687 0.2319 | 0.1689 28.5836 24.6017 0.2091 0.4623 0.5992 | 7.830
LOSS FORMAT: SEMANTIC_LOSS MEAN_IOU PIX_ACC | DEPTH_LOSS ABS_ERR REL_ERR | NORMAL_LOSS MEAN MED <11.25 <22.5 <30 | ∆m (test)
Epoch: 0113 | lr=0.0001 | epoch lenth=398 | train time: 85.339 s | method ls | TRAIN: 0.4421 0.5416 0.7597 | 0.3063 0.3063 0.1434 | 0.1431 25.2218 19.9590 0.2796 0.5590 0.6872 || TEST: 1.2934 0.3809 0.6387 | 0.5957 0.5957 0.2571 | 0.1588 27.2371 22.6003 0.2391 0.5014 0.6343 | 5.434
LOSS FORMAT: SEMANTIC_LOSS MEAN_IOU PIX_ACC | DEPTH_LOSS ABS_ERR REL_ERR | NORMAL_LOSS MEAN MED <11.25 <22.5 <30 | ∆m (test)
Epoch: 0114 | lr=0.0001 | epoch lenth=398 | train time: 80.188 s | method ls | TRAIN: 0.4404 0.5327 0.7576 | 0.3098 0.3098 0.1498 | 0.1453 25.4578 20.1523 0.2745 0.5539 0.6832 || TEST: 1.2613 0.3737 0.6410 | 0.5706 0.5706 0.2385 | 0.1649 28.0023 23.7429 0.2249 0.4786 0.6131 | 6.753
LOSS FORMAT: SEMANTIC_LOSS MEAN_IOU PIX_ACC | DEPTH_LOSS ABS_ERR REL_ERR | NORMAL_LOSS MEAN MED <11.25 <22.5 <30 | ∆m (test)
Epoch: 0115 | lr=0.0001 | epoch lenth=398 | train time: 79.831 s | method ls | TRAIN: 0.4339 0.5373 0.7600 | 0.3047 0.3047 0.1447 | 0.1425 25.1279 19.7837 0.2811 0.5632 0.6907 || TEST: 1.2324 0.3827 0.6444 | 0.5661 0.5661 0.2367 | 0.1652 28.1418 24.0987 0.2194 0.4718 0.6074 | 6.981
LOSS FORMAT: SEMANTIC_LOSS MEAN_IOU PIX_ACC | DEPTH_LOSS ABS_ERR REL_ERR | NORMAL_LOSS MEAN MED <11.25 <22.5 <30 | ∆m (test)
Epoch: 0116 | lr=0.0001 | epoch lenth=398 | train time: 79.163 s | method ls | TRAIN: 0.4342 0.5430 0.7608 | 0.3049 0.3049 0.1468 | 0.1433 25.2800 20.0546 0.2761 0.5573 0.6867 || TEST: 1.2782 0.3807 0.6455 | 0.5989 0.5989 0.2543 | 0.1627 27.6067 23.1351 0.2373 0.4914 0.6243 | 6.155
LOSS FORMAT: SEMANTIC_LOSS MEAN_IOU PIX_ACC | DEPTH_LOSS ABS_ERR REL_ERR | NORMAL_LOSS MEAN MED <11.25 <22.5 <30 | ∆m (test)
Epoch: 0117 | lr=0.0001 | epoch lenth=398 | train time: 78.167 s | method ls | TRAIN: 0.4178 0.5459 0.7647 | 0.3051 0.3051 0.1460 | 0.1428 25.1833 19.8583 0.2797 0.5610 0.6894 || TEST: 1.2534 0.3926 0.6427 | 0.5614 0.5614 0.2336 | 0.1618 27.6838 23.3690 0.2293 0.4863 0.6207 | 5.035
LOSS FORMAT: SEMANTIC_LOSS MEAN_IOU PIX_ACC | DEPTH_LOSS ABS_ERR REL_ERR | NORMAL_LOSS MEAN MED <11.25 <22.5 <30 | ∆m (test)
Epoch: 0118 | lr=0.0001 | epoch lenth=398 | train time: 79.075 s | method ls | TRAIN: 0.4151 0.5553 0.7646 | 0.2985 0.2985 0.1421 | 0.1420 25.0941 19.7951 0.2811 0.5622 0.6903 || TEST: 1.2561 0.3677 0.6366 | 0.5818 0.5818 0.2418 | 0.1640 27.9756 23.8016 0.2212 0.4783 0.6141 | 7.468
LOSS FORMAT: SEMANTIC_LOSS MEAN_IOU PIX_ACC | DEPTH_LOSS ABS_ERR REL_ERR | NORMAL_LOSS MEAN MED <11.25 <22.5 <30 | ∆m (test)
Epoch: 0119 | lr=0.0001 | epoch lenth=398 | train time: 78.429 s | method ls | TRAIN: 0.4081 0.5387 0.7617 | 0.2983 0.2983 0.1427 | 0.1420 25.0442 19.6063 0.2839 0.5656 0.6925 || TEST: 1.2899 0.3706 0.6392 | 0.5636 0.5636 0.2250 | 0.1654 28.0500 23.8513 0.2250 0.4769 0.6118 | 6.351
LOSS FORMAT: SEMANTIC_LOSS MEAN_IOU PIX_ACC | DEPTH_LOSS ABS_ERR REL_ERR | NORMAL_LOSS MEAN MED <11.25 <22.5 <30 | ∆m (test)
Epoch: 0120 | lr=0.0001 | epoch lenth=398 | train time: 78.144 s | method ls | TRAIN: 0.4169 0.5351 0.7621 | 0.3024 0.3024 0.1458 | 0.1433 25.2326 19.9268 0.2785 0.5604 0.6885 || TEST: 1.2260 0.3965 0.6475 | 0.5966 0.5966 0.2506 | 0.1615 27.6024 23.1738 0.2304 0.4902 0.6253 | 5.759
LOSS FORMAT: SEMANTIC_LOSS MEAN_IOU PIX_ACC | DEPTH_LOSS ABS_ERR REL_ERR | NORMAL_LOSS MEAN MED <11.25 <22.5 <30 | ∆m (test)
Epoch: 0121 | lr=0.0001 | epoch lenth=398 | train time: 76.983 s | method ls | TRAIN: 0.4143 0.5510 0.7662 | 0.3005 0.3005 0.1451 | 0.1418 25.0451 19.6650 0.2830 0.5655 0.6925 || TEST: 1.2569 0.3979 0.6527 | 0.6029 0.6029 0.2559 | 0.1625 27.7871 23.5467 0.2269 0.4826 0.6176 | 6.642
LOSS FORMAT: SEMANTIC_LOSS MEAN_IOU PIX_ACC | DEPTH_LOSS ABS_ERR REL_ERR | NORMAL_LOSS MEAN MED <11.25 <22.5 <30 | ∆m (test)
Epoch: 0122 | lr=0.0001 | epoch lenth=398 | train time: 77.406 s | method ls | TRAIN: 0.4233 0.5490 0.7672 | 0.2995 0.2995 0.1449 | 0.1440 25.3214 20.0215 0.2763 0.5574 0.6868 || TEST: 1.2688 0.3942 0.6497 | 0.5640 0.5640 0.2335 | 0.1640 27.6686 22.9835 0.2368 0.4948 0.6276 | 4.128
LOSS FORMAT: SEMANTIC_LOSS MEAN_IOU PIX_ACC | DEPTH_LOSS ABS_ERR REL_ERR | NORMAL_LOSS MEAN MED <11.25 <22.5 <30 | ∆m (test)
Epoch: 0123 | lr=0.0001 | epoch lenth=398 | train time: 76.828 s | method ls | TRAIN: 0.4150 0.5523 0.7673 | 0.3015 0.3015 0.1457 | 0.1434 25.1838 19.8592 0.2814 0.5630 0.6902 || TEST: 1.2821 0.3584 0.6320 | 0.5791 0.5791 0.2271 | 0.1684 28.5864 24.7539 0.2082 0.4586 0.5970 | 9.147
LOSS FORMAT: SEMANTIC_LOSS MEAN_IOU PIX_ACC | DEPTH_LOSS ABS_ERR REL_ERR | NORMAL_LOSS MEAN MED <11.25 <22.5 <30 | ∆m (test)
Epoch: 0124 | lr=0.0001 | epoch lenth=398 | train time: 77.912 s | method ls | TRAIN: 0.4155 0.5330 0.7588 | 0.2971 0.2971 0.1432 | 0.1418 25.0428 19.6971 0.2825 0.5640 0.6934 || TEST: 1.2667 0.3667 0.6393 | 0.5480 0.5480 0.2173 | 0.1660 28.2507 24.1501 0.2153 0.4699 0.6068 | 6.740
LOSS FORMAT: SEMANTIC_LOSS MEAN_IOU PIX_ACC | DEPTH_LOSS ABS_ERR REL_ERR | NORMAL_LOSS MEAN MED <11.25 <22.5 <30 | ∆m (test)
Epoch: 0125 | lr=0.0001 | epoch lenth=398 | train time: 77.986 s | method ls | TRAIN: 0.3921 0.5508 0.7670 | 0.2930 0.2930 0.1408 | 0.1415 25.0277 19.8027 0.2817 0.5647 0.6933 || TEST: 1.2722 0.3910 0.6513 | 0.5492 0.5492 0.2299 | 0.1622 27.7066 23.4281 0.2310 0.4848 0.6191 | 4.618
LOSS FORMAT: SEMANTIC_LOSS MEAN_IOU PIX_ACC | DEPTH_LOSS ABS_ERR REL_ERR | NORMAL_LOSS MEAN MED <11.25 <22.5 <30 | ∆m (test)
Epoch: 0126 | lr=0.0001 | epoch lenth=398 | train time: 79.363 s | method ls | TRAIN: 0.4013 0.5543 0.7705 | 0.2923 0.2923 0.1407 | 0.1402 24.8831 19.5637 0.2849 0.5682 0.6955 || TEST: 1.2371 0.3945 0.6578 | 0.5720 0.5720 0.2282 | 0.1654 28.0670 23.8170 0.2237 0.4773 0.6116 | 5.633
LOSS FORMAT: SEMANTIC_LOSS MEAN_IOU PIX_ACC | DEPTH_LOSS ABS_ERR REL_ERR | NORMAL_LOSS MEAN MED <11.25 <22.5 <30 | ∆m (test)
Epoch: 0127 | lr=0.0001 | epoch lenth=398 | train time: 83.054 s | method ls | TRAIN: 0.4057 0.5529 0.7729 | 0.2932 0.2932 0.1422 | 0.1419 25.0678 19.7960 0.2822 0.5633 0.6915 || TEST: 1.2731 0.3958 0.6493 | 0.6043 0.6043 0.2569 | 0.1619 27.7023 23.4181 0.2269 0.4853 0.6213 | 6.601
LOSS FORMAT: SEMANTIC_LOSS MEAN_IOU PIX_ACC | DEPTH_LOSS ABS_ERR REL_ERR | NORMAL_LOSS MEAN MED <11.25 <22.5 <30 | ∆m (test)
Epoch: 0128 | lr=0.0001 | epoch lenth=398 | train time: 82.154 s | method ls | TRAIN: 0.3914 0.5612 0.7710 | 0.2904 0.2904 0.1389 | 0.1395 24.8147 19.5019 0.2860 0.5703 0.6973 || TEST: 1.2458 0.4036 0.6550 | 0.5583 0.5583 0.2327 | 0.1606 27.6503 23.4507 0.2244 0.4846 0.6211 | 4.655
LOSS FORMAT: SEMANTIC_LOSS MEAN_IOU PIX_ACC | DEPTH_LOSS ABS_ERR REL_ERR | NORMAL_LOSS MEAN MED <11.25 <22.5 <30 | ∆m (test)
Epoch: 0129 | lr=0.0001 | epoch lenth=398 | train time: 80.397 s | method ls | TRAIN: 0.3887 0.5646 0.7742 | 0.2894 0.2894 0.1394 | 0.1416 25.0160 19.7016 0.2826 0.5664 0.6936 || TEST: 1.2887 0.3916 0.6455 | 0.5547 0.5547 0.2257 | 0.1620 27.7071 23.2942 0.2265 0.4878 0.6222 | 4.611
LOSS FORMAT: SEMANTIC_LOSS MEAN_IOU PIX_ACC | DEPTH_LOSS ABS_ERR REL_ERR | NORMAL_LOSS MEAN MED <11.25 <22.5 <30 | ∆m (test)
Epoch: 0130 | lr=0.0001 | epoch lenth=398 | train time: 83.808 s | method ls | TRAIN: 0.3837 0.5565 0.7711 | 0.2866 0.2866 0.1393 | 0.1395 24.7726 19.3447 0.2870 0.5726 0.6995 || TEST: 1.2483 0.3961 0.6528 | 0.5657 0.5657 0.2421 | 0.1635 27.9792 23.7331 0.2178 0.4789 0.6146 | 6.179
LOSS FORMAT: SEMANTIC_LOSS MEAN_IOU PIX_ACC | DEPTH_LOSS ABS_ERR REL_ERR | NORMAL_LOSS MEAN MED <11.25 <22.5 <30 | ∆m (test)
Epoch: 0131 | lr=0.0001 | epoch lenth=398 | train time: 80.493 s | method ls | TRAIN: 0.3734 0.5600 0.7766 | 0.2838 0.2838 0.1357 | 0.1393 24.7352 19.4215 0.2886 0.5736 0.7002 || TEST: 1.2348 0.3992 0.6501 | 0.5610 0.5610 0.2318 | 0.1592 27.3385 22.9228 0.2362 0.4954 0.6295 | 3.653
LOSS FORMAT: SEMANTIC_LOSS MEAN_IOU PIX_ACC | DEPTH_LOSS ABS_ERR REL_ERR | NORMAL_LOSS MEAN MED <11.25 <22.5 <30 | ∆m (test)
Epoch: 0132 | lr=0.0001 | epoch lenth=398 | train time: 82.207 s | method ls | TRAIN: 0.3646 0.5640 0.7766 | 0.2828 0.2828 0.1368 | 0.1386 24.6409 19.2587 0.2915 0.5764 0.7015 || TEST: 1.3330 0.3834 0.6453 | 0.5837 0.5837 0.2501 | 0.1606 27.4004 22.7846 0.2361 0.4991 0.6329 | 5.124
LOSS FORMAT: SEMANTIC_LOSS MEAN_IOU PIX_ACC | DEPTH_LOSS ABS_ERR REL_ERR | NORMAL_LOSS MEAN MED <11.25 <22.5 <30 | ∆m (test)
Epoch: 0133 | lr=0.0001 | epoch lenth=398 | train time: 80.623 s | method ls | TRAIN: 0.3584 0.5608 0.7750 | 0.2845 0.2845 0.1336 | 0.1379 24.6387 19.3342 0.2878 0.5737 0.7017 || TEST: 1.2913 0.4062 0.6559 | 0.5448 0.5448 0.2243 | 0.1591 27.1826 22.5155 0.2449 0.5032 0.6342 | 1.930
LOSS FORMAT: SEMANTIC_LOSS MEAN_IOU PIX_ACC | DEPTH_LOSS ABS_ERR REL_ERR | NORMAL_LOSS MEAN MED <11.25 <22.5 <30 | ∆m (test)
Epoch: 0134 | lr=0.0001 | epoch lenth=398 | train time: 79.583 s | method ls | TRAIN: 0.3676 0.5719 0.7792 | 0.2779 0.2779 0.1346 | 0.1394 24.7633 19.4117 0.2875 0.5724 0.6993 || TEST: 1.2795 0.3943 0.6503 | 0.5625 0.5625 0.2401 | 0.1609 27.5866 23.2665 0.2310 0.4884 0.6219 | 4.905
LOSS FORMAT: SEMANTIC_LOSS MEAN_IOU PIX_ACC | DEPTH_LOSS ABS_ERR REL_ERR | NORMAL_LOSS MEAN MED <11.25 <22.5 <30 | ∆m (test)
Epoch: 0135 | lr=0.0001 | epoch lenth=398 | train time: 79.709 s | method ls | TRAIN: 0.3765 0.5618 0.7747 | 0.2814 0.2814 0.1345 | 0.1391 24.7019 19.2802 0.2900 0.5748 0.7007 || TEST: 1.2800 0.3852 0.6453 | 0.5635 0.5635 0.2303 | 0.1639 27.9723 23.7564 0.2208 0.4790 0.6143 | 6.020
LOSS FORMAT: SEMANTIC_LOSS MEAN_IOU PIX_ACC | DEPTH_LOSS ABS_ERR REL_ERR | NORMAL_LOSS MEAN MED <11.25 <22.5 <30 | ∆m (test)
Epoch: 0136 | lr=0.0001 | epoch lenth=398 | train time: 79.423 s | method ls | TRAIN: 0.3719 0.5617 0.7726 | 0.2809 0.2809 0.1355 | 0.1388 24.6560 19.2602 0.2923 0.5758 0.7013 || TEST: 1.3734 0.3631 0.6293 | 0.5733 0.5733 0.2371 | 0.1626 27.5529 23.0008 0.2392 0.4950 0.6278 | 5.541
LOSS FORMAT: SEMANTIC_LOSS MEAN_IOU PIX_ACC | DEPTH_LOSS ABS_ERR REL_ERR | NORMAL_LOSS MEAN MED <11.25 <22.5 <30 | ∆m (test)
Epoch: 0137 | lr=0.0001 | epoch lenth=398 | train time: 80.231 s | method ls | TRAIN: 0.3539 0.5532 0.7693 | 0.2785 0.2785 0.1305 | 0.1348 24.2829 18.9588 0.2954 0.5823 0.7085 || TEST: 1.3177 0.3732 0.6342 | 0.5773 0.5773 0.2236 | 0.1637 27.8484 23.4924 0.2270 0.4840 0.6183 | 5.925
LOSS FORMAT: SEMANTIC_LOSS MEAN_IOU PIX_ACC | DEPTH_LOSS ABS_ERR REL_ERR | NORMAL_LOSS MEAN MED <11.25 <22.5 <30 | ∆m (test)
Epoch: 0138 | lr=0.0001 | epoch lenth=398 | train time: 79.776 s | method ls | TRAIN: 0.3646 0.5535 0.7693 | 0.2843 0.2843 0.1396 | 0.1378 24.5820 19.1514 0.2915 0.5771 0.7027 || TEST: 1.2758 0.3868 0.6484 | 0.5596 0.5596 0.2347 | 0.1602 27.5163 23.1696 0.2293 0.4910 0.6264 | 4.748
LOSS FORMAT: SEMANTIC_LOSS MEAN_IOU PIX_ACC | DEPTH_LOSS ABS_ERR REL_ERR | NORMAL_LOSS MEAN MED <11.25 <22.5 <30 | ∆m (test)
Epoch: 0139 | lr=0.0001 | epoch lenth=398 | train time: 79.970 s | method ls | TRAIN: 0.3468 0.5673 0.7786 | 0.2829 0.2829 0.1337 | 0.1358 24.3629 19.0224 0.2953 0.5809 0.7072 || TEST: 1.2647 0.3947 0.6508 | 0.5480 0.5480 0.2283 | 0.1619 27.7096 23.5847 0.2291 0.4824 0.6178 | 4.665
LOSS FORMAT: SEMANTIC_LOSS MEAN_IOU PIX_ACC | DEPTH_LOSS ABS_ERR REL_ERR | NORMAL_LOSS MEAN MED <11.25 <22.5 <30 | ∆m (test)
Epoch: 0140 | lr=0.0001 | epoch lenth=398 | train time: 80.008 s | method ls | TRAIN: 0.3501 0.5644 0.7791 | 0.2782 0.2782 0.1324 | 0.1362 24.3456 18.9270 0.2986 0.5832 0.7071 || TEST: 1.2949 0.3751 0.6433 | 0.5546 0.5546 0.2305 | 0.1645 28.0018 23.8603 0.2241 0.4760 0.6123 | 6.252
LOSS FORMAT: SEMANTIC_LOSS MEAN_IOU PIX_ACC | DEPTH_LOSS ABS_ERR REL_ERR | NORMAL_LOSS MEAN MED <11.25 <22.5 <30 | ∆m (test)
Epoch: 0141 | lr=0.0001 | epoch lenth=398 | train time: 78.779 s | method ls | TRAIN: 0.3525 0.5571 0.7760 | 0.2801 0.2801 0.1340 | 0.1373 24.5452 19.2003 0.2914 0.5764 0.7033 || TEST: 1.3227 0.3852 0.6465 | 0.5868 0.5868 0.2521 | 0.1600 27.3772 22.9275 0.2379 0.4955 0.6292 | 5.319
LOSS FORMAT: SEMANTIC_LOSS MEAN_IOU PIX_ACC | DEPTH_LOSS ABS_ERR REL_ERR | NORMAL_LOSS MEAN MED <11.25 <22.5 <30 | ∆m (test)
Epoch: 0142 | lr=0.0001 | epoch lenth=398 | train time: 78.960 s | method ls | TRAIN: 0.3412 0.5682 0.7793 | 0.2749 0.2749 0.1308 | 0.1365 24.4497 19.0881 0.2920 0.5795 0.7061 || TEST: 1.3257 0.3993 0.6548 | 0.5588 0.5588 0.2410 | 0.1592 27.1995 22.5890 0.2447 0.5024 0.6337 | 3.128
LOSS FORMAT: SEMANTIC_LOSS MEAN_IOU PIX_ACC | DEPTH_LOSS ABS_ERR REL_ERR | NORMAL_LOSS MEAN MED <11.25 <22.5 <30 | ∆m (test)
Epoch: 0143 | lr=0.0001 | epoch lenth=398 | train time: 77.134 s | method ls | TRAIN: 0.3658 0.5630 0.7784 | 0.2757 0.2757 0.1331 | 0.1370 24.5079 19.1303 0.2922 0.5779 0.7045 || TEST: 1.3209 0.3785 0.6418 | 0.5696 0.5696 0.2477 | 0.1611 27.5603 23.2022 0.2334 0.4894 0.6229 | 5.763
LOSS FORMAT: SEMANTIC_LOSS MEAN_IOU PIX_ACC | DEPTH_LOSS ABS_ERR REL_ERR | NORMAL_LOSS MEAN MED <11.25 <22.5 <30 | ∆m (test)
Epoch: 0144 | lr=0.0001 | epoch lenth=398 | train time: 76.943 s | method ls | TRAIN: 0.3365 0.5594 0.7777 | 0.2750 0.2750 0.1310 | 0.1361 24.3701 18.9367 0.2956 0.5826 0.7076 || TEST: 1.2818 0.4051 0.6539 | 0.5696 0.5696 0.2408 | 0.1588 27.2059 22.5241 0.2398 0.5036 0.6358 | 3.237
LOSS FORMAT: SEMANTIC_LOSS MEAN_IOU PIX_ACC | DEPTH_LOSS ABS_ERR REL_ERR | NORMAL_LOSS MEAN MED <11.25 <22.5 <30 | ∆m (test)
Epoch: 0145 | lr=0.0001 | epoch lenth=398 | train time: 75.736 s | method ls | TRAIN: 0.3419 0.5780 0.7821 | 0.2750 0.2750 0.1334 | 0.1360 24.3763 18.9461 0.2947 0.5824 0.7076 || TEST: 1.2667 0.4053 0.6582 | 0.5571 0.5571 0.2272 | 0.1650 28.0878 23.9323 0.2211 0.4751 0.6106 | 5.259
LOSS FORMAT: SEMANTIC_LOSS MEAN_IOU PIX_ACC | DEPTH_LOSS ABS_ERR REL_ERR | NORMAL_LOSS MEAN MED <11.25 <22.5 <30 | ∆m (test)
Epoch: 0146 | lr=0.0001 | epoch lenth=398 | train time: 76.106 s | method ls | TRAIN: 0.3557 0.5754 0.7816 | 0.2756 0.2756 0.1318 | 0.1369 24.4927 19.1091 0.2914 0.5791 0.7056 || TEST: 1.3193 0.3670 0.6402 | 0.5528 0.5528 0.2259 | 0.1630 27.8450 23.6220 0.2254 0.4813 0.6165 | 5.898
LOSS FORMAT: SEMANTIC_LOSS MEAN_IOU PIX_ACC | DEPTH_LOSS ABS_ERR REL_ERR | NORMAL_LOSS MEAN MED <11.25 <22.5 <30 | ∆m (test)
Epoch: 0147 | lr=0.0001 | epoch lenth=398 | train time: 76.076 s | method ls | TRAIN: 0.3323 0.5630 0.7781 | 0.2729 0.2729 0.1321 | 0.1341 24.1641 18.7923 0.2988 0.5869 0.7125 || TEST: 1.3213 0.3841 0.6458 | 0.6069 0.6069 0.2619 | 0.1635 27.8119 23.4097 0.2289 0.4854 0.6192 | 7.249
LOSS FORMAT: SEMANTIC_LOSS MEAN_IOU PIX_ACC | DEPTH_LOSS ABS_ERR REL_ERR | NORMAL_LOSS MEAN MED <11.25 <22.5 <30 | ∆m (test)
Epoch: 0148 | lr=0.0001 | epoch lenth=398 | train time: 76.317 s | method ls | TRAIN: 0.3327 0.5722 0.7802 | 0.2728 0.2728 0.1303 | 0.1344 24.2003 18.8870 0.2978 0.5854 0.7115 || TEST: 1.2965 0.3793 0.6482 | 0.5878 0.5878 0.2501 | 0.1649 27.8378 23.3867 0.2367 0.4860 0.6177 | 6.281
LOSS FORMAT: SEMANTIC_LOSS MEAN_IOU PIX_ACC | DEPTH_LOSS ABS_ERR REL_ERR | NORMAL_LOSS MEAN MED <11.25 <22.5 <30 | ∆m (test)
Epoch: 0149 | lr=0.0001 | epoch lenth=398 | train time: 81.584 s | method ls | TRAIN: 0.3329 0.5686 0.7810 | 0.2695 0.2695 0.1292 | 0.1329 24.0495 18.6858 0.3000 0.5895 0.7149 || TEST: 1.3264 0.3912 0.6474 | 0.5626 0.5626 0.2399 | 0.1576 26.9657 22.2082 0.2495 0.5100 0.6408 | 2.748
LOSS FORMAT: SEMANTIC_LOSS MEAN_IOU PIX_ACC | DEPTH_LOSS ABS_ERR REL_ERR | NORMAL_LOSS MEAN MED <11.25 <22.5 <30 | ∆m (test)
Epoch: 0150 | lr=0.0001 | epoch lenth=398 | train time: 76.352 s | method ls | TRAIN: 0.3331 0.5725 0.7802 | 0.2695 0.2695 0.1308 | 0.1345 24.1975 18.7734 0.2989 0.5859 0.7108 || TEST: 1.2951 0.3850 0.6433 | 0.5560 0.5560 0.2318 | 0.1627 27.7988 23.5422 0.2265 0.4826 0.6172 | 5.465
LOSS FORMAT: SEMANTIC_LOSS MEAN_IOU PIX_ACC | DEPTH_LOSS ABS_ERR REL_ERR | NORMAL_LOSS MEAN MED <11.25 <22.5 <30 | ∆m (test)
Epoch: 0151 | lr=0.0001 | epoch lenth=398 | train time: 79.303 s | method ls | TRAIN: 0.3394 0.5683 0.7777 | 0.2695 0.2695 0.1314 | 0.1356 24.3144 18.9009 0.2961 0.5844 0.7094 || TEST: 1.3172 0.3902 0.6500 | 0.5741 0.5741 0.2459 | 0.1619 27.6320 23.2611 0.2331 0.4876 0.6215 | 5.417
LOSS FORMAT: SEMANTIC_LOSS MEAN_IOU PIX_ACC | DEPTH_LOSS ABS_ERR REL_ERR | NORMAL_LOSS MEAN MED <11.25 <22.5 <30 | ∆m (test)
Epoch: 0152 | lr=0.0001 | epoch lenth=398 | train time: 78.360 s | method ls | TRAIN: 0.3170 0.5754 0.7851 | 0.2652 0.2652 0.1283 | 0.1332 24.0315 18.5827 0.3027 0.5909 0.7144 || TEST: 1.3352 0.3710 0.6345 | 0.5767 0.5767 0.2485 | 0.1657 28.1850 24.0848 0.2184 0.4722 0.6084 | 8.165
LOSS FORMAT: SEMANTIC_LOSS MEAN_IOU PIX_ACC | DEPTH_LOSS ABS_ERR REL_ERR | NORMAL_LOSS MEAN MED <11.25 <22.5 <30 | ∆m (test)
Epoch: 0153 | lr=0.0001 | epoch lenth=398 | train time: 75.621 s | method ls | TRAIN: 0.3312 0.5630 0.7749 | 0.2667 0.2667 0.1268 | 0.1348 24.2613 18.8466 0.2952 0.5856 0.7111 || TEST: 1.2765 0.4018 0.6581 | 0.5719 0.5719 0.2349 | 0.1625 27.5663 23.0698 0.2388 0.4921 0.6249 | 3.967
LOSS FORMAT: SEMANTIC_LOSS MEAN_IOU PIX_ACC | DEPTH_LOSS ABS_ERR REL_ERR | NORMAL_LOSS MEAN MED <11.25 <22.5 <30 | ∆m (test)
Epoch: 0154 | lr=0.0001 | epoch lenth=398 | train time: 76.312 s | method ls | TRAIN: 0.3194 0.5791 0.7881 | 0.2642 0.2642 0.1272 | 0.1341 24.1512 18.7867 0.2994 0.5872 0.7128 || TEST: 1.2977 0.3988 0.6494 | 0.5504 0.5504 0.2266 | 0.1653 28.2959 24.3715 0.2079 0.4662 0.6058 | 6.551
LOSS FORMAT: SEMANTIC_LOSS MEAN_IOU PIX_ACC | DEPTH_LOSS ABS_ERR REL_ERR | NORMAL_LOSS MEAN MED <11.25 <22.5 <30 | ∆m (test)
Epoch: 0155 | lr=0.0001 | epoch lenth=398 | train time: 76.973 s | method ls | TRAIN: 0.3236 0.5769 0.7828 | 0.2631 0.2631 0.1260 | 0.1346 24.2368 18.9163 0.2967 0.5849 0.7106 || TEST: 1.3471 0.3799 0.6392 | 0.5737 0.5737 0.2429 | 0.1630 27.7416 23.2779 0.2314 0.4877 0.6200 | 5.915
LOSS FORMAT: SEMANTIC_LOSS MEAN_IOU PIX_ACC | DEPTH_LOSS ABS_ERR REL_ERR | NORMAL_LOSS MEAN MED <11.25 <22.5 <30 | ∆m (test)
Epoch: 0156 | lr=0.0001 | epoch lenth=398 | train time: 76.420 s | method ls | TRAIN: 0.3196 0.5705 0.7793 | 0.2682 0.2682 0.1312 | 0.1343 24.1709 18.7753 0.2993 0.5877 0.7126 || TEST: 1.3340 0.4016 0.6569 | 0.5712 0.5712 0.2433 | 0.1630 27.7869 23.4156 0.2275 0.4857 0.6197 | 5.243
LOSS FORMAT: SEMANTIC_LOSS MEAN_IOU PIX_ACC | DEPTH_LOSS ABS_ERR REL_ERR | NORMAL_LOSS MEAN MED <11.25 <22.5 <30 | ∆m (test)
Epoch: 0157 | lr=0.0001 | epoch lenth=398 | train time: 77.503 s | method ls | TRAIN: 0.3058 0.5867 0.7897 | 0.2630 0.2630 0.1264 | 0.1320 23.8893 18.4351 0.3058 0.5945 0.7176 || TEST: 1.3783 0.3734 0.6427 | 0.5815 0.5815 0.2503 | 0.1625 27.5702 22.9856 0.2367 0.4945 0.6271 | 5.785
LOSS FORMAT: SEMANTIC_LOSS MEAN_IOU PIX_ACC | DEPTH_LOSS ABS_ERR REL_ERR | NORMAL_LOSS MEAN MED <11.25 <22.5 <30 | ∆m (test)
Epoch: 0158 | lr=0.0001 | epoch lenth=398 | train time: 76.639 s | method ls | TRAIN: 0.3093 0.5662 0.7826 | 0.2669 0.2669 0.1279 | 0.1321 23.9187 18.4414 0.3046 0.5928 0.7166 || TEST: 1.3485 0.3855 0.6429 | 0.5512 0.5512 0.2314 | 0.1624 27.7373 23.5043 0.2299 0.4841 0.6183 | 5.141
LOSS FORMAT: SEMANTIC_LOSS MEAN_IOU PIX_ACC | DEPTH_LOSS ABS_ERR REL_ERR | NORMAL_LOSS MEAN MED <11.25 <22.5 <30 | ∆m (test)
Epoch: 0159 | lr=0.0001 | epoch lenth=398 | train time: 76.803 s | method ls | TRAIN: 0.3082 0.5767 0.7830 | 0.2623 0.2623 0.1261 | 0.1305 23.7351 18.3141 0.3078 0.5976 0.7214 || TEST: 1.4354 0.3658 0.6348 | 0.5666 0.5666 0.2355 | 0.1648 28.0921 24.0227 0.2199 0.4738 0.6093 | 7.444
LOSS FORMAT: SEMANTIC_LOSS MEAN_IOU PIX_ACC | DEPTH_LOSS ABS_ERR REL_ERR | NORMAL_LOSS MEAN MED <11.25 <22.5 <30 | ∆m (test)
Epoch: 0160 | lr=0.0001 | epoch lenth=398 | train time: 79.135 s | method ls | TRAIN: 0.3176 0.5606 0.7775 | 0.2640 0.2640 0.1247 | 0.1317 23.8902 18.4664 0.3029 0.5943 0.7189 || TEST: 1.3996 0.3872 0.6453 | 0.5711 0.5711 0.2380 | 0.1605 27.2829 22.6012 0.2467 0.5018 0.6322 | 3.732
LOSS FORMAT: SEMANTIC_LOSS MEAN_IOU PIX_ACC | DEPTH_LOSS ABS_ERR REL_ERR | NORMAL_LOSS MEAN MED <11.25 <22.5 <30 | ∆m (test)
Epoch: 0161 | lr=0.0001 | epoch lenth=398 | train time: 77.748 s | method ls | TRAIN: 0.3036 0.5814 0.7849 | 0.2646 0.2646 0.1262 | 0.1313 23.8352 18.4451 0.3049 0.5946 0.7190 || TEST: 1.3295 0.3886 0.6494 | 0.5954 0.5954 0.2551 | 0.1591 27.2926 22.7592 0.2388 0.4985 0.6312 | 5.171
LOSS FORMAT: SEMANTIC_LOSS MEAN_IOU PIX_ACC | DEPTH_LOSS ABS_ERR REL_ERR | NORMAL_LOSS MEAN MED <11.25 <22.5 <30 | ∆m (test)
Epoch: 0162 | lr=0.0001 | epoch lenth=398 | train time: 78.157 s | method ls | TRAIN: 0.2911 0.5809 0.7884 | 0.2609 0.2609 0.1249 | 0.1305 23.7677 18.3573 0.3042 0.5971 0.7211 || TEST: 1.3436 0.3976 0.6503 | 0.5819 0.5819 0.2450 | 0.1608 27.3448 22.5957 0.2409 0.5020 0.6336 | 4.012
LOSS FORMAT: SEMANTIC_LOSS MEAN_IOU PIX_ACC | DEPTH_LOSS ABS_ERR REL_ERR | NORMAL_LOSS MEAN MED <11.25 <22.5 <30 | ∆m (test)
Epoch: 0163 | lr=0.0001 | epoch lenth=398 | train time: 78.059 s | method ls | TRAIN: 0.2928 0.5874 0.7890 | 0.2598 0.2598 0.1248 | 0.1308 23.7499 18.3207 0.3079 0.5976 0.7215 || TEST: 1.4025 0.3832 0.6500 | 0.5782 0.5782 0.2461 | 0.1615 27.3784 22.6502 0.2440 0.5007 0.6320 | 4.405
LOSS FORMAT: SEMANTIC_LOSS MEAN_IOU PIX_ACC | DEPTH_LOSS ABS_ERR REL_ERR | NORMAL_LOSS MEAN MED <11.25 <22.5 <30 | ∆m (test)
Epoch: 0164 | lr=0.0001 | epoch lenth=398 | train time: 77.747 s | method ls | TRAIN: 0.3039 0.5807 0.7870 | 0.2566 0.2566 0.1235 | 0.1312 23.7987 18.3525 0.3073 0.5964 0.7195 || TEST: 1.3802 0.3720 0.6426 | 0.5497 0.5497 0.2280 | 0.1663 28.2018 23.9344 0.2164 0.4747 0.6124 | 6.611
LOSS FORMAT: SEMANTIC_LOSS MEAN_IOU PIX_ACC | DEPTH_LOSS ABS_ERR REL_ERR | NORMAL_LOSS MEAN MED <11.25 <22.5 <30 | ∆m (test)
Epoch: 0165 | lr=0.0001 | epoch lenth=398 | train time: 76.699 s | method ls | TRAIN: 0.3015 0.5753 0.7836 | 0.2577 0.2577 0.1243 | 0.1308 23.7810 18.3007 0.3061 0.5964 0.7201 || TEST: 1.3685 0.3733 0.6429 | 0.5423 0.5423 0.2227 | 0.1618 27.4911 22.8625 0.2390 0.4967 0.6287 | 3.778
LOSS FORMAT: SEMANTIC_LOSS MEAN_IOU PIX_ACC | DEPTH_LOSS ABS_ERR REL_ERR | NORMAL_LOSS MEAN MED <11.25 <22.5 <30 | ∆m (test)
Epoch: 0166 | lr=0.0001 | epoch lenth=398 | train time: 77.591 s | method ls | TRAIN: 0.3114 0.5742 0.7822 | 0.2580 0.2580 0.1230 | 0.1298 23.6798 18.2918 0.3069 0.5994 0.7229 || TEST: 1.3517 0.3955 0.6543 | 0.5778 0.5778 0.2455 | 0.1563 26.9099 22.2638 0.2464 0.5085 0.6417 | 3.113
LOSS FORMAT: SEMANTIC_LOSS MEAN_IOU PIX_ACC | DEPTH_LOSS ABS_ERR REL_ERR | NORMAL_LOSS MEAN MED <11.25 <22.5 <30 | ∆m (test)
Epoch: 0167 | lr=0.0001 | epoch lenth=398 | train time: 76.161 s | method ls | TRAIN: 0.2936 0.5896 0.7906 | 0.2559 0.2559 0.1226 | 0.1298 23.6770 18.2659 0.3065 0.6000 0.7236 || TEST: 1.3688 0.3960 0.6521 | 0.5477 0.5477 0.2254 | 0.1613 27.6127 23.3462 0.2329 0.4867 0.6206 | 4.037
LOSS FORMAT: SEMANTIC_LOSS MEAN_IOU PIX_ACC | DEPTH_LOSS ABS_ERR REL_ERR | NORMAL_LOSS MEAN MED <11.25 <22.5 <30 | ∆m (test)
Epoch: 0168 | lr=0.0001 | epoch lenth=398 | train time: 75.755 s | method ls | TRAIN: 0.2908 0.5890 0.7903 | 0.2570 0.2570 0.1238 | 0.1311 23.8104 18.3772 0.3045 0.5973 0.7215 || TEST: 1.3985 0.3919 0.6499 | 0.5627 0.5627 0.2392 | 0.1603 27.4306 22.9016 0.2342 0.4962 0.6297 | 4.275
LOSS FORMAT: SEMANTIC_LOSS MEAN_IOU PIX_ACC | DEPTH_LOSS ABS_ERR REL_ERR | NORMAL_LOSS MEAN MED <11.25 <22.5 <30 | ∆m (test)
Epoch: 0169 | lr=0.0001 | epoch lenth=398 | train time: 76.749 s | method ls | TRAIN: 0.2959 0.5812 0.7891 | 0.2614 0.2614 0.1226 | 0.1285 23.5146 18.0872 0.3114 0.6034 0.7256 || TEST: 1.3810 0.3991 0.6538 | 0.5671 0.5671 0.2378 | 0.1592 27.1975 22.5069 0.2443 0.5039 0.6348 | 3.081
LOSS FORMAT: SEMANTIC_LOSS MEAN_IOU PIX_ACC | DEPTH_LOSS ABS_ERR REL_ERR | NORMAL_LOSS MEAN MED <11.25 <22.5 <30 | ∆m (test)
Epoch: 0170 | lr=0.0001 | epoch lenth=398 | train time: 77.375 s | method ls | TRAIN: 0.2924 0.5869 0.7902 | 0.2555 0.2555 0.1229 | 0.1304 23.7643 18.3726 0.3047 0.5964 0.7211 || TEST: 1.3408 0.3939 0.6509 | 0.5568 0.5568 0.2252 | 0.1614 27.6135 23.1554 0.2284 0.4908 0.6262 | 4.143
LOSS FORMAT: SEMANTIC_LOSS MEAN_IOU PIX_ACC | DEPTH_LOSS ABS_ERR REL_ERR | NORMAL_LOSS MEAN MED <11.25 <22.5 <30 | ∆m (test)
Epoch: 0171 | lr=0.0001 | epoch lenth=398 | train time: 78.376 s | method ls | TRAIN: 0.2998 0.5832 0.7874 | 0.2567 0.2567 0.1249 | 0.1305 23.7077 18.2522 0.3092 0.5998 0.7222 || TEST: 1.3437 0.3929 0.6520 | 0.5543 0.5543 0.2266 | 0.1625 27.6465 23.1823 0.2348 0.4902 0.6226 | 4.036
LOSS FORMAT: SEMANTIC_LOSS MEAN_IOU PIX_ACC | DEPTH_LOSS ABS_ERR REL_ERR | NORMAL_LOSS MEAN MED <11.25 <22.5 <30 | ∆m (test)
Epoch: 0172 | lr=0.0001 | epoch lenth=398 | train time: 80.942 s | method ls | TRAIN: 0.2885 0.5908 0.7906 | 0.2537 0.2537 0.1208 | 0.1301 23.6914 18.2536 0.3080 0.5993 0.7224 || TEST: 1.3769 0.3822 0.6448 | 0.5699 0.5699 0.2423 | 0.1603 27.3654 22.8524 0.2414 0.4967 0.6282 | 4.579
LOSS FORMAT: SEMANTIC_LOSS MEAN_IOU PIX_ACC | DEPTH_LOSS ABS_ERR REL_ERR | NORMAL_LOSS MEAN MED <11.25 <22.5 <30 | ∆m (test)
Epoch: 0173 | lr=0.0001 | epoch lenth=398 | train time: 78.025 s | method ls | TRAIN: 0.2859 0.5814 0.7877 | 0.2494 0.2494 0.1217 | 0.1308 23.7714 18.3004 0.3057 0.5980 0.7213 || TEST: 1.2964 0.4125 0.6594 | 0.5491 0.5491 0.2291 | 0.1601 27.3304 22.7143 0.2404 0.4992 0.6317 | 2.414
LOSS FORMAT: SEMANTIC_LOSS MEAN_IOU PIX_ACC | DEPTH_LOSS ABS_ERR REL_ERR | NORMAL_LOSS MEAN MED <11.25 <22.5 <30 | ∆m (test)
Epoch: 0174 | lr=0.0001 | epoch lenth=398 | train time: 78.083 s | method ls | TRAIN: 0.2837 0.6016 0.7948 | 0.2499 0.2499 0.1191 | 0.1295 23.6236 18.1930 0.3096 0.6008 0.7239 || TEST: 1.3612 0.3960 0.6427 | 0.5537 0.5537 0.2363 | 0.1600 27.3674 22.8216 0.2380 0.4973 0.6298 | 3.780
LOSS FORMAT: SEMANTIC_LOSS MEAN_IOU PIX_ACC | DEPTH_LOSS ABS_ERR REL_ERR | NORMAL_LOSS MEAN MED <11.25 <22.5 <30 | ∆m (test)
Epoch: 0175 | lr=0.0001 | epoch lenth=398 | train time: 80.352 s | method ls | TRAIN: 0.2958 0.5838 0.7848 | 0.2522 0.2522 0.1218 | 0.1305 23.7530 18.3443 0.3052 0.5979 0.7217 || TEST: 1.3765 0.3861 0.6478 | 0.5590 0.5590 0.2402 | 0.1620 27.5252 22.9754 0.2392 0.4947 0.6259 | 4.447
LOSS FORMAT: SEMANTIC_LOSS MEAN_IOU PIX_ACC | DEPTH_LOSS ABS_ERR REL_ERR | NORMAL_LOSS MEAN MED <11.25 <22.5 <30 | ∆m (test)
Epoch: 0176 | lr=0.0001 | epoch lenth=398 | train time: 77.163 s | method ls | TRAIN: 0.2782 0.5854 0.7904 | 0.2596 0.2596 0.1261 | 0.1297 23.6473 18.2272 0.3077 0.6006 0.7241 || TEST: 1.3049 0.4023 0.6631 | 0.5480 0.5480 0.2357 | 0.1607 27.5439 23.2758 0.2345 0.4874 0.6209 | 3.933
LOSS FORMAT: SEMANTIC_LOSS MEAN_IOU PIX_ACC | DEPTH_LOSS ABS_ERR REL_ERR | NORMAL_LOSS MEAN MED <11.25 <22.5 <30 | ∆m (test)
Epoch: 0177 | lr=0.0001 | epoch lenth=398 | train time: 77.593 s | method ls | TRAIN: 0.2749 0.5996 0.7985 | 0.2475 0.2475 0.1188 | 0.1278 23.4396 17.9815 0.3108 0.6061 0.7286 || TEST: 1.4015 0.3883 0.6438 | 0.5929 0.5929 0.2552 | 0.1630 27.5027 22.7520 0.2445 0.4988 0.6289 | 5.152
LOSS FORMAT: SEMANTIC_LOSS MEAN_IOU PIX_ACC | DEPTH_LOSS ABS_ERR REL_ERR | NORMAL_LOSS MEAN MED <11.25 <22.5 <30 | ∆m (test)
Epoch: 0178 | lr=0.0001 | epoch lenth=398 | train time: 78.794 s | method ls | TRAIN: 0.2766 0.5870 0.7886 | 0.2542 0.2542 0.1198 | 0.1273 23.3791 17.9071 0.3123 0.6076 0.7300 || TEST: 1.2945 0.4064 0.6601 | 0.5699 0.5699 0.2442 | 0.1604 27.4449 23.0385 0.2368 0.4926 0.6263 | 4.110
LOSS FORMAT: SEMANTIC_LOSS MEAN_IOU PIX_ACC | DEPTH_LOSS ABS_ERR REL_ERR | NORMAL_LOSS MEAN MED <11.25 <22.5 <30 | ∆m (test)
Epoch: 0179 | lr=0.0001 | epoch lenth=398 | train time: 77.279 s | method ls | TRAIN: 0.2829 0.5939 0.7952 | 0.2508 0.2508 0.1195 | 0.1278 23.4147 17.9734 0.3144 0.6056 0.7273 || TEST: 1.3562 0.3981 0.6543 | 0.5556 0.5556 0.2340 | 0.1615 27.3932 22.6563 0.2444 0.5001 0.6308 | 3.065
LOSS FORMAT: SEMANTIC_LOSS MEAN_IOU PIX_ACC | DEPTH_LOSS ABS_ERR REL_ERR | NORMAL_LOSS MEAN MED <11.25 <22.5 <30 | ∆m (test)
Epoch: 0180 | lr=0.0001 | epoch lenth=398 | train time: 76.387 s | method ls | TRAIN: 0.2708 0.5925 0.7945 | 0.2482 0.2482 0.1199 | 0.1289 23.5618 18.1382 0.3107 0.6021 0.7253 || TEST: 1.3505 0.4221 0.6707 | 0.5760 0.5760 0.2469 | 0.1596 27.1906 22.4631 0.2468 0.5045 0.6348 | 2.494
LOSS FORMAT: SEMANTIC_LOSS MEAN_IOU PIX_ACC | DEPTH_LOSS ABS_ERR REL_ERR | NORMAL_LOSS MEAN MED <11.25 <22.5 <30 | ∆m (test)
Epoch: 0181 | lr=0.0001 | epoch lenth=398 | train time: 77.139 s | method ls | TRAIN: 0.2693 0.6083 0.8026 | 0.2513 0.2513 0.1228 | 0.1285 23.4994 18.0468 0.3117 0.6045 0.7270 || TEST: 1.3135 0.4094 0.6548 | 0.5469 0.5469 0.2252 | 0.1608 27.5296 23.2118 0.2338 0.4896 0.6237 | 3.328
LOSS FORMAT: SEMANTIC_LOSS MEAN_IOU PIX_ACC | DEPTH_LOSS ABS_ERR REL_ERR | NORMAL_LOSS MEAN MED <11.25 <22.5 <30 | ∆m (test)
Epoch: 0182 | lr=0.0001 | epoch lenth=398 | train time: 77.764 s | method ls | TRAIN: 0.2686 0.6020 0.7958 | 0.2463 0.2463 0.1196 | 0.1287 23.5089 18.0393 0.3110 0.6060 0.7279 || TEST: 1.3900 0.3797 0.6407 | 0.5453 0.5453 0.2266 | 0.1655 28.1464 24.0688 0.2193 0.4731 0.6096 | 6.317
LOSS FORMAT: SEMANTIC_LOSS MEAN_IOU PIX_ACC | DEPTH_LOSS ABS_ERR REL_ERR | NORMAL_LOSS MEAN MED <11.25 <22.5 <30 | ∆m (test)
Epoch: 0183 | lr=0.0001 | epoch lenth=398 | train time: 79.521 s | method ls | TRAIN: 0.2761 0.5785 0.7875 | 0.2518 0.2518 0.1193 | 0.1266 23.3182 17.9286 0.3135 0.6076 0.7304 || TEST: 1.3843 0.4052 0.6519 | 0.5377 0.5377 0.2236 | 0.1606 27.4966 23.1325 0.2348 0.4912 0.6251 | 3.134
LOSS FORMAT: SEMANTIC_LOSS MEAN_IOU PIX_ACC | DEPTH_LOSS ABS_ERR REL_ERR | NORMAL_LOSS MEAN MED <11.25 <22.5 <30 | ∆m (test)
Epoch: 0184 | lr=0.0001 | epoch lenth=398 | train time: 77.493 s | method ls | TRAIN: 0.2778 0.5941 0.7925 | 0.2472 0.2472 0.1172 | 0.1255 23.1775 17.7248 0.3171 0.6118 0.7331 || TEST: 1.3663 0.3917 0.6523 | 0.5471 0.5471 0.2275 | 0.1635 27.6009 22.8727 0.2403 0.4962 0.6272 | 3.389
LOSS FORMAT: SEMANTIC_LOSS MEAN_IOU PIX_ACC | DEPTH_LOSS ABS_ERR REL_ERR | NORMAL_LOSS MEAN MED <11.25 <22.5 <30 | ∆m (test)
Epoch: 0185 | lr=0.0001 | epoch lenth=398 | train time: 77.366 s | method ls | TRAIN: 0.2706 0.5912 0.7938 | 0.2442 0.2442 0.1166 | 0.1274 23.3807 17.9664 0.3129 0.6067 0.7299 || TEST: 1.3498 0.4007 0.6568 | 0.5951 0.5951 0.2540 | 0.1627 27.6884 23.2731 0.2330 0.4886 0.6218 | 5.676
LOSS FORMAT: SEMANTIC_LOSS MEAN_IOU PIX_ACC | DEPTH_LOSS ABS_ERR REL_ERR | NORMAL_LOSS MEAN MED <11.25 <22.5 <30 | ∆m (test)
Epoch: 0186 | lr=0.0001 | epoch lenth=398 | train time: 79.651 s | method ls | TRAIN: 0.2571 0.6006 0.7986 | 0.2407 0.2407 0.1147 | 0.1252 23.1268 17.6358 0.3174 0.6140 0.7353 || TEST: 1.4392 0.3904 0.6399 | 0.5397 0.5397 0.2211 | 0.1669 28.3527 24.3019 0.2141 0.4679 0.6043 | 6.310
LOSS FORMAT: SEMANTIC_LOSS MEAN_IOU PIX_ACC | DEPTH_LOSS ABS_ERR REL_ERR | NORMAL_LOSS MEAN MED <11.25 <22.5 <30 | ∆m (test)
Epoch: 0187 | lr=0.0001 | epoch lenth=398 | train time: 77.575 s | method ls | TRAIN: 0.2836 0.5900 0.7854 | 0.2448 0.2448 0.1173 | 0.1269 23.3212 17.8712 0.3148 0.6098 0.7311 || TEST: 1.4097 0.3874 0.6443 | 0.5571 0.5571 0.2373 | 0.1582 27.2924 22.8452 0.2320 0.4974 0.6326 | 4.250
LOSS FORMAT: SEMANTIC_LOSS MEAN_IOU PIX_ACC | DEPTH_LOSS ABS_ERR REL_ERR | NORMAL_LOSS MEAN MED <11.25 <22.5 <30 | ∆m (test)
Epoch: 0188 | lr=0.0001 | epoch lenth=398 | train time: 82.532 s | method ls | TRAIN: 0.2679 0.5899 0.7910 | 0.2446 0.2446 0.1172 | 0.1251 23.1144 17.6624 0.3189 0.6148 0.7351 || TEST: 1.2851 0.4100 0.6631 | 0.5482 0.5482 0.2329 | 0.1637 27.9403 23.7900 0.2239 0.4778 0.6132 | 4.772
LOSS FORMAT: SEMANTIC_LOSS MEAN_IOU PIX_ACC | DEPTH_LOSS ABS_ERR REL_ERR | NORMAL_LOSS MEAN MED <11.25 <22.5 <30 | ∆m (test)
Epoch: 0189 | lr=0.0001 | epoch lenth=398 | train time: 81.365 s | method ls | TRAIN: 0.2554 0.6052 0.8011 | 0.2414 0.2414 0.1155 | 0.1263 23.2500 17.7952 0.3160 0.6110 0.7327 || TEST: 1.3824 0.3955 0.6564 | 0.5656 0.5656 0.2412 | 0.1596 27.4081 23.0694 0.2343 0.4932 0.6276 | 4.361
LOSS FORMAT: SEMANTIC_LOSS MEAN_IOU PIX_ACC | DEPTH_LOSS ABS_ERR REL_ERR | NORMAL_LOSS MEAN MED <11.25 <22.5 <30 | ∆m (test)
Epoch: 0190 | lr=0.0001 | epoch lenth=398 | train time: 78.205 s | method ls | TRAIN: 0.2529 0.6029 0.7985 | 0.2429 0.2429 0.1159 | 0.1253 23.1698 17.7907 0.3167 0.6114 0.7337 || TEST: 1.3569 0.4089 0.6626 | 0.5601 0.5601 0.2411 | 0.1582 27.0352 22.2659 0.2486 0.5086 0.6393 | 2.129
LOSS FORMAT: SEMANTIC_LOSS MEAN_IOU PIX_ACC | DEPTH_LOSS ABS_ERR REL_ERR | NORMAL_LOSS MEAN MED <11.25 <22.5 <30 | ∆m (test)
Epoch: 0191 | lr=0.0001 | epoch lenth=398 | train time: 76.396 s | method ls | TRAIN: 0.2478 0.6083 0.8025 | 0.2453 0.2453 0.1166 | 0.1247 23.0134 17.5627 0.3244 0.6166 0.7365 || TEST: 1.4781 0.3610 0.6390 | 0.5963 0.5963 0.2589 | 0.1591 27.2529 22.7390 0.2413 0.4996 0.6321 | 6.163
LOSS FORMAT: SEMANTIC_LOSS MEAN_IOU PIX_ACC | DEPTH_LOSS ABS_ERR REL_ERR | NORMAL_LOSS MEAN MED <11.25 <22.5 <30 | ∆m (test)
Epoch: 0192 | lr=0.0001 | epoch lenth=398 | train time: 78.633 s | method ls | TRAIN: 0.2656 0.5801 0.7883 | 0.2465 0.2465 0.1191 | 0.1250 23.1129 17.7074 0.3177 0.6142 0.7358 || TEST: 1.4166 0.3711 0.6409 | 0.5516 0.5516 0.2225 | 0.1599 27.3420 22.7828 0.2381 0.4980 0.6320 | 3.863
LOSS FORMAT: SEMANTIC_LOSS MEAN_IOU PIX_ACC | DEPTH_LOSS ABS_ERR REL_ERR | NORMAL_LOSS MEAN MED <11.25 <22.5 <30 | ∆m (test)
Epoch: 0193 | lr=0.0001 | epoch lenth=398 | train time: 77.322 s | method ls | TRAIN: 0.2561 0.5832 0.7908 | 0.2440 0.2440 0.1152 | 0.1252 23.1384 17.6471 0.3171 0.6142 0.7357 || TEST: 1.3770 0.3994 0.6548 | 0.5526 0.5526 0.2318 | 0.1579 26.9578 22.0892 0.2508 0.5131 0.6427 | 1.680
LOSS FORMAT: SEMANTIC_LOSS MEAN_IOU PIX_ACC | DEPTH_LOSS ABS_ERR REL_ERR | NORMAL_LOSS MEAN MED <11.25 <22.5 <30 | ∆m (test)
Epoch: 0194 | lr=0.0001 | epoch lenth=398 | train time: 78.215 s | method ls | TRAIN: 0.2453 0.6037 0.7993 | 0.2417 0.2417 0.1157 | 0.1245 23.0338 17.5265 0.3197 0.6172 0.7375 || TEST: 1.4332 0.3996 0.6594 | 0.6016 0.6016 0.2603 | 0.1589 27.0785 22.3089 0.2488 0.5079 0.6389 | 3.961
LOSS FORMAT: SEMANTIC_LOSS MEAN_IOU PIX_ACC | DEPTH_LOSS ABS_ERR REL_ERR | NORMAL_LOSS MEAN MED <11.25 <22.5 <30 | ∆m (test)
Epoch: 0195 | lr=0.0001 | epoch lenth=398 | train time: 101.127 s | method ls | TRAIN: 0.2632 0.5989 0.7982 | 0.2445 0.2445 0.1163 | 0.1254 23.1109 17.5774 0.3199 0.6157 0.7361 || TEST: 1.3174 0.4114 0.6663 | 0.5325 0.5325 0.2132 | 0.1606 27.3455 22.7347 0.2426 0.4990 0.6308 | 1.373
LOSS FORMAT: SEMANTIC_LOSS MEAN_IOU PIX_ACC | DEPTH_LOSS ABS_ERR REL_ERR | NORMAL_LOSS MEAN MED <11.25 <22.5 <30 | ∆m (test)
Epoch: 0196 | lr=0.0001 | epoch lenth=398 | train time: 104.049 s | method ls | TRAIN: 0.2518 0.6099 0.8034 | 0.2372 0.2372 0.1125 | 0.1250 23.1109 17.6999 0.3180 0.6129 0.7356 || TEST: 1.3934 0.3855 0.6484 | 0.5666 0.5666 0.2402 | 0.1634 27.8135 23.5475 0.2302 0.4832 0.6171 | 5.741
LOSS FORMAT: SEMANTIC_LOSS MEAN_IOU PIX_ACC | DEPTH_LOSS ABS_ERR REL_ERR | NORMAL_LOSS MEAN MED <11.25 <22.5 <30 | ∆m (test)
Epoch: 0197 | lr=0.0001 | epoch lenth=398 | train time: 76.770 s | method ls | TRAIN: 0.2444 0.5988 0.7967 | 0.2432 0.2432 0.1166 | 0.1238 22.9574 17.4913 0.3216 0.6180 0.7391 || TEST: 1.3832 0.4041 0.6547 | 0.5598 0.5598 0.2394 | 0.1613 27.5305 23.1612 0.2346 0.4913 0.6257 | 4.140
LOSS FORMAT: SEMANTIC_LOSS MEAN_IOU PIX_ACC | DEPTH_LOSS ABS_ERR REL_ERR | NORMAL_LOSS MEAN MED <11.25 <22.5 <30 | ∆m (test)
Epoch: 0198 | lr=0.0001 | epoch lenth=398 | train time: 76.752 s | method ls | TRAIN: 0.2381 0.6098 0.8006 | 0.2428 0.2428 0.1147 | 0.1225 22.8379 17.4128 0.3231 0.6206 0.7413 || TEST: 1.3358 0.3991 0.6592 | 0.6001 0.6001 0.2617 | 0.1605 27.5372 23.3168 0.2328 0.4874 0.6224 | 6.046
LOSS FORMAT: SEMANTIC_LOSS MEAN_IOU PIX_ACC | DEPTH_LOSS ABS_ERR REL_ERR | NORMAL_LOSS MEAN MED <11.25 <22.5 <30 | ∆m (test)
Epoch: 0199 | lr=0.0001 | epoch lenth=398 | train time: 77.007 s | method ls | TRAIN: 0.2366 0.6078 0.8026 | 0.2376 0.2376 0.1122 | 0.1227 22.7992 17.3657 0.3264 0.6235 0.7424 || TEST: 1.4089 0.3933 0.6520 | 0.5485 0.5485 0.2335 | 0.1566 26.9676 22.3878 0.2465 0.5055 0.6381 | 2.465
Training finished. ['1.8014 0.9003 44.6651', '1.7347 0.8394 42.5046', '1.7145 1.2310 42.1892', '1.6577 0.8629 39.3013', '1.6965 0.8547 39.3884', '1.6241 0.7919 37.7278', '1.6298 0.8724 38.2388', '1.5707 0.7895 36.5664', '1.5479 0.8329 36.1762', '1.5035 0.7237 34.7655', '1.5664 0.7616 36.0109', '1.5223 0.7995 34.9032', '1.5233 0.7411 34.8738', '1.4958 0.7165 34.7527', '1.4588 0.7227 34.4848', '1.4738 0.7189 33.1999', '1.4336 0.7883 32.9196', '1.4317 0.7194 33.2555', '1.4240 0.6817 32.3287', '1.4574 0.7123 33.5556', '1.3844 0.7464 32.0179', '1.3520 0.6996 32.0860', '1.3323 0.6799 31.8727', '1.3339 0.6861 31.8810', '1.4410 0.7857 32.3832', '1.3121 0.7505 31.6465', '1.2688 0.6417 31.0971', '1.2942 0.6766 31.4335', '1.2848 0.6485 31.6580', '1.2906 0.6670 31.7120', '1.3012 0.6456 31.4727', '1.2758 0.7041 31.5666', '1.2578 0.6828 31.2962', '1.2986 0.6888 31.4123', '1.2761 0.6360 31.1187', '1.2286 0.6599 30.9386', '1.2409 0.6624 31.3462', '1.2523 0.6742 30.4180', '1.2136 0.6400 30.7688', '1.2005 0.6433 30.8503', '1.2061 0.6165 30.3423', '1.1781 0.6433 30.5558', '1.1955 0.7108 30.4624', '1.2211 0.7608 29.8056', '1.1891 0.6275 29.9880', '1.1880 0.6795 29.9669', '1.2049 0.7284 30.3867', '1.1764 0.6579 29.6218', '1.2479 0.6024 30.0380', '1.1720 0.6049 29.4353', '1.1647 0.6261 30.2213', '1.1835 0.5960 29.5488', '1.2216 0.6030 29.7876', '1.1614 0.6080 30.0506', '1.2028 0.6235 29.2665', '1.1199 0.6540 29.3798', '1.2126 0.6408 29.2210', '1.1595 0.7371 29.4192', '1.1614 0.5767 29.5451', '1.1409 0.5796 29.7423', '1.1568 0.5898 29.4494', '1.1824 0.5901 29.5988', '1.2153 0.6170 29.2344', '1.1830 0.6268 29.8643', '1.1821 0.5856 29.1514', '1.1906 0.5865 29.2858', '1.1835 0.6168 29.3721', '1.1367 0.6022 29.8527', '1.1508 0.5855 28.9343', '1.1982 0.6054 29.1898', '1.1477 0.5873 28.6606', '1.1688 0.5729 28.8905', '1.1642 0.6005 28.5230', '1.1618 0.6069 29.4218', '1.1558 0.5691 29.5338', '1.2084 0.5813 29.1853', '1.1944 0.6471 28.9071', '1.1782 0.6032 28.8382', '1.2000 0.5791 29.1055', '1.1103 0.5609 28.7257', '1.1890 0.6390 29.3450', '1.2165 0.6672 28.7468', '1.2441 0.6054 28.9506', '1.1740 0.5757 29.3317', '1.2402 0.5764 29.2529', '1.2710 0.5978 29.0327', '1.2465 0.5785 28.6866', '1.2158 0.5911 28.7303', '1.2388 0.6224 28.4203', '1.2444 0.5949 29.4364', '1.1664 0.5814 29.0340', '1.2127 0.6436 29.3085', '1.1868 0.5775 28.2810', '1.2855 0.5746 28.9216', '1.2153 0.5890 29.0097', '1.1929 0.6164 29.2342', '1.2308 0.5770 29.1492', '1.2139 0.5807 28.2347', '1.1913 0.5730 28.7218', '1.2054 0.6107 28.0849', '1.1876 0.5596 28.4617', '1.2063 0.5636 27.6063', '1.1954 0.5569 27.7129', '1.1872 0.5495 27.4615', '1.1403 0.5853 28.4573', '1.2240 0.5986 27.6669', '1.2398 0.5682 27.7938', '1.2324 0.6261 28.1949', '1.2348 0.5787 28.2736', '1.2668 0.5654 28.2462', '1.2326 0.5703 29.0343', '1.2807 0.5947 27.6100', '1.2126 0.5687 28.5836', '1.2934 0.5957 27.2371', '1.2613 0.5706 28.0023', '1.2324 0.5661 28.1418', '1.2782 0.5989 27.6067', '1.2534 0.5614 27.6838', '1.2561 0.5818 27.9756', '1.2899 0.5636 28.0500', '1.2260 0.5966 27.6024', '1.2569 0.6029 27.7871', '1.2688 0.5640 27.6686', '1.2821 0.5791 28.5864', '1.2667 0.5480 28.2507', '1.2722 0.5492 27.7066', '1.2371 0.5720 28.0670', '1.2731 0.6043 27.7023', '1.2458 0.5583 27.6503', '1.2887 0.5547 27.7071', '1.2483 0.5657 27.9792', '1.2348 0.5610 27.3385', '1.3330 0.5837 27.4004', '1.2913 0.5448 27.1826', '1.2795 0.5625 27.5866', '1.2800 0.5635 27.9723', '1.3734 0.5733 27.5529', '1.3177 0.5773 27.8484', '1.2758 0.5596 27.5163', '1.2647 0.5480 27.7096', '1.2949 0.5546 28.0018', '1.3227 0.5868 27.3772', '1.3257 0.5588 27.1995', '1.3209 0.5696 27.5603', '1.2818 0.5696 27.2059', '1.2667 0.5571 28.0878', '1.3193 0.5528 27.8450', '1.3213 0.6069 27.8119', '1.2965 0.5878 27.8378', '1.3264 0.5626 26.9657', '1.2951 0.5560 27.7988', '1.3172 0.5741 27.6320', '1.3352 0.5767 28.1850', '1.2765 0.5719 27.5663', '1.2977 0.5504 28.2959', '1.3471 0.5737 27.7416', '1.3340 0.5712 27.7869', '1.3783 0.5815 27.5702', '1.3485 0.5512 27.7373', '1.4354 0.5666 28.0921', '1.3996 0.5711 27.2829', '1.3295 0.5954 27.2926', '1.3436 0.5819 27.3448', '1.4025 0.5782 27.3784', '1.3802 0.5497 28.2018', '1.3685 0.5423 27.4911', '1.3517 0.5778 26.9099', '1.3688 0.5477 27.6127', '1.3985 0.5627 27.4306', '1.3810 0.5671 27.1975', '1.3408 0.5568 27.6135', '1.3437 0.5543 27.6465', '1.3769 0.5699 27.3654', '1.2964 0.5491 27.3304', '1.3612 0.5537 27.3674', '1.3765 0.5590 27.5252', '1.3049 0.5480 27.5439', '1.4015 0.5929 27.5027', '1.2945 0.5699 27.4449', '1.3562 0.5556 27.3932', '1.3505 0.5760 27.1906', '1.3135 0.5469 27.5296', '1.3900 0.5453 28.1464', '1.3843 0.5377 27.4966', '1.3663 0.5471 27.6009', '1.3498 0.5951 27.6884', '1.4392 0.5397 28.3527', '1.4097 0.5571 27.2924', '1.2851 0.5482 27.9403', '1.3824 0.5656 27.4081', '1.3569 0.5601 27.0352', '1.4781 0.5963 27.2529', '1.4166 0.5516 27.3420', '1.3770 0.5526 26.9578', '1.4332 0.6016 27.0785', '1.3174 0.5325 27.3455', '1.3934 0.5666 27.8135', '1.3832 0.5598 27.5305', '1.3358 0.6001 27.5372', '1.4089 0.5485 26.9676']
