Defaulting to user installation because normal site-packages is not writeable
Looking in indexes: https://pypi.org/simple, https://download.pytorch.org/whl/cu113
Requirement already satisfied: torch==1.12.1+cu113 in /home/mx6835/.local/lib/python3.10/site-packages (1.12.1+cu113)
Requirement already satisfied: torchvision==0.13.1+cu113 in /home/mx6835/.local/lib/python3.10/site-packages (0.13.1+cu113)
Requirement already satisfied: torchaudio==0.12.1 in /home/mx6835/.local/lib/python3.10/site-packages (0.12.1+cu113)
Requirement already satisfied: typing-extensions in /home/mx6835/.local/lib/python3.10/site-packages (from torch==1.12.1+cu113) (4.7.1)
Requirement already satisfied: numpy in /home/mx6835/.local/lib/python3.10/site-packages (from torchvision==0.13.1+cu113) (1.25.2)
Requirement already satisfied: pillow!=8.3.*,>=5.3.0 in /home/mx6835/.local/lib/python3.10/site-packages (from torchvision==0.13.1+cu113) (10.1.0)
Requirement already satisfied: requests in /home/mx6835/.local/lib/python3.10/site-packages (from torchvision==0.13.1+cu113) (2.31.0)
Requirement already satisfied: charset-normalizer<4,>=2 in /home/mx6835/.local/lib/python3.10/site-packages (from requests->torchvision==0.13.1+cu113) (3.2.0)
Requirement already satisfied: urllib3<3,>=1.21.1 in /home/mx6835/.local/lib/python3.10/site-packages (from requests->torchvision==0.13.1+cu113) (2.0.4)
Requirement already satisfied: idna<4,>=2.5 in /home/mx6835/.local/lib/python3.10/site-packages (from requests->torchvision==0.13.1+cu113) (3.4)
Requirement already satisfied: certifi>=2017.4.17 in /home/mx6835/.local/lib/python3.10/site-packages (from requests->torchvision==0.13.1+cu113) (2023.7.22)
Defaulting to user installation because normal site-packages is not writeable
Obtaining file:///home/mx6835/acdemic/MM/MTL-main
  Preparing metadata (setup.py): started
  Preparing metadata (setup.py): finished with status 'done'
Requirement already satisfied: matplotlib>=3.2.1 in /home/mx6835/.local/lib/python3.10/site-packages (from mtl==1.0.0) (3.8.0)
Requirement already satisfied: numpy>=1.18.2 in /home/mx6835/.local/lib/python3.10/site-packages (from mtl==1.0.0) (1.25.2)
Requirement already satisfied: cvxpy in /home/mx6835/.local/lib/python3.10/site-packages (from mtl==1.0.0) (1.4.3)
Requirement already satisfied: tqdm>=4.45.0 in /home/mx6835/.local/lib/python3.10/site-packages (from mtl==1.0.0) (4.66.1)
Requirement already satisfied: pandas in /home/mx6835/.local/lib/python3.10/site-packages (from mtl==1.0.0) (2.1.0)
Requirement already satisfied: scikit-learn in /home/mx6835/.local/lib/python3.10/site-packages (from mtl==1.0.0) (1.0.2)
Requirement already satisfied: seaborn in /home/mx6835/.local/lib/python3.10/site-packages (from mtl==1.0.0) (0.13.2)
Requirement already satisfied: wandb==0.12.21 in /home/mx6835/.local/lib/python3.10/site-packages (from mtl==1.0.0) (0.12.21)
Requirement already satisfied: plotly in /home/mx6835/.local/lib/python3.10/site-packages (from mtl==1.0.0) (5.20.0)
Requirement already satisfied: torch_geometric in /home/mx6835/.local/lib/python3.10/site-packages (from mtl==1.0.0) (2.5.2)
Requirement already satisfied: promise<3,>=2.0 in /home/mx6835/.local/lib/python3.10/site-packages (from wandb==0.12.21->mtl==1.0.0) (2.3)
Requirement already satisfied: protobuf<4.0dev,>=3.12.0 in /home/mx6835/.local/lib/python3.10/site-packages (from wandb==0.12.21->mtl==1.0.0) (3.20.3)
Requirement already satisfied: shortuuid>=0.5.0 in /home/mx6835/.local/lib/python3.10/site-packages (from wandb==0.12.21->mtl==1.0.0) (1.0.13)
Requirement already satisfied: GitPython>=1.0.0 in /home/mx6835/.local/lib/python3.10/site-packages (from wandb==0.12.21->mtl==1.0.0) (3.1.43)
Requirement already satisfied: setproctitle in /home/mx6835/.local/lib/python3.10/site-packages (from wandb==0.12.21->mtl==1.0.0) (1.3.3)
Requirement already satisfied: Click!=8.0.0,>=7.0 in /home/mx6835/.local/lib/python3.10/site-packages (from wandb==0.12.21->mtl==1.0.0) (8.1.7)
Requirement already satisfied: sentry-sdk>=1.0.0 in /home/mx6835/.local/lib/python3.10/site-packages (from wandb==0.12.21->mtl==1.0.0) (1.45.0)
Requirement already satisfied: pathtools in /home/mx6835/.local/lib/python3.10/site-packages (from wandb==0.12.21->mtl==1.0.0) (0.1.2)
Requirement already satisfied: PyYAML in /home/mx6835/.local/lib/python3.10/site-packages (from wandb==0.12.21->mtl==1.0.0) (6.0.1)
Requirement already satisfied: requests<3,>=2.0.0 in /home/mx6835/.local/lib/python3.10/site-packages (from wandb==0.12.21->mtl==1.0.0) (2.31.0)
Requirement already satisfied: setuptools in /home/mx6835/.local/lib/python3.10/site-packages (from wandb==0.12.21->mtl==1.0.0) (69.1.0)
Requirement already satisfied: psutil>=5.0.0 in /home/mx6835/.local/lib/python3.10/site-packages (from wandb==0.12.21->mtl==1.0.0) (5.9.5)
Requirement already satisfied: six>=1.13.0 in /home/mx6835/.local/lib/python3.10/site-packages (from wandb==0.12.21->mtl==1.0.0) (1.16.0)
Requirement already satisfied: docker-pycreds>=0.4.0 in /home/mx6835/.local/lib/python3.10/site-packages (from wandb==0.12.21->mtl==1.0.0) (0.4.0)
Requirement already satisfied: fonttools>=4.22.0 in /home/mx6835/.local/lib/python3.10/site-packages (from matplotlib>=3.2.1->mtl==1.0.0) (4.43.1)
Requirement already satisfied: contourpy>=1.0.1 in /home/mx6835/.local/lib/python3.10/site-packages (from matplotlib>=3.2.1->mtl==1.0.0) (1.1.1)
Requirement already satisfied: kiwisolver>=1.0.1 in /home/mx6835/.local/lib/python3.10/site-packages (from matplotlib>=3.2.1->mtl==1.0.0) (1.4.5)
Requirement already satisfied: pyparsing>=2.3.1 in /home/mx6835/.local/lib/python3.10/site-packages (from matplotlib>=3.2.1->mtl==1.0.0) (3.1.1)
Requirement already satisfied: python-dateutil>=2.7 in /home/mx6835/.local/lib/python3.10/site-packages (from matplotlib>=3.2.1->mtl==1.0.0) (2.8.2)
Requirement already satisfied: packaging>=20.0 in /home/mx6835/.local/lib/python3.10/site-packages (from matplotlib>=3.2.1->mtl==1.0.0) (23.1)
Requirement already satisfied: pillow>=6.2.0 in /home/mx6835/.local/lib/python3.10/site-packages (from matplotlib>=3.2.1->mtl==1.0.0) (10.1.0)
Requirement already satisfied: cycler>=0.10 in /home/mx6835/.local/lib/python3.10/site-packages (from matplotlib>=3.2.1->mtl==1.0.0) (0.12.1)
Requirement already satisfied: osqp>=0.6.2 in /home/mx6835/.local/lib/python3.10/site-packages (from cvxpy->mtl==1.0.0) (0.6.5)
Requirement already satisfied: scipy>=1.1.0 in /home/mx6835/.local/lib/python3.10/site-packages (from cvxpy->mtl==1.0.0) (1.11.2)
Requirement already satisfied: clarabel>=0.5.0 in /home/mx6835/.local/lib/python3.10/site-packages (from cvxpy->mtl==1.0.0) (0.7.1)
Requirement already satisfied: ecos>=2 in /home/mx6835/.local/lib/python3.10/site-packages (from cvxpy->mtl==1.0.0) (2.0.13)
Requirement already satisfied: pybind11 in /home/mx6835/.local/lib/python3.10/site-packages (from cvxpy->mtl==1.0.0) (2.12.0)
Requirement already satisfied: scs>=3.0 in /home/mx6835/.local/lib/python3.10/site-packages (from cvxpy->mtl==1.0.0) (3.2.4.post1)
Requirement already satisfied: tzdata>=2022.1 in /home/mx6835/.local/lib/python3.10/site-packages (from pandas->mtl==1.0.0) (2023.3)
Requirement already satisfied: pytz>=2020.1 in /home/mx6835/.local/lib/python3.10/site-packages (from pandas->mtl==1.0.0) (2023.3)
Requirement already satisfied: tenacity>=6.2.0 in /home/mx6835/.local/lib/python3.10/site-packages (from plotly->mtl==1.0.0) (8.2.3)
Requirement already satisfied: threadpoolctl>=2.0.0 in /home/mx6835/.local/lib/python3.10/site-packages (from scikit-learn->mtl==1.0.0) (3.2.0)
Requirement already satisfied: joblib>=0.11 in /home/mx6835/.local/lib/python3.10/site-packages (from scikit-learn->mtl==1.0.0) (1.3.2)
Requirement already satisfied: jinja2 in /home/mx6835/.local/lib/python3.10/site-packages (from torch_geometric->mtl==1.0.0) (3.1.2)
Requirement already satisfied: aiohttp in /home/mx6835/.local/lib/python3.10/site-packages (from torch_geometric->mtl==1.0.0) (3.8.5)
Requirement already satisfied: fsspec in /home/mx6835/.local/lib/python3.10/site-packages (from torch_geometric->mtl==1.0.0) (2023.6.0)
Requirement already satisfied: gitdb<5,>=4.0.1 in /home/mx6835/.local/lib/python3.10/site-packages (from GitPython>=1.0.0->wandb==0.12.21->mtl==1.0.0) (4.0.11)
Requirement already satisfied: qdldl in /home/mx6835/.local/lib/python3.10/site-packages (from osqp>=0.6.2->cvxpy->mtl==1.0.0) (0.1.7.post1)
Requirement already satisfied: idna<4,>=2.5 in /home/mx6835/.local/lib/python3.10/site-packages (from requests<3,>=2.0.0->wandb==0.12.21->mtl==1.0.0) (3.4)
Requirement already satisfied: certifi>=2017.4.17 in /home/mx6835/.local/lib/python3.10/site-packages (from requests<3,>=2.0.0->wandb==0.12.21->mtl==1.0.0) (2023.7.22)
Requirement already satisfied: charset-normalizer<4,>=2 in /home/mx6835/.local/lib/python3.10/site-packages (from requests<3,>=2.0.0->wandb==0.12.21->mtl==1.0.0) (3.2.0)
Requirement already satisfied: urllib3<3,>=1.21.1 in /home/mx6835/.local/lib/python3.10/site-packages (from requests<3,>=2.0.0->wandb==0.12.21->mtl==1.0.0) (2.0.4)
Requirement already satisfied: attrs>=17.3.0 in /home/mx6835/.local/lib/python3.10/site-packages (from aiohttp->torch_geometric->mtl==1.0.0) (23.1.0)
Requirement already satisfied: yarl<2.0,>=1.0 in /home/mx6835/.local/lib/python3.10/site-packages (from aiohttp->torch_geometric->mtl==1.0.0) (1.9.2)
Requirement already satisfied: multidict<7.0,>=4.5 in /home/mx6835/.local/lib/python3.10/site-packages (from aiohttp->torch_geometric->mtl==1.0.0) (6.0.4)
Requirement already satisfied: frozenlist>=1.1.1 in /home/mx6835/.local/lib/python3.10/site-packages (from aiohttp->torch_geometric->mtl==1.0.0) (1.4.0)
Requirement already satisfied: async-timeout<5.0,>=4.0.0a3 in /home/mx6835/.local/lib/python3.10/site-packages (from aiohttp->torch_geometric->mtl==1.0.0) (4.0.3)
Requirement already satisfied: aiosignal>=1.1.2 in /home/mx6835/.local/lib/python3.10/site-packages (from aiohttp->torch_geometric->mtl==1.0.0) (1.3.1)
Requirement already satisfied: MarkupSafe>=2.0 in /home/mx6835/.local/lib/python3.10/site-packages (from jinja2->torch_geometric->mtl==1.0.0) (2.1.3)
Requirement already satisfied: smmap<6,>=3.0.1 in /home/mx6835/.local/lib/python3.10/site-packages (from gitdb<5,>=4.0.1->GitPython>=1.0.0->wandb==0.12.21->mtl==1.0.0) (5.0.1)
Installing collected packages: mtl
  Attempting uninstall: mtl
    Found existing installation: mtl 1.0.0
    Uninstalling mtl-1.0.0:
      Successfully uninstalled mtl-1.0.0
  Running setup.py develop for mtl
Successfully installed mtl-1.0.0
LOSS FORMAT: SEMANTIC_LOSS MEAN_IOU PIX_ACC | DEPTH_LOSS ABS_ERR REL_ERR | NORMAL_LOSS MEAN MED <11.25 <22.5 <30 | ∆m (test)
Epoch: 0000 | lr=0.0001 | epoch lenth=398 | train time: 190.551 s | method famo | TRAIN: 1.9719 0.0749 0.3436 | 0.8788 0.8592 0.3963 | 0.3627 46.1156 44.3779 0.0388 0.1505 0.2594 || TEST: 1.8051 0.1014 0.3793 | 0.9196 0.9196 0.3479 | 0.3141 43.1915 42.1387 0.0454 0.1697 0.2880 | 64.557
LOSS FORMAT: SEMANTIC_LOSS MEAN_IOU PIX_ACC | DEPTH_LOSS ABS_ERR REL_ERR | NORMAL_LOSS MEAN MED <11.25 <22.5 <30 | ∆m (test)
Epoch: 0001 | lr=0.0001 | epoch lenth=398 | train time: 92.638 s | method famo | TRAIN: 1.7876 0.0995 0.3914 | 0.8343 0.8190 0.3756 | 0.3082 41.6578 39.7161 0.0591 0.2184 0.3439 || TEST: 1.7344 0.1079 0.4005 | 0.8357 0.8357 0.3414 | 0.2843 40.2100 38.3626 0.0639 0.2401 0.3685 | 55.507
LOSS FORMAT: SEMANTIC_LOSS MEAN_IOU PIX_ACC | DEPTH_LOSS ABS_ERR REL_ERR | NORMAL_LOSS MEAN MED <11.25 <22.5 <30 | ∆m (test)
Epoch: 0002 | lr=0.0001 | epoch lenth=398 | train time: 90.309 s | method famo | TRAIN: 1.7324 0.1068 0.4109 | 0.8078 0.7933 0.3741 | 0.2950 40.3728 38.4536 0.0710 0.2420 0.3663 || TEST: 1.7846 0.0902 0.3877 | 1.2767 1.2767 0.4124 | 0.2929 41.1922 39.8536 0.0591 0.2080 0.3324 | 69.015
LOSS FORMAT: SEMANTIC_LOSS MEAN_IOU PIX_ACC | DEPTH_LOSS ABS_ERR REL_ERR | NORMAL_LOSS MEAN MED <11.25 <22.5 <30 | ∆m (test)
Epoch: 0003 | lr=0.0001 | epoch lenth=398 | train time: 90.661 s | method famo | TRAIN: 1.7075 0.1021 0.4089 | 0.8155 0.8015 0.3684 | 0.2843 39.5209 37.5667 0.0774 0.2515 0.3780 || TEST: 1.6509 0.1074 0.4298 | 0.9199 0.9199 0.3148 | 0.2635 38.2845 36.2801 0.0826 0.2721 0.4012 | 51.437
LOSS FORMAT: SEMANTIC_LOSS MEAN_IOU PIX_ACC | DEPTH_LOSS ABS_ERR REL_ERR | NORMAL_LOSS MEAN MED <11.25 <22.5 <30 | ∆m (test)
Epoch: 0004 | lr=0.0001 | epoch lenth=398 | train time: 90.493 s | method famo | TRAIN: 1.6688 0.1131 0.4349 | 0.7947 0.7797 0.3593 | 0.2752 38.6612 36.5246 0.0859 0.2668 0.3949 || TEST: 1.6579 0.1245 0.4337 | 0.8003 0.8003 0.3098 | 0.2545 37.4943 35.7708 0.0969 0.2776 0.4040 | 47.383
LOSS FORMAT: SEMANTIC_LOSS MEAN_IOU PIX_ACC | DEPTH_LOSS ABS_ERR REL_ERR | NORMAL_LOSS MEAN MED <11.25 <22.5 <30 | ∆m (test)
Epoch: 0005 | lr=0.0001 | epoch lenth=398 | train time: 91.284 s | method famo | TRAIN: 1.6576 0.1240 0.4423 | 0.7711 0.7561 0.3515 | 0.2703 38.0894 35.6776 0.0916 0.2809 0.4106 || TEST: 1.5910 0.1422 0.4536 | 0.8047 0.8047 0.3060 | 0.2509 36.8877 34.3270 0.1040 0.3018 0.4313 | 44.165
LOSS FORMAT: SEMANTIC_LOSS MEAN_IOU PIX_ACC | DEPTH_LOSS ABS_ERR REL_ERR | NORMAL_LOSS MEAN MED <11.25 <22.5 <30 | ∆m (test)
Epoch: 0006 | lr=0.0001 | epoch lenth=398 | train time: 90.268 s | method famo | TRAIN: 1.6293 0.1361 0.4543 | 0.7741 0.7582 0.3500 | 0.2670 37.6861 35.2583 0.1010 0.2910 0.4187 || TEST: 1.5833 0.1451 0.4552 | 0.8957 0.8957 0.3045 | 0.2416 36.1665 34.1471 0.1147 0.3027 0.4306 | 44.663
LOSS FORMAT: SEMANTIC_LOSS MEAN_IOU PIX_ACC | DEPTH_LOSS ABS_ERR REL_ERR | NORMAL_LOSS MEAN MED <11.25 <22.5 <30 | ∆m (test)
Epoch: 0007 | lr=0.0001 | epoch lenth=398 | train time: 90.669 s | method famo | TRAIN: 1.6077 0.1409 0.4576 | 0.7716 0.7546 0.3383 | 0.2590 36.9246 34.4083 0.1094 0.3017 0.4302 || TEST: 1.5818 0.1377 0.4609 | 0.7794 0.7794 0.3105 | 0.2437 35.6423 32.9177 0.1501 0.3404 0.4576 | 39.694
LOSS FORMAT: SEMANTIC_LOSS MEAN_IOU PIX_ACC | DEPTH_LOSS ABS_ERR REL_ERR | NORMAL_LOSS MEAN MED <11.25 <22.5 <30 | ∆m (test)
Epoch: 0008 | lr=0.0001 | epoch lenth=398 | train time: 97.285 s | method famo | TRAIN: 1.5984 0.1394 0.4644 | 0.7519 0.7344 0.3397 | 0.2568 36.6273 33.9582 0.1141 0.3098 0.4387 || TEST: 1.5462 0.1464 0.4771 | 0.7987 0.7987 0.2946 | 0.2372 35.6409 33.1866 0.1197 0.3172 0.4482 | 40.717
LOSS FORMAT: SEMANTIC_LOSS MEAN_IOU PIX_ACC | DEPTH_LOSS ABS_ERR REL_ERR | NORMAL_LOSS MEAN MED <11.25 <22.5 <30 | ∆m (test)
Epoch: 0009 | lr=0.0001 | epoch lenth=398 | train time: 91.989 s | method famo | TRAIN: 1.5496 0.1487 0.4825 | 0.7619 0.7446 0.3378 | 0.2504 35.9847 33.1390 0.1243 0.3237 0.4518 || TEST: 1.4779 0.1709 0.4979 | 0.7405 0.7405 0.2891 | 0.2245 34.0169 30.7432 0.1524 0.3625 0.4892 | 33.589
LOSS FORMAT: SEMANTIC_LOSS MEAN_IOU PIX_ACC | DEPTH_LOSS ABS_ERR REL_ERR | NORMAL_LOSS MEAN MED <11.25 <22.5 <30 | ∆m (test)
Epoch: 0010 | lr=0.0001 | epoch lenth=398 | train time: 90.577 s | method famo | TRAIN: 1.5240 0.1647 0.4965 | 0.7406 0.7230 0.3330 | 0.2439 35.3132 32.2364 0.1319 0.3373 0.4673 || TEST: 1.5870 0.1610 0.4502 | 0.7479 0.7479 0.2866 | 0.2278 34.5375 31.6969 0.1394 0.3434 0.4742 | 36.601
LOSS FORMAT: SEMANTIC_LOSS MEAN_IOU PIX_ACC | DEPTH_LOSS ABS_ERR REL_ERR | NORMAL_LOSS MEAN MED <11.25 <22.5 <30 | ∆m (test)
Epoch: 0011 | lr=0.0001 | epoch lenth=398 | train time: 90.501 s | method famo | TRAIN: 1.4923 0.1638 0.4775 | 0.7302 0.7129 0.3281 | 0.2404 34.9641 31.8279 0.1377 0.3452 0.4738 || TEST: 1.4831 0.1815 0.4949 | 0.7600 0.7600 0.2853 | 0.2212 33.8352 30.9645 0.1533 0.3575 0.4865 | 33.655
LOSS FORMAT: SEMANTIC_LOSS MEAN_IOU PIX_ACC | DEPTH_LOSS ABS_ERR REL_ERR | NORMAL_LOSS MEAN MED <11.25 <22.5 <30 | ∆m (test)
Epoch: 0012 | lr=0.0001 | epoch lenth=398 | train time: 93.207 s | method famo | TRAIN: 1.4877 0.1759 0.5012 | 0.7318 0.7129 0.3297 | 0.2411 34.9527 31.7610 0.1370 0.3448 0.4749 || TEST: 1.4706 0.1745 0.4984 | 0.7634 0.7634 0.3014 | 0.2254 34.0000 30.9143 0.1617 0.3635 0.4877 | 34.093
LOSS FORMAT: SEMANTIC_LOSS MEAN_IOU PIX_ACC | DEPTH_LOSS ABS_ERR REL_ERR | NORMAL_LOSS MEAN MED <11.25 <22.5 <30 | ∆m (test)
Epoch: 0013 | lr=0.0001 | epoch lenth=398 | train time: 90.579 s | method famo | TRAIN: 1.4685 0.1748 0.5062 | 0.7307 0.7116 0.3201 | 0.2366 34.4793 31.2429 0.1451 0.3536 0.4825 || TEST: 1.4313 0.1786 0.5182 | 0.7126 0.7126 0.2783 | 0.2133 32.6523 29.0432 0.1839 0.3933 0.5166 | 28.328
LOSS FORMAT: SEMANTIC_LOSS MEAN_IOU PIX_ACC | DEPTH_LOSS ABS_ERR REL_ERR | NORMAL_LOSS MEAN MED <11.25 <22.5 <30 | ∆m (test)
Epoch: 0014 | lr=0.0001 | epoch lenth=398 | train time: 90.675 s | method famo | TRAIN: 1.4844 0.1759 0.5131 | 0.7233 0.7047 0.3141 | 0.2349 34.3066 30.8334 0.1455 0.3582 0.4892 || TEST: 1.3946 0.1994 0.5237 | 0.7075 0.7075 0.2790 | 0.2127 32.7304 29.1791 0.1733 0.3872 0.5155 | 28.217
LOSS FORMAT: SEMANTIC_LOSS MEAN_IOU PIX_ACC | DEPTH_LOSS ABS_ERR REL_ERR | NORMAL_LOSS MEAN MED <11.25 <22.5 <30 | ∆m (test)
Epoch: 0015 | lr=0.0001 | epoch lenth=398 | train time: 92.859 s | method famo | TRAIN: 1.4447 0.1911 0.5221 | 0.6965 0.6780 0.3115 | 0.2301 33.8837 30.4527 0.1510 0.3632 0.4955 || TEST: 1.4046 0.1994 0.5192 | 0.7761 0.7761 0.2772 | 0.2030 31.7800 28.0044 0.1844 0.4062 0.5348 | 27.158
LOSS FORMAT: SEMANTIC_LOSS MEAN_IOU PIX_ACC | DEPTH_LOSS ABS_ERR REL_ERR | NORMAL_LOSS MEAN MED <11.25 <22.5 <30 | ∆m (test)
Epoch: 0016 | lr=0.0001 | epoch lenth=398 | train time: 91.280 s | method famo | TRAIN: 1.4393 0.1962 0.5221 | 0.7064 0.6872 0.3092 | 0.2268 33.4836 29.8998 0.1548 0.3731 0.5050 || TEST: 1.4071 0.1884 0.5171 | 0.8756 0.8756 0.2933 | 0.2025 31.6670 27.7635 0.1883 0.4112 0.5392 | 29.297
LOSS FORMAT: SEMANTIC_LOSS MEAN_IOU PIX_ACC | DEPTH_LOSS ABS_ERR REL_ERR | NORMAL_LOSS MEAN MED <11.25 <22.5 <30 | ∆m (test)
Epoch: 0017 | lr=0.0001 | epoch lenth=398 | train time: 90.745 s | method famo | TRAIN: 1.3970 0.1939 0.5282 | 0.6926 0.6736 0.3027 | 0.2215 32.9814 29.3481 0.1629 0.3833 0.5150 || TEST: 1.3753 0.2119 0.5278 | 0.7080 0.7080 0.2756 | 0.2080 32.2689 28.5988 0.1790 0.3974 0.5251 | 26.551
LOSS FORMAT: SEMANTIC_LOSS MEAN_IOU PIX_ACC | DEPTH_LOSS ABS_ERR REL_ERR | NORMAL_LOSS MEAN MED <11.25 <22.5 <30 | ∆m (test)
Epoch: 0018 | lr=0.0001 | epoch lenth=398 | train time: 90.690 s | method famo | TRAIN: 1.3912 0.2095 0.5346 | 0.6893 0.6692 0.3056 | 0.2218 32.9053 29.1711 0.1655 0.3875 0.5186 || TEST: 1.3465 0.2257 0.5406 | 0.6854 0.6854 0.2743 | 0.2022 31.5464 27.3007 0.1884 0.4178 0.5474 | 23.328
LOSS FORMAT: SEMANTIC_LOSS MEAN_IOU PIX_ACC | DEPTH_LOSS ABS_ERR REL_ERR | NORMAL_LOSS MEAN MED <11.25 <22.5 <30 | ∆m (test)
Epoch: 0019 | lr=0.0001 | epoch lenth=398 | train time: 90.974 s | method famo | TRAIN: 1.3802 0.2168 0.5414 | 0.6775 0.6573 0.3009 | 0.2169 32.4404 28.5416 0.1714 0.3962 0.5281 || TEST: 1.4303 0.2135 0.5089 | 0.7198 0.7198 0.2777 | 0.2033 31.8925 28.1906 0.1790 0.4039 0.5322 | 26.469
LOSS FORMAT: SEMANTIC_LOSS MEAN_IOU PIX_ACC | DEPTH_LOSS ABS_ERR REL_ERR | NORMAL_LOSS MEAN MED <11.25 <22.5 <30 | ∆m (test)
Epoch: 0020 | lr=0.0001 | epoch lenth=398 | train time: 91.158 s | method famo | TRAIN: 1.3783 0.2169 0.5282 | 0.6671 0.6462 0.2923 | 0.2184 32.5937 28.7824 0.1685 0.3917 0.5244 || TEST: 1.3404 0.2256 0.5451 | 0.6994 0.6994 0.2661 | 0.1960 30.8712 26.6351 0.2026 0.4307 0.5586 | 21.518
LOSS FORMAT: SEMANTIC_LOSS MEAN_IOU PIX_ACC | DEPTH_LOSS ABS_ERR REL_ERR | NORMAL_LOSS MEAN MED <11.25 <22.5 <30 | ∆m (test)
Epoch: 0021 | lr=0.0001 | epoch lenth=398 | train time: 90.887 s | method famo | TRAIN: 1.3317 0.2285 0.5540 | 0.6749 0.6532 0.3008 | 0.2140 32.1232 28.1883 0.1732 0.4013 0.5347 || TEST: 1.3289 0.2417 0.5512 | 0.8189 0.8189 0.2805 | 0.2029 31.3601 27.0228 0.2080 0.4274 0.5491 | 23.948
LOSS FORMAT: SEMANTIC_LOSS MEAN_IOU PIX_ACC | DEPTH_LOSS ABS_ERR REL_ERR | NORMAL_LOSS MEAN MED <11.25 <22.5 <30 | ∆m (test)
Epoch: 0022 | lr=0.0001 | epoch lenth=398 | train time: 90.369 s | method famo | TRAIN: 1.3370 0.2382 0.5553 | 0.6547 0.6345 0.2909 | 0.2116 31.9602 28.0647 0.1753 0.4028 0.5368 || TEST: 1.2922 0.2519 0.5591 | 0.7061 0.7061 0.2609 | 0.1921 30.4553 26.1205 0.2098 0.4394 0.5657 | 19.383
LOSS FORMAT: SEMANTIC_LOSS MEAN_IOU PIX_ACC | DEPTH_LOSS ABS_ERR REL_ERR | NORMAL_LOSS MEAN MED <11.25 <22.5 <30 | ∆m (test)
Epoch: 0023 | lr=0.0001 | epoch lenth=398 | train time: 90.936 s | method famo | TRAIN: 1.3076 0.2483 0.5650 | 0.6516 0.6296 0.2887 | 0.2069 31.4284 27.4047 0.1839 0.4152 0.5483 || TEST: 1.2901 0.2531 0.5584 | 0.7030 0.7030 0.2629 | 0.1954 30.8031 26.4698 0.2025 0.4333 0.5606 | 20.215
LOSS FORMAT: SEMANTIC_LOSS MEAN_IOU PIX_ACC | DEPTH_LOSS ABS_ERR REL_ERR | NORMAL_LOSS MEAN MED <11.25 <22.5 <30 | ∆m (test)
Epoch: 0024 | lr=0.0001 | epoch lenth=398 | train time: 91.065 s | method famo | TRAIN: 1.2886 0.2541 0.5661 | 0.6428 0.6223 0.2880 | 0.2066 31.3555 27.2093 0.1868 0.4195 0.5510 || TEST: 1.3758 0.2204 0.5342 | 0.7152 0.7152 0.3119 | 0.1926 30.7651 26.8373 0.1947 0.4251 0.5557 | 24.466
LOSS FORMAT: SEMANTIC_LOSS MEAN_IOU PIX_ACC | DEPTH_LOSS ABS_ERR REL_ERR | NORMAL_LOSS MEAN MED <11.25 <22.5 <30 | ∆m (test)
Epoch: 0025 | lr=0.0001 | epoch lenth=398 | train time: 90.767 s | method famo | TRAIN: 1.2765 0.2418 0.5585 | 0.6277 0.6066 0.2742 | 0.2023 30.9798 26.8496 0.1908 0.4238 0.5572 || TEST: 1.3010 0.2516 0.5612 | 0.6880 0.6880 0.2822 | 0.1923 30.4938 26.1549 0.2062 0.4379 0.5668 | 20.086
LOSS FORMAT: SEMANTIC_LOSS MEAN_IOU PIX_ACC | DEPTH_LOSS ABS_ERR REL_ERR | NORMAL_LOSS MEAN MED <11.25 <22.5 <30 | ∆m (test)
Epoch: 0026 | lr=0.0001 | epoch lenth=398 | train time: 96.349 s | method famo | TRAIN: 1.2672 0.2615 0.5734 | 0.6414 0.6189 0.2779 | 0.1998 30.6841 26.5106 0.1936 0.4299 0.5644 || TEST: 1.2604 0.2673 0.5701 | 0.6624 0.6624 0.2518 | 0.1842 29.7291 25.3228 0.2139 0.4520 0.5809 | 16.235
LOSS FORMAT: SEMANTIC_LOSS MEAN_IOU PIX_ACC | DEPTH_LOSS ABS_ERR REL_ERR | NORMAL_LOSS MEAN MED <11.25 <22.5 <30 | ∆m (test)
Epoch: 0027 | lr=0.0001 | epoch lenth=398 | train time: 97.469 s | method famo | TRAIN: 1.2603 0.2725 0.5789 | 0.6277 0.6055 0.2777 | 0.2022 30.8827 26.6196 0.1907 0.4273 0.5611 || TEST: 1.2442 0.2863 0.5763 | 0.6793 0.6793 0.2639 | 0.1890 30.2118 25.9410 0.2075 0.4411 0.5714 | 17.511
LOSS FORMAT: SEMANTIC_LOSS MEAN_IOU PIX_ACC | DEPTH_LOSS ABS_ERR REL_ERR | NORMAL_LOSS MEAN MED <11.25 <22.5 <30 | ∆m (test)
Epoch: 0028 | lr=0.0001 | epoch lenth=398 | train time: 90.983 s | method famo | TRAIN: 1.2416 0.2871 0.5860 | 0.6212 0.5990 0.2692 | 0.1968 30.3729 26.1454 0.1975 0.4356 0.5701 || TEST: 1.2537 0.2724 0.5733 | 0.6483 0.6483 0.2615 | 0.1909 30.4616 26.1205 0.1972 0.4361 0.5699 | 18.078
LOSS FORMAT: SEMANTIC_LOSS MEAN_IOU PIX_ACC | DEPTH_LOSS ABS_ERR REL_ERR | NORMAL_LOSS MEAN MED <11.25 <22.5 <30 | ∆m (test)
Epoch: 0029 | lr=0.0001 | epoch lenth=398 | train time: 95.598 s | method famo | TRAIN: 1.2392 0.2835 0.5848 | 0.6230 0.6008 0.2754 | 0.1982 30.4706 26.1533 0.1978 0.4370 0.5692 || TEST: 1.2685 0.2802 0.5701 | 0.6808 0.6808 0.2714 | 0.1817 29.5358 25.2111 0.2143 0.4528 0.5835 | 16.729
LOSS FORMAT: SEMANTIC_LOSS MEAN_IOU PIX_ACC | DEPTH_LOSS ABS_ERR REL_ERR | NORMAL_LOSS MEAN MED <11.25 <22.5 <30 | ∆m (test)
Epoch: 0030 | lr=0.0001 | epoch lenth=398 | train time: 91.519 s | method famo | TRAIN: 1.2433 0.2862 0.5862 | 0.6258 0.5998 0.2712 | 0.1989 30.4574 26.2179 0.1959 0.4354 0.5686 || TEST: 1.2351 0.2998 0.5845 | 0.6688 0.6688 0.2555 | 0.1840 29.5655 24.9179 0.2220 0.4594 0.5865 | 14.457
LOSS FORMAT: SEMANTIC_LOSS MEAN_IOU PIX_ACC | DEPTH_LOSS ABS_ERR REL_ERR | NORMAL_LOSS MEAN MED <11.25 <22.5 <30 | ∆m (test)
Epoch: 0031 | lr=0.0001 | epoch lenth=398 | train time: 90.801 s | method famo | TRAIN: 1.2281 0.3001 0.5924 | 0.6283 0.6041 0.2720 | 0.1946 30.1543 25.9121 0.2003 0.4402 0.5741 || TEST: 1.2842 0.2828 0.5647 | 0.6496 0.6496 0.2573 | 0.1828 29.8241 25.7187 0.2009 0.4430 0.5779 | 16.869
LOSS FORMAT: SEMANTIC_LOSS MEAN_IOU PIX_ACC | DEPTH_LOSS ABS_ERR REL_ERR | NORMAL_LOSS MEAN MED <11.25 <22.5 <30 | ∆m (test)
Epoch: 0032 | lr=0.0001 | epoch lenth=398 | train time: 100.972 s | method famo | TRAIN: 1.2027 0.3003 0.5885 | 0.6121 0.5873 0.2702 | 0.1915 29.7282 25.3396 0.2100 0.4505 0.5835 || TEST: 1.2225 0.2949 0.5869 | 0.6501 0.6501 0.2504 | 0.1831 29.4678 24.7461 0.2206 0.4626 0.5923 | 13.801
LOSS FORMAT: SEMANTIC_LOSS MEAN_IOU PIX_ACC | DEPTH_LOSS ABS_ERR REL_ERR | NORMAL_LOSS MEAN MED <11.25 <22.5 <30 | ∆m (test)
Epoch: 0033 | lr=0.0001 | epoch lenth=398 | train time: 92.426 s | method famo | TRAIN: 1.1849 0.3082 0.6025 | 0.6102 0.5872 0.2639 | 0.1913 29.7168 25.4643 0.2081 0.4498 0.5833 || TEST: 1.2539 0.2699 0.5742 | 0.7265 0.7265 0.2637 | 0.1787 29.1522 24.5355 0.2208 0.4655 0.5946 | 16.174
LOSS FORMAT: SEMANTIC_LOSS MEAN_IOU PIX_ACC | DEPTH_LOSS ABS_ERR REL_ERR | NORMAL_LOSS MEAN MED <11.25 <22.5 <30 | ∆m (test)
Epoch: 0034 | lr=0.0001 | epoch lenth=398 | train time: 173.460 s | method famo | TRAIN: 1.1856 0.2999 0.5979 | 0.5800 0.5551 0.2548 | 0.1877 29.3359 24.8411 0.2123 0.4593 0.5928 || TEST: 1.2381 0.2857 0.5834 | 0.6852 0.6852 0.2607 | 0.1923 30.1141 25.1652 0.2255 0.4586 0.5827 | 15.702
LOSS FORMAT: SEMANTIC_LOSS MEAN_IOU PIX_ACC | DEPTH_LOSS ABS_ERR REL_ERR | NORMAL_LOSS MEAN MED <11.25 <22.5 <30 | ∆m (test)
Epoch: 0035 | lr=0.0001 | epoch lenth=398 | train time: 91.140 s | method famo | TRAIN: 1.1685 0.3092 0.6062 | 0.5883 0.5632 0.2550 | 0.1868 29.2608 24.8281 0.2127 0.4600 0.5951 || TEST: 1.2538 0.2839 0.5820 | 0.6632 0.6632 0.2598 | 0.1871 29.8564 25.1902 0.2153 0.4540 0.5854 | 15.700
LOSS FORMAT: SEMANTIC_LOSS MEAN_IOU PIX_ACC | DEPTH_LOSS ABS_ERR REL_ERR | NORMAL_LOSS MEAN MED <11.25 <22.5 <30 | ∆m (test)
Epoch: 0036 | lr=0.0001 | epoch lenth=398 | train time: 91.264 s | method famo | TRAIN: 1.1593 0.3089 0.6056 | 0.5710 0.5479 0.2555 | 0.1852 29.1075 24.5981 0.2166 0.4646 0.5977 || TEST: 1.1844 0.2918 0.6002 | 0.7067 0.7067 0.2592 | 0.1767 29.1258 24.8185 0.2129 0.4586 0.5924 | 15.190
LOSS FORMAT: SEMANTIC_LOSS MEAN_IOU PIX_ACC | DEPTH_LOSS ABS_ERR REL_ERR | NORMAL_LOSS MEAN MED <11.25 <22.5 <30 | ∆m (test)
Epoch: 0037 | lr=0.0001 | epoch lenth=398 | train time: 91.121 s | method famo | TRAIN: 1.1468 0.3187 0.6168 | 0.5891 0.5620 0.2553 | 0.1867 29.1996 24.6778 0.2130 0.4634 0.5976 || TEST: 1.2097 0.3049 0.5973 | 0.6458 0.6458 0.2628 | 0.1873 29.6553 24.5584 0.2253 0.4651 0.5940 | 13.479
LOSS FORMAT: SEMANTIC_LOSS MEAN_IOU PIX_ACC | DEPTH_LOSS ABS_ERR REL_ERR | NORMAL_LOSS MEAN MED <11.25 <22.5 <30 | ∆m (test)
Epoch: 0038 | lr=0.0001 | epoch lenth=398 | train time: 91.436 s | method famo | TRAIN: 1.1296 0.3304 0.6177 | 0.5726 0.5488 0.2485 | 0.1818 28.7446 24.2024 0.2212 0.4719 0.6055 || TEST: 1.1957 0.3147 0.6011 | 0.6335 0.6335 0.2646 | 0.1738 28.6444 24.0522 0.2263 0.4742 0.6067 | 11.839
LOSS FORMAT: SEMANTIC_LOSS MEAN_IOU PIX_ACC | DEPTH_LOSS ABS_ERR REL_ERR | NORMAL_LOSS MEAN MED <11.25 <22.5 <30 | ∆m (test)
Epoch: 0039 | lr=0.0001 | epoch lenth=398 | train time: 92.075 s | method famo | TRAIN: 1.1239 0.3365 0.6220 | 0.5578 0.5324 0.2458 | 0.1815 28.6815 24.0715 0.2214 0.4733 0.6079 || TEST: 1.1904 0.3035 0.5991 | 0.6852 0.6852 0.2585 | 0.1731 28.6976 24.3593 0.2213 0.4680 0.6021 | 13.387
LOSS FORMAT: SEMANTIC_LOSS MEAN_IOU PIX_ACC | DEPTH_LOSS ABS_ERR REL_ERR | NORMAL_LOSS MEAN MED <11.25 <22.5 <30 | ∆m (test)
Epoch: 0040 | lr=0.0001 | epoch lenth=398 | train time: 90.668 s | method famo | TRAIN: 1.1005 0.3350 0.6247 | 0.5610 0.5360 0.2468 | 0.1797 28.4691 23.7814 0.2254 0.4798 0.6137 || TEST: 1.1955 0.3190 0.5990 | 0.6811 0.6811 0.2492 | 0.1733 28.5307 23.6845 0.2289 0.4809 0.6113 | 11.361
LOSS FORMAT: SEMANTIC_LOSS MEAN_IOU PIX_ACC | DEPTH_LOSS ABS_ERR REL_ERR | NORMAL_LOSS MEAN MED <11.25 <22.5 <30 | ∆m (test)
Epoch: 0041 | lr=0.0001 | epoch lenth=398 | train time: 91.329 s | method famo | TRAIN: 1.1012 0.3459 0.6259 | 0.5629 0.5381 0.2459 | 0.1780 28.3011 23.5901 0.2255 0.4812 0.6169 || TEST: 1.1718 0.3117 0.6075 | 0.7023 0.7023 0.2593 | 0.1788 28.9186 24.0421 0.2313 0.4749 0.6048 | 12.680
LOSS FORMAT: SEMANTIC_LOSS MEAN_IOU PIX_ACC | DEPTH_LOSS ABS_ERR REL_ERR | NORMAL_LOSS MEAN MED <11.25 <22.5 <30 | ∆m (test)
Epoch: 0042 | lr=0.0001 | epoch lenth=398 | train time: 90.917 s | method famo | TRAIN: 1.0916 0.3419 0.6314 | 0.5543 0.5277 0.2479 | 0.1787 28.2853 23.6007 0.2276 0.4836 0.6180 || TEST: 1.1972 0.3037 0.6025 | 0.6621 0.6621 0.2651 | 0.1835 29.5349 24.7889 0.2160 0.4599 0.5921 | 14.340
LOSS FORMAT: SEMANTIC_LOSS MEAN_IOU PIX_ACC | DEPTH_LOSS ABS_ERR REL_ERR | NORMAL_LOSS MEAN MED <11.25 <22.5 <30 | ∆m (test)
Epoch: 0043 | lr=0.0001 | epoch lenth=398 | train time: 91.291 s | method famo | TRAIN: 1.0877 0.3401 0.6308 | 0.5499 0.5246 0.2407 | 0.1758 28.0130 23.2962 0.2322 0.4886 0.6231 || TEST: 1.2018 0.3100 0.5986 | 0.7005 0.7005 0.2988 | 0.1772 28.6355 23.4744 0.2392 0.4853 0.6143 | 13.338
LOSS FORMAT: SEMANTIC_LOSS MEAN_IOU PIX_ACC | DEPTH_LOSS ABS_ERR REL_ERR | NORMAL_LOSS MEAN MED <11.25 <22.5 <30 | ∆m (test)
Epoch: 0044 | lr=0.0001 | epoch lenth=398 | train time: 97.248 s | method famo | TRAIN: 1.0850 0.3440 0.6289 | 0.5468 0.5194 0.2413 | 0.1759 28.0164 23.2484 0.2291 0.4888 0.6237 || TEST: 1.1644 0.3284 0.6089 | 0.6259 0.6259 0.2611 | 0.1817 29.2800 24.3903 0.2201 0.4677 0.6009 | 11.966
LOSS FORMAT: SEMANTIC_LOSS MEAN_IOU PIX_ACC | DEPTH_LOSS ABS_ERR REL_ERR | NORMAL_LOSS MEAN MED <11.25 <22.5 <30 | ∆m (test)
Epoch: 0045 | lr=0.0001 | epoch lenth=398 | train time: 91.721 s | method famo | TRAIN: 1.0468 0.3612 0.6401 | 0.5404 0.5161 0.2334 | 0.1726 27.7304 22.9353 0.2369 0.4958 0.6291 || TEST: 1.1660 0.3296 0.6084 | 0.6496 0.6496 0.2802 | 0.1729 28.2961 23.0197 0.2364 0.4936 0.6233 | 10.399
LOSS FORMAT: SEMANTIC_LOSS MEAN_IOU PIX_ACC | DEPTH_LOSS ABS_ERR REL_ERR | NORMAL_LOSS MEAN MED <11.25 <22.5 <30 | ∆m (test)
Epoch: 0046 | lr=0.0001 | epoch lenth=398 | train time: 91.558 s | method famo | TRAIN: 1.0326 0.3645 0.6419 | 0.5417 0.5159 0.2351 | 0.1707 27.4703 22.5641 0.2421 0.5027 0.6347 || TEST: 1.1705 0.3373 0.6100 | 0.6556 0.6556 0.2411 | 0.1734 28.4474 23.3428 0.2293 0.4874 0.6203 | 9.369
LOSS FORMAT: SEMANTIC_LOSS MEAN_IOU PIX_ACC | DEPTH_LOSS ABS_ERR REL_ERR | NORMAL_LOSS MEAN MED <11.25 <22.5 <30 | ∆m (test)
Epoch: 0047 | lr=0.0001 | epoch lenth=398 | train time: 91.996 s | method famo | TRAIN: 1.0283 0.3720 0.6445 | 0.5346 0.5082 0.2325 | 0.1719 27.5898 22.7368 0.2349 0.4988 0.6339 || TEST: 1.1391 0.3340 0.6198 | 0.6074 0.6074 0.2449 | 0.1714 28.0847 22.8582 0.2445 0.4984 0.6250 | 7.362
LOSS FORMAT: SEMANTIC_LOSS MEAN_IOU PIX_ACC | DEPTH_LOSS ABS_ERR REL_ERR | NORMAL_LOSS MEAN MED <11.25 <22.5 <30 | ∆m (test)
Epoch: 0048 | lr=0.0001 | epoch lenth=398 | train time: 98.679 s | method famo | TRAIN: 1.0280 0.3749 0.6501 | 0.5299 0.5043 0.2337 | 0.1685 27.1474 22.2044 0.2460 0.5100 0.6435 || TEST: 1.1910 0.2972 0.6026 | 0.6436 0.6436 0.2550 | 0.1740 28.4081 23.3167 0.2351 0.4883 0.6205 | 10.755
LOSS FORMAT: SEMANTIC_LOSS MEAN_IOU PIX_ACC | DEPTH_LOSS ABS_ERR REL_ERR | NORMAL_LOSS MEAN MED <11.25 <22.5 <30 | ∆m (test)
Epoch: 0049 | lr=0.0001 | epoch lenth=398 | train time: 105.243 s | method famo | TRAIN: 1.0175 0.3575 0.6419 | 0.5192 0.4921 0.2282 | 0.1677 27.1440 22.2143 0.2417 0.5101 0.6441 || TEST: 1.1492 0.3399 0.6199 | 0.6060 0.6060 0.2471 | 0.1697 27.9340 22.6840 0.2433 0.5007 0.6310 | 6.991
LOSS FORMAT: SEMANTIC_LOSS MEAN_IOU PIX_ACC | DEPTH_LOSS ABS_ERR REL_ERR | NORMAL_LOSS MEAN MED <11.25 <22.5 <30 | ∆m (test)
Epoch: 0050 | lr=0.0001 | epoch lenth=398 | train time: 91.126 s | method famo | TRAIN: 1.0584 0.3693 0.6447 | 0.5237 0.4963 0.2333 | 0.1733 27.5961 22.6993 0.2366 0.5000 0.6343 || TEST: 1.1777 0.3206 0.6097 | 0.6087 0.6087 0.2487 | 0.1770 28.5759 23.2391 0.2386 0.4905 0.6190 | 9.004
LOSS FORMAT: SEMANTIC_LOSS MEAN_IOU PIX_ACC | DEPTH_LOSS ABS_ERR REL_ERR | NORMAL_LOSS MEAN MED <11.25 <22.5 <30 | ∆m (test)
Epoch: 0051 | lr=0.0001 | epoch lenth=398 | train time: 91.840 s | method famo | TRAIN: 0.9947 0.3724 0.6483 | 0.5125 0.4877 0.2246 | 0.1641 26.7671 21.7154 0.2524 0.5199 0.6514 || TEST: 1.1546 0.3474 0.6138 | 0.6065 0.6065 0.2391 | 0.1669 27.5848 22.2333 0.2508 0.5096 0.6384 | 5.581
LOSS FORMAT: SEMANTIC_LOSS MEAN_IOU PIX_ACC | DEPTH_LOSS ABS_ERR REL_ERR | NORMAL_LOSS MEAN MED <11.25 <22.5 <30 | ∆m (test)
Epoch: 0052 | lr=0.0001 | epoch lenth=398 | train time: 91.494 s | method famo | TRAIN: 0.9868 0.3862 0.6533 | 0.4971 0.4725 0.2158 | 0.1641 26.7893 21.8952 0.2499 0.5166 0.6497 || TEST: 1.1664 0.3117 0.6136 | 0.6237 0.6237 0.2680 | 0.1714 28.2125 23.2495 0.2362 0.4905 0.6220 | 10.100
LOSS FORMAT: SEMANTIC_LOSS MEAN_IOU PIX_ACC | DEPTH_LOSS ABS_ERR REL_ERR | NORMAL_LOSS MEAN MED <11.25 <22.5 <30 | ∆m (test)
Epoch: 0053 | lr=0.0001 | epoch lenth=398 | train time: 91.181 s | method famo | TRAIN: 0.9848 0.3748 0.6545 | 0.5078 0.4831 0.2198 | 0.1631 26.6270 21.6718 0.2520 0.5220 0.6551 || TEST: 1.1809 0.3156 0.6024 | 0.6169 0.6169 0.2430 | 0.1802 28.9826 23.9929 0.2308 0.4762 0.6081 | 10.543
LOSS FORMAT: SEMANTIC_LOSS MEAN_IOU PIX_ACC | DEPTH_LOSS ABS_ERR REL_ERR | NORMAL_LOSS MEAN MED <11.25 <22.5 <30 | ∆m (test)
Epoch: 0054 | lr=0.0001 | epoch lenth=398 | train time: 91.653 s | method famo | TRAIN: 0.9839 0.3755 0.6495 | 0.5080 0.4822 0.2217 | 0.1618 26.4791 21.4384 0.2531 0.5262 0.6599 || TEST: 1.1537 0.3388 0.6180 | 0.6113 0.6113 0.2606 | 0.1692 27.8968 22.7204 0.2420 0.5000 0.6325 | 7.723
LOSS FORMAT: SEMANTIC_LOSS MEAN_IOU PIX_ACC | DEPTH_LOSS ABS_ERR REL_ERR | NORMAL_LOSS MEAN MED <11.25 <22.5 <30 | ∆m (test)
Epoch: 0055 | lr=0.0001 | epoch lenth=398 | train time: 91.505 s | method famo | TRAIN: 0.9857 0.3831 0.6564 | 0.5113 0.4840 0.2216 | 0.1617 26.4497 21.4476 0.2539 0.5265 0.6593 || TEST: 1.1365 0.3450 0.6280 | 0.6237 0.6237 0.2470 | 0.1718 27.9940 22.6019 0.2503 0.5014 0.6305 | 6.700
LOSS FORMAT: SEMANTIC_LOSS MEAN_IOU PIX_ACC | DEPTH_LOSS ABS_ERR REL_ERR | NORMAL_LOSS MEAN MED <11.25 <22.5 <30 | ∆m (test)
Epoch: 0056 | lr=0.0001 | epoch lenth=398 | train time: 91.479 s | method famo | TRAIN: 0.9691 0.3936 0.6646 | 0.5020 0.4764 0.2221 | 0.1611 26.3706 21.3366 0.2571 0.5296 0.6609 || TEST: 1.1276 0.3582 0.6263 | 0.6038 0.6038 0.2626 | 0.1719 28.0506 22.6040 0.2438 0.5024 0.6324 | 6.861
LOSS FORMAT: SEMANTIC_LOSS MEAN_IOU PIX_ACC | DEPTH_LOSS ABS_ERR REL_ERR | NORMAL_LOSS MEAN MED <11.25 <22.5 <30 | ∆m (test)
Epoch: 0057 | lr=0.0001 | epoch lenth=398 | train time: 99.706 s | method famo | TRAIN: 0.9507 0.4003 0.6654 | 0.4988 0.4734 0.2199 | 0.1577 25.9800 20.8258 0.2663 0.5389 0.6691 || TEST: 1.1961 0.3260 0.6053 | 0.6188 0.6188 0.2551 | 0.1702 27.8867 22.5537 0.2485 0.5030 0.6316 | 7.838
LOSS FORMAT: SEMANTIC_LOSS MEAN_IOU PIX_ACC | DEPTH_LOSS ABS_ERR REL_ERR | NORMAL_LOSS MEAN MED <11.25 <22.5 <30 | ∆m (test)
Epoch: 0058 | lr=0.0001 | epoch lenth=398 | train time: 90.973 s | method famo | TRAIN: 0.9582 0.3849 0.6560 | 0.4972 0.4705 0.2220 | 0.1569 25.9524 20.9362 0.2617 0.5378 0.6708 || TEST: 1.2479 0.3134 0.5936 | 0.6067 0.6067 0.2534 | 0.1722 28.2229 23.0397 0.2355 0.4948 0.6275 | 9.273
LOSS FORMAT: SEMANTIC_LOSS MEAN_IOU PIX_ACC | DEPTH_LOSS ABS_ERR REL_ERR | NORMAL_LOSS MEAN MED <11.25 <22.5 <30 | ∆m (test)
Epoch: 0059 | lr=0.0001 | epoch lenth=398 | train time: 91.298 s | method famo | TRAIN: 0.9457 0.3842 0.6520 | 0.4868 0.4607 0.2149 | 0.1583 26.0225 20.8854 0.2644 0.5368 0.6690 || TEST: 1.1661 0.3052 0.6107 | 0.6198 0.6198 0.2541 | 0.1624 27.3560 22.3349 0.2461 0.5075 0.6372 | 7.871
LOSS FORMAT: SEMANTIC_LOSS MEAN_IOU PIX_ACC | DEPTH_LOSS ABS_ERR REL_ERR | NORMAL_LOSS MEAN MED <11.25 <22.5 <30 | ∆m (test)
Epoch: 0060 | lr=0.0001 | epoch lenth=398 | train time: 95.841 s | method famo | TRAIN: 0.9305 0.3843 0.6612 | 0.4903 0.4637 0.2168 | 0.1561 25.7800 20.6860 0.2682 0.5440 0.6752 || TEST: 1.1458 0.3223 0.6199 | 0.5984 0.5984 0.2482 | 0.1663 27.4556 22.0225 0.2531 0.5143 0.6436 | 5.995
LOSS FORMAT: SEMANTIC_LOSS MEAN_IOU PIX_ACC | DEPTH_LOSS ABS_ERR REL_ERR | NORMAL_LOSS MEAN MED <11.25 <22.5 <30 | ∆m (test)
Epoch: 0061 | lr=0.0001 | epoch lenth=398 | train time: 105.121 s | method famo | TRAIN: 0.9209 0.3964 0.6698 | 0.4787 0.4533 0.2116 | 0.1571 25.8853 20.7507 0.2673 0.5406 0.6714 || TEST: 1.1546 0.3171 0.6211 | 0.6055 0.6055 0.2626 | 0.1629 27.2412 22.0946 0.2540 0.5130 0.6427 | 6.772
LOSS FORMAT: SEMANTIC_LOSS MEAN_IOU PIX_ACC | DEPTH_LOSS ABS_ERR REL_ERR | NORMAL_LOSS MEAN MED <11.25 <22.5 <30 | ∆m (test)
Epoch: 0062 | lr=0.0001 | epoch lenth=398 | train time: 105.161 s | method famo | TRAIN: 0.9032 0.3906 0.6737 | 0.4861 0.4585 0.2134 | 0.1540 25.5175 20.3607 0.2709 0.5498 0.6809 || TEST: 1.2746 0.3093 0.5917 | 0.6172 0.6172 0.2591 | 0.1761 28.4541 23.0475 0.2393 0.4943 0.6233 | 9.869
LOSS FORMAT: SEMANTIC_LOSS MEAN_IOU PIX_ACC | DEPTH_LOSS ABS_ERR REL_ERR | NORMAL_LOSS MEAN MED <11.25 <22.5 <30 | ∆m (test)
Epoch: 0063 | lr=0.0001 | epoch lenth=398 | train time: 96.142 s | method famo | TRAIN: 0.9089 0.3897 0.6577 | 0.4833 0.4579 0.2167 | 0.1520 25.3878 20.1272 0.2738 0.5547 0.6840 || TEST: 1.1542 0.3390 0.6206 | 0.6560 0.6560 0.2580 | 0.1625 27.2185 21.9449 0.2516 0.5147 0.6447 | 6.718
LOSS FORMAT: SEMANTIC_LOSS MEAN_IOU PIX_ACC | DEPTH_LOSS ABS_ERR REL_ERR | NORMAL_LOSS MEAN MED <11.25 <22.5 <30 | ∆m (test)
Epoch: 0064 | lr=0.0001 | epoch lenth=398 | train time: 91.032 s | method famo | TRAIN: 0.8930 0.4073 0.6745 | 0.4685 0.4437 0.2052 | 0.1505 25.1912 20.0343 0.2778 0.5585 0.6877 || TEST: 1.1564 0.3133 0.6157 | 0.6202 0.6202 0.2387 | 0.1651 27.3005 21.7253 0.2571 0.5196 0.6470 | 5.767
LOSS FORMAT: SEMANTIC_LOSS MEAN_IOU PIX_ACC | DEPTH_LOSS ABS_ERR REL_ERR | NORMAL_LOSS MEAN MED <11.25 <22.5 <30 | ∆m (test)
Epoch: 0065 | lr=0.0001 | epoch lenth=398 | train time: 94.620 s | method famo | TRAIN: 0.9063 0.3900 0.6709 | 0.4893 0.4602 0.2157 | 0.1517 25.2014 20.0214 0.2776 0.5579 0.6874 || TEST: 1.1541 0.3462 0.6287 | 0.5853 0.5853 0.2311 | 0.1692 27.5892 21.8154 0.2580 0.5178 0.6450 | 3.921
LOSS FORMAT: SEMANTIC_LOSS MEAN_IOU PIX_ACC | DEPTH_LOSS ABS_ERR REL_ERR | NORMAL_LOSS MEAN MED <11.25 <22.5 <30 | ∆m (test)
Epoch: 0066 | lr=0.0001 | epoch lenth=398 | train time: 105.279 s | method famo | TRAIN: 0.9085 0.4090 0.6745 | 0.4750 0.4497 0.2118 | 0.1503 25.1494 19.9815 0.2777 0.5594 0.6892 || TEST: 1.2081 0.3386 0.6054 | 0.5854 0.5854 0.2469 | 0.1805 28.8139 23.3010 0.2378 0.4887 0.6182 | 8.321
LOSS FORMAT: SEMANTIC_LOSS MEAN_IOU PIX_ACC | DEPTH_LOSS ABS_ERR REL_ERR | NORMAL_LOSS MEAN MED <11.25 <22.5 <30 | ∆m (test)
Epoch: 0067 | lr=0.0001 | epoch lenth=398 | train time: 90.738 s | method famo | TRAIN: 0.9102 0.3999 0.6651 | 0.4849 0.4580 0.2119 | 0.1520 25.2496 20.0100 0.2788 0.5585 0.6873 || TEST: 1.1831 0.3107 0.6109 | 0.6842 0.6842 0.2453 | 0.1642 27.5665 22.5900 0.2417 0.5024 0.6339 | 8.971
LOSS FORMAT: SEMANTIC_LOSS MEAN_IOU PIX_ACC | DEPTH_LOSS ABS_ERR REL_ERR | NORMAL_LOSS MEAN MED <11.25 <22.5 <30 | ∆m (test)
Epoch: 0068 | lr=0.0001 | epoch lenth=398 | train time: 92.353 s | method famo | TRAIN: 0.8798 0.3976 0.6724 | 0.4572 0.4333 0.1992 | 0.1497 25.0886 19.8172 0.2813 0.5614 0.6906 || TEST: 1.1864 0.3234 0.6182 | 0.5853 0.5853 0.2433 | 0.1639 27.1518 21.6169 0.2605 0.5225 0.6510 | 4.663
LOSS FORMAT: SEMANTIC_LOSS MEAN_IOU PIX_ACC | DEPTH_LOSS ABS_ERR REL_ERR | NORMAL_LOSS MEAN MED <11.25 <22.5 <30 | ∆m (test)
Epoch: 0069 | lr=0.0001 | epoch lenth=398 | train time: 173.365 s | method famo | TRAIN: 0.8652 0.4107 0.6787 | 0.4613 0.4373 0.2046 | 0.1456 24.6964 19.4728 0.2871 0.5697 0.6983 || TEST: 1.1759 0.3275 0.6172 | 0.5969 0.5969 0.2406 | 0.1579 26.6161 21.1380 0.2658 0.5326 0.6585 | 3.618
LOSS FORMAT: SEMANTIC_LOSS MEAN_IOU PIX_ACC | DEPTH_LOSS ABS_ERR REL_ERR | NORMAL_LOSS MEAN MED <11.25 <22.5 <30 | ∆m (test)
Epoch: 0070 | lr=0.0001 | epoch lenth=398 | train time: 94.991 s | method famo | TRAIN: 0.8630 0.4088 0.6772 | 0.4457 0.4217 0.1996 | 0.1464 24.7650 19.5520 0.2850 0.5681 0.6972 || TEST: 1.1710 0.3393 0.6153 | 0.6052 0.6052 0.2505 | 0.1648 27.3789 22.0201 0.2499 0.5141 0.6457 | 5.840
LOSS FORMAT: SEMANTIC_LOSS MEAN_IOU PIX_ACC | DEPTH_LOSS ABS_ERR REL_ERR | NORMAL_LOSS MEAN MED <11.25 <22.5 <30 | ∆m (test)
Epoch: 0071 | lr=0.0001 | epoch lenth=398 | train time: 91.080 s | method famo | TRAIN: 0.8722 0.4158 0.6776 | 0.4482 0.4222 0.1977 | 0.1478 24.7557 19.4789 0.2874 0.5711 0.6982 || TEST: 1.1800 0.3353 0.6196 | 0.5827 0.5827 0.2371 | 0.1676 27.4832 21.8774 0.2585 0.5176 0.6445 | 4.572
LOSS FORMAT: SEMANTIC_LOSS MEAN_IOU PIX_ACC | DEPTH_LOSS ABS_ERR REL_ERR | NORMAL_LOSS MEAN MED <11.25 <22.5 <30 | ∆m (test)
Epoch: 0072 | lr=0.0001 | epoch lenth=398 | train time: 97.629 s | method famo | TRAIN: 0.8661 0.4151 0.6789 | 0.4660 0.4407 0.2009 | 0.1450 24.6024 19.3999 0.2860 0.5717 0.7007 || TEST: 1.1302 0.3155 0.6268 | 0.5722 0.5722 0.2355 | 0.1614 26.8941 21.3333 0.2641 0.5273 0.6551 | 3.644
LOSS FORMAT: SEMANTIC_LOSS MEAN_IOU PIX_ACC | DEPTH_LOSS ABS_ERR REL_ERR | NORMAL_LOSS MEAN MED <11.25 <22.5 <30 | ∆m (test)
Epoch: 0073 | lr=0.0001 | epoch lenth=398 | train time: 91.580 s | method famo | TRAIN: 0.8494 0.4133 0.6854 | 0.4441 0.4180 0.1938 | 0.1448 24.4436 19.1611 0.2924 0.5783 0.7054 || TEST: 1.1740 0.3262 0.6110 | 0.6207 0.6207 0.2576 | 0.1609 26.8805 21.3569 0.2633 0.5275 0.6555 | 5.319
LOSS FORMAT: SEMANTIC_LOSS MEAN_IOU PIX_ACC | DEPTH_LOSS ABS_ERR REL_ERR | NORMAL_LOSS MEAN MED <11.25 <22.5 <30 | ∆m (test)
Epoch: 0074 | lr=0.0001 | epoch lenth=398 | train time: 98.692 s | method famo | TRAIN: 0.8652 0.4102 0.6753 | 0.4552 0.4306 0.1972 | 0.1467 24.7454 19.5769 0.2841 0.5693 0.6994 || TEST: 1.1468 0.3266 0.6324 | 0.5906 0.5906 0.2383 | 0.1586 26.6624 21.1558 0.2679 0.5311 0.6566 | 3.194
LOSS FORMAT: SEMANTIC_LOSS MEAN_IOU PIX_ACC | DEPTH_LOSS ABS_ERR REL_ERR | NORMAL_LOSS MEAN MED <11.25 <22.5 <30 | ∆m (test)
Epoch: 0075 | lr=0.0001 | epoch lenth=398 | train time: 91.924 s | method famo | TRAIN: 0.8264 0.4166 0.6918 | 0.4408 0.4167 0.1971 | 0.1428 24.3071 18.8915 0.2949 0.5840 0.7095 || TEST: 1.1848 0.3210 0.6136 | 0.6197 0.6197 0.2354 | 0.1576 26.5916 21.0748 0.2656 0.5326 0.6598 | 3.973
LOSS FORMAT: SEMANTIC_LOSS MEAN_IOU PIX_ACC | DEPTH_LOSS ABS_ERR REL_ERR | NORMAL_LOSS MEAN MED <11.25 <22.5 <30 | ∆m (test)
Epoch: 0076 | lr=0.0001 | epoch lenth=398 | train time: 91.322 s | method famo | TRAIN: 0.8167 0.4149 0.6844 | 0.4571 0.4323 0.1988 | 0.1408 24.0855 18.7643 0.2989 0.5874 0.7128 || TEST: 1.1418 0.3392 0.6354 | 0.6359 0.6359 0.2586 | 0.1597 26.6784 21.0338 0.2699 0.5348 0.6593 | 4.080
LOSS FORMAT: SEMANTIC_LOSS MEAN_IOU PIX_ACC | DEPTH_LOSS ABS_ERR REL_ERR | NORMAL_LOSS MEAN MED <11.25 <22.5 <30 | ∆m (test)
Epoch: 0077 | lr=0.0001 | epoch lenth=398 | train time: 91.144 s | method famo | TRAIN: 0.8099 0.4251 0.6957 | 0.4312 0.4076 0.1933 | 0.1421 24.1551 18.7362 0.3001 0.5876 0.7125 || TEST: 1.2112 0.3116 0.6134 | 0.6107 0.6107 0.2351 | 0.1672 27.4869 21.9141 0.2559 0.5163 0.6440 | 5.900
LOSS FORMAT: SEMANTIC_LOSS MEAN_IOU PIX_ACC | DEPTH_LOSS ABS_ERR REL_ERR | NORMAL_LOSS MEAN MED <11.25 <22.5 <30 | ∆m (test)
Epoch: 0078 | lr=0.0001 | epoch lenth=398 | train time: 91.379 s | method famo | TRAIN: 0.8234 0.4140 0.6852 | 0.4484 0.4210 0.1951 | 0.1420 24.1359 18.8396 0.2979 0.5857 0.7118 || TEST: 1.1728 0.3389 0.6207 | 0.6064 0.6064 0.2417 | 0.1598 26.8409 21.4131 0.2598 0.5262 0.6552 | 4.082
LOSS FORMAT: SEMANTIC_LOSS MEAN_IOU PIX_ACC | DEPTH_LOSS ABS_ERR REL_ERR | NORMAL_LOSS MEAN MED <11.25 <22.5 <30 | ∆m (test)
Epoch: 0079 | lr=0.0001 | epoch lenth=398 | train time: 96.415 s | method famo | TRAIN: 0.8020 0.4315 0.6916 | 0.4406 0.4154 0.1948 | 0.1390 23.8594 18.5805 0.3015 0.5925 0.7181 || TEST: 1.1111 0.3589 0.6469 | 0.5884 0.5884 0.2284 | 0.1631 26.9608 21.2511 0.2669 0.5289 0.6567 | 1.837
LOSS FORMAT: SEMANTIC_LOSS MEAN_IOU PIX_ACC | DEPTH_LOSS ABS_ERR REL_ERR | NORMAL_LOSS MEAN MED <11.25 <22.5 <30 | ∆m (test)
Epoch: 0080 | lr=0.0001 | epoch lenth=398 | train time: 92.515 s | method famo | TRAIN: 0.8316 0.4313 0.6985 | 0.4459 0.4207 0.1971 | 0.1379 23.7058 18.3168 0.3062 0.5977 0.7225 || TEST: 1.1791 0.3262 0.6126 | 0.6404 0.6404 0.2350 | 0.1582 26.6280 21.1012 0.2658 0.5337 0.6604 | 4.155
LOSS FORMAT: SEMANTIC_LOSS MEAN_IOU PIX_ACC | DEPTH_LOSS ABS_ERR REL_ERR | NORMAL_LOSS MEAN MED <11.25 <22.5 <30 | ∆m (test)
Epoch: 0081 | lr=0.0001 | epoch lenth=398 | train time: 91.566 s | method famo | TRAIN: 0.8012 0.4248 0.6886 | 0.4365 0.4105 0.1936 | 0.1386 23.7492 18.3941 0.3039 0.5965 0.7209 || TEST: 1.1496 0.3460 0.6326 | 0.5807 0.5807 0.2471 | 0.1672 27.3783 21.6509 0.2612 0.5218 0.6483 | 3.982
LOSS FORMAT: SEMANTIC_LOSS MEAN_IOU PIX_ACC | DEPTH_LOSS ABS_ERR REL_ERR | NORMAL_LOSS MEAN MED <11.25 <22.5 <30 | ∆m (test)
Epoch: 0082 | lr=0.0001 | epoch lenth=398 | train time: 91.374 s | method famo | TRAIN: 0.7776 0.4348 0.6998 | 0.4324 0.4099 0.1934 | 0.1360 23.5527 18.1199 0.3102 0.6022 0.7248 || TEST: 1.2455 0.3130 0.6110 | 0.5821 0.5821 0.2535 | 0.1626 26.9584 21.2867 0.2670 0.5290 0.6533 | 4.762
LOSS FORMAT: SEMANTIC_LOSS MEAN_IOU PIX_ACC | DEPTH_LOSS ABS_ERR REL_ERR | NORMAL_LOSS MEAN MED <11.25 <22.5 <30 | ∆m (test)
Epoch: 0083 | lr=0.0001 | epoch lenth=398 | train time: 91.883 s | method famo | TRAIN: 0.7854 0.4307 0.6916 | 0.4300 0.4052 0.1892 | 0.1382 23.7474 18.4102 0.3072 0.5959 0.7200 || TEST: 1.1262 0.3648 0.6371 | 0.5630 0.5630 0.2333 | 0.1599 26.7030 21.1061 0.2693 0.5329 0.6595 | 1.207
LOSS FORMAT: SEMANTIC_LOSS MEAN_IOU PIX_ACC | DEPTH_LOSS ABS_ERR REL_ERR | NORMAL_LOSS MEAN MED <11.25 <22.5 <30 | ∆m (test)
Epoch: 0084 | lr=0.0001 | epoch lenth=398 | train time: 91.896 s | method famo | TRAIN: 0.7670 0.4510 0.7046 | 0.4270 0.4031 0.1898 | 0.1350 23.4257 18.1053 0.3111 0.6031 0.7272 || TEST: 1.1853 0.2927 0.6129 | 0.6113 0.6113 0.2399 | 0.1642 27.1309 21.5262 0.2633 0.5239 0.6510 | 5.743
LOSS FORMAT: SEMANTIC_LOSS MEAN_IOU PIX_ACC | DEPTH_LOSS ABS_ERR REL_ERR | NORMAL_LOSS MEAN MED <11.25 <22.5 <30 | ∆m (test)
Epoch: 0085 | lr=0.0001 | epoch lenth=398 | train time: 91.437 s | method famo | TRAIN: 0.7670 0.4206 0.6954 | 0.4216 0.3971 0.1836 | 0.1345 23.3439 17.9496 0.3134 0.6068 0.7298 || TEST: 1.1628 0.3429 0.6302 | 0.5941 0.5941 0.2299 | 0.1562 26.2879 20.6168 0.2771 0.5433 0.6668 | 1.263
LOSS FORMAT: SEMANTIC_LOSS MEAN_IOU PIX_ACC | DEPTH_LOSS ABS_ERR REL_ERR | NORMAL_LOSS MEAN MED <11.25 <22.5 <30 | ∆m (test)
Epoch: 0086 | lr=0.0001 | epoch lenth=398 | train time: 91.213 s | method famo | TRAIN: 0.7857 0.4399 0.6998 | 0.4198 0.3943 0.1863 | 0.1365 23.4416 17.9737 0.3134 0.6047 0.7272 || TEST: 1.1858 0.3464 0.6225 | 0.5701 0.5701 0.2303 | 0.1573 26.3941 20.6781 0.2751 0.5415 0.6655 | 1.131
LOSS FORMAT: SEMANTIC_LOSS MEAN_IOU PIX_ACC | DEPTH_LOSS ABS_ERR REL_ERR | NORMAL_LOSS MEAN MED <11.25 <22.5 <30 | ∆m (test)
Epoch: 0087 | lr=0.0001 | epoch lenth=398 | train time: 91.720 s | method famo | TRAIN: 0.7785 0.4374 0.6971 | 0.4256 0.3990 0.1837 | 0.1356 23.4233 18.1407 0.3089 0.6048 0.7286 || TEST: 1.1876 0.3277 0.6316 | 0.6006 0.6006 0.2323 | 0.1580 26.5074 20.8312 0.2700 0.5395 0.6655 | 2.460
LOSS FORMAT: SEMANTIC_LOSS MEAN_IOU PIX_ACC | DEPTH_LOSS ABS_ERR REL_ERR | NORMAL_LOSS MEAN MED <11.25 <22.5 <30 | ∆m (test)
Epoch: 0088 | lr=0.0001 | epoch lenth=398 | train time: 92.159 s | method famo | TRAIN: 0.7500 0.4348 0.7058 | 0.4143 0.3920 0.1808 | 0.1309 23.0008 17.6125 0.3192 0.6151 0.7372 || TEST: 1.2020 0.3162 0.6156 | 0.6492 0.6492 0.2393 | 0.1610 26.6554 20.6609 0.2750 0.5413 0.6647 | 3.914
LOSS FORMAT: SEMANTIC_LOSS MEAN_IOU PIX_ACC | DEPTH_LOSS ABS_ERR REL_ERR | NORMAL_LOSS MEAN MED <11.25 <22.5 <30 | ∆m (test)
Epoch: 0089 | lr=0.0001 | epoch lenth=398 | train time: 91.663 s | method famo | TRAIN: 0.7485 0.4332 0.7002 | 0.4092 0.3847 0.1809 | 0.1328 23.1126 17.6587 0.3186 0.6130 0.7353 || TEST: 1.1310 0.3430 0.6381 | 0.6098 0.6098 0.2431 | 0.1592 26.7974 21.4322 0.2624 0.5256 0.6533 | 3.709
LOSS FORMAT: SEMANTIC_LOSS MEAN_IOU PIX_ACC | DEPTH_LOSS ABS_ERR REL_ERR | NORMAL_LOSS MEAN MED <11.25 <22.5 <30 | ∆m (test)
Epoch: 0090 | lr=0.0001 | epoch lenth=398 | train time: 92.662 s | method famo | TRAIN: 0.7604 0.4437 0.7084 | 0.4144 0.3889 0.1800 | 0.1352 23.3415 17.9625 0.3130 0.6077 0.7300 || TEST: 1.1639 0.3192 0.6249 | 0.6171 0.6171 0.2353 | 0.1607 26.7047 20.8912 0.2697 0.5374 0.6636 | 3.421
LOSS FORMAT: SEMANTIC_LOSS MEAN_IOU PIX_ACC | DEPTH_LOSS ABS_ERR REL_ERR | NORMAL_LOSS MEAN MED <11.25 <22.5 <30 | ∆m (test)
Epoch: 0091 | lr=0.0001 | epoch lenth=398 | train time: 91.306 s | method famo | TRAIN: 0.7475 0.4337 0.7044 | 0.4027 0.3795 0.1804 | 0.1321 23.0619 17.6238 0.3196 0.6156 0.7370 || TEST: 1.1447 0.3464 0.6348 | 0.6427 0.6427 0.2601 | 0.1556 26.3078 20.6472 0.2719 0.5419 0.6663 | 3.339
LOSS FORMAT: SEMANTIC_LOSS MEAN_IOU PIX_ACC | DEPTH_LOSS ABS_ERR REL_ERR | NORMAL_LOSS MEAN MED <11.25 <22.5 <30 | ∆m (test)
Epoch: 0092 | lr=0.0001 | epoch lenth=398 | train time: 91.169 s | method famo | TRAIN: 0.7487 0.4479 0.7095 | 0.4032 0.3797 0.1787 | 0.1313 22.9521 17.5744 0.3203 0.6172 0.7393 || TEST: 1.2249 0.3413 0.6292 | 0.5819 0.5819 0.2425 | 0.1676 27.3945 21.5663 0.2587 0.5239 0.6523 | 3.962
LOSS FORMAT: SEMANTIC_LOSS MEAN_IOU PIX_ACC | DEPTH_LOSS ABS_ERR REL_ERR | NORMAL_LOSS MEAN MED <11.25 <22.5 <30 | ∆m (test)
Epoch: 0093 | lr=0.0001 | epoch lenth=398 | train time: 92.586 s | method famo | TRAIN: 0.7398 0.4464 0.7075 | 0.4029 0.3780 0.1790 | 0.1310 22.9360 17.5756 0.3201 0.6173 0.7390 || TEST: 1.1769 0.3159 0.6242 | 0.6461 0.6461 0.2349 | 0.1571 26.3341 20.5308 0.2769 0.5454 0.6689 | 3.111
LOSS FORMAT: SEMANTIC_LOSS MEAN_IOU PIX_ACC | DEPTH_LOSS ABS_ERR REL_ERR | NORMAL_LOSS MEAN MED <11.25 <22.5 <30 | ∆m (test)
Epoch: 0094 | lr=0.0001 | epoch lenth=398 | train time: 103.468 s | method famo | TRAIN: 0.7429 0.4358 0.7049 | 0.4028 0.3775 0.1803 | 0.1300 22.7457 17.3688 0.3253 0.6224 0.7434 || TEST: 1.1794 0.3277 0.6290 | 0.6083 0.6083 0.2507 | 0.1533 26.1041 20.4811 0.2735 0.5456 0.6704 | 2.662
LOSS FORMAT: SEMANTIC_LOSS MEAN_IOU PIX_ACC | DEPTH_LOSS ABS_ERR REL_ERR | NORMAL_LOSS MEAN MED <11.25 <22.5 <30 | ∆m (test)
Epoch: 0095 | lr=0.0001 | epoch lenth=398 | train time: 102.258 s | method famo | TRAIN: 0.7205 0.4498 0.7110 | 0.4029 0.3798 0.1794 | 0.1287 22.6176 17.1125 0.3315 0.6262 0.7447 || TEST: 1.1472 0.3218 0.6264 | 0.6912 0.6912 0.2465 | 0.1563 26.4962 21.0930 0.2656 0.5341 0.6611 | 5.267
LOSS FORMAT: SEMANTIC_LOSS MEAN_IOU PIX_ACC | DEPTH_LOSS ABS_ERR REL_ERR | NORMAL_LOSS MEAN MED <11.25 <22.5 <30 | ∆m (test)
Epoch: 0096 | lr=0.0001 | epoch lenth=398 | train time: 101.161 s | method famo | TRAIN: 0.7139 0.4443 0.7112 | 0.4048 0.3807 0.1759 | 0.1270 22.4394 16.9829 0.3348 0.6305 0.7485 || TEST: 1.1998 0.3349 0.6282 | 0.5904 0.5904 0.2288 | 0.1544 26.1807 20.5404 0.2762 0.5442 0.6684 | 1.321
LOSS FORMAT: SEMANTIC_LOSS MEAN_IOU PIX_ACC | DEPTH_LOSS ABS_ERR REL_ERR | NORMAL_LOSS MEAN MED <11.25 <22.5 <30 | ∆m (test)
Epoch: 0097 | lr=0.0001 | epoch lenth=398 | train time: 94.882 s | method famo | TRAIN: 0.7193 0.4497 0.7107 | 0.4018 0.3766 0.1745 | 0.1292 22.6995 17.3291 0.3244 0.6242 0.7452 || TEST: 1.1429 0.3482 0.6387 | 0.6086 0.6086 0.2340 | 0.1584 26.4006 20.4568 0.2781 0.5459 0.6690 | 1.200
LOSS FORMAT: SEMANTIC_LOSS MEAN_IOU PIX_ACC | DEPTH_LOSS ABS_ERR REL_ERR | NORMAL_LOSS MEAN MED <11.25 <22.5 <30 | ∆m (test)
Epoch: 0098 | lr=0.0001 | epoch lenth=398 | train time: 92.115 s | method famo | TRAIN: 0.7351 0.4500 0.7128 | 0.3906 0.3666 0.1746 | 0.1285 22.5832 17.2044 0.3282 0.6260 0.7472 || TEST: 1.1589 0.3260 0.6366 | 0.5867 0.5867 0.2319 | 0.1526 25.9133 20.1943 0.2823 0.5522 0.6758 | 0.681
LOSS FORMAT: SEMANTIC_LOSS MEAN_IOU PIX_ACC | DEPTH_LOSS ABS_ERR REL_ERR | NORMAL_LOSS MEAN MED <11.25 <22.5 <30 | ∆m (test)
Epoch: 0099 | lr=0.0001 | epoch lenth=398 | train time: 96.676 s | method famo | TRAIN: 0.7099 0.4451 0.7148 | 0.4002 0.3755 0.1775 | 0.1254 22.3157 16.8700 0.3335 0.6336 0.7525 || TEST: 1.1809 0.3488 0.6327 | 0.5609 0.5609 0.2288 | 0.1583 26.4451 20.6799 0.2754 0.5412 0.6676 | 0.657
LOSS FORMAT: SEMANTIC_LOSS MEAN_IOU PIX_ACC | DEPTH_LOSS ABS_ERR REL_ERR | NORMAL_LOSS MEAN MED <11.25 <22.5 <30 | ∆m (test)
Epoch: 0100 | lr=0.0001 | epoch lenth=398 | train time: 100.396 s | method famo | TRAIN: 0.6572 0.4648 0.7198 | 0.3583 0.3470 0.1636 | 0.1191 21.9682 16.5095 0.3443 0.6436 0.7592 || TEST: 1.1325 0.3472 0.6426 | 0.6072 0.6072 0.2335 | 0.1502 25.7650 20.2143 0.2808 0.5527 0.6768 | 0.342
LOSS FORMAT: SEMANTIC_LOSS MEAN_IOU PIX_ACC | DEPTH_LOSS ABS_ERR REL_ERR | NORMAL_LOSS MEAN MED <11.25 <22.5 <30 | ∆m (test)
Epoch: 0101 | lr=0.0001 | epoch lenth=398 | train time: 95.816 s | method famo | TRAIN: 0.6348 0.4715 0.7289 | 0.3597 0.3471 0.1664 | 0.1186 21.8739 16.4533 0.3450 0.6454 0.7618 || TEST: 1.1636 0.3479 0.6460 | 0.5468 0.5468 0.2188 | 0.1527 25.7671 19.7699 0.2884 0.5615 0.6826 | -2.123
LOSS FORMAT: SEMANTIC_LOSS MEAN_IOU PIX_ACC | DEPTH_LOSS ABS_ERR REL_ERR | NORMAL_LOSS MEAN MED <11.25 <22.5 <30 | ∆m (test)
Epoch: 0102 | lr=0.0001 | epoch lenth=398 | train time: 93.337 s | method famo | TRAIN: 0.6181 0.4772 0.7334 | 0.3573 0.3451 0.1617 | 0.1149 21.4185 15.9482 0.3584 0.6573 0.7702 || TEST: 1.2043 0.3620 0.6338 | 0.5674 0.5674 0.2188 | 0.1552 26.0231 19.9776 0.2861 0.5560 0.6774 | -1.474
LOSS FORMAT: SEMANTIC_LOSS MEAN_IOU PIX_ACC | DEPTH_LOSS ABS_ERR REL_ERR | NORMAL_LOSS MEAN MED <11.25 <22.5 <30 | ∆m (test)
Epoch: 0103 | lr=0.0001 | epoch lenth=398 | train time: 93.452 s | method famo | TRAIN: 0.6190 0.4801 0.7276 | 0.3534 0.3411 0.1594 | 0.1155 21.4367 15.9093 0.3596 0.6573 0.7692 || TEST: 1.1662 0.3606 0.6436 | 0.5797 0.5797 0.2244 | 0.1608 26.5594 20.5768 0.2778 0.5437 0.6686 | 0.094
LOSS FORMAT: SEMANTIC_LOSS MEAN_IOU PIX_ACC | DEPTH_LOSS ABS_ERR REL_ERR | NORMAL_LOSS MEAN MED <11.25 <22.5 <30 | ∆m (test)
Epoch: 0104 | lr=0.0001 | epoch lenth=398 | train time: 92.072 s | method famo | TRAIN: 0.6160 0.4833 0.7342 | 0.3532 0.3401 0.1590 | 0.1154 21.3909 15.8785 0.3614 0.6588 0.7711 || TEST: 1.1085 0.3445 0.6485 | 0.6204 0.6204 0.2335 | 0.1476 25.3735 19.5971 0.2928 0.5639 0.6848 | -0.789
LOSS FORMAT: SEMANTIC_LOSS MEAN_IOU PIX_ACC | DEPTH_LOSS ABS_ERR REL_ERR | NORMAL_LOSS MEAN MED <11.25 <22.5 <30 | ∆m (test)
Epoch: 0105 | lr=0.0001 | epoch lenth=398 | train time: 92.123 s | method famo | TRAIN: 0.6186 0.4766 0.7345 | 0.3487 0.3362 0.1584 | 0.1142 21.3403 15.8723 0.3588 0.6594 0.7718 || TEST: 1.1536 0.3650 0.6471 | 0.5640 0.5640 0.2274 | 0.1487 25.4008 19.4830 0.2928 0.5670 0.6878 | -2.693
LOSS FORMAT: SEMANTIC_LOSS MEAN_IOU PIX_ACC | DEPTH_LOSS ABS_ERR REL_ERR | NORMAL_LOSS MEAN MED <11.25 <22.5 <30 | ∆m (test)
Epoch: 0106 | lr=0.0001 | epoch lenth=398 | train time: 91.920 s | method famo | TRAIN: 0.5821 0.4926 0.7401 | 0.3385 0.3261 0.1545 | 0.1133 21.2069 15.6738 0.3632 0.6645 0.7750 || TEST: 1.1911 0.3420 0.6387 | 0.5603 0.5603 0.2200 | 0.1484 25.3909 19.5081 0.2945 0.5650 0.6860 | -2.218
LOSS FORMAT: SEMANTIC_LOSS MEAN_IOU PIX_ACC | DEPTH_LOSS ABS_ERR REL_ERR | NORMAL_LOSS MEAN MED <11.25 <22.5 <30 | ∆m (test)
Epoch: 0107 | lr=0.0001 | epoch lenth=398 | train time: 91.807 s | method famo | TRAIN: 0.6059 0.4743 0.7321 | 0.3427 0.3294 0.1558 | 0.1145 21.2965 15.8276 0.3605 0.6619 0.7735 || TEST: 1.1714 0.3386 0.6360 | 0.5748 0.5748 0.2257 | 0.1450 25.0323 19.1537 0.3001 0.5734 0.6931 | -2.456
LOSS FORMAT: SEMANTIC_LOSS MEAN_IOU PIX_ACC | DEPTH_LOSS ABS_ERR REL_ERR | NORMAL_LOSS MEAN MED <11.25 <22.5 <30 | ∆m (test)
Epoch: 0108 | lr=0.0001 | epoch lenth=398 | train time: 91.591 s | method famo | TRAIN: 0.5810 0.4819 0.7357 | 0.3405 0.3276 0.1548 | 0.1125 21.0981 15.6674 0.3643 0.6660 0.7773 || TEST: 1.2082 0.3414 0.6361 | 0.5787 0.5787 0.2342 | 0.1490 25.4869 19.6595 0.2918 0.5625 0.6836 | -0.971
LOSS FORMAT: SEMANTIC_LOSS MEAN_IOU PIX_ACC | DEPTH_LOSS ABS_ERR REL_ERR | NORMAL_LOSS MEAN MED <11.25 <22.5 <30 | ∆m (test)
Epoch: 0109 | lr=0.0001 | epoch lenth=398 | train time: 92.129 s | method famo | TRAIN: 0.5887 0.4803 0.7345 | 0.3412 0.3278 0.1543 | 0.1123 21.0477 15.5882 0.3661 0.6669 0.7778 || TEST: 1.1721 0.3414 0.6377 | 0.5929 0.5929 0.2249 | 0.1489 25.4341 19.5903 0.2938 0.5648 0.6855 | -1.350
LOSS FORMAT: SEMANTIC_LOSS MEAN_IOU PIX_ACC | DEPTH_LOSS ABS_ERR REL_ERR | NORMAL_LOSS MEAN MED <11.25 <22.5 <30 | ∆m (test)
Epoch: 0110 | lr=0.0001 | epoch lenth=398 | train time: 91.371 s | method famo | TRAIN: 0.5888 0.4804 0.7362 | 0.3350 0.3224 0.1517 | 0.1109 20.9244 15.4565 0.3683 0.6707 0.7804 || TEST: 1.1769 0.3439 0.6434 | 0.6055 0.6055 0.2265 | 0.1484 25.4342 19.6616 0.2924 0.5633 0.6845 | -1.114
LOSS FORMAT: SEMANTIC_LOSS MEAN_IOU PIX_ACC | DEPTH_LOSS ABS_ERR REL_ERR | NORMAL_LOSS MEAN MED <11.25 <22.5 <30 | ∆m (test)
Epoch: 0111 | lr=0.0001 | epoch lenth=398 | train time: 91.224 s | method famo | TRAIN: 0.5755 0.4876 0.7398 | 0.3426 0.3294 0.1527 | 0.1094 20.7520 15.3446 0.3713 0.6750 0.7845 || TEST: 1.1770 0.3490 0.6393 | 0.5958 0.5958 0.2360 | 0.1500 25.5218 19.5496 0.2915 0.5658 0.6863 | -1.037
LOSS FORMAT: SEMANTIC_LOSS MEAN_IOU PIX_ACC | DEPTH_LOSS ABS_ERR REL_ERR | NORMAL_LOSS MEAN MED <11.25 <22.5 <30 | ∆m (test)
Epoch: 0112 | lr=0.0001 | epoch lenth=398 | train time: 92.313 s | method famo | TRAIN: 0.5769 0.4892 0.7392 | 0.3288 0.3153 0.1500 | 0.1112 20.9498 15.5792 0.3658 0.6700 0.7814 || TEST: 1.1717 0.3543 0.6469 | 0.6317 0.6317 0.2315 | 0.1492 25.4503 19.5463 0.2944 0.5654 0.6856 | -1.035
LOSS FORMAT: SEMANTIC_LOSS MEAN_IOU PIX_ACC | DEPTH_LOSS ABS_ERR REL_ERR | NORMAL_LOSS MEAN MED <11.25 <22.5 <30 | ∆m (test)
Epoch: 0113 | lr=0.0001 | epoch lenth=398 | train time: 90.975 s | method famo | TRAIN: 0.5695 0.4927 0.7431 | 0.3334 0.3208 0.1473 | 0.1080 20.5733 15.1912 0.3770 0.6799 0.7879 || TEST: 1.2188 0.3535 0.6373 | 0.5631 0.5631 0.2401 | 0.1516 25.5429 19.2985 0.2955 0.5708 0.6901 | -1.951
LOSS FORMAT: SEMANTIC_LOSS MEAN_IOU PIX_ACC | DEPTH_LOSS ABS_ERR REL_ERR | NORMAL_LOSS MEAN MED <11.25 <22.5 <30 | ∆m (test)
Epoch: 0114 | lr=0.0001 | epoch lenth=398 | train time: 90.702 s | method famo | TRAIN: 0.5750 0.4896 0.7383 | 0.3417 0.3279 0.1540 | 0.1104 20.8089 15.3348 0.3712 0.6742 0.7837 || TEST: 1.1680 0.3449 0.6465 | 0.5663 0.5663 0.2295 | 0.1459 25.1836 19.4042 0.2952 0.5688 0.6899 | -2.281
LOSS FORMAT: SEMANTIC_LOSS MEAN_IOU PIX_ACC | DEPTH_LOSS ABS_ERR REL_ERR | NORMAL_LOSS MEAN MED <11.25 <22.5 <30 | ∆m (test)
Epoch: 0115 | lr=0.0001 | epoch lenth=398 | train time: 90.589 s | method famo | TRAIN: 0.5576 0.4909 0.7449 | 0.3330 0.3200 0.1487 | 0.1076 20.5240 15.0839 0.3772 0.6818 0.7892 || TEST: 1.1928 0.3278 0.6355 | 0.6255 0.6255 0.2307 | 0.1462 25.1977 19.3507 0.2958 0.5692 0.6895 | -0.614
LOSS FORMAT: SEMANTIC_LOSS MEAN_IOU PIX_ACC | DEPTH_LOSS ABS_ERR REL_ERR | NORMAL_LOSS MEAN MED <11.25 <22.5 <30 | ∆m (test)
Epoch: 0116 | lr=0.0001 | epoch lenth=398 | train time: 91.782 s | method famo | TRAIN: 0.5681 0.4823 0.7386 | 0.3306 0.3163 0.1509 | 0.1095 20.7010 15.3415 0.3713 0.6756 0.7856 || TEST: 1.1940 0.3782 0.6551 | 0.5674 0.5674 0.2356 | 0.1522 25.6681 19.5931 0.2903 0.5654 0.6871 | -2.519
LOSS FORMAT: SEMANTIC_LOSS MEAN_IOU PIX_ACC | DEPTH_LOSS ABS_ERR REL_ERR | NORMAL_LOSS MEAN MED <11.25 <22.5 <30 | ∆m (test)
Epoch: 0117 | lr=0.0001 | epoch lenth=398 | train time: 91.046 s | method famo | TRAIN: 0.5557 0.5080 0.7500 | 0.3296 0.3169 0.1487 | 0.1081 20.5668 15.1240 0.3780 0.6800 0.7884 || TEST: 1.2383 0.3291 0.6373 | 0.5644 0.5644 0.2212 | 0.1478 25.2786 19.3488 0.2971 0.5697 0.6904 | -2.110
LOSS FORMAT: SEMANTIC_LOSS MEAN_IOU PIX_ACC | DEPTH_LOSS ABS_ERR REL_ERR | NORMAL_LOSS MEAN MED <11.25 <22.5 <30 | ∆m (test)
Epoch: 0118 | lr=0.0001 | epoch lenth=398 | train time: 95.082 s | method famo | TRAIN: 0.5460 0.4970 0.7437 | 0.3278 0.3153 0.1471 | 0.1074 20.5008 15.1371 0.3766 0.6808 0.7897 || TEST: 1.1865 0.3286 0.6323 | 0.5830 0.5830 0.2247 | 0.1468 25.2299 19.3828 0.2967 0.5695 0.6898 | -1.531
LOSS FORMAT: SEMANTIC_LOSS MEAN_IOU PIX_ACC | DEPTH_LOSS ABS_ERR REL_ERR | NORMAL_LOSS MEAN MED <11.25 <22.5 <30 | ∆m (test)
Epoch: 0119 | lr=0.0001 | epoch lenth=398 | train time: 90.926 s | method famo | TRAIN: 0.5419 0.4883 0.7410 | 0.3265 0.3129 0.1478 | 0.1075 20.4488 14.9773 0.3802 0.6835 0.7903 || TEST: 1.2149 0.3426 0.6274 | 0.6031 0.6031 0.2277 | 0.1539 25.8919 19.9025 0.2891 0.5579 0.6787 | -0.125
LOSS FORMAT: SEMANTIC_LOSS MEAN_IOU PIX_ACC | DEPTH_LOSS ABS_ERR REL_ERR | NORMAL_LOSS MEAN MED <11.25 <22.5 <30 | ∆m (test)
Epoch: 0120 | lr=0.0001 | epoch lenth=398 | train time: 91.540 s | method famo | TRAIN: 0.5520 0.4897 0.7380 | 0.3317 0.3180 0.1493 | 0.1081 20.5559 15.1777 0.3759 0.6801 0.7889 || TEST: 1.2123 0.3773 0.6469 | 0.5683 0.5683 0.2317 | 0.1536 25.7732 19.6011 0.2898 0.5657 0.6867 | -2.415
LOSS FORMAT: SEMANTIC_LOSS MEAN_IOU PIX_ACC | DEPTH_LOSS ABS_ERR REL_ERR | NORMAL_LOSS MEAN MED <11.25 <22.5 <30 | ∆m (test)
Epoch: 0121 | lr=0.0001 | epoch lenth=398 | train time: 91.482 s | method famo | TRAIN: 0.5531 0.5064 0.7468 | 0.3250 0.3114 0.1492 | 0.1073 20.4029 14.9184 0.3833 0.6840 0.7912 || TEST: 1.2679 0.3386 0.6315 | 0.5766 0.5766 0.2310 | 0.1485 25.3426 19.3628 0.2947 0.5698 0.6904 | -1.561
LOSS FORMAT: SEMANTIC_LOSS MEAN_IOU PIX_ACC | DEPTH_LOSS ABS_ERR REL_ERR | NORMAL_LOSS MEAN MED <11.25 <22.5 <30 | ∆m (test)
Epoch: 0122 | lr=0.0001 | epoch lenth=398 | train time: 91.324 s | method famo | TRAIN: 0.5658 0.4866 0.7378 | 0.3257 0.3117 0.1478 | 0.1085 20.5482 15.1178 0.3764 0.6814 0.7898 || TEST: 1.2522 0.3687 0.6423 | 0.5583 0.5583 0.2315 | 0.1502 25.4813 19.4138 0.2948 0.5688 0.6889 | -2.774
LOSS FORMAT: SEMANTIC_LOSS MEAN_IOU PIX_ACC | DEPTH_LOSS ABS_ERR REL_ERR | NORMAL_LOSS MEAN MED <11.25 <22.5 <30 | ∆m (test)
Epoch: 0123 | lr=0.0001 | epoch lenth=398 | train time: 91.734 s | method famo | TRAIN: 0.5476 0.5073 0.7465 | 0.3273 0.3134 0.1497 | 0.1084 20.5027 15.0771 0.3817 0.6825 0.7898 || TEST: 1.1872 0.3250 0.6190 | 0.7424 0.7424 0.2549 | 0.1466 25.4164 19.9290 0.2857 0.5584 0.6830 | 3.762
LOSS FORMAT: SEMANTIC_LOSS MEAN_IOU PIX_ACC | DEPTH_LOSS ABS_ERR REL_ERR | NORMAL_LOSS MEAN MED <11.25 <22.5 <30 | ∆m (test)
Epoch: 0124 | lr=0.0001 | epoch lenth=398 | train time: 91.876 s | method famo | TRAIN: 0.5402 0.4853 0.7376 | 0.3207 0.3076 0.1460 | 0.1077 20.4561 14.9988 0.3810 0.6834 0.7906 || TEST: 1.1831 0.3250 0.6337 | 0.6118 0.6118 0.2277 | 0.1484 25.5470 20.0095 0.2862 0.5556 0.6804 | 0.452
LOSS FORMAT: SEMANTIC_LOSS MEAN_IOU PIX_ACC | DEPTH_LOSS ABS_ERR REL_ERR | NORMAL_LOSS MEAN MED <11.25 <22.5 <30 | ∆m (test)
Epoch: 0125 | lr=0.0001 | epoch lenth=398 | train time: 95.918 s | method famo | TRAIN: 0.5381 0.4914 0.7438 | 0.3210 0.3080 0.1436 | 0.1059 20.2726 14.9427 0.3840 0.6872 0.7941 || TEST: 1.1842 0.3559 0.6486 | 0.5585 0.5585 0.2240 | 0.1479 25.2575 19.2840 0.2973 0.5717 0.6926 | -3.197
LOSS FORMAT: SEMANTIC_LOSS MEAN_IOU PIX_ACC | DEPTH_LOSS ABS_ERR REL_ERR | NORMAL_LOSS MEAN MED <11.25 <22.5 <30 | ∆m (test)
Epoch: 0126 | lr=0.0001 | epoch lenth=398 | train time: 92.268 s | method famo | TRAIN: 0.5323 0.5046 0.7513 | 0.3206 0.3077 0.1456 | 0.1050 20.1583 14.7924 0.3863 0.6902 0.7970 || TEST: 1.1788 0.3623 0.6567 | 0.6212 0.6212 0.2302 | 0.1485 25.3386 19.4094 0.2971 0.5699 0.6889 | -2.032
LOSS FORMAT: SEMANTIC_LOSS MEAN_IOU PIX_ACC | DEPTH_LOSS ABS_ERR REL_ERR | NORMAL_LOSS MEAN MED <11.25 <22.5 <30 | ∆m (test)
Epoch: 0127 | lr=0.0001 | epoch lenth=398 | train time: 92.481 s | method famo | TRAIN: 0.5416 0.5040 0.7534 | 0.3206 0.3071 0.1462 | 0.1067 20.3542 14.9850 0.3825 0.6849 0.7923 || TEST: 1.2207 0.3476 0.6430 | 0.5738 0.5738 0.2332 | 0.1471 25.2096 19.2928 0.2985 0.5719 0.6914 | -2.284
LOSS FORMAT: SEMANTIC_LOSS MEAN_IOU PIX_ACC | DEPTH_LOSS ABS_ERR REL_ERR | NORMAL_LOSS MEAN MED <11.25 <22.5 <30 | ∆m (test)
Epoch: 0128 | lr=0.0001 | epoch lenth=398 | train time: 92.302 s | method famo | TRAIN: 0.5288 0.5032 0.7495 | 0.3192 0.3053 0.1425 | 0.1050 20.1364 14.7452 0.3884 0.6916 0.7973 || TEST: 1.1778 0.3594 0.6490 | 0.5637 0.5637 0.2250 | 0.1476 25.3198 19.4594 0.2922 0.5685 0.6903 | -2.766
LOSS FORMAT: SEMANTIC_LOSS MEAN_IOU PIX_ACC | DEPTH_LOSS ABS_ERR REL_ERR | NORMAL_LOSS MEAN MED <11.25 <22.5 <30 | ∆m (test)
Epoch: 0129 | lr=0.0001 | epoch lenth=398 | train time: 92.216 s | method famo | TRAIN: 0.5196 0.5125 0.7530 | 0.3175 0.3044 0.1425 | 0.1054 20.1977 14.8267 0.3852 0.6898 0.7961 || TEST: 1.2002 0.3506 0.6422 | 0.6020 0.6020 0.2266 | 0.1516 25.6852 19.7535 0.2908 0.5610 0.6822 | -1.031
LOSS FORMAT: SEMANTIC_LOSS MEAN_IOU PIX_ACC | DEPTH_LOSS ABS_ERR REL_ERR | NORMAL_LOSS MEAN MED <11.25 <22.5 <30 | ∆m (test)
Epoch: 0130 | lr=0.0001 | epoch lenth=398 | train time: 91.649 s | method famo | TRAIN: 0.5220 0.5055 0.7502 | 0.3098 0.2971 0.1433 | 0.1045 20.0562 14.5891 0.3908 0.6943 0.7993 || TEST: 1.2137 0.3424 0.6361 | 0.5917 0.5917 0.2263 | 0.1467 25.3579 19.6276 0.2880 0.5645 0.6865 | -1.120
LOSS FORMAT: SEMANTIC_LOSS MEAN_IOU PIX_ACC | DEPTH_LOSS ABS_ERR REL_ERR | NORMAL_LOSS MEAN MED <11.25 <22.5 <30 | ∆m (test)
Epoch: 0131 | lr=0.0001 | epoch lenth=398 | train time: 96.142 s | method famo | TRAIN: 0.5167 0.5011 0.7487 | 0.3157 0.3015 0.1421 | 0.1047 20.0796 14.7887 0.3879 0.6934 0.7991 || TEST: 1.2100 0.3704 0.6453 | 0.5587 0.5587 0.2258 | 0.1534 25.8765 19.8342 0.2821 0.5616 0.6852 | -2.014
LOSS FORMAT: SEMANTIC_LOSS MEAN_IOU PIX_ACC | DEPTH_LOSS ABS_ERR REL_ERR | NORMAL_LOSS MEAN MED <11.25 <22.5 <30 | ∆m (test)
Epoch: 0132 | lr=0.0001 | epoch lenth=398 | train time: 91.126 s | method famo | TRAIN: 0.5037 0.5177 0.7543 | 0.3121 0.2996 0.1417 | 0.1038 19.9891 14.6648 0.3925 0.6950 0.8005 || TEST: 1.2769 0.3431 0.6298 | 0.5618 0.5618 0.2219 | 0.1474 25.2838 19.3952 0.2957 0.5696 0.6894 | -2.299
LOSS FORMAT: SEMANTIC_LOSS MEAN_IOU PIX_ACC | DEPTH_LOSS ABS_ERR REL_ERR | NORMAL_LOSS MEAN MED <11.25 <22.5 <30 | ∆m (test)
Epoch: 0133 | lr=0.0001 | epoch lenth=398 | train time: 91.632 s | method famo | TRAIN: 0.4994 0.5060 0.7485 | 0.3142 0.3008 0.1394 | 0.1027 19.9341 14.6594 0.3895 0.6958 0.8019 || TEST: 1.2125 0.3687 0.6519 | 0.5687 0.5687 0.2198 | 0.1472 25.1251 19.0367 0.3015 0.5772 0.6959 | -4.137
LOSS FORMAT: SEMANTIC_LOSS MEAN_IOU PIX_ACC | DEPTH_LOSS ABS_ERR REL_ERR | NORMAL_LOSS MEAN MED <11.25 <22.5 <30 | ∆m (test)
Epoch: 0134 | lr=0.0001 | epoch lenth=398 | train time: 93.489 s | method famo | TRAIN: 0.5137 0.5147 0.7565 | 0.3084 0.2956 0.1404 | 0.1031 19.9156 14.5903 0.3921 0.6968 0.8022 || TEST: 1.1934 0.3485 0.6425 | 0.5806 0.5806 0.2166 | 0.1532 25.7669 19.8031 0.2934 0.5601 0.6808 | -1.720
LOSS FORMAT: SEMANTIC_LOSS MEAN_IOU PIX_ACC | DEPTH_LOSS ABS_ERR REL_ERR | NORMAL_LOSS MEAN MED <11.25 <22.5 <30 | ∆m (test)
Epoch: 0135 | lr=0.0001 | epoch lenth=398 | train time: 105.311 s | method famo | TRAIN: 0.5244 0.5040 0.7503 | 0.3087 0.2954 0.1381 | 0.1040 19.9773 14.5829 0.3924 0.6960 0.8007 || TEST: 1.1987 0.3664 0.6525 | 0.6045 0.6045 0.2267 | 0.1480 25.3562 19.4929 0.2935 0.5676 0.6892 | -2.264
LOSS FORMAT: SEMANTIC_LOSS MEAN_IOU PIX_ACC | DEPTH_LOSS ABS_ERR REL_ERR | NORMAL_LOSS MEAN MED <11.25 <22.5 <30 | ∆m (test)
Epoch: 0136 | lr=0.0001 | epoch lenth=398 | train time: 105.771 s | method famo | TRAIN: 0.5069 0.5186 0.7583 | 0.3080 0.2946 0.1393 | 0.1034 19.9202 14.5593 0.3940 0.6980 0.8020 || TEST: 1.2779 0.3621 0.6421 | 0.5566 0.5566 0.2187 | 0.1560 26.0172 19.8350 0.2856 0.5611 0.6834 | -2.069
LOSS FORMAT: SEMANTIC_LOSS MEAN_IOU PIX_ACC | DEPTH_LOSS ABS_ERR REL_ERR | NORMAL_LOSS MEAN MED <11.25 <22.5 <30 | ∆m (test)
Epoch: 0137 | lr=0.0001 | epoch lenth=398 | train time: 105.837 s | method famo | TRAIN: 0.4994 0.5173 0.7541 | 0.3075 0.2945 0.1363 | 0.0994 19.5066 14.2160 0.4029 0.7068 0.8093 || TEST: 1.2266 0.3586 0.6471 | 0.5893 0.5893 0.2274 | 0.1484 25.2534 19.1456 0.3019 0.5739 0.6913 | -2.877
LOSS FORMAT: SEMANTIC_LOSS MEAN_IOU PIX_ACC | DEPTH_LOSS ABS_ERR REL_ERR | NORMAL_LOSS MEAN MED <11.25 <22.5 <30 | ∆m (test)
Epoch: 0138 | lr=0.0001 | epoch lenth=398 | train time: 94.925 s | method famo | TRAIN: 0.5116 0.5103 0.7543 | 0.3073 0.2936 0.1433 | 0.1029 19.8574 14.4856 0.3946 0.6990 0.8032 || TEST: 1.2109 0.3495 0.6463 | 0.5659 0.5659 0.2186 | 0.1449 24.9294 18.9562 0.3070 0.5775 0.6953 | -3.912
LOSS FORMAT: SEMANTIC_LOSS MEAN_IOU PIX_ACC | DEPTH_LOSS ABS_ERR REL_ERR | NORMAL_LOSS MEAN MED <11.25 <22.5 <30 | ∆m (test)
Epoch: 0139 | lr=0.0001 | epoch lenth=398 | train time: 92.253 s | method famo | TRAIN: 0.4903 0.5116 0.7573 | 0.3123 0.2992 0.1388 | 0.1007 19.6148 14.3164 0.4002 0.7043 0.8075 || TEST: 1.2268 0.3652 0.6448 | 0.5578 0.5578 0.2225 | 0.1460 25.0919 19.1202 0.2996 0.5758 0.6952 | -3.845
LOSS FORMAT: SEMANTIC_LOSS MEAN_IOU PIX_ACC | DEPTH_LOSS ABS_ERR REL_ERR | NORMAL_LOSS MEAN MED <11.25 <22.5 <30 | ∆m (test)
Epoch: 0140 | lr=0.0001 | epoch lenth=398 | train time: 92.655 s | method famo | TRAIN: 0.4839 0.5164 0.7580 | 0.3008 0.2882 0.1352 | 0.1009 19.6016 14.2489 0.4036 0.7049 0.8070 || TEST: 1.2103 0.3431 0.6381 | 0.5982 0.5982 0.2325 | 0.1482 25.2765 19.3314 0.3017 0.5694 0.6881 | -1.658
LOSS FORMAT: SEMANTIC_LOSS MEAN_IOU PIX_ACC | DEPTH_LOSS ABS_ERR REL_ERR | NORMAL_LOSS MEAN MED <11.25 <22.5 <30 | ∆m (test)
Epoch: 0141 | lr=0.0001 | epoch lenth=398 | train time: 92.301 s | method famo | TRAIN: 0.4947 0.5038 0.7540 | 0.3060 0.2920 0.1380 | 0.1013 19.6635 14.3486 0.3987 0.7035 0.8070 || TEST: 1.2673 0.3465 0.6379 | 0.5631 0.5631 0.2225 | 0.1470 25.1293 19.0693 0.3018 0.5756 0.6945 | -3.176
LOSS FORMAT: SEMANTIC_LOSS MEAN_IOU PIX_ACC | DEPTH_LOSS ABS_ERR REL_ERR | NORMAL_LOSS MEAN MED <11.25 <22.5 <30 | ∆m (test)
Epoch: 0142 | lr=0.0001 | epoch lenth=398 | train time: 91.970 s | method famo | TRAIN: 0.4869 0.5123 0.7545 | 0.3027 0.2896 0.1350 | 0.1001 19.5700 14.2961 0.4001 0.7059 0.8090 || TEST: 1.2459 0.3458 0.6470 | 0.5482 0.5482 0.2301 | 0.1515 25.5875 19.5504 0.2958 0.5655 0.6856 | -2.214
LOSS FORMAT: SEMANTIC_LOSS MEAN_IOU PIX_ACC | DEPTH_LOSS ABS_ERR REL_ERR | NORMAL_LOSS MEAN MED <11.25 <22.5 <30 | ∆m (test)
Epoch: 0143 | lr=0.0001 | epoch lenth=398 | train time: 92.178 s | method famo | TRAIN: 0.5044 0.5048 0.7567 | 0.3000 0.2866 0.1364 | 0.1011 19.6444 14.3184 0.4004 0.7036 0.8073 || TEST: 1.3262 0.3219 0.6247 | 0.5475 0.5475 0.2283 | 0.1464 25.0748 19.0482 0.3028 0.5761 0.6945 | -2.339
LOSS FORMAT: SEMANTIC_LOSS MEAN_IOU PIX_ACC | DEPTH_LOSS ABS_ERR REL_ERR | NORMAL_LOSS MEAN MED <11.25 <22.5 <30 | ∆m (test)
Epoch: 0144 | lr=0.0001 | epoch lenth=398 | train time: 92.522 s | method famo | TRAIN: 0.4810 0.5025 0.7491 | 0.3054 0.2916 0.1381 | 0.1011 19.5857 14.2110 0.4027 0.7063 0.8084 || TEST: 1.2179 0.3559 0.6497 | 0.5752 0.5752 0.2237 | 0.1503 25.5068 19.5339 0.2953 0.5649 0.6865 | -2.394
LOSS FORMAT: SEMANTIC_LOSS MEAN_IOU PIX_ACC | DEPTH_LOSS ABS_ERR REL_ERR | NORMAL_LOSS MEAN MED <11.25 <22.5 <30 | ∆m (test)
Epoch: 0145 | lr=0.0001 | epoch lenth=398 | train time: 93.219 s | method famo | TRAIN: 0.4907 0.5115 0.7584 | 0.3037 0.2903 0.1395 | 0.1006 19.6098 14.2931 0.4002 0.7051 0.8082 || TEST: 1.1906 0.3567 0.6482 | 0.5916 0.5916 0.2226 | 0.1488 25.3791 19.4076 0.2960 0.5691 0.6885 | -2.431
LOSS FORMAT: SEMANTIC_LOSS MEAN_IOU PIX_ACC | DEPTH_LOSS ABS_ERR REL_ERR | NORMAL_LOSS MEAN MED <11.25 <22.5 <30 | ∆m (test)
Epoch: 0146 | lr=0.0001 | epoch lenth=398 | train time: 107.512 s | method famo | TRAIN: 0.4991 0.5151 0.7583 | 0.3029 0.2885 0.1348 | 0.1009 19.6104 14.3250 0.3989 0.7055 0.8087 || TEST: 1.2016 0.3697 0.6498 | 0.5786 0.5786 0.2213 | 0.1442 24.8809 18.9233 0.3047 0.5792 0.6979 | -4.275
LOSS FORMAT: SEMANTIC_LOSS MEAN_IOU PIX_ACC | DEPTH_LOSS ABS_ERR REL_ERR | NORMAL_LOSS MEAN MED <11.25 <22.5 <30 | ∆m (test)
Epoch: 0147 | lr=0.0001 | epoch lenth=398 | train time: 93.371 s | method famo | TRAIN: 0.4700 0.5233 0.7634 | 0.3034 0.2903 0.1386 | 0.0985 19.3382 14.0416 0.4085 0.7120 0.8134 || TEST: 1.2234 0.3290 0.6312 | 0.6176 0.6176 0.2304 | 0.1502 25.7869 20.2515 0.2810 0.5503 0.6748 | 1.212
LOSS FORMAT: SEMANTIC_LOSS MEAN_IOU PIX_ACC | DEPTH_LOSS ABS_ERR REL_ERR | NORMAL_LOSS MEAN MED <11.25 <22.5 <30 | ∆m (test)
Epoch: 0148 | lr=0.0001 | epoch lenth=398 | train time: 93.576 s | method famo | TRAIN: 0.4810 0.5090 0.7530 | 0.3040 0.2901 0.1359 | 0.0990 19.3756 14.1353 0.4060 0.7104 0.8126 || TEST: 1.2287 0.3582 0.6509 | 0.5503 0.5503 0.2227 | 0.1473 25.1634 19.1391 0.3037 0.5733 0.6920 | -3.870
LOSS FORMAT: SEMANTIC_LOSS MEAN_IOU PIX_ACC | DEPTH_LOSS ABS_ERR REL_ERR | NORMAL_LOSS MEAN MED <11.25 <22.5 <30 | ∆m (test)
Epoch: 0149 | lr=0.0001 | epoch lenth=398 | train time: 93.340 s | method famo | TRAIN: 0.4749 0.5211 0.7624 | 0.2952 0.2826 0.1343 | 0.0971 19.2307 14.0256 0.4091 0.7145 0.8157 || TEST: 1.2744 0.3716 0.6477 | 0.5488 0.5488 0.2212 | 0.1482 25.1840 18.9499 0.3023 0.5788 0.6966 | -4.515
LOSS FORMAT: SEMANTIC_LOSS MEAN_IOU PIX_ACC | DEPTH_LOSS ABS_ERR REL_ERR | NORMAL_LOSS MEAN MED <11.25 <22.5 <30 | ∆m (test)
Epoch: 0150 | lr=0.0001 | epoch lenth=398 | train time: 92.797 s | method famo | TRAIN: 0.4739 0.5301 0.7615 | 0.2936 0.2809 0.1351 | 0.0969 19.1444 13.8333 0.4135 0.7168 0.8170 || TEST: 1.2321 0.3537 0.6492 | 0.5885 0.5885 0.2292 | 0.1464 25.0742 19.1224 0.3029 0.5749 0.6944 | -2.913
LOSS FORMAT: SEMANTIC_LOSS MEAN_IOU PIX_ACC | DEPTH_LOSS ABS_ERR REL_ERR | NORMAL_LOSS MEAN MED <11.25 <22.5 <30 | ∆m (test)
Epoch: 0151 | lr=0.0001 | epoch lenth=398 | train time: 93.024 s | method famo | TRAIN: 0.4808 0.5186 0.7613 | 0.2969 0.2830 0.1364 | 0.0995 19.4144 14.0814 0.4073 0.7101 0.8120 || TEST: 1.2558 0.3483 0.6442 | 0.5707 0.5707 0.2211 | 0.1470 25.0696 18.9694 0.3065 0.5773 0.6949 | -3.561
LOSS FORMAT: SEMANTIC_LOSS MEAN_IOU PIX_ACC | DEPTH_LOSS ABS_ERR REL_ERR | NORMAL_LOSS MEAN MED <11.25 <22.5 <30 | ∆m (test)
Epoch: 0152 | lr=0.0001 | epoch lenth=398 | train time: 92.726 s | method famo | TRAIN: 0.4603 0.5169 0.7624 | 0.2908 0.2775 0.1322 | 0.0982 19.2734 13.9813 0.4096 0.7141 0.8150 || TEST: 1.2461 0.3358 0.6312 | 0.5732 0.5732 0.2287 | 0.1461 25.1550 19.3401 0.2990 0.5695 0.6904 | -1.875
LOSS FORMAT: SEMANTIC_LOSS MEAN_IOU PIX_ACC | DEPTH_LOSS ABS_ERR REL_ERR | NORMAL_LOSS MEAN MED <11.25 <22.5 <30 | ∆m (test)
Epoch: 0153 | lr=0.0001 | epoch lenth=398 | train time: 92.748 s | method famo | TRAIN: 0.4753 0.5106 0.7537 | 0.2975 0.2841 0.1327 | 0.0988 19.3850 14.0866 0.4045 0.7118 0.8137 || TEST: 1.2631 0.3429 0.6436 | 0.5826 0.5826 0.2179 | 0.1507 25.4223 19.2559 0.2989 0.5725 0.6926 | -2.597
LOSS FORMAT: SEMANTIC_LOSS MEAN_IOU PIX_ACC | DEPTH_LOSS ABS_ERR REL_ERR | NORMAL_LOSS MEAN MED <11.25 <22.5 <30 | ∆m (test)
Epoch: 0154 | lr=0.0001 | epoch lenth=398 | train time: 93.689 s | method famo | TRAIN: 0.4623 0.5143 0.7613 | 0.2920 0.2784 0.1320 | 0.0977 19.2045 13.9713 0.4105 0.7158 0.8166 || TEST: 1.2348 0.3448 0.6384 | 0.6430 0.6430 0.2301 | 0.1492 25.6794 20.2414 0.2837 0.5509 0.6761 | 0.846
LOSS FORMAT: SEMANTIC_LOSS MEAN_IOU PIX_ACC | DEPTH_LOSS ABS_ERR REL_ERR | NORMAL_LOSS MEAN MED <11.25 <22.5 <30 | ∆m (test)
Epoch: 0155 | lr=0.0001 | epoch lenth=398 | train time: 93.175 s | method famo | TRAIN: 0.4769 0.5122 0.7564 | 0.2967 0.2831 0.1331 | 0.0988 19.3774 14.1110 0.4057 0.7107 0.8126 || TEST: 1.2552 0.3663 0.6399 | 0.5533 0.5533 0.2209 | 0.1520 25.5103 19.2132 0.3008 0.5721 0.6903 | -3.585
LOSS FORMAT: SEMANTIC_LOSS MEAN_IOU PIX_ACC | DEPTH_LOSS ABS_ERR REL_ERR | NORMAL_LOSS MEAN MED <11.25 <22.5 <30 | ∆m (test)
Epoch: 0156 | lr=0.0001 | epoch lenth=398 | train time: 92.768 s | method famo | TRAIN: 0.4581 0.5265 0.7609 | 0.2888 0.2760 0.1342 | 0.0975 19.1868 13.8842 0.4135 0.7166 0.8163 || TEST: 1.2574 0.3544 0.6503 | 0.5715 0.5715 0.2264 | 0.1458 25.0945 19.2517 0.3002 0.5719 0.6926 | -3.073
LOSS FORMAT: SEMANTIC_LOSS MEAN_IOU PIX_ACC | DEPTH_LOSS ABS_ERR REL_ERR | NORMAL_LOSS MEAN MED <11.25 <22.5 <30 | ∆m (test)
Epoch: 0157 | lr=0.0001 | epoch lenth=398 | train time: 93.115 s | method famo | TRAIN: 0.4520 0.5273 0.7665 | 0.2898 0.2766 0.1313 | 0.0973 19.1725 13.9049 0.4120 0.7159 0.8165 || TEST: 1.3465 0.3411 0.6332 | 0.5647 0.5647 0.2232 | 0.1462 24.9796 18.8337 0.3070 0.5811 0.6981 | -3.438
LOSS FORMAT: SEMANTIC_LOSS MEAN_IOU PIX_ACC | DEPTH_LOSS ABS_ERR REL_ERR | NORMAL_LOSS MEAN MED <11.25 <22.5 <30 | ∆m (test)
Epoch: 0158 | lr=0.0001 | epoch lenth=398 | train time: 93.164 s | method famo | TRAIN: 0.4512 0.5172 0.7591 | 0.2900 0.2773 0.1324 | 0.0954 18.9582 13.6746 0.4192 0.7209 0.8200 || TEST: 1.2462 0.3434 0.6361 | 0.5698 0.5698 0.2184 | 0.1469 25.0863 19.0154 0.3048 0.5776 0.6948 | -3.309
LOSS FORMAT: SEMANTIC_LOSS MEAN_IOU PIX_ACC | DEPTH_LOSS ABS_ERR REL_ERR | NORMAL_LOSS MEAN MED <11.25 <22.5 <30 | ∆m (test)
Epoch: 0159 | lr=0.0001 | epoch lenth=398 | train time: 93.229 s | method famo | TRAIN: 0.4476 0.5239 0.7607 | 0.2912 0.2775 0.1314 | 0.0950 18.9126 13.6967 0.4183 0.7221 0.8215 || TEST: 1.3439 0.3279 0.6286 | 0.5827 0.5827 0.2200 | 0.1434 24.9367 19.2191 0.2997 0.5721 0.6934 | -2.086
LOSS FORMAT: SEMANTIC_LOSS MEAN_IOU PIX_ACC | DEPTH_LOSS ABS_ERR REL_ERR | NORMAL_LOSS MEAN MED <11.25 <22.5 <30 | ∆m (test)
Epoch: 0160 | lr=0.0001 | epoch lenth=398 | train time: 93.070 s | method famo | TRAIN: 0.4673 0.5082 0.7545 | 0.2959 0.2809 0.1305 | 0.0976 19.1545 13.9190 0.4095 0.7160 0.8173 || TEST: 1.2741 0.3555 0.6426 | 0.5437 0.5437 0.2242 | 0.1489 25.2881 19.1536 0.3003 0.5747 0.6933 | -3.558
LOSS FORMAT: SEMANTIC_LOSS MEAN_IOU PIX_ACC | DEPTH_LOSS ABS_ERR REL_ERR | NORMAL_LOSS MEAN MED <11.25 <22.5 <30 | ∆m (test)
Epoch: 0161 | lr=0.0001 | epoch lenth=398 | train time: 93.269 s | method famo | TRAIN: 0.4476 0.5291 0.7636 | 0.2905 0.2770 0.1317 | 0.0956 18.9631 13.7516 0.4168 0.7212 0.8205 || TEST: 1.2193 0.3716 0.6530 | 0.5534 0.5534 0.2219 | 0.1485 25.1901 19.0312 0.3057 0.5756 0.6937 | -4.476
LOSS FORMAT: SEMANTIC_LOSS MEAN_IOU PIX_ACC | DEPTH_LOSS ABS_ERR REL_ERR | NORMAL_LOSS MEAN MED <11.25 <22.5 <30 | ∆m (test)
Epoch: 0162 | lr=0.0001 | epoch lenth=398 | train time: 97.969 s | method famo | TRAIN: 0.4347 0.5364 0.7702 | 0.2869 0.2748 0.1284 | 0.0943 18.8779 13.6582 0.4181 0.7231 0.8222 || TEST: 1.2873 0.3678 0.6423 | 0.5367 0.5367 0.2206 | 0.1501 25.4248 19.2999 0.2957 0.5724 0.6917 | -3.780
LOSS FORMAT: SEMANTIC_LOSS MEAN_IOU PIX_ACC | DEPTH_LOSS ABS_ERR REL_ERR | NORMAL_LOSS MEAN MED <11.25 <22.5 <30 | ∆m (test)
Epoch: 0163 | lr=0.0001 | epoch lenth=398 | train time: 93.544 s | method famo | TRAIN: 0.4405 0.5350 0.7647 | 0.2846 0.2714 0.1298 | 0.0945 18.8125 13.5378 0.4234 0.7250 0.8232 || TEST: 1.3282 0.3682 0.6463 | 0.5485 0.5485 0.2276 | 0.1466 25.0543 18.9451 0.3043 0.5786 0.6968 | -4.280
LOSS FORMAT: SEMANTIC_LOSS MEAN_IOU PIX_ACC | DEPTH_LOSS ABS_ERR REL_ERR | NORMAL_LOSS MEAN MED <11.25 <22.5 <30 | ∆m (test)
Epoch: 0164 | lr=0.0001 | epoch lenth=398 | train time: 92.825 s | method famo | TRAIN: 0.4531 0.5346 0.7651 | 0.2886 0.2750 0.1311 | 0.0952 18.8873 13.6567 0.4196 0.7245 0.8228 || TEST: 1.2813 0.3298 0.6296 | 0.6431 0.6431 0.2312 | 0.1442 25.1766 19.6344 0.2880 0.5640 0.6884 | 0.298
LOSS FORMAT: SEMANTIC_LOSS MEAN_IOU PIX_ACC | DEPTH_LOSS ABS_ERR REL_ERR | NORMAL_LOSS MEAN MED <11.25 <22.5 <30 | ∆m (test)
Epoch: 0165 | lr=0.0001 | epoch lenth=398 | train time: 93.090 s | method famo | TRAIN: 0.4463 0.5120 0.7583 | 0.2811 0.2681 0.1275 | 0.0946 18.8679 13.6192 0.4194 0.7243 0.8229 || TEST: 1.2533 0.3591 0.6501 | 0.5445 0.5445 0.2177 | 0.1478 25.1910 19.1939 0.3030 0.5735 0.6923 | -4.116
LOSS FORMAT: SEMANTIC_LOSS MEAN_IOU PIX_ACC | DEPTH_LOSS ABS_ERR REL_ERR | NORMAL_LOSS MEAN MED <11.25 <22.5 <30 | ∆m (test)
Epoch: 0166 | lr=0.0001 | epoch lenth=398 | train time: 93.497 s | method famo | TRAIN: 0.4395 0.5360 0.7686 | 0.2865 0.2736 0.1278 | 0.0937 18.7485 13.5876 0.4223 0.7265 0.8247 || TEST: 1.2924 0.3637 0.6479 | 0.5556 0.5556 0.2262 | 0.1450 24.8918 18.8351 0.3079 0.5810 0.6990 | -4.466
LOSS FORMAT: SEMANTIC_LOSS MEAN_IOU PIX_ACC | DEPTH_LOSS ABS_ERR REL_ERR | NORMAL_LOSS MEAN MED <11.25 <22.5 <30 | ∆m (test)
Epoch: 0167 | lr=0.0001 | epoch lenth=398 | train time: 93.349 s | method famo | TRAIN: 0.4339 0.5378 0.7681 | 0.2793 0.2665 0.1270 | 0.0940 18.7969 13.6107 0.4204 0.7256 0.8240 || TEST: 1.2157 0.3527 0.6424 | 0.6156 0.6156 0.2314 | 0.1433 25.0038 19.4736 0.2968 0.5673 0.6896 | -1.611
LOSS FORMAT: SEMANTIC_LOSS MEAN_IOU PIX_ACC | DEPTH_LOSS ABS_ERR REL_ERR | NORMAL_LOSS MEAN MED <11.25 <22.5 <30 | ∆m (test)
Epoch: 0168 | lr=0.0001 | epoch lenth=398 | train time: 92.941 s | method famo | TRAIN: 0.4432 0.5296 0.7641 | 0.2810 0.2679 0.1285 | 0.0949 18.8821 13.6763 0.4178 0.7238 0.8232 || TEST: 1.2765 0.3714 0.6509 | 0.5494 0.5494 0.2199 | 0.1462 25.0241 18.9574 0.3051 0.5782 0.6960 | -4.759
LOSS FORMAT: SEMANTIC_LOSS MEAN_IOU PIX_ACC | DEPTH_LOSS ABS_ERR REL_ERR | NORMAL_LOSS MEAN MED <11.25 <22.5 <30 | ∆m (test)
Epoch: 0169 | lr=0.0001 | epoch lenth=398 | train time: 92.763 s | method famo | TRAIN: 0.4331 0.5394 0.7709 | 0.2853 0.2724 0.1259 | 0.0926 18.6154 13.4936 0.4248 0.7295 0.8272 || TEST: 1.2964 0.3669 0.6464 | 0.5719 0.5719 0.2261 | 0.1461 25.0003 18.8960 0.3056 0.5799 0.6971 | -4.048
LOSS FORMAT: SEMANTIC_LOSS MEAN_IOU PIX_ACC | DEPTH_LOSS ABS_ERR REL_ERR | NORMAL_LOSS MEAN MED <11.25 <22.5 <30 | ∆m (test)
Epoch: 0170 | lr=0.0001 | epoch lenth=398 | train time: 93.350 s | method famo | TRAIN: 0.4353 0.5340 0.7678 | 0.2839 0.2707 0.1276 | 0.0941 18.7841 13.6007 0.4206 0.7266 0.8249 || TEST: 1.2509 0.3612 0.6492 | 0.5768 0.5768 0.2210 | 0.1433 24.7650 18.7514 0.3077 0.5824 0.7005 | -4.422
LOSS FORMAT: SEMANTIC_LOSS MEAN_IOU PIX_ACC | DEPTH_LOSS ABS_ERR REL_ERR | NORMAL_LOSS MEAN MED <11.25 <22.5 <30 | ∆m (test)
Epoch: 0171 | lr=0.0001 | epoch lenth=398 | train time: 93.864 s | method famo | TRAIN: 0.4315 0.5350 0.7695 | 0.2798 0.2660 0.1273 | 0.0936 18.6940 13.5446 0.4235 0.7281 0.8263 || TEST: 1.2335 0.3817 0.6557 | 0.5611 0.5611 0.2259 | 0.1471 25.0599 18.8602 0.3062 0.5794 0.6967 | -4.821
LOSS FORMAT: SEMANTIC_LOSS MEAN_IOU PIX_ACC | DEPTH_LOSS ABS_ERR REL_ERR | NORMAL_LOSS MEAN MED <11.25 <22.5 <30 | ∆m (test)
Epoch: 0172 | lr=0.0001 | epoch lenth=398 | train time: 96.093 s | method famo | TRAIN: 0.4397 0.5437 0.7712 | 0.2795 0.2661 0.1251 | 0.0952 18.8848 13.7174 0.4186 0.7235 0.8229 || TEST: 1.2637 0.3387 0.6429 | 0.6015 0.6015 0.2297 | 0.1457 25.0238 19.0751 0.3051 0.5748 0.6937 | -2.254
LOSS FORMAT: SEMANTIC_LOSS MEAN_IOU PIX_ACC | DEPTH_LOSS ABS_ERR REL_ERR | NORMAL_LOSS MEAN MED <11.25 <22.5 <30 | ∆m (test)
Epoch: 0173 | lr=0.0001 | epoch lenth=398 | train time: 98.848 s | method famo | TRAIN: 0.4305 0.5229 0.7675 | 0.2757 0.2630 0.1270 | 0.0942 18.7809 13.5711 0.4210 0.7274 0.8256 || TEST: 1.2475 0.3737 0.6537 | 0.5477 0.5477 0.2275 | 0.1457 24.9768 18.8621 0.3051 0.5805 0.6981 | -4.752
LOSS FORMAT: SEMANTIC_LOSS MEAN_IOU PIX_ACC | DEPTH_LOSS ABS_ERR REL_ERR | NORMAL_LOSS MEAN MED <11.25 <22.5 <30 | ∆m (test)
Epoch: 0174 | lr=0.0001 | epoch lenth=398 | train time: 102.857 s | method famo | TRAIN: 0.4201 0.5438 0.7735 | 0.2756 0.2636 0.1229 | 0.0927 18.6257 13.4562 0.4260 0.7308 0.8281 || TEST: 1.2772 0.3548 0.6364 | 0.5657 0.5657 0.2160 | 0.1443 24.8064 18.7368 0.3096 0.5830 0.7000 | -4.461
LOSS FORMAT: SEMANTIC_LOSS MEAN_IOU PIX_ACC | DEPTH_LOSS ABS_ERR REL_ERR | NORMAL_LOSS MEAN MED <11.25 <22.5 <30 | ∆m (test)
Epoch: 0175 | lr=0.0001 | epoch lenth=398 | train time: 107.407 s | method famo | TRAIN: 0.4414 0.5267 0.7619 | 0.2861 0.2714 0.1290 | 0.0951 18.8263 13.6459 0.4192 0.7255 0.8243 || TEST: 1.2922 0.3652 0.6441 | 0.5375 0.5375 0.2228 | 0.1459 25.0226 19.0176 0.3035 0.5775 0.6967 | -4.444
LOSS FORMAT: SEMANTIC_LOSS MEAN_IOU PIX_ACC | DEPTH_LOSS ABS_ERR REL_ERR | NORMAL_LOSS MEAN MED <11.25 <22.5 <30 | ∆m (test)
Epoch: 0176 | lr=0.0001 | epoch lenth=398 | train time: 98.489 s | method famo | TRAIN: 0.4205 0.5331 0.7684 | 0.2830 0.2700 0.1293 | 0.0939 18.7622 13.5759 0.4221 0.7274 0.8255 || TEST: 1.3060 0.3472 0.6510 | 0.5528 0.5528 0.2257 | 0.1436 24.7985 18.8591 0.3080 0.5801 0.6989 | -4.119
LOSS FORMAT: SEMANTIC_LOSS MEAN_IOU PIX_ACC | DEPTH_LOSS ABS_ERR REL_ERR | NORMAL_LOSS MEAN MED <11.25 <22.5 <30 | ∆m (test)
Epoch: 0177 | lr=0.0001 | epoch lenth=398 | train time: 93.469 s | method famo | TRAIN: 0.4221 0.5322 0.7722 | 0.2776 0.2654 0.1249 | 0.0923 18.5768 13.3904 0.4278 0.7317 0.8286 || TEST: 1.3197 0.3657 0.6414 | 0.5592 0.5592 0.2240 | 0.1474 25.1312 19.0687 0.3025 0.5764 0.6960 | -3.860
LOSS FORMAT: SEMANTIC_LOSS MEAN_IOU PIX_ACC | DEPTH_LOSS ABS_ERR REL_ERR | NORMAL_LOSS MEAN MED <11.25 <22.5 <30 | ∆m (test)
Epoch: 0178 | lr=0.0001 | epoch lenth=398 | train time: 93.663 s | method famo | TRAIN: 0.4142 0.5417 0.7690 | 0.2777 0.2650 0.1227 | 0.0909 18.3938 13.2123 0.4329 0.7357 0.8316 || TEST: 1.2792 0.3678 0.6471 | 0.5539 0.5539 0.2222 | 0.1463 25.0352 18.9911 0.3034 0.5783 0.6976 | -4.363
LOSS FORMAT: SEMANTIC_LOSS MEAN_IOU PIX_ACC | DEPTH_LOSS ABS_ERR REL_ERR | NORMAL_LOSS MEAN MED <11.25 <22.5 <30 | ∆m (test)
Epoch: 0179 | lr=0.0001 | epoch lenth=398 | train time: 93.260 s | method famo | TRAIN: 0.4264 0.5393 0.7698 | 0.2801 0.2668 0.1253 | 0.0910 18.3895 13.2953 0.4320 0.7352 0.8318 || TEST: 1.3244 0.3655 0.6427 | 0.5412 0.5412 0.2210 | 0.1515 25.4793 19.1856 0.3013 0.5724 0.6904 | -3.862
LOSS FORMAT: SEMANTIC_LOSS MEAN_IOU PIX_ACC | DEPTH_LOSS ABS_ERR REL_ERR | NORMAL_LOSS MEAN MED <11.25 <22.5 <30 | ∆m (test)
Epoch: 0180 | lr=0.0001 | epoch lenth=398 | train time: 93.063 s | method famo | TRAIN: 0.4240 0.5395 0.7688 | 0.2795 0.2661 0.1261 | 0.0919 18.4850 13.3215 0.4298 0.7335 0.8301 || TEST: 1.2842 0.3753 0.6569 | 0.5481 0.5481 0.2311 | 0.1473 25.0361 18.7971 0.3077 0.5818 0.6982 | -4.842
LOSS FORMAT: SEMANTIC_LOSS MEAN_IOU PIX_ACC | DEPTH_LOSS ABS_ERR REL_ERR | NORMAL_LOSS MEAN MED <11.25 <22.5 <30 | ∆m (test)
Epoch: 0181 | lr=0.0001 | epoch lenth=398 | train time: 92.779 s | method famo | TRAIN: 0.4209 0.5418 0.7753 | 0.2732 0.2602 0.1254 | 0.0915 18.4618 13.2921 0.4290 0.7352 0.8317 || TEST: 1.2548 0.3872 0.6606 | 0.5525 0.5525 0.2288 | 0.1486 25.2470 19.1605 0.3027 0.5741 0.6925 | -4.537
LOSS FORMAT: SEMANTIC_LOSS MEAN_IOU PIX_ACC | DEPTH_LOSS ABS_ERR REL_ERR | NORMAL_LOSS MEAN MED <11.25 <22.5 <30 | ∆m (test)
Epoch: 0182 | lr=0.0001 | epoch lenth=398 | train time: 93.227 s | method famo | TRAIN: 0.4199 0.5517 0.7776 | 0.2723 0.2592 0.1233 | 0.0927 18.5829 13.4196 0.4272 0.7325 0.8295 || TEST: 1.3034 0.3375 0.6306 | 0.6356 0.6356 0.2294 | 0.1450 25.0145 19.1674 0.3017 0.5738 0.6937 | -1.262
LOSS FORMAT: SEMANTIC_LOSS MEAN_IOU PIX_ACC | DEPTH_LOSS ABS_ERR REL_ERR | NORMAL_LOSS MEAN MED <11.25 <22.5 <30 | ∆m (test)
Epoch: 0183 | lr=0.0001 | epoch lenth=398 | train time: 93.254 s | method famo | TRAIN: 0.4075 0.5261 0.7656 | 0.2783 0.2651 0.1238 | 0.0902 18.3194 13.2210 0.4324 0.7382 0.8340 || TEST: 1.3048 0.3605 0.6418 | 0.5759 0.5759 0.2159 | 0.1460 25.0822 19.1636 0.3024 0.5739 0.6935 | -3.637
LOSS FORMAT: SEMANTIC_LOSS MEAN_IOU PIX_ACC | DEPTH_LOSS ABS_ERR REL_ERR | NORMAL_LOSS MEAN MED <11.25 <22.5 <30 | ∆m (test)
Epoch: 0184 | lr=0.0001 | epoch lenth=398 | train time: 93.653 s | method famo | TRAIN: 0.3985 0.5431 0.7720 | 0.2682 0.2559 0.1195 | 0.0883 18.0951 13.0189 0.4395 0.7427 0.8375 || TEST: 1.3005 0.3555 0.6445 | 0.5561 0.5561 0.2243 | 0.1478 25.0261 18.6745 0.3115 0.5837 0.6990 | -4.452
LOSS FORMAT: SEMANTIC_LOSS MEAN_IOU PIX_ACC | DEPTH_LOSS ABS_ERR REL_ERR | NORMAL_LOSS MEAN MED <11.25 <22.5 <30 | ∆m (test)
Epoch: 0185 | lr=0.0001 | epoch lenth=398 | train time: 93.889 s | method famo | TRAIN: 0.4171 0.5377 0.7703 | 0.2730 0.2592 0.1217 | 0.0913 18.3820 13.2677 0.4325 0.7358 0.8320 || TEST: 1.2958 0.3521 0.6469 | 0.5793 0.5793 0.2321 | 0.1442 24.8803 18.9474 0.3073 0.5771 0.6958 | -3.275
LOSS FORMAT: SEMANTIC_LOSS MEAN_IOU PIX_ACC | DEPTH_LOSS ABS_ERR REL_ERR | NORMAL_LOSS MEAN MED <11.25 <22.5 <30 | ∆m (test)
Epoch: 0186 | lr=0.0001 | epoch lenth=398 | train time: 93.506 s | method famo | TRAIN: 0.4044 0.5363 0.7732 | 0.2703 0.2578 0.1209 | 0.0889 18.1270 12.9673 0.4406 0.7428 0.8366 || TEST: 1.2269 0.3583 0.6449 | 0.6452 0.6452 0.2328 | 0.1440 25.1488 19.6868 0.2898 0.5630 0.6877 | -0.713
LOSS FORMAT: SEMANTIC_LOSS MEAN_IOU PIX_ACC | DEPTH_LOSS ABS_ERR REL_ERR | NORMAL_LOSS MEAN MED <11.25 <22.5 <30 | ∆m (test)
Epoch: 0187 | lr=0.0001 | epoch lenth=398 | train time: 92.810 s | method famo | TRAIN: 0.4109 0.5384 0.7711 | 0.2723 0.2589 0.1220 | 0.0902 18.2818 13.1884 0.4352 0.7391 0.8345 || TEST: 1.2796 0.3392 0.6355 | 0.5990 0.5990 0.2247 | 0.1438 24.8553 18.9647 0.3057 0.5780 0.6975 | -2.663
LOSS FORMAT: SEMANTIC_LOSS MEAN_IOU PIX_ACC | DEPTH_LOSS ABS_ERR REL_ERR | NORMAL_LOSS MEAN MED <11.25 <22.5 <30 | ∆m (test)
Epoch: 0188 | lr=0.0001 | epoch lenth=398 | train time: 92.787 s | method famo | TRAIN: 0.4079 0.5318 0.7682 | 0.2700 0.2573 0.1224 | 0.0897 18.2345 13.1416 0.4371 0.7405 0.8349 || TEST: 1.2737 0.3462 0.6479 | 0.5753 0.5753 0.2243 | 0.1469 25.2079 19.3706 0.3000 0.5687 0.6885 | -2.561
LOSS FORMAT: SEMANTIC_LOSS MEAN_IOU PIX_ACC | DEPTH_LOSS ABS_ERR REL_ERR | NORMAL_LOSS MEAN MED <11.25 <22.5 <30 | ∆m (test)
Epoch: 0189 | lr=0.0001 | epoch lenth=398 | train time: 93.324 s | method famo | TRAIN: 0.4012 0.5382 0.7746 | 0.2679 0.2548 0.1193 | 0.0894 18.1759 13.0712 0.4387 0.7419 0.8363 || TEST: 1.3146 0.3400 0.6416 | 0.5876 0.5876 0.2225 | 0.1434 24.7547 18.7896 0.3108 0.5818 0.6995 | -3.507
LOSS FORMAT: SEMANTIC_LOSS MEAN_IOU PIX_ACC | DEPTH_LOSS ABS_ERR REL_ERR | NORMAL_LOSS MEAN MED <11.25 <22.5 <30 | ∆m (test)
Epoch: 0190 | lr=0.0001 | epoch lenth=398 | train time: 93.567 s | method famo | TRAIN: 0.4029 0.5354 0.7718 | 0.2677 0.2539 0.1185 | 0.0895 18.1382 13.0750 0.4385 0.7418 0.8367 || TEST: 1.2829 0.3676 0.6545 | 0.5574 0.5574 0.2251 | 0.1495 25.3745 19.2498 0.2981 0.5723 0.6908 | -3.594
LOSS FORMAT: SEMANTIC_LOSS MEAN_IOU PIX_ACC | DEPTH_LOSS ABS_ERR REL_ERR | NORMAL_LOSS MEAN MED <11.25 <22.5 <30 | ∆m (test)
Epoch: 0191 | lr=0.0001 | epoch lenth=398 | train time: 93.077 s | method famo | TRAIN: 0.4021 0.5452 0.7772 | 0.2696 0.2573 0.1206 | 0.0889 18.1282 13.0377 0.4414 0.7426 0.8366 || TEST: 1.3823 0.3288 0.6270 | 0.5502 0.5502 0.2264 | 0.1422 24.6042 18.5507 0.3133 0.5868 0.7031 | -3.838
LOSS FORMAT: SEMANTIC_LOSS MEAN_IOU PIX_ACC | DEPTH_LOSS ABS_ERR REL_ERR | NORMAL_LOSS MEAN MED <11.25 <22.5 <30 | ∆m (test)
Epoch: 0192 | lr=0.0001 | epoch lenth=398 | train time: 93.058 s | method famo | TRAIN: 0.4062 0.5297 0.7639 | 0.2711 0.2580 0.1224 | 0.0887 18.0951 13.0493 0.4395 0.7433 0.8377 || TEST: 1.3527 0.3607 0.6412 | 0.5537 0.5537 0.2172 | 0.1487 25.2064 18.9753 0.3050 0.5767 0.6949 | -4.176
LOSS FORMAT: SEMANTIC_LOSS MEAN_IOU PIX_ACC | DEPTH_LOSS ABS_ERR REL_ERR | NORMAL_LOSS MEAN MED <11.25 <22.5 <30 | ∆m (test)
Epoch: 0193 | lr=0.0001 | epoch lenth=398 | train time: 94.649 s | method famo | TRAIN: 0.3942 0.5428 0.7722 | 0.2688 0.2558 0.1192 | 0.0892 18.1622 13.0419 0.4380 0.7430 0.8373 || TEST: 1.2933 0.3566 0.6456 | 0.5522 0.5522 0.2223 | 0.1435 24.6878 18.5326 0.3119 0.5870 0.7033 | -5.032
LOSS FORMAT: SEMANTIC_LOSS MEAN_IOU PIX_ACC | DEPTH_LOSS ABS_ERR REL_ERR | NORMAL_LOSS MEAN MED <11.25 <22.5 <30 | ∆m (test)
Epoch: 0194 | lr=0.0001 | epoch lenth=398 | train time: 93.154 s | method famo | TRAIN: 0.3832 0.5445 0.7761 | 0.2643 0.2516 0.1194 | 0.0883 18.0721 12.9764 0.4396 0.7445 0.8385 || TEST: 1.4095 0.3485 0.6428 | 0.5426 0.5426 0.2228 | 0.1448 24.7461 18.5026 0.3140 0.5882 0.7036 | -4.981
LOSS FORMAT: SEMANTIC_LOSS MEAN_IOU PIX_ACC | DEPTH_LOSS ABS_ERR REL_ERR | NORMAL_LOSS MEAN MED <11.25 <22.5 <30 | ∆m (test)
Epoch: 0195 | lr=0.0001 | epoch lenth=398 | train time: 93.254 s | method famo | TRAIN: 0.4033 0.5409 0.7722 | 0.2792 0.2652 0.1239 | 0.0889 18.1166 13.0182 0.4391 0.7435 0.8378 || TEST: 1.3625 0.3504 0.6363 | 0.5508 0.5508 0.2225 | 0.1441 24.8107 18.7528 0.3083 0.5837 0.7011 | -4.287
LOSS FORMAT: SEMANTIC_LOSS MEAN_IOU PIX_ACC | DEPTH_LOSS ABS_ERR REL_ERR | NORMAL_LOSS MEAN MED <11.25 <22.5 <30 | ∆m (test)
Epoch: 0196 | lr=0.0001 | epoch lenth=398 | train time: 93.000 s | method famo | TRAIN: 0.3887 0.5465 0.7711 | 0.2587 0.2465 0.1151 | 0.0878 17.9818 12.8983 0.4435 0.7469 0.8401 || TEST: 1.2938 0.3646 0.6463 | 0.5776 0.5776 0.2210 | 0.1470 25.0683 18.9238 0.3067 0.5783 0.6953 | -4.024
LOSS FORMAT: SEMANTIC_LOSS MEAN_IOU PIX_ACC | DEPTH_LOSS ABS_ERR REL_ERR | NORMAL_LOSS MEAN MED <11.25 <22.5 <30 | ∆m (test)
Epoch: 0197 | lr=0.0001 | epoch lenth=398 | train time: 92.795 s | method famo | TRAIN: 0.3849 0.5508 0.7763 | 0.2648 0.2515 0.1193 | 0.0874 17.9033 12.8032 0.4471 0.7479 0.8407 || TEST: 1.2842 0.3780 0.6477 | 0.5368 0.5368 0.2273 | 0.1468 25.0756 19.0054 0.3044 0.5782 0.6962 | -4.733
LOSS FORMAT: SEMANTIC_LOSS MEAN_IOU PIX_ACC | DEPTH_LOSS ABS_ERR REL_ERR | NORMAL_LOSS MEAN MED <11.25 <22.5 <30 | ∆m (test)
Epoch: 0198 | lr=0.0001 | epoch lenth=398 | train time: 93.303 s | method famo | TRAIN: 0.3765 0.5605 0.7786 | 0.2626 0.2498 0.1184 | 0.0859 17.7717 12.7708 0.4483 0.7514 0.8440 || TEST: 1.3230 0.3487 0.6418 | 0.6049 0.6049 0.2302 | 0.1444 24.9828 19.2345 0.3036 0.5712 0.6910 | -2.205
LOSS FORMAT: SEMANTIC_LOSS MEAN_IOU PIX_ACC | DEPTH_LOSS ABS_ERR REL_ERR | NORMAL_LOSS MEAN MED <11.25 <22.5 <30 | ∆m (test)
Epoch: 0199 | lr=0.0001 | epoch lenth=398 | train time: 93.216 s | method famo | TRAIN: 0.3857 0.5423 0.7738 | 0.2677 0.2541 0.1181 | 0.0876 17.9343 12.9090 0.4450 0.7486 0.8413 || TEST: 1.2865 0.3367 0.6359 | 0.5710 0.5710 0.2250 | 0.1445 24.9616 19.1939 0.3039 0.5734 0.6932 | -2.642
Training finished. ['1.8051 0.9196 43.1915', '1.7344 0.8357 40.2100', '1.7846 1.2767 41.1922', '1.6509 0.9199 38.2845', '1.6579 0.8003 37.4943', '1.5910 0.8047 36.8877', '1.5833 0.8957 36.1665', '1.5818 0.7794 35.6423', '1.5462 0.7987 35.6409', '1.4779 0.7405 34.0169', '1.5870 0.7479 34.5375', '1.4831 0.7600 33.8352', '1.4706 0.7634 34.0000', '1.4313 0.7126 32.6523', '1.3946 0.7075 32.7304', '1.4046 0.7761 31.7800', '1.4071 0.8756 31.6670', '1.3753 0.7080 32.2689', '1.3465 0.6854 31.5464', '1.4303 0.7198 31.8925', '1.3404 0.6994 30.8712', '1.3289 0.8189 31.3601', '1.2922 0.7061 30.4553', '1.2901 0.7030 30.8031', '1.3758 0.7152 30.7651', '1.3010 0.6880 30.4938', '1.2604 0.6624 29.7291', '1.2442 0.6793 30.2118', '1.2537 0.6483 30.4616', '1.2685 0.6808 29.5358', '1.2351 0.6688 29.5655', '1.2842 0.6496 29.8241', '1.2225 0.6501 29.4678', '1.2539 0.7265 29.1522', '1.2381 0.6852 30.1141', '1.2538 0.6632 29.8564', '1.1844 0.7067 29.1258', '1.2097 0.6458 29.6553', '1.1957 0.6335 28.6444', '1.1904 0.6852 28.6976', '1.1955 0.6811 28.5307', '1.1718 0.7023 28.9186', '1.1972 0.6621 29.5349', '1.2018 0.7005 28.6355', '1.1644 0.6259 29.2800', '1.1660 0.6496 28.2961', '1.1705 0.6556 28.4474', '1.1391 0.6074 28.0847', '1.1910 0.6436 28.4081', '1.1492 0.6060 27.9340', '1.1777 0.6087 28.5759', '1.1546 0.6065 27.5848', '1.1664 0.6237 28.2125', '1.1809 0.6169 28.9826', '1.1537 0.6113 27.8968', '1.1365 0.6237 27.9940', '1.1276 0.6038 28.0506', '1.1961 0.6188 27.8867', '1.2479 0.6067 28.2229', '1.1661 0.6198 27.3560', '1.1458 0.5984 27.4556', '1.1546 0.6055 27.2412', '1.2746 0.6172 28.4541', '1.1542 0.6560 27.2185', '1.1564 0.6202 27.3005', '1.1541 0.5853 27.5892', '1.2081 0.5854 28.8139', '1.1831 0.6842 27.5665', '1.1864 0.5853 27.1518', '1.1759 0.5969 26.6161', '1.1710 0.6052 27.3789', '1.1800 0.5827 27.4832', '1.1302 0.5722 26.8941', '1.1740 0.6207 26.8805', '1.1468 0.5906 26.6624', '1.1848 0.6197 26.5916', '1.1418 0.6359 26.6784', '1.2112 0.6107 27.4869', '1.1728 0.6064 26.8409', '1.1111 0.5884 26.9608', '1.1791 0.6404 26.6280', '1.1496 0.5807 27.3783', '1.2455 0.5821 26.9584', '1.1262 0.5630 26.7030', '1.1853 0.6113 27.1309', '1.1628 0.5941 26.2879', '1.1858 0.5701 26.3941', '1.1876 0.6006 26.5074', '1.2020 0.6492 26.6554', '1.1310 0.6098 26.7974', '1.1639 0.6171 26.7047', '1.1447 0.6427 26.3078', '1.2249 0.5819 27.3945', '1.1769 0.6461 26.3341', '1.1794 0.6083 26.1041', '1.1472 0.6912 26.4962', '1.1998 0.5904 26.1807', '1.1429 0.6086 26.4006', '1.1589 0.5867 25.9133', '1.1809 0.5609 26.4451', '1.1325 0.6072 25.7650', '1.1636 0.5468 25.7671', '1.2043 0.5674 26.0231', '1.1662 0.5797 26.5594', '1.1085 0.6204 25.3735', '1.1536 0.5640 25.4008', '1.1911 0.5603 25.3909', '1.1714 0.5748 25.0323', '1.2082 0.5787 25.4869', '1.1721 0.5929 25.4341', '1.1769 0.6055 25.4342', '1.1770 0.5958 25.5218', '1.1717 0.6317 25.4503', '1.2188 0.5631 25.5429', '1.1680 0.5663 25.1836', '1.1928 0.6255 25.1977', '1.1940 0.5674 25.6681', '1.2383 0.5644 25.2786', '1.1865 0.5830 25.2299', '1.2149 0.6031 25.8919', '1.2123 0.5683 25.7732', '1.2679 0.5766 25.3426', '1.2522 0.5583 25.4813', '1.1872 0.7424 25.4164', '1.1831 0.6118 25.5470', '1.1842 0.5585 25.2575', '1.1788 0.6212 25.3386', '1.2207 0.5738 25.2096', '1.1778 0.5637 25.3198', '1.2002 0.6020 25.6852', '1.2137 0.5917 25.3579', '1.2100 0.5587 25.8765', '1.2769 0.5618 25.2838', '1.2125 0.5687 25.1251', '1.1934 0.5806 25.7669', '1.1987 0.6045 25.3562', '1.2779 0.5566 26.0172', '1.2266 0.5893 25.2534', '1.2109 0.5659 24.9294', '1.2268 0.5578 25.0919', '1.2103 0.5982 25.2765', '1.2673 0.5631 25.1293', '1.2459 0.5482 25.5875', '1.3262 0.5475 25.0748', '1.2179 0.5752 25.5068', '1.1906 0.5916 25.3791', '1.2016 0.5786 24.8809', '1.2234 0.6176 25.7869', '1.2287 0.5503 25.1634', '1.2744 0.5488 25.1840', '1.2321 0.5885 25.0742', '1.2558 0.5707 25.0696', '1.2461 0.5732 25.1550', '1.2631 0.5826 25.4223', '1.2348 0.6430 25.6794', '1.2552 0.5533 25.5103', '1.2574 0.5715 25.0945', '1.3465 0.5647 24.9796', '1.2462 0.5698 25.0863', '1.3439 0.5827 24.9367', '1.2741 0.5437 25.2881', '1.2193 0.5534 25.1901', '1.2873 0.5367 25.4248', '1.3282 0.5485 25.0543', '1.2813 0.6431 25.1766', '1.2533 0.5445 25.1910', '1.2924 0.5556 24.8918', '1.2157 0.6156 25.0038', '1.2765 0.5494 25.0241', '1.2964 0.5719 25.0003', '1.2509 0.5768 24.7650', '1.2335 0.5611 25.0599', '1.2637 0.6015 25.0238', '1.2475 0.5477 24.9768', '1.2772 0.5657 24.8064', '1.2922 0.5375 25.0226', '1.3060 0.5528 24.7985', '1.3197 0.5592 25.1312', '1.2792 0.5539 25.0352', '1.3244 0.5412 25.4793', '1.2842 0.5481 25.0361', '1.2548 0.5525 25.2470', '1.3034 0.6356 25.0145', '1.3048 0.5759 25.0822', '1.3005 0.5561 25.0261', '1.2958 0.5793 24.8803', '1.2269 0.6452 25.1488', '1.2796 0.5990 24.8553', '1.2737 0.5753 25.2079', '1.3146 0.5876 24.7547', '1.2829 0.5574 25.3745', '1.3823 0.5502 24.6042', '1.3527 0.5537 25.2064', '1.2933 0.5522 24.6878', '1.4095 0.5426 24.7461', '1.3625 0.5508 24.8107', '1.2938 0.5776 25.0683', '1.2842 0.5368 25.0756', '1.3230 0.6049 24.9828', '1.2865 0.5710 24.9616']
