Defaulting to user installation because normal site-packages is not writeable
Looking in indexes: https://pypi.org/simple, https://download.pytorch.org/whl/cu113
Requirement already satisfied: torch==1.12.1+cu113 in /home/mx6835/.local/lib/python3.10/site-packages (1.12.1+cu113)
Requirement already satisfied: torchvision==0.13.1+cu113 in /home/mx6835/.local/lib/python3.10/site-packages (0.13.1+cu113)
Requirement already satisfied: torchaudio==0.12.1 in /home/mx6835/.local/lib/python3.10/site-packages (0.12.1+cu113)
Requirement already satisfied: typing-extensions in /home/mx6835/.local/lib/python3.10/site-packages (from torch==1.12.1+cu113) (4.7.1)
Requirement already satisfied: requests in /home/mx6835/.local/lib/python3.10/site-packages (from torchvision==0.13.1+cu113) (2.31.0)
Requirement already satisfied: pillow!=8.3.*,>=5.3.0 in /home/mx6835/.local/lib/python3.10/site-packages (from torchvision==0.13.1+cu113) (10.1.0)
Requirement already satisfied: numpy in /home/mx6835/.local/lib/python3.10/site-packages (from torchvision==0.13.1+cu113) (1.25.2)
Requirement already satisfied: urllib3<3,>=1.21.1 in /home/mx6835/.local/lib/python3.10/site-packages (from requests->torchvision==0.13.1+cu113) (2.0.4)
Requirement already satisfied: certifi>=2017.4.17 in /home/mx6835/.local/lib/python3.10/site-packages (from requests->torchvision==0.13.1+cu113) (2023.7.22)
Requirement already satisfied: idna<4,>=2.5 in /home/mx6835/.local/lib/python3.10/site-packages (from requests->torchvision==0.13.1+cu113) (3.4)
Requirement already satisfied: charset-normalizer<4,>=2 in /home/mx6835/.local/lib/python3.10/site-packages (from requests->torchvision==0.13.1+cu113) (3.2.0)
Defaulting to user installation because normal site-packages is not writeable
Obtaining file:///home/mx6835/acdemic/MM/MTL-main
  Preparing metadata (setup.py): started
  Preparing metadata (setup.py): finished with status 'done'
Requirement already satisfied: matplotlib>=3.2.1 in /home/mx6835/.local/lib/python3.10/site-packages (from mtl==1.0.0) (3.8.0)
Requirement already satisfied: numpy>=1.18.2 in /home/mx6835/.local/lib/python3.10/site-packages (from mtl==1.0.0) (1.25.2)
Requirement already satisfied: cvxpy in /home/mx6835/.local/lib/python3.10/site-packages (from mtl==1.0.0) (1.4.3)
Requirement already satisfied: tqdm>=4.45.0 in /home/mx6835/.local/lib/python3.10/site-packages (from mtl==1.0.0) (4.66.1)
Requirement already satisfied: pandas in /home/mx6835/.local/lib/python3.10/site-packages (from mtl==1.0.0) (2.1.0)
Requirement already satisfied: scikit-learn in /home/mx6835/.local/lib/python3.10/site-packages (from mtl==1.0.0) (1.0.2)
Requirement already satisfied: seaborn in /home/mx6835/.local/lib/python3.10/site-packages (from mtl==1.0.0) (0.13.2)
Requirement already satisfied: wandb==0.12.21 in /home/mx6835/.local/lib/python3.10/site-packages (from mtl==1.0.0) (0.12.21)
Requirement already satisfied: plotly in /home/mx6835/.local/lib/python3.10/site-packages (from mtl==1.0.0) (5.20.0)
Requirement already satisfied: torch_geometric in /home/mx6835/.local/lib/python3.10/site-packages (from mtl==1.0.0) (2.5.2)
Requirement already satisfied: PyYAML in /home/mx6835/.local/lib/python3.10/site-packages (from wandb==0.12.21->mtl==1.0.0) (6.0.1)
Requirement already satisfied: protobuf<4.0dev,>=3.12.0 in /home/mx6835/.local/lib/python3.10/site-packages (from wandb==0.12.21->mtl==1.0.0) (3.20.3)
Requirement already satisfied: setuptools in /home/mx6835/.local/lib/python3.10/site-packages (from wandb==0.12.21->mtl==1.0.0) (69.1.0)
Requirement already satisfied: shortuuid>=0.5.0 in /home/mx6835/.local/lib/python3.10/site-packages (from wandb==0.12.21->mtl==1.0.0) (1.0.13)
Requirement already satisfied: Click!=8.0.0,>=7.0 in /home/mx6835/.local/lib/python3.10/site-packages (from wandb==0.12.21->mtl==1.0.0) (8.1.7)
Requirement already satisfied: requests<3,>=2.0.0 in /home/mx6835/.local/lib/python3.10/site-packages (from wandb==0.12.21->mtl==1.0.0) (2.31.0)
Requirement already satisfied: setproctitle in /home/mx6835/.local/lib/python3.10/site-packages (from wandb==0.12.21->mtl==1.0.0) (1.3.3)
Requirement already satisfied: sentry-sdk>=1.0.0 in /home/mx6835/.local/lib/python3.10/site-packages (from wandb==0.12.21->mtl==1.0.0) (1.45.0)
Requirement already satisfied: six>=1.13.0 in /home/mx6835/.local/lib/python3.10/site-packages (from wandb==0.12.21->mtl==1.0.0) (1.16.0)
Requirement already satisfied: GitPython>=1.0.0 in /home/mx6835/.local/lib/python3.10/site-packages (from wandb==0.12.21->mtl==1.0.0) (3.1.43)
Requirement already satisfied: docker-pycreds>=0.4.0 in /home/mx6835/.local/lib/python3.10/site-packages (from wandb==0.12.21->mtl==1.0.0) (0.4.0)
Requirement already satisfied: promise<3,>=2.0 in /home/mx6835/.local/lib/python3.10/site-packages (from wandb==0.12.21->mtl==1.0.0) (2.3)
Requirement already satisfied: psutil>=5.0.0 in /home/mx6835/.local/lib/python3.10/site-packages (from wandb==0.12.21->mtl==1.0.0) (5.9.5)
Requirement already satisfied: pathtools in /home/mx6835/.local/lib/python3.10/site-packages (from wandb==0.12.21->mtl==1.0.0) (0.1.2)
Requirement already satisfied: contourpy>=1.0.1 in /home/mx6835/.local/lib/python3.10/site-packages (from matplotlib>=3.2.1->mtl==1.0.0) (1.1.1)
Requirement already satisfied: fonttools>=4.22.0 in /home/mx6835/.local/lib/python3.10/site-packages (from matplotlib>=3.2.1->mtl==1.0.0) (4.43.1)
Requirement already satisfied: pillow>=6.2.0 in /home/mx6835/.local/lib/python3.10/site-packages (from matplotlib>=3.2.1->mtl==1.0.0) (10.1.0)
Requirement already satisfied: python-dateutil>=2.7 in /home/mx6835/.local/lib/python3.10/site-packages (from matplotlib>=3.2.1->mtl==1.0.0) (2.8.2)
Requirement already satisfied: kiwisolver>=1.0.1 in /home/mx6835/.local/lib/python3.10/site-packages (from matplotlib>=3.2.1->mtl==1.0.0) (1.4.5)
Requirement already satisfied: packaging>=20.0 in /home/mx6835/.local/lib/python3.10/site-packages (from matplotlib>=3.2.1->mtl==1.0.0) (23.1)
Requirement already satisfied: pyparsing>=2.3.1 in /home/mx6835/.local/lib/python3.10/site-packages (from matplotlib>=3.2.1->mtl==1.0.0) (3.1.1)
Requirement already satisfied: cycler>=0.10 in /home/mx6835/.local/lib/python3.10/site-packages (from matplotlib>=3.2.1->mtl==1.0.0) (0.12.1)
Requirement already satisfied: clarabel>=0.5.0 in /home/mx6835/.local/lib/python3.10/site-packages (from cvxpy->mtl==1.0.0) (0.7.1)
Requirement already satisfied: scs>=3.0 in /home/mx6835/.local/lib/python3.10/site-packages (from cvxpy->mtl==1.0.0) (3.2.4.post1)
Requirement already satisfied: pybind11 in /home/mx6835/.local/lib/python3.10/site-packages (from cvxpy->mtl==1.0.0) (2.12.0)
Requirement already satisfied: scipy>=1.1.0 in /home/mx6835/.local/lib/python3.10/site-packages (from cvxpy->mtl==1.0.0) (1.11.2)
Requirement already satisfied: osqp>=0.6.2 in /home/mx6835/.local/lib/python3.10/site-packages (from cvxpy->mtl==1.0.0) (0.6.5)
Requirement already satisfied: ecos>=2 in /home/mx6835/.local/lib/python3.10/site-packages (from cvxpy->mtl==1.0.0) (2.0.13)
Requirement already satisfied: pytz>=2020.1 in /home/mx6835/.local/lib/python3.10/site-packages (from pandas->mtl==1.0.0) (2023.3)
Requirement already satisfied: tzdata>=2022.1 in /home/mx6835/.local/lib/python3.10/site-packages (from pandas->mtl==1.0.0) (2023.3)
Requirement already satisfied: tenacity>=6.2.0 in /home/mx6835/.local/lib/python3.10/site-packages (from plotly->mtl==1.0.0) (8.2.3)
Requirement already satisfied: joblib>=0.11 in /home/mx6835/.local/lib/python3.10/site-packages (from scikit-learn->mtl==1.0.0) (1.3.2)
Requirement already satisfied: threadpoolctl>=2.0.0 in /home/mx6835/.local/lib/python3.10/site-packages (from scikit-learn->mtl==1.0.0) (3.2.0)
Requirement already satisfied: jinja2 in /home/mx6835/.local/lib/python3.10/site-packages (from torch_geometric->mtl==1.0.0) (3.1.2)
Requirement already satisfied: aiohttp in /home/mx6835/.local/lib/python3.10/site-packages (from torch_geometric->mtl==1.0.0) (3.8.5)
Requirement already satisfied: fsspec in /home/mx6835/.local/lib/python3.10/site-packages (from torch_geometric->mtl==1.0.0) (2023.6.0)
Requirement already satisfied: gitdb<5,>=4.0.1 in /home/mx6835/.local/lib/python3.10/site-packages (from GitPython>=1.0.0->wandb==0.12.21->mtl==1.0.0) (4.0.11)
Requirement already satisfied: qdldl in /home/mx6835/.local/lib/python3.10/site-packages (from osqp>=0.6.2->cvxpy->mtl==1.0.0) (0.1.7.post1)
Requirement already satisfied: certifi>=2017.4.17 in /home/mx6835/.local/lib/python3.10/site-packages (from requests<3,>=2.0.0->wandb==0.12.21->mtl==1.0.0) (2023.7.22)
Requirement already satisfied: idna<4,>=2.5 in /home/mx6835/.local/lib/python3.10/site-packages (from requests<3,>=2.0.0->wandb==0.12.21->mtl==1.0.0) (3.4)
Requirement already satisfied: charset-normalizer<4,>=2 in /home/mx6835/.local/lib/python3.10/site-packages (from requests<3,>=2.0.0->wandb==0.12.21->mtl==1.0.0) (3.2.0)
Requirement already satisfied: urllib3<3,>=1.21.1 in /home/mx6835/.local/lib/python3.10/site-packages (from requests<3,>=2.0.0->wandb==0.12.21->mtl==1.0.0) (2.0.4)
Requirement already satisfied: frozenlist>=1.1.1 in /home/mx6835/.local/lib/python3.10/site-packages (from aiohttp->torch_geometric->mtl==1.0.0) (1.4.0)
Requirement already satisfied: yarl<2.0,>=1.0 in /home/mx6835/.local/lib/python3.10/site-packages (from aiohttp->torch_geometric->mtl==1.0.0) (1.9.2)
Requirement already satisfied: multidict<7.0,>=4.5 in /home/mx6835/.local/lib/python3.10/site-packages (from aiohttp->torch_geometric->mtl==1.0.0) (6.0.4)
Requirement already satisfied: attrs>=17.3.0 in /home/mx6835/.local/lib/python3.10/site-packages (from aiohttp->torch_geometric->mtl==1.0.0) (23.1.0)
Requirement already satisfied: async-timeout<5.0,>=4.0.0a3 in /home/mx6835/.local/lib/python3.10/site-packages (from aiohttp->torch_geometric->mtl==1.0.0) (4.0.3)
Requirement already satisfied: aiosignal>=1.1.2 in /home/mx6835/.local/lib/python3.10/site-packages (from aiohttp->torch_geometric->mtl==1.0.0) (1.3.1)
Requirement already satisfied: MarkupSafe>=2.0 in /home/mx6835/.local/lib/python3.10/site-packages (from jinja2->torch_geometric->mtl==1.0.0) (2.1.3)
Requirement already satisfied: smmap<6,>=3.0.1 in /home/mx6835/.local/lib/python3.10/site-packages (from gitdb<5,>=4.0.1->GitPython>=1.0.0->wandb==0.12.21->mtl==1.0.0) (5.0.1)
Installing collected packages: mtl
  Attempting uninstall: mtl
    Found existing installation: mtl 1.0.0
    Uninstalling mtl-1.0.0:
      Successfully uninstalled mtl-1.0.0
  Running setup.py develop for mtl
Successfully installed mtl-1.0.0
LOSS FORMAT: SEMANTIC_LOSS MEAN_IOU PIX_ACC | DEPTH_LOSS ABS_ERR REL_ERR | NORMAL_LOSS MEAN MED <11.25 <22.5 <30 | ∆m (test)
Epoch: 0000 | lr=0.0001 | epoch lenth=398 | train time: 207.305 s | method famo | TRAIN: 1.9721 0.0751 0.3448 | 0.8775 0.8579 0.3952 | 0.3621 46.0491 44.3444 0.0394 0.1513 0.2608 || TEST: 1.7987 0.1020 0.3886 | 0.8867 0.8867 0.3401 | 0.3108 42.9615 41.8972 0.0467 0.1693 0.2861 | 63.275
LOSS FORMAT: SEMANTIC_LOSS MEAN_IOU PIX_ACC | DEPTH_LOSS ABS_ERR REL_ERR | NORMAL_LOSS MEAN MED <11.25 <22.5 <30 | ∆m (test)
Epoch: 0001 | lr=0.0001 | epoch lenth=398 | train time: 91.612 s | method famo | TRAIN: 1.7899 0.0992 0.3939 | 0.8335 0.8175 0.3762 | 0.3086 41.7167 39.8932 0.0587 0.2145 0.3391 || TEST: 1.7314 0.1058 0.4004 | 0.8547 0.8547 0.3367 | 0.2862 40.4100 38.3254 0.0613 0.2314 0.3650 | 56.080
LOSS FORMAT: SEMANTIC_LOSS MEAN_IOU PIX_ACC | DEPTH_LOSS ABS_ERR REL_ERR | NORMAL_LOSS MEAN MED <11.25 <22.5 <30 | ∆m (test)
Epoch: 0002 | lr=0.0001 | epoch lenth=398 | train time: 91.202 s | method famo | TRAIN: 1.7405 0.1041 0.4091 | 0.8088 0.7944 0.3743 | 0.2947 40.3988 38.4580 0.0699 0.2407 0.3655 || TEST: 1.7879 0.0922 0.3904 | 1.2906 1.2906 0.4177 | 0.2876 40.7242 39.1058 0.0608 0.2125 0.3414 | 68.420
LOSS FORMAT: SEMANTIC_LOSS MEAN_IOU PIX_ACC | DEPTH_LOSS ABS_ERR REL_ERR | NORMAL_LOSS MEAN MED <11.25 <22.5 <30 | ∆m (test)
Epoch: 0003 | lr=0.0001 | epoch lenth=398 | train time: 95.629 s | method famo | TRAIN: 1.7095 0.1025 0.4095 | 0.8143 0.8002 0.3681 | 0.2841 39.4939 37.4805 0.0772 0.2537 0.3804 || TEST: 1.6488 0.1098 0.4306 | 0.9428 0.9428 0.3224 | 0.2685 38.6054 36.7190 0.0893 0.2690 0.3939 | 52.360
LOSS FORMAT: SEMANTIC_LOSS MEAN_IOU PIX_ACC | DEPTH_LOSS ABS_ERR REL_ERR | NORMAL_LOSS MEAN MED <11.25 <22.5 <30 | ∆m (test)
Epoch: 0004 | lr=0.0001 | epoch lenth=398 | train time: 91.344 s | method famo | TRAIN: 1.6755 0.1141 0.4349 | 0.7962 0.7808 0.3608 | 0.2764 38.7365 36.5947 0.0858 0.2671 0.3943 || TEST: 1.6434 0.1239 0.4366 | 0.8364 0.8364 0.3072 | 0.2517 37.0106 35.1256 0.1109 0.2930 0.4176 | 46.217
LOSS FORMAT: SEMANTIC_LOSS MEAN_IOU PIX_ACC | DEPTH_LOSS ABS_ERR REL_ERR | NORMAL_LOSS MEAN MED <11.25 <22.5 <30 | ∆m (test)
Epoch: 0005 | lr=0.0001 | epoch lenth=398 | train time: 91.437 s | method famo | TRAIN: 1.6673 0.1224 0.4412 | 0.7714 0.7560 0.3517 | 0.2734 38.3796 36.0984 0.0897 0.2751 0.4035 || TEST: 1.6545 0.1287 0.4276 | 0.8325 0.8325 0.3099 | 0.2590 37.2112 34.5190 0.1205 0.3139 0.4339 | 44.990
LOSS FORMAT: SEMANTIC_LOSS MEAN_IOU PIX_ACC | DEPTH_LOSS ABS_ERR REL_ERR | NORMAL_LOSS MEAN MED <11.25 <22.5 <30 | ∆m (test)
Epoch: 0006 | lr=0.0001 | epoch lenth=398 | train time: 95.743 s | method famo | TRAIN: 1.6309 0.1294 0.4425 | 0.7776 0.7618 0.3511 | 0.2677 37.7731 35.3703 0.0987 0.2883 0.4160 || TEST: 1.5979 0.1425 0.4524 | 0.9412 0.9412 0.3121 | 0.2453 36.4598 34.2918 0.1120 0.3004 0.4298 | 46.209
LOSS FORMAT: SEMANTIC_LOSS MEAN_IOU PIX_ACC | DEPTH_LOSS ABS_ERR REL_ERR | NORMAL_LOSS MEAN MED <11.25 <22.5 <30 | ∆m (test)
Epoch: 0007 | lr=0.0001 | epoch lenth=398 | train time: 105.054 s | method famo | TRAIN: 1.6146 0.1387 0.4552 | 0.7742 0.7575 0.3391 | 0.2604 37.0276 34.4642 0.1095 0.3017 0.4297 || TEST: 1.5679 0.1398 0.4627 | 0.7745 0.7745 0.3097 | 0.2446 35.9246 33.4135 0.1381 0.3297 0.4489 | 40.689
LOSS FORMAT: SEMANTIC_LOSS MEAN_IOU PIX_ACC | DEPTH_LOSS ABS_ERR REL_ERR | NORMAL_LOSS MEAN MED <11.25 <22.5 <30 | ∆m (test)
Epoch: 0008 | lr=0.0001 | epoch lenth=398 | train time: 104.248 s | method famo | TRAIN: 1.6091 0.1396 0.4636 | 0.7538 0.7363 0.3395 | 0.2588 36.8362 34.1999 0.1114 0.3063 0.4347 || TEST: 1.5161 0.1482 0.4835 | 0.8244 0.8244 0.2994 | 0.2357 35.3765 32.5606 0.1227 0.3309 0.4599 | 40.122
LOSS FORMAT: SEMANTIC_LOSS MEAN_IOU PIX_ACC | DEPTH_LOSS ABS_ERR REL_ERR | NORMAL_LOSS MEAN MED <11.25 <22.5 <30 | ∆m (test)
Epoch: 0009 | lr=0.0001 | epoch lenth=398 | train time: 92.315 s | method famo | TRAIN: 1.5534 0.1490 0.4838 | 0.7606 0.7434 0.3374 | 0.2514 36.1111 33.3093 0.1216 0.3213 0.4490 || TEST: 1.4824 0.1690 0.4983 | 0.7488 0.7488 0.2872 | 0.2246 34.1070 31.1588 0.1516 0.3555 0.4826 | 34.250
LOSS FORMAT: SEMANTIC_LOSS MEAN_IOU PIX_ACC | DEPTH_LOSS ABS_ERR REL_ERR | NORMAL_LOSS MEAN MED <11.25 <22.5 <30 | ∆m (test)
Epoch: 0010 | lr=0.0001 | epoch lenth=398 | train time: 91.692 s | method famo | TRAIN: 1.5303 0.1631 0.4953 | 0.7420 0.7243 0.3340 | 0.2435 35.2822 32.2376 0.1331 0.3377 0.4673 || TEST: 1.5634 0.1613 0.4586 | 0.7660 0.7660 0.2830 | 0.2292 34.6574 31.9384 0.1405 0.3413 0.4705 | 36.854
LOSS FORMAT: SEMANTIC_LOSS MEAN_IOU PIX_ACC | DEPTH_LOSS ABS_ERR REL_ERR | NORMAL_LOSS MEAN MED <11.25 <22.5 <30 | ∆m (test)
Epoch: 0011 | lr=0.0001 | epoch lenth=398 | train time: 91.591 s | method famo | TRAIN: 1.5009 0.1632 0.4810 | 0.7358 0.7180 0.3305 | 0.2405 34.9817 31.9341 0.1374 0.3435 0.4721 || TEST: 1.4836 0.1802 0.4962 | 0.7780 0.7780 0.2901 | 0.2237 34.0389 31.1927 0.1531 0.3557 0.4829 | 34.481
LOSS FORMAT: SEMANTIC_LOSS MEAN_IOU PIX_ACC | DEPTH_LOSS ABS_ERR REL_ERR | NORMAL_LOSS MEAN MED <11.25 <22.5 <30 | ∆m (test)
Epoch: 0012 | lr=0.0001 | epoch lenth=398 | train time: 91.814 s | method famo | TRAIN: 1.4927 0.1751 0.5016 | 0.7287 0.7097 0.3286 | 0.2417 35.0237 31.9497 0.1366 0.3421 0.4720 || TEST: 1.4809 0.1755 0.4939 | 0.7672 0.7672 0.2925 | 0.2212 33.6433 30.6050 0.1647 0.3669 0.4919 | 33.271
LOSS FORMAT: SEMANTIC_LOSS MEAN_IOU PIX_ACC | DEPTH_LOSS ABS_ERR REL_ERR | NORMAL_LOSS MEAN MED <11.25 <22.5 <30 | ∆m (test)
Epoch: 0013 | lr=0.0001 | epoch lenth=398 | train time: 94.539 s | method famo | TRAIN: 1.4787 0.1741 0.5033 | 0.7322 0.7122 0.3213 | 0.2369 34.4960 31.2175 0.1450 0.3533 0.4829 || TEST: 1.4468 0.1750 0.5107 | 0.7314 0.7314 0.2869 | 0.2142 32.9735 29.7638 0.1716 0.3786 0.5047 | 30.706
LOSS FORMAT: SEMANTIC_LOSS MEAN_IOU PIX_ACC | DEPTH_LOSS ABS_ERR REL_ERR | NORMAL_LOSS MEAN MED <11.25 <22.5 <30 | ∆m (test)
Epoch: 0014 | lr=0.0001 | epoch lenth=398 | train time: 104.557 s | method famo | TRAIN: 1.4911 0.1733 0.5083 | 0.7250 0.7061 0.3160 | 0.2357 34.3657 30.8989 0.1464 0.3582 0.4880 || TEST: 1.4018 0.1888 0.5203 | 0.7166 0.7166 0.2812 | 0.2149 33.0566 29.8398 0.1673 0.3750 0.5044 | 29.980
LOSS FORMAT: SEMANTIC_LOSS MEAN_IOU PIX_ACC | DEPTH_LOSS ABS_ERR REL_ERR | NORMAL_LOSS MEAN MED <11.25 <22.5 <30 | ∆m (test)
Epoch: 0015 | lr=0.0001 | epoch lenth=398 | train time: 94.031 s | method famo | TRAIN: 1.4520 0.1842 0.5191 | 0.6972 0.6783 0.3110 | 0.2301 33.8871 30.5104 0.1516 0.3627 0.4945 || TEST: 1.3761 0.1993 0.5283 | 0.8176 0.8176 0.2842 | 0.2043 31.8862 28.1175 0.1848 0.4043 0.5328 | 28.129
LOSS FORMAT: SEMANTIC_LOSS MEAN_IOU PIX_ACC | DEPTH_LOSS ABS_ERR REL_ERR | NORMAL_LOSS MEAN MED <11.25 <22.5 <30 | ∆m (test)
Epoch: 0016 | lr=0.0001 | epoch lenth=398 | train time: 91.980 s | method famo | TRAIN: 1.4396 0.1945 0.5263 | 0.7045 0.6857 0.3093 | 0.2261 33.4229 29.7728 0.1573 0.3756 0.5068 || TEST: 1.4204 0.1791 0.5074 | 0.9138 0.9138 0.3048 | 0.2031 31.9180 28.4106 0.1779 0.3991 0.5289 | 32.092
LOSS FORMAT: SEMANTIC_LOSS MEAN_IOU PIX_ACC | DEPTH_LOSS ABS_ERR REL_ERR | NORMAL_LOSS MEAN MED <11.25 <22.5 <30 | ∆m (test)
Epoch: 0017 | lr=0.0001 | epoch lenth=398 | train time: 91.705 s | method famo | TRAIN: 1.3978 0.1873 0.5236 | 0.6881 0.6690 0.3000 | 0.2210 32.9636 29.3801 0.1633 0.3830 0.5144 || TEST: 1.3618 0.2126 0.5350 | 0.7181 0.7181 0.2733 | 0.1999 31.5996 28.0750 0.1828 0.4051 0.5340 | 25.447
LOSS FORMAT: SEMANTIC_LOSS MEAN_IOU PIX_ACC | DEPTH_LOSS ABS_ERR REL_ERR | NORMAL_LOSS MEAN MED <11.25 <22.5 <30 | ∆m (test)
Epoch: 0018 | lr=0.0001 | epoch lenth=398 | train time: 103.260 s | method famo | TRAIN: 1.3975 0.2065 0.5368 | 0.6834 0.6631 0.3035 | 0.2208 32.8151 29.1419 0.1674 0.3882 0.5189 || TEST: 1.3448 0.2129 0.5449 | 0.6904 0.6904 0.2740 | 0.2008 31.4340 27.3201 0.1908 0.4181 0.5471 | 23.568
LOSS FORMAT: SEMANTIC_LOSS MEAN_IOU PIX_ACC | DEPTH_LOSS ABS_ERR REL_ERR | NORMAL_LOSS MEAN MED <11.25 <22.5 <30 | ∆m (test)
Epoch: 0019 | lr=0.0001 | epoch lenth=398 | train time: 97.434 s | method famo | TRAIN: 1.3787 0.2087 0.5430 | 0.6758 0.6561 0.3008 | 0.2163 32.3878 28.4851 0.1741 0.3984 0.5292 || TEST: 1.4287 0.2126 0.5105 | 0.7455 0.7455 0.2753 | 0.2017 31.9020 28.4660 0.1720 0.3970 0.5286 | 27.405
LOSS FORMAT: SEMANTIC_LOSS MEAN_IOU PIX_ACC | DEPTH_LOSS ABS_ERR REL_ERR | NORMAL_LOSS MEAN MED <11.25 <22.5 <30 | ∆m (test)
Epoch: 0020 | lr=0.0001 | epoch lenth=398 | train time: 90.685 s | method famo | TRAIN: 1.3750 0.2144 0.5295 | 0.6641 0.6429 0.2907 | 0.2174 32.4929 28.7233 0.1694 0.3928 0.5260 || TEST: 1.3468 0.2212 0.5477 | 0.7262 0.7262 0.2728 | 0.1946 30.8451 26.8063 0.1991 0.4267 0.5555 | 22.650
LOSS FORMAT: SEMANTIC_LOSS MEAN_IOU PIX_ACC | DEPTH_LOSS ABS_ERR REL_ERR | NORMAL_LOSS MEAN MED <11.25 <22.5 <30 | ∆m (test)
Epoch: 0021 | lr=0.0001 | epoch lenth=398 | train time: 91.350 s | method famo | TRAIN: 1.3261 0.2244 0.5564 | 0.6681 0.6456 0.2975 | 0.2124 31.9900 28.1236 0.1759 0.4026 0.5356 || TEST: 1.3203 0.2391 0.5531 | 0.8279 0.8279 0.2843 | 0.1991 31.0380 26.8084 0.2112 0.4311 0.5528 | 23.773
LOSS FORMAT: SEMANTIC_LOSS MEAN_IOU PIX_ACC | DEPTH_LOSS ABS_ERR REL_ERR | NORMAL_LOSS MEAN MED <11.25 <22.5 <30 | ∆m (test)
Epoch: 0022 | lr=0.0001 | epoch lenth=398 | train time: 91.017 s | method famo | TRAIN: 1.3387 0.2326 0.5566 | 0.6536 0.6329 0.2912 | 0.2121 31.9841 28.0997 0.1751 0.4026 0.5362 || TEST: 1.3252 0.2337 0.5504 | 0.6916 0.6916 0.2659 | 0.1924 30.6238 26.6148 0.2040 0.4300 0.5581 | 20.903
LOSS FORMAT: SEMANTIC_LOSS MEAN_IOU PIX_ACC | DEPTH_LOSS ABS_ERR REL_ERR | NORMAL_LOSS MEAN MED <11.25 <22.5 <30 | ∆m (test)
Epoch: 0023 | lr=0.0001 | epoch lenth=398 | train time: 91.532 s | method famo | TRAIN: 1.3056 0.2354 0.5613 | 0.6458 0.6239 0.2871 | 0.2053 31.2936 27.2406 0.1859 0.4172 0.5506 || TEST: 1.2948 0.2441 0.5612 | 0.7341 0.7341 0.2674 | 0.1961 30.9298 26.7399 0.1987 0.4280 0.5568 | 21.636
LOSS FORMAT: SEMANTIC_LOSS MEAN_IOU PIX_ACC | DEPTH_LOSS ABS_ERR REL_ERR | NORMAL_LOSS MEAN MED <11.25 <22.5 <30 | ∆m (test)
Epoch: 0024 | lr=0.0001 | epoch lenth=398 | train time: 90.964 s | method famo | TRAIN: 1.2903 0.2466 0.5670 | 0.6381 0.6168 0.2856 | 0.2064 31.3486 27.2605 0.1866 0.4180 0.5502 || TEST: 1.3541 0.2115 0.5427 | 0.7076 0.7076 0.2998 | 0.1920 30.7669 26.9485 0.1919 0.4227 0.5539 | 24.211
LOSS FORMAT: SEMANTIC_LOSS MEAN_IOU PIX_ACC | DEPTH_LOSS ABS_ERR REL_ERR | NORMAL_LOSS MEAN MED <11.25 <22.5 <30 | ∆m (test)
Epoch: 0025 | lr=0.0001 | epoch lenth=398 | train time: 91.496 s | method famo | TRAIN: 1.2761 0.2337 0.5624 | 0.6273 0.6059 0.2744 | 0.2022 30.9459 26.8207 0.1907 0.4248 0.5582 || TEST: 1.3182 0.2433 0.5631 | 0.6982 0.6982 0.2840 | 0.1938 30.8921 26.8097 0.1887 0.4241 0.5568 | 22.167
LOSS FORMAT: SEMANTIC_LOSS MEAN_IOU PIX_ACC | DEPTH_LOSS ABS_ERR REL_ERR | NORMAL_LOSS MEAN MED <11.25 <22.5 <30 | ∆m (test)
Epoch: 0026 | lr=0.0001 | epoch lenth=398 | train time: 91.880 s | method famo | TRAIN: 1.2767 0.2534 0.5730 | 0.6363 0.6132 0.2765 | 0.1992 30.6435 26.4811 0.1941 0.4300 0.5645 || TEST: 1.2602 0.2563 0.5706 | 0.6707 0.6707 0.2558 | 0.1830 29.6579 25.3393 0.2135 0.4517 0.5807 | 16.846
LOSS FORMAT: SEMANTIC_LOSS MEAN_IOU PIX_ACC | DEPTH_LOSS ABS_ERR REL_ERR | NORMAL_LOSS MEAN MED <11.25 <22.5 <30 | ∆m (test)
Epoch: 0027 | lr=0.0001 | epoch lenth=398 | train time: 91.497 s | method famo | TRAIN: 1.2577 0.2645 0.5798 | 0.6239 0.6016 0.2786 | 0.2011 30.8048 26.5693 0.1917 0.4284 0.5623 || TEST: 1.2708 0.2800 0.5714 | 0.6894 0.6894 0.2599 | 0.1875 30.1368 25.8432 0.2044 0.4418 0.5729 | 17.774
LOSS FORMAT: SEMANTIC_LOSS MEAN_IOU PIX_ACC | DEPTH_LOSS ABS_ERR REL_ERR | NORMAL_LOSS MEAN MED <11.25 <22.5 <30 | ∆m (test)
Epoch: 0028 | lr=0.0001 | epoch lenth=398 | train time: 92.393 s | method famo | TRAIN: 1.2362 0.2791 0.5833 | 0.6165 0.5945 0.2694 | 0.1962 30.3221 26.0798 0.1993 0.4358 0.5706 || TEST: 1.2713 0.2599 0.5700 | 0.6669 0.6669 0.2825 | 0.1926 30.6409 26.4534 0.1973 0.4315 0.5637 | 20.103
LOSS FORMAT: SEMANTIC_LOSS MEAN_IOU PIX_ACC | DEPTH_LOSS ABS_ERR REL_ERR | NORMAL_LOSS MEAN MED <11.25 <22.5 <30 | ∆m (test)
Epoch: 0029 | lr=0.0001 | epoch lenth=398 | train time: 91.918 s | method famo | TRAIN: 1.2397 0.2752 0.5830 | 0.6210 0.5981 0.2746 | 0.1974 30.3768 26.0666 0.1993 0.4377 0.5708 || TEST: 1.2565 0.2762 0.5752 | 0.6748 0.6748 0.2628 | 0.1833 29.7396 25.4864 0.2096 0.4481 0.5792 | 16.896
LOSS FORMAT: SEMANTIC_LOSS MEAN_IOU PIX_ACC | DEPTH_LOSS ABS_ERR REL_ERR | NORMAL_LOSS MEAN MED <11.25 <22.5 <30 | ∆m (test)
Epoch: 0030 | lr=0.0001 | epoch lenth=398 | train time: 92.988 s | method famo | TRAIN: 1.2406 0.2807 0.5879 | 0.6226 0.5967 0.2711 | 0.1975 30.3054 26.0508 0.1992 0.4385 0.5719 || TEST: 1.2469 0.2852 0.5795 | 0.6611 0.6611 0.2550 | 0.1826 29.6034 25.3707 0.2166 0.4517 0.5803 | 15.548
LOSS FORMAT: SEMANTIC_LOSS MEAN_IOU PIX_ACC | DEPTH_LOSS ABS_ERR REL_ERR | NORMAL_LOSS MEAN MED <11.25 <22.5 <30 | ∆m (test)
Epoch: 0031 | lr=0.0001 | epoch lenth=398 | train time: 92.699 s | method famo | TRAIN: 1.2309 0.2880 0.5904 | 0.6192 0.5948 0.2688 | 0.1939 30.0619 25.7865 0.2027 0.4422 0.5767 || TEST: 1.3107 0.2689 0.5603 | 0.6453 0.6453 0.2630 | 0.1825 29.9111 26.0172 0.1950 0.4374 0.5737 | 18.107
LOSS FORMAT: SEMANTIC_LOSS MEAN_IOU PIX_ACC | DEPTH_LOSS ABS_ERR REL_ERR | NORMAL_LOSS MEAN MED <11.25 <22.5 <30 | ∆m (test)
Epoch: 0032 | lr=0.0001 | epoch lenth=398 | train time: 91.891 s | method famo | TRAIN: 1.2065 0.2879 0.5845 | 0.6019 0.5776 0.2673 | 0.1913 29.7371 25.3848 0.2082 0.4490 0.5833 || TEST: 1.2267 0.2820 0.5900 | 0.7028 0.7028 0.2549 | 0.1804 29.3300 24.9026 0.2195 0.4598 0.5896 | 15.335
LOSS FORMAT: SEMANTIC_LOSS MEAN_IOU PIX_ACC | DEPTH_LOSS ABS_ERR REL_ERR | NORMAL_LOSS MEAN MED <11.25 <22.5 <30 | ∆m (test)
Epoch: 0033 | lr=0.0001 | epoch lenth=398 | train time: 119.513 s | method famo | TRAIN: 1.1830 0.2966 0.6034 | 0.6041 0.5810 0.2640 | 0.1902 29.6322 25.3319 0.2091 0.4520 0.5861 || TEST: 1.2551 0.2686 0.5774 | 0.6606 0.6606 0.2607 | 0.1779 29.0300 24.5099 0.2256 0.4669 0.5954 | 14.663
LOSS FORMAT: SEMANTIC_LOSS MEAN_IOU PIX_ACC | DEPTH_LOSS ABS_ERR REL_ERR | NORMAL_LOSS MEAN MED <11.25 <22.5 <30 | ∆m (test)
Epoch: 0034 | lr=0.0001 | epoch lenth=398 | train time: 149.256 s | method famo | TRAIN: 1.2004 0.2912 0.5961 | 0.5715 0.5463 0.2543 | 0.1880 29.3644 24.9095 0.2123 0.4578 0.5922 || TEST: 1.2394 0.2766 0.5833 | 0.6902 0.6902 0.2657 | 0.1871 29.7815 25.1564 0.2243 0.4579 0.5831 | 16.146
LOSS FORMAT: SEMANTIC_LOSS MEAN_IOU PIX_ACC | DEPTH_LOSS ABS_ERR REL_ERR | NORMAL_LOSS MEAN MED <11.25 <22.5 <30 | ∆m (test)
Epoch: 0035 | lr=0.0001 | epoch lenth=398 | train time: 92.897 s | method famo | TRAIN: 1.1631 0.2995 0.6064 | 0.5747 0.5506 0.2513 | 0.1846 29.0596 24.6357 0.2165 0.4639 0.5984 || TEST: 1.2647 0.2547 0.5761 | 0.6698 0.6698 0.2594 | 0.1844 29.6301 25.0673 0.2179 0.4559 0.5872 | 16.407
LOSS FORMAT: SEMANTIC_LOSS MEAN_IOU PIX_ACC | DEPTH_LOSS ABS_ERR REL_ERR | NORMAL_LOSS MEAN MED <11.25 <22.5 <30 | ∆m (test)
Epoch: 0036 | lr=0.0001 | epoch lenth=398 | train time: 93.456 s | method famo | TRAIN: 1.1602 0.2920 0.6030 | 0.5665 0.5430 0.2544 | 0.1838 28.9523 24.4386 0.2184 0.4681 0.6019 || TEST: 1.1934 0.2832 0.5965 | 0.7230 0.7230 0.2573 | 0.1739 29.0014 25.0283 0.2101 0.4553 0.5895 | 15.978
LOSS FORMAT: SEMANTIC_LOSS MEAN_IOU PIX_ACC | DEPTH_LOSS ABS_ERR REL_ERR | NORMAL_LOSS MEAN MED <11.25 <22.5 <30 | ∆m (test)
Epoch: 0037 | lr=0.0001 | epoch lenth=398 | train time: 91.858 s | method famo | TRAIN: 1.1484 0.3115 0.6135 | 0.5824 0.5556 0.2538 | 0.1860 29.1370 24.6021 0.2153 0.4641 0.5985 || TEST: 1.1925 0.3004 0.6043 | 0.6325 0.6325 0.2591 | 0.1842 29.4718 24.5984 0.2232 0.4651 0.5945 | 13.131
LOSS FORMAT: SEMANTIC_LOSS MEAN_IOU PIX_ACC | DEPTH_LOSS ABS_ERR REL_ERR | NORMAL_LOSS MEAN MED <11.25 <22.5 <30 | ∆m (test)
Epoch: 0038 | lr=0.0001 | epoch lenth=398 | train time: 92.426 s | method famo | TRAIN: 1.1371 0.3228 0.6191 | 0.5695 0.5448 0.2473 | 0.1818 28.7224 24.1891 0.2200 0.4721 0.6065 || TEST: 1.2278 0.2913 0.5921 | 0.6491 0.6491 0.2728 | 0.1737 28.7232 24.2776 0.2207 0.4698 0.6038 | 13.763
LOSS FORMAT: SEMANTIC_LOSS MEAN_IOU PIX_ACC | DEPTH_LOSS ABS_ERR REL_ERR | NORMAL_LOSS MEAN MED <11.25 <22.5 <30 | ∆m (test)
Epoch: 0039 | lr=0.0001 | epoch lenth=398 | train time: 92.757 s | method famo | TRAIN: 1.1346 0.3195 0.6151 | 0.5599 0.5339 0.2481 | 0.1821 28.7139 24.0922 0.2212 0.4731 0.6072 || TEST: 1.2207 0.2887 0.5916 | 0.6825 0.6825 0.2545 | 0.1788 29.2722 24.9636 0.2134 0.4581 0.5915 | 14.998
LOSS FORMAT: SEMANTIC_LOSS MEAN_IOU PIX_ACC | DEPTH_LOSS ABS_ERR REL_ERR | NORMAL_LOSS MEAN MED <11.25 <22.5 <30 | ∆m (test)
Epoch: 0040 | lr=0.0001 | epoch lenth=398 | train time: 91.529 s | method famo | TRAIN: 1.1093 0.3223 0.6184 | 0.5609 0.5359 0.2492 | 0.1800 28.5247 23.8883 0.2240 0.4780 0.6128 || TEST: 1.2003 0.3043 0.5960 | 0.7028 0.7028 0.2513 | 0.1724 28.5056 23.6511 0.2235 0.4809 0.6143 | 12.394
LOSS FORMAT: SEMANTIC_LOSS MEAN_IOU PIX_ACC | DEPTH_LOSS ABS_ERR REL_ERR | NORMAL_LOSS MEAN MED <11.25 <22.5 <30 | ∆m (test)
Epoch: 0041 | lr=0.0001 | epoch lenth=398 | train time: 91.765 s | method famo | TRAIN: 1.1114 0.3316 0.6214 | 0.5673 0.5415 0.2466 | 0.1786 28.3595 23.7002 0.2239 0.4787 0.6151 || TEST: 1.1829 0.2997 0.6028 | 0.7535 0.7535 0.2647 | 0.1745 28.6898 24.1489 0.2270 0.4730 0.6047 | 14.327
LOSS FORMAT: SEMANTIC_LOSS MEAN_IOU PIX_ACC | DEPTH_LOSS ABS_ERR REL_ERR | NORMAL_LOSS MEAN MED <11.25 <22.5 <30 | ∆m (test)
Epoch: 0042 | lr=0.0001 | epoch lenth=398 | train time: 92.299 s | method famo | TRAIN: 1.0968 0.3300 0.6274 | 0.5558 0.5305 0.2499 | 0.1785 28.2984 23.6260 0.2280 0.4832 0.6174 || TEST: 1.1887 0.3145 0.6069 | 0.6626 0.6626 0.2535 | 0.1764 28.8511 24.1594 0.2246 0.4714 0.6040 | 12.094
LOSS FORMAT: SEMANTIC_LOSS MEAN_IOU PIX_ACC | DEPTH_LOSS ABS_ERR REL_ERR | NORMAL_LOSS MEAN MED <11.25 <22.5 <30 | ∆m (test)
Epoch: 0043 | lr=0.0001 | epoch lenth=398 | train time: 92.762 s | method famo | TRAIN: 1.0875 0.3427 0.6317 | 0.5520 0.5265 0.2421 | 0.1762 28.0659 23.3732 0.2310 0.4870 0.6218 || TEST: 1.1860 0.3224 0.6064 | 0.6584 0.6584 0.2861 | 0.1711 28.2129 23.3840 0.2383 0.4865 0.6183 | 11.345
LOSS FORMAT: SEMANTIC_LOSS MEAN_IOU PIX_ACC | DEPTH_LOSS ABS_ERR REL_ERR | NORMAL_LOSS MEAN MED <11.25 <22.5 <30 | ∆m (test)
Epoch: 0044 | lr=0.0001 | epoch lenth=398 | train time: 92.937 s | method famo | TRAIN: 1.0834 0.3454 0.6311 | 0.5486 0.5224 0.2425 | 0.1744 27.9102 23.2123 0.2301 0.4896 0.6250 || TEST: 1.1964 0.3106 0.6043 | 0.6272 0.6272 0.2488 | 0.1792 29.1429 24.3989 0.2186 0.4661 0.5998 | 12.139
LOSS FORMAT: SEMANTIC_LOSS MEAN_IOU PIX_ACC | DEPTH_LOSS ABS_ERR REL_ERR | NORMAL_LOSS MEAN MED <11.25 <22.5 <30 | ∆m (test)
Epoch: 0045 | lr=0.0001 | epoch lenth=398 | train time: 92.581 s | method famo | TRAIN: 1.0562 0.3457 0.6356 | 0.5363 0.5119 0.2333 | 0.1712 27.6111 22.8158 0.2384 0.4980 0.6316 || TEST: 1.1610 0.3233 0.6137 | 0.6230 0.6230 0.2640 | 0.1681 27.9613 22.9790 0.2375 0.4935 0.6243 | 9.177
LOSS FORMAT: SEMANTIC_LOSS MEAN_IOU PIX_ACC | DEPTH_LOSS ABS_ERR REL_ERR | NORMAL_LOSS MEAN MED <11.25 <22.5 <30 | ∆m (test)
Epoch: 0046 | lr=0.0001 | epoch lenth=398 | train time: 92.284 s | method famo | TRAIN: 1.0457 0.3558 0.6414 | 0.5336 0.5074 0.2333 | 0.1712 27.5068 22.6388 0.2405 0.5016 0.6344 || TEST: 1.1801 0.3299 0.6063 | 0.7279 0.7279 0.2523 | 0.1694 28.2136 23.2925 0.2242 0.4885 0.6227 | 11.284
LOSS FORMAT: SEMANTIC_LOSS MEAN_IOU PIX_ACC | DEPTH_LOSS ABS_ERR REL_ERR | NORMAL_LOSS MEAN MED <11.25 <22.5 <30 | ∆m (test)
Epoch: 0047 | lr=0.0001 | epoch lenth=398 | train time: 91.799 s | method famo | TRAIN: 1.0407 0.3642 0.6397 | 0.5320 0.5057 0.2326 | 0.1718 27.5722 22.7227 0.2362 0.4989 0.6344 || TEST: 1.1628 0.3162 0.6139 | 0.6318 0.6318 0.2551 | 0.1711 28.1500 23.1562 0.2410 0.4926 0.6205 | 9.306
LOSS FORMAT: SEMANTIC_LOSS MEAN_IOU PIX_ACC | DEPTH_LOSS ABS_ERR REL_ERR | NORMAL_LOSS MEAN MED <11.25 <22.5 <30 | ∆m (test)
Epoch: 0048 | lr=0.0001 | epoch lenth=398 | train time: 93.257 s | method famo | TRAIN: 1.0327 0.3617 0.6458 | 0.5268 0.5011 0.2339 | 0.1690 27.2203 22.3344 0.2443 0.5075 0.6417 || TEST: 1.2250 0.3007 0.5985 | 0.6637 0.6637 0.2567 | 0.1719 28.2296 23.1561 0.2372 0.4904 0.6222 | 10.803
LOSS FORMAT: SEMANTIC_LOSS MEAN_IOU PIX_ACC | DEPTH_LOSS ABS_ERR REL_ERR | NORMAL_LOSS MEAN MED <11.25 <22.5 <30 | ∆m (test)
Epoch: 0049 | lr=0.0001 | epoch lenth=398 | train time: 92.304 s | method famo | TRAIN: 1.0372 0.3530 0.6361 | 0.5283 0.5019 0.2325 | 0.1690 27.2647 22.3786 0.2406 0.5071 0.6416 || TEST: 1.1602 0.3376 0.6207 | 0.5960 0.5960 0.2496 | 0.1678 27.8404 22.7611 0.2401 0.4994 0.6307 | 7.128
LOSS FORMAT: SEMANTIC_LOSS MEAN_IOU PIX_ACC | DEPTH_LOSS ABS_ERR REL_ERR | NORMAL_LOSS MEAN MED <11.25 <22.5 <30 | ∆m (test)
Epoch: 0050 | lr=0.0001 | epoch lenth=398 | train time: 96.056 s | method famo | TRAIN: 1.0633 0.3627 0.6425 | 0.5227 0.4962 0.2354 | 0.1719 27.5169 22.6136 0.2387 0.5007 0.6350 || TEST: 1.2663 0.3022 0.5889 | 0.6156 0.6156 0.2561 | 0.1726 28.3376 23.2648 0.2321 0.4894 0.6218 | 10.432
LOSS FORMAT: SEMANTIC_LOSS MEAN_IOU PIX_ACC | DEPTH_LOSS ABS_ERR REL_ERR | NORMAL_LOSS MEAN MED <11.25 <22.5 <30 | ∆m (test)
Epoch: 0051 | lr=0.0001 | epoch lenth=398 | train time: 93.413 s | method famo | TRAIN: 1.0027 0.3596 0.6381 | 0.5117 0.4879 0.2239 | 0.1628 26.6728 21.6527 0.2532 0.5206 0.6539 || TEST: 1.1627 0.3397 0.6124 | 0.5942 0.5942 0.2333 | 0.1635 27.2924 21.9900 0.2522 0.5149 0.6437 | 4.886
LOSS FORMAT: SEMANTIC_LOSS MEAN_IOU PIX_ACC | DEPTH_LOSS ABS_ERR REL_ERR | NORMAL_LOSS MEAN MED <11.25 <22.5 <30 | ∆m (test)
Epoch: 0052 | lr=0.0001 | epoch lenth=398 | train time: 93.290 s | method famo | TRAIN: 0.9916 0.3768 0.6505 | 0.4981 0.4738 0.2167 | 0.1629 26.7016 21.8117 0.2508 0.5191 0.6525 || TEST: 1.1679 0.3186 0.6120 | 0.5963 0.5963 0.2328 | 0.1665 27.7445 22.7889 0.2400 0.4993 0.6311 | 7.138
LOSS FORMAT: SEMANTIC_LOSS MEAN_IOU PIX_ACC | DEPTH_LOSS ABS_ERR REL_ERR | NORMAL_LOSS MEAN MED <11.25 <22.5 <30 | ∆m (test)
Epoch: 0053 | lr=0.0001 | epoch lenth=398 | train time: 100.070 s | method famo | TRAIN: 0.9998 0.3707 0.6509 | 0.5146 0.4884 0.2226 | 0.1636 26.6677 21.7225 0.2502 0.5207 0.6545 || TEST: 1.1904 0.3212 0.6045 | 0.6177 0.6177 0.2405 | 0.1711 28.2292 23.4130 0.2322 0.4863 0.6219 | 9.118
LOSS FORMAT: SEMANTIC_LOSS MEAN_IOU PIX_ACC | DEPTH_LOSS ABS_ERR REL_ERR | NORMAL_LOSS MEAN MED <11.25 <22.5 <30 | ∆m (test)
Epoch: 0054 | lr=0.0001 | epoch lenth=398 | train time: 104.063 s | method famo | TRAIN: 0.9908 0.3737 0.6490 | 0.5118 0.4864 0.2216 | 0.1611 26.4334 21.3721 0.2538 0.5275 0.6608 || TEST: 1.1736 0.3354 0.6179 | 0.5939 0.5939 0.2346 | 0.1639 27.4052 22.1531 0.2460 0.5110 0.6425 | 5.427
LOSS FORMAT: SEMANTIC_LOSS MEAN_IOU PIX_ACC | DEPTH_LOSS ABS_ERR REL_ERR | NORMAL_LOSS MEAN MED <11.25 <22.5 <30 | ∆m (test)
Epoch: 0055 | lr=0.0001 | epoch lenth=398 | train time: 106.196 s | method famo | TRAIN: 0.9878 0.3796 0.6559 | 0.5100 0.4835 0.2228 | 0.1607 26.3593 21.3351 0.2546 0.5286 0.6623 || TEST: 1.1411 0.3272 0.6265 | 0.6196 0.6196 0.2469 | 0.1688 27.7764 22.4712 0.2484 0.5042 0.6343 | 6.952
LOSS FORMAT: SEMANTIC_LOSS MEAN_IOU PIX_ACC | DEPTH_LOSS ABS_ERR REL_ERR | NORMAL_LOSS MEAN MED <11.25 <22.5 <30 | ∆m (test)
Epoch: 0056 | lr=0.0001 | epoch lenth=398 | train time: 92.107 s | method famo | TRAIN: 0.9731 0.3826 0.6619 | 0.4999 0.4740 0.2222 | 0.1609 26.3480 21.2749 0.2574 0.5309 0.6625 || TEST: 1.1697 0.3466 0.6227 | 0.5978 0.5978 0.2504 | 0.1694 27.9604 22.7196 0.2369 0.5001 0.6328 | 6.996
LOSS FORMAT: SEMANTIC_LOSS MEAN_IOU PIX_ACC | DEPTH_LOSS ABS_ERR REL_ERR | NORMAL_LOSS MEAN MED <11.25 <22.5 <30 | ∆m (test)
Epoch: 0057 | lr=0.0001 | epoch lenth=398 | train time: 95.849 s | method famo | TRAIN: 0.9641 0.3909 0.6617 | 0.4944 0.4687 0.2201 | 0.1590 26.1121 20.9988 0.2630 0.5356 0.6667 || TEST: 1.2241 0.3163 0.5933 | 0.6123 0.6123 0.2532 | 0.1639 27.3471 22.0798 0.2525 0.5115 0.6404 | 7.177
LOSS FORMAT: SEMANTIC_LOSS MEAN_IOU PIX_ACC | DEPTH_LOSS ABS_ERR REL_ERR | NORMAL_LOSS MEAN MED <11.25 <22.5 <30 | ∆m (test)
Epoch: 0058 | lr=0.0001 | epoch lenth=398 | train time: 104.626 s | method famo | TRAIN: 0.9723 0.3762 0.6482 | 0.5033 0.4761 0.2256 | 0.1572 25.9588 20.9174 0.2617 0.5387 0.6719 || TEST: 1.2142 0.3243 0.6026 | 0.5917 0.5917 0.2370 | 0.1660 27.7225 22.6085 0.2356 0.5027 0.6359 | 7.131
LOSS FORMAT: SEMANTIC_LOSS MEAN_IOU PIX_ACC | DEPTH_LOSS ABS_ERR REL_ERR | NORMAL_LOSS MEAN MED <11.25 <22.5 <30 | ∆m (test)
Epoch: 0059 | lr=0.0001 | epoch lenth=398 | train time: 92.044 s | method famo | TRAIN: 0.9484 0.3865 0.6554 | 0.4858 0.4609 0.2165 | 0.1574 25.9799 20.8385 0.2642 0.5385 0.6710 || TEST: 1.1511 0.3214 0.6113 | 0.6106 0.6106 0.2458 | 0.1604 27.0958 21.9669 0.2527 0.5141 0.6425 | 6.124
LOSS FORMAT: SEMANTIC_LOSS MEAN_IOU PIX_ACC | DEPTH_LOSS ABS_ERR REL_ERR | NORMAL_LOSS MEAN MED <11.25 <22.5 <30 | ∆m (test)
Epoch: 0060 | lr=0.0001 | epoch lenth=398 | train time: 92.231 s | method famo | TRAIN: 0.9423 0.3880 0.6591 | 0.4919 0.4666 0.2176 | 0.1561 25.8345 20.7864 0.2662 0.5418 0.6740 || TEST: 1.1995 0.3171 0.6119 | 0.6011 0.6011 0.2402 | 0.1624 27.1640 21.7975 0.2533 0.5187 0.6474 | 5.596
LOSS FORMAT: SEMANTIC_LOSS MEAN_IOU PIX_ACC | DEPTH_LOSS ABS_ERR REL_ERR | NORMAL_LOSS MEAN MED <11.25 <22.5 <30 | ∆m (test)
Epoch: 0061 | lr=0.0001 | epoch lenth=398 | train time: 92.155 s | method famo | TRAIN: 0.9266 0.3891 0.6637 | 0.4816 0.4565 0.2142 | 0.1562 25.8224 20.6551 0.2665 0.5436 0.6744 || TEST: 1.1600 0.3339 0.6207 | 0.5914 0.5914 0.2464 | 0.1608 27.0409 21.8234 0.2575 0.5173 0.6454 | 4.910
LOSS FORMAT: SEMANTIC_LOSS MEAN_IOU PIX_ACC | DEPTH_LOSS ABS_ERR REL_ERR | NORMAL_LOSS MEAN MED <11.25 <22.5 <30 | ∆m (test)
Epoch: 0062 | lr=0.0001 | epoch lenth=398 | train time: 92.174 s | method famo | TRAIN: 0.9146 0.3933 0.6702 | 0.4872 0.4607 0.2154 | 0.1532 25.4839 20.3614 0.2706 0.5502 0.6817 || TEST: 1.2629 0.3049 0.5949 | 0.6255 0.6255 0.2615 | 0.1657 27.4761 22.1135 0.2503 0.5124 0.6411 | 8.153
LOSS FORMAT: SEMANTIC_LOSS MEAN_IOU PIX_ACC | DEPTH_LOSS ABS_ERR REL_ERR | NORMAL_LOSS MEAN MED <11.25 <22.5 <30 | ∆m (test)
Epoch: 0063 | lr=0.0001 | epoch lenth=398 | train time: 92.048 s | method famo | TRAIN: 0.9184 0.3851 0.6571 | 0.4841 0.4590 0.2171 | 0.1519 25.3739 20.1195 0.2732 0.5549 0.6852 || TEST: 1.1790 0.3437 0.6176 | 0.6399 0.6399 0.2507 | 0.1626 27.3005 22.1632 0.2484 0.5106 0.6408 | 6.499
LOSS FORMAT: SEMANTIC_LOSS MEAN_IOU PIX_ACC | DEPTH_LOSS ABS_ERR REL_ERR | NORMAL_LOSS MEAN MED <11.25 <22.5 <30 | ∆m (test)
Epoch: 0064 | lr=0.0001 | epoch lenth=398 | train time: 92.161 s | method famo | TRAIN: 0.9115 0.4046 0.6691 | 0.4759 0.4506 0.2092 | 0.1517 25.3057 20.1700 0.2741 0.5554 0.6856 || TEST: 1.1579 0.3302 0.6219 | 0.6315 0.6315 0.2382 | 0.1588 26.7971 21.4880 0.2609 0.5245 0.6523 | 4.653
LOSS FORMAT: SEMANTIC_LOSS MEAN_IOU PIX_ACC | DEPTH_LOSS ABS_ERR REL_ERR | NORMAL_LOSS MEAN MED <11.25 <22.5 <30 | ∆m (test)
Epoch: 0065 | lr=0.0001 | epoch lenth=398 | train time: 92.599 s | method famo | TRAIN: 0.9169 0.3982 0.6718 | 0.4844 0.4566 0.2151 | 0.1510 25.2013 20.0634 0.2756 0.5573 0.6886 || TEST: 1.1511 0.3521 0.6275 | 0.6083 0.6083 0.2330 | 0.1625 26.9672 21.3092 0.2672 0.5281 0.6526 | 2.993
LOSS FORMAT: SEMANTIC_LOSS MEAN_IOU PIX_ACC | DEPTH_LOSS ABS_ERR REL_ERR | NORMAL_LOSS MEAN MED <11.25 <22.5 <30 | ∆m (test)
Epoch: 0066 | lr=0.0001 | epoch lenth=398 | train time: 92.575 s | method famo | TRAIN: 0.9047 0.4116 0.6730 | 0.4777 0.4526 0.2123 | 0.1500 25.1443 19.9693 0.2778 0.5595 0.6891 || TEST: 1.1775 0.3447 0.6108 | 0.5767 0.5767 0.2393 | 0.1677 27.6978 22.2680 0.2461 0.5089 0.6374 | 5.507
LOSS FORMAT: SEMANTIC_LOSS MEAN_IOU PIX_ACC | DEPTH_LOSS ABS_ERR REL_ERR | NORMAL_LOSS MEAN MED <11.25 <22.5 <30 | ∆m (test)
Epoch: 0067 | lr=0.0001 | epoch lenth=398 | train time: 93.131 s | method famo | TRAIN: 0.9154 0.4024 0.6658 | 0.4867 0.4598 0.2123 | 0.1519 25.2628 20.0250 0.2778 0.5576 0.6875 || TEST: 1.1661 0.3303 0.6150 | 0.6868 0.6868 0.2430 | 0.1617 27.3057 22.3461 0.2452 0.5072 0.6392 | 7.716
LOSS FORMAT: SEMANTIC_LOSS MEAN_IOU PIX_ACC | DEPTH_LOSS ABS_ERR REL_ERR | NORMAL_LOSS MEAN MED <11.25 <22.5 <30 | ∆m (test)
Epoch: 0068 | lr=0.0001 | epoch lenth=398 | train time: 93.301 s | method famo | TRAIN: 0.8890 0.4039 0.6721 | 0.4641 0.4400 0.2017 | 0.1494 25.0890 19.8216 0.2810 0.5609 0.6904 || TEST: 1.1666 0.3452 0.6249 | 0.5811 0.5811 0.2304 | 0.1591 26.8057 21.3835 0.2589 0.5270 0.6553 | 2.942
LOSS FORMAT: SEMANTIC_LOSS MEAN_IOU PIX_ACC | DEPTH_LOSS ABS_ERR REL_ERR | NORMAL_LOSS MEAN MED <11.25 <22.5 <30 | ∆m (test)
Epoch: 0069 | lr=0.0001 | epoch lenth=398 | train time: 176.736 s | method famo | TRAIN: 0.8782 0.4175 0.6794 | 0.4601 0.4355 0.2045 | 0.1458 24.6987 19.4615 0.2864 0.5703 0.6990 || TEST: 1.1577 0.3499 0.6254 | 0.6115 0.6115 0.2439 | 0.1550 26.3785 21.0563 0.2693 0.5339 0.6596 | 2.872
LOSS FORMAT: SEMANTIC_LOSS MEAN_IOU PIX_ACC | DEPTH_LOSS ABS_ERR REL_ERR | NORMAL_LOSS MEAN MED <11.25 <22.5 <30 | ∆m (test)
Epoch: 0070 | lr=0.0001 | epoch lenth=398 | train time: 91.844 s | method famo | TRAIN: 0.8836 0.4140 0.6780 | 0.4489 0.4248 0.2005 | 0.1468 24.7815 19.4975 0.2852 0.5692 0.6975 || TEST: 1.1998 0.3361 0.6098 | 0.5855 0.5855 0.2425 | 0.1583 26.7477 21.3902 0.2573 0.5275 0.6583 | 4.002
LOSS FORMAT: SEMANTIC_LOSS MEAN_IOU PIX_ACC | DEPTH_LOSS ABS_ERR REL_ERR | NORMAL_LOSS MEAN MED <11.25 <22.5 <30 | ∆m (test)
Epoch: 0071 | lr=0.0001 | epoch lenth=398 | train time: 92.648 s | method famo | TRAIN: 0.8810 0.4106 0.6720 | 0.4554 0.4298 0.1995 | 0.1481 24.8338 19.5337 0.2863 0.5683 0.6961 || TEST: 1.1589 0.3530 0.6292 | 0.5902 0.5902 0.2305 | 0.1618 27.0665 21.7779 0.2577 0.5186 0.6481 | 3.463
LOSS FORMAT: SEMANTIC_LOSS MEAN_IOU PIX_ACC | DEPTH_LOSS ABS_ERR REL_ERR | NORMAL_LOSS MEAN MED <11.25 <22.5 <30 | ∆m (test)
Epoch: 0072 | lr=0.0001 | epoch lenth=398 | train time: 93.346 s | method famo | TRAIN: 0.8791 0.4217 0.6811 | 0.4614 0.4365 0.2006 | 0.1447 24.5595 19.3228 0.2866 0.5736 0.7030 || TEST: 1.1310 0.3439 0.6350 | 0.5725 0.5725 0.2298 | 0.1582 26.5543 20.9497 0.2690 0.5360 0.6619 | 1.624
LOSS FORMAT: SEMANTIC_LOSS MEAN_IOU PIX_ACC | DEPTH_LOSS ABS_ERR REL_ERR | NORMAL_LOSS MEAN MED <11.25 <22.5 <30 | ∆m (test)
Epoch: 0073 | lr=0.0001 | epoch lenth=398 | train time: 95.649 s | method famo | TRAIN: 0.8504 0.4256 0.6881 | 0.4462 0.4206 0.1946 | 0.1445 24.4396 19.1772 0.2916 0.5786 0.7062 || TEST: 1.1525 0.3308 0.6149 | 0.6086 0.6086 0.2405 | 0.1596 26.8207 21.4154 0.2613 0.5266 0.6550 | 4.337
LOSS FORMAT: SEMANTIC_LOSS MEAN_IOU PIX_ACC | DEPTH_LOSS ABS_ERR REL_ERR | NORMAL_LOSS MEAN MED <11.25 <22.5 <30 | ∆m (test)
Epoch: 0074 | lr=0.0001 | epoch lenth=398 | train time: 105.977 s | method famo | TRAIN: 0.8630 0.4158 0.6778 | 0.4636 0.4386 0.2017 | 0.1458 24.6300 19.4458 0.2875 0.5725 0.7016 || TEST: 1.1485 0.3380 0.6265 | 0.5845 0.5845 0.2418 | 0.1566 26.4832 20.9432 0.2689 0.5353 0.6603 | 2.622
LOSS FORMAT: SEMANTIC_LOSS MEAN_IOU PIX_ACC | DEPTH_LOSS ABS_ERR REL_ERR | NORMAL_LOSS MEAN MED <11.25 <22.5 <30 | ∆m (test)
Epoch: 0075 | lr=0.0001 | epoch lenth=398 | train time: 102.224 s | method famo | TRAIN: 0.8345 0.4220 0.6882 | 0.4469 0.4226 0.2010 | 0.1425 24.2870 18.9009 0.2946 0.5841 0.7103 || TEST: 1.1533 0.3529 0.6308 | 0.6273 0.6273 0.2339 | 0.1556 26.4116 20.9505 0.2687 0.5345 0.6610 | 2.490
LOSS FORMAT: SEMANTIC_LOSS MEAN_IOU PIX_ACC | DEPTH_LOSS ABS_ERR REL_ERR | NORMAL_LOSS MEAN MED <11.25 <22.5 <30 | ∆m (test)
Epoch: 0076 | lr=0.0001 | epoch lenth=398 | train time: 92.823 s | method famo | TRAIN: 0.8342 0.4270 0.6892 | 0.4700 0.4447 0.2051 | 0.1418 24.1740 18.8220 0.2979 0.5851 0.7114 || TEST: 1.0913 0.3530 0.6436 | 0.6893 0.6893 0.2458 | 0.1554 26.3306 20.8222 0.2722 0.5388 0.6637 | 3.395
LOSS FORMAT: SEMANTIC_LOSS MEAN_IOU PIX_ACC | DEPTH_LOSS ABS_ERR REL_ERR | NORMAL_LOSS MEAN MED <11.25 <22.5 <30 | ∆m (test)
Epoch: 0077 | lr=0.0001 | epoch lenth=398 | train time: 93.432 s | method famo | TRAIN: 0.8207 0.4315 0.6986 | 0.4348 0.4101 0.1952 | 0.1433 24.3002 18.9455 0.2959 0.5830 0.7096 || TEST: 1.2308 0.3056 0.6093 | 0.6245 0.6245 0.2331 | 0.1588 26.6989 21.2949 0.2669 0.5287 0.6547 | 4.765
LOSS FORMAT: SEMANTIC_LOSS MEAN_IOU PIX_ACC | DEPTH_LOSS ABS_ERR REL_ERR | NORMAL_LOSS MEAN MED <11.25 <22.5 <30 | ∆m (test)
Epoch: 0078 | lr=0.0001 | epoch lenth=398 | train time: 94.541 s | method famo | TRAIN: 0.8363 0.4090 0.6800 | 0.4545 0.4284 0.1984 | 0.1425 24.2541 18.9547 0.2945 0.5830 0.7101 || TEST: 1.1661 0.3529 0.6309 | 0.6143 0.6143 0.2324 | 0.1555 26.3963 20.9793 0.2671 0.5355 0.6634 | 2.227
LOSS FORMAT: SEMANTIC_LOSS MEAN_IOU PIX_ACC | DEPTH_LOSS ABS_ERR REL_ERR | NORMAL_LOSS MEAN MED <11.25 <22.5 <30 | ∆m (test)
Epoch: 0079 | lr=0.0001 | epoch lenth=398 | train time: 104.051 s | method famo | TRAIN: 0.8145 0.4354 0.6940 | 0.4384 0.4140 0.1937 | 0.1387 23.8662 18.5856 0.3010 0.5921 0.7178 || TEST: 1.1227 0.3590 0.6435 | 0.6364 0.6364 0.2301 | 0.1594 26.6419 20.9422 0.2697 0.5360 0.6613 | 2.121
LOSS FORMAT: SEMANTIC_LOSS MEAN_IOU PIX_ACC | DEPTH_LOSS ABS_ERR REL_ERR | NORMAL_LOSS MEAN MED <11.25 <22.5 <30 | ∆m (test)
Epoch: 0080 | lr=0.0001 | epoch lenth=398 | train time: 106.846 s | method famo | TRAIN: 0.8355 0.4299 0.6960 | 0.4400 0.4153 0.1953 | 0.1382 23.7773 18.4519 0.3035 0.5949 0.7210 || TEST: 1.1669 0.3406 0.6110 | 0.6699 0.6699 0.2401 | 0.1544 26.3661 21.0501 0.2640 0.5349 0.6637 | 4.303
LOSS FORMAT: SEMANTIC_LOSS MEAN_IOU PIX_ACC | DEPTH_LOSS ABS_ERR REL_ERR | NORMAL_LOSS MEAN MED <11.25 <22.5 <30 | ∆m (test)
Epoch: 0081 | lr=0.0001 | epoch lenth=398 | train time: 101.877 s | method famo | TRAIN: 0.8194 0.4291 0.6837 | 0.4390 0.4134 0.1947 | 0.1389 23.7811 18.4512 0.3033 0.5949 0.7198 || TEST: 1.1556 0.3551 0.6300 | 0.5732 0.5732 0.2410 | 0.1585 26.6459 21.1205 0.2655 0.5323 0.6595 | 2.221
LOSS FORMAT: SEMANTIC_LOSS MEAN_IOU PIX_ACC | DEPTH_LOSS ABS_ERR REL_ERR | NORMAL_LOSS MEAN MED <11.25 <22.5 <30 | ∆m (test)
Epoch: 0082 | lr=0.0001 | epoch lenth=398 | train time: 92.420 s | method famo | TRAIN: 0.8057 0.4306 0.6933 | 0.4389 0.4150 0.1969 | 0.1375 23.7385 18.3248 0.3047 0.5973 0.7212 || TEST: 1.1899 0.3307 0.6248 | 0.5659 0.5659 0.2378 | 0.1519 25.9788 20.4029 0.2757 0.5473 0.6714 | 1.201
LOSS FORMAT: SEMANTIC_LOSS MEAN_IOU PIX_ACC | DEPTH_LOSS ABS_ERR REL_ERR | NORMAL_LOSS MEAN MED <11.25 <22.5 <30 | ∆m (test)
Epoch: 0083 | lr=0.0001 | epoch lenth=398 | train time: 92.927 s | method famo | TRAIN: 0.7937 0.4395 0.6965 | 0.4333 0.4089 0.1912 | 0.1387 23.8307 18.5426 0.3032 0.5933 0.7192 || TEST: 1.1522 0.3569 0.6303 | 0.5812 0.5812 0.2419 | 0.1574 26.5511 21.0584 0.2663 0.5343 0.6618 | 2.147
LOSS FORMAT: SEMANTIC_LOSS MEAN_IOU PIX_ACC | DEPTH_LOSS ABS_ERR REL_ERR | NORMAL_LOSS MEAN MED <11.25 <22.5 <30 | ∆m (test)
Epoch: 0084 | lr=0.0001 | epoch lenth=398 | train time: 92.783 s | method famo | TRAIN: 0.7777 0.4460 0.6991 | 0.4211 0.3982 0.1873 | 0.1346 23.4286 18.0673 0.3121 0.6033 0.7275 || TEST: 1.1674 0.3178 0.6217 | 0.6133 0.6133 0.2299 | 0.1545 26.1429 20.5231 0.2780 0.5445 0.6693 | 2.242
LOSS FORMAT: SEMANTIC_LOSS MEAN_IOU PIX_ACC | DEPTH_LOSS ABS_ERR REL_ERR | NORMAL_LOSS MEAN MED <11.25 <22.5 <30 | ∆m (test)
Epoch: 0085 | lr=0.0001 | epoch lenth=398 | train time: 93.498 s | method famo | TRAIN: 0.7776 0.4297 0.6962 | 0.4239 0.3992 0.1842 | 0.1362 23.5337 18.1826 0.3087 0.6017 0.7258 || TEST: 1.2141 0.3360 0.6210 | 0.5897 0.5897 0.2332 | 0.1526 25.9963 20.4826 0.2811 0.5454 0.6686 | 1.257
LOSS FORMAT: SEMANTIC_LOSS MEAN_IOU PIX_ACC | DEPTH_LOSS ABS_ERR REL_ERR | NORMAL_LOSS MEAN MED <11.25 <22.5 <30 | ∆m (test)
Epoch: 0086 | lr=0.0001 | epoch lenth=398 | train time: 93.607 s | method famo | TRAIN: 0.8045 0.4331 0.6919 | 0.4259 0.3998 0.1905 | 0.1373 23.5601 18.1181 0.3095 0.6018 0.7254 || TEST: 1.2001 0.3410 0.6174 | 0.5646 0.5646 0.2227 | 0.1539 26.1314 20.5774 0.2756 0.5442 0.6692 | 0.676
LOSS FORMAT: SEMANTIC_LOSS MEAN_IOU PIX_ACC | DEPTH_LOSS ABS_ERR REL_ERR | NORMAL_LOSS MEAN MED <11.25 <22.5 <30 | ∆m (test)
Epoch: 0087 | lr=0.0001 | epoch lenth=398 | train time: 93.374 s | method famo | TRAIN: 0.7818 0.4354 0.6938 | 0.4267 0.4008 0.1849 | 0.1350 23.3839 18.0663 0.3104 0.6054 0.7296 || TEST: 1.1821 0.3460 0.6308 | 0.5802 0.5802 0.2219 | 0.1535 26.0862 20.4482 0.2737 0.5469 0.6734 | 0.376
LOSS FORMAT: SEMANTIC_LOSS MEAN_IOU PIX_ACC | DEPTH_LOSS ABS_ERR REL_ERR | NORMAL_LOSS MEAN MED <11.25 <22.5 <30 | ∆m (test)
Epoch: 0088 | lr=0.0001 | epoch lenth=398 | train time: 92.938 s | method famo | TRAIN: 0.7616 0.4433 0.7034 | 0.4114 0.3893 0.1804 | 0.1307 22.9939 17.6247 0.3190 0.6152 0.7374 || TEST: 1.2549 0.3364 0.6170 | 0.5895 0.5895 0.2278 | 0.1600 26.6535 20.7765 0.2705 0.5391 0.6631 | 2.162
LOSS FORMAT: SEMANTIC_LOSS MEAN_IOU PIX_ACC | DEPTH_LOSS ABS_ERR REL_ERR | NORMAL_LOSS MEAN MED <11.25 <22.5 <30 | ∆m (test)
Epoch: 0089 | lr=0.0001 | epoch lenth=398 | train time: 92.513 s | method famo | TRAIN: 0.7553 0.4417 0.6986 | 0.4131 0.3893 0.1835 | 0.1330 23.1903 17.7551 0.3160 0.6105 0.7341 || TEST: 1.1996 0.3443 0.6202 | 0.6191 0.6191 0.2366 | 0.1565 26.5010 20.9916 0.2649 0.5353 0.6623 | 3.063
LOSS FORMAT: SEMANTIC_LOSS MEAN_IOU PIX_ACC | DEPTH_LOSS ABS_ERR REL_ERR | NORMAL_LOSS MEAN MED <11.25 <22.5 <30 | ∆m (test)
Epoch: 0090 | lr=0.0001 | epoch lenth=398 | train time: 93.031 s | method famo | TRAIN: 0.7713 0.4483 0.6985 | 0.4195 0.3934 0.1844 | 0.1355 23.3543 17.9873 0.3122 0.6074 0.7305 || TEST: 1.2178 0.3467 0.6244 | 0.6107 0.6107 0.2328 | 0.1562 26.4094 20.8530 0.2697 0.5378 0.6642 | 2.259
LOSS FORMAT: SEMANTIC_LOSS MEAN_IOU PIX_ACC | DEPTH_LOSS ABS_ERR REL_ERR | NORMAL_LOSS MEAN MED <11.25 <22.5 <30 | ∆m (test)
Epoch: 0091 | lr=0.0001 | epoch lenth=398 | train time: 91.820 s | method famo | TRAIN: 0.7761 0.4436 0.6989 | 0.4115 0.3876 0.1847 | 0.1328 23.1189 17.6610 0.3188 0.6143 0.7359 || TEST: 1.2091 0.3367 0.6231 | 0.5929 0.5929 0.2328 | 0.1523 26.1017 20.6925 0.2721 0.5412 0.6666 | 1.852
LOSS FORMAT: SEMANTIC_LOSS MEAN_IOU PIX_ACC | DEPTH_LOSS ABS_ERR REL_ERR | NORMAL_LOSS MEAN MED <11.25 <22.5 <30 | ∆m (test)
Epoch: 0092 | lr=0.0001 | epoch lenth=398 | train time: 92.102 s | method famo | TRAIN: 0.7567 0.4460 0.7012 | 0.4055 0.3816 0.1794 | 0.1309 22.9129 17.5004 0.3214 0.6191 0.7399 || TEST: 1.2161 0.3546 0.6296 | 0.5847 0.5847 0.2403 | 0.1600 26.7185 21.0118 0.2663 0.5359 0.6620 | 2.234
LOSS FORMAT: SEMANTIC_LOSS MEAN_IOU PIX_ACC | DEPTH_LOSS ABS_ERR REL_ERR | NORMAL_LOSS MEAN MED <11.25 <22.5 <30 | ∆m (test)
Epoch: 0093 | lr=0.0001 | epoch lenth=398 | train time: 91.588 s | method famo | TRAIN: 0.7569 0.4508 0.7041 | 0.4057 0.3809 0.1798 | 0.1312 22.9418 17.5777 0.3202 0.6173 0.7393 || TEST: 1.1868 0.3481 0.6343 | 0.6080 0.6080 0.2277 | 0.1540 26.0659 20.2983 0.2761 0.5512 0.6752 | 0.645
LOSS FORMAT: SEMANTIC_LOSS MEAN_IOU PIX_ACC | DEPTH_LOSS ABS_ERR REL_ERR | NORMAL_LOSS MEAN MED <11.25 <22.5 <30 | ∆m (test)
Epoch: 0094 | lr=0.0001 | epoch lenth=398 | train time: 91.011 s | method famo | TRAIN: 0.7681 0.4494 0.7040 | 0.4197 0.3938 0.1892 | 0.1318 22.9419 17.5336 0.3210 0.6179 0.7394 || TEST: 1.2060 0.3524 0.6273 | 0.6107 0.6107 0.2478 | 0.1530 26.0667 20.4992 0.2778 0.5445 0.6676 | 1.799
LOSS FORMAT: SEMANTIC_LOSS MEAN_IOU PIX_ACC | DEPTH_LOSS ABS_ERR REL_ERR | NORMAL_LOSS MEAN MED <11.25 <22.5 <30 | ∆m (test)
Epoch: 0095 | lr=0.0001 | epoch lenth=398 | train time: 92.341 s | method famo | TRAIN: 0.7472 0.4572 0.7052 | 0.4125 0.3881 0.1839 | 0.1301 22.7829 17.3431 0.3255 0.6219 0.7425 || TEST: 1.1498 0.3387 0.6198 | 0.6879 0.6879 0.2425 | 0.1531 26.3861 21.3046 0.2590 0.5287 0.6587 | 5.138
LOSS FORMAT: SEMANTIC_LOSS MEAN_IOU PIX_ACC | DEPTH_LOSS ABS_ERR REL_ERR | NORMAL_LOSS MEAN MED <11.25 <22.5 <30 | ∆m (test)
Epoch: 0096 | lr=0.0001 | epoch lenth=398 | train time: 92.193 s | method famo | TRAIN: 0.7336 0.4488 0.7044 | 0.4091 0.3844 0.1789 | 0.1280 22.5695 17.1524 0.3308 0.6265 0.7460 || TEST: 1.2171 0.3405 0.6261 | 0.6021 0.6021 0.2282 | 0.1560 26.5279 21.1547 0.2630 0.5324 0.6593 | 2.739
LOSS FORMAT: SEMANTIC_LOSS MEAN_IOU PIX_ACC | DEPTH_LOSS ABS_ERR REL_ERR | NORMAL_LOSS MEAN MED <11.25 <22.5 <30 | ∆m (test)
Epoch: 0097 | lr=0.0001 | epoch lenth=398 | train time: 92.536 s | method famo | TRAIN: 0.7291 0.4492 0.7064 | 0.4020 0.3788 0.1761 | 0.1291 22.7539 17.4307 0.3226 0.6226 0.7440 || TEST: 1.1366 0.3688 0.6405 | 0.6140 0.6140 0.2285 | 0.1542 26.0820 20.3687 0.2787 0.5486 0.6730 | 0.108
LOSS FORMAT: SEMANTIC_LOSS MEAN_IOU PIX_ACC | DEPTH_LOSS ABS_ERR REL_ERR | NORMAL_LOSS MEAN MED <11.25 <22.5 <30 | ∆m (test)
Epoch: 0098 | lr=0.0001 | epoch lenth=398 | train time: 92.100 s | method famo | TRAIN: 0.7403 0.4603 0.7114 | 0.3956 0.3726 0.1782 | 0.1279 22.5665 17.2000 0.3287 0.6267 0.7477 || TEST: 1.2146 0.3242 0.6213 | 0.5914 0.5914 0.2302 | 0.1507 25.8777 20.4496 0.2785 0.5467 0.6712 | 1.463
LOSS FORMAT: SEMANTIC_LOSS MEAN_IOU PIX_ACC | DEPTH_LOSS ABS_ERR REL_ERR | NORMAL_LOSS MEAN MED <11.25 <22.5 <30 | ∆m (test)
Epoch: 0099 | lr=0.0001 | epoch lenth=398 | train time: 92.838 s | method famo | TRAIN: 0.7271 0.4443 0.7045 | 0.4073 0.3827 0.1798 | 0.1263 22.4063 16.9502 0.3322 0.6314 0.7509 || TEST: 1.2246 0.3424 0.6327 | 0.5639 0.5639 0.2247 | 0.1544 26.1104 20.4394 0.2803 0.5466 0.6703 | 0.111
LOSS FORMAT: SEMANTIC_LOSS MEAN_IOU PIX_ACC | DEPTH_LOSS ABS_ERR REL_ERR | NORMAL_LOSS MEAN MED <11.25 <22.5 <30 | ∆m (test)
Epoch: 0100 | lr=0.0001 | epoch lenth=398 | train time: 92.809 s | method famo | TRAIN: 0.6739 0.4601 0.7163 | 0.3594 0.3481 0.1643 | 0.1198 22.0466 16.5711 0.3427 0.6418 0.7574 || TEST: 1.1692 0.3626 0.6326 | 0.6211 0.6211 0.2260 | 0.1467 25.5429 20.2597 0.2795 0.5510 0.6776 | -0.009
LOSS FORMAT: SEMANTIC_LOSS MEAN_IOU PIX_ACC | DEPTH_LOSS ABS_ERR REL_ERR | NORMAL_LOSS MEAN MED <11.25 <22.5 <30 | ∆m (test)
Epoch: 0101 | lr=0.0001 | epoch lenth=398 | train time: 92.547 s | method famo | TRAIN: 0.6516 0.4772 0.7200 | 0.3617 0.3497 0.1690 | 0.1187 21.9082 16.5155 0.3439 0.6442 0.7609 || TEST: 1.1704 0.3685 0.6460 | 0.5448 0.5448 0.2212 | 0.1461 25.2443 19.5369 0.2926 0.5662 0.6877 | -3.353
LOSS FORMAT: SEMANTIC_LOSS MEAN_IOU PIX_ACC | DEPTH_LOSS ABS_ERR REL_ERR | NORMAL_LOSS MEAN MED <11.25 <22.5 <30 | ∆m (test)
Epoch: 0102 | lr=0.0001 | epoch lenth=398 | train time: 93.002 s | method famo | TRAIN: 0.6403 0.4841 0.7292 | 0.3587 0.3459 0.1629 | 0.1159 21.5331 16.0848 0.3546 0.6544 0.7679 || TEST: 1.2289 0.3587 0.6305 | 0.5669 0.5669 0.2175 | 0.1517 25.7700 19.8820 0.2860 0.5585 0.6801 | -1.638
LOSS FORMAT: SEMANTIC_LOSS MEAN_IOU PIX_ACC | DEPTH_LOSS ABS_ERR REL_ERR | NORMAL_LOSS MEAN MED <11.25 <22.5 <30 | ∆m (test)
Epoch: 0103 | lr=0.0001 | epoch lenth=398 | train time: 92.151 s | method famo | TRAIN: 0.6327 0.4773 0.7229 | 0.3551 0.3427 0.1605 | 0.1159 21.5040 15.9694 0.3583 0.6555 0.7682 || TEST: 1.1983 0.3652 0.6396 | 0.5625 0.5625 0.2147 | 0.1529 25.8266 19.9332 0.2876 0.5574 0.6793 | -2.137
LOSS FORMAT: SEMANTIC_LOSS MEAN_IOU PIX_ACC | DEPTH_LOSS ABS_ERR REL_ERR | NORMAL_LOSS MEAN MED <11.25 <22.5 <30 | ∆m (test)
Epoch: 0104 | lr=0.0001 | epoch lenth=398 | train time: 92.492 s | method famo | TRAIN: 0.6265 0.4841 0.7290 | 0.3522 0.3395 0.1583 | 0.1158 21.4399 15.9016 0.3607 0.6579 0.7705 || TEST: 1.1106 0.3626 0.6406 | 0.6275 0.6275 0.2283 | 0.1469 25.3839 19.7420 0.2899 0.5607 0.6826 | -0.979
LOSS FORMAT: SEMANTIC_LOSS MEAN_IOU PIX_ACC | DEPTH_LOSS ABS_ERR REL_ERR | NORMAL_LOSS MEAN MED <11.25 <22.5 <30 | ∆m (test)
Epoch: 0105 | lr=0.0001 | epoch lenth=398 | train time: 92.710 s | method famo | TRAIN: 0.6332 0.4832 0.7273 | 0.3500 0.3373 0.1594 | 0.1150 21.4172 15.9543 0.3575 0.6572 0.7704 || TEST: 1.2044 0.3656 0.6410 | 0.5520 0.5520 0.2211 | 0.1443 25.0895 19.4411 0.2946 0.5677 0.6892 | -3.316
LOSS FORMAT: SEMANTIC_LOSS MEAN_IOU PIX_ACC | DEPTH_LOSS ABS_ERR REL_ERR | NORMAL_LOSS MEAN MED <11.25 <22.5 <30 | ∆m (test)
Epoch: 0106 | lr=0.0001 | epoch lenth=398 | train time: 93.925 s | method famo | TRAIN: 0.6009 0.4944 0.7338 | 0.3392 0.3271 0.1548 | 0.1143 21.3422 15.8345 0.3587 0.6608 0.7727 || TEST: 1.1884 0.3651 0.6473 | 0.5439 0.5439 0.2187 | 0.1449 25.0517 19.2367 0.3008 0.5708 0.6908 | -4.092
LOSS FORMAT: SEMANTIC_LOSS MEAN_IOU PIX_ACC | DEPTH_LOSS ABS_ERR REL_ERR | NORMAL_LOSS MEAN MED <11.25 <22.5 <30 | ∆m (test)
Epoch: 0107 | lr=0.0001 | epoch lenth=398 | train time: 102.158 s | method famo | TRAIN: 0.6211 0.4846 0.7332 | 0.3415 0.3286 0.1561 | 0.1149 21.3611 15.8903 0.3582 0.6606 0.7726 || TEST: 1.2120 0.3547 0.6376 | 0.5681 0.5681 0.2207 | 0.1458 25.1852 19.4120 0.2958 0.5678 0.6881 | -2.696
LOSS FORMAT: SEMANTIC_LOSS MEAN_IOU PIX_ACC | DEPTH_LOSS ABS_ERR REL_ERR | NORMAL_LOSS MEAN MED <11.25 <22.5 <30 | ∆m (test)
Epoch: 0108 | lr=0.0001 | epoch lenth=398 | train time: 92.145 s | method famo | TRAIN: 0.5919 0.4906 0.7344 | 0.3458 0.3331 0.1564 | 0.1129 21.1660 15.7529 0.3615 0.6644 0.7763 || TEST: 1.2073 0.3732 0.6455 | 0.5803 0.5803 0.2212 | 0.1469 25.3455 19.6118 0.2901 0.5643 0.6862 | -2.655
LOSS FORMAT: SEMANTIC_LOSS MEAN_IOU PIX_ACC | DEPTH_LOSS ABS_ERR REL_ERR | NORMAL_LOSS MEAN MED <11.25 <22.5 <30 | ∆m (test)
Epoch: 0109 | lr=0.0001 | epoch lenth=398 | train time: 92.890 s | method famo | TRAIN: 0.6033 0.4935 0.7356 | 0.3422 0.3289 0.1547 | 0.1129 21.1166 15.6299 0.3652 0.6653 0.7765 || TEST: 1.1834 0.3592 0.6375 | 0.5876 0.5876 0.2216 | 0.1473 25.3886 19.6997 0.2904 0.5623 0.6843 | -1.843
LOSS FORMAT: SEMANTIC_LOSS MEAN_IOU PIX_ACC | DEPTH_LOSS ABS_ERR REL_ERR | NORMAL_LOSS MEAN MED <11.25 <22.5 <30 | ∆m (test)
Epoch: 0110 | lr=0.0001 | epoch lenth=398 | train time: 102.266 s | method famo | TRAIN: 0.6044 0.4878 0.7328 | 0.3409 0.3281 0.1536 | 0.1119 21.0300 15.5419 0.3663 0.6683 0.7790 || TEST: 1.1751 0.3720 0.6436 | 0.5822 0.5822 0.2215 | 0.1468 25.4107 19.8897 0.2862 0.5593 0.6828 | -2.056
LOSS FORMAT: SEMANTIC_LOSS MEAN_IOU PIX_ACC | DEPTH_LOSS ABS_ERR REL_ERR | NORMAL_LOSS MEAN MED <11.25 <22.5 <30 | ∆m (test)
Epoch: 0111 | lr=0.0001 | epoch lenth=398 | train time: 101.612 s | method famo | TRAIN: 0.5911 0.4998 0.7373 | 0.3449 0.3315 0.1544 | 0.1103 20.8592 15.4767 0.3684 0.6714 0.7820 || TEST: 1.1856 0.3721 0.6483 | 0.5572 0.5572 0.2248 | 0.1438 25.0511 19.3328 0.2940 0.5704 0.6914 | -3.548
LOSS FORMAT: SEMANTIC_LOSS MEAN_IOU PIX_ACC | DEPTH_LOSS ABS_ERR REL_ERR | NORMAL_LOSS MEAN MED <11.25 <22.5 <30 | ∆m (test)
Epoch: 0112 | lr=0.0001 | epoch lenth=398 | train time: 92.286 s | method famo | TRAIN: 0.5850 0.4995 0.7411 | 0.3351 0.3217 0.1518 | 0.1120 21.0470 15.7052 0.3628 0.6680 0.7801 || TEST: 1.1991 0.3623 0.6422 | 0.6077 0.6077 0.2234 | 0.1472 25.3883 19.7260 0.2902 0.5617 0.6841 | -1.576
LOSS FORMAT: SEMANTIC_LOSS MEAN_IOU PIX_ACC | DEPTH_LOSS ABS_ERR REL_ERR | NORMAL_LOSS MEAN MED <11.25 <22.5 <30 | ∆m (test)
Epoch: 0113 | lr=0.0001 | epoch lenth=398 | train time: 93.077 s | method famo | TRAIN: 0.5802 0.4954 0.7386 | 0.3321 0.3199 0.1470 | 0.1083 20.6050 15.2177 0.3764 0.6789 0.7875 || TEST: 1.2236 0.3707 0.6422 | 0.5415 0.5415 0.2216 | 0.1471 25.0997 18.9671 0.3046 0.5779 0.6950 | -4.570
LOSS FORMAT: SEMANTIC_LOSS MEAN_IOU PIX_ACC | DEPTH_LOSS ABS_ERR REL_ERR | NORMAL_LOSS MEAN MED <11.25 <22.5 <30 | ∆m (test)
Epoch: 0114 | lr=0.0001 | epoch lenth=398 | train time: 95.819 s | method famo | TRAIN: 0.5812 0.4963 0.7389 | 0.3427 0.3295 0.1545 | 0.1104 20.8431 15.3821 0.3694 0.6736 0.7834 || TEST: 1.2008 0.3659 0.6387 | 0.5667 0.5667 0.2151 | 0.1471 25.3728 19.7288 0.2914 0.5616 0.6833 | -2.661
LOSS FORMAT: SEMANTIC_LOSS MEAN_IOU PIX_ACC | DEPTH_LOSS ABS_ERR REL_ERR | NORMAL_LOSS MEAN MED <11.25 <22.5 <30 | ∆m (test)
Epoch: 0115 | lr=0.0001 | epoch lenth=398 | train time: 107.544 s | method famo | TRAIN: 0.5727 0.5009 0.7385 | 0.3344 0.3213 0.1493 | 0.1086 20.6267 15.1687 0.3748 0.6790 0.7870 || TEST: 1.1855 0.3736 0.6436 | 0.6159 0.6159 0.2241 | 0.1456 25.1841 19.4017 0.2935 0.5684 0.6893 | -2.379
LOSS FORMAT: SEMANTIC_LOSS MEAN_IOU PIX_ACC | DEPTH_LOSS ABS_ERR REL_ERR | NORMAL_LOSS MEAN MED <11.25 <22.5 <30 | ∆m (test)
Epoch: 0116 | lr=0.0001 | epoch lenth=398 | train time: 93.355 s | method famo | TRAIN: 0.5887 0.5018 0.7383 | 0.3322 0.3180 0.1511 | 0.1098 20.7450 15.3702 0.3709 0.6740 0.7848 || TEST: 1.2671 0.3587 0.6403 | 0.5508 0.5508 0.2220 | 0.1474 25.2403 19.3067 0.2955 0.5721 0.6924 | -3.269
LOSS FORMAT: SEMANTIC_LOSS MEAN_IOU PIX_ACC | DEPTH_LOSS ABS_ERR REL_ERR | NORMAL_LOSS MEAN MED <11.25 <22.5 <30 | ∆m (test)
Epoch: 0117 | lr=0.0001 | epoch lenth=398 | train time: 93.032 s | method famo | TRAIN: 0.5661 0.4990 0.7402 | 0.3310 0.3185 0.1498 | 0.1091 20.6904 15.2304 0.3740 0.6772 0.7864 || TEST: 1.2544 0.3649 0.6432 | 0.5468 0.5468 0.2158 | 0.1464 25.1957 19.3564 0.2975 0.5687 0.6892 | -3.761
LOSS FORMAT: SEMANTIC_LOSS MEAN_IOU PIX_ACC | DEPTH_LOSS ABS_ERR REL_ERR | NORMAL_LOSS MEAN MED <11.25 <22.5 <30 | ∆m (test)
Epoch: 0118 | lr=0.0001 | epoch lenth=398 | train time: 94.028 s | method famo | TRAIN: 0.5612 0.5108 0.7436 | 0.3295 0.3172 0.1478 | 0.1077 20.5695 15.2199 0.3739 0.6794 0.7891 || TEST: 1.1816 0.3658 0.6468 | 0.5789 0.5789 0.2169 | 0.1461 25.1601 19.3247 0.2977 0.5707 0.6914 | -3.394
LOSS FORMAT: SEMANTIC_LOSS MEAN_IOU PIX_ACC | DEPTH_LOSS ABS_ERR REL_ERR | NORMAL_LOSS MEAN MED <11.25 <22.5 <30 | ∆m (test)
Epoch: 0119 | lr=0.0001 | epoch lenth=398 | train time: 92.708 s | method famo | TRAIN: 0.5603 0.5065 0.7445 | 0.3278 0.3145 0.1495 | 0.1085 20.5707 15.1340 0.3760 0.6804 0.7888 || TEST: 1.2023 0.3730 0.6383 | 0.5699 0.5699 0.2181 | 0.1512 25.7322 19.9188 0.2869 0.5582 0.6799 | -2.133
LOSS FORMAT: SEMANTIC_LOSS MEAN_IOU PIX_ACC | DEPTH_LOSS ABS_ERR REL_ERR | NORMAL_LOSS MEAN MED <11.25 <22.5 <30 | ∆m (test)
Epoch: 0120 | lr=0.0001 | epoch lenth=398 | train time: 94.688 s | method famo | TRAIN: 0.5691 0.5041 0.7394 | 0.3337 0.3201 0.1513 | 0.1086 20.6407 15.2922 0.3721 0.6780 0.7879 || TEST: 1.2361 0.3675 0.6442 | 0.5436 0.5436 0.2198 | 0.1483 25.3511 19.4069 0.2942 0.5698 0.6901 | -3.564
LOSS FORMAT: SEMANTIC_LOSS MEAN_IOU PIX_ACC | DEPTH_LOSS ABS_ERR REL_ERR | NORMAL_LOSS MEAN MED <11.25 <22.5 <30 | ∆m (test)
Epoch: 0121 | lr=0.0001 | epoch lenth=398 | train time: 93.083 s | method famo | TRAIN: 0.5648 0.5012 0.7421 | 0.3249 0.3117 0.1495 | 0.1081 20.5203 15.0660 0.3801 0.6807 0.7890 || TEST: 1.2704 0.3565 0.6349 | 0.5524 0.5524 0.2209 | 0.1475 25.3604 19.6305 0.2933 0.5635 0.6844 | -2.512
LOSS FORMAT: SEMANTIC_LOSS MEAN_IOU PIX_ACC | DEPTH_LOSS ABS_ERR REL_ERR | NORMAL_LOSS MEAN MED <11.25 <22.5 <30 | ∆m (test)
Epoch: 0122 | lr=0.0001 | epoch lenth=398 | train time: 92.778 s | method famo | TRAIN: 0.5772 0.4944 0.7365 | 0.3330 0.3190 0.1512 | 0.1092 20.6586 15.2577 0.3723 0.6783 0.7880 || TEST: 1.2821 0.3628 0.6381 | 0.5473 0.5473 0.2204 | 0.1509 25.5668 19.5917 0.2939 0.5649 0.6853 | -2.850
LOSS FORMAT: SEMANTIC_LOSS MEAN_IOU PIX_ACC | DEPTH_LOSS ABS_ERR REL_ERR | NORMAL_LOSS MEAN MED <11.25 <22.5 <30 | ∆m (test)
Epoch: 0123 | lr=0.0001 | epoch lenth=398 | train time: 99.599 s | method famo | TRAIN: 0.5610 0.5034 0.7410 | 0.3263 0.3128 0.1499 | 0.1090 20.5947 15.1698 0.3787 0.6801 0.7883 || TEST: 1.2056 0.3445 0.6255 | 0.7122 0.7122 0.2421 | 0.1477 25.5988 20.2042 0.2806 0.5519 0.6773 | 2.721
LOSS FORMAT: SEMANTIC_LOSS MEAN_IOU PIX_ACC | DEPTH_LOSS ABS_ERR REL_ERR | NORMAL_LOSS MEAN MED <11.25 <22.5 <30 | ∆m (test)
Epoch: 0124 | lr=0.0001 | epoch lenth=398 | train time: 106.724 s | method famo | TRAIN: 0.5550 0.4965 0.7370 | 0.3209 0.3079 0.1459 | 0.1079 20.4923 15.0531 0.3792 0.6823 0.7900 || TEST: 1.2256 0.3453 0.6308 | 0.5744 0.5744 0.2184 | 0.1464 25.3645 19.8358 0.2896 0.5587 0.6824 | -1.478
LOSS FORMAT: SEMANTIC_LOSS MEAN_IOU PIX_ACC | DEPTH_LOSS ABS_ERR REL_ERR | NORMAL_LOSS MEAN MED <11.25 <22.5 <30 | ∆m (test)
Epoch: 0125 | lr=0.0001 | epoch lenth=398 | train time: 106.077 s | method famo | TRAIN: 0.5461 0.5036 0.7402 | 0.3237 0.3106 0.1455 | 0.1063 20.3338 15.0255 0.3817 0.6855 0.7933 || TEST: 1.2429 0.3620 0.6411 | 0.5599 0.5599 0.2147 | 0.1450 25.0158 19.1348 0.3021 0.5744 0.6931 | -4.025
LOSS FORMAT: SEMANTIC_LOSS MEAN_IOU PIX_ACC | DEPTH_LOSS ABS_ERR REL_ERR | NORMAL_LOSS MEAN MED <11.25 <22.5 <30 | ∆m (test)
Epoch: 0126 | lr=0.0001 | epoch lenth=398 | train time: 93.264 s | method famo | TRAIN: 0.5484 0.5073 0.7444 | 0.3243 0.3111 0.1478 | 0.1054 20.2192 14.8692 0.3845 0.6879 0.7954 || TEST: 1.1956 0.3908 0.6523 | 0.6022 0.6022 0.2233 | 0.1470 25.3248 19.5876 0.2918 0.5658 0.6872 | -2.969
LOSS FORMAT: SEMANTIC_LOSS MEAN_IOU PIX_ACC | DEPTH_LOSS ABS_ERR REL_ERR | NORMAL_LOSS MEAN MED <11.25 <22.5 <30 | ∆m (test)
Epoch: 0127 | lr=0.0001 | epoch lenth=398 | train time: 92.409 s | method famo | TRAIN: 0.5690 0.5147 0.7466 | 0.3216 0.3081 0.1477 | 0.1069 20.3884 15.0148 0.3814 0.6844 0.7921 || TEST: 1.2387 0.3657 0.6393 | 0.5504 0.5504 0.2179 | 0.1434 24.9709 19.3315 0.2990 0.5706 0.6914 | -3.819
LOSS FORMAT: SEMANTIC_LOSS MEAN_IOU PIX_ACC | DEPTH_LOSS ABS_ERR REL_ERR | NORMAL_LOSS MEAN MED <11.25 <22.5 <30 | ∆m (test)
Epoch: 0128 | lr=0.0001 | epoch lenth=398 | train time: 93.398 s | method famo | TRAIN: 0.5320 0.5128 0.7462 | 0.3176 0.3040 0.1420 | 0.1048 20.1611 14.8129 0.3857 0.6908 0.7976 || TEST: 1.2108 0.3698 0.6476 | 0.5684 0.5684 0.2197 | 0.1451 25.0953 19.3142 0.2954 0.5722 0.6935 | -3.598
LOSS FORMAT: SEMANTIC_LOSS MEAN_IOU PIX_ACC | DEPTH_LOSS ABS_ERR REL_ERR | NORMAL_LOSS MEAN MED <11.25 <22.5 <30 | ∆m (test)
Epoch: 0129 | lr=0.0001 | epoch lenth=398 | train time: 92.911 s | method famo | TRAIN: 0.5399 0.5135 0.7488 | 0.3190 0.3059 0.1443 | 0.1061 20.2846 14.9423 0.3813 0.6879 0.7951 || TEST: 1.2264 0.3672 0.6437 | 0.5886 0.5886 0.2201 | 0.1478 25.3743 19.6315 0.2930 0.5635 0.6853 | -2.411
LOSS FORMAT: SEMANTIC_LOSS MEAN_IOU PIX_ACC | DEPTH_LOSS ABS_ERR REL_ERR | NORMAL_LOSS MEAN MED <11.25 <22.5 <30 | ∆m (test)
Epoch: 0130 | lr=0.0001 | epoch lenth=398 | train time: 92.951 s | method famo | TRAIN: 0.5340 0.5116 0.7488 | 0.3122 0.2995 0.1441 | 0.1050 20.1288 14.6733 0.3882 0.6920 0.7979 || TEST: 1.2433 0.3704 0.6409 | 0.5616 0.5616 0.2169 | 0.1468 25.4158 19.8494 0.2865 0.5590 0.6826 | -2.513
LOSS FORMAT: SEMANTIC_LOSS MEAN_IOU PIX_ACC | DEPTH_LOSS ABS_ERR REL_ERR | NORMAL_LOSS MEAN MED <11.25 <22.5 <30 | ∆m (test)
Epoch: 0131 | lr=0.0001 | epoch lenth=398 | train time: 92.532 s | method famo | TRAIN: 0.5294 0.5162 0.7484 | 0.3151 0.3011 0.1422 | 0.1051 20.1485 14.8772 0.3855 0.6916 0.7982 || TEST: 1.2810 0.3706 0.6359 | 0.5641 0.5641 0.2276 | 0.1497 25.5639 19.6350 0.2864 0.5652 0.6871 | -2.209
LOSS FORMAT: SEMANTIC_LOSS MEAN_IOU PIX_ACC | DEPTH_LOSS ABS_ERR REL_ERR | NORMAL_LOSS MEAN MED <11.25 <22.5 <30 | ∆m (test)
Epoch: 0132 | lr=0.0001 | epoch lenth=398 | train time: 92.748 s | method famo | TRAIN: 0.5112 0.5185 0.7483 | 0.3135 0.3010 0.1437 | 0.1039 20.0176 14.6893 0.3915 0.6949 0.7999 || TEST: 1.3213 0.3540 0.6319 | 0.5599 0.5599 0.2161 | 0.1480 25.4327 19.7257 0.2909 0.5619 0.6838 | -2.240
LOSS FORMAT: SEMANTIC_LOSS MEAN_IOU PIX_ACC | DEPTH_LOSS ABS_ERR REL_ERR | NORMAL_LOSS MEAN MED <11.25 <22.5 <30 | ∆m (test)
Epoch: 0133 | lr=0.0001 | epoch lenth=398 | train time: 93.331 s | method famo | TRAIN: 0.5155 0.5081 0.7461 | 0.3099 0.2969 0.1373 | 0.1035 20.0042 14.7078 0.3889 0.6945 0.8001 || TEST: 1.2253 0.3883 0.6515 | 0.5524 0.5524 0.2117 | 0.1465 25.1321 19.1899 0.3004 0.5738 0.6924 | -5.036
LOSS FORMAT: SEMANTIC_LOSS MEAN_IOU PIX_ACC | DEPTH_LOSS ABS_ERR REL_ERR | NORMAL_LOSS MEAN MED <11.25 <22.5 <30 | ∆m (test)
Epoch: 0134 | lr=0.0001 | epoch lenth=398 | train time: 97.403 s | method famo | TRAIN: 0.5203 0.5256 0.7556 | 0.3101 0.2973 0.1422 | 0.1039 20.0224 14.6981 0.3885 0.6939 0.8002 || TEST: 1.2219 0.3725 0.6456 | 0.5844 0.5844 0.2140 | 0.1483 25.3312 19.4331 0.2985 0.5679 0.6876 | -3.369
LOSS FORMAT: SEMANTIC_LOSS MEAN_IOU PIX_ACC | DEPTH_LOSS ABS_ERR REL_ERR | NORMAL_LOSS MEAN MED <11.25 <22.5 <30 | ∆m (test)
Epoch: 0135 | lr=0.0001 | epoch lenth=398 | train time: 106.106 s | method famo | TRAIN: 0.5301 0.5194 0.7502 | 0.3127 0.2992 0.1403 | 0.1038 19.9841 14.6217 0.3914 0.6952 0.8006 || TEST: 1.2698 0.3768 0.6350 | 0.5895 0.5895 0.2174 | 0.1486 25.5031 19.7849 0.2894 0.5605 0.6821 | -2.243
LOSS FORMAT: SEMANTIC_LOSS MEAN_IOU PIX_ACC | DEPTH_LOSS ABS_ERR REL_ERR | NORMAL_LOSS MEAN MED <11.25 <22.5 <30 | ∆m (test)
Epoch: 0136 | lr=0.0001 | epoch lenth=398 | train time: 92.069 s | method famo | TRAIN: 0.5163 0.5240 0.7473 | 0.3065 0.2935 0.1396 | 0.1040 19.9840 14.6220 0.3929 0.6960 0.8009 || TEST: 1.3073 0.3659 0.6436 | 0.5721 0.5721 0.2191 | 0.1547 25.9885 19.8859 0.2823 0.5592 0.6821 | -1.733
LOSS FORMAT: SEMANTIC_LOSS MEAN_IOU PIX_ACC | DEPTH_LOSS ABS_ERR REL_ERR | NORMAL_LOSS MEAN MED <11.25 <22.5 <30 | ∆m (test)
Epoch: 0137 | lr=0.0001 | epoch lenth=398 | train time: 92.508 s | method famo | TRAIN: 0.5077 0.5179 0.7533 | 0.3053 0.2927 0.1363 | 0.0997 19.5680 14.3016 0.4008 0.7049 0.8086 || TEST: 1.2408 0.3789 0.6490 | 0.5978 0.5978 0.2249 | 0.1475 25.2170 19.1925 0.2998 0.5733 0.6917 | -3.368
LOSS FORMAT: SEMANTIC_LOSS MEAN_IOU PIX_ACC | DEPTH_LOSS ABS_ERR REL_ERR | NORMAL_LOSS MEAN MED <11.25 <22.5 <30 | ∆m (test)
Epoch: 0138 | lr=0.0001 | epoch lenth=398 | train time: 92.529 s | method famo | TRAIN: 0.5299 0.5195 0.7515 | 0.3089 0.2951 0.1435 | 0.1033 19.9058 14.5262 0.3939 0.6977 0.8022 || TEST: 1.2669 0.3584 0.6388 | 0.5548 0.5548 0.2115 | 0.1450 25.0641 19.2735 0.3005 0.5703 0.6899 | -3.797
LOSS FORMAT: SEMANTIC_LOSS MEAN_IOU PIX_ACC | DEPTH_LOSS ABS_ERR REL_ERR | NORMAL_LOSS MEAN MED <11.25 <22.5 <30 | ∆m (test)
Epoch: 0139 | lr=0.0001 | epoch lenth=398 | train time: 92.598 s | method famo | TRAIN: 0.5006 0.5152 0.7514 | 0.3089 0.2960 0.1376 | 0.1009 19.6646 14.3777 0.3983 0.7033 0.8070 || TEST: 1.2278 0.3780 0.6432 | 0.5501 0.5501 0.2174 | 0.1448 25.0814 19.3009 0.2969 0.5711 0.6916 | -4.172
LOSS FORMAT: SEMANTIC_LOSS MEAN_IOU PIX_ACC | DEPTH_LOSS ABS_ERR REL_ERR | NORMAL_LOSS MEAN MED <11.25 <22.5 <30 | ∆m (test)
Epoch: 0140 | lr=0.0001 | epoch lenth=398 | train time: 92.848 s | method famo | TRAIN: 0.4984 0.5245 0.7543 | 0.3090 0.2960 0.1388 | 0.1015 19.6761 14.3096 0.4014 0.7034 0.8057 || TEST: 1.2356 0.3632 0.6444 | 0.5688 0.5688 0.2219 | 0.1432 24.9173 19.2485 0.3015 0.5716 0.6922 | -3.569
LOSS FORMAT: SEMANTIC_LOSS MEAN_IOU PIX_ACC | DEPTH_LOSS ABS_ERR REL_ERR | NORMAL_LOSS MEAN MED <11.25 <22.5 <30 | ∆m (test)
Epoch: 0141 | lr=0.0001 | epoch lenth=398 | train time: 92.319 s | method famo | TRAIN: 0.5012 0.5187 0.7549 | 0.3100 0.2960 0.1399 | 0.1017 19.7402 14.4362 0.3963 0.7013 0.8058 || TEST: 1.3227 0.3605 0.6390 | 0.5377 0.5377 0.2131 | 0.1464 25.1324 19.2220 0.2997 0.5732 0.6928 | -4.148
LOSS FORMAT: SEMANTIC_LOSS MEAN_IOU PIX_ACC | DEPTH_LOSS ABS_ERR REL_ERR | NORMAL_LOSS MEAN MED <11.25 <22.5 <30 | ∆m (test)
Epoch: 0142 | lr=0.0001 | epoch lenth=398 | train time: 92.272 s | method famo | TRAIN: 0.4976 0.5204 0.7525 | 0.3019 0.2890 0.1343 | 0.1006 19.6282 14.3324 0.3990 0.7047 0.8079 || TEST: 1.3194 0.3575 0.6397 | 0.5424 0.5424 0.2275 | 0.1473 25.2440 19.3840 0.2971 0.5698 0.6906 | -3.082
LOSS FORMAT: SEMANTIC_LOSS MEAN_IOU PIX_ACC | DEPTH_LOSS ABS_ERR REL_ERR | NORMAL_LOSS MEAN MED <11.25 <22.5 <30 | ∆m (test)
Epoch: 0143 | lr=0.0001 | epoch lenth=398 | train time: 96.286 s | method famo | TRAIN: 0.5172 0.5114 0.7507 | 0.3032 0.2895 0.1377 | 0.1018 19.7260 14.4034 0.3975 0.7016 0.8061 || TEST: 1.3193 0.3530 0.6342 | 0.5525 0.5525 0.2139 | 0.1453 25.0551 19.1890 0.3018 0.5727 0.6916 | -3.673
LOSS FORMAT: SEMANTIC_LOSS MEAN_IOU PIX_ACC | DEPTH_LOSS ABS_ERR REL_ERR | NORMAL_LOSS MEAN MED <11.25 <22.5 <30 | ∆m (test)
Epoch: 0144 | lr=0.0001 | epoch lenth=398 | train time: 92.346 s | method famo | TRAIN: 0.4892 0.5187 0.7517 | 0.3107 0.2968 0.1398 | 0.1014 19.6551 14.2878 0.3999 0.7047 0.8076 || TEST: 1.2899 0.3763 0.6470 | 0.5525 0.5525 0.2235 | 0.1479 25.2911 19.3376 0.2981 0.5687 0.6885 | -3.735
LOSS FORMAT: SEMANTIC_LOSS MEAN_IOU PIX_ACC | DEPTH_LOSS ABS_ERR REL_ERR | NORMAL_LOSS MEAN MED <11.25 <22.5 <30 | ∆m (test)
Epoch: 0145 | lr=0.0001 | epoch lenth=398 | train time: 92.146 s | method famo | TRAIN: 0.5006 0.5234 0.7550 | 0.3051 0.2919 0.1403 | 0.1008 19.6343 14.3094 0.3997 0.7044 0.8079 || TEST: 1.2210 0.3791 0.6456 | 0.5733 0.5733 0.2168 | 0.1500 25.5765 19.6534 0.2907 0.5637 0.6839 | -2.966
LOSS FORMAT: SEMANTIC_LOSS MEAN_IOU PIX_ACC | DEPTH_LOSS ABS_ERR REL_ERR | NORMAL_LOSS MEAN MED <11.25 <22.5 <30 | ∆m (test)
Epoch: 0146 | lr=0.0001 | epoch lenth=398 | train time: 91.791 s | method famo | TRAIN: 0.5251 0.5214 0.7523 | 0.3071 0.2926 0.1368 | 0.1027 19.7734 14.4962 0.3940 0.7004 0.8053 || TEST: 1.2527 0.3721 0.6451 | 0.5440 0.5440 0.2136 | 0.1439 24.9806 19.2055 0.2986 0.5727 0.6935 | -4.506
LOSS FORMAT: SEMANTIC_LOSS MEAN_IOU PIX_ACC | DEPTH_LOSS ABS_ERR REL_ERR | NORMAL_LOSS MEAN MED <11.25 <22.5 <30 | ∆m (test)
Epoch: 0147 | lr=0.0001 | epoch lenth=398 | train time: 92.469 s | method famo | TRAIN: 0.4858 0.5254 0.7581 | 0.3016 0.2889 0.1384 | 0.0996 19.4868 14.1933 0.4042 0.7081 0.8106 || TEST: 1.2865 0.3389 0.6276 | 0.5775 0.5775 0.2189 | 0.1469 25.5524 20.2199 0.2811 0.5513 0.6771 | -0.312
LOSS FORMAT: SEMANTIC_LOSS MEAN_IOU PIX_ACC | DEPTH_LOSS ABS_ERR REL_ERR | NORMAL_LOSS MEAN MED <11.25 <22.5 <30 | ∆m (test)
Epoch: 0148 | lr=0.0001 | epoch lenth=398 | train time: 92.082 s | method famo | TRAIN: 0.4925 0.5133 0.7487 | 0.3045 0.2915 0.1375 | 0.0990 19.4133 14.1652 0.4048 0.7098 0.8123 || TEST: 1.2333 0.3707 0.6427 | 0.5637 0.5637 0.2158 | 0.1483 25.3231 19.3931 0.2990 0.5680 0.6872 | -3.574
LOSS FORMAT: SEMANTIC_LOSS MEAN_IOU PIX_ACC | DEPTH_LOSS ABS_ERR REL_ERR | NORMAL_LOSS MEAN MED <11.25 <22.5 <30 | ∆m (test)
Epoch: 0149 | lr=0.0001 | epoch lenth=398 | train time: 92.507 s | method famo | TRAIN: 0.4936 0.5253 0.7549 | 0.2953 0.2827 0.1335 | 0.0975 19.2972 14.0696 0.4074 0.7129 0.8141 || TEST: 1.3488 0.3691 0.6375 | 0.5384 0.5384 0.2172 | 0.1491 25.2955 19.1122 0.3009 0.5750 0.6931 | -4.275
LOSS FORMAT: SEMANTIC_LOSS MEAN_IOU PIX_ACC | DEPTH_LOSS ABS_ERR REL_ERR | NORMAL_LOSS MEAN MED <11.25 <22.5 <30 | ∆m (test)
Epoch: 0150 | lr=0.0001 | epoch lenth=398 | train time: 93.357 s | method famo | TRAIN: 0.4872 0.5254 0.7535 | 0.2933 0.2807 0.1354 | 0.0978 19.2484 13.9229 0.4111 0.7139 0.8149 || TEST: 1.2613 0.3673 0.6445 | 0.5523 0.5523 0.2171 | 0.1443 24.8733 18.9260 0.3074 0.5784 0.6969 | -4.783
LOSS FORMAT: SEMANTIC_LOSS MEAN_IOU PIX_ACC | DEPTH_LOSS ABS_ERR REL_ERR | NORMAL_LOSS MEAN MED <11.25 <22.5 <30 | ∆m (test)
Epoch: 0151 | lr=0.0001 | epoch lenth=398 | train time: 93.340 s | method famo | TRAIN: 0.4951 0.5263 0.7558 | 0.2959 0.2823 0.1360 | 0.0994 19.4306 14.1272 0.4054 0.7106 0.8122 || TEST: 1.2186 0.3700 0.6458 | 0.5952 0.5952 0.2194 | 0.1467 25.0991 19.1029 0.3049 0.5743 0.6917 | -3.625
LOSS FORMAT: SEMANTIC_LOSS MEAN_IOU PIX_ACC | DEPTH_LOSS ABS_ERR REL_ERR | NORMAL_LOSS MEAN MED <11.25 <22.5 <30 | ∆m (test)
Epoch: 0152 | lr=0.0001 | epoch lenth=398 | train time: 92.474 s | method famo | TRAIN: 0.4742 0.5286 0.7605 | 0.2930 0.2796 0.1320 | 0.0986 19.3132 14.0088 0.4089 0.7128 0.8142 || TEST: 1.2956 0.3427 0.6353 | 0.5553 0.5553 0.2161 | 0.1446 25.2373 19.8278 0.2888 0.5604 0.6836 | -1.965
LOSS FORMAT: SEMANTIC_LOSS MEAN_IOU PIX_ACC | DEPTH_LOSS ABS_ERR REL_ERR | NORMAL_LOSS MEAN MED <11.25 <22.5 <30 | ∆m (test)
Epoch: 0153 | lr=0.0001 | epoch lenth=398 | train time: 92.734 s | method famo | TRAIN: 0.4909 0.5142 0.7525 | 0.3000 0.2867 0.1335 | 0.0989 19.4118 14.1172 0.4036 0.7106 0.8131 || TEST: 1.3791 0.3522 0.6394 | 0.5654 0.5654 0.2122 | 0.1476 25.1035 18.9710 0.3069 0.5774 0.6950 | -4.034
LOSS FORMAT: SEMANTIC_LOSS MEAN_IOU PIX_ACC | DEPTH_LOSS ABS_ERR REL_ERR | NORMAL_LOSS MEAN MED <11.25 <22.5 <30 | ∆m (test)
Epoch: 0154 | lr=0.0001 | epoch lenth=398 | train time: 91.953 s | method famo | TRAIN: 0.4796 0.5186 0.7560 | 0.2929 0.2792 0.1324 | 0.0987 19.3038 14.0431 0.4083 0.7132 0.8147 || TEST: 1.3027 0.3559 0.6294 | 0.6378 0.6378 0.2248 | 0.1511 25.8885 20.4955 0.2800 0.5466 0.6715 | 0.926
LOSS FORMAT: SEMANTIC_LOSS MEAN_IOU PIX_ACC | DEPTH_LOSS ABS_ERR REL_ERR | NORMAL_LOSS MEAN MED <11.25 <22.5 <30 | ∆m (test)
Epoch: 0155 | lr=0.0001 | epoch lenth=398 | train time: 93.737 s | method famo | TRAIN: 0.4924 0.5169 0.7492 | 0.2970 0.2833 0.1333 | 0.0994 19.4451 14.1847 0.4031 0.7092 0.8118 || TEST: 1.2110 0.3818 0.6480 | 0.5547 0.5547 0.2168 | 0.1460 25.0377 18.9820 0.3037 0.5776 0.6958 | -4.960
LOSS FORMAT: SEMANTIC_LOSS MEAN_IOU PIX_ACC | DEPTH_LOSS ABS_ERR REL_ERR | NORMAL_LOSS MEAN MED <11.25 <22.5 <30 | ∆m (test)
Epoch: 0156 | lr=0.0001 | epoch lenth=398 | train time: 92.615 s | method famo | TRAIN: 0.4760 0.5360 0.7618 | 0.2937 0.2805 0.1367 | 0.0990 19.3531 14.0555 0.4083 0.7124 0.8137 || TEST: 1.3100 0.3510 0.6435 | 0.5463 0.5463 0.2162 | 0.1459 25.1675 19.4665 0.2984 0.5667 0.6881 | -3.282
LOSS FORMAT: SEMANTIC_LOSS MEAN_IOU PIX_ACC | DEPTH_LOSS ABS_ERR REL_ERR | NORMAL_LOSS MEAN MED <11.25 <22.5 <30 | ∆m (test)
Epoch: 0157 | lr=0.0001 | epoch lenth=398 | train time: 92.668 s | method famo | TRAIN: 0.4673 0.5273 0.7606 | 0.2858 0.2731 0.1303 | 0.0972 19.1890 13.9579 0.4101 0.7155 0.8166 || TEST: 1.3851 0.3484 0.6341 | 0.5464 0.5464 0.2180 | 0.1469 25.1169 19.0762 0.3032 0.5759 0.6936 | -3.665
LOSS FORMAT: SEMANTIC_LOSS MEAN_IOU PIX_ACC | DEPTH_LOSS ABS_ERR REL_ERR | NORMAL_LOSS MEAN MED <11.25 <22.5 <30 | ∆m (test)
Epoch: 0158 | lr=0.0001 | epoch lenth=398 | train time: 93.137 s | method famo | TRAIN: 0.4686 0.5217 0.7561 | 0.2923 0.2795 0.1328 | 0.0961 19.0644 13.8067 0.4150 0.7185 0.8189 || TEST: 1.3016 0.3687 0.6369 | 0.5709 0.5709 0.2151 | 0.1463 25.1732 19.2912 0.2980 0.5716 0.6910 | -3.547
LOSS FORMAT: SEMANTIC_LOSS MEAN_IOU PIX_ACC | DEPTH_LOSS ABS_ERR REL_ERR | NORMAL_LOSS MEAN MED <11.25 <22.5 <30 | ∆m (test)
Epoch: 0159 | lr=0.0001 | epoch lenth=398 | train time: 92.873 s | method famo | TRAIN: 0.4580 0.5378 0.7582 | 0.2926 0.2798 0.1326 | 0.0951 18.9432 13.7219 0.4178 0.7216 0.8212 || TEST: 1.3642 0.3574 0.6371 | 0.5599 0.5599 0.2132 | 0.1449 25.1217 19.4344 0.2961 0.5677 0.6892 | -3.244
LOSS FORMAT: SEMANTIC_LOSS MEAN_IOU PIX_ACC | DEPTH_LOSS ABS_ERR REL_ERR | NORMAL_LOSS MEAN MED <11.25 <22.5 <30 | ∆m (test)
Epoch: 0160 | lr=0.0001 | epoch lenth=398 | train time: 92.571 s | method famo | TRAIN: 0.4739 0.5279 0.7565 | 0.2961 0.2813 0.1300 | 0.0973 19.1638 13.9389 0.4091 0.7159 0.8174 || TEST: 1.3455 0.3570 0.6345 | 0.5654 0.5654 0.2193 | 0.1463 25.1515 19.2698 0.2971 0.5725 0.6929 | -3.124
LOSS FORMAT: SEMANTIC_LOSS MEAN_IOU PIX_ACC | DEPTH_LOSS ABS_ERR REL_ERR | NORMAL_LOSS MEAN MED <11.25 <22.5 <30 | ∆m (test)
Epoch: 0161 | lr=0.0001 | epoch lenth=398 | train time: 92.570 s | method famo | TRAIN: 0.4658 0.5298 0.7566 | 0.2885 0.2750 0.1306 | 0.0967 19.0950 13.8929 0.4116 0.7176 0.8187 || TEST: 1.3198 0.3693 0.6441 | 0.5396 0.5396 0.2274 | 0.1429 24.7192 18.7780 0.3103 0.5821 0.6993 | -5.002
LOSS FORMAT: SEMANTIC_LOSS MEAN_IOU PIX_ACC | DEPTH_LOSS ABS_ERR REL_ERR | NORMAL_LOSS MEAN MED <11.25 <22.5 <30 | ∆m (test)
Epoch: 0162 | lr=0.0001 | epoch lenth=398 | train time: 92.667 s | method famo | TRAIN: 0.4486 0.5354 0.7636 | 0.2881 0.2757 0.1297 | 0.0949 18.9528 13.7433 0.4156 0.7209 0.8210 || TEST: 1.3284 0.3720 0.6413 | 0.5342 0.5342 0.2260 | 0.1445 24.9536 19.0938 0.3016 0.5766 0.6961 | -4.413
LOSS FORMAT: SEMANTIC_LOSS MEAN_IOU PIX_ACC | DEPTH_LOSS ABS_ERR REL_ERR | NORMAL_LOSS MEAN MED <11.25 <22.5 <30 | ∆m (test)
Epoch: 0163 | lr=0.0001 | epoch lenth=398 | train time: 93.687 s | method famo | TRAIN: 0.4527 0.5368 0.7618 | 0.2838 0.2709 0.1292 | 0.0952 18.8872 13.5985 0.4212 0.7232 0.8217 || TEST: 1.3153 0.3785 0.6468 | 0.5339 0.5339 0.2277 | 0.1450 24.9524 19.0127 0.3042 0.5777 0.6960 | -4.793
LOSS FORMAT: SEMANTIC_LOSS MEAN_IOU PIX_ACC | DEPTH_LOSS ABS_ERR REL_ERR | NORMAL_LOSS MEAN MED <11.25 <22.5 <30 | ∆m (test)
Epoch: 0164 | lr=0.0001 | epoch lenth=398 | train time: 92.584 s | method famo | TRAIN: 0.4539 0.5404 0.7647 | 0.2866 0.2735 0.1302 | 0.0953 18.9106 13.6692 0.4194 0.7239 0.8224 || TEST: 1.3516 0.3434 0.6338 | 0.5968 0.5968 0.2211 | 0.1435 25.1027 19.6477 0.2909 0.5635 0.6879 | -1.446
LOSS FORMAT: SEMANTIC_LOSS MEAN_IOU PIX_ACC | DEPTH_LOSS ABS_ERR REL_ERR | NORMAL_LOSS MEAN MED <11.25 <22.5 <30 | ∆m (test)
Epoch: 0165 | lr=0.0001 | epoch lenth=398 | train time: 93.198 s | method famo | TRAIN: 0.4523 0.5235 0.7585 | 0.2838 0.2709 0.1282 | 0.0951 18.9066 13.6322 0.4193 0.7228 0.8215 || TEST: 1.3810 0.3486 0.6363 | 0.5366 0.5366 0.2171 | 0.1468 25.1681 19.2807 0.3016 0.5716 0.6904 | -3.569
LOSS FORMAT: SEMANTIC_LOSS MEAN_IOU PIX_ACC | DEPTH_LOSS ABS_ERR REL_ERR | NORMAL_LOSS MEAN MED <11.25 <22.5 <30 | ∆m (test)
Epoch: 0166 | lr=0.0001 | epoch lenth=398 | train time: 92.561 s | method famo | TRAIN: 0.4549 0.5318 0.7592 | 0.2858 0.2731 0.1274 | 0.0945 18.8677 13.7059 0.4188 0.7228 0.8223 || TEST: 1.3765 0.3715 0.6410 | 0.5387 0.5387 0.2188 | 0.1439 24.8363 18.9162 0.3082 0.5787 0.6971 | -5.057
LOSS FORMAT: SEMANTIC_LOSS MEAN_IOU PIX_ACC | DEPTH_LOSS ABS_ERR REL_ERR | NORMAL_LOSS MEAN MED <11.25 <22.5 <30 | ∆m (test)
Epoch: 0167 | lr=0.0001 | epoch lenth=398 | train time: 92.679 s | method famo | TRAIN: 0.4488 0.5403 0.7619 | 0.2844 0.2710 0.1291 | 0.0948 18.8788 13.6827 0.4186 0.7236 0.8225 || TEST: 1.3466 0.3506 0.6273 | 0.5839 0.5839 0.2212 | 0.1458 25.3267 19.9153 0.2908 0.5572 0.6802 | -1.247
LOSS FORMAT: SEMANTIC_LOSS MEAN_IOU PIX_ACC | DEPTH_LOSS ABS_ERR REL_ERR | NORMAL_LOSS MEAN MED <11.25 <22.5 <30 | ∆m (test)
Epoch: 0168 | lr=0.0001 | epoch lenth=398 | train time: 92.870 s | method famo | TRAIN: 0.4506 0.5308 0.7551 | 0.2850 0.2715 0.1293 | 0.0954 18.9654 13.7694 0.4149 0.7219 0.8218 || TEST: 1.3401 0.3742 0.6467 | 0.5497 0.5497 0.2147 | 0.1442 24.9393 19.1365 0.3033 0.5747 0.6938 | -4.736
LOSS FORMAT: SEMANTIC_LOSS MEAN_IOU PIX_ACC | DEPTH_LOSS ABS_ERR REL_ERR | NORMAL_LOSS MEAN MED <11.25 <22.5 <30 | ∆m (test)
Epoch: 0169 | lr=0.0001 | epoch lenth=398 | train time: 92.526 s | method famo | TRAIN: 0.4513 0.5404 0.7654 | 0.2875 0.2744 0.1269 | 0.0930 18.6727 13.5699 0.4223 0.7287 0.8267 || TEST: 1.3980 0.3703 0.6375 | 0.5457 0.5457 0.2210 | 0.1449 24.9912 19.1000 0.3025 0.5752 0.6943 | -4.262
LOSS FORMAT: SEMANTIC_LOSS MEAN_IOU PIX_ACC | DEPTH_LOSS ABS_ERR REL_ERR | NORMAL_LOSS MEAN MED <11.25 <22.5 <30 | ∆m (test)
Epoch: 0170 | lr=0.0001 | epoch lenth=398 | train time: 92.609 s | method famo | TRAIN: 0.4497 0.5381 0.7612 | 0.2865 0.2731 0.1288 | 0.0947 18.8556 13.6557 0.4184 0.7245 0.8237 || TEST: 1.3022 0.3720 0.6443 | 0.5796 0.5796 0.2137 | 0.1417 24.6727 18.8279 0.3080 0.5809 0.6994 | -4.861
LOSS FORMAT: SEMANTIC_LOSS MEAN_IOU PIX_ACC | DEPTH_LOSS ABS_ERR REL_ERR | NORMAL_LOSS MEAN MED <11.25 <22.5 <30 | ∆m (test)
Epoch: 0171 | lr=0.0001 | epoch lenth=398 | train time: 91.287 s | method famo | TRAIN: 0.4485 0.5387 0.7637 | 0.2827 0.2688 0.1279 | 0.0943 18.7824 13.5960 0.4208 0.7264 0.8247 || TEST: 1.3355 0.3604 0.6401 | 0.5473 0.5473 0.2222 | 0.1444 24.9386 19.0272 0.3051 0.5754 0.6940 | -4.106
LOSS FORMAT: SEMANTIC_LOSS MEAN_IOU PIX_ACC | DEPTH_LOSS ABS_ERR REL_ERR | NORMAL_LOSS MEAN MED <11.25 <22.5 <30 | ∆m (test)
Epoch: 0172 | lr=0.0001 | epoch lenth=398 | train time: 92.678 s | method famo | TRAIN: 0.4442 0.5371 0.7628 | 0.2783 0.2654 0.1244 | 0.0949 18.8838 13.7204 0.4188 0.7232 0.8226 || TEST: 1.2848 0.3747 0.6515 | 0.5650 0.5650 0.2268 | 0.1423 24.7052 18.8784 0.3097 0.5793 0.6975 | -4.736
LOSS FORMAT: SEMANTIC_LOSS MEAN_IOU PIX_ACC | DEPTH_LOSS ABS_ERR REL_ERR | NORMAL_LOSS MEAN MED <11.25 <22.5 <30 | ∆m (test)
Epoch: 0173 | lr=0.0001 | epoch lenth=398 | train time: 91.066 s | method famo | TRAIN: 0.4409 0.5431 0.7689 | 0.2785 0.2657 0.1280 | 0.0951 18.8942 13.6800 0.4175 0.7242 0.8234 || TEST: 1.3256 0.3676 0.6386 | 0.5327 0.5327 0.2144 | 0.1457 25.0356 19.1142 0.3049 0.5741 0.6927 | -4.691
LOSS FORMAT: SEMANTIC_LOSS MEAN_IOU PIX_ACC | DEPTH_LOSS ABS_ERR REL_ERR | NORMAL_LOSS MEAN MED <11.25 <22.5 <30 | ∆m (test)
Epoch: 0174 | lr=0.0001 | epoch lenth=398 | train time: 92.443 s | method famo | TRAIN: 0.4332 0.5421 0.7638 | 0.2747 0.2624 0.1218 | 0.0928 18.6590 13.4888 0.4251 0.7292 0.8273 || TEST: 1.3002 0.3817 0.6391 | 0.5355 0.5355 0.2113 | 0.1441 24.8799 18.9959 0.3062 0.5779 0.6955 | -5.492
LOSS FORMAT: SEMANTIC_LOSS MEAN_IOU PIX_ACC | DEPTH_LOSS ABS_ERR REL_ERR | NORMAL_LOSS MEAN MED <11.25 <22.5 <30 | ∆m (test)
Epoch: 0175 | lr=0.0001 | epoch lenth=398 | train time: 100.919 s | method famo | TRAIN: 0.4525 0.5405 0.7615 | 0.2817 0.2673 0.1265 | 0.0954 18.8611 13.6675 0.4180 0.7252 0.8240 || TEST: 1.3225 0.3660 0.6389 | 0.5366 0.5366 0.2209 | 0.1448 25.0753 19.3566 0.2983 0.5704 0.6909 | -3.824
LOSS FORMAT: SEMANTIC_LOSS MEAN_IOU PIX_ACC | DEPTH_LOSS ABS_ERR REL_ERR | NORMAL_LOSS MEAN MED <11.25 <22.5 <30 | ∆m (test)
Epoch: 0176 | lr=0.0001 | epoch lenth=398 | train time: 91.532 s | method famo | TRAIN: 0.4335 0.5387 0.7641 | 0.2836 0.2706 0.1287 | 0.0943 18.8181 13.6349 0.4207 0.7257 0.8241 || TEST: 1.3333 0.3708 0.6457 | 0.5452 0.5452 0.2220 | 0.1428 24.7627 18.8776 0.3087 0.5792 0.6968 | -4.967
LOSS FORMAT: SEMANTIC_LOSS MEAN_IOU PIX_ACC | DEPTH_LOSS ABS_ERR REL_ERR | NORMAL_LOSS MEAN MED <11.25 <22.5 <30 | ∆m (test)
Epoch: 0177 | lr=0.0001 | epoch lenth=398 | train time: 91.603 s | method famo | TRAIN: 0.4418 0.5429 0.7665 | 0.2769 0.2643 0.1243 | 0.0928 18.6342 13.4521 0.4257 0.7302 0.8275 || TEST: 1.4057 0.3594 0.6325 | 0.5476 0.5476 0.2186 | 0.1480 25.2652 19.3321 0.2998 0.5701 0.6895 | -3.390
LOSS FORMAT: SEMANTIC_LOSS MEAN_IOU PIX_ACC | DEPTH_LOSS ABS_ERR REL_ERR | NORMAL_LOSS MEAN MED <11.25 <22.5 <30 | ∆m (test)
Epoch: 0178 | lr=0.0001 | epoch lenth=398 | train time: 91.674 s | method famo | TRAIN: 0.4315 0.5349 0.7613 | 0.2775 0.2652 0.1236 | 0.0915 18.4910 13.3249 0.4286 0.7338 0.8306 || TEST: 1.4032 0.3438 0.6274 | 0.5471 0.5471 0.2195 | 0.1447 25.0311 19.2947 0.2993 0.5719 0.6926 | -3.016
LOSS FORMAT: SEMANTIC_LOSS MEAN_IOU PIX_ACC | DEPTH_LOSS ABS_ERR REL_ERR | NORMAL_LOSS MEAN MED <11.25 <22.5 <30 | ∆m (test)
Epoch: 0179 | lr=0.0001 | epoch lenth=398 | train time: 91.512 s | method famo | TRAIN: 0.4353 0.5317 0.7582 | 0.2777 0.2649 0.1250 | 0.0909 18.4084 13.3205 0.4318 0.7343 0.8315 || TEST: 1.3589 0.3570 0.6399 | 0.5349 0.5349 0.2135 | 0.1478 25.2384 19.2498 0.3019 0.5709 0.6895 | -4.019
LOSS FORMAT: SEMANTIC_LOSS MEAN_IOU PIX_ACC | DEPTH_LOSS ABS_ERR REL_ERR | NORMAL_LOSS MEAN MED <11.25 <22.5 <30 | ∆m (test)
Epoch: 0180 | lr=0.0001 | epoch lenth=398 | train time: 99.761 s | method famo | TRAIN: 0.4350 0.5365 0.7642 | 0.2767 0.2633 0.1242 | 0.0921 18.5186 13.3546 0.4288 0.7328 0.8296 || TEST: 1.3671 0.3747 0.6490 | 0.5444 0.5444 0.2244 | 0.1456 24.9294 18.8767 0.3091 0.5798 0.6969 | -5.007
LOSS FORMAT: SEMANTIC_LOSS MEAN_IOU PIX_ACC | DEPTH_LOSS ABS_ERR REL_ERR | NORMAL_LOSS MEAN MED <11.25 <22.5 <30 | ∆m (test)
Epoch: 0181 | lr=0.0001 | epoch lenth=398 | train time: 93.282 s | method famo | TRAIN: 0.4353 0.5417 0.7689 | 0.2745 0.2612 0.1252 | 0.0922 18.5311 13.3459 0.4282 0.7329 0.8302 || TEST: 1.4063 0.3439 0.6309 | 0.5578 0.5578 0.2148 | 0.1439 24.9347 19.1691 0.3032 0.5737 0.6935 | -3.400
LOSS FORMAT: SEMANTIC_LOSS MEAN_IOU PIX_ACC | DEPTH_LOSS ABS_ERR REL_ERR | NORMAL_LOSS MEAN MED <11.25 <22.5 <30 | ∆m (test)
Epoch: 0182 | lr=0.0001 | epoch lenth=398 | train time: 91.668 s | method famo | TRAIN: 0.4359 0.5335 0.7610 | 0.2738 0.2605 0.1241 | 0.0932 18.6347 13.4810 0.4260 0.7308 0.8284 || TEST: 1.3789 0.3514 0.6315 | 0.5705 0.5705 0.2157 | 0.1446 25.0482 19.4008 0.3003 0.5683 0.6894 | -2.914
LOSS FORMAT: SEMANTIC_LOSS MEAN_IOU PIX_ACC | DEPTH_LOSS ABS_ERR REL_ERR | NORMAL_LOSS MEAN MED <11.25 <22.5 <30 | ∆m (test)
Epoch: 0183 | lr=0.0001 | epoch lenth=398 | train time: 91.470 s | method famo | TRAIN: 0.4236 0.5346 0.7629 | 0.2777 0.2644 0.1234 | 0.0910 18.4103 13.3070 0.4299 0.7355 0.8327 || TEST: 1.3804 0.3628 0.6310 | 0.5765 0.5765 0.2128 | 0.1469 25.1521 19.2224 0.3024 0.5723 0.6918 | -3.511
LOSS FORMAT: SEMANTIC_LOSS MEAN_IOU PIX_ACC | DEPTH_LOSS ABS_ERR REL_ERR | NORMAL_LOSS MEAN MED <11.25 <22.5 <30 | ∆m (test)
Epoch: 0184 | lr=0.0001 | epoch lenth=398 | train time: 92.123 s | method famo | TRAIN: 0.4187 0.5429 0.7634 | 0.2727 0.2599 0.1206 | 0.0888 18.1575 13.0802 0.4366 0.7414 0.8365 || TEST: 1.4024 0.3637 0.6369 | 0.5398 0.5398 0.2276 | 0.1450 24.9318 18.9566 0.3076 0.5774 0.6950 | -4.243
LOSS FORMAT: SEMANTIC_LOSS MEAN_IOU PIX_ACC | DEPTH_LOSS ABS_ERR REL_ERR | NORMAL_LOSS MEAN MED <11.25 <22.5 <30 | ∆m (test)
Epoch: 0185 | lr=0.0001 | epoch lenth=398 | train time: 92.563 s | method famo | TRAIN: 0.4273 0.5389 0.7643 | 0.2731 0.2592 0.1207 | 0.0919 18.4666 13.3645 0.4298 0.7340 0.8308 || TEST: 1.3538 0.3666 0.6422 | 0.5433 0.5433 0.2260 | 0.1454 25.1860 19.5578 0.2976 0.5642 0.6850 | -3.181
LOSS FORMAT: SEMANTIC_LOSS MEAN_IOU PIX_ACC | DEPTH_LOSS ABS_ERR REL_ERR | NORMAL_LOSS MEAN MED <11.25 <22.5 <30 | ∆m (test)
Epoch: 0186 | lr=0.0001 | epoch lenth=398 | train time: 91.236 s | method famo | TRAIN: 0.4207 0.5434 0.7678 | 0.2735 0.2607 0.1225 | 0.0895 18.2209 13.0910 0.4366 0.7401 0.8351 || TEST: 1.3261 0.3574 0.6352 | 0.5836 0.5836 0.2172 | 0.1467 25.5570 20.3672 0.2810 0.5486 0.6747 | -0.768
LOSS FORMAT: SEMANTIC_LOSS MEAN_IOU PIX_ACC | DEPTH_LOSS ABS_ERR REL_ERR | NORMAL_LOSS MEAN MED <11.25 <22.5 <30 | ∆m (test)
Epoch: 0187 | lr=0.0001 | epoch lenth=398 | train time: 91.903 s | method famo | TRAIN: 0.4208 0.5414 0.7648 | 0.2715 0.2584 0.1222 | 0.0900 18.2707 13.1865 0.4349 0.7396 0.8353 || TEST: 1.4005 0.3528 0.6247 | 0.5698 0.5698 0.2150 | 0.1430 24.7872 18.9219 0.3072 0.5793 0.6971 | -3.866
LOSS FORMAT: SEMANTIC_LOSS MEAN_IOU PIX_ACC | DEPTH_LOSS ABS_ERR REL_ERR | NORMAL_LOSS MEAN MED <11.25 <22.5 <30 | ∆m (test)
Epoch: 0188 | lr=0.0001 | epoch lenth=398 | train time: 91.925 s | method famo | TRAIN: 0.4181 0.5400 0.7611 | 0.2676 0.2552 0.1212 | 0.0901 18.2750 13.1867 0.4355 0.7394 0.8346 || TEST: 1.3302 0.3657 0.6436 | 0.5527 0.5527 0.2186 | 0.1469 25.2786 19.6503 0.2978 0.5627 0.6846 | -3.201
LOSS FORMAT: SEMANTIC_LOSS MEAN_IOU PIX_ACC | DEPTH_LOSS ABS_ERR REL_ERR | NORMAL_LOSS MEAN MED <11.25 <22.5 <30 | ∆m (test)
Epoch: 0189 | lr=0.0001 | epoch lenth=398 | train time: 91.773 s | method famo | TRAIN: 0.4093 0.5453 0.7708 | 0.2731 0.2595 0.1212 | 0.0901 18.2889 13.1808 0.4344 0.7386 0.8343 || TEST: 1.4070 0.3499 0.6332 | 0.5978 0.5978 0.2187 | 0.1431 24.8353 19.0592 0.3064 0.5755 0.6943 | -3.074
LOSS FORMAT: SEMANTIC_LOSS MEAN_IOU PIX_ACC | DEPTH_LOSS ABS_ERR REL_ERR | NORMAL_LOSS MEAN MED <11.25 <22.5 <30 | ∆m (test)
Epoch: 0190 | lr=0.0001 | epoch lenth=398 | train time: 92.446 s | method famo | TRAIN: 0.4204 0.5411 0.7650 | 0.2687 0.2550 0.1201 | 0.0901 18.2180 13.1638 0.4354 0.7397 0.8357 || TEST: 1.4475 0.3536 0.6348 | 0.5353 0.5353 0.2177 | 0.1472 25.1064 19.0013 0.3061 0.5765 0.6938 | -4.187
LOSS FORMAT: SEMANTIC_LOSS MEAN_IOU PIX_ACC | DEPTH_LOSS ABS_ERR REL_ERR | NORMAL_LOSS MEAN MED <11.25 <22.5 <30 | ∆m (test)
Epoch: 0191 | lr=0.0001 | epoch lenth=398 | train time: 91.506 s | method famo | TRAIN: 0.4139 0.5433 0.7662 | 0.2704 0.2577 0.1220 | 0.0895 18.2002 13.1088 0.4389 0.7409 0.8354 || TEST: 1.4198 0.3578 0.6323 | 0.5451 0.5451 0.2255 | 0.1437 24.8702 19.0165 0.3066 0.5764 0.6946 | -3.921
LOSS FORMAT: SEMANTIC_LOSS MEAN_IOU PIX_ACC | DEPTH_LOSS ABS_ERR REL_ERR | NORMAL_LOSS MEAN MED <11.25 <22.5 <30 | ∆m (test)
Epoch: 0192 | lr=0.0001 | epoch lenth=398 | train time: 92.424 s | method famo | TRAIN: 0.4199 0.5440 0.7644 | 0.2729 0.2599 0.1236 | 0.0888 18.1325 13.0820 0.4390 0.7426 0.8371 || TEST: 1.3643 0.3776 0.6449 | 0.5311 0.5311 0.2091 | 0.1467 25.1032 19.1104 0.3037 0.5745 0.6938 | -5.284
LOSS FORMAT: SEMANTIC_LOSS MEAN_IOU PIX_ACC | DEPTH_LOSS ABS_ERR REL_ERR | NORMAL_LOSS MEAN MED <11.25 <22.5 <30 | ∆m (test)
Epoch: 0193 | lr=0.0001 | epoch lenth=398 | train time: 92.595 s | method famo | TRAIN: 0.4063 0.5509 0.7719 | 0.2724 0.2588 0.1204 | 0.0898 18.2579 13.1448 0.4341 0.7400 0.8357 || TEST: 1.3454 0.3761 0.6461 | 0.5347 0.5347 0.2164 | 0.1422 24.6660 18.7697 0.3106 0.5827 0.7007 | -5.826
LOSS FORMAT: SEMANTIC_LOSS MEAN_IOU PIX_ACC | DEPTH_LOSS ABS_ERR REL_ERR | NORMAL_LOSS MEAN MED <11.25 <22.5 <30 | ∆m (test)
Epoch: 0194 | lr=0.0001 | epoch lenth=398 | train time: 92.226 s | method famo | TRAIN: 0.3930 0.5549 0.7743 | 0.2669 0.2538 0.1199 | 0.0887 18.1296 13.0304 0.4379 0.7430 0.8376 || TEST: 1.5147 0.3655 0.6412 | 0.5262 0.5262 0.2119 | 0.1419 24.6034 18.6477 0.3133 0.5841 0.7011 | -5.985
LOSS FORMAT: SEMANTIC_LOSS MEAN_IOU PIX_ACC | DEPTH_LOSS ABS_ERR REL_ERR | NORMAL_LOSS MEAN MED <11.25 <22.5 <30 | ∆m (test)
Epoch: 0195 | lr=0.0001 | epoch lenth=398 | train time: 92.737 s | method famo | TRAIN: 0.4103 0.5489 0.7693 | 0.2752 0.2621 0.1237 | 0.0896 18.1901 13.0644 0.4382 0.7415 0.8361 || TEST: 1.3576 0.3563 0.6379 | 0.5514 0.5514 0.2105 | 0.1442 24.9759 19.2922 0.3021 0.5719 0.6918 | -3.965
LOSS FORMAT: SEMANTIC_LOSS MEAN_IOU PIX_ACC | DEPTH_LOSS ABS_ERR REL_ERR | NORMAL_LOSS MEAN MED <11.25 <22.5 <30 | ∆m (test)
Epoch: 0196 | lr=0.0001 | epoch lenth=398 | train time: 97.957 s | method famo | TRAIN: 0.3988 0.5471 0.7691 | 0.2583 0.2461 0.1152 | 0.0883 18.0563 12.9749 0.4417 0.7446 0.8386 || TEST: 1.3675 0.3683 0.6464 | 0.5287 0.5287 0.2174 | 0.1468 25.1847 19.3308 0.3023 0.5691 0.6877 | -4.331
LOSS FORMAT: SEMANTIC_LOSS MEAN_IOU PIX_ACC | DEPTH_LOSS ABS_ERR REL_ERR | NORMAL_LOSS MEAN MED <11.25 <22.5 <30 | ∆m (test)
Epoch: 0197 | lr=0.0001 | epoch lenth=398 | train time: 93.051 s | method famo | TRAIN: 0.4023 0.5513 0.7731 | 0.2736 0.2597 0.1226 | 0.0887 18.0602 12.9470 0.4420 0.7441 0.8380 || TEST: 1.4022 0.3664 0.6403 | 0.5340 0.5340 0.2203 | 0.1451 24.9498 19.0228 0.3062 0.5775 0.6956 | -4.687
LOSS FORMAT: SEMANTIC_LOSS MEAN_IOU PIX_ACC | DEPTH_LOSS ABS_ERR REL_ERR | NORMAL_LOSS MEAN MED <11.25 <22.5 <30 | ∆m (test)
Epoch: 0198 | lr=0.0001 | epoch lenth=398 | train time: 91.851 s | method famo | TRAIN: 0.3886 0.5556 0.7722 | 0.2654 0.2527 0.1187 | 0.0859 17.7984 12.7986 0.4471 0.7504 0.8434 || TEST: 1.3857 0.3460 0.6351 | 0.5456 0.5456 0.2224 | 0.1435 24.9633 19.3706 0.3016 0.5690 0.6895 | -3.085
LOSS FORMAT: SEMANTIC_LOSS MEAN_IOU PIX_ACC | DEPTH_LOSS ABS_ERR REL_ERR | NORMAL_LOSS MEAN MED <11.25 <22.5 <30 | ∆m (test)
Epoch: 0199 | lr=0.0001 | epoch lenth=398 | train time: 92.185 s | method famo | TRAIN: 0.3910 0.5440 0.7693 | 0.2633 0.2508 0.1165 | 0.0871 17.9040 12.8752 0.4464 0.7489 0.8416 || TEST: 1.3646 0.3622 0.6390 | 0.5362 0.5362 0.2191 | 0.1416 24.7132 19.0219 0.3073 0.5762 0.6959 | -4.677
Training finished. ['1.7987 0.8867 42.9615', '1.7314 0.8547 40.4100', '1.7879 1.2906 40.7242', '1.6488 0.9428 38.6054', '1.6434 0.8364 37.0106', '1.6545 0.8325 37.2112', '1.5979 0.9412 36.4598', '1.5679 0.7745 35.9246', '1.5161 0.8244 35.3765', '1.4824 0.7488 34.1070', '1.5634 0.7660 34.6574', '1.4836 0.7780 34.0389', '1.4809 0.7672 33.6433', '1.4468 0.7314 32.9735', '1.4018 0.7166 33.0566', '1.3761 0.8176 31.8862', '1.4204 0.9138 31.9180', '1.3618 0.7181 31.5996', '1.3448 0.6904 31.4340', '1.4287 0.7455 31.9020', '1.3468 0.7262 30.8451', '1.3203 0.8279 31.0380', '1.3252 0.6916 30.6238', '1.2948 0.7341 30.9298', '1.3541 0.7076 30.7669', '1.3182 0.6982 30.8921', '1.2602 0.6707 29.6579', '1.2708 0.6894 30.1368', '1.2713 0.6669 30.6409', '1.2565 0.6748 29.7396', '1.2469 0.6611 29.6034', '1.3107 0.6453 29.9111', '1.2267 0.7028 29.3300', '1.2551 0.6606 29.0300', '1.2394 0.6902 29.7815', '1.2647 0.6698 29.6301', '1.1934 0.7230 29.0014', '1.1925 0.6325 29.4718', '1.2278 0.6491 28.7232', '1.2207 0.6825 29.2722', '1.2003 0.7028 28.5056', '1.1829 0.7535 28.6898', '1.1887 0.6626 28.8511', '1.1860 0.6584 28.2129', '1.1964 0.6272 29.1429', '1.1610 0.6230 27.9613', '1.1801 0.7279 28.2136', '1.1628 0.6318 28.1500', '1.2250 0.6637 28.2296', '1.1602 0.5960 27.8404', '1.2663 0.6156 28.3376', '1.1627 0.5942 27.2924', '1.1679 0.5963 27.7445', '1.1904 0.6177 28.2292', '1.1736 0.5939 27.4052', '1.1411 0.6196 27.7764', '1.1697 0.5978 27.9604', '1.2241 0.6123 27.3471', '1.2142 0.5917 27.7225', '1.1511 0.6106 27.0958', '1.1995 0.6011 27.1640', '1.1600 0.5914 27.0409', '1.2629 0.6255 27.4761', '1.1790 0.6399 27.3005', '1.1579 0.6315 26.7971', '1.1511 0.6083 26.9672', '1.1775 0.5767 27.6978', '1.1661 0.6868 27.3057', '1.1666 0.5811 26.8057', '1.1577 0.6115 26.3785', '1.1998 0.5855 26.7477', '1.1589 0.5902 27.0665', '1.1310 0.5725 26.5543', '1.1525 0.6086 26.8207', '1.1485 0.5845 26.4832', '1.1533 0.6273 26.4116', '1.0913 0.6893 26.3306', '1.2308 0.6245 26.6989', '1.1661 0.6143 26.3963', '1.1227 0.6364 26.6419', '1.1669 0.6699 26.3661', '1.1556 0.5732 26.6459', '1.1899 0.5659 25.9788', '1.1522 0.5812 26.5511', '1.1674 0.6133 26.1429', '1.2141 0.5897 25.9963', '1.2001 0.5646 26.1314', '1.1821 0.5802 26.0862', '1.2549 0.5895 26.6535', '1.1996 0.6191 26.5010', '1.2178 0.6107 26.4094', '1.2091 0.5929 26.1017', '1.2161 0.5847 26.7185', '1.1868 0.6080 26.0659', '1.2060 0.6107 26.0667', '1.1498 0.6879 26.3861', '1.2171 0.6021 26.5279', '1.1366 0.6140 26.0820', '1.2146 0.5914 25.8777', '1.2246 0.5639 26.1104', '1.1692 0.6211 25.5429', '1.1704 0.5448 25.2443', '1.2289 0.5669 25.7700', '1.1983 0.5625 25.8266', '1.1106 0.6275 25.3839', '1.2044 0.5520 25.0895', '1.1884 0.5439 25.0517', '1.2120 0.5681 25.1852', '1.2073 0.5803 25.3455', '1.1834 0.5876 25.3886', '1.1751 0.5822 25.4107', '1.1856 0.5572 25.0511', '1.1991 0.6077 25.3883', '1.2236 0.5415 25.0997', '1.2008 0.5667 25.3728', '1.1855 0.6159 25.1841', '1.2671 0.5508 25.2403', '1.2544 0.5468 25.1957', '1.1816 0.5789 25.1601', '1.2023 0.5699 25.7322', '1.2361 0.5436 25.3511', '1.2704 0.5524 25.3604', '1.2821 0.5473 25.5668', '1.2056 0.7122 25.5988', '1.2256 0.5744 25.3645', '1.2429 0.5599 25.0158', '1.1956 0.6022 25.3248', '1.2387 0.5504 24.9709', '1.2108 0.5684 25.0953', '1.2264 0.5886 25.3743', '1.2433 0.5616 25.4158', '1.2810 0.5641 25.5639', '1.3213 0.5599 25.4327', '1.2253 0.5524 25.1321', '1.2219 0.5844 25.3312', '1.2698 0.5895 25.5031', '1.3073 0.5721 25.9885', '1.2408 0.5978 25.2170', '1.2669 0.5548 25.0641', '1.2278 0.5501 25.0814', '1.2356 0.5688 24.9173', '1.3227 0.5377 25.1324', '1.3194 0.5424 25.2440', '1.3193 0.5525 25.0551', '1.2899 0.5525 25.2911', '1.2210 0.5733 25.5765', '1.2527 0.5440 24.9806', '1.2865 0.5775 25.5524', '1.2333 0.5637 25.3231', '1.3488 0.5384 25.2955', '1.2613 0.5523 24.8733', '1.2186 0.5952 25.0991', '1.2956 0.5553 25.2373', '1.3791 0.5654 25.1035', '1.3027 0.6378 25.8885', '1.2110 0.5547 25.0377', '1.3100 0.5463 25.1675', '1.3851 0.5464 25.1169', '1.3016 0.5709 25.1732', '1.3642 0.5599 25.1217', '1.3455 0.5654 25.1515', '1.3198 0.5396 24.7192', '1.3284 0.5342 24.9536', '1.3153 0.5339 24.9524', '1.3516 0.5968 25.1027', '1.3810 0.5366 25.1681', '1.3765 0.5387 24.8363', '1.3466 0.5839 25.3267', '1.3401 0.5497 24.9393', '1.3980 0.5457 24.9912', '1.3022 0.5796 24.6727', '1.3355 0.5473 24.9386', '1.2848 0.5650 24.7052', '1.3256 0.5327 25.0356', '1.3002 0.5355 24.8799', '1.3225 0.5366 25.0753', '1.3333 0.5452 24.7627', '1.4057 0.5476 25.2652', '1.4032 0.5471 25.0311', '1.3589 0.5349 25.2384', '1.3671 0.5444 24.9294', '1.4063 0.5578 24.9347', '1.3789 0.5705 25.0482', '1.3804 0.5765 25.1521', '1.4024 0.5398 24.9318', '1.3538 0.5433 25.1860', '1.3261 0.5836 25.5570', '1.4005 0.5698 24.7872', '1.3302 0.5527 25.2786', '1.4070 0.5978 24.8353', '1.4475 0.5353 25.1064', '1.4198 0.5451 24.8702', '1.3643 0.5311 25.1032', '1.3454 0.5347 24.6660', '1.5147 0.5262 24.6034', '1.3576 0.5514 24.9759', '1.3675 0.5287 25.1847', '1.4022 0.5340 24.9498', '1.3857 0.5456 24.9633', '1.3646 0.5362 24.7132']
