Defaulting to user installation because normal site-packages is not writeable
Looking in indexes: https://pypi.org/simple, https://download.pytorch.org/whl/cu113
Requirement already satisfied: torch==1.12.1+cu113 in /home/mx6835/.local/lib/python3.10/site-packages (1.12.1+cu113)
Requirement already satisfied: torchvision==0.13.1+cu113 in /home/mx6835/.local/lib/python3.10/site-packages (0.13.1+cu113)
Requirement already satisfied: torchaudio==0.12.1 in /home/mx6835/.local/lib/python3.10/site-packages (0.12.1+cu113)
Requirement already satisfied: typing-extensions in /home/mx6835/.local/lib/python3.10/site-packages (from torch==1.12.1+cu113) (4.7.1)
Requirement already satisfied: numpy in /home/mx6835/.local/lib/python3.10/site-packages (from torchvision==0.13.1+cu113) (1.25.2)
Requirement already satisfied: requests in /home/mx6835/.local/lib/python3.10/site-packages (from torchvision==0.13.1+cu113) (2.31.0)
Requirement already satisfied: pillow!=8.3.*,>=5.3.0 in /home/mx6835/.local/lib/python3.10/site-packages (from torchvision==0.13.1+cu113) (10.1.0)
Requirement already satisfied: idna<4,>=2.5 in /home/mx6835/.local/lib/python3.10/site-packages (from requests->torchvision==0.13.1+cu113) (3.4)
Requirement already satisfied: urllib3<3,>=1.21.1 in /home/mx6835/.local/lib/python3.10/site-packages (from requests->torchvision==0.13.1+cu113) (2.0.4)
Requirement already satisfied: charset-normalizer<4,>=2 in /home/mx6835/.local/lib/python3.10/site-packages (from requests->torchvision==0.13.1+cu113) (3.2.0)
Requirement already satisfied: certifi>=2017.4.17 in /home/mx6835/.local/lib/python3.10/site-packages (from requests->torchvision==0.13.1+cu113) (2023.7.22)
Defaulting to user installation because normal site-packages is not writeable
Obtaining file:///home/mx6835/acdemic/MM/MTL-main
  Preparing metadata (setup.py): started
  Preparing metadata (setup.py): finished with status 'done'
Requirement already satisfied: matplotlib>=3.2.1 in /home/mx6835/.local/lib/python3.10/site-packages (from mtl==1.0.0) (3.8.0)
Requirement already satisfied: numpy>=1.18.2 in /home/mx6835/.local/lib/python3.10/site-packages (from mtl==1.0.0) (1.25.2)
Requirement already satisfied: cvxpy in /home/mx6835/.local/lib/python3.10/site-packages (from mtl==1.0.0) (1.4.3)
Requirement already satisfied: tqdm>=4.45.0 in /home/mx6835/.local/lib/python3.10/site-packages (from mtl==1.0.0) (4.66.1)
Requirement already satisfied: pandas in /home/mx6835/.local/lib/python3.10/site-packages (from mtl==1.0.0) (2.1.0)
Requirement already satisfied: scikit-learn in /home/mx6835/.local/lib/python3.10/site-packages (from mtl==1.0.0) (1.0.2)
Requirement already satisfied: seaborn in /home/mx6835/.local/lib/python3.10/site-packages (from mtl==1.0.0) (0.13.2)
Requirement already satisfied: wandb==0.12.21 in /home/mx6835/.local/lib/python3.10/site-packages (from mtl==1.0.0) (0.12.21)
Requirement already satisfied: plotly in /home/mx6835/.local/lib/python3.10/site-packages (from mtl==1.0.0) (5.20.0)
Requirement already satisfied: torch_geometric in /home/mx6835/.local/lib/python3.10/site-packages (from mtl==1.0.0) (2.5.2)
Requirement already satisfied: promise<3,>=2.0 in /home/mx6835/.local/lib/python3.10/site-packages (from wandb==0.12.21->mtl==1.0.0) (2.3)
Requirement already satisfied: Click!=8.0.0,>=7.0 in /home/mx6835/.local/lib/python3.10/site-packages (from wandb==0.12.21->mtl==1.0.0) (8.1.7)
Requirement already satisfied: setuptools in /home/mx6835/.local/lib/python3.10/site-packages (from wandb==0.12.21->mtl==1.0.0) (69.1.0)
Requirement already satisfied: sentry-sdk>=1.0.0 in /home/mx6835/.local/lib/python3.10/site-packages (from wandb==0.12.21->mtl==1.0.0) (1.45.0)
Requirement already satisfied: pathtools in /home/mx6835/.local/lib/python3.10/site-packages (from wandb==0.12.21->mtl==1.0.0) (0.1.2)
Requirement already satisfied: six>=1.13.0 in /home/mx6835/.local/lib/python3.10/site-packages (from wandb==0.12.21->mtl==1.0.0) (1.16.0)
Requirement already satisfied: docker-pycreds>=0.4.0 in /home/mx6835/.local/lib/python3.10/site-packages (from wandb==0.12.21->mtl==1.0.0) (0.4.0)
Requirement already satisfied: GitPython>=1.0.0 in /home/mx6835/.local/lib/python3.10/site-packages (from wandb==0.12.21->mtl==1.0.0) (3.1.43)
Requirement already satisfied: psutil>=5.0.0 in /home/mx6835/.local/lib/python3.10/site-packages (from wandb==0.12.21->mtl==1.0.0) (5.9.5)
Requirement already satisfied: protobuf<4.0dev,>=3.12.0 in /home/mx6835/.local/lib/python3.10/site-packages (from wandb==0.12.21->mtl==1.0.0) (3.20.3)
Requirement already satisfied: setproctitle in /home/mx6835/.local/lib/python3.10/site-packages (from wandb==0.12.21->mtl==1.0.0) (1.3.3)
Requirement already satisfied: PyYAML in /home/mx6835/.local/lib/python3.10/site-packages (from wandb==0.12.21->mtl==1.0.0) (6.0.1)
Requirement already satisfied: requests<3,>=2.0.0 in /home/mx6835/.local/lib/python3.10/site-packages (from wandb==0.12.21->mtl==1.0.0) (2.31.0)
Requirement already satisfied: shortuuid>=0.5.0 in /home/mx6835/.local/lib/python3.10/site-packages (from wandb==0.12.21->mtl==1.0.0) (1.0.13)
Requirement already satisfied: contourpy>=1.0.1 in /home/mx6835/.local/lib/python3.10/site-packages (from matplotlib>=3.2.1->mtl==1.0.0) (1.1.1)
Requirement already satisfied: pyparsing>=2.3.1 in /home/mx6835/.local/lib/python3.10/site-packages (from matplotlib>=3.2.1->mtl==1.0.0) (3.1.1)
Requirement already satisfied: pillow>=6.2.0 in /home/mx6835/.local/lib/python3.10/site-packages (from matplotlib>=3.2.1->mtl==1.0.0) (10.1.0)
Requirement already satisfied: packaging>=20.0 in /home/mx6835/.local/lib/python3.10/site-packages (from matplotlib>=3.2.1->mtl==1.0.0) (23.1)
Requirement already satisfied: fonttools>=4.22.0 in /home/mx6835/.local/lib/python3.10/site-packages (from matplotlib>=3.2.1->mtl==1.0.0) (4.43.1)
Requirement already satisfied: python-dateutil>=2.7 in /home/mx6835/.local/lib/python3.10/site-packages (from matplotlib>=3.2.1->mtl==1.0.0) (2.8.2)
Requirement already satisfied: kiwisolver>=1.0.1 in /home/mx6835/.local/lib/python3.10/site-packages (from matplotlib>=3.2.1->mtl==1.0.0) (1.4.5)
Requirement already satisfied: cycler>=0.10 in /home/mx6835/.local/lib/python3.10/site-packages (from matplotlib>=3.2.1->mtl==1.0.0) (0.12.1)
Requirement already satisfied: osqp>=0.6.2 in /home/mx6835/.local/lib/python3.10/site-packages (from cvxpy->mtl==1.0.0) (0.6.5)
Requirement already satisfied: clarabel>=0.5.0 in /home/mx6835/.local/lib/python3.10/site-packages (from cvxpy->mtl==1.0.0) (0.7.1)
Requirement already satisfied: ecos>=2 in /home/mx6835/.local/lib/python3.10/site-packages (from cvxpy->mtl==1.0.0) (2.0.13)
Requirement already satisfied: scs>=3.0 in /home/mx6835/.local/lib/python3.10/site-packages (from cvxpy->mtl==1.0.0) (3.2.4.post1)
Requirement already satisfied: pybind11 in /home/mx6835/.local/lib/python3.10/site-packages (from cvxpy->mtl==1.0.0) (2.12.0)
Requirement already satisfied: scipy>=1.1.0 in /home/mx6835/.local/lib/python3.10/site-packages (from cvxpy->mtl==1.0.0) (1.11.2)
Requirement already satisfied: tzdata>=2022.1 in /home/mx6835/.local/lib/python3.10/site-packages (from pandas->mtl==1.0.0) (2023.3)
Requirement already satisfied: pytz>=2020.1 in /home/mx6835/.local/lib/python3.10/site-packages (from pandas->mtl==1.0.0) (2023.3)
Requirement already satisfied: tenacity>=6.2.0 in /home/mx6835/.local/lib/python3.10/site-packages (from plotly->mtl==1.0.0) (8.2.3)
Requirement already satisfied: threadpoolctl>=2.0.0 in /home/mx6835/.local/lib/python3.10/site-packages (from scikit-learn->mtl==1.0.0) (3.2.0)
Requirement already satisfied: joblib>=0.11 in /home/mx6835/.local/lib/python3.10/site-packages (from scikit-learn->mtl==1.0.0) (1.3.2)
Requirement already satisfied: jinja2 in /home/mx6835/.local/lib/python3.10/site-packages (from torch_geometric->mtl==1.0.0) (3.1.2)
Requirement already satisfied: aiohttp in /home/mx6835/.local/lib/python3.10/site-packages (from torch_geometric->mtl==1.0.0) (3.8.5)
Requirement already satisfied: fsspec in /home/mx6835/.local/lib/python3.10/site-packages (from torch_geometric->mtl==1.0.0) (2023.6.0)
Requirement already satisfied: gitdb<5,>=4.0.1 in /home/mx6835/.local/lib/python3.10/site-packages (from GitPython>=1.0.0->wandb==0.12.21->mtl==1.0.0) (4.0.11)
Requirement already satisfied: qdldl in /home/mx6835/.local/lib/python3.10/site-packages (from osqp>=0.6.2->cvxpy->mtl==1.0.0) (0.1.7.post1)
Requirement already satisfied: idna<4,>=2.5 in /home/mx6835/.local/lib/python3.10/site-packages (from requests<3,>=2.0.0->wandb==0.12.21->mtl==1.0.0) (3.4)
Requirement already satisfied: certifi>=2017.4.17 in /home/mx6835/.local/lib/python3.10/site-packages (from requests<3,>=2.0.0->wandb==0.12.21->mtl==1.0.0) (2023.7.22)
Requirement already satisfied: urllib3<3,>=1.21.1 in /home/mx6835/.local/lib/python3.10/site-packages (from requests<3,>=2.0.0->wandb==0.12.21->mtl==1.0.0) (2.0.4)
Requirement already satisfied: charset-normalizer<4,>=2 in /home/mx6835/.local/lib/python3.10/site-packages (from requests<3,>=2.0.0->wandb==0.12.21->mtl==1.0.0) (3.2.0)
Requirement already satisfied: aiosignal>=1.1.2 in /home/mx6835/.local/lib/python3.10/site-packages (from aiohttp->torch_geometric->mtl==1.0.0) (1.3.1)
Requirement already satisfied: multidict<7.0,>=4.5 in /home/mx6835/.local/lib/python3.10/site-packages (from aiohttp->torch_geometric->mtl==1.0.0) (6.0.4)
Requirement already satisfied: frozenlist>=1.1.1 in /home/mx6835/.local/lib/python3.10/site-packages (from aiohttp->torch_geometric->mtl==1.0.0) (1.4.0)
Requirement already satisfied: async-timeout<5.0,>=4.0.0a3 in /home/mx6835/.local/lib/python3.10/site-packages (from aiohttp->torch_geometric->mtl==1.0.0) (4.0.3)
Requirement already satisfied: yarl<2.0,>=1.0 in /home/mx6835/.local/lib/python3.10/site-packages (from aiohttp->torch_geometric->mtl==1.0.0) (1.9.2)
Requirement already satisfied: attrs>=17.3.0 in /home/mx6835/.local/lib/python3.10/site-packages (from aiohttp->torch_geometric->mtl==1.0.0) (23.1.0)
Requirement already satisfied: MarkupSafe>=2.0 in /home/mx6835/.local/lib/python3.10/site-packages (from jinja2->torch_geometric->mtl==1.0.0) (2.1.3)
Requirement already satisfied: smmap<6,>=3.0.1 in /home/mx6835/.local/lib/python3.10/site-packages (from gitdb<5,>=4.0.1->GitPython>=1.0.0->wandb==0.12.21->mtl==1.0.0) (5.0.1)
Installing collected packages: mtl
  Attempting uninstall: mtl
    Found existing installation: mtl 1.0.0
    Uninstalling mtl-1.0.0:
      Successfully uninstalled mtl-1.0.0
  Running setup.py develop for mtl
Successfully installed mtl-1.0.0
LOSS FORMAT: SEMANTIC_LOSS MEAN_IOU PIX_ACC | DEPTH_LOSS ABS_ERR REL_ERR | NORMAL_LOSS MEAN MED <11.25 <22.5 <30 | ∆m (test)
Epoch: 0000 | lr=0.0001 | epoch lenth=398 | train time: 285.710 s | method nashmtl | TRAIN: 1.9804 0.0712 0.3330 | 0.8729 0.8729 0.4140 | 0.3512 45.6810 44.0754 0.0441 0.1678 0.2807 || TEST: 1.8446 0.0837 0.3708 | 0.8711 0.8711 0.3352 | 0.3113 42.8786 42.5916 0.0524 0.1874 0.2992 | 63.259
LOSS FORMAT: SEMANTIC_LOSS MEAN_IOU PIX_ACC | DEPTH_LOSS ABS_ERR REL_ERR | NORMAL_LOSS MEAN MED <11.25 <22.5 <30 | ∆m (test)
Epoch: 0001 | lr=0.0001 | epoch lenth=398 | train time: 191.601 s | method nashmtl | TRAIN: 1.8046 0.0870 0.3780 | 0.8194 0.8194 0.3916 | 0.2990 41.4138 39.6909 0.0625 0.2233 0.3467 || TEST: 1.7422 0.1009 0.3937 | 0.8422 0.8422 0.3306 | 0.2829 40.0485 38.4482 0.0711 0.2416 0.3649 | 55.247
LOSS FORMAT: SEMANTIC_LOSS MEAN_IOU PIX_ACC | DEPTH_LOSS ABS_ERR REL_ERR | NORMAL_LOSS MEAN MED <11.25 <22.5 <30 | ∆m (test)
Epoch: 0002 | lr=0.0001 | epoch lenth=398 | train time: 189.203 s | method nashmtl | TRAIN: 1.7468 0.1001 0.4007 | 0.7953 0.7953 0.3915 | 0.2843 39.9650 38.0356 0.0774 0.2521 0.3762 || TEST: 1.8384 0.0851 0.3695 | 1.2483 1.2483 0.4027 | 0.2852 39.9133 37.9844 0.0834 0.2601 0.3808 | 64.287
LOSS FORMAT: SEMANTIC_LOSS MEAN_IOU PIX_ACC | DEPTH_LOSS ABS_ERR REL_ERR | NORMAL_LOSS MEAN MED <11.25 <22.5 <30 | ∆m (test)
Epoch: 0003 | lr=0.0001 | epoch lenth=398 | train time: 188.953 s | method nashmtl | TRAIN: 1.7101 0.0961 0.3949 | 0.8003 0.8003 0.3835 | 0.2746 39.0404 36.9202 0.0875 0.2674 0.3928 || TEST: 1.7101 0.1027 0.4244 | 0.7965 0.7965 0.3084 | 0.2637 37.9234 36.0038 0.1086 0.2928 0.4120 | 47.528
LOSS FORMAT: SEMANTIC_LOSS MEAN_IOU PIX_ACC | DEPTH_LOSS ABS_ERR REL_ERR | NORMAL_LOSS MEAN MED <11.25 <22.5 <30 | ∆m (test)
Epoch: 0004 | lr=0.0001 | epoch lenth=398 | train time: 188.988 s | method nashmtl | TRAIN: 1.6758 0.1069 0.4261 | 0.7751 0.7751 0.3695 | 0.2668 38.2447 35.9410 0.0974 0.2836 0.4090 || TEST: 1.6829 0.1147 0.4243 | 0.8133 0.8133 0.2964 | 0.2431 36.1029 34.0349 0.1242 0.3121 0.4367 | 43.682
LOSS FORMAT: SEMANTIC_LOSS MEAN_IOU PIX_ACC | DEPTH_LOSS ABS_ERR REL_ERR | NORMAL_LOSS MEAN MED <11.25 <22.5 <30 | ∆m (test)
Epoch: 0005 | lr=0.0001 | epoch lenth=398 | train time: 189.113 s | method nashmtl | TRAIN: 1.6650 0.1135 0.4291 | 0.7449 0.7449 0.3580 | 0.2608 37.5618 34.9587 0.1076 0.3006 0.4255 || TEST: 1.6128 0.1316 0.4444 | 0.7724 0.7724 0.3109 | 0.2409 35.6528 32.9795 0.1345 0.3338 0.4550 | 40.845
LOSS FORMAT: SEMANTIC_LOSS MEAN_IOU PIX_ACC | DEPTH_LOSS ABS_ERR REL_ERR | NORMAL_LOSS MEAN MED <11.25 <22.5 <30 | ∆m (test)
Epoch: 0006 | lr=0.0001 | epoch lenth=398 | train time: 188.400 s | method nashmtl | TRAIN: 1.6307 0.1271 0.4439 | 0.7454 0.7454 0.3568 | 0.2565 37.0794 34.2960 0.1156 0.3097 0.4358 || TEST: 1.6328 0.1353 0.4274 | 0.8010 0.8010 0.2978 | 0.2408 35.4705 32.6148 0.1443 0.3407 0.4620 | 40.077
LOSS FORMAT: SEMANTIC_LOSS MEAN_IOU PIX_ACC | DEPTH_LOSS ABS_ERR REL_ERR | NORMAL_LOSS MEAN MED <11.25 <22.5 <30 | ∆m (test)
Epoch: 0007 | lr=0.0001 | epoch lenth=398 | train time: 188.667 s | method nashmtl | TRAIN: 1.6223 0.1314 0.4358 | 0.7451 0.7451 0.3515 | 0.2508 36.5317 33.7445 0.1229 0.3196 0.4443 || TEST: 1.5498 0.1467 0.4745 | 0.7806 0.7806 0.3392 | 0.2304 34.7272 32.2072 0.1461 0.3420 0.4657 | 39.530
LOSS FORMAT: SEMANTIC_LOSS MEAN_IOU PIX_ACC | DEPTH_LOSS ABS_ERR REL_ERR | NORMAL_LOSS MEAN MED <11.25 <22.5 <30 | ∆m (test)
Epoch: 0008 | lr=0.0001 | epoch lenth=398 | train time: 188.542 s | method nashmtl | TRAIN: 1.6022 0.1396 0.4632 | 0.7273 0.7273 0.3479 | 0.2459 35.9954 33.1320 0.1343 0.3293 0.4542 || TEST: 1.5462 0.1370 0.4698 | 0.7696 0.7696 0.2972 | 0.2254 34.3571 31.6880 0.1420 0.3450 0.4741 | 37.528
LOSS FORMAT: SEMANTIC_LOSS MEAN_IOU PIX_ACC | DEPTH_LOSS ABS_ERR REL_ERR | NORMAL_LOSS MEAN MED <11.25 <22.5 <30 | ∆m (test)
Epoch: 0009 | lr=0.0001 | epoch lenth=398 | train time: 188.742 s | method nashmtl | TRAIN: 1.5617 0.1397 0.4688 | 0.7368 0.7368 0.3471 | 0.2401 35.4135 32.3436 0.1406 0.3407 0.4660 || TEST: 1.5276 0.1456 0.4716 | 0.7301 0.7301 0.3225 | 0.2129 32.7892 29.3595 0.1740 0.3857 0.5117 | 32.989
LOSS FORMAT: SEMANTIC_LOSS MEAN_IOU PIX_ACC | DEPTH_LOSS ABS_ERR REL_ERR | NORMAL_LOSS MEAN MED <11.25 <22.5 <30 | ∆m (test)
Epoch: 0010 | lr=0.0001 | epoch lenth=398 | train time: 189.719 s | method nashmtl | TRAIN: 1.5457 0.1465 0.4724 | 0.7099 0.7099 0.3368 | 0.2348 34.8954 31.6601 0.1450 0.3501 0.4778 || TEST: 1.5664 0.1530 0.4578 | 0.7119 0.7119 0.2786 | 0.2187 33.5513 30.5582 0.1577 0.3640 0.4927 | 33.319
LOSS FORMAT: SEMANTIC_LOSS MEAN_IOU PIX_ACC | DEPTH_LOSS ABS_ERR REL_ERR | NORMAL_LOSS MEAN MED <11.25 <22.5 <30 | ∆m (test)
Epoch: 0011 | lr=0.0001 | epoch lenth=398 | train time: 188.900 s | method nashmtl | TRAIN: 1.5148 0.1556 0.4715 | 0.7047 0.7047 0.3338 | 0.2317 34.5531 31.2828 0.1521 0.3579 0.4837 || TEST: 1.5118 0.1727 0.4845 | 0.7131 0.7131 0.2826 | 0.2129 32.8967 29.5240 0.1669 0.3820 0.5094 | 30.617
LOSS FORMAT: SEMANTIC_LOSS MEAN_IOU PIX_ACC | DEPTH_LOSS ABS_ERR REL_ERR | NORMAL_LOSS MEAN MED <11.25 <22.5 <30 | ∆m (test)
Epoch: 0012 | lr=0.0001 | epoch lenth=398 | train time: 188.410 s | method nashmtl | TRAIN: 1.5176 0.1654 0.4823 | 0.6944 0.6944 0.3326 | 0.2326 34.6163 31.2395 0.1505 0.3563 0.4841 || TEST: 1.4894 0.1674 0.4888 | 0.6990 0.6990 0.2812 | 0.2088 32.3230 28.8422 0.1819 0.3943 0.5215 | 28.776
LOSS FORMAT: SEMANTIC_LOSS MEAN_IOU PIX_ACC | DEPTH_LOSS ABS_ERR REL_ERR | NORMAL_LOSS MEAN MED <11.25 <22.5 <30 | ∆m (test)
Epoch: 0013 | lr=0.0001 | epoch lenth=398 | train time: 188.777 s | method nashmtl | TRAIN: 1.5009 0.1630 0.4872 | 0.6949 0.6949 0.3266 | 0.2267 34.0743 30.6323 0.1565 0.3653 0.4928 || TEST: 1.5770 0.1588 0.4857 | 0.7126 0.7126 0.3003 | 0.2169 32.9782 29.4339 0.1811 0.3871 0.5109 | 31.036
LOSS FORMAT: SEMANTIC_LOSS MEAN_IOU PIX_ACC | DEPTH_LOSS ABS_ERR REL_ERR | NORMAL_LOSS MEAN MED <11.25 <22.5 <30 | ∆m (test)
Epoch: 0014 | lr=0.0001 | epoch lenth=398 | train time: 188.099 s | method nashmtl | TRAIN: 1.5098 0.1591 0.4856 | 0.6900 0.6900 0.3257 | 0.2258 33.9466 30.3790 0.1581 0.3699 0.4975 || TEST: 1.4138 0.1979 0.5197 | 0.6975 0.6975 0.2848 | 0.2081 32.2747 28.6135 0.1790 0.3967 0.5257 | 27.310
LOSS FORMAT: SEMANTIC_LOSS MEAN_IOU PIX_ACC | DEPTH_LOSS ABS_ERR REL_ERR | NORMAL_LOSS MEAN MED <11.25 <22.5 <30 | ∆m (test)
Epoch: 0015 | lr=0.0001 | epoch lenth=398 | train time: 188.134 s | method nashmtl | TRAIN: 1.4771 0.1832 0.5065 | 0.6578 0.6578 0.3104 | 0.2212 33.5356 29.9222 0.1611 0.3752 0.5046 || TEST: 1.4203 0.1940 0.5105 | 0.7039 0.7039 0.2756 | 0.2032 31.7708 27.9599 0.1851 0.4081 0.5353 | 26.116
LOSS FORMAT: SEMANTIC_LOSS MEAN_IOU PIX_ACC | DEPTH_LOSS ABS_ERR REL_ERR | NORMAL_LOSS MEAN MED <11.25 <22.5 <30 | ∆m (test)
Epoch: 0016 | lr=0.0001 | epoch lenth=398 | train time: 188.610 s | method nashmtl | TRAIN: 1.4626 0.1858 0.5055 | 0.6689 0.6689 0.3168 | 0.2184 33.2416 29.4621 0.1647 0.3818 0.5123 || TEST: 1.4530 0.1730 0.5004 | 0.7954 0.7954 0.2828 | 0.2047 31.6839 27.6766 0.1993 0.4144 0.5387 | 27.788
LOSS FORMAT: SEMANTIC_LOSS MEAN_IOU PIX_ACC | DEPTH_LOSS ABS_ERR REL_ERR | NORMAL_LOSS MEAN MED <11.25 <22.5 <30 | ∆m (test)
Epoch: 0017 | lr=0.0001 | epoch lenth=398 | train time: 210.215 s | method nashmtl | TRAIN: 1.4387 0.1776 0.5056 | 0.6589 0.6589 0.3128 | 0.2151 32.8769 29.1294 0.1723 0.3896 0.5185 || TEST: 1.5154 0.1832 0.4827 | 0.7300 0.7300 0.2805 | 0.2135 32.8734 29.3790 0.1678 0.3839 0.5126 | 30.322
LOSS FORMAT: SEMANTIC_LOSS MEAN_IOU PIX_ACC | DEPTH_LOSS ABS_ERR REL_ERR | NORMAL_LOSS MEAN MED <11.25 <22.5 <30 | ∆m (test)
Epoch: 0018 | lr=0.0001 | epoch lenth=398 | train time: 242.885 s | method nashmtl | TRAIN: 1.4424 0.1835 0.4961 | 0.6512 0.6512 0.3134 | 0.2185 33.1557 29.3989 0.1704 0.3864 0.5143 || TEST: 1.4001 0.2099 0.5254 | 0.6614 0.6614 0.2682 | 0.1963 30.9813 26.8967 0.1996 0.4246 0.5532 | 22.292
LOSS FORMAT: SEMANTIC_LOSS MEAN_IOU PIX_ACC | DEPTH_LOSS ABS_ERR REL_ERR | NORMAL_LOSS MEAN MED <11.25 <22.5 <30 | ∆m (test)
Epoch: 0019 | lr=0.0001 | epoch lenth=398 | train time: 187.570 s | method nashmtl | TRAIN: 1.4203 0.2018 0.5201 | 0.6388 0.6388 0.3034 | 0.2123 32.5822 28.6210 0.1749 0.3956 0.5261 || TEST: 1.4116 0.2108 0.5191 | 0.6839 0.6839 0.2921 | 0.1945 31.2072 27.8099 0.1824 0.4070 0.5390 | 25.531
LOSS FORMAT: SEMANTIC_LOSS MEAN_IOU PIX_ACC | DEPTH_LOSS ABS_ERR REL_ERR | NORMAL_LOSS MEAN MED <11.25 <22.5 <30 | ∆m (test)
Epoch: 0020 | lr=0.0001 | epoch lenth=398 | train time: 188.279 s | method nashmtl | TRAIN: 1.4130 0.2058 0.5190 | 0.6310 0.6310 0.2987 | 0.2123 32.6039 28.7683 0.1744 0.3943 0.5242 || TEST: 1.4201 0.2242 0.5246 | 0.6899 0.6899 0.2984 | 0.1946 30.9718 27.0319 0.1905 0.4228 0.5529 | 24.014
LOSS FORMAT: SEMANTIC_LOSS MEAN_IOU PIX_ACC | DEPTH_LOSS ABS_ERR REL_ERR | NORMAL_LOSS MEAN MED <11.25 <22.5 <30 | ∆m (test)
Epoch: 0021 | lr=0.0001 | epoch lenth=398 | train time: 189.175 s | method nashmtl | TRAIN: 1.3747 0.2154 0.5287 | 0.6265 0.6265 0.2985 | 0.2089 32.2806 28.3413 0.1765 0.4008 0.5318 || TEST: 1.3811 0.2126 0.5278 | 0.8014 0.8014 0.2747 | 0.1926 30.6816 26.7486 0.2026 0.4291 0.5550 | 24.285
LOSS FORMAT: SEMANTIC_LOSS MEAN_IOU PIX_ACC | DEPTH_LOSS ABS_ERR REL_ERR | NORMAL_LOSS MEAN MED <11.25 <22.5 <30 | ∆m (test)
Epoch: 0022 | lr=0.0001 | epoch lenth=398 | train time: 188.394 s | method nashmtl | TRAIN: 1.3797 0.2123 0.5298 | 0.6150 0.6150 0.2950 | 0.2070 32.0621 28.0505 0.1812 0.4044 0.5353 || TEST: 1.3308 0.2415 0.5528 | 0.6409 0.6409 0.2598 | 0.1864 30.2095 26.2681 0.1984 0.4341 0.5653 | 19.182
LOSS FORMAT: SEMANTIC_LOSS MEAN_IOU PIX_ACC | DEPTH_LOSS ABS_ERR REL_ERR | NORMAL_LOSS MEAN MED <11.25 <22.5 <30 | ∆m (test)
Epoch: 0023 | lr=0.0001 | epoch lenth=398 | train time: 188.098 s | method nashmtl | TRAIN: 1.3560 0.2283 0.5456 | 0.6018 0.6018 0.2882 | 0.2020 31.5769 27.5379 0.1871 0.4134 0.5448 || TEST: 1.3435 0.2344 0.5429 | 0.6845 0.6845 0.2584 | 0.1904 30.3816 26.2224 0.2075 0.4364 0.5643 | 19.906
LOSS FORMAT: SEMANTIC_LOSS MEAN_IOU PIX_ACC | DEPTH_LOSS ABS_ERR REL_ERR | NORMAL_LOSS MEAN MED <11.25 <22.5 <30 | ∆m (test)
Epoch: 0024 | lr=0.0001 | epoch lenth=398 | train time: 188.524 s | method nashmtl | TRAIN: 1.3476 0.2281 0.5402 | 0.5944 0.5944 0.2863 | 0.2043 31.7487 27.6028 0.1861 0.4138 0.5440 || TEST: 1.3362 0.2381 0.5571 | 0.6662 0.6662 0.2850 | 0.1868 30.2156 26.3905 0.2030 0.4330 0.5627 | 20.599
LOSS FORMAT: SEMANTIC_LOSS MEAN_IOU PIX_ACC | DEPTH_LOSS ABS_ERR REL_ERR | NORMAL_LOSS MEAN MED <11.25 <22.5 <30 | ∆m (test)
Epoch: 0025 | lr=0.0001 | epoch lenth=398 | train time: 189.779 s | method nashmtl | TRAIN: 1.3383 0.2339 0.5522 | 0.5926 0.5926 0.2781 | 0.2002 31.3832 27.2507 0.1890 0.4178 0.5497 || TEST: 1.3208 0.2573 0.5590 | 0.6710 0.6710 0.2900 | 0.1840 29.9434 26.1062 0.2076 0.4386 0.5674 | 19.647
LOSS FORMAT: SEMANTIC_LOSS MEAN_IOU PIX_ACC | DEPTH_LOSS ABS_ERR REL_ERR | NORMAL_LOSS MEAN MED <11.25 <22.5 <30 | ∆m (test)
Epoch: 0026 | lr=0.0001 | epoch lenth=398 | train time: 188.626 s | method nashmtl | TRAIN: 1.3240 0.2469 0.5557 | 0.5981 0.5981 0.2790 | 0.1958 30.9293 26.6939 0.1953 0.4275 0.5595 || TEST: 1.2937 0.2490 0.5654 | 0.6293 0.6293 0.2636 | 0.1837 29.7447 25.5524 0.2136 0.4477 0.5768 | 17.075
LOSS FORMAT: SEMANTIC_LOSS MEAN_IOU PIX_ACC | DEPTH_LOSS ABS_ERR REL_ERR | NORMAL_LOSS MEAN MED <11.25 <22.5 <30 | ∆m (test)
Epoch: 0027 | lr=0.0001 | epoch lenth=398 | train time: 188.905 s | method nashmtl | TRAIN: 1.3178 0.2448 0.5581 | 0.5782 0.5782 0.2772 | 0.1984 31.1624 26.8365 0.1925 0.4241 0.5555 || TEST: 1.3143 0.2650 0.5627 | 0.6272 0.6272 0.2498 | 0.1799 29.4260 25.3094 0.2151 0.4513 0.5817 | 15.591
LOSS FORMAT: SEMANTIC_LOSS MEAN_IOU PIX_ACC | DEPTH_LOSS ABS_ERR REL_ERR | NORMAL_LOSS MEAN MED <11.25 <22.5 <30 | ∆m (test)
Epoch: 0028 | lr=0.0001 | epoch lenth=398 | train time: 189.290 s | method nashmtl | TRAIN: 1.3003 0.2575 0.5614 | 0.5815 0.5815 0.2725 | 0.1936 30.7190 26.4713 0.1967 0.4303 0.5633 || TEST: 1.2979 0.2644 0.5649 | 0.6374 0.6374 0.2772 | 0.1837 29.8126 25.6403 0.2066 0.4462 0.5773 | 17.676
LOSS FORMAT: SEMANTIC_LOSS MEAN_IOU PIX_ACC | DEPTH_LOSS ABS_ERR REL_ERR | NORMAL_LOSS MEAN MED <11.25 <22.5 <30 | ∆m (test)
Epoch: 0029 | lr=0.0001 | epoch lenth=398 | train time: 189.094 s | method nashmtl | TRAIN: 1.2994 0.2578 0.5610 | 0.5744 0.5744 0.2775 | 0.1969 30.9766 26.6911 0.1970 0.4285 0.5583 || TEST: 1.3137 0.2509 0.5619 | 0.6720 0.6720 0.2740 | 0.1808 29.6087 25.4412 0.2063 0.4479 0.5791 | 18.305
LOSS FORMAT: SEMANTIC_LOSS MEAN_IOU PIX_ACC | DEPTH_LOSS ABS_ERR REL_ERR | NORMAL_LOSS MEAN MED <11.25 <22.5 <30 | ∆m (test)
Epoch: 0030 | lr=0.0001 | epoch lenth=398 | train time: 189.314 s | method nashmtl | TRAIN: 1.2829 0.2537 0.5650 | 0.5692 0.5692 0.2694 | 0.1939 30.7168 26.4350 0.1985 0.4318 0.5637 || TEST: 1.2660 0.2653 0.5758 | 0.6234 0.6234 0.2455 | 0.1775 29.1217 24.8717 0.2228 0.4590 0.5878 | 14.199
LOSS FORMAT: SEMANTIC_LOSS MEAN_IOU PIX_ACC | DEPTH_LOSS ABS_ERR REL_ERR | NORMAL_LOSS MEAN MED <11.25 <22.5 <30 | ∆m (test)
Epoch: 0031 | lr=0.0001 | epoch lenth=398 | train time: 189.389 s | method nashmtl | TRAIN: 1.2866 0.2626 0.5700 | 0.5709 0.5709 0.2685 | 0.1925 30.5487 26.2361 0.2020 0.4359 0.5673 || TEST: 1.2862 0.2662 0.5694 | 0.6206 0.6206 0.2684 | 0.1792 29.5343 25.5164 0.2042 0.4472 0.5789 | 16.767
LOSS FORMAT: SEMANTIC_LOSS MEAN_IOU PIX_ACC | DEPTH_LOSS ABS_ERR REL_ERR | NORMAL_LOSS MEAN MED <11.25 <22.5 <30 | ∆m (test)
Epoch: 0032 | lr=0.0001 | epoch lenth=398 | train time: 188.919 s | method nashmtl | TRAIN: 1.2526 0.2695 0.5724 | 0.5553 0.5553 0.2669 | 0.1890 30.2079 25.7881 0.2049 0.4423 0.5747 || TEST: 1.2539 0.2668 0.5836 | 0.6828 0.6828 0.2453 | 0.1759 29.0289 24.8669 0.2212 0.4594 0.5893 | 14.972
LOSS FORMAT: SEMANTIC_LOSS MEAN_IOU PIX_ACC | DEPTH_LOSS ABS_ERR REL_ERR | NORMAL_LOSS MEAN MED <11.25 <22.5 <30 | ∆m (test)
Epoch: 0033 | lr=0.0001 | epoch lenth=398 | train time: 189.584 s | method nashmtl | TRAIN: 1.2328 0.2735 0.5848 | 0.5568 0.5568 0.2655 | 0.1893 30.2007 25.8561 0.2074 0.4437 0.5754 || TEST: 1.3166 0.2574 0.5670 | 0.6530 0.6530 0.2757 | 0.1780 29.2484 24.8454 0.2133 0.4579 0.5890 | 16.666
LOSS FORMAT: SEMANTIC_LOSS MEAN_IOU PIX_ACC | DEPTH_LOSS ABS_ERR REL_ERR | NORMAL_LOSS MEAN MED <11.25 <22.5 <30 | ∆m (test)
Epoch: 0034 | lr=0.0001 | epoch lenth=398 | train time: 220.319 s | method nashmtl | TRAIN: 1.2545 0.2666 0.5732 | 0.5379 0.5379 0.2598 | 0.1939 30.6923 26.4349 0.2007 0.4316 0.5635 || TEST: 1.2945 0.2562 0.5668 | 0.6319 0.6319 0.2654 | 0.1790 29.2926 25.2923 0.2225 0.4533 0.5808 | 16.106
LOSS FORMAT: SEMANTIC_LOSS MEAN_IOU PIX_ACC | DEPTH_LOSS ABS_ERR REL_ERR | NORMAL_LOSS MEAN MED <11.25 <22.5 <30 | ∆m (test)
Epoch: 0035 | lr=0.0001 | epoch lenth=398 | train time: 229.616 s | method nashmtl | TRAIN: 1.2171 0.2698 0.5808 | 0.5347 0.5347 0.2500 | 0.1832 29.5923 25.1168 0.2131 0.4557 0.5884 || TEST: 1.2683 0.2722 0.5827 | 0.6534 0.6534 0.2747 | 0.1724 28.5522 24.0300 0.2279 0.4732 0.6046 | 14.062
LOSS FORMAT: SEMANTIC_LOSS MEAN_IOU PIX_ACC | DEPTH_LOSS ABS_ERR REL_ERR | NORMAL_LOSS MEAN MED <11.25 <22.5 <30 | ∆m (test)
Epoch: 0036 | lr=0.0001 | epoch lenth=398 | train time: 188.724 s | method nashmtl | TRAIN: 1.2159 0.2825 0.5879 | 0.5337 0.5337 0.2572 | 0.1839 29.6461 25.1370 0.2148 0.4555 0.5869 || TEST: 1.2457 0.2886 0.5829 | 0.6359 0.6359 0.2397 | 0.1730 28.8559 24.7849 0.2155 0.4588 0.5926 | 13.399
LOSS FORMAT: SEMANTIC_LOSS MEAN_IOU PIX_ACC | DEPTH_LOSS ABS_ERR REL_ERR | NORMAL_LOSS MEAN MED <11.25 <22.5 <30 | ∆m (test)
Epoch: 0037 | lr=0.0001 | epoch lenth=398 | train time: 188.337 s | method nashmtl | TRAIN: 1.2026 0.2909 0.5891 | 0.5388 0.5388 0.2546 | 0.1853 29.8018 25.2566 0.2106 0.4531 0.5848 || TEST: 1.2667 0.2753 0.5755 | 0.6890 0.6890 0.3031 | 0.1785 29.1445 24.5548 0.2192 0.4642 0.5950 | 17.039
LOSS FORMAT: SEMANTIC_LOSS MEAN_IOU PIX_ACC | DEPTH_LOSS ABS_ERR REL_ERR | NORMAL_LOSS MEAN MED <11.25 <22.5 <30 | ∆m (test)
Epoch: 0038 | lr=0.0001 | epoch lenth=398 | train time: 188.370 s | method nashmtl | TRAIN: 1.2020 0.2900 0.5864 | 0.5322 0.5322 0.2513 | 0.1820 29.4457 24.8532 0.2152 0.4599 0.5929 || TEST: 1.2321 0.2801 0.5936 | 0.6263 0.6263 0.2612 | 0.1689 28.3136 23.9899 0.2271 0.4749 0.6069 | 12.490
LOSS FORMAT: SEMANTIC_LOSS MEAN_IOU PIX_ACC | DEPTH_LOSS ABS_ERR REL_ERR | NORMAL_LOSS MEAN MED <11.25 <22.5 <30 | ∆m (test)
Epoch: 0039 | lr=0.0001 | epoch lenth=398 | train time: 189.575 s | method nashmtl | TRAIN: 1.1795 0.2963 0.5996 | 0.5193 0.5193 0.2477 | 0.1817 29.3926 24.7283 0.2173 0.4622 0.5946 || TEST: 1.2363 0.2852 0.5935 | 0.6486 0.6486 0.2451 | 0.1682 28.2563 23.9551 0.2267 0.4748 0.6081 | 12.016
LOSS FORMAT: SEMANTIC_LOSS MEAN_IOU PIX_ACC | DEPTH_LOSS ABS_ERR REL_ERR | NORMAL_LOSS MEAN MED <11.25 <22.5 <30 | ∆m (test)
Epoch: 0040 | lr=0.0001 | epoch lenth=398 | train time: 188.070 s | method nashmtl | TRAIN: 1.1576 0.3047 0.6042 | 0.5257 0.5257 0.2547 | 0.1808 29.3151 24.6714 0.2164 0.4637 0.5968 || TEST: 1.3171 0.2685 0.5666 | 0.6389 0.6389 0.2756 | 0.1740 28.9797 24.6749 0.2065 0.4599 0.5962 | 15.995
LOSS FORMAT: SEMANTIC_LOSS MEAN_IOU PIX_ACC | DEPTH_LOSS ABS_ERR REL_ERR | NORMAL_LOSS MEAN MED <11.25 <22.5 <30 | ∆m (test)
Epoch: 0041 | lr=0.0001 | epoch lenth=398 | train time: 188.997 s | method nashmtl | TRAIN: 1.1614 0.2983 0.5902 | 0.5320 0.5320 0.2497 | 0.1793 29.1944 24.4821 0.2167 0.4648 0.5990 || TEST: 1.2077 0.2829 0.6004 | 0.6726 0.6726 0.2469 | 0.1689 28.1765 23.5790 0.2335 0.4829 0.6130 | 11.691
LOSS FORMAT: SEMANTIC_LOSS MEAN_IOU PIX_ACC | DEPTH_LOSS ABS_ERR REL_ERR | NORMAL_LOSS MEAN MED <11.25 <22.5 <30 | ∆m (test)
Epoch: 0042 | lr=0.0001 | epoch lenth=398 | train time: 189.078 s | method nashmtl | TRAIN: 1.1415 0.3039 0.6101 | 0.5074 0.5074 0.2485 | 0.1792 29.1078 24.3417 0.2215 0.4692 0.6015 || TEST: 1.2846 0.2835 0.5731 | 0.6366 0.6366 0.2551 | 0.1739 28.7944 24.4015 0.2196 0.4678 0.6001 | 13.648
LOSS FORMAT: SEMANTIC_LOSS MEAN_IOU PIX_ACC | DEPTH_LOSS ABS_ERR REL_ERR | NORMAL_LOSS MEAN MED <11.25 <22.5 <30 | ∆m (test)
Epoch: 0043 | lr=0.0001 | epoch lenth=398 | train time: 189.000 s | method nashmtl | TRAIN: 1.1316 0.3101 0.5998 | 0.5132 0.5132 0.2440 | 0.1765 28.8581 24.1368 0.2240 0.4718 0.6053 || TEST: 1.2406 0.3030 0.5941 | 0.7348 0.7348 0.3280 | 0.1649 27.6855 22.9448 0.2418 0.4941 0.6255 | 14.174
LOSS FORMAT: SEMANTIC_LOSS MEAN_IOU PIX_ACC | DEPTH_LOSS ABS_ERR REL_ERR | NORMAL_LOSS MEAN MED <11.25 <22.5 <30 | ∆m (test)
Epoch: 0044 | lr=0.0001 | epoch lenth=398 | train time: 189.022 s | method nashmtl | TRAIN: 1.1281 0.3200 0.6090 | 0.5043 0.5043 0.2426 | 0.1769 28.9436 24.1953 0.2200 0.4713 0.6046 || TEST: 1.2296 0.3167 0.5936 | 0.5984 0.5984 0.2465 | 0.1717 28.5787 24.0772 0.2212 0.4718 0.6051 | 10.858
LOSS FORMAT: SEMANTIC_LOSS MEAN_IOU PIX_ACC | DEPTH_LOSS ABS_ERR REL_ERR | NORMAL_LOSS MEAN MED <11.25 <22.5 <30 | ∆m (test)
Epoch: 0045 | lr=0.0001 | epoch lenth=398 | train time: 189.829 s | method nashmtl | TRAIN: 1.1066 0.3326 0.6136 | 0.5082 0.5082 0.2400 | 0.1739 28.5918 23.8410 0.2280 0.4788 0.6114 || TEST: 1.1945 0.3162 0.5969 | 0.6239 0.6239 0.2649 | 0.1662 27.9490 23.3052 0.2320 0.4870 0.6197 | 10.312
LOSS FORMAT: SEMANTIC_LOSS MEAN_IOU PIX_ACC | DEPTH_LOSS ABS_ERR REL_ERR | NORMAL_LOSS MEAN MED <11.25 <22.5 <30 | ∆m (test)
Epoch: 0046 | lr=0.0001 | epoch lenth=398 | train time: 190.081 s | method nashmtl | TRAIN: 1.0936 0.3342 0.6173 | 0.5036 0.5036 0.2384 | 0.1736 28.5501 23.7454 0.2282 0.4803 0.6130 || TEST: 1.2274 0.3031 0.5852 | 0.6727 0.6727 0.2436 | 0.1630 27.8202 23.5123 0.2271 0.4830 0.6174 | 11.208
LOSS FORMAT: SEMANTIC_LOSS MEAN_IOU PIX_ACC | DEPTH_LOSS ABS_ERR REL_ERR | NORMAL_LOSS MEAN MED <11.25 <22.5 <30 | ∆m (test)
Epoch: 0047 | lr=0.0001 | epoch lenth=398 | train time: 189.674 s | method nashmtl | TRAIN: 1.0850 0.3316 0.6132 | 0.4964 0.4964 0.2351 | 0.1750 28.6879 23.8657 0.2262 0.4774 0.6102 || TEST: 1.2026 0.3135 0.6056 | 0.6421 0.6421 0.2761 | 0.1657 27.7941 23.1380 0.2406 0.4915 0.6220 | 10.380
LOSS FORMAT: SEMANTIC_LOSS MEAN_IOU PIX_ACC | DEPTH_LOSS ABS_ERR REL_ERR | NORMAL_LOSS MEAN MED <11.25 <22.5 <30 | ∆m (test)
Epoch: 0048 | lr=0.0001 | epoch lenth=398 | train time: 188.537 s | method nashmtl | TRAIN: 1.0712 0.3391 0.6263 | 0.4835 0.4835 0.2322 | 0.1720 28.3913 23.5747 0.2298 0.4832 0.6171 || TEST: 1.2295 0.2949 0.5939 | 0.6128 0.6128 0.2635 | 0.1675 27.9449 23.1628 0.2380 0.4907 0.6211 | 10.343
LOSS FORMAT: SEMANTIC_LOSS MEAN_IOU PIX_ACC | DEPTH_LOSS ABS_ERR REL_ERR | NORMAL_LOSS MEAN MED <11.25 <22.5 <30 | ∆m (test)
Epoch: 0049 | lr=0.0001 | epoch lenth=398 | train time: 190.618 s | method nashmtl | TRAIN: 1.0733 0.3306 0.6182 | 0.4918 0.4918 0.2350 | 0.1763 28.7610 23.9143 0.2269 0.4774 0.6108 || TEST: 1.1919 0.3200 0.6072 | 0.5666 0.5666 0.2344 | 0.1647 27.6763 22.9765 0.2420 0.4944 0.6254 | 6.946
LOSS FORMAT: SEMANTIC_LOSS MEAN_IOU PIX_ACC | DEPTH_LOSS ABS_ERR REL_ERR | NORMAL_LOSS MEAN MED <11.25 <22.5 <30 | ∆m (test)
Epoch: 0050 | lr=0.0001 | epoch lenth=398 | train time: 190.020 s | method nashmtl | TRAIN: 1.0903 0.3397 0.6228 | 0.4824 0.4824 0.2348 | 0.1759 28.8031 24.0511 0.2247 0.4745 0.6073 || TEST: 1.2302 0.2910 0.5875 | 0.6228 0.6228 0.2637 | 0.1678 28.0147 23.3221 0.2364 0.4885 0.6188 | 11.001
LOSS FORMAT: SEMANTIC_LOSS MEAN_IOU PIX_ACC | DEPTH_LOSS ABS_ERR REL_ERR | NORMAL_LOSS MEAN MED <11.25 <22.5 <30 | ∆m (test)
Epoch: 0051 | lr=0.0001 | epoch lenth=398 | train time: 189.465 s | method nashmtl | TRAIN: 1.0522 0.3367 0.6209 | 0.4811 0.4811 0.2258 | 0.1678 27.9221 23.0316 0.2381 0.4938 0.6258 || TEST: 1.1900 0.3276 0.6031 | 0.5830 0.5830 0.2323 | 0.1634 27.6000 22.9119 0.2411 0.4960 0.6265 | 6.897
LOSS FORMAT: SEMANTIC_LOSS MEAN_IOU PIX_ACC | DEPTH_LOSS ABS_ERR REL_ERR | NORMAL_LOSS MEAN MED <11.25 <22.5 <30 | ∆m (test)
Epoch: 0052 | lr=0.0001 | epoch lenth=398 | train time: 209.930 s | method nashmtl | TRAIN: 1.0423 0.3523 0.6304 | 0.4836 0.4836 0.2281 | 0.1685 28.0325 23.2163 0.2357 0.4911 0.6229 || TEST: 1.2537 0.2950 0.5870 | 0.5730 0.5730 0.2319 | 0.1638 27.7442 23.1420 0.2326 0.4903 0.6233 | 8.614
LOSS FORMAT: SEMANTIC_LOSS MEAN_IOU PIX_ACC | DEPTH_LOSS ABS_ERR REL_ERR | NORMAL_LOSS MEAN MED <11.25 <22.5 <30 | ∆m (test)
Epoch: 0053 | lr=0.0001 | epoch lenth=398 | train time: 233.150 s | method nashmtl | TRAIN: 1.0400 0.3375 0.6222 | 0.4671 0.4671 0.2191 | 0.1681 27.9810 23.0946 0.2348 0.4927 0.6258 || TEST: 1.2605 0.2839 0.5925 | 0.5943 0.5943 0.2430 | 0.1638 27.6576 23.0919 0.2407 0.4927 0.6238 | 9.216
LOSS FORMAT: SEMANTIC_LOSS MEAN_IOU PIX_ACC | DEPTH_LOSS ABS_ERR REL_ERR | NORMAL_LOSS MEAN MED <11.25 <22.5 <30 | ∆m (test)
Epoch: 0054 | lr=0.0001 | epoch lenth=398 | train time: 188.288 s | method nashmtl | TRAIN: 1.0293 0.3396 0.6288 | 0.4731 0.4731 0.2232 | 0.1642 27.5533 22.5775 0.2420 0.5032 0.6350 || TEST: 1.2103 0.3101 0.6045 | 0.5708 0.5708 0.2274 | 0.1607 27.2945 22.5103 0.2456 0.5025 0.6336 | 6.210
LOSS FORMAT: SEMANTIC_LOSS MEAN_IOU PIX_ACC | DEPTH_LOSS ABS_ERR REL_ERR | NORMAL_LOSS MEAN MED <11.25 <22.5 <30 | ∆m (test)
Epoch: 0055 | lr=0.0001 | epoch lenth=398 | train time: 189.385 s | method nashmtl | TRAIN: 1.0164 0.3515 0.6358 | 0.4627 0.4627 0.2180 | 0.1639 27.5394 22.6207 0.2412 0.5025 0.6356 || TEST: 1.1473 0.3342 0.6267 | 0.6172 0.6172 0.2560 | 0.1613 27.2517 22.3258 0.2499 0.5068 0.6355 | 6.636
LOSS FORMAT: SEMANTIC_LOSS MEAN_IOU PIX_ACC | DEPTH_LOSS ABS_ERR REL_ERR | NORMAL_LOSS MEAN MED <11.25 <22.5 <30 | ∆m (test)
Epoch: 0056 | lr=0.0001 | epoch lenth=398 | train time: 188.895 s | method nashmtl | TRAIN: 1.0131 0.3652 0.6466 | 0.4598 0.4598 0.2179 | 0.1649 27.5883 22.6312 0.2424 0.5029 0.6348 || TEST: 1.2161 0.3293 0.6126 | 0.6069 0.6069 0.2647 | 0.1635 27.5384 22.6311 0.2404 0.5006 0.6329 | 8.015
LOSS FORMAT: SEMANTIC_LOSS MEAN_IOU PIX_ACC | DEPTH_LOSS ABS_ERR REL_ERR | NORMAL_LOSS MEAN MED <11.25 <22.5 <30 | ∆m (test)
Epoch: 0057 | lr=0.0001 | epoch lenth=398 | train time: 189.347 s | method nashmtl | TRAIN: 0.9906 0.3679 0.6440 | 0.4492 0.4492 0.2136 | 0.1621 27.2690 22.2247 0.2495 0.5096 0.6405 || TEST: 1.1704 0.3353 0.6161 | 0.6764 0.6764 0.3061 | 0.1591 27.2790 22.7030 0.2390 0.4989 0.6322 | 10.601
LOSS FORMAT: SEMANTIC_LOSS MEAN_IOU PIX_ACC | DEPTH_LOSS ABS_ERR REL_ERR | NORMAL_LOSS MEAN MED <11.25 <22.5 <30 | ∆m (test)
Epoch: 0058 | lr=0.0001 | epoch lenth=398 | train time: 189.590 s | method nashmtl | TRAIN: 1.0082 0.3633 0.6430 | 0.4605 0.4605 0.2221 | 0.1629 27.4172 22.4677 0.2433 0.5064 0.6386 || TEST: 1.2624 0.2998 0.5806 | 0.5930 0.5930 0.2294 | 0.1606 27.2956 22.5165 0.2441 0.5036 0.6346 | 7.395
LOSS FORMAT: SEMANTIC_LOSS MEAN_IOU PIX_ACC | DEPTH_LOSS ABS_ERR REL_ERR | NORMAL_LOSS MEAN MED <11.25 <22.5 <30 | ∆m (test)
Epoch: 0059 | lr=0.0001 | epoch lenth=398 | train time: 190.062 s | method nashmtl | TRAIN: 0.9800 0.3548 0.6306 | 0.4440 0.4440 0.2114 | 0.1625 27.3300 22.2749 0.2466 0.5080 0.6411 || TEST: 1.1811 0.3147 0.6091 | 0.5691 0.5691 0.2281 | 0.1625 27.6956 23.1363 0.2291 0.4897 0.6239 | 7.548
LOSS FORMAT: SEMANTIC_LOSS MEAN_IOU PIX_ACC | DEPTH_LOSS ABS_ERR REL_ERR | NORMAL_LOSS MEAN MED <11.25 <22.5 <30 | ∆m (test)
Epoch: 0060 | lr=0.0001 | epoch lenth=398 | train time: 192.930 s | method nashmtl | TRAIN: 0.9566 0.3690 0.6470 | 0.4516 0.4516 0.2167 | 0.1605 27.1298 22.1364 0.2486 0.5131 0.6459 || TEST: 1.1659 0.3299 0.6213 | 0.5903 0.5903 0.2555 | 0.1578 27.0205 22.2569 0.2481 0.5083 0.6381 | 6.240
LOSS FORMAT: SEMANTIC_LOSS MEAN_IOU PIX_ACC | DEPTH_LOSS ABS_ERR REL_ERR | NORMAL_LOSS MEAN MED <11.25 <22.5 <30 | ∆m (test)
Epoch: 0061 | lr=0.0001 | epoch lenth=398 | train time: 189.248 s | method nashmtl | TRAIN: 0.9479 0.3772 0.6557 | 0.4430 0.4430 0.2145 | 0.1606 27.1104 22.0112 0.2507 0.5148 0.6454 || TEST: 1.1980 0.3096 0.6067 | 0.5645 0.5645 0.2399 | 0.1582 27.1254 22.4705 0.2443 0.5038 0.6346 | 6.490
LOSS FORMAT: SEMANTIC_LOSS MEAN_IOU PIX_ACC | DEPTH_LOSS ABS_ERR REL_ERR | NORMAL_LOSS MEAN MED <11.25 <22.5 <30 | ∆m (test)
Epoch: 0062 | lr=0.0001 | epoch lenth=398 | train time: 189.010 s | method nashmtl | TRAIN: 0.9484 0.3640 0.6497 | 0.4488 0.4488 0.2158 | 0.1592 26.9669 21.9433 0.2535 0.5163 0.6477 || TEST: 1.3180 0.2795 0.5882 | 0.6015 0.6015 0.2619 | 0.1591 27.1435 22.3866 0.2454 0.5068 0.6380 | 8.981
LOSS FORMAT: SEMANTIC_LOSS MEAN_IOU PIX_ACC | DEPTH_LOSS ABS_ERR REL_ERR | NORMAL_LOSS MEAN MED <11.25 <22.5 <30 | ∆m (test)
Epoch: 0063 | lr=0.0001 | epoch lenth=398 | train time: 189.300 s | method nashmtl | TRAIN: 0.9406 0.3582 0.6413 | 0.4420 0.4420 0.2112 | 0.1574 26.7893 21.7006 0.2542 0.5209 0.6528 || TEST: 1.2086 0.3313 0.6094 | 0.6501 0.6501 0.2638 | 0.1607 27.5036 23.0875 0.2344 0.4914 0.6250 | 9.461
LOSS FORMAT: SEMANTIC_LOSS MEAN_IOU PIX_ACC | DEPTH_LOSS ABS_ERR REL_ERR | NORMAL_LOSS MEAN MED <11.25 <22.5 <30 | ∆m (test)
Epoch: 0064 | lr=0.0001 | epoch lenth=398 | train time: 190.681 s | method nashmtl | TRAIN: 0.9312 0.3822 0.6526 | 0.4368 0.4368 0.2084 | 0.1578 26.8244 21.7868 0.2539 0.5208 0.6519 || TEST: 1.1874 0.3194 0.6183 | 0.5622 0.5622 0.2278 | 0.1557 26.5836 21.4389 0.2624 0.5252 0.6522 | 3.284
LOSS FORMAT: SEMANTIC_LOSS MEAN_IOU PIX_ACC | DEPTH_LOSS ABS_ERR REL_ERR | NORMAL_LOSS MEAN MED <11.25 <22.5 <30 | ∆m (test)
Epoch: 0065 | lr=0.0001 | epoch lenth=398 | train time: 189.800 s | method nashmtl | TRAIN: 0.9288 0.3747 0.6571 | 0.4355 0.4355 0.2104 | 0.1552 26.5281 21.3841 0.2589 0.5276 0.6591 || TEST: 1.1529 0.3481 0.6272 | 0.5856 0.5856 0.2284 | 0.1563 26.7282 21.7168 0.2573 0.5188 0.6475 | 3.316
LOSS FORMAT: SEMANTIC_LOSS MEAN_IOU PIX_ACC | DEPTH_LOSS ABS_ERR REL_ERR | NORMAL_LOSS MEAN MED <11.25 <22.5 <30 | ∆m (test)
Epoch: 0066 | lr=0.0001 | epoch lenth=398 | train time: 193.452 s | method nashmtl | TRAIN: 0.9352 0.3892 0.6593 | 0.4489 0.4489 0.2161 | 0.1573 26.7599 21.6835 0.2556 0.5217 0.6539 || TEST: 1.3182 0.3027 0.5856 | 0.6602 0.6602 0.3019 | 0.1687 28.1275 23.3574 0.2332 0.4878 0.6175 | 13.064
LOSS FORMAT: SEMANTIC_LOSS MEAN_IOU PIX_ACC | DEPTH_LOSS ABS_ERR REL_ERR | NORMAL_LOSS MEAN MED <11.25 <22.5 <30 | ∆m (test)
Epoch: 0067 | lr=0.0001 | epoch lenth=398 | train time: 189.208 s | method nashmtl | TRAIN: 0.9302 0.3645 0.6427 | 0.4326 0.4326 0.2068 | 0.1617 27.2071 22.1877 0.2504 0.5129 0.6436 || TEST: 1.1551 0.3369 0.6213 | 0.6203 0.6203 0.2269 | 0.1618 27.6156 23.0833 0.2312 0.4906 0.6248 | 7.312
LOSS FORMAT: SEMANTIC_LOSS MEAN_IOU PIX_ACC | DEPTH_LOSS ABS_ERR REL_ERR | NORMAL_LOSS MEAN MED <11.25 <22.5 <30 | ∆m (test)
Epoch: 0068 | lr=0.0001 | epoch lenth=398 | train time: 188.107 s | method nashmtl | TRAIN: 0.9039 0.3927 0.6634 | 0.4164 0.4164 0.1972 | 0.1559 26.6173 21.4856 0.2578 0.5252 0.6562 || TEST: 1.1629 0.3478 0.6284 | 0.5801 0.5801 0.2267 | 0.1529 26.5095 21.7729 0.2558 0.5183 0.6486 | 3.127
LOSS FORMAT: SEMANTIC_LOSS MEAN_IOU PIX_ACC | DEPTH_LOSS ABS_ERR REL_ERR | NORMAL_LOSS MEAN MED <11.25 <22.5 <30 | ∆m (test)
Epoch: 0069 | lr=0.0001 | epoch lenth=398 | train time: 190.004 s | method nashmtl | TRAIN: 0.8999 0.3987 0.6679 | 0.4284 0.4284 0.2042 | 0.1532 26.3124 21.1653 0.2635 0.5316 0.6620 || TEST: 1.2019 0.3395 0.6226 | 0.5730 0.5730 0.2373 | 0.1587 27.0608 22.1999 0.2492 0.5098 0.6396 | 4.818
LOSS FORMAT: SEMANTIC_LOSS MEAN_IOU PIX_ACC | DEPTH_LOSS ABS_ERR REL_ERR | NORMAL_LOSS MEAN MED <11.25 <22.5 <30 | ∆m (test)
Epoch: 0070 | lr=0.0001 | epoch lenth=398 | train time: 190.015 s | method nashmtl | TRAIN: 0.9004 0.3937 0.6649 | 0.4137 0.4137 0.2007 | 0.1566 26.6803 21.5729 0.2579 0.5234 0.6540 || TEST: 1.2458 0.3314 0.6016 | 0.5966 0.5966 0.2460 | 0.1573 26.9062 22.0305 0.2488 0.5135 0.6468 | 5.818
LOSS FORMAT: SEMANTIC_LOSS MEAN_IOU PIX_ACC | DEPTH_LOSS ABS_ERR REL_ERR | NORMAL_LOSS MEAN MED <11.25 <22.5 <30 | ∆m (test)
Epoch: 0071 | lr=0.0001 | epoch lenth=398 | train time: 200.975 s | method nashmtl | TRAIN: 0.9192 0.3870 0.6530 | 0.4213 0.4213 0.2001 | 0.1594 26.8958 21.6478 0.2561 0.5235 0.6533 || TEST: 1.2344 0.3401 0.6183 | 0.5716 0.5716 0.2260 | 0.1547 26.5334 21.5720 0.2610 0.5222 0.6522 | 2.925
LOSS FORMAT: SEMANTIC_LOSS MEAN_IOU PIX_ACC | DEPTH_LOSS ABS_ERR REL_ERR | NORMAL_LOSS MEAN MED <11.25 <22.5 <30 | ∆m (test)
Epoch: 0072 | lr=0.0001 | epoch lenth=398 | train time: 242.775 s | method nashmtl | TRAIN: 0.8759 0.3994 0.6687 | 0.4288 0.4288 0.2026 | 0.1526 26.3073 21.2318 0.2594 0.5308 0.6637 || TEST: 1.1465 0.3460 0.6410 | 0.6176 0.6176 0.2688 | 0.1542 26.4903 21.4360 0.2597 0.5246 0.6546 | 4.694
LOSS FORMAT: SEMANTIC_LOSS MEAN_IOU PIX_ACC | DEPTH_LOSS ABS_ERR REL_ERR | NORMAL_LOSS MEAN MED <11.25 <22.5 <30 | ∆m (test)
Epoch: 0073 | lr=0.0001 | epoch lenth=398 | train time: 189.516 s | method nashmtl | TRAIN: 0.8520 0.4102 0.6813 | 0.4160 0.4160 0.1969 | 0.1524 26.1580 20.9457 0.2670 0.5382 0.6676 || TEST: 1.1906 0.2929 0.6110 | 0.5709 0.5709 0.2332 | 0.1578 26.8682 21.8884 0.2571 0.5156 0.6445 | 5.427
LOSS FORMAT: SEMANTIC_LOSS MEAN_IOU PIX_ACC | DEPTH_LOSS ABS_ERR REL_ERR | NORMAL_LOSS MEAN MED <11.25 <22.5 <30 | ∆m (test)
Epoch: 0074 | lr=0.0001 | epoch lenth=398 | train time: 188.713 s | method nashmtl | TRAIN: 0.8659 0.3878 0.6664 | 0.4092 0.4092 0.1954 | 0.1524 26.1949 21.0867 0.2644 0.5359 0.6670 || TEST: 1.1698 0.3360 0.6317 | 0.5514 0.5514 0.2273 | 0.1535 26.4461 21.4254 0.2605 0.5252 0.6546 | 2.326
LOSS FORMAT: SEMANTIC_LOSS MEAN_IOU PIX_ACC | DEPTH_LOSS ABS_ERR REL_ERR | NORMAL_LOSS MEAN MED <11.25 <22.5 <30 | ∆m (test)
Epoch: 0075 | lr=0.0001 | epoch lenth=398 | train time: 189.728 s | method nashmtl | TRAIN: 0.8528 0.4016 0.6787 | 0.4173 0.4173 0.2022 | 0.1524 26.1920 20.9472 0.2640 0.5380 0.6684 || TEST: 1.2377 0.3345 0.6156 | 0.5819 0.5819 0.2469 | 0.1649 27.7199 22.8597 0.2358 0.4964 0.6298 | 7.202
LOSS FORMAT: SEMANTIC_LOSS MEAN_IOU PIX_ACC | DEPTH_LOSS ABS_ERR REL_ERR | NORMAL_LOSS MEAN MED <11.25 <22.5 <30 | ∆m (test)
Epoch: 0076 | lr=0.0001 | epoch lenth=398 | train time: 190.482 s | method nashmtl | TRAIN: 0.8410 0.4033 0.6740 | 0.4229 0.4229 0.2018 | 0.1516 26.0971 20.8035 0.2667 0.5405 0.6698 || TEST: 1.1734 0.3287 0.6338 | 0.5959 0.5959 0.2440 | 0.1549 26.4220 21.2234 0.2688 0.5297 0.6560 | 3.356
LOSS FORMAT: SEMANTIC_LOSS MEAN_IOU PIX_ACC | DEPTH_LOSS ABS_ERR REL_ERR | NORMAL_LOSS MEAN MED <11.25 <22.5 <30 | ∆m (test)
Epoch: 0077 | lr=0.0001 | epoch lenth=398 | train time: 188.711 s | method nashmtl | TRAIN: 0.8261 0.4079 0.6846 | 0.3970 0.3970 0.1924 | 0.1542 26.3552 21.1344 0.2631 0.5348 0.6649 || TEST: 1.2414 0.3184 0.6165 | 0.5801 0.5801 0.2467 | 0.1555 26.7020 21.8374 0.2554 0.5179 0.6475 | 5.146
LOSS FORMAT: SEMANTIC_LOSS MEAN_IOU PIX_ACC | DEPTH_LOSS ABS_ERR REL_ERR | NORMAL_LOSS MEAN MED <11.25 <22.5 <30 | ∆m (test)
Epoch: 0078 | lr=0.0001 | epoch lenth=398 | train time: 188.958 s | method nashmtl | TRAIN: 0.8225 0.4047 0.6776 | 0.4121 0.4121 0.1943 | 0.1505 26.0016 20.8402 0.2680 0.5403 0.6703 || TEST: 1.2041 0.3326 0.6203 | 0.5728 0.5728 0.2218 | 0.1544 26.6070 21.6834 0.2554 0.5198 0.6502 | 3.341
LOSS FORMAT: SEMANTIC_LOSS MEAN_IOU PIX_ACC | DEPTH_LOSS ABS_ERR REL_ERR | NORMAL_LOSS MEAN MED <11.25 <22.5 <30 | ∆m (test)
Epoch: 0079 | lr=0.0001 | epoch lenth=398 | train time: 189.526 s | method nashmtl | TRAIN: 0.8018 0.4143 0.6820 | 0.4054 0.4054 0.1928 | 0.1477 25.7484 20.5989 0.2692 0.5455 0.6764 || TEST: 1.1643 0.3639 0.6368 | 0.5455 0.5455 0.2159 | 0.1529 26.2653 21.1042 0.2666 0.5327 0.6606 | 0.145
LOSS FORMAT: SEMANTIC_LOSS MEAN_IOU PIX_ACC | DEPTH_LOSS ABS_ERR REL_ERR | NORMAL_LOSS MEAN MED <11.25 <22.5 <30 | ∆m (test)
Epoch: 0080 | lr=0.0001 | epoch lenth=398 | train time: 191.224 s | method nashmtl | TRAIN: 0.8342 0.4208 0.6843 | 0.4088 0.4088 0.1948 | 0.1468 25.5842 20.3195 0.2750 0.5509 0.6800 || TEST: 1.1910 0.3496 0.6167 | 0.5750 0.5750 0.2295 | 0.1521 26.3396 21.4737 0.2629 0.5251 0.6537 | 2.583
LOSS FORMAT: SEMANTIC_LOSS MEAN_IOU PIX_ACC | DEPTH_LOSS ABS_ERR REL_ERR | NORMAL_LOSS MEAN MED <11.25 <22.5 <30 | ∆m (test)
Epoch: 0081 | lr=0.0001 | epoch lenth=398 | train time: 190.555 s | method nashmtl | TRAIN: 0.7825 0.4251 0.6838 | 0.3989 0.3989 0.1910 | 0.1458 25.4865 20.2439 0.2759 0.5539 0.6823 || TEST: 1.1967 0.3433 0.6319 | 0.5564 0.5564 0.2278 | 0.1533 26.2713 21.0447 0.2693 0.5336 0.6603 | 1.336
LOSS FORMAT: SEMANTIC_LOSS MEAN_IOU PIX_ACC | DEPTH_LOSS ABS_ERR REL_ERR | NORMAL_LOSS MEAN MED <11.25 <22.5 <30 | ∆m (test)
Epoch: 0082 | lr=0.0001 | epoch lenth=398 | train time: 191.074 s | method nashmtl | TRAIN: 0.7814 0.4237 0.6903 | 0.3963 0.3963 0.1893 | 0.1449 25.3906 20.1154 0.2758 0.5559 0.6854 || TEST: 1.2090 0.3251 0.6182 | 0.5596 0.5596 0.2407 | 0.1524 26.4908 21.6740 0.2522 0.5195 0.6512 | 4.183
LOSS FORMAT: SEMANTIC_LOSS MEAN_IOU PIX_ACC | DEPTH_LOSS ABS_ERR REL_ERR | NORMAL_LOSS MEAN MED <11.25 <22.5 <30 | ∆m (test)
Epoch: 0083 | lr=0.0001 | epoch lenth=398 | train time: 193.570 s | method nashmtl | TRAIN: 0.7887 0.4193 0.6834 | 0.3964 0.3964 0.1874 | 0.1497 25.8975 20.6703 0.2712 0.5436 0.6723 || TEST: 1.2384 0.3146 0.6175 | 0.5590 0.5590 0.2281 | 0.1510 26.1137 21.0336 0.2694 0.5333 0.6607 | 2.398
LOSS FORMAT: SEMANTIC_LOSS MEAN_IOU PIX_ACC | DEPTH_LOSS ABS_ERR REL_ERR | NORMAL_LOSS MEAN MED <11.25 <22.5 <30 | ∆m (test)
Epoch: 0084 | lr=0.0001 | epoch lenth=398 | train time: 191.261 s | method nashmtl | TRAIN: 0.7681 0.4201 0.6879 | 0.3986 0.3986 0.1922 | 0.1456 25.4833 20.2912 0.2766 0.5514 0.6810 || TEST: 1.2309 0.3147 0.6176 | 0.6104 0.6104 0.2334 | 0.1518 26.2559 21.2488 0.2655 0.5287 0.6563 | 3.939
LOSS FORMAT: SEMANTIC_LOSS MEAN_IOU PIX_ACC | DEPTH_LOSS ABS_ERR REL_ERR | NORMAL_LOSS MEAN MED <11.25 <22.5 <30 | ∆m (test)
Epoch: 0085 | lr=0.0001 | epoch lenth=398 | train time: 191.147 s | method nashmtl | TRAIN: 0.7646 0.4174 0.6871 | 0.3895 0.3895 0.1835 | 0.1448 25.3588 20.0672 0.2785 0.5566 0.6853 || TEST: 1.2079 0.3735 0.6405 | 0.5724 0.5724 0.2298 | 0.1502 26.1623 21.2939 0.2616 0.5292 0.6595 | 1.134
LOSS FORMAT: SEMANTIC_LOSS MEAN_IOU PIX_ACC | DEPTH_LOSS ABS_ERR REL_ERR | NORMAL_LOSS MEAN MED <11.25 <22.5 <30 | ∆m (test)
Epoch: 0086 | lr=0.0001 | epoch lenth=398 | train time: 190.828 s | method nashmtl | TRAIN: 0.7848 0.4386 0.6940 | 0.3951 0.3951 0.1899 | 0.1478 25.6655 20.3084 0.2738 0.5506 0.6795 || TEST: 1.2391 0.3435 0.6220 | 0.5538 0.5538 0.2267 | 0.1489 25.9745 20.9904 0.2649 0.5356 0.6656 | 1.298
LOSS FORMAT: SEMANTIC_LOSS MEAN_IOU PIX_ACC | DEPTH_LOSS ABS_ERR REL_ERR | NORMAL_LOSS MEAN MED <11.25 <22.5 <30 | ∆m (test)
Epoch: 0087 | lr=0.0001 | epoch lenth=398 | train time: 191.128 s | method nashmtl | TRAIN: 0.7831 0.4244 0.6866 | 0.3879 0.3879 0.1842 | 0.1492 25.8551 20.7418 0.2693 0.5445 0.6746 || TEST: 1.2157 0.3465 0.6394 | 0.5810 0.5810 0.2183 | 0.1504 26.0414 20.9528 0.2695 0.5356 0.6634 | 0.890
LOSS FORMAT: SEMANTIC_LOSS MEAN_IOU PIX_ACC | DEPTH_LOSS ABS_ERR REL_ERR | NORMAL_LOSS MEAN MED <11.25 <22.5 <30 | ∆m (test)
Epoch: 0088 | lr=0.0001 | epoch lenth=398 | train time: 194.357 s | method nashmtl | TRAIN: 0.7621 0.4334 0.6988 | 0.3790 0.3790 0.1775 | 0.1446 25.3715 20.0908 0.2765 0.5565 0.6848 || TEST: 1.2527 0.3283 0.6120 | 0.5663 0.5663 0.2355 | 0.1504 26.1220 21.0736 0.2643 0.5330 0.6621 | 2.709
LOSS FORMAT: SEMANTIC_LOSS MEAN_IOU PIX_ACC | DEPTH_LOSS ABS_ERR REL_ERR | NORMAL_LOSS MEAN MED <11.25 <22.5 <30 | ∆m (test)
Epoch: 0089 | lr=0.0001 | epoch lenth=398 | train time: 190.606 s | method nashmtl | TRAIN: 0.7372 0.4316 0.6908 | 0.3760 0.3760 0.1814 | 0.1418 25.0471 19.7207 0.2823 0.5637 0.6926 || TEST: 1.2010 0.3559 0.6317 | 0.5903 0.5903 0.2513 | 0.1531 26.3793 21.3415 0.2616 0.5273 0.6570 | 3.152
LOSS FORMAT: SEMANTIC_LOSS MEAN_IOU PIX_ACC | DEPTH_LOSS ABS_ERR REL_ERR | NORMAL_LOSS MEAN MED <11.25 <22.5 <30 | ∆m (test)
Epoch: 0090 | lr=0.0001 | epoch lenth=398 | train time: 204.253 s | method nashmtl | TRAIN: 0.7386 0.4433 0.6995 | 0.3763 0.3763 0.1783 | 0.1426 25.1230 19.8593 0.2816 0.5624 0.6906 || TEST: 1.1913 0.3326 0.6251 | 0.5991 0.5991 0.2265 | 0.1516 26.4284 21.6866 0.2533 0.5206 0.6531 | 3.815
LOSS FORMAT: SEMANTIC_LOSS MEAN_IOU PIX_ACC | DEPTH_LOSS ABS_ERR REL_ERR | NORMAL_LOSS MEAN MED <11.25 <22.5 <30 | ∆m (test)
Epoch: 0091 | lr=0.0001 | epoch lenth=398 | train time: 243.270 s | method nashmtl | TRAIN: 0.7307 0.4351 0.6987 | 0.3706 0.3706 0.1795 | 0.1415 24.9524 19.5965 0.2866 0.5679 0.6952 || TEST: 1.1849 0.3506 0.6445 | 0.5556 0.5556 0.2327 | 0.1506 26.1905 21.1787 0.2611 0.5299 0.6593 | 1.521
LOSS FORMAT: SEMANTIC_LOSS MEAN_IOU PIX_ACC | DEPTH_LOSS ABS_ERR REL_ERR | NORMAL_LOSS MEAN MED <11.25 <22.5 <30 | ∆m (test)
Epoch: 0092 | lr=0.0001 | epoch lenth=398 | train time: 190.711 s | method nashmtl | TRAIN: 0.7531 0.4416 0.7041 | 0.3819 0.3819 0.1826 | 0.1411 24.9671 19.7143 0.2845 0.5657 0.6942 || TEST: 1.3033 0.3386 0.6179 | 0.5635 0.5635 0.2368 | 0.1521 26.3255 21.3047 0.2576 0.5296 0.6601 | 2.884
LOSS FORMAT: SEMANTIC_LOSS MEAN_IOU PIX_ACC | DEPTH_LOSS ABS_ERR REL_ERR | NORMAL_LOSS MEAN MED <11.25 <22.5 <30 | ∆m (test)
Epoch: 0093 | lr=0.0001 | epoch lenth=398 | train time: 193.121 s | method nashmtl | TRAIN: 0.7292 0.4348 0.6957 | 0.3726 0.3726 0.1810 | 0.1413 24.9702 19.6421 0.2837 0.5665 0.6947 || TEST: 1.2621 0.3256 0.6226 | 0.5651 0.5651 0.2244 | 0.1496 25.9492 20.6906 0.2690 0.5412 0.6676 | 1.418
LOSS FORMAT: SEMANTIC_LOSS MEAN_IOU PIX_ACC | DEPTH_LOSS ABS_ERR REL_ERR | NORMAL_LOSS MEAN MED <11.25 <22.5 <30 | ∆m (test)
Epoch: 0094 | lr=0.0001 | epoch lenth=398 | train time: 190.235 s | method nashmtl | TRAIN: 0.7244 0.4349 0.6979 | 0.3692 0.3692 0.1787 | 0.1405 24.9012 19.6220 0.2858 0.5671 0.6945 || TEST: 1.1994 0.3600 0.6315 | 0.5535 0.5535 0.2299 | 0.1513 26.4119 21.5468 0.2502 0.5219 0.6542 | 2.279
LOSS FORMAT: SEMANTIC_LOSS MEAN_IOU PIX_ACC | DEPTH_LOSS ABS_ERR REL_ERR | NORMAL_LOSS MEAN MED <11.25 <22.5 <30 | ∆m (test)
Epoch: 0095 | lr=0.0001 | epoch lenth=398 | train time: 191.253 s | method nashmtl | TRAIN: 0.7151 0.4542 0.7045 | 0.3629 0.3629 0.1767 | 0.1397 24.7307 19.3264 0.2916 0.5742 0.6996 || TEST: 1.1950 0.3436 0.6270 | 0.5897 0.5897 0.2272 | 0.1511 26.3529 21.4547 0.2528 0.5257 0.6566 | 3.032
LOSS FORMAT: SEMANTIC_LOSS MEAN_IOU PIX_ACC | DEPTH_LOSS ABS_ERR REL_ERR | NORMAL_LOSS MEAN MED <11.25 <22.5 <30 | ∆m (test)
Epoch: 0096 | lr=0.0001 | epoch lenth=398 | train time: 191.171 s | method nashmtl | TRAIN: 0.7011 0.4438 0.7043 | 0.3766 0.3766 0.1775 | 0.1418 25.0068 19.6993 0.2868 0.5660 0.6917 || TEST: 1.2206 0.3652 0.6451 | 0.5526 0.5526 0.2294 | 0.1518 26.2860 21.4320 0.2653 0.5253 0.6537 | 1.124
LOSS FORMAT: SEMANTIC_LOSS MEAN_IOU PIX_ACC | DEPTH_LOSS ABS_ERR REL_ERR | NORMAL_LOSS MEAN MED <11.25 <22.5 <30 | ∆m (test)
Epoch: 0097 | lr=0.0001 | epoch lenth=398 | train time: 191.827 s | method nashmtl | TRAIN: 0.6926 0.4618 0.7135 | 0.3681 0.3681 0.1742 | 0.1404 24.8958 19.6719 0.2843 0.5674 0.6960 || TEST: 1.2001 0.3618 0.6367 | 0.5580 0.5580 0.2302 | 0.1486 25.7440 20.4573 0.2781 0.5467 0.6718 | -0.499
LOSS FORMAT: SEMANTIC_LOSS MEAN_IOU PIX_ACC | DEPTH_LOSS ABS_ERR REL_ERR | NORMAL_LOSS MEAN MED <11.25 <22.5 <30 | ∆m (test)
Epoch: 0098 | lr=0.0001 | epoch lenth=398 | train time: 191.190 s | method nashmtl | TRAIN: 0.7145 0.4534 0.7071 | 0.3634 0.3634 0.1767 | 0.1407 24.8949 19.6156 0.2857 0.5689 0.6968 || TEST: 1.1791 0.3510 0.6427 | 0.5432 0.5432 0.2169 | 0.1486 25.8091 20.6931 0.2766 0.5411 0.6673 | -0.657
LOSS FORMAT: SEMANTIC_LOSS MEAN_IOU PIX_ACC | DEPTH_LOSS ABS_ERR REL_ERR | NORMAL_LOSS MEAN MED <11.25 <22.5 <30 | ∆m (test)
Epoch: 0099 | lr=0.0001 | epoch lenth=398 | train time: 190.825 s | method nashmtl | TRAIN: 0.6782 0.4539 0.7152 | 0.3692 0.3692 0.1760 | 0.1353 24.3008 18.9245 0.2967 0.5823 0.7082 || TEST: 1.2822 0.3644 0.6352 | 0.5507 0.5507 0.2235 | 0.1517 26.1781 21.0918 0.2659 0.5343 0.6624 | 0.468
LOSS FORMAT: SEMANTIC_LOSS MEAN_IOU PIX_ACC | DEPTH_LOSS ABS_ERR REL_ERR | NORMAL_LOSS MEAN MED <11.25 <22.5 <30 | ∆m (test)
Epoch: 0100 | lr=0.0001 | epoch lenth=398 | train time: 191.371 s | method nashmtl | TRAIN: 0.6157 0.4773 0.7236 | 0.3308 0.3308 0.1584 | 0.1322 23.9359 18.5718 0.3037 0.5917 0.7166 || TEST: 1.1685 0.3747 0.6451 | 0.5465 0.5465 0.2145 | 0.1451 25.6785 20.8426 0.2663 0.5390 0.6696 | -1.024
LOSS FORMAT: SEMANTIC_LOSS MEAN_IOU PIX_ACC | DEPTH_LOSS ABS_ERR REL_ERR | NORMAL_LOSS MEAN MED <11.25 <22.5 <30 | ∆m (test)
Epoch: 0101 | lr=0.0001 | epoch lenth=398 | train time: 192.243 s | method nashmtl | TRAIN: 0.6000 0.4919 0.7315 | 0.3298 0.3298 0.1612 | 0.1309 23.7867 18.4386 0.3063 0.5960 0.7197 || TEST: 1.1975 0.3837 0.6598 | 0.5354 0.5354 0.2261 | 0.1429 25.1533 19.9075 0.2867 0.5580 0.6830 | -3.366
LOSS FORMAT: SEMANTIC_LOSS MEAN_IOU PIX_ACC | DEPTH_LOSS ABS_ERR REL_ERR | NORMAL_LOSS MEAN MED <11.25 <22.5 <30 | ∆m (test)
Epoch: 0102 | lr=0.0001 | epoch lenth=398 | train time: 192.142 s | method nashmtl | TRAIN: 0.5722 0.4989 0.7415 | 0.3232 0.3232 0.1546 | 0.1269 23.3024 17.9243 0.3175 0.6073 0.7296 || TEST: 1.2389 0.3719 0.6510 | 0.5375 0.5375 0.2125 | 0.1433 25.2352 20.0283 0.2830 0.5563 0.6819 | -3.090
LOSS FORMAT: SEMANTIC_LOSS MEAN_IOU PIX_ACC | DEPTH_LOSS ABS_ERR REL_ERR | NORMAL_LOSS MEAN MED <11.25 <22.5 <30 | ∆m (test)
Epoch: 0103 | lr=0.0001 | epoch lenth=398 | train time: 191.718 s | method nashmtl | TRAIN: 0.5712 0.4925 0.7392 | 0.3183 0.3183 0.1527 | 0.1277 23.3152 17.8054 0.3202 0.6094 0.7297 || TEST: 1.2035 0.3885 0.6521 | 0.5330 0.5330 0.2144 | 0.1449 25.2835 19.8438 0.2868 0.5589 0.6831 | -3.883
LOSS FORMAT: SEMANTIC_LOSS MEAN_IOU PIX_ACC | DEPTH_LOSS ABS_ERR REL_ERR | NORMAL_LOSS MEAN MED <11.25 <22.5 <30 | ∆m (test)
Epoch: 0104 | lr=0.0001 | epoch lenth=398 | train time: 190.259 s | method nashmtl | TRAIN: 0.5710 0.5016 0.7397 | 0.3188 0.3188 0.1515 | 0.1277 23.3332 17.8996 0.3197 0.6070 0.7291 || TEST: 1.1081 0.3962 0.6652 | 0.5751 0.5751 0.2231 | 0.1456 25.6080 20.6062 0.2746 0.5424 0.6703 | -1.731
LOSS FORMAT: SEMANTIC_LOSS MEAN_IOU PIX_ACC | DEPTH_LOSS ABS_ERR REL_ERR | NORMAL_LOSS MEAN MED <11.25 <22.5 <30 | ∆m (test)
Epoch: 0105 | lr=0.0001 | epoch lenth=398 | train time: 191.171 s | method nashmtl | TRAIN: 0.5663 0.5099 0.7464 | 0.3168 0.3168 0.1515 | 0.1252 23.1058 17.6799 0.3203 0.6132 0.7342 || TEST: 1.1909 0.3805 0.6550 | 0.5480 0.5480 0.2206 | 0.1442 25.3016 20.0482 0.2848 0.5544 0.6795 | -2.865
LOSS FORMAT: SEMANTIC_LOSS MEAN_IOU PIX_ACC | DEPTH_LOSS ABS_ERR REL_ERR | NORMAL_LOSS MEAN MED <11.25 <22.5 <30 | ∆m (test)
Epoch: 0106 | lr=0.0001 | epoch lenth=398 | train time: 191.196 s | method nashmtl | TRAIN: 0.5404 0.5124 0.7474 | 0.3098 0.3098 0.1496 | 0.1252 23.1120 17.6592 0.3201 0.6129 0.7346 || TEST: 1.2155 0.3705 0.6537 | 0.5378 0.5378 0.2165 | 0.1453 25.5885 20.5827 0.2720 0.5434 0.6728 | -1.646
LOSS FORMAT: SEMANTIC_LOSS MEAN_IOU PIX_ACC | DEPTH_LOSS ABS_ERR REL_ERR | NORMAL_LOSS MEAN MED <11.25 <22.5 <30 | ∆m (test)
Epoch: 0107 | lr=0.0001 | epoch lenth=398 | train time: 192.303 s | method nashmtl | TRAIN: 0.5565 0.5030 0.7427 | 0.3140 0.3140 0.1514 | 0.1274 23.3755 17.9972 0.3139 0.6065 0.7290 || TEST: 1.1816 0.3840 0.6548 | 0.5540 0.5540 0.2332 | 0.1449 25.5386 20.4398 0.2721 0.5466 0.6754 | -1.341
LOSS FORMAT: SEMANTIC_LOSS MEAN_IOU PIX_ACC | DEPTH_LOSS ABS_ERR REL_ERR | NORMAL_LOSS MEAN MED <11.25 <22.5 <30 | ∆m (test)
Epoch: 0108 | lr=0.0001 | epoch lenth=398 | train time: 190.094 s | method nashmtl | TRAIN: 0.5282 0.5103 0.7484 | 0.3089 0.3089 0.1481 | 0.1246 23.0266 17.6039 0.3229 0.6155 0.7363 || TEST: 1.2295 0.3800 0.6504 | 0.5541 0.5541 0.2178 | 0.1433 25.2278 19.9632 0.2838 0.5570 0.6828 | -2.923
LOSS FORMAT: SEMANTIC_LOSS MEAN_IOU PIX_ACC | DEPTH_LOSS ABS_ERR REL_ERR | NORMAL_LOSS MEAN MED <11.25 <22.5 <30 | ∆m (test)
Epoch: 0109 | lr=0.0001 | epoch lenth=398 | train time: 264.126 s | method nashmtl | TRAIN: 0.5459 0.5023 0.7429 | 0.3087 0.3087 0.1467 | 0.1245 22.9906 17.5532 0.3251 0.6161 0.7363 || TEST: 1.2095 0.3906 0.6517 | 0.5436 0.5436 0.2193 | 0.1437 25.3585 20.1971 0.2771 0.5516 0.6793 | -2.767
LOSS FORMAT: SEMANTIC_LOSS MEAN_IOU PIX_ACC | DEPTH_LOSS ABS_ERR REL_ERR | NORMAL_LOSS MEAN MED <11.25 <22.5 <30 | ∆m (test)
Epoch: 0110 | lr=0.0001 | epoch lenth=398 | train time: 190.638 s | method nashmtl | TRAIN: 0.5323 0.5117 0.7475 | 0.3094 0.3094 0.1479 | 0.1235 22.9173 17.5277 0.3234 0.6175 0.7385 || TEST: 1.2038 0.3803 0.6566 | 0.5392 0.5392 0.2174 | 0.1446 25.5246 20.5241 0.2724 0.5449 0.6744 | -2.055
LOSS FORMAT: SEMANTIC_LOSS MEAN_IOU PIX_ACC | DEPTH_LOSS ABS_ERR REL_ERR | NORMAL_LOSS MEAN MED <11.25 <22.5 <30 | ∆m (test)
Epoch: 0111 | lr=0.0001 | epoch lenth=398 | train time: 193.110 s | method nashmtl | TRAIN: 0.5187 0.5165 0.7514 | 0.3092 0.3092 0.1457 | 0.1214 22.6596 17.2529 0.3292 0.6244 0.7436 || TEST: 1.1916 0.3839 0.6552 | 0.5483 0.5483 0.2202 | 0.1439 25.4437 20.3504 0.2735 0.5479 0.6765 | -2.144
LOSS FORMAT: SEMANTIC_LOSS MEAN_IOU PIX_ACC | DEPTH_LOSS ABS_ERR REL_ERR | NORMAL_LOSS MEAN MED <11.25 <22.5 <30 | ∆m (test)
Epoch: 0112 | lr=0.0001 | epoch lenth=398 | train time: 192.290 s | method nashmtl | TRAIN: 0.5344 0.5151 0.7492 | 0.2972 0.2972 0.1422 | 0.1228 22.8304 17.4909 0.3246 0.6202 0.7413 || TEST: 1.2091 0.3867 0.6568 | 0.5762 0.5762 0.2180 | 0.1440 25.3539 20.1888 0.2795 0.5520 0.6791 | -2.356
LOSS FORMAT: SEMANTIC_LOSS MEAN_IOU PIX_ACC | DEPTH_LOSS ABS_ERR REL_ERR | NORMAL_LOSS MEAN MED <11.25 <22.5 <30 | ∆m (test)
Epoch: 0113 | lr=0.0001 | epoch lenth=398 | train time: 192.598 s | method nashmtl | TRAIN: 0.5073 0.5200 0.7540 | 0.2975 0.2975 0.1392 | 0.1203 22.5397 17.1828 0.3314 0.6274 0.7463 || TEST: 1.2674 0.3823 0.6510 | 0.5377 0.5377 0.2253 | 0.1424 24.9806 19.4731 0.2925 0.5674 0.6905 | -4.014
LOSS FORMAT: SEMANTIC_LOSS MEAN_IOU PIX_ACC | DEPTH_LOSS ABS_ERR REL_ERR | NORMAL_LOSS MEAN MED <11.25 <22.5 <30 | ∆m (test)
Epoch: 0114 | lr=0.0001 | epoch lenth=398 | train time: 191.966 s | method nashmtl | TRAIN: 0.5077 0.5160 0.7519 | 0.3048 0.3048 0.1475 | 0.1229 22.8002 17.3019 0.3272 0.6226 0.7419 || TEST: 1.2302 0.3798 0.6527 | 0.5426 0.5426 0.2150 | 0.1455 25.5903 20.5578 0.2740 0.5438 0.6717 | -1.959
LOSS FORMAT: SEMANTIC_LOSS MEAN_IOU PIX_ACC | DEPTH_LOSS ABS_ERR REL_ERR | NORMAL_LOSS MEAN MED <11.25 <22.5 <30 | ∆m (test)
Epoch: 0115 | lr=0.0001 | epoch lenth=398 | train time: 191.619 s | method nashmtl | TRAIN: 0.4995 0.5214 0.7536 | 0.3046 0.3046 0.1441 | 0.1226 22.8091 17.3808 0.3250 0.6213 0.7422 || TEST: 1.1990 0.3834 0.6537 | 0.5640 0.5640 0.2172 | 0.1448 25.5305 20.4620 0.2720 0.5458 0.6751 | -1.743
LOSS FORMAT: SEMANTIC_LOSS MEAN_IOU PIX_ACC | DEPTH_LOSS ABS_ERR REL_ERR | NORMAL_LOSS MEAN MED <11.25 <22.5 <30 | ∆m (test)
Epoch: 0116 | lr=0.0001 | epoch lenth=398 | train time: 193.665 s | method nashmtl | TRAIN: 0.5020 0.5231 0.7544 | 0.3019 0.3019 0.1457 | 0.1212 22.6540 17.2832 0.3294 0.6240 0.7437 || TEST: 1.2138 0.4039 0.6673 | 0.5467 0.5467 0.2313 | 0.1433 25.1777 19.9017 0.2863 0.5583 0.6842 | -3.694
LOSS FORMAT: SEMANTIC_LOSS MEAN_IOU PIX_ACC | DEPTH_LOSS ABS_ERR REL_ERR | NORMAL_LOSS MEAN MED <11.25 <22.5 <30 | ∆m (test)
Epoch: 0117 | lr=0.0001 | epoch lenth=398 | train time: 190.970 s | method nashmtl | TRAIN: 0.4942 0.5316 0.7612 | 0.2948 0.2948 0.1405 | 0.1203 22.4996 17.0198 0.3332 0.6304 0.7486 || TEST: 1.2236 0.3972 0.6561 | 0.5270 0.5270 0.2152 | 0.1444 25.3458 20.0955 0.2824 0.5531 0.6791 | -3.752
LOSS FORMAT: SEMANTIC_LOSS MEAN_IOU PIX_ACC | DEPTH_LOSS ABS_ERR REL_ERR | NORMAL_LOSS MEAN MED <11.25 <22.5 <30 | ∆m (test)
Epoch: 0118 | lr=0.0001 | epoch lenth=398 | train time: 191.307 s | method nashmtl | TRAIN: 0.4818 0.5395 0.7588 | 0.2948 0.2948 0.1396 | 0.1202 22.5060 17.0785 0.3327 0.6286 0.7475 || TEST: 1.2506 0.3797 0.6475 | 0.5479 0.5479 0.2138 | 0.1448 25.3887 20.1295 0.2812 0.5532 0.6792 | -2.735
LOSS FORMAT: SEMANTIC_LOSS MEAN_IOU PIX_ACC | DEPTH_LOSS ABS_ERR REL_ERR | NORMAL_LOSS MEAN MED <11.25 <22.5 <30 | ∆m (test)
Epoch: 0119 | lr=0.0001 | epoch lenth=398 | train time: 192.670 s | method nashmtl | TRAIN: 0.4828 0.5213 0.7536 | 0.2966 0.2966 0.1421 | 0.1197 22.4340 16.9307 0.3346 0.6318 0.7499 || TEST: 1.2881 0.3654 0.6410 | 0.5480 0.5480 0.2137 | 0.1436 25.3496 20.2621 0.2769 0.5514 0.6799 | -1.968
LOSS FORMAT: SEMANTIC_LOSS MEAN_IOU PIX_ACC | DEPTH_LOSS ABS_ERR REL_ERR | NORMAL_LOSS MEAN MED <11.25 <22.5 <30 | ∆m (test)
Epoch: 0120 | lr=0.0001 | epoch lenth=398 | train time: 190.884 s | method nashmtl | TRAIN: 0.4914 0.5103 0.7500 | 0.2973 0.2973 0.1414 | 0.1205 22.5521 17.1580 0.3311 0.6280 0.7470 || TEST: 1.2468 0.3963 0.6545 | 0.5399 0.5399 0.2269 | 0.1444 25.3398 20.0978 0.2816 0.5541 0.6806 | -3.035
LOSS FORMAT: SEMANTIC_LOSS MEAN_IOU PIX_ACC | DEPTH_LOSS ABS_ERR REL_ERR | NORMAL_LOSS MEAN MED <11.25 <22.5 <30 | ∆m (test)
Epoch: 0121 | lr=0.0001 | epoch lenth=398 | train time: 191.229 s | method nashmtl | TRAIN: 0.4832 0.5315 0.7573 | 0.2921 0.2921 0.1413 | 0.1202 22.4883 17.0327 0.3347 0.6299 0.7479 || TEST: 1.2621 0.3970 0.6559 | 0.5776 0.5776 0.2435 | 0.1442 25.3564 20.1347 0.2800 0.5528 0.6795 | -1.669
LOSS FORMAT: SEMANTIC_LOSS MEAN_IOU PIX_ACC | DEPTH_LOSS ABS_ERR REL_ERR | NORMAL_LOSS MEAN MED <11.25 <22.5 <30 | ∆m (test)
Epoch: 0122 | lr=0.0001 | epoch lenth=398 | train time: 190.909 s | method nashmtl | TRAIN: 0.4982 0.5264 0.7548 | 0.2940 0.2940 0.1422 | 0.1216 22.6877 17.2792 0.3280 0.6243 0.7435 || TEST: 1.2684 0.4025 0.6588 | 0.5292 0.5292 0.2124 | 0.1423 25.0348 19.6810 0.2914 0.5626 0.6869 | -5.056
LOSS FORMAT: SEMANTIC_LOSS MEAN_IOU PIX_ACC | DEPTH_LOSS ABS_ERR REL_ERR | NORMAL_LOSS MEAN MED <11.25 <22.5 <30 | ∆m (test)
Epoch: 0123 | lr=0.0001 | epoch lenth=398 | train time: 191.265 s | method nashmtl | TRAIN: 0.4942 0.5376 0.7587 | 0.2994 0.2994 0.1441 | 0.1255 23.1017 17.7181 0.3214 0.6146 0.7363 || TEST: 1.2693 0.3603 0.6379 | 0.6140 0.6140 0.2230 | 0.1463 25.8827 21.1144 0.2585 0.5327 0.6652 | 1.704
LOSS FORMAT: SEMANTIC_LOSS MEAN_IOU PIX_ACC | DEPTH_LOSS ABS_ERR REL_ERR | NORMAL_LOSS MEAN MED <11.25 <22.5 <30 | ∆m (test)
Epoch: 0124 | lr=0.0001 | epoch lenth=398 | train time: 191.199 s | method nashmtl | TRAIN: 0.4697 0.5190 0.7527 | 0.2902 0.2902 0.1377 | 0.1202 22.4580 16.9618 0.3356 0.6313 0.7489 || TEST: 1.2570 0.3756 0.6487 | 0.5430 0.5430 0.2155 | 0.1459 25.5920 20.4725 0.2737 0.5459 0.6746 | -1.866
LOSS FORMAT: SEMANTIC_LOSS MEAN_IOU PIX_ACC | DEPTH_LOSS ABS_ERR REL_ERR | NORMAL_LOSS MEAN MED <11.25 <22.5 <30 | ∆m (test)
Epoch: 0125 | lr=0.0001 | epoch lenth=398 | train time: 191.269 s | method nashmtl | TRAIN: 0.4696 0.5316 0.7575 | 0.2888 0.2888 0.1379 | 0.1195 22.3842 16.9939 0.3360 0.6330 0.7513 || TEST: 1.2412 0.3909 0.6613 | 0.5231 0.5231 0.2172 | 0.1428 25.1887 20.0248 0.2845 0.5556 0.6820 | -3.933
LOSS FORMAT: SEMANTIC_LOSS MEAN_IOU PIX_ACC | DEPTH_LOSS ABS_ERR REL_ERR | NORMAL_LOSS MEAN MED <11.25 <22.5 <30 | ∆m (test)
Epoch: 0126 | lr=0.0001 | epoch lenth=398 | train time: 191.854 s | method nashmtl | TRAIN: 0.4687 0.5356 0.7638 | 0.2858 0.2858 0.1367 | 0.1191 22.3820 16.9794 0.3354 0.6305 0.7495 || TEST: 1.2450 0.3941 0.6597 | 0.5477 0.5477 0.2166 | 0.1482 25.8257 20.6595 0.2700 0.5424 0.6708 | -1.998
LOSS FORMAT: SEMANTIC_LOSS MEAN_IOU PIX_ACC | DEPTH_LOSS ABS_ERR REL_ERR | NORMAL_LOSS MEAN MED <11.25 <22.5 <30 | ∆m (test)
Epoch: 0127 | lr=0.0001 | epoch lenth=398 | train time: 208.400 s | method nashmtl | TRAIN: 0.4662 0.5360 0.7628 | 0.2813 0.2813 0.1370 | 0.1216 22.6794 17.3158 0.3280 0.6243 0.7445 || TEST: 1.2333 0.4017 0.6672 | 0.5431 0.5431 0.2207 | 0.1412 24.9406 19.6175 0.2918 0.5640 0.6884 | -4.760
LOSS FORMAT: SEMANTIC_LOSS MEAN_IOU PIX_ACC | DEPTH_LOSS ABS_ERR REL_ERR | NORMAL_LOSS MEAN MED <11.25 <22.5 <30 | ∆m (test)
Epoch: 0128 | lr=0.0001 | epoch lenth=398 | train time: 252.846 s | method nashmtl | TRAIN: 0.4532 0.5481 0.7691 | 0.2828 0.2828 0.1333 | 0.1172 22.1658 16.7779 0.3393 0.6375 0.7553 || TEST: 1.2226 0.4048 0.6647 | 0.5335 0.5335 0.2167 | 0.1412 25.0697 19.9460 0.2834 0.5576 0.6849 | -4.387
LOSS FORMAT: SEMANTIC_LOSS MEAN_IOU PIX_ACC | DEPTH_LOSS ABS_ERR REL_ERR | NORMAL_LOSS MEAN MED <11.25 <22.5 <30 | ∆m (test)
Epoch: 0129 | lr=0.0001 | epoch lenth=398 | train time: 192.621 s | method nashmtl | TRAIN: 0.4560 0.5469 0.7676 | 0.2857 0.2857 0.1368 | 0.1188 22.3311 16.9245 0.3356 0.6334 0.7518 || TEST: 1.2762 0.3854 0.6520 | 0.5530 0.5530 0.2286 | 0.1446 25.3639 20.1066 0.2821 0.5535 0.6794 | -2.367
LOSS FORMAT: SEMANTIC_LOSS MEAN_IOU PIX_ACC | DEPTH_LOSS ABS_ERR REL_ERR | NORMAL_LOSS MEAN MED <11.25 <22.5 <30 | ∆m (test)
Epoch: 0130 | lr=0.0001 | epoch lenth=398 | train time: 191.927 s | method nashmtl | TRAIN: 0.4435 0.5420 0.7640 | 0.2819 0.2819 0.1366 | 0.1163 21.9854 16.4370 0.3453 0.6442 0.7597 || TEST: 1.2705 0.3905 0.6521 | 0.5387 0.5387 0.2210 | 0.1446 25.4960 20.3535 0.2725 0.5483 0.6773 | -2.369
LOSS FORMAT: SEMANTIC_LOSS MEAN_IOU PIX_ACC | DEPTH_LOSS ABS_ERR REL_ERR | NORMAL_LOSS MEAN MED <11.25 <22.5 <30 | ∆m (test)
Epoch: 0131 | lr=0.0001 | epoch lenth=398 | train time: 192.717 s | method nashmtl | TRAIN: 0.4451 0.5382 0.7639 | 0.2817 0.2817 0.1340 | 0.1185 22.2735 16.9801 0.3393 0.6349 0.7526 || TEST: 1.2446 0.4103 0.6624 | 0.5272 0.5272 0.2159 | 0.1422 25.0000 19.5773 0.2919 0.5653 0.6891 | -5.420
LOSS FORMAT: SEMANTIC_LOSS MEAN_IOU PIX_ACC | DEPTH_LOSS ABS_ERR REL_ERR | NORMAL_LOSS MEAN MED <11.25 <22.5 <30 | ∆m (test)
Epoch: 0132 | lr=0.0001 | epoch lenth=398 | train time: 190.751 s | method nashmtl | TRAIN: 0.4270 0.5536 0.7716 | 0.2784 0.2784 0.1342 | 0.1176 22.1514 16.7567 0.3419 0.6390 0.7555 || TEST: 1.3050 0.3933 0.6535 | 0.5713 0.5713 0.2477 | 0.1457 25.5227 20.3141 0.2778 0.5498 0.6761 | -1.082
LOSS FORMAT: SEMANTIC_LOSS MEAN_IOU PIX_ACC | DEPTH_LOSS ABS_ERR REL_ERR | NORMAL_LOSS MEAN MED <11.25 <22.5 <30 | ∆m (test)
Epoch: 0133 | lr=0.0001 | epoch lenth=398 | train time: 192.342 s | method nashmtl | TRAIN: 0.4290 0.5435 0.7669 | 0.2841 0.2841 0.1321 | 0.1164 22.0998 16.7746 0.3387 0.6389 0.7568 || TEST: 1.2828 0.4093 0.6633 | 0.5306 0.5306 0.2177 | 0.1439 25.1425 19.7100 0.2903 0.5626 0.6862 | -4.982
LOSS FORMAT: SEMANTIC_LOSS MEAN_IOU PIX_ACC | DEPTH_LOSS ABS_ERR REL_ERR | NORMAL_LOSS MEAN MED <11.25 <22.5 <30 | ∆m (test)
Epoch: 0134 | lr=0.0001 | epoch lenth=398 | train time: 192.089 s | method nashmtl | TRAIN: 0.4364 0.5514 0.7707 | 0.2750 0.2750 0.1312 | 0.1169 22.1033 16.7211 0.3414 0.6393 0.7561 || TEST: 1.2553 0.3978 0.6608 | 0.5273 0.5273 0.2106 | 0.1426 25.2476 20.1726 0.2805 0.5521 0.6795 | -3.954
LOSS FORMAT: SEMANTIC_LOSS MEAN_IOU PIX_ACC | DEPTH_LOSS ABS_ERR REL_ERR | NORMAL_LOSS MEAN MED <11.25 <22.5 <30 | ∆m (test)
Epoch: 0135 | lr=0.0001 | epoch lenth=398 | train time: 191.744 s | method nashmtl | TRAIN: 0.4502 0.5446 0.7670 | 0.2746 0.2746 0.1317 | 0.1178 22.1675 16.6847 0.3419 0.6392 0.7557 || TEST: 1.3132 0.3858 0.6490 | 0.5407 0.5407 0.2162 | 0.1448 25.4807 20.3999 0.2767 0.5480 0.6754 | -2.433
LOSS FORMAT: SEMANTIC_LOSS MEAN_IOU PIX_ACC | DEPTH_LOSS ABS_ERR REL_ERR | NORMAL_LOSS MEAN MED <11.25 <22.5 <30 | ∆m (test)
Epoch: 0136 | lr=0.0001 | epoch lenth=398 | train time: 192.738 s | method nashmtl | TRAIN: 0.4286 0.5445 0.7652 | 0.2757 0.2757 0.1329 | 0.1165 22.0086 16.5781 0.3456 0.6427 0.7585 || TEST: 1.3092 0.3907 0.6554 | 0.5460 0.5460 0.2139 | 0.1445 25.2439 19.8597 0.2862 0.5607 0.6846 | -3.853
LOSS FORMAT: SEMANTIC_LOSS MEAN_IOU PIX_ACC | DEPTH_LOSS ABS_ERR REL_ERR | NORMAL_LOSS MEAN MED <11.25 <22.5 <30 | ∆m (test)
Epoch: 0137 | lr=0.0001 | epoch lenth=398 | train time: 192.124 s | method nashmtl | TRAIN: 0.4261 0.5471 0.7685 | 0.2756 0.2756 0.1286 | 0.1179 22.2604 16.9441 0.3363 0.6351 0.7529 || TEST: 1.2373 0.4010 0.6583 | 0.5634 0.5634 0.2262 | 0.1578 26.8894 21.9583 0.2561 0.5144 0.6433 | 1.192
LOSS FORMAT: SEMANTIC_LOSS MEAN_IOU PIX_ACC | DEPTH_LOSS ABS_ERR REL_ERR | NORMAL_LOSS MEAN MED <11.25 <22.5 <30 | ∆m (test)
Epoch: 0138 | lr=0.0001 | epoch lenth=398 | train time: 191.152 s | method nashmtl | TRAIN: 0.4418 0.5472 0.7669 | 0.2799 0.2799 0.1385 | 0.1168 22.0962 16.6689 0.3418 0.6392 0.7566 || TEST: 1.2876 0.3944 0.6582 | 0.5302 0.5302 0.2181 | 0.1424 25.1558 19.9351 0.2845 0.5572 0.6832 | -3.948
LOSS FORMAT: SEMANTIC_LOSS MEAN_IOU PIX_ACC | DEPTH_LOSS ABS_ERR REL_ERR | NORMAL_LOSS MEAN MED <11.25 <22.5 <30 | ∆m (test)
Epoch: 0139 | lr=0.0001 | epoch lenth=398 | train time: 190.966 s | method nashmtl | TRAIN: 0.4045 0.5553 0.7731 | 0.2755 0.2755 0.1296 | 0.1142 21.7768 16.4431 0.3486 0.6473 0.7628 || TEST: 1.2424 0.4070 0.6625 | 0.5294 0.5294 0.2194 | 0.1434 25.2491 20.0485 0.2839 0.5549 0.6808 | -4.135
LOSS FORMAT: SEMANTIC_LOSS MEAN_IOU PIX_ACC | DEPTH_LOSS ABS_ERR REL_ERR | NORMAL_LOSS MEAN MED <11.25 <22.5 <30 | ∆m (test)
Epoch: 0140 | lr=0.0001 | epoch lenth=398 | train time: 190.795 s | method nashmtl | TRAIN: 0.4144 0.5541 0.7742 | 0.2706 0.2706 0.1289 | 0.1147 21.8027 16.3938 0.3504 0.6469 0.7621 || TEST: 1.2519 0.4076 0.6692 | 0.5572 0.5572 0.2338 | 0.1403 24.9244 19.7003 0.2879 0.5626 0.6881 | -3.995
LOSS FORMAT: SEMANTIC_LOSS MEAN_IOU PIX_ACC | DEPTH_LOSS ABS_ERR REL_ERR | NORMAL_LOSS MEAN MED <11.25 <22.5 <30 | ∆m (test)
Epoch: 0141 | lr=0.0001 | epoch lenth=398 | train time: 192.546 s | method nashmtl | TRAIN: 0.4092 0.5591 0.7780 | 0.2704 0.2704 0.1302 | 0.1149 21.8793 16.4980 0.3449 0.6452 0.7619 || TEST: 1.4029 0.3875 0.6428 | 0.5418 0.5418 0.2242 | 0.1440 25.1597 19.7440 0.2907 0.5615 0.6855 | -3.497
LOSS FORMAT: SEMANTIC_LOSS MEAN_IOU PIX_ACC | DEPTH_LOSS ABS_ERR REL_ERR | NORMAL_LOSS MEAN MED <11.25 <22.5 <30 | ∆m (test)
Epoch: 0142 | lr=0.0001 | epoch lenth=398 | train time: 191.045 s | method nashmtl | TRAIN: 0.4104 0.5493 0.7660 | 0.2710 0.2710 0.1276 | 0.1140 21.7763 16.3911 0.3470 0.6476 0.7638 || TEST: 1.3469 0.3955 0.6580 | 0.5385 0.5385 0.2326 | 0.1437 25.1277 19.6627 0.2907 0.5631 0.6865 | -3.826
LOSS FORMAT: SEMANTIC_LOSS MEAN_IOU PIX_ACC | DEPTH_LOSS ABS_ERR REL_ERR | NORMAL_LOSS MEAN MED <11.25 <22.5 <30 | ∆m (test)
Epoch: 0143 | lr=0.0001 | epoch lenth=398 | train time: 192.041 s | method nashmtl | TRAIN: 0.4223 0.5453 0.7710 | 0.2723 0.2723 0.1329 | 0.1161 22.0002 16.5747 0.3425 0.6437 0.7607 || TEST: 1.3399 0.3860 0.6580 | 0.5214 0.5214 0.2182 | 0.1421 25.1341 19.9566 0.2850 0.5566 0.6830 | -3.835
LOSS FORMAT: SEMANTIC_LOSS MEAN_IOU PIX_ACC | DEPTH_LOSS ABS_ERR REL_ERR | NORMAL_LOSS MEAN MED <11.25 <22.5 <30 | ∆m (test)
Epoch: 0144 | lr=0.0001 | epoch lenth=398 | train time: 190.429 s | method nashmtl | TRAIN: 0.4016 0.5505 0.7740 | 0.2669 0.2669 0.1272 | 0.1126 21.5609 16.0918 0.3543 0.6547 0.7684 || TEST: 1.2749 0.3975 0.6670 | 0.5321 0.5321 0.2239 | 0.1413 24.9405 19.6173 0.2918 0.5642 0.6886 | -4.696
LOSS FORMAT: SEMANTIC_LOSS MEAN_IOU PIX_ACC | DEPTH_LOSS ABS_ERR REL_ERR | NORMAL_LOSS MEAN MED <11.25 <22.5 <30 | ∆m (test)
Epoch: 0145 | lr=0.0001 | epoch lenth=398 | train time: 192.549 s | method nashmtl | TRAIN: 0.4085 0.5567 0.7764 | 0.2713 0.2713 0.1314 | 0.1132 21.6472 16.2406 0.3520 0.6517 0.7662 || TEST: 1.2801 0.4038 0.6626 | 0.5436 0.5436 0.2194 | 0.1455 25.4343 20.1281 0.2820 0.5532 0.6786 | -3.543
LOSS FORMAT: SEMANTIC_LOSS MEAN_IOU PIX_ACC | DEPTH_LOSS ABS_ERR REL_ERR | NORMAL_LOSS MEAN MED <11.25 <22.5 <30 | ∆m (test)
Epoch: 0146 | lr=0.0001 | epoch lenth=398 | train time: 275.466 s | method nashmtl | TRAIN: 0.4095 0.5601 0.7750 | 0.2685 0.2685 0.1272 | 0.1137 21.7238 16.3402 0.3487 0.6501 0.7650 || TEST: 1.2922 0.3958 0.6619 | 0.5202 0.5202 0.2109 | 0.1434 25.2673 20.0508 0.2826 0.5550 0.6811 | -4.238
LOSS FORMAT: SEMANTIC_LOSS MEAN_IOU PIX_ACC | DEPTH_LOSS ABS_ERR REL_ERR | NORMAL_LOSS MEAN MED <11.25 <22.5 <30 | ∆m (test)
Epoch: 0147 | lr=0.0001 | epoch lenth=398 | train time: 190.569 s | method nashmtl | TRAIN: 0.3895 0.5586 0.7781 | 0.2690 0.2690 0.1308 | 0.1118 21.4996 16.1674 0.3540 0.6542 0.7692 || TEST: 1.3176 0.3767 0.6523 | 0.5500 0.5500 0.2166 | 0.1451 25.6597 20.7432 0.2671 0.5398 0.6704 | -1.183
LOSS FORMAT: SEMANTIC_LOSS MEAN_IOU PIX_ACC | DEPTH_LOSS ABS_ERR REL_ERR | NORMAL_LOSS MEAN MED <11.25 <22.5 <30 | ∆m (test)
Epoch: 0148 | lr=0.0001 | epoch lenth=398 | train time: 195.688 s | method nashmtl | TRAIN: 0.4031 0.5513 0.7715 | 0.2759 0.2759 0.1305 | 0.1145 21.8277 16.5297 0.3477 0.6462 0.7622 || TEST: 1.2845 0.3923 0.6573 | 0.5291 0.5291 0.2165 | 0.1449 25.3718 20.1109 0.2839 0.5532 0.6788 | -3.584
LOSS FORMAT: SEMANTIC_LOSS MEAN_IOU PIX_ACC | DEPTH_LOSS ABS_ERR REL_ERR | NORMAL_LOSS MEAN MED <11.25 <22.5 <30 | ∆m (test)
Epoch: 0149 | lr=0.0001 | epoch lenth=398 | train time: 191.570 s | method nashmtl | TRAIN: 0.3885 0.5575 0.7757 | 0.2598 0.2598 0.1232 | 0.1109 21.4246 16.1116 0.3538 0.6565 0.7717 || TEST: 1.4088 0.3877 0.6588 | 0.5342 0.5342 0.2285 | 0.1429 25.0647 19.6469 0.2902 0.5634 0.6879 | -3.895
LOSS FORMAT: SEMANTIC_LOSS MEAN_IOU PIX_ACC | DEPTH_LOSS ABS_ERR REL_ERR | NORMAL_LOSS MEAN MED <11.25 <22.5 <30 | ∆m (test)
Epoch: 0150 | lr=0.0001 | epoch lenth=398 | train time: 190.333 s | method nashmtl | TRAIN: 0.3909 0.5559 0.7759 | 0.2671 0.2671 0.1293 | 0.1110 21.3622 15.9013 0.3599 0.6584 0.7708 || TEST: 1.2816 0.4016 0.6623 | 0.5303 0.5303 0.2170 | 0.1430 25.2154 20.0108 0.2832 0.5559 0.6824 | -4.114
LOSS FORMAT: SEMANTIC_LOSS MEAN_IOU PIX_ACC | DEPTH_LOSS ABS_ERR REL_ERR | NORMAL_LOSS MEAN MED <11.25 <22.5 <30 | ∆m (test)
Epoch: 0151 | lr=0.0001 | epoch lenth=398 | train time: 191.507 s | method nashmtl | TRAIN: 0.4057 0.5602 0.7753 | 0.2699 0.2699 0.1302 | 0.1145 21.8094 16.4195 0.3473 0.6477 0.7640 || TEST: 1.3254 0.3915 0.6514 | 0.5394 0.5394 0.2234 | 0.1527 26.2846 21.1419 0.2612 0.5326 0.6638 | -0.529
LOSS FORMAT: SEMANTIC_LOSS MEAN_IOU PIX_ACC | DEPTH_LOSS ABS_ERR REL_ERR | NORMAL_LOSS MEAN MED <11.25 <22.5 <30 | ∆m (test)
Epoch: 0152 | lr=0.0001 | epoch lenth=398 | train time: 191.135 s | method nashmtl | TRAIN: 0.3788 0.5578 0.7750 | 0.2634 0.2634 0.1269 | 0.1124 21.5372 16.1481 0.3549 0.6545 0.7684 || TEST: 1.3272 0.3858 0.6570 | 0.5400 0.5400 0.2248 | 0.1442 25.4022 20.2760 0.2778 0.5508 0.6782 | -2.483
LOSS FORMAT: SEMANTIC_LOSS MEAN_IOU PIX_ACC | DEPTH_LOSS ABS_ERR REL_ERR | NORMAL_LOSS MEAN MED <11.25 <22.5 <30 | ∆m (test)
Epoch: 0153 | lr=0.0001 | epoch lenth=398 | train time: 191.873 s | method nashmtl | TRAIN: 0.3956 0.5507 0.7749 | 0.2658 0.2658 0.1244 | 0.1130 21.6418 16.2111 0.3500 0.6519 0.7672 || TEST: 1.3337 0.3965 0.6663 | 0.5397 0.5397 0.2219 | 0.1427 25.1328 19.8650 0.2863 0.5595 0.6854 | -4.031
LOSS FORMAT: SEMANTIC_LOSS MEAN_IOU PIX_ACC | DEPTH_LOSS ABS_ERR REL_ERR | NORMAL_LOSS MEAN MED <11.25 <22.5 <30 | ∆m (test)
Epoch: 0154 | lr=0.0001 | epoch lenth=398 | train time: 190.450 s | method nashmtl | TRAIN: 0.3711 0.5638 0.7830 | 0.2642 0.2642 0.1268 | 0.1112 21.3725 15.9761 0.3596 0.6600 0.7728 || TEST: 1.3110 0.4077 0.6676 | 0.5309 0.5309 0.2171 | 0.1428 25.1381 19.8714 0.2859 0.5594 0.6851 | -4.694
LOSS FORMAT: SEMANTIC_LOSS MEAN_IOU PIX_ACC | DEPTH_LOSS ABS_ERR REL_ERR | NORMAL_LOSS MEAN MED <11.25 <22.5 <30 | ∆m (test)
Epoch: 0155 | lr=0.0001 | epoch lenth=398 | train time: 190.359 s | method nashmtl | TRAIN: 0.3842 0.5650 0.7812 | 0.2622 0.2622 0.1245 | 0.1116 21.4590 16.1074 0.3559 0.6559 0.7699 || TEST: 1.3425 0.3921 0.6513 | 0.5390 0.5390 0.2197 | 0.1438 25.2033 19.7768 0.2878 0.5602 0.6835 | -3.802
LOSS FORMAT: SEMANTIC_LOSS MEAN_IOU PIX_ACC | DEPTH_LOSS ABS_ERR REL_ERR | NORMAL_LOSS MEAN MED <11.25 <22.5 <30 | ∆m (test)
Epoch: 0156 | lr=0.0001 | epoch lenth=398 | train time: 191.077 s | method nashmtl | TRAIN: 0.3729 0.5610 0.7757 | 0.2630 0.2630 0.1286 | 0.1122 21.5035 16.1100 0.3559 0.6558 0.7695 || TEST: 1.3106 0.4015 0.6630 | 0.5335 0.5335 0.2151 | 0.1443 25.3370 20.1557 0.2833 0.5515 0.6790 | -3.871
LOSS FORMAT: SEMANTIC_LOSS MEAN_IOU PIX_ACC | DEPTH_LOSS ABS_ERR REL_ERR | NORMAL_LOSS MEAN MED <11.25 <22.5 <30 | ∆m (test)
Epoch: 0157 | lr=0.0001 | epoch lenth=398 | train time: 191.222 s | method nashmtl | TRAIN: 0.3593 0.5729 0.7839 | 0.2532 0.2532 0.1215 | 0.1092 21.1673 15.7882 0.3618 0.6637 0.7762 || TEST: 1.3850 0.3899 0.6588 | 0.5321 0.5321 0.2208 | 0.1423 25.0508 19.7363 0.2893 0.5619 0.6874 | -4.181
LOSS FORMAT: SEMANTIC_LOSS MEAN_IOU PIX_ACC | DEPTH_LOSS ABS_ERR REL_ERR | NORMAL_LOSS MEAN MED <11.25 <22.5 <30 | ∆m (test)
Epoch: 0158 | lr=0.0001 | epoch lenth=398 | train time: 191.075 s | method nashmtl | TRAIN: 0.3681 0.5609 0.7803 | 0.2612 0.2612 0.1249 | 0.1093 21.2011 15.7612 0.3618 0.6616 0.7749 || TEST: 1.3019 0.4015 0.6577 | 0.5301 0.5301 0.2169 | 0.1430 25.2761 20.2028 0.2800 0.5528 0.6805 | -3.692
LOSS FORMAT: SEMANTIC_LOSS MEAN_IOU PIX_ACC | DEPTH_LOSS ABS_ERR REL_ERR | NORMAL_LOSS MEAN MED <11.25 <22.5 <30 | ∆m (test)
Epoch: 0159 | lr=0.0001 | epoch lenth=398 | train time: 192.469 s | method nashmtl | TRAIN: 0.3616 0.5725 0.7807 | 0.2677 0.2677 0.1281 | 0.1082 21.0568 15.7129 0.3635 0.6666 0.7789 || TEST: 1.3597 0.3922 0.6507 | 0.5245 0.5245 0.2068 | 0.1437 25.3190 20.1716 0.2795 0.5526 0.6802 | -3.765
LOSS FORMAT: SEMANTIC_LOSS MEAN_IOU PIX_ACC | DEPTH_LOSS ABS_ERR REL_ERR | NORMAL_LOSS MEAN MED <11.25 <22.5 <30 | ∆m (test)
Epoch: 0160 | lr=0.0001 | epoch lenth=398 | train time: 193.827 s | method nashmtl | TRAIN: 0.3655 0.5652 0.7773 | 0.2570 0.2570 0.1217 | 0.1096 21.2531 15.8975 0.3579 0.6604 0.7744 || TEST: 1.3583 0.3960 0.6594 | 0.5415 0.5415 0.2335 | 0.1452 25.3333 19.9973 0.2869 0.5553 0.6802 | -3.099
LOSS FORMAT: SEMANTIC_LOSS MEAN_IOU PIX_ACC | DEPTH_LOSS ABS_ERR REL_ERR | NORMAL_LOSS MEAN MED <11.25 <22.5 <30 | ∆m (test)
Epoch: 0161 | lr=0.0001 | epoch lenth=398 | train time: 191.739 s | method nashmtl | TRAIN: 0.3510 0.5745 0.7836 | 0.2604 0.2604 0.1247 | 0.1085 21.1126 15.8110 0.3621 0.6641 0.7769 || TEST: 1.3303 0.3913 0.6605 | 0.5308 0.5308 0.2261 | 0.1432 25.1161 19.7137 0.2892 0.5615 0.6863 | -4.017
LOSS FORMAT: SEMANTIC_LOSS MEAN_IOU PIX_ACC | DEPTH_LOSS ABS_ERR REL_ERR | NORMAL_LOSS MEAN MED <11.25 <22.5 <30 | ∆m (test)
Epoch: 0162 | lr=0.0001 | epoch lenth=398 | train time: 192.031 s | method nashmtl | TRAIN: 0.3492 0.5697 0.7841 | 0.2509 0.2509 0.1192 | 0.1081 21.0897 15.7885 0.3606 0.6648 0.7779 || TEST: 1.3334 0.4005 0.6631 | 0.5130 0.5130 0.2079 | 0.1432 25.1273 19.7819 0.2879 0.5614 0.6862 | -5.252
LOSS FORMAT: SEMANTIC_LOSS MEAN_IOU PIX_ACC | DEPTH_LOSS ABS_ERR REL_ERR | NORMAL_LOSS MEAN MED <11.25 <22.5 <30 | ∆m (test)
Epoch: 0163 | lr=0.0001 | epoch lenth=398 | train time: 190.564 s | method nashmtl | TRAIN: 0.3547 0.5731 0.7846 | 0.2522 0.2522 0.1213 | 0.1094 21.1562 15.7564 0.3650 0.6640 0.7761 || TEST: 1.3782 0.3988 0.6611 | 0.5419 0.5419 0.2331 | 0.1436 25.1140 19.7035 0.2927 0.5623 0.6856 | -3.921
LOSS FORMAT: SEMANTIC_LOSS MEAN_IOU PIX_ACC | DEPTH_LOSS ABS_ERR REL_ERR | NORMAL_LOSS MEAN MED <11.25 <22.5 <30 | ∆m (test)
Epoch: 0164 | lr=0.0001 | epoch lenth=398 | train time: 206.640 s | method nashmtl | TRAIN: 0.3621 0.5706 0.7831 | 0.2571 0.2571 0.1238 | 0.1094 21.1839 15.8051 0.3613 0.6640 0.7766 || TEST: 1.3425 0.3925 0.6632 | 0.5493 0.5493 0.2219 | 0.1451 25.5876 20.5940 0.2702 0.5429 0.6739 | -1.984
LOSS FORMAT: SEMANTIC_LOSS MEAN_IOU PIX_ACC | DEPTH_LOSS ABS_ERR REL_ERR | NORMAL_LOSS MEAN MED <11.25 <22.5 <30 | ∆m (test)
Epoch: 0165 | lr=0.0001 | epoch lenth=398 | train time: 263.049 s | method nashmtl | TRAIN: 0.3573 0.5658 0.7839 | 0.2502 0.2502 0.1199 | 0.1079 21.0166 15.6273 0.3646 0.6680 0.7801 || TEST: 1.3249 0.4045 0.6656 | 0.5360 0.5360 0.2280 | 0.1444 25.2111 19.8356 0.2891 0.5605 0.6847 | -4.169
LOSS FORMAT: SEMANTIC_LOSS MEAN_IOU PIX_ACC | DEPTH_LOSS ABS_ERR REL_ERR | NORMAL_LOSS MEAN MED <11.25 <22.5 <30 | ∆m (test)
Epoch: 0166 | lr=0.0001 | epoch lenth=398 | train time: 191.088 s | method nashmtl | TRAIN: 0.3655 0.5770 0.7846 | 0.2526 0.2526 0.1200 | 0.1067 20.8663 15.5203 0.3686 0.6714 0.7823 || TEST: 1.3899 0.4079 0.6679 | 0.5347 0.5347 0.2247 | 0.1413 24.8708 19.4528 0.2950 0.5687 0.6920 | -5.326
LOSS FORMAT: SEMANTIC_LOSS MEAN_IOU PIX_ACC | DEPTH_LOSS ABS_ERR REL_ERR | NORMAL_LOSS MEAN MED <11.25 <22.5 <30 | ∆m (test)
Epoch: 0167 | lr=0.0001 | epoch lenth=398 | train time: 192.014 s | method nashmtl | TRAIN: 0.3445 0.5828 0.7886 | 0.2500 0.2500 0.1203 | 0.1067 20.8900 15.5692 0.3666 0.6711 0.7822 || TEST: 1.3211 0.4096 0.6681 | 0.5385 0.5385 0.2133 | 0.1437 25.3272 20.2511 0.2814 0.5505 0.6781 | -4.029
LOSS FORMAT: SEMANTIC_LOSS MEAN_IOU PIX_ACC | DEPTH_LOSS ABS_ERR REL_ERR | NORMAL_LOSS MEAN MED <11.25 <22.5 <30 | ∆m (test)
Epoch: 0168 | lr=0.0001 | epoch lenth=398 | train time: 191.721 s | method nashmtl | TRAIN: 0.3488 0.5812 0.7876 | 0.2530 0.2530 0.1218 | 0.1087 21.1183 15.6957 0.3620 0.6659 0.7783 || TEST: 1.3233 0.4101 0.6713 | 0.5273 0.5273 0.2188 | 0.1435 25.1767 19.7875 0.2869 0.5606 0.6856 | -4.918
LOSS FORMAT: SEMANTIC_LOSS MEAN_IOU PIX_ACC | DEPTH_LOSS ABS_ERR REL_ERR | NORMAL_LOSS MEAN MED <11.25 <22.5 <30 | ∆m (test)
Epoch: 0169 | lr=0.0001 | epoch lenth=398 | train time: 190.862 s | method nashmtl | TRAIN: 0.3552 0.5784 0.7894 | 0.2541 0.2541 0.1183 | 0.1059 20.7727 15.4730 0.3694 0.6737 0.7847 || TEST: 1.3719 0.4020 0.6618 | 0.5303 0.5303 0.2219 | 0.1432 25.1419 19.7979 0.2890 0.5595 0.6842 | -4.386
LOSS FORMAT: SEMANTIC_LOSS MEAN_IOU PIX_ACC | DEPTH_LOSS ABS_ERR REL_ERR | NORMAL_LOSS MEAN MED <11.25 <22.5 <30 | ∆m (test)
Epoch: 0170 | lr=0.0001 | epoch lenth=398 | train time: 191.763 s | method nashmtl | TRAIN: 0.3536 0.5713 0.7840 | 0.2503 0.2503 0.1198 | 0.1083 21.0732 15.7128 0.3632 0.6662 0.7792 || TEST: 1.3620 0.3926 0.6540 | 0.5434 0.5434 0.2142 | 0.1715 27.9308 22.4319 0.2566 0.5052 0.6280 | 1.845
LOSS FORMAT: SEMANTIC_LOSS MEAN_IOU PIX_ACC | DEPTH_LOSS ABS_ERR REL_ERR | NORMAL_LOSS MEAN MED <11.25 <22.5 <30 | ∆m (test)
Epoch: 0171 | lr=0.0001 | epoch lenth=398 | train time: 194.054 s | method nashmtl | TRAIN: 0.3588 0.5695 0.7792 | 0.2546 0.2546 0.1230 | 0.1105 21.2869 15.8881 0.3617 0.6610 0.7734 || TEST: 1.3230 0.3984 0.6638 | 0.5387 0.5387 0.2209 | 0.1438 25.2892 20.0584 0.2818 0.5554 0.6817 | -3.619
LOSS FORMAT: SEMANTIC_LOSS MEAN_IOU PIX_ACC | DEPTH_LOSS ABS_ERR REL_ERR | NORMAL_LOSS MEAN MED <11.25 <22.5 <30 | ∆m (test)
Epoch: 0172 | lr=0.0001 | epoch lenth=398 | train time: 192.497 s | method nashmtl | TRAIN: 0.3425 0.5807 0.7868 | 0.2506 0.2506 0.1179 | 0.1083 21.0671 15.7355 0.3637 0.6653 0.7785 || TEST: 1.3721 0.3899 0.6626 | 0.5414 0.5414 0.2308 | 0.1460 25.5367 20.4589 0.2808 0.5461 0.6738 | -2.223
LOSS FORMAT: SEMANTIC_LOSS MEAN_IOU PIX_ACC | DEPTH_LOSS ABS_ERR REL_ERR | NORMAL_LOSS MEAN MED <11.25 <22.5 <30 | ∆m (test)
Epoch: 0173 | lr=0.0001 | epoch lenth=398 | train time: 192.756 s | method nashmtl | TRAIN: 0.3371 0.5731 0.7876 | 0.2425 0.2425 0.1182 | 0.1082 21.0688 15.7097 0.3636 0.6662 0.7788 || TEST: 1.3419 0.4063 0.6615 | 0.5229 0.5229 0.2142 | 0.1432 25.1019 19.7545 0.2900 0.5618 0.6869 | -5.103
LOSS FORMAT: SEMANTIC_LOSS MEAN_IOU PIX_ACC | DEPTH_LOSS ABS_ERR REL_ERR | NORMAL_LOSS MEAN MED <11.25 <22.5 <30 | ∆m (test)
Epoch: 0174 | lr=0.0001 | epoch lenth=398 | train time: 191.160 s | method nashmtl | TRAIN: 0.3235 0.5858 0.7893 | 0.2433 0.2433 0.1147 | 0.1063 20.8193 15.4803 0.3695 0.6728 0.7841 || TEST: 1.3625 0.4050 0.6611 | 0.5246 0.5246 0.2174 | 0.1420 24.9516 19.5290 0.2935 0.5665 0.6903 | -5.379
LOSS FORMAT: SEMANTIC_LOSS MEAN_IOU PIX_ACC | DEPTH_LOSS ABS_ERR REL_ERR | NORMAL_LOSS MEAN MED <11.25 <22.5 <30 | ∆m (test)
Epoch: 0175 | lr=0.0001 | epoch lenth=398 | train time: 192.218 s | method nashmtl | TRAIN: 0.3564 0.5742 0.7838 | 0.2471 0.2471 0.1177 | 0.1083 21.0653 15.7240 0.3641 0.6663 0.7789 || TEST: 1.3206 0.4145 0.6672 | 0.5121 0.5121 0.2118 | 0.1425 25.1625 19.9977 0.2844 0.5560 0.6828 | -5.161
LOSS FORMAT: SEMANTIC_LOSS MEAN_IOU PIX_ACC | DEPTH_LOSS ABS_ERR REL_ERR | NORMAL_LOSS MEAN MED <11.25 <22.5 <30 | ∆m (test)
Epoch: 0176 | lr=0.0001 | epoch lenth=398 | train time: 190.765 s | method nashmtl | TRAIN: 0.3315 0.5856 0.7909 | 0.2538 0.2538 0.1232 | 0.1066 20.8558 15.5120 0.3681 0.6728 0.7840 || TEST: 1.3095 0.4127 0.6710 | 0.5354 0.5354 0.2155 | 0.1431 25.2076 20.0014 0.2845 0.5551 0.6823 | -4.597
LOSS FORMAT: SEMANTIC_LOSS MEAN_IOU PIX_ACC | DEPTH_LOSS ABS_ERR REL_ERR | NORMAL_LOSS MEAN MED <11.25 <22.5 <30 | ∆m (test)
Epoch: 0177 | lr=0.0001 | epoch lenth=398 | train time: 191.725 s | method nashmtl | TRAIN: 0.3312 0.5884 0.7927 | 0.2487 0.2487 0.1193 | 0.1092 21.1790 15.8189 0.3596 0.6640 0.7776 || TEST: 1.3858 0.4080 0.6681 | 0.5279 0.5279 0.2225 | 0.1426 25.0414 19.6758 0.2917 0.5622 0.6868 | -4.996
LOSS FORMAT: SEMANTIC_LOSS MEAN_IOU PIX_ACC | DEPTH_LOSS ABS_ERR REL_ERR | NORMAL_LOSS MEAN MED <11.25 <22.5 <30 | ∆m (test)
Epoch: 0178 | lr=0.0001 | epoch lenth=398 | train time: 190.450 s | method nashmtl | TRAIN: 0.3301 0.5804 0.7908 | 0.2473 0.2473 0.1168 | 0.1048 20.6644 15.3358 0.3718 0.6766 0.7876 || TEST: 1.3464 0.3891 0.6586 | 0.5382 0.5382 0.2183 | 0.1413 24.9832 19.7195 0.2896 0.5618 0.6872 | -4.202
LOSS FORMAT: SEMANTIC_LOSS MEAN_IOU PIX_ACC | DEPTH_LOSS ABS_ERR REL_ERR | NORMAL_LOSS MEAN MED <11.25 <22.5 <30 | ∆m (test)
Epoch: 0179 | lr=0.0001 | epoch lenth=398 | train time: 189.977 s | method nashmtl | TRAIN: 0.3301 0.5726 0.7868 | 0.2445 0.2445 0.1164 | 0.1035 20.4792 15.2034 0.3776 0.6807 0.7902 || TEST: 1.3625 0.4000 0.6676 | 0.5369 0.5369 0.2273 | 0.1431 25.0786 19.6722 0.2925 0.5622 0.6861 | -4.422
LOSS FORMAT: SEMANTIC_LOSS MEAN_IOU PIX_ACC | DEPTH_LOSS ABS_ERR REL_ERR | NORMAL_LOSS MEAN MED <11.25 <22.5 <30 | ∆m (test)
Epoch: 0180 | lr=0.0001 | epoch lenth=398 | train time: 192.074 s | method nashmtl | TRAIN: 0.3333 0.5806 0.7908 | 0.2432 0.2432 0.1165 | 0.1056 20.7519 15.4733 0.3695 0.6740 0.7854 || TEST: 1.3848 0.4176 0.6724 | 0.5296 0.5296 0.2227 | 0.1450 25.2508 19.7780 0.2894 0.5606 0.6845 | -5.008
LOSS FORMAT: SEMANTIC_LOSS MEAN_IOU PIX_ACC | DEPTH_LOSS ABS_ERR REL_ERR | NORMAL_LOSS MEAN MED <11.25 <22.5 <30 | ∆m (test)
Epoch: 0181 | lr=0.0001 | epoch lenth=398 | train time: 192.402 s | method nashmtl | TRAIN: 0.3372 0.5845 0.7919 | 0.2439 0.2439 0.1187 | 0.1057 20.7405 15.4074 0.3713 0.6752 0.7858 || TEST: 1.3747 0.4090 0.6687 | 0.5273 0.5273 0.2163 | 0.1419 25.0361 19.7507 0.2880 0.5617 0.6869 | -5.106
LOSS FORMAT: SEMANTIC_LOSS MEAN_IOU PIX_ACC | DEPTH_LOSS ABS_ERR REL_ERR | NORMAL_LOSS MEAN MED <11.25 <22.5 <30 | ∆m (test)
Epoch: 0182 | lr=0.0001 | epoch lenth=398 | train time: 191.423 s | method nashmtl | TRAIN: 0.3303 0.5859 0.7917 | 0.2388 0.2388 0.1149 | 0.1058 20.7313 15.3881 0.3723 0.6756 0.7863 || TEST: 1.3661 0.3845 0.6570 | 0.5330 0.5330 0.2078 | 0.1435 25.3391 20.2789 0.2794 0.5503 0.6782 | -3.320
LOSS FORMAT: SEMANTIC_LOSS MEAN_IOU PIX_ACC | DEPTH_LOSS ABS_ERR REL_ERR | NORMAL_LOSS MEAN MED <11.25 <22.5 <30 | ∆m (test)
Epoch: 0183 | lr=0.0001 | epoch lenth=398 | train time: 281.620 s | method nashmtl | TRAIN: 0.3150 0.5731 0.7890 | 0.2481 0.2481 0.1170 | 0.1031 20.4522 15.1781 0.3764 0.6818 0.7916 || TEST: 1.4184 0.3929 0.6546 | 0.5286 0.5286 0.2079 | 0.1469 25.5531 20.2424 0.2798 0.5514 0.6783 | -3.550
LOSS FORMAT: SEMANTIC_LOSS MEAN_IOU PIX_ACC | DEPTH_LOSS ABS_ERR REL_ERR | NORMAL_LOSS MEAN MED <11.25 <22.5 <30 | ∆m (test)
Epoch: 0184 | lr=0.0001 | epoch lenth=398 | train time: 190.956 s | method nashmtl | TRAIN: 0.3241 0.5803 0.7863 | 0.2381 0.2381 0.1129 | 0.1031 20.4644 15.1742 0.3754 0.6812 0.7914 || TEST: 1.4033 0.4038 0.6702 | 0.5369 0.5369 0.2257 | 0.1422 25.0043 19.6093 0.2910 0.5642 0.6890 | -4.737
LOSS FORMAT: SEMANTIC_LOSS MEAN_IOU PIX_ACC | DEPTH_LOSS ABS_ERR REL_ERR | NORMAL_LOSS MEAN MED <11.25 <22.5 <30 | ∆m (test)
Epoch: 0185 | lr=0.0001 | epoch lenth=398 | train time: 190.635 s | method nashmtl | TRAIN: 0.3206 0.5848 0.7940 | 0.2423 0.2423 0.1148 | 0.1056 20.7270 15.4186 0.3727 0.6738 0.7851 || TEST: 1.3425 0.4037 0.6695 | 0.5413 0.5413 0.2184 | 0.1442 25.4926 20.4748 0.2713 0.5462 0.6768 | -2.950
LOSS FORMAT: SEMANTIC_LOSS MEAN_IOU PIX_ACC | DEPTH_LOSS ABS_ERR REL_ERR | NORMAL_LOSS MEAN MED <11.25 <22.5 <30 | ∆m (test)
Epoch: 0186 | lr=0.0001 | epoch lenth=398 | train time: 192.692 s | method nashmtl | TRAIN: 0.3157 0.5868 0.7945 | 0.2405 0.2405 0.1129 | 0.1020 20.2859 14.9353 0.3825 0.6863 0.7941 || TEST: 1.3534 0.3896 0.6579 | 0.5725 0.5725 0.2464 | 0.1449 25.5305 20.4815 0.2730 0.5456 0.6749 | -0.708
LOSS FORMAT: SEMANTIC_LOSS MEAN_IOU PIX_ACC | DEPTH_LOSS ABS_ERR REL_ERR | NORMAL_LOSS MEAN MED <11.25 <22.5 <30 | ∆m (test)
Epoch: 0187 | lr=0.0001 | epoch lenth=398 | train time: 191.088 s | method nashmtl | TRAIN: 0.3196 0.5785 0.7886 | 0.2453 0.2453 0.1172 | 0.1044 20.6097 15.3337 0.3728 0.6785 0.7886 || TEST: 1.3388 0.3984 0.6603 | 0.5220 0.5220 0.2077 | 0.1414 25.0184 19.7369 0.2869 0.5622 0.6877 | -5.081
LOSS FORMAT: SEMANTIC_LOSS MEAN_IOU PIX_ACC | DEPTH_LOSS ABS_ERR REL_ERR | NORMAL_LOSS MEAN MED <11.25 <22.5 <30 | ∆m (test)
Epoch: 0188 | lr=0.0001 | epoch lenth=398 | train time: 191.073 s | method nashmtl | TRAIN: 0.3191 0.5841 0.7900 | 0.2421 0.2421 0.1162 | 0.1032 20.4545 15.1935 0.3766 0.6822 0.7919 || TEST: 1.2902 0.4084 0.6762 | 0.5304 0.5304 0.2221 | 0.1424 25.0842 19.8564 0.2894 0.5590 0.6845 | -4.817
LOSS FORMAT: SEMANTIC_LOSS MEAN_IOU PIX_ACC | DEPTH_LOSS ABS_ERR REL_ERR | NORMAL_LOSS MEAN MED <11.25 <22.5 <30 | ∆m (test)
Epoch: 0189 | lr=0.0001 | epoch lenth=398 | train time: 192.812 s | method nashmtl | TRAIN: 0.3025 0.5938 0.7995 | 0.2393 0.2393 0.1136 | 0.1032 20.4436 15.1288 0.3782 0.6821 0.7911 || TEST: 1.4451 0.3936 0.6573 | 0.5551 0.5551 0.2179 | 0.1582 26.6063 21.0974 0.2682 0.5335 0.6599 | -0.751
LOSS FORMAT: SEMANTIC_LOSS MEAN_IOU PIX_ACC | DEPTH_LOSS ABS_ERR REL_ERR | NORMAL_LOSS MEAN MED <11.25 <22.5 <30 | ∆m (test)
Epoch: 0190 | lr=0.0001 | epoch lenth=398 | train time: 190.399 s | method nashmtl | TRAIN: 0.2978 0.5830 0.7922 | 0.2325 0.2325 0.1108 | 0.1029 20.3881 15.1102 0.3817 0.6831 0.7918 || TEST: 1.3847 0.4062 0.6683 | 0.5277 0.5277 0.2201 | 0.1437 25.1524 19.7413 0.2895 0.5612 0.6858 | -4.841
LOSS FORMAT: SEMANTIC_LOSS MEAN_IOU PIX_ACC | DEPTH_LOSS ABS_ERR REL_ERR | NORMAL_LOSS MEAN MED <11.25 <22.5 <30 | ∆m (test)
Epoch: 0191 | lr=0.0001 | epoch lenth=398 | train time: 189.798 s | method nashmtl | TRAIN: 0.3119 0.5930 0.7949 | 0.2439 0.2439 0.1157 | 0.1020 20.2320 14.8939 0.3865 0.6887 0.7952 || TEST: 1.4903 0.3748 0.6464 | 0.5280 0.5280 0.2194 | 0.1417 24.9920 19.6705 0.2904 0.5632 0.6878 | -3.787
LOSS FORMAT: SEMANTIC_LOSS MEAN_IOU PIX_ACC | DEPTH_LOSS ABS_ERR REL_ERR | NORMAL_LOSS MEAN MED <11.25 <22.5 <30 | ∆m (test)
Epoch: 0192 | lr=0.0001 | epoch lenth=398 | train time: 192.797 s | method nashmtl | TRAIN: 0.3213 0.5715 0.7826 | 0.2501 0.2501 0.1208 | 0.1076 20.9857 15.7057 0.3646 0.6684 0.7807 || TEST: 1.4238 0.4119 0.6680 | 0.5138 0.5138 0.2108 | 0.1434 25.0682 19.5854 0.2922 0.5648 0.6880 | -5.934
LOSS FORMAT: SEMANTIC_LOSS MEAN_IOU PIX_ACC | DEPTH_LOSS ABS_ERR REL_ERR | NORMAL_LOSS MEAN MED <11.25 <22.5 <30 | ∆m (test)
Epoch: 0193 | lr=0.0001 | epoch lenth=398 | train time: 190.614 s | method nashmtl | TRAIN: 0.2956 0.5910 0.7973 | 0.2397 0.2397 0.1125 | 0.1020 20.3009 14.9723 0.3804 0.6869 0.7955 || TEST: 1.3623 0.4120 0.6727 | 0.5165 0.5165 0.2157 | 0.1410 24.9093 19.5753 0.2916 0.5652 0.6900 | -5.876
LOSS FORMAT: SEMANTIC_LOSS MEAN_IOU PIX_ACC | DEPTH_LOSS ABS_ERR REL_ERR | NORMAL_LOSS MEAN MED <11.25 <22.5 <30 | ∆m (test)
Epoch: 0194 | lr=0.0001 | epoch lenth=398 | train time: 190.729 s | method nashmtl | TRAIN: 0.2892 0.5988 0.8001 | 0.2338 0.2338 0.1113 | 0.1015 20.2347 14.8954 0.3827 0.6883 0.7959 || TEST: 1.4833 0.4009 0.6655 | 0.5272 0.5272 0.2165 | 0.1413 24.8886 19.5119 0.2940 0.5671 0.6914 | -5.411
LOSS FORMAT: SEMANTIC_LOSS MEAN_IOU PIX_ACC | DEPTH_LOSS ABS_ERR REL_ERR | NORMAL_LOSS MEAN MED <11.25 <22.5 <30 | ∆m (test)
Epoch: 0195 | lr=0.0001 | epoch lenth=398 | train time: 189.877 s | method nashmtl | TRAIN: 0.3079 0.5887 0.7937 | 0.2427 0.2427 0.1154 | 0.1027 20.3772 15.0369 0.3799 0.6847 0.7932 || TEST: 1.3905 0.4036 0.6632 | 0.5138 0.5138 0.2111 | 0.1427 25.2225 20.0921 0.2811 0.5549 0.6822 | -4.540
LOSS FORMAT: SEMANTIC_LOSS MEAN_IOU PIX_ACC | DEPTH_LOSS ABS_ERR REL_ERR | NORMAL_LOSS MEAN MED <11.25 <22.5 <30 | ∆m (test)
Epoch: 0196 | lr=0.0001 | epoch lenth=398 | train time: 192.051 s | method nashmtl | TRAIN: 0.2957 0.5959 0.7948 | 0.2309 0.2309 0.1099 | 0.1023 20.3317 15.0500 0.3809 0.6848 0.7940 || TEST: 1.3520 0.4108 0.6686 | 0.5169 0.5169 0.2102 | 0.1440 25.2534 20.0432 0.2870 0.5552 0.6807 | -5.043
LOSS FORMAT: SEMANTIC_LOSS MEAN_IOU PIX_ACC | DEPTH_LOSS ABS_ERR REL_ERR | NORMAL_LOSS MEAN MED <11.25 <22.5 <30 | ∆m (test)
Epoch: 0197 | lr=0.0001 | epoch lenth=398 | train time: 189.966 s | method nashmtl | TRAIN: 0.2834 0.6025 0.7995 | 0.2374 0.2374 0.1130 | 0.1012 20.1760 14.8449 0.3856 0.6893 0.7966 || TEST: 1.3400 0.4176 0.6696 | 0.5160 0.5160 0.2161 | 0.1432 25.2018 20.0501 0.2856 0.5552 0.6827 | -5.037
LOSS FORMAT: SEMANTIC_LOSS MEAN_IOU PIX_ACC | DEPTH_LOSS ABS_ERR REL_ERR | NORMAL_LOSS MEAN MED <11.25 <22.5 <30 | ∆m (test)
Epoch: 0198 | lr=0.0001 | epoch lenth=398 | train time: 190.963 s | method nashmtl | TRAIN: 0.2804 0.6036 0.8001 | 0.2322 0.2322 0.1104 | 0.0996 20.0210 14.7860 0.3876 0.6931 0.8001 || TEST: 1.3547 0.3947 0.6665 | 0.5210 0.5210 0.2157 | 0.1422 25.1740 20.0932 0.2820 0.5546 0.6832 | -4.101
LOSS FORMAT: SEMANTIC_LOSS MEAN_IOU PIX_ACC | DEPTH_LOSS ABS_ERR REL_ERR | NORMAL_LOSS MEAN MED <11.25 <22.5 <30 | ∆m (test)
Epoch: 0199 | lr=0.0001 | epoch lenth=398 | train time: 190.636 s | method nashmtl | TRAIN: 0.2761 0.5991 0.7998 | 0.2334 0.2334 0.1097 | 0.0998 19.9949 14.7307 0.3903 0.6946 0.8007 || TEST: 1.4243 0.3953 0.6668 | 0.5314 0.5314 0.2270 | 0.1416 25.0104 19.8145 0.2893 0.5602 0.6862 | -4.163
Training finished. ['1.8446 0.8711 42.8786', '1.7422 0.8422 40.0485', '1.8384 1.2483 39.9133', '1.7101 0.7965 37.9234', '1.6829 0.8133 36.1029', '1.6128 0.7724 35.6528', '1.6328 0.8010 35.4705', '1.5498 0.7806 34.7272', '1.5462 0.7696 34.3571', '1.5276 0.7301 32.7892', '1.5664 0.7119 33.5513', '1.5118 0.7131 32.8967', '1.4894 0.6990 32.3230', '1.5770 0.7126 32.9782', '1.4138 0.6975 32.2747', '1.4203 0.7039 31.7708', '1.4530 0.7954 31.6839', '1.5154 0.7300 32.8734', '1.4001 0.6614 30.9813', '1.4116 0.6839 31.2072', '1.4201 0.6899 30.9718', '1.3811 0.8014 30.6816', '1.3308 0.6409 30.2095', '1.3435 0.6845 30.3816', '1.3362 0.6662 30.2156', '1.3208 0.6710 29.9434', '1.2937 0.6293 29.7447', '1.3143 0.6272 29.4260', '1.2979 0.6374 29.8126', '1.3137 0.6720 29.6087', '1.2660 0.6234 29.1217', '1.2862 0.6206 29.5343', '1.2539 0.6828 29.0289', '1.3166 0.6530 29.2484', '1.2945 0.6319 29.2926', '1.2683 0.6534 28.5522', '1.2457 0.6359 28.8559', '1.2667 0.6890 29.1445', '1.2321 0.6263 28.3136', '1.2363 0.6486 28.2563', '1.3171 0.6389 28.9797', '1.2077 0.6726 28.1765', '1.2846 0.6366 28.7944', '1.2406 0.7348 27.6855', '1.2296 0.5984 28.5787', '1.1945 0.6239 27.9490', '1.2274 0.6727 27.8202', '1.2026 0.6421 27.7941', '1.2295 0.6128 27.9449', '1.1919 0.5666 27.6763', '1.2302 0.6228 28.0147', '1.1900 0.5830 27.6000', '1.2537 0.5730 27.7442', '1.2605 0.5943 27.6576', '1.2103 0.5708 27.2945', '1.1473 0.6172 27.2517', '1.2161 0.6069 27.5384', '1.1704 0.6764 27.2790', '1.2624 0.5930 27.2956', '1.1811 0.5691 27.6956', '1.1659 0.5903 27.0205', '1.1980 0.5645 27.1254', '1.3180 0.6015 27.1435', '1.2086 0.6501 27.5036', '1.1874 0.5622 26.5836', '1.1529 0.5856 26.7282', '1.3182 0.6602 28.1275', '1.1551 0.6203 27.6156', '1.1629 0.5801 26.5095', '1.2019 0.5730 27.0608', '1.2458 0.5966 26.9062', '1.2344 0.5716 26.5334', '1.1465 0.6176 26.4903', '1.1906 0.5709 26.8682', '1.1698 0.5514 26.4461', '1.2377 0.5819 27.7199', '1.1734 0.5959 26.4220', '1.2414 0.5801 26.7020', '1.2041 0.5728 26.6070', '1.1643 0.5455 26.2653', '1.1910 0.5750 26.3396', '1.1967 0.5564 26.2713', '1.2090 0.5596 26.4908', '1.2384 0.5590 26.1137', '1.2309 0.6104 26.2559', '1.2079 0.5724 26.1623', '1.2391 0.5538 25.9745', '1.2157 0.5810 26.0414', '1.2527 0.5663 26.1220', '1.2010 0.5903 26.3793', '1.1913 0.5991 26.4284', '1.1849 0.5556 26.1905', '1.3033 0.5635 26.3255', '1.2621 0.5651 25.9492', '1.1994 0.5535 26.4119', '1.1950 0.5897 26.3529', '1.2206 0.5526 26.2860', '1.2001 0.5580 25.7440', '1.1791 0.5432 25.8091', '1.2822 0.5507 26.1781', '1.1685 0.5465 25.6785', '1.1975 0.5354 25.1533', '1.2389 0.5375 25.2352', '1.2035 0.5330 25.2835', '1.1081 0.5751 25.6080', '1.1909 0.5480 25.3016', '1.2155 0.5378 25.5885', '1.1816 0.5540 25.5386', '1.2295 0.5541 25.2278', '1.2095 0.5436 25.3585', '1.2038 0.5392 25.5246', '1.1916 0.5483 25.4437', '1.2091 0.5762 25.3539', '1.2674 0.5377 24.9806', '1.2302 0.5426 25.5903', '1.1990 0.5640 25.5305', '1.2138 0.5467 25.1777', '1.2236 0.5270 25.3458', '1.2506 0.5479 25.3887', '1.2881 0.5480 25.3496', '1.2468 0.5399 25.3398', '1.2621 0.5776 25.3564', '1.2684 0.5292 25.0348', '1.2693 0.6140 25.8827', '1.2570 0.5430 25.5920', '1.2412 0.5231 25.1887', '1.2450 0.5477 25.8257', '1.2333 0.5431 24.9406', '1.2226 0.5335 25.0697', '1.2762 0.5530 25.3639', '1.2705 0.5387 25.4960', '1.2446 0.5272 25.0000', '1.3050 0.5713 25.5227', '1.2828 0.5306 25.1425', '1.2553 0.5273 25.2476', '1.3132 0.5407 25.4807', '1.3092 0.5460 25.2439', '1.2373 0.5634 26.8894', '1.2876 0.5302 25.1558', '1.2424 0.5294 25.2491', '1.2519 0.5572 24.9244', '1.4029 0.5418 25.1597', '1.3469 0.5385 25.1277', '1.3399 0.5214 25.1341', '1.2749 0.5321 24.9405', '1.2801 0.5436 25.4343', '1.2922 0.5202 25.2673', '1.3176 0.5500 25.6597', '1.2845 0.5291 25.3718', '1.4088 0.5342 25.0647', '1.2816 0.5303 25.2154', '1.3254 0.5394 26.2846', '1.3272 0.5400 25.4022', '1.3337 0.5397 25.1328', '1.3110 0.5309 25.1381', '1.3425 0.5390 25.2033', '1.3106 0.5335 25.3370', '1.3850 0.5321 25.0508', '1.3019 0.5301 25.2761', '1.3597 0.5245 25.3190', '1.3583 0.5415 25.3333', '1.3303 0.5308 25.1161', '1.3334 0.5130 25.1273', '1.3782 0.5419 25.1140', '1.3425 0.5493 25.5876', '1.3249 0.5360 25.2111', '1.3899 0.5347 24.8708', '1.3211 0.5385 25.3272', '1.3233 0.5273 25.1767', '1.3719 0.5303 25.1419', '1.3620 0.5434 27.9308', '1.3230 0.5387 25.2892', '1.3721 0.5414 25.5367', '1.3419 0.5229 25.1019', '1.3625 0.5246 24.9516', '1.3206 0.5121 25.1625', '1.3095 0.5354 25.2076', '1.3858 0.5279 25.0414', '1.3464 0.5382 24.9832', '1.3625 0.5369 25.0786', '1.3848 0.5296 25.2508', '1.3747 0.5273 25.0361', '1.3661 0.5330 25.3391', '1.4184 0.5286 25.5531', '1.4033 0.5369 25.0043', '1.3425 0.5413 25.4926', '1.3534 0.5725 25.5305', '1.3388 0.5220 25.0184', '1.2902 0.5304 25.0842', '1.4451 0.5551 26.6063', '1.3847 0.5277 25.1524', '1.4903 0.5280 24.9920', '1.4238 0.5138 25.0682', '1.3623 0.5165 24.9093', '1.4833 0.5272 24.8886', '1.3905 0.5138 25.2225', '1.3520 0.5169 25.2534', '1.3400 0.5160 25.2018', '1.3547 0.5210 25.1740', '1.4243 0.5314 25.0104']
