Defaulting to user installation because normal site-packages is not writeable
Looking in indexes: https://pypi.org/simple, https://download.pytorch.org/whl/cu113
Requirement already satisfied: torch==1.12.1+cu113 in /home/mx6835/.local/lib/python3.10/site-packages (1.12.1+cu113)
Requirement already satisfied: torchvision==0.13.1+cu113 in /home/mx6835/.local/lib/python3.10/site-packages (0.13.1+cu113)
Requirement already satisfied: torchaudio==0.12.1 in /home/mx6835/.local/lib/python3.10/site-packages (0.12.1+cu113)
Requirement already satisfied: typing-extensions in /home/mx6835/.local/lib/python3.10/site-packages (from torch==1.12.1+cu113) (4.7.1)
Requirement already satisfied: requests in /home/mx6835/.local/lib/python3.10/site-packages (from torchvision==0.13.1+cu113) (2.31.0)
Requirement already satisfied: pillow!=8.3.*,>=5.3.0 in /home/mx6835/.local/lib/python3.10/site-packages (from torchvision==0.13.1+cu113) (10.1.0)
Requirement already satisfied: numpy in /home/mx6835/.local/lib/python3.10/site-packages (from torchvision==0.13.1+cu113) (1.25.2)
Requirement already satisfied: certifi>=2017.4.17 in /home/mx6835/.local/lib/python3.10/site-packages (from requests->torchvision==0.13.1+cu113) (2023.7.22)
Requirement already satisfied: charset-normalizer<4,>=2 in /home/mx6835/.local/lib/python3.10/site-packages (from requests->torchvision==0.13.1+cu113) (3.2.0)
Requirement already satisfied: idna<4,>=2.5 in /home/mx6835/.local/lib/python3.10/site-packages (from requests->torchvision==0.13.1+cu113) (3.4)
Requirement already satisfied: urllib3<3,>=1.21.1 in /home/mx6835/.local/lib/python3.10/site-packages (from requests->torchvision==0.13.1+cu113) (2.0.4)
Defaulting to user installation because normal site-packages is not writeable
Obtaining file:///home/mx6835/acdemic/MM/MTL-main
  Preparing metadata (setup.py): started
  Preparing metadata (setup.py): finished with status 'done'
Requirement already satisfied: matplotlib>=3.2.1 in /home/mx6835/.local/lib/python3.10/site-packages (from mtl==1.0.0) (3.8.0)
Requirement already satisfied: numpy>=1.18.2 in /home/mx6835/.local/lib/python3.10/site-packages (from mtl==1.0.0) (1.25.2)
Requirement already satisfied: cvxpy in /home/mx6835/.local/lib/python3.10/site-packages (from mtl==1.0.0) (1.4.3)
Requirement already satisfied: tqdm>=4.45.0 in /home/mx6835/.local/lib/python3.10/site-packages (from mtl==1.0.0) (4.66.1)
Requirement already satisfied: pandas in /home/mx6835/.local/lib/python3.10/site-packages (from mtl==1.0.0) (2.1.0)
Requirement already satisfied: scikit-learn in /home/mx6835/.local/lib/python3.10/site-packages (from mtl==1.0.0) (1.0.2)
Requirement already satisfied: seaborn in /home/mx6835/.local/lib/python3.10/site-packages (from mtl==1.0.0) (0.13.2)
Requirement already satisfied: wandb==0.12.21 in /home/mx6835/.local/lib/python3.10/site-packages (from mtl==1.0.0) (0.12.21)
Requirement already satisfied: plotly in /home/mx6835/.local/lib/python3.10/site-packages (from mtl==1.0.0) (5.20.0)
Requirement already satisfied: torch_geometric in /home/mx6835/.local/lib/python3.10/site-packages (from mtl==1.0.0) (2.5.2)
Requirement already satisfied: psutil>=5.0.0 in /home/mx6835/.local/lib/python3.10/site-packages (from wandb==0.12.21->mtl==1.0.0) (5.9.5)
Requirement already satisfied: GitPython>=1.0.0 in /home/mx6835/.local/lib/python3.10/site-packages (from wandb==0.12.21->mtl==1.0.0) (3.1.43)
Requirement already satisfied: Click!=8.0.0,>=7.0 in /home/mx6835/.local/lib/python3.10/site-packages (from wandb==0.12.21->mtl==1.0.0) (8.1.7)
Requirement already satisfied: docker-pycreds>=0.4.0 in /home/mx6835/.local/lib/python3.10/site-packages (from wandb==0.12.21->mtl==1.0.0) (0.4.0)
Requirement already satisfied: pathtools in /home/mx6835/.local/lib/python3.10/site-packages (from wandb==0.12.21->mtl==1.0.0) (0.1.2)
Requirement already satisfied: protobuf<4.0dev,>=3.12.0 in /home/mx6835/.local/lib/python3.10/site-packages (from wandb==0.12.21->mtl==1.0.0) (3.20.3)
Requirement already satisfied: setproctitle in /home/mx6835/.local/lib/python3.10/site-packages (from wandb==0.12.21->mtl==1.0.0) (1.3.3)
Requirement already satisfied: promise<3,>=2.0 in /home/mx6835/.local/lib/python3.10/site-packages (from wandb==0.12.21->mtl==1.0.0) (2.3)
Requirement already satisfied: setuptools in /home/mx6835/.local/lib/python3.10/site-packages (from wandb==0.12.21->mtl==1.0.0) (69.1.0)
Requirement already satisfied: shortuuid>=0.5.0 in /home/mx6835/.local/lib/python3.10/site-packages (from wandb==0.12.21->mtl==1.0.0) (1.0.13)
Requirement already satisfied: sentry-sdk>=1.0.0 in /home/mx6835/.local/lib/python3.10/site-packages (from wandb==0.12.21->mtl==1.0.0) (1.45.0)
Requirement already satisfied: requests<3,>=2.0.0 in /home/mx6835/.local/lib/python3.10/site-packages (from wandb==0.12.21->mtl==1.0.0) (2.31.0)
Requirement already satisfied: six>=1.13.0 in /home/mx6835/.local/lib/python3.10/site-packages (from wandb==0.12.21->mtl==1.0.0) (1.16.0)
Requirement already satisfied: PyYAML in /home/mx6835/.local/lib/python3.10/site-packages (from wandb==0.12.21->mtl==1.0.0) (6.0.1)
Requirement already satisfied: cycler>=0.10 in /home/mx6835/.local/lib/python3.10/site-packages (from matplotlib>=3.2.1->mtl==1.0.0) (0.12.1)
Requirement already satisfied: packaging>=20.0 in /home/mx6835/.local/lib/python3.10/site-packages (from matplotlib>=3.2.1->mtl==1.0.0) (23.1)
Requirement already satisfied: python-dateutil>=2.7 in /home/mx6835/.local/lib/python3.10/site-packages (from matplotlib>=3.2.1->mtl==1.0.0) (2.8.2)
Requirement already satisfied: kiwisolver>=1.0.1 in /home/mx6835/.local/lib/python3.10/site-packages (from matplotlib>=3.2.1->mtl==1.0.0) (1.4.5)
Requirement already satisfied: pyparsing>=2.3.1 in /home/mx6835/.local/lib/python3.10/site-packages (from matplotlib>=3.2.1->mtl==1.0.0) (3.1.1)
Requirement already satisfied: fonttools>=4.22.0 in /home/mx6835/.local/lib/python3.10/site-packages (from matplotlib>=3.2.1->mtl==1.0.0) (4.43.1)
Requirement already satisfied: pillow>=6.2.0 in /home/mx6835/.local/lib/python3.10/site-packages (from matplotlib>=3.2.1->mtl==1.0.0) (10.1.0)
Requirement already satisfied: contourpy>=1.0.1 in /home/mx6835/.local/lib/python3.10/site-packages (from matplotlib>=3.2.1->mtl==1.0.0) (1.1.1)
Requirement already satisfied: scipy>=1.1.0 in /home/mx6835/.local/lib/python3.10/site-packages (from cvxpy->mtl==1.0.0) (1.11.2)
Requirement already satisfied: clarabel>=0.5.0 in /home/mx6835/.local/lib/python3.10/site-packages (from cvxpy->mtl==1.0.0) (0.7.1)
Requirement already satisfied: osqp>=0.6.2 in /home/mx6835/.local/lib/python3.10/site-packages (from cvxpy->mtl==1.0.0) (0.6.5)
Requirement already satisfied: scs>=3.0 in /home/mx6835/.local/lib/python3.10/site-packages (from cvxpy->mtl==1.0.0) (3.2.4.post1)
Requirement already satisfied: pybind11 in /home/mx6835/.local/lib/python3.10/site-packages (from cvxpy->mtl==1.0.0) (2.12.0)
Requirement already satisfied: ecos>=2 in /home/mx6835/.local/lib/python3.10/site-packages (from cvxpy->mtl==1.0.0) (2.0.13)
Requirement already satisfied: pytz>=2020.1 in /home/mx6835/.local/lib/python3.10/site-packages (from pandas->mtl==1.0.0) (2023.3)
Requirement already satisfied: tzdata>=2022.1 in /home/mx6835/.local/lib/python3.10/site-packages (from pandas->mtl==1.0.0) (2023.3)
Requirement already satisfied: tenacity>=6.2.0 in /home/mx6835/.local/lib/python3.10/site-packages (from plotly->mtl==1.0.0) (8.2.3)
Requirement already satisfied: joblib>=0.11 in /home/mx6835/.local/lib/python3.10/site-packages (from scikit-learn->mtl==1.0.0) (1.3.2)
Requirement already satisfied: threadpoolctl>=2.0.0 in /home/mx6835/.local/lib/python3.10/site-packages (from scikit-learn->mtl==1.0.0) (3.2.0)
Requirement already satisfied: jinja2 in /home/mx6835/.local/lib/python3.10/site-packages (from torch_geometric->mtl==1.0.0) (3.1.2)
Requirement already satisfied: aiohttp in /home/mx6835/.local/lib/python3.10/site-packages (from torch_geometric->mtl==1.0.0) (3.8.5)
Requirement already satisfied: fsspec in /home/mx6835/.local/lib/python3.10/site-packages (from torch_geometric->mtl==1.0.0) (2023.6.0)
Requirement already satisfied: gitdb<5,>=4.0.1 in /home/mx6835/.local/lib/python3.10/site-packages (from GitPython>=1.0.0->wandb==0.12.21->mtl==1.0.0) (4.0.11)
Requirement already satisfied: qdldl in /home/mx6835/.local/lib/python3.10/site-packages (from osqp>=0.6.2->cvxpy->mtl==1.0.0) (0.1.7.post1)
Requirement already satisfied: charset-normalizer<4,>=2 in /home/mx6835/.local/lib/python3.10/site-packages (from requests<3,>=2.0.0->wandb==0.12.21->mtl==1.0.0) (3.2.0)
Requirement already satisfied: urllib3<3,>=1.21.1 in /home/mx6835/.local/lib/python3.10/site-packages (from requests<3,>=2.0.0->wandb==0.12.21->mtl==1.0.0) (2.0.4)
Requirement already satisfied: idna<4,>=2.5 in /home/mx6835/.local/lib/python3.10/site-packages (from requests<3,>=2.0.0->wandb==0.12.21->mtl==1.0.0) (3.4)
Requirement already satisfied: certifi>=2017.4.17 in /home/mx6835/.local/lib/python3.10/site-packages (from requests<3,>=2.0.0->wandb==0.12.21->mtl==1.0.0) (2023.7.22)
Requirement already satisfied: yarl<2.0,>=1.0 in /home/mx6835/.local/lib/python3.10/site-packages (from aiohttp->torch_geometric->mtl==1.0.0) (1.9.2)
Requirement already satisfied: async-timeout<5.0,>=4.0.0a3 in /home/mx6835/.local/lib/python3.10/site-packages (from aiohttp->torch_geometric->mtl==1.0.0) (4.0.3)
Requirement already satisfied: aiosignal>=1.1.2 in /home/mx6835/.local/lib/python3.10/site-packages (from aiohttp->torch_geometric->mtl==1.0.0) (1.3.1)
Requirement already satisfied: multidict<7.0,>=4.5 in /home/mx6835/.local/lib/python3.10/site-packages (from aiohttp->torch_geometric->mtl==1.0.0) (6.0.4)
Requirement already satisfied: frozenlist>=1.1.1 in /home/mx6835/.local/lib/python3.10/site-packages (from aiohttp->torch_geometric->mtl==1.0.0) (1.4.0)
Requirement already satisfied: attrs>=17.3.0 in /home/mx6835/.local/lib/python3.10/site-packages (from aiohttp->torch_geometric->mtl==1.0.0) (23.1.0)
Requirement already satisfied: MarkupSafe>=2.0 in /home/mx6835/.local/lib/python3.10/site-packages (from jinja2->torch_geometric->mtl==1.0.0) (2.1.3)
Requirement already satisfied: smmap<6,>=3.0.1 in /home/mx6835/.local/lib/python3.10/site-packages (from gitdb<5,>=4.0.1->GitPython>=1.0.0->wandb==0.12.21->mtl==1.0.0) (5.0.1)
Installing collected packages: mtl
  Attempting uninstall: mtl
    Found existing installation: mtl 1.0.0
    Uninstalling mtl-1.0.0:
      Successfully uninstalled mtl-1.0.0
  Running setup.py develop for mtl
Successfully installed mtl-1.0.0
LOSS FORMAT: SEMANTIC_LOSS MEAN_IOU PIX_ACC | DEPTH_LOSS ABS_ERR REL_ERR | NORMAL_LOSS MEAN MED <11.25 <22.5 <30 | ∆m (test)
Epoch: 0000 | lr=0.0001 | epoch lenth=398 | train time: 253.640 s | method pmgdn | TRAIN: 1.9716 0.0750 0.3449 | 0.8830 0.8661 0.3998 | 0.3654 46.3970 44.7427 0.0381 0.1474 0.2541 || TEST: 1.8160 0.0995 0.3822 | 0.9300 0.9300 0.3477 | 0.3193 43.6535 42.3732 0.0422 0.1590 0.2766 | 65.572
LOSS FORMAT: SEMANTIC_LOSS MEAN_IOU PIX_ACC | DEPTH_LOSS ABS_ERR REL_ERR | NORMAL_LOSS MEAN MED <11.25 <22.5 <30 | ∆m (test)
Epoch: 0001 | lr=0.0001 | epoch lenth=398 | train time: 103.275 s | method pmgdn | TRAIN: 1.7913 0.0981 0.3918 | 0.8393 0.8261 0.3772 | 0.3116 42.0755 40.2525 0.0557 0.2087 0.3322 || TEST: 1.7523 0.1071 0.3937 | 0.8679 0.8679 0.3489 | 0.2937 41.1959 39.4331 0.0553 0.2117 0.3417 | 58.834
LOSS FORMAT: SEMANTIC_LOSS MEAN_IOU PIX_ACC | DEPTH_LOSS ABS_ERR REL_ERR | NORMAL_LOSS MEAN MED <11.25 <22.5 <30 | ∆m (test)
Epoch: 0002 | lr=0.0001 | epoch lenth=398 | train time: 103.709 s | method pmgdn | TRAIN: 1.7389 0.1057 0.4067 | 0.8138 0.8009 0.3772 | 0.2987 40.8086 38.9260 0.0665 0.2343 0.3582 || TEST: 1.7775 0.0953 0.3999 | 1.3348 1.3348 0.4312 | 0.2950 41.3140 39.7586 0.0579 0.2095 0.3362 | 70.317
LOSS FORMAT: SEMANTIC_LOSS MEAN_IOU PIX_ACC | DEPTH_LOSS ABS_ERR REL_ERR | NORMAL_LOSS MEAN MED <11.25 <22.5 <30 | ∆m (test)
Epoch: 0003 | lr=0.0001 | epoch lenth=398 | train time: 103.613 s | method pmgdn | TRAIN: 1.7084 0.1039 0.4150 | 0.8196 0.8068 0.3742 | 0.2894 40.0915 38.1507 0.0714 0.2409 0.3668 || TEST: 1.6890 0.1172 0.4236 | 0.8973 0.8973 0.3193 | 0.2717 38.9868 37.0755 0.0797 0.2629 0.3894 | 52.315
LOSS FORMAT: SEMANTIC_LOSS MEAN_IOU PIX_ACC | DEPTH_LOSS ABS_ERR REL_ERR | NORMAL_LOSS MEAN MED <11.25 <22.5 <30 | ∆m (test)
Epoch: 0004 | lr=0.0001 | epoch lenth=398 | train time: 103.635 s | method pmgdn | TRAIN: 1.6745 0.1186 0.4318 | 0.8017 0.7892 0.3633 | 0.2808 39.2788 37.2783 0.0803 0.2561 0.3833 || TEST: 1.6536 0.1234 0.4321 | 0.7988 0.7988 0.3130 | 0.2625 38.0585 36.3368 0.0993 0.2746 0.3974 | 48.196
LOSS FORMAT: SEMANTIC_LOSS MEAN_IOU PIX_ACC | DEPTH_LOSS ABS_ERR REL_ERR | NORMAL_LOSS MEAN MED <11.25 <22.5 <30 | ∆m (test)
Epoch: 0005 | lr=0.0001 | epoch lenth=398 | train time: 103.437 s | method pmgdn | TRAIN: 1.6697 0.1219 0.4391 | 0.7771 0.7640 0.3536 | 0.2777 38.9594 36.9631 0.0830 0.2605 0.3870 || TEST: 1.6202 0.1349 0.4443 | 0.8074 0.8074 0.3183 | 0.2598 37.6028 35.0552 0.1015 0.2957 0.4207 | 46.198
LOSS FORMAT: SEMANTIC_LOSS MEAN_IOU PIX_ACC | DEPTH_LOSS ABS_ERR REL_ERR | NORMAL_LOSS MEAN MED <11.25 <22.5 <30 | ∆m (test)
Epoch: 0006 | lr=0.0001 | epoch lenth=398 | train time: 103.584 s | method pmgdn | TRAIN: 1.6250 0.1329 0.4515 | 0.7845 0.7713 0.3605 | 0.2719 38.3070 36.0791 0.0938 0.2772 0.4050 || TEST: 1.6058 0.1422 0.4505 | 0.9180 0.9180 0.3092 | 0.2524 37.2780 35.3030 0.0972 0.2813 0.4104 | 47.937
LOSS FORMAT: SEMANTIC_LOSS MEAN_IOU PIX_ACC | DEPTH_LOSS ABS_ERR REL_ERR | NORMAL_LOSS MEAN MED <11.25 <22.5 <30 | ∆m (test)
Epoch: 0007 | lr=0.0001 | epoch lenth=398 | train time: 102.950 s | method pmgdn | TRAIN: 1.6091 0.1386 0.4565 | 0.7853 0.7710 0.3434 | 0.2644 37.5115 35.0886 0.1043 0.2912 0.4180 || TEST: 1.5611 0.1483 0.4710 | 0.7914 0.7914 0.3110 | 0.2464 36.0390 33.5796 0.1402 0.3312 0.4470 | 40.701
LOSS FORMAT: SEMANTIC_LOSS MEAN_IOU PIX_ACC | DEPTH_LOSS ABS_ERR REL_ERR | NORMAL_LOSS MEAN MED <11.25 <22.5 <30 | ∆m (test)
Epoch: 0008 | lr=0.0001 | epoch lenth=398 | train time: 103.688 s | method pmgdn | TRAIN: 1.5959 0.1446 0.4699 | 0.7601 0.7449 0.3422 | 0.2624 37.2769 34.7817 0.1068 0.2984 0.4250 || TEST: 1.5335 0.1464 0.4811 | 0.7874 0.7874 0.3034 | 0.2410 35.7721 33.2581 0.1305 0.3238 0.4483 | 40.385
LOSS FORMAT: SEMANTIC_LOSS MEAN_IOU PIX_ACC | DEPTH_LOSS ABS_ERR REL_ERR | NORMAL_LOSS MEAN MED <11.25 <22.5 <30 | ∆m (test)
Epoch: 0009 | lr=0.0001 | epoch lenth=398 | train time: 103.642 s | method pmgdn | TRAIN: 1.5514 0.1494 0.4844 | 0.7693 0.7545 0.3425 | 0.2550 36.4858 33.7141 0.1187 0.3151 0.4428 || TEST: 1.4980 0.1640 0.4891 | 0.7611 0.7611 0.2928 | 0.2324 35.0287 32.3785 0.1327 0.3340 0.4622 | 37.536
LOSS FORMAT: SEMANTIC_LOSS MEAN_IOU PIX_ACC | DEPTH_LOSS ABS_ERR REL_ERR | NORMAL_LOSS MEAN MED <11.25 <22.5 <30 | ∆m (test)
Epoch: 0010 | lr=0.0001 | epoch lenth=398 | train time: 103.991 s | method pmgdn | TRAIN: 1.5202 0.1612 0.4931 | 0.7500 0.7353 0.3397 | 0.2477 35.7995 32.8414 0.1259 0.3274 0.4569 || TEST: 1.5525 0.1660 0.4727 | 0.7780 0.7780 0.2867 | 0.2308 34.8860 32.2184 0.1340 0.3347 0.4656 | 37.527
LOSS FORMAT: SEMANTIC_LOSS MEAN_IOU PIX_ACC | DEPTH_LOSS ABS_ERR REL_ERR | NORMAL_LOSS MEAN MED <11.25 <22.5 <30 | ∆m (test)
Epoch: 0011 | lr=0.0001 | epoch lenth=398 | train time: 104.524 s | method pmgdn | TRAIN: 1.4941 0.1662 0.4882 | 0.7424 0.7275 0.3346 | 0.2446 35.4477 32.4309 0.1318 0.3353 0.4648 || TEST: 1.4894 0.1808 0.4952 | 0.7914 0.7914 0.2931 | 0.2250 34.0838 31.0448 0.1534 0.3592 0.4859 | 34.626
LOSS FORMAT: SEMANTIC_LOSS MEAN_IOU PIX_ACC | DEPTH_LOSS ABS_ERR REL_ERR | NORMAL_LOSS MEAN MED <11.25 <22.5 <30 | ∆m (test)
Epoch: 0012 | lr=0.0001 | epoch lenth=398 | train time: 103.729 s | method pmgdn | TRAIN: 1.4936 0.1745 0.4999 | 0.7407 0.7239 0.3355 | 0.2462 35.5324 32.4367 0.1283 0.3330 0.4637 || TEST: 1.4784 0.1755 0.4944 | 0.7555 0.7555 0.3031 | 0.2291 34.3430 31.2546 0.1573 0.3586 0.4828 | 34.761
LOSS FORMAT: SEMANTIC_LOSS MEAN_IOU PIX_ACC | DEPTH_LOSS ABS_ERR REL_ERR | NORMAL_LOSS MEAN MED <11.25 <22.5 <30 | ∆m (test)
Epoch: 0013 | lr=0.0001 | epoch lenth=398 | train time: 103.427 s | method pmgdn | TRAIN: 1.4677 0.1745 0.5051 | 0.7379 0.7212 0.3253 | 0.2394 34.7869 31.5504 0.1424 0.3487 0.4781 || TEST: 1.4355 0.1774 0.5167 | 0.7315 0.7315 0.2993 | 0.2146 32.8765 29.3381 0.1758 0.3874 0.5124 | 30.292
LOSS FORMAT: SEMANTIC_LOSS MEAN_IOU PIX_ACC | DEPTH_LOSS ABS_ERR REL_ERR | NORMAL_LOSS MEAN MED <11.25 <22.5 <30 | ∆m (test)
Epoch: 0014 | lr=0.0001 | epoch lenth=398 | train time: 104.200 s | method pmgdn | TRAIN: 1.4851 0.1743 0.5119 | 0.7307 0.7136 0.3209 | 0.2390 34.7465 31.3284 0.1401 0.3506 0.4805 || TEST: 1.4099 0.1890 0.5191 | 0.7150 0.7150 0.2849 | 0.2139 32.9692 29.5347 0.1640 0.3802 0.5103 | 29.831
LOSS FORMAT: SEMANTIC_LOSS MEAN_IOU PIX_ACC | DEPTH_LOSS ABS_ERR REL_ERR | NORMAL_LOSS MEAN MED <11.25 <22.5 <30 | ∆m (test)
Epoch: 0015 | lr=0.0001 | epoch lenth=398 | train time: 103.870 s | method pmgdn | TRAIN: 1.4530 0.1852 0.5200 | 0.7028 0.6862 0.3137 | 0.2330 34.2612 30.9497 0.1447 0.3555 0.4877 || TEST: 1.3960 0.1949 0.5177 | 0.8142 0.8142 0.2832 | 0.2087 32.3568 28.6267 0.1760 0.3965 0.5250 | 29.458
LOSS FORMAT: SEMANTIC_LOSS MEAN_IOU PIX_ACC | DEPTH_LOSS ABS_ERR REL_ERR | NORMAL_LOSS MEAN MED <11.25 <22.5 <30 | ∆m (test)
Epoch: 0016 | lr=0.0001 | epoch lenth=398 | train time: 104.415 s | method pmgdn | TRAIN: 1.4373 0.1925 0.5218 | 0.7115 0.6950 0.3141 | 0.2306 33.9462 30.3880 0.1485 0.3636 0.4960 || TEST: 1.4237 0.1810 0.5111 | 0.9424 0.9424 0.3179 | 0.2059 32.1488 28.5650 0.1765 0.3972 0.5260 | 33.292
LOSS FORMAT: SEMANTIC_LOSS MEAN_IOU PIX_ACC | DEPTH_LOSS ABS_ERR REL_ERR | NORMAL_LOSS MEAN MED <11.25 <22.5 <30 | ∆m (test)
Epoch: 0017 | lr=0.0001 | epoch lenth=398 | train time: 103.077 s | method pmgdn | TRAIN: 1.3922 0.1895 0.5264 | 0.6973 0.6808 0.3070 | 0.2228 33.1755 29.5947 0.1609 0.3796 0.5112 || TEST: 1.3865 0.2151 0.5279 | 0.7057 0.7057 0.2805 | 0.2054 32.0356 28.3765 0.1820 0.4020 0.5287 | 26.122
LOSS FORMAT: SEMANTIC_LOSS MEAN_IOU PIX_ACC | DEPTH_LOSS ABS_ERR REL_ERR | NORMAL_LOSS MEAN MED <11.25 <22.5 <30 | ∆m (test)
Epoch: 0018 | lr=0.0001 | epoch lenth=398 | train time: 103.737 s | method pmgdn | TRAIN: 1.3909 0.2093 0.5346 | 0.7000 0.6824 0.3121 | 0.2245 33.2513 29.6534 0.1598 0.3794 0.5109 || TEST: 1.3669 0.2096 0.5390 | 0.7082 0.7082 0.2874 | 0.2020 31.6508 27.6880 0.1852 0.4115 0.5407 | 25.337
LOSS FORMAT: SEMANTIC_LOSS MEAN_IOU PIX_ACC | DEPTH_LOSS ABS_ERR REL_ERR | NORMAL_LOSS MEAN MED <11.25 <22.5 <30 | ∆m (test)
Epoch: 0019 | lr=0.0001 | epoch lenth=398 | train time: 103.662 s | method pmgdn | TRAIN: 1.3800 0.2061 0.5407 | 0.6878 0.6704 0.3080 | 0.2201 32.7933 29.0036 0.1688 0.3893 0.5208 || TEST: 1.4489 0.2014 0.5049 | 0.7656 0.7656 0.2830 | 0.2064 32.4074 29.0415 0.1636 0.3873 0.5186 | 29.681
LOSS FORMAT: SEMANTIC_LOSS MEAN_IOU PIX_ACC | DEPTH_LOSS ABS_ERR REL_ERR | NORMAL_LOSS MEAN MED <11.25 <22.5 <30 | ∆m (test)
Epoch: 0020 | lr=0.0001 | epoch lenth=398 | train time: 103.293 s | method pmgdn | TRAIN: 1.3792 0.2072 0.5265 | 0.6781 0.6597 0.2999 | 0.2211 32.9044 29.2039 0.1644 0.3846 0.5171 || TEST: 1.3500 0.2186 0.5431 | 0.7572 0.7572 0.2806 | 0.1951 30.8763 26.7855 0.1997 0.4274 0.5561 | 23.584
LOSS FORMAT: SEMANTIC_LOSS MEAN_IOU PIX_ACC | DEPTH_LOSS ABS_ERR REL_ERR | NORMAL_LOSS MEAN MED <11.25 <22.5 <30 | ∆m (test)
Epoch: 0021 | lr=0.0001 | epoch lenth=398 | train time: 103.315 s | method pmgdn | TRAIN: 1.3285 0.2207 0.5527 | 0.6821 0.6637 0.3035 | 0.2160 32.3961 28.6022 0.1711 0.3942 0.5273 || TEST: 1.3329 0.2344 0.5463 | 0.9066 0.9066 0.3033 | 0.2024 31.4886 27.3614 0.1984 0.4200 0.5443 | 27.423
LOSS FORMAT: SEMANTIC_LOSS MEAN_IOU PIX_ACC | DEPTH_LOSS ABS_ERR REL_ERR | NORMAL_LOSS MEAN MED <11.25 <22.5 <30 | ∆m (test)
Epoch: 0022 | lr=0.0001 | epoch lenth=398 | train time: 104.333 s | method pmgdn | TRAIN: 1.3406 0.2292 0.5527 | 0.6669 0.6490 0.2987 | 0.2150 32.3291 28.4865 0.1691 0.3950 0.5296 || TEST: 1.3123 0.2406 0.5541 | 0.7000 0.7000 0.2669 | 0.1917 30.5921 26.4573 0.1993 0.4318 0.5616 | 20.793
LOSS FORMAT: SEMANTIC_LOSS MEAN_IOU PIX_ACC | DEPTH_LOSS ABS_ERR REL_ERR | NORMAL_LOSS MEAN MED <11.25 <22.5 <30 | ∆m (test)
Epoch: 0023 | lr=0.0001 | epoch lenth=398 | train time: 104.003 s | method pmgdn | TRAIN: 1.3106 0.2379 0.5622 | 0.6648 0.6457 0.2959 | 0.2089 31.7004 27.7518 0.1792 0.4079 0.5422 || TEST: 1.2996 0.2337 0.5614 | 0.6970 0.6970 0.2647 | 0.1956 30.7839 26.4930 0.2057 0.4332 0.5601 | 20.592
LOSS FORMAT: SEMANTIC_LOSS MEAN_IOU PIX_ACC | DEPTH_LOSS ABS_ERR REL_ERR | NORMAL_LOSS MEAN MED <11.25 <22.5 <30 | ∆m (test)
Epoch: 0024 | lr=0.0001 | epoch lenth=398 | train time: 104.415 s | method pmgdn | TRAIN: 1.2950 0.2400 0.5666 | 0.6574 0.6391 0.2942 | 0.2091 31.6257 27.5672 0.1831 0.4126 0.5448 || TEST: 1.3589 0.2280 0.5465 | 0.7223 0.7223 0.3133 | 0.1943 30.8722 26.9265 0.1954 0.4243 0.5544 | 24.311
LOSS FORMAT: SEMANTIC_LOSS MEAN_IOU PIX_ACC | DEPTH_LOSS ABS_ERR REL_ERR | NORMAL_LOSS MEAN MED <11.25 <22.5 <30 | ∆m (test)
Epoch: 0025 | lr=0.0001 | epoch lenth=398 | train time: 104.534 s | method pmgdn | TRAIN: 1.2799 0.2413 0.5639 | 0.6426 0.6242 0.2813 | 0.2055 31.3003 27.1707 0.1871 0.4173 0.5510 || TEST: 1.3209 0.2393 0.5581 | 0.7121 0.7121 0.2765 | 0.1976 31.1060 26.9093 0.1951 0.4257 0.5537 | 22.231
LOSS FORMAT: SEMANTIC_LOSS MEAN_IOU PIX_ACC | DEPTH_LOSS ABS_ERR REL_ERR | NORMAL_LOSS MEAN MED <11.25 <22.5 <30 | ∆m (test)
Epoch: 0026 | lr=0.0001 | epoch lenth=398 | train time: 104.342 s | method pmgdn | TRAIN: 1.2676 0.2502 0.5699 | 0.6507 0.6308 0.2834 | 0.2011 30.8589 26.7281 0.1919 0.4259 0.5605 || TEST: 1.2795 0.2450 0.5644 | 0.6795 0.6795 0.2617 | 0.1859 29.8982 25.3986 0.2102 0.4505 0.5796 | 17.965
LOSS FORMAT: SEMANTIC_LOSS MEAN_IOU PIX_ACC | DEPTH_LOSS ABS_ERR REL_ERR | NORMAL_LOSS MEAN MED <11.25 <22.5 <30 | ∆m (test)
Epoch: 0027 | lr=0.0001 | epoch lenth=398 | train time: 104.665 s | method pmgdn | TRAIN: 1.2629 0.2553 0.5757 | 0.6441 0.6253 0.2872 | 0.2037 31.0737 26.8090 0.1878 0.4247 0.5583 || TEST: 1.2771 0.2645 0.5672 | 0.7160 0.7160 0.2675 | 0.1879 30.2179 25.9152 0.2002 0.4397 0.5724 | 19.321
LOSS FORMAT: SEMANTIC_LOSS MEAN_IOU PIX_ACC | DEPTH_LOSS ABS_ERR REL_ERR | NORMAL_LOSS MEAN MED <11.25 <22.5 <30 | ∆m (test)
Epoch: 0028 | lr=0.0001 | epoch lenth=398 | train time: 103.775 s | method pmgdn | TRAIN: 1.2448 0.2709 0.5803 | 0.6403 0.6207 0.2785 | 0.1998 30.6633 26.4619 0.1949 0.4299 0.5640 || TEST: 1.2611 0.2619 0.5737 | 0.6717 0.6717 0.2608 | 0.1884 30.2335 25.9216 0.2007 0.4400 0.5727 | 18.263
LOSS FORMAT: SEMANTIC_LOSS MEAN_IOU PIX_ACC | DEPTH_LOSS ABS_ERR REL_ERR | NORMAL_LOSS MEAN MED <11.25 <22.5 <30 | ∆m (test)
Epoch: 0029 | lr=0.0001 | epoch lenth=398 | train time: 104.785 s | method pmgdn | TRAIN: 1.2478 0.2729 0.5834 | 0.6373 0.6173 0.2849 | 0.2001 30.6766 26.4308 0.1950 0.4323 0.5647 || TEST: 1.2659 0.2754 0.5722 | 0.6951 0.6951 0.2796 | 0.1845 29.7611 25.2805 0.2124 0.4515 0.5817 | 17.654
LOSS FORMAT: SEMANTIC_LOSS MEAN_IOU PIX_ACC | DEPTH_LOSS ABS_ERR REL_ERR | NORMAL_LOSS MEAN MED <11.25 <22.5 <30 | ∆m (test)
Epoch: 0030 | lr=0.0001 | epoch lenth=398 | train time: 123.900 s | method pmgdn | TRAIN: 1.2436 0.2791 0.5852 | 0.6364 0.6139 0.2776 | 0.2004 30.6405 26.3799 0.1941 0.4320 0.5660 || TEST: 1.2481 0.2769 0.5812 | 0.6765 0.6765 0.2654 | 0.1855 29.7212 25.0994 0.2186 0.4570 0.5854 | 16.064
LOSS FORMAT: SEMANTIC_LOSS MEAN_IOU PIX_ACC | DEPTH_LOSS ABS_ERR REL_ERR | NORMAL_LOSS MEAN MED <11.25 <22.5 <30 | ∆m (test)
Epoch: 0031 | lr=0.0001 | epoch lenth=398 | train time: 173.473 s | method pmgdn | TRAIN: 1.2366 0.2838 0.5895 | 0.6403 0.6187 0.2823 | 0.1978 30.4647 26.2070 0.1962 0.4341 0.5690 || TEST: 1.2735 0.2754 0.5677 | 0.6630 0.6630 0.2627 | 0.1816 29.7265 25.5630 0.1998 0.4453 0.5812 | 17.271
LOSS FORMAT: SEMANTIC_LOSS MEAN_IOU PIX_ACC | DEPTH_LOSS ABS_ERR REL_ERR | NORMAL_LOSS MEAN MED <11.25 <22.5 <30 | ∆m (test)
Epoch: 0032 | lr=0.0001 | epoch lenth=398 | train time: 104.605 s | method pmgdn | TRAIN: 1.2095 0.2913 0.5875 | 0.6222 0.6020 0.2761 | 0.1928 29.9501 25.5746 0.2040 0.4457 0.5800 || TEST: 1.2255 0.2797 0.5890 | 0.6516 0.6516 0.2569 | 0.1825 29.4716 24.7993 0.2175 0.4611 0.5917 | 14.673
LOSS FORMAT: SEMANTIC_LOSS MEAN_IOU PIX_ACC | DEPTH_LOSS ABS_ERR REL_ERR | NORMAL_LOSS MEAN MED <11.25 <22.5 <30 | ∆m (test)
Epoch: 0033 | lr=0.0001 | epoch lenth=398 | train time: 104.858 s | method pmgdn | TRAIN: 1.1908 0.2952 0.6019 | 0.6220 0.6021 0.2711 | 0.1931 29.9285 25.6459 0.2054 0.4467 0.5808 || TEST: 1.2787 0.2626 0.5725 | 0.6898 0.6898 0.2724 | 0.1822 29.4029 24.7371 0.2212 0.4631 0.5915 | 16.469
LOSS FORMAT: SEMANTIC_LOSS MEAN_IOU PIX_ACC | DEPTH_LOSS ABS_ERR REL_ERR | NORMAL_LOSS MEAN MED <11.25 <22.5 <30 | ∆m (test)
Epoch: 0034 | lr=0.0001 | epoch lenth=398 | train time: 104.591 s | method pmgdn | TRAIN: 1.1992 0.2875 0.5940 | 0.6009 0.5787 0.2650 | 0.1914 29.7413 25.2959 0.2073 0.4515 0.5849 || TEST: 1.2456 0.2768 0.5820 | 0.7067 0.7067 0.2702 | 0.1845 29.6437 25.0825 0.2186 0.4580 0.5864 | 16.664
LOSS FORMAT: SEMANTIC_LOSS MEAN_IOU PIX_ACC | DEPTH_LOSS ABS_ERR REL_ERR | NORMAL_LOSS MEAN MED <11.25 <22.5 <30 | ∆m (test)
Epoch: 0035 | lr=0.0001 | epoch lenth=398 | train time: 103.863 s | method pmgdn | TRAIN: 1.1623 0.3004 0.6054 | 0.5989 0.5780 0.2597 | 0.1866 29.2888 24.8195 0.2134 0.4606 0.5948 || TEST: 1.2546 0.2632 0.5786 | 0.7018 0.7018 0.2589 | 0.1855 29.6279 24.7549 0.2199 0.4618 0.5922 | 16.174
LOSS FORMAT: SEMANTIC_LOSS MEAN_IOU PIX_ACC | DEPTH_LOSS ABS_ERR REL_ERR | NORMAL_LOSS MEAN MED <11.25 <22.5 <30 | ∆m (test)
Epoch: 0036 | lr=0.0001 | epoch lenth=398 | train time: 104.667 s | method pmgdn | TRAIN: 1.1666 0.2923 0.6023 | 0.5899 0.5695 0.2653 | 0.1859 29.1972 24.7011 0.2148 0.4634 0.5968 || TEST: 1.2291 0.2627 0.5854 | 0.7544 0.7544 0.2647 | 0.1795 29.5633 25.5128 0.2021 0.4445 0.5797 | 18.771
LOSS FORMAT: SEMANTIC_LOSS MEAN_IOU PIX_ACC | DEPTH_LOSS ABS_ERR REL_ERR | NORMAL_LOSS MEAN MED <11.25 <22.5 <30 | ∆m (test)
Epoch: 0037 | lr=0.0001 | epoch lenth=398 | train time: 104.032 s | method pmgdn | TRAIN: 1.1651 0.2971 0.6055 | 0.6044 0.5801 0.2658 | 0.1900 29.5403 25.0774 0.2087 0.4553 0.5899 || TEST: 1.1996 0.3040 0.5990 | 0.6522 0.6522 0.2668 | 0.1815 29.1598 24.1966 0.2293 0.4725 0.6019 | 12.893
LOSS FORMAT: SEMANTIC_LOSS MEAN_IOU PIX_ACC | DEPTH_LOSS ABS_ERR REL_ERR | NORMAL_LOSS MEAN MED <11.25 <22.5 <30 | ∆m (test)
Epoch: 0038 | lr=0.0001 | epoch lenth=398 | train time: 103.379 s | method pmgdn | TRAIN: 1.1427 0.3254 0.6163 | 0.5914 0.5703 0.2574 | 0.1849 29.0575 24.5302 0.2159 0.4657 0.6001 || TEST: 1.2018 0.2897 0.5974 | 0.6643 0.6643 0.2858 | 0.1741 28.6782 24.1064 0.2246 0.4739 0.6063 | 14.106
LOSS FORMAT: SEMANTIC_LOSS MEAN_IOU PIX_ACC | DEPTH_LOSS ABS_ERR REL_ERR | NORMAL_LOSS MEAN MED <11.25 <22.5 <30 | ∆m (test)
Epoch: 0039 | lr=0.0001 | epoch lenth=398 | train time: 103.309 s | method pmgdn | TRAIN: 1.1347 0.3194 0.6177 | 0.5775 0.5556 0.2566 | 0.1836 28.8918 24.3252 0.2189 0.4697 0.6040 || TEST: 1.2753 0.2735 0.5748 | 0.6767 0.6767 0.2588 | 0.1758 28.9438 24.5325 0.2177 0.4650 0.5990 | 15.003
LOSS FORMAT: SEMANTIC_LOSS MEAN_IOU PIX_ACC | DEPTH_LOSS ABS_ERR REL_ERR | NORMAL_LOSS MEAN MED <11.25 <22.5 <30 | ∆m (test)
Epoch: 0040 | lr=0.0001 | epoch lenth=398 | train time: 103.158 s | method pmgdn | TRAIN: 1.1167 0.3160 0.6099 | 0.5836 0.5613 0.2595 | 0.1826 28.8018 24.1619 0.2209 0.4729 0.6068 || TEST: 1.2205 0.2967 0.5893 | 0.7028 0.7028 0.2508 | 0.1744 28.6045 23.7074 0.2294 0.4800 0.6112 | 12.637
LOSS FORMAT: SEMANTIC_LOSS MEAN_IOU PIX_ACC | DEPTH_LOSS ABS_ERR REL_ERR | NORMAL_LOSS MEAN MED <11.25 <22.5 <30 | ∆m (test)
Epoch: 0041 | lr=0.0001 | epoch lenth=398 | train time: 102.946 s | method pmgdn | TRAIN: 1.1239 0.3268 0.6164 | 0.5873 0.5646 0.2539 | 0.1815 28.6714 24.0282 0.2192 0.4726 0.6090 || TEST: 1.1918 0.2971 0.6008 | 0.7074 0.7074 0.2625 | 0.1784 29.0099 24.3362 0.2257 0.4691 0.6007 | 14.032
LOSS FORMAT: SEMANTIC_LOSS MEAN_IOU PIX_ACC | DEPTH_LOSS ABS_ERR REL_ERR | NORMAL_LOSS MEAN MED <11.25 <22.5 <30 | ∆m (test)
Epoch: 0042 | lr=0.0001 | epoch lenth=398 | train time: 102.821 s | method pmgdn | TRAIN: 1.1057 0.3288 0.6251 | 0.5768 0.5547 0.2620 | 0.1814 28.6410 24.0124 0.2233 0.4756 0.6099 || TEST: 1.2125 0.3043 0.6014 | 0.6596 0.6596 0.2606 | 0.1780 28.9575 24.1188 0.2240 0.4720 0.6048 | 12.740
LOSS FORMAT: SEMANTIC_LOSS MEAN_IOU PIX_ACC | DEPTH_LOSS ABS_ERR REL_ERR | NORMAL_LOSS MEAN MED <11.25 <22.5 <30 | ∆m (test)
Epoch: 0043 | lr=0.0001 | epoch lenth=398 | train time: 102.438 s | method pmgdn | TRAIN: 1.0898 0.3368 0.6284 | 0.5669 0.5448 0.2502 | 0.1783 28.3067 23.5973 0.2291 0.4834 0.6169 || TEST: 1.1851 0.3105 0.6027 | 0.7015 0.7015 0.2994 | 0.1732 28.4429 23.5979 0.2328 0.4820 0.6149 | 13.568
LOSS FORMAT: SEMANTIC_LOSS MEAN_IOU PIX_ACC | DEPTH_LOSS ABS_ERR REL_ERR | NORMAL_LOSS MEAN MED <11.25 <22.5 <30 | ∆m (test)
Epoch: 0044 | lr=0.0001 | epoch lenth=398 | train time: 103.185 s | method pmgdn | TRAIN: 1.0914 0.3400 0.6290 | 0.5667 0.5432 0.2537 | 0.1776 28.2144 23.5464 0.2265 0.4834 0.6189 || TEST: 1.2040 0.3065 0.6008 | 0.6412 0.6412 0.2716 | 0.1819 29.2037 24.1650 0.2254 0.4723 0.6036 | 12.924
LOSS FORMAT: SEMANTIC_LOSS MEAN_IOU PIX_ACC | DEPTH_LOSS ABS_ERR REL_ERR | NORMAL_LOSS MEAN MED <11.25 <22.5 <30 | ∆m (test)
Epoch: 0045 | lr=0.0001 | epoch lenth=398 | train time: 102.694 s | method pmgdn | TRAIN: 1.0608 0.3444 0.6332 | 0.5560 0.5346 0.2403 | 0.1741 27.9105 23.1079 0.2341 0.4920 0.6257 || TEST: 1.1535 0.3223 0.6131 | 0.6398 0.6398 0.2745 | 0.1695 28.0414 22.8779 0.2364 0.4957 0.6260 | 9.863
LOSS FORMAT: SEMANTIC_LOSS MEAN_IOU PIX_ACC | DEPTH_LOSS ABS_ERR REL_ERR | NORMAL_LOSS MEAN MED <11.25 <22.5 <30 | ∆m (test)
Epoch: 0046 | lr=0.0001 | epoch lenth=398 | train time: 102.822 s | method pmgdn | TRAIN: 1.0509 0.3554 0.6404 | 0.5554 0.5315 0.2437 | 0.1742 27.8112 22.9532 0.2366 0.4955 0.6279 || TEST: 1.1884 0.3139 0.5964 | 0.6394 0.6394 0.2403 | 0.1714 28.2692 23.1616 0.2302 0.4917 0.6241 | 9.630
LOSS FORMAT: SEMANTIC_LOSS MEAN_IOU PIX_ACC | DEPTH_LOSS ABS_ERR REL_ERR | NORMAL_LOSS MEAN MED <11.25 <22.5 <30 | ∆m (test)
Epoch: 0047 | lr=0.0001 | epoch lenth=398 | train time: 102.643 s | method pmgdn | TRAIN: 1.0513 0.3569 0.6338 | 0.5558 0.5324 0.2431 | 0.1749 27.8939 23.0313 0.2317 0.4928 0.6281 || TEST: 1.1601 0.3204 0.6124 | 0.6421 0.6421 0.2598 | 0.1693 27.9831 22.9628 0.2426 0.4959 0.6240 | 9.200
LOSS FORMAT: SEMANTIC_LOSS MEAN_IOU PIX_ACC | DEPTH_LOSS ABS_ERR REL_ERR | NORMAL_LOSS MEAN MED <11.25 <22.5 <30 | ∆m (test)
Epoch: 0048 | lr=0.0001 | epoch lenth=398 | train time: 102.771 s | method pmgdn | TRAIN: 1.0464 0.3627 0.6426 | 0.5457 0.5219 0.2444 | 0.1718 27.4829 22.6314 0.2408 0.5013 0.6355 || TEST: 1.2324 0.2740 0.5887 | 0.6643 0.6643 0.2750 | 0.1775 28.5489 23.0784 0.2426 0.4921 0.6204 | 12.384
LOSS FORMAT: SEMANTIC_LOSS MEAN_IOU PIX_ACC | DEPTH_LOSS ABS_ERR REL_ERR | NORMAL_LOSS MEAN MED <11.25 <22.5 <30 | ∆m (test)
Epoch: 0049 | lr=0.0001 | epoch lenth=398 | train time: 103.449 s | method pmgdn | TRAIN: 1.0417 0.3378 0.6301 | 0.5431 0.5197 0.2419 | 0.1709 27.5141 22.6215 0.2352 0.5021 0.6367 || TEST: 1.1732 0.3257 0.6095 | 0.6338 0.6338 0.2709 | 0.1717 28.2052 22.9809 0.2343 0.4952 0.6271 | 9.786
LOSS FORMAT: SEMANTIC_LOSS MEAN_IOU PIX_ACC | DEPTH_LOSS ABS_ERR REL_ERR | NORMAL_LOSS MEAN MED <11.25 <22.5 <30 | ∆m (test)
Epoch: 0050 | lr=0.0001 | epoch lenth=398 | train time: 103.879 s | method pmgdn | TRAIN: 1.0704 0.3591 0.6374 | 0.5406 0.5162 0.2443 | 0.1741 27.7698 22.8871 0.2336 0.4955 0.6307 || TEST: 1.2082 0.2964 0.5964 | 0.6295 0.6295 0.2443 | 0.1745 28.3616 22.9628 0.2378 0.4961 0.6255 | 9.668
LOSS FORMAT: SEMANTIC_LOSS MEAN_IOU PIX_ACC | DEPTH_LOSS ABS_ERR REL_ERR | NORMAL_LOSS MEAN MED <11.25 <22.5 <30 | ∆m (test)
Epoch: 0051 | lr=0.0001 | epoch lenth=398 | train time: 103.343 s | method pmgdn | TRAIN: 1.0110 0.3564 0.6397 | 0.5342 0.5122 0.2343 | 0.1662 27.0205 22.0073 0.2467 0.5136 0.6467 || TEST: 1.1564 0.3445 0.6131 | 0.6258 0.6258 0.2603 | 0.1658 27.5658 22.2691 0.2460 0.5096 0.6377 | 7.046
LOSS FORMAT: SEMANTIC_LOSS MEAN_IOU PIX_ACC | DEPTH_LOSS ABS_ERR REL_ERR | NORMAL_LOSS MEAN MED <11.25 <22.5 <30 | ∆m (test)
Epoch: 0052 | lr=0.0001 | epoch lenth=398 | train time: 103.537 s | method pmgdn | TRAIN: 0.9986 0.3772 0.6497 | 0.5187 0.4975 0.2276 | 0.1661 27.0354 22.1408 0.2460 0.5122 0.6460 || TEST: 1.1860 0.2973 0.6018 | 0.6211 0.6211 0.2653 | 0.1679 27.7908 22.6139 0.2419 0.5026 0.6331 | 9.394
LOSS FORMAT: SEMANTIC_LOSS MEAN_IOU PIX_ACC | DEPTH_LOSS ABS_ERR REL_ERR | NORMAL_LOSS MEAN MED <11.25 <22.5 <30 | ∆m (test)
Epoch: 0053 | lr=0.0001 | epoch lenth=398 | train time: 102.778 s | method pmgdn | TRAIN: 1.0107 0.3608 0.6435 | 0.5323 0.5084 0.2322 | 0.1658 26.9033 21.9625 0.2464 0.5149 0.6497 || TEST: 1.1937 0.3016 0.5913 | 0.6293 0.6293 0.2557 | 0.1722 28.2499 23.1637 0.2350 0.4916 0.6244 | 10.331
LOSS FORMAT: SEMANTIC_LOSS MEAN_IOU PIX_ACC | DEPTH_LOSS ABS_ERR REL_ERR | NORMAL_LOSS MEAN MED <11.25 <22.5 <30 | ∆m (test)
Epoch: 0054 | lr=0.0001 | epoch lenth=398 | train time: 104.071 s | method pmgdn | TRAIN: 0.9998 0.3631 0.6405 | 0.5387 0.5149 0.2350 | 0.1650 26.8329 21.7809 0.2473 0.5192 0.6523 || TEST: 1.1621 0.3181 0.6096 | 0.6276 0.6276 0.2728 | 0.1652 27.3732 21.8811 0.2537 0.5174 0.6454 | 7.534
LOSS FORMAT: SEMANTIC_LOSS MEAN_IOU PIX_ACC | DEPTH_LOSS ABS_ERR REL_ERR | NORMAL_LOSS MEAN MED <11.25 <22.5 <30 | ∆m (test)
Epoch: 0055 | lr=0.0001 | epoch lenth=398 | train time: 103.639 s | method pmgdn | TRAIN: 1.0040 0.3683 0.6485 | 0.5343 0.5093 0.2333 | 0.1646 26.7415 21.7661 0.2507 0.5192 0.6527 || TEST: 1.1416 0.3348 0.6229 | 0.6596 0.6596 0.2602 | 0.1691 27.7242 22.3241 0.2528 0.5075 0.6356 | 7.633
LOSS FORMAT: SEMANTIC_LOSS MEAN_IOU PIX_ACC | DEPTH_LOSS ABS_ERR REL_ERR | NORMAL_LOSS MEAN MED <11.25 <22.5 <30 | ∆m (test)
Epoch: 0056 | lr=0.0001 | epoch lenth=398 | train time: 103.202 s | method pmgdn | TRAIN: 0.9816 0.3849 0.6589 | 0.5168 0.4934 0.2269 | 0.1635 26.6546 21.6818 0.2516 0.5225 0.6552 || TEST: 1.1339 0.3473 0.6262 | 0.6337 0.6337 0.2795 | 0.1717 28.0990 22.6775 0.2388 0.5014 0.6320 | 8.621
LOSS FORMAT: SEMANTIC_LOSS MEAN_IOU PIX_ACC | DEPTH_LOSS ABS_ERR REL_ERR | NORMAL_LOSS MEAN MED <11.25 <22.5 <30 | ∆m (test)
Epoch: 0057 | lr=0.0001 | epoch lenth=398 | train time: 103.291 s | method pmgdn | TRAIN: 0.9678 0.3895 0.6620 | 0.5117 0.4881 0.2273 | 0.1597 26.2283 21.0840 0.2604 0.5336 0.6652 || TEST: 1.2094 0.3172 0.5951 | 0.6368 0.6368 0.2732 | 0.1696 27.8877 22.6132 0.2457 0.5011 0.6315 | 9.466
LOSS FORMAT: SEMANTIC_LOSS MEAN_IOU PIX_ACC | DEPTH_LOSS ABS_ERR REL_ERR | NORMAL_LOSS MEAN MED <11.25 <22.5 <30 | ∆m (test)
Epoch: 0058 | lr=0.0001 | epoch lenth=398 | train time: 103.419 s | method pmgdn | TRAIN: 0.9869 0.3762 0.6464 | 0.5205 0.4966 0.2324 | 0.1607 26.3129 21.2757 0.2563 0.5311 0.6643 || TEST: 1.2454 0.3044 0.5914 | 0.6181 0.6181 0.2596 | 0.1741 28.2500 22.8180 0.2421 0.4985 0.6289 | 9.552
LOSS FORMAT: SEMANTIC_LOSS MEAN_IOU PIX_ACC | DEPTH_LOSS ABS_ERR REL_ERR | NORMAL_LOSS MEAN MED <11.25 <22.5 <30 | ∆m (test)
Epoch: 0059 | lr=0.0001 | epoch lenth=398 | train time: 103.590 s | method pmgdn | TRAIN: 0.9622 0.3715 0.6466 | 0.5008 0.4775 0.2220 | 0.1597 26.2070 21.0378 0.2606 0.5340 0.6657 || TEST: 1.1805 0.2914 0.6051 | 0.6802 0.6802 0.2928 | 0.1605 27.1174 21.8939 0.2502 0.5158 0.6442 | 10.120
LOSS FORMAT: SEMANTIC_LOSS MEAN_IOU PIX_ACC | DEPTH_LOSS ABS_ERR REL_ERR | NORMAL_LOSS MEAN MED <11.25 <22.5 <30 | ∆m (test)
Epoch: 0060 | lr=0.0001 | epoch lenth=398 | train time: 103.395 s | method pmgdn | TRAIN: 0.9547 0.3731 0.6542 | 0.5142 0.4906 0.2296 | 0.1583 26.0679 21.0192 0.2629 0.5369 0.6690 || TEST: 1.2302 0.2847 0.5970 | 0.6045 0.6045 0.2417 | 0.1620 27.0608 21.6721 0.2596 0.5213 0.6475 | 6.508
LOSS FORMAT: SEMANTIC_LOSS MEAN_IOU PIX_ACC | DEPTH_LOSS ABS_ERR REL_ERR | NORMAL_LOSS MEAN MED <11.25 <22.5 <30 | ∆m (test)
Epoch: 0061 | lr=0.0001 | epoch lenth=398 | train time: 104.274 s | method pmgdn | TRAIN: 0.9430 0.3715 0.6535 | 0.4997 0.4766 0.2219 | 0.1590 26.1053 20.9349 0.2632 0.5371 0.6683 || TEST: 1.1425 0.3223 0.6205 | 0.6439 0.6439 0.2930 | 0.1624 27.0420 21.5606 0.2627 0.5234 0.6495 | 7.447
LOSS FORMAT: SEMANTIC_LOSS MEAN_IOU PIX_ACC | DEPTH_LOSS ABS_ERR REL_ERR | NORMAL_LOSS MEAN MED <11.25 <22.5 <30 | ∆m (test)
Epoch: 0062 | lr=0.0001 | epoch lenth=398 | train time: 194.617 s | method pmgdn | TRAIN: 0.9236 0.3880 0.6676 | 0.5054 0.4817 0.2263 | 0.1554 25.7237 20.5830 0.2670 0.5455 0.6765 || TEST: 1.3283 0.2774 0.5851 | 0.6504 0.6504 0.2815 | 0.1685 27.7628 22.4696 0.2467 0.5048 0.6345 | 11.050
LOSS FORMAT: SEMANTIC_LOSS MEAN_IOU PIX_ACC | DEPTH_LOSS ABS_ERR REL_ERR | NORMAL_LOSS MEAN MED <11.25 <22.5 <30 | ∆m (test)
Epoch: 0063 | lr=0.0001 | epoch lenth=398 | train time: 104.051 s | method pmgdn | TRAIN: 0.9275 0.3720 0.6507 | 0.5114 0.4874 0.2288 | 0.1543 25.6057 20.3319 0.2704 0.5503 0.6797 || TEST: 1.2067 0.3182 0.6045 | 0.6808 0.6808 0.2836 | 0.1649 27.4102 21.9909 0.2504 0.5138 0.6426 | 9.239
LOSS FORMAT: SEMANTIC_LOSS MEAN_IOU PIX_ACC | DEPTH_LOSS ABS_ERR REL_ERR | NORMAL_LOSS MEAN MED <11.25 <22.5 <30 | ∆m (test)
Epoch: 0064 | lr=0.0001 | epoch lenth=398 | train time: 103.584 s | method pmgdn | TRAIN: 0.9249 0.3895 0.6595 | 0.5001 0.4769 0.2208 | 0.1537 25.5647 20.4181 0.2697 0.5502 0.6806 || TEST: 1.1887 0.2979 0.6029 | 0.6387 0.6387 0.2402 | 0.1618 26.9769 21.4391 0.2620 0.5259 0.6522 | 6.101
LOSS FORMAT: SEMANTIC_LOSS MEAN_IOU PIX_ACC | DEPTH_LOSS ABS_ERR REL_ERR | NORMAL_LOSS MEAN MED <11.25 <22.5 <30 | ∆m (test)
Epoch: 0065 | lr=0.0001 | epoch lenth=398 | train time: 103.801 s | method pmgdn | TRAIN: 0.9249 0.3798 0.6607 | 0.5053 0.4789 0.2239 | 0.1534 25.4317 20.2224 0.2728 0.5532 0.6838 || TEST: 1.1520 0.3429 0.6183 | 0.6031 0.6031 0.2510 | 0.1667 27.3462 21.5126 0.2615 0.5245 0.6484 | 4.688
LOSS FORMAT: SEMANTIC_LOSS MEAN_IOU PIX_ACC | DEPTH_LOSS ABS_ERR REL_ERR | NORMAL_LOSS MEAN MED <11.25 <22.5 <30 | ∆m (test)
Epoch: 0066 | lr=0.0001 | epoch lenth=398 | train time: 103.704 s | method pmgdn | TRAIN: 0.9180 0.4048 0.6659 | 0.4892 0.4669 0.2212 | 0.1517 25.3208 20.1247 0.2757 0.5559 0.6861 || TEST: 1.2008 0.3209 0.5978 | 0.6114 0.6114 0.2623 | 0.1710 27.9264 22.4271 0.2460 0.5063 0.6355 | 8.187
LOSS FORMAT: SEMANTIC_LOSS MEAN_IOU PIX_ACC | DEPTH_LOSS ABS_ERR REL_ERR | NORMAL_LOSS MEAN MED <11.25 <22.5 <30 | ∆m (test)
Epoch: 0067 | lr=0.0001 | epoch lenth=398 | train time: 103.781 s | method pmgdn | TRAIN: 0.9198 0.3876 0.6593 | 0.4958 0.4717 0.2187 | 0.1541 25.4796 20.2329 0.2739 0.5535 0.6834 || TEST: 1.2365 0.2787 0.5941 | 0.6386 0.6386 0.2455 | 0.1632 27.3052 22.0576 0.2510 0.5128 0.6410 | 8.361
LOSS FORMAT: SEMANTIC_LOSS MEAN_IOU PIX_ACC | DEPTH_LOSS ABS_ERR REL_ERR | NORMAL_LOSS MEAN MED <11.25 <22.5 <30 | ∆m (test)
Epoch: 0068 | lr=0.0001 | epoch lenth=398 | train time: 103.227 s | method pmgdn | TRAIN: 0.9054 0.3765 0.6588 | 0.4815 0.4581 0.2096 | 0.1523 25.3858 20.1456 0.2746 0.5543 0.6843 || TEST: 1.1607 0.3353 0.6189 | 0.5949 0.5949 0.2436 | 0.1586 26.7386 21.1903 0.2596 0.5309 0.6584 | 3.798
LOSS FORMAT: SEMANTIC_LOSS MEAN_IOU PIX_ACC | DEPTH_LOSS ABS_ERR REL_ERR | NORMAL_LOSS MEAN MED <11.25 <22.5 <30 | ∆m (test)
Epoch: 0069 | lr=0.0001 | epoch lenth=398 | train time: 102.833 s | method pmgdn | TRAIN: 0.8873 0.4099 0.6743 | 0.4799 0.4582 0.2144 | 0.1474 24.8730 19.6332 0.2838 0.5666 0.6952 || TEST: 1.2120 0.2941 0.6022 | 0.6031 0.6031 0.2526 | 0.1553 26.4363 21.0029 0.2659 0.5345 0.6602 | 5.205
LOSS FORMAT: SEMANTIC_LOSS MEAN_IOU PIX_ACC | DEPTH_LOSS ABS_ERR REL_ERR | NORMAL_LOSS MEAN MED <11.25 <22.5 <30 | ∆m (test)
Epoch: 0070 | lr=0.0001 | epoch lenth=398 | train time: 103.898 s | method pmgdn | TRAIN: 0.9047 0.3855 0.6628 | 0.4804 0.4574 0.2143 | 0.1500 25.1120 19.8963 0.2803 0.5603 0.6894 || TEST: 1.2043 0.3129 0.5966 | 0.6438 0.6438 0.2811 | 0.1624 27.1780 21.8256 0.2506 0.5183 0.6492 | 8.420
LOSS FORMAT: SEMANTIC_LOSS MEAN_IOU PIX_ACC | DEPTH_LOSS ABS_ERR REL_ERR | NORMAL_LOSS MEAN MED <11.25 <22.5 <30 | ∆m (test)
Epoch: 0071 | lr=0.0001 | epoch lenth=398 | train time: 103.475 s | method pmgdn | TRAIN: 0.8960 0.3981 0.6633 | 0.4712 0.4477 0.2066 | 0.1502 25.0749 19.7487 0.2817 0.5642 0.6917 || TEST: 1.2012 0.3155 0.5979 | 0.6091 0.6091 0.2568 | 0.1640 27.2437 21.7720 0.2563 0.5187 0.6472 | 6.599
LOSS FORMAT: SEMANTIC_LOSS MEAN_IOU PIX_ACC | DEPTH_LOSS ABS_ERR REL_ERR | NORMAL_LOSS MEAN MED <11.25 <22.5 <30 | ∆m (test)
Epoch: 0072 | lr=0.0001 | epoch lenth=398 | train time: 103.070 s | method pmgdn | TRAIN: 0.8845 0.4018 0.6634 | 0.4831 0.4603 0.2105 | 0.1471 24.8706 19.6430 0.2807 0.5656 0.6958 || TEST: 1.1248 0.3208 0.6278 | 0.5882 0.5882 0.2569 | 0.1641 27.0608 21.2048 0.2642 0.5299 0.6555 | 4.527
LOSS FORMAT: SEMANTIC_LOSS MEAN_IOU PIX_ACC | DEPTH_LOSS ABS_ERR REL_ERR | NORMAL_LOSS MEAN MED <11.25 <22.5 <30 | ∆m (test)
Epoch: 0073 | lr=0.0001 | epoch lenth=398 | train time: 102.805 s | method pmgdn | TRAIN: 0.8792 0.4078 0.6794 | 0.4659 0.4416 0.2046 | 0.1468 24.6798 19.3921 0.2869 0.5736 0.7008 || TEST: 1.1761 0.3112 0.6082 | 0.6149 0.6149 0.2649 | 0.1606 26.8616 21.2913 0.2629 0.5291 0.6556 | 5.935
LOSS FORMAT: SEMANTIC_LOSS MEAN_IOU PIX_ACC | DEPTH_LOSS ABS_ERR REL_ERR | NORMAL_LOSS MEAN MED <11.25 <22.5 <30 | ∆m (test)
Epoch: 0074 | lr=0.0001 | epoch lenth=398 | train time: 103.050 s | method pmgdn | TRAIN: 0.8738 0.4033 0.6708 | 0.4716 0.4495 0.2049 | 0.1471 24.8195 19.5742 0.2843 0.5689 0.6977 || TEST: 1.1558 0.3186 0.6183 | 0.6025 0.6025 0.2438 | 0.1591 26.6172 20.8866 0.2723 0.5366 0.6603 | 3.587
LOSS FORMAT: SEMANTIC_LOSS MEAN_IOU PIX_ACC | DEPTH_LOSS ABS_ERR REL_ERR | NORMAL_LOSS MEAN MED <11.25 <22.5 <30 | ∆m (test)
Epoch: 0075 | lr=0.0001 | epoch lenth=398 | train time: 103.361 s | method pmgdn | TRAIN: 0.8590 0.4083 0.6791 | 0.4647 0.4422 0.2089 | 0.1456 24.6173 19.2652 0.2886 0.5757 0.7026 || TEST: 1.1809 0.3263 0.6162 | 0.6083 0.6083 0.2432 | 0.1589 26.6354 21.0114 0.2684 0.5338 0.6601 | 3.753
LOSS FORMAT: SEMANTIC_LOSS MEAN_IOU PIX_ACC | DEPTH_LOSS ABS_ERR REL_ERR | NORMAL_LOSS MEAN MED <11.25 <22.5 <30 | ∆m (test)
Epoch: 0076 | lr=0.0001 | epoch lenth=398 | train time: 103.490 s | method pmgdn | TRAIN: 0.8409 0.4127 0.6805 | 0.4754 0.4536 0.2099 | 0.1426 24.3231 18.9743 0.2957 0.5819 0.7079 || TEST: 1.1120 0.3480 0.6404 | 0.6219 0.6219 0.2452 | 0.1611 26.7839 21.0027 0.2683 0.5352 0.6594 | 3.051
LOSS FORMAT: SEMANTIC_LOSS MEAN_IOU PIX_ACC | DEPTH_LOSS ABS_ERR REL_ERR | NORMAL_LOSS MEAN MED <11.25 <22.5 <30 | ∆m (test)
Epoch: 0077 | lr=0.0001 | epoch lenth=398 | train time: 103.046 s | method pmgdn | TRAIN: 0.8378 0.4250 0.6930 | 0.4471 0.4254 0.2021 | 0.1443 24.4303 19.0468 0.2941 0.5798 0.7064 || TEST: 1.2194 0.2976 0.6058 | 0.5937 0.5937 0.2344 | 0.1673 27.4026 21.6408 0.2612 0.5210 0.6462 | 5.614
LOSS FORMAT: SEMANTIC_LOSS MEAN_IOU PIX_ACC | DEPTH_LOSS ABS_ERR REL_ERR | NORMAL_LOSS MEAN MED <11.25 <22.5 <30 | ∆m (test)
Epoch: 0078 | lr=0.0001 | epoch lenth=398 | train time: 102.292 s | method pmgdn | TRAIN: 0.8519 0.4016 0.6745 | 0.4675 0.4425 0.2050 | 0.1438 24.3618 19.0433 0.2926 0.5819 0.7090 || TEST: 1.2190 0.3184 0.6041 | 0.6026 0.6026 0.2445 | 0.1565 26.5120 21.0667 0.2643 0.5338 0.6614 | 4.259
LOSS FORMAT: SEMANTIC_LOSS MEAN_IOU PIX_ACC | DEPTH_LOSS ABS_ERR REL_ERR | NORMAL_LOSS MEAN MED <11.25 <22.5 <30 | ∆m (test)
Epoch: 0079 | lr=0.0001 | epoch lenth=398 | train time: 102.613 s | method pmgdn | TRAIN: 0.8261 0.4149 0.6782 | 0.4619 0.4393 0.2044 | 0.1397 23.9554 18.6303 0.3006 0.5904 0.7161 || TEST: 1.1319 0.3434 0.6260 | 0.5799 0.5799 0.2350 | 0.1628 27.0239 21.3824 0.2621 0.5264 0.6536 | 3.154
LOSS FORMAT: SEMANTIC_LOSS MEAN_IOU PIX_ACC | DEPTH_LOSS ABS_ERR REL_ERR | NORMAL_LOSS MEAN MED <11.25 <22.5 <30 | ∆m (test)
Epoch: 0080 | lr=0.0001 | epoch lenth=398 | train time: 102.831 s | method pmgdn | TRAIN: 0.8494 0.4189 0.6844 | 0.4607 0.4369 0.2031 | 0.1404 23.9820 18.6395 0.3006 0.5904 0.7164 || TEST: 1.2038 0.3114 0.5963 | 0.6098 0.6098 0.2364 | 0.1602 26.8443 21.2550 0.2616 0.5303 0.6567 | 4.888
LOSS FORMAT: SEMANTIC_LOSS MEAN_IOU PIX_ACC | DEPTH_LOSS ABS_ERR REL_ERR | NORMAL_LOSS MEAN MED <11.25 <22.5 <30 | ∆m (test)
Epoch: 0081 | lr=0.0001 | epoch lenth=398 | train time: 102.973 s | method pmgdn | TRAIN: 0.8335 0.4121 0.6735 | 0.4577 0.4349 0.2043 | 0.1395 23.9136 18.5796 0.3001 0.5925 0.7177 || TEST: 1.1460 0.3319 0.6231 | 0.6147 0.6147 0.2715 | 0.1579 26.4823 20.7420 0.2720 0.5404 0.6647 | 4.146
LOSS FORMAT: SEMANTIC_LOSS MEAN_IOU PIX_ACC | DEPTH_LOSS ABS_ERR REL_ERR | NORMAL_LOSS MEAN MED <11.25 <22.5 <30 | ∆m (test)
Epoch: 0082 | lr=0.0001 | epoch lenth=398 | train time: 104.552 s | method pmgdn | TRAIN: 0.8036 0.4228 0.6893 | 0.4511 0.4303 0.2027 | 0.1374 23.7342 18.3350 0.3056 0.5972 0.7215 || TEST: 1.1741 0.3204 0.6204 | 0.6696 0.6696 0.2980 | 0.1558 26.3893 20.8186 0.2692 0.5379 0.6629 | 6.674
LOSS FORMAT: SEMANTIC_LOSS MEAN_IOU PIX_ACC | DEPTH_LOSS ABS_ERR REL_ERR | NORMAL_LOSS MEAN MED <11.25 <22.5 <30 | ∆m (test)
Epoch: 0083 | lr=0.0001 | epoch lenth=398 | train time: 103.670 s | method pmgdn | TRAIN: 0.8132 0.4283 0.6890 | 0.4476 0.4249 0.1985 | 0.1399 23.9313 18.5662 0.3022 0.5927 0.7174 || TEST: 1.1811 0.3216 0.6119 | 0.5973 0.5973 0.2534 | 0.1603 26.7648 21.1426 0.2670 0.5317 0.6583 | 4.445
LOSS FORMAT: SEMANTIC_LOSS MEAN_IOU PIX_ACC | DEPTH_LOSS ABS_ERR REL_ERR | NORMAL_LOSS MEAN MED <11.25 <22.5 <30 | ∆m (test)
Epoch: 0084 | lr=0.0001 | epoch lenth=398 | train time: 103.270 s | method pmgdn | TRAIN: 0.8049 0.4234 0.6846 | 0.4473 0.4252 0.2006 | 0.1372 23.6896 18.3434 0.3063 0.5973 0.7224 || TEST: 1.1860 0.2835 0.6056 | 0.6103 0.6103 0.2324 | 0.1584 26.4838 20.6966 0.2734 0.5410 0.6658 | 4.114
LOSS FORMAT: SEMANTIC_LOSS MEAN_IOU PIX_ACC | DEPTH_LOSS ABS_ERR REL_ERR | NORMAL_LOSS MEAN MED <11.25 <22.5 <30 | ∆m (test)
Epoch: 0085 | lr=0.0001 | epoch lenth=398 | train time: 113.440 s | method pmgdn | TRAIN: 0.7903 0.4116 0.6859 | 0.4402 0.4176 0.1933 | 0.1376 23.6720 18.2671 0.3070 0.5992 0.7233 || TEST: 1.2467 0.3016 0.6020 | 0.5822 0.5822 0.2349 | 0.1558 26.2703 20.6172 0.2774 0.5428 0.6656 | 2.968
LOSS FORMAT: SEMANTIC_LOSS MEAN_IOU PIX_ACC | DEPTH_LOSS ABS_ERR REL_ERR | NORMAL_LOSS MEAN MED <11.25 <22.5 <30 | ∆m (test)
Epoch: 0086 | lr=0.0001 | epoch lenth=398 | train time: 102.816 s | method pmgdn | TRAIN: 0.8213 0.4137 0.6790 | 0.4533 0.4279 0.2018 | 0.1393 23.7665 18.3171 0.3062 0.5971 0.7207 || TEST: 1.1802 0.3306 0.6162 | 0.5685 0.5685 0.2363 | 0.1578 26.5659 20.9649 0.2661 0.5359 0.6628 | 2.638
LOSS FORMAT: SEMANTIC_LOSS MEAN_IOU PIX_ACC | DEPTH_LOSS ABS_ERR REL_ERR | NORMAL_LOSS MEAN MED <11.25 <22.5 <30 | ∆m (test)
Epoch: 0087 | lr=0.0001 | epoch lenth=398 | train time: 103.341 s | method pmgdn | TRAIN: 0.8088 0.4231 0.6872 | 0.4508 0.4258 0.1964 | 0.1377 23.6483 18.2949 0.3056 0.6003 0.7240 || TEST: 1.1762 0.3213 0.6273 | 0.5730 0.5730 0.2258 | 0.1546 26.1629 20.4323 0.2736 0.5475 0.6734 | 1.208
LOSS FORMAT: SEMANTIC_LOSS MEAN_IOU PIX_ACC | DEPTH_LOSS ABS_ERR REL_ERR | NORMAL_LOSS MEAN MED <11.25 <22.5 <30 | ∆m (test)
Epoch: 0088 | lr=0.0001 | epoch lenth=398 | train time: 103.690 s | method pmgdn | TRAIN: 0.7857 0.4263 0.6955 | 0.4251 0.4048 0.1862 | 0.1325 23.1957 17.8241 0.3154 0.6097 0.7327 || TEST: 1.2229 0.3017 0.5995 | 0.5989 0.5989 0.2359 | 0.1590 26.3812 20.2382 0.2813 0.5497 0.6713 | 2.783
LOSS FORMAT: SEMANTIC_LOSS MEAN_IOU PIX_ACC | DEPTH_LOSS ABS_ERR REL_ERR | NORMAL_LOSS MEAN MED <11.25 <22.5 <30 | ∆m (test)
Epoch: 0089 | lr=0.0001 | epoch lenth=398 | train time: 103.030 s | method pmgdn | TRAIN: 0.7733 0.4221 0.6853 | 0.4337 0.4117 0.1931 | 0.1347 23.3826 17.9447 0.3124 0.6062 0.7301 || TEST: 1.1544 0.3373 0.6239 | 0.6084 0.6084 0.2469 | 0.1591 26.7236 21.2239 0.2636 0.5301 0.6582 | 3.889
LOSS FORMAT: SEMANTIC_LOSS MEAN_IOU PIX_ACC | DEPTH_LOSS ABS_ERR REL_ERR | NORMAL_LOSS MEAN MED <11.25 <22.5 <30 | ∆m (test)
Epoch: 0090 | lr=0.0001 | epoch lenth=398 | train time: 103.567 s | method pmgdn | TRAIN: 0.7843 0.4388 0.6954 | 0.4319 0.4091 0.1910 | 0.1355 23.4071 18.0082 0.3125 0.6064 0.7291 || TEST: 1.1895 0.2974 0.6128 | 0.5940 0.5940 0.2288 | 0.1613 26.7532 20.8924 0.2689 0.5370 0.6626 | 3.697
LOSS FORMAT: SEMANTIC_LOSS MEAN_IOU PIX_ACC | DEPTH_LOSS ABS_ERR REL_ERR | NORMAL_LOSS MEAN MED <11.25 <22.5 <30 | ∆m (test)
Epoch: 0091 | lr=0.0001 | epoch lenth=398 | train time: 124.943 s | method pmgdn | TRAIN: 0.7884 0.4187 0.6897 | 0.4262 0.4038 0.1917 | 0.1335 23.2101 17.7612 0.3180 0.6118 0.7332 || TEST: 1.2000 0.3153 0.6178 | 0.6159 0.6159 0.2555 | 0.1572 26.4736 20.7708 0.2693 0.5395 0.6632 | 4.254
LOSS FORMAT: SEMANTIC_LOSS MEAN_IOU PIX_ACC | DEPTH_LOSS ABS_ERR REL_ERR | NORMAL_LOSS MEAN MED <11.25 <22.5 <30 | ∆m (test)
Epoch: 0092 | lr=0.0001 | epoch lenth=398 | train time: 118.225 s | method pmgdn | TRAIN: 0.7782 0.4297 0.6944 | 0.4220 0.4003 0.1873 | 0.1324 23.1228 17.7442 0.3162 0.6130 0.7356 || TEST: 1.1785 0.3136 0.6204 | 0.5819 0.5819 0.2454 | 0.1613 26.8318 21.0391 0.2641 0.5359 0.6621 | 3.887
LOSS FORMAT: SEMANTIC_LOSS MEAN_IOU PIX_ACC | DEPTH_LOSS ABS_ERR REL_ERR | NORMAL_LOSS MEAN MED <11.25 <22.5 <30 | ∆m (test)
Epoch: 0093 | lr=0.0001 | epoch lenth=398 | train time: 116.705 s | method pmgdn | TRAIN: 0.7861 0.4266 0.6950 | 0.4233 0.3995 0.1885 | 0.1332 23.1328 17.7523 0.3156 0.6128 0.7358 || TEST: 1.2274 0.2779 0.6059 | 0.6234 0.6234 0.2285 | 0.1560 26.2801 20.5334 0.2741 0.5457 0.6697 | 3.964
LOSS FORMAT: SEMANTIC_LOSS MEAN_IOU PIX_ACC | DEPTH_LOSS ABS_ERR REL_ERR | NORMAL_LOSS MEAN MED <11.25 <22.5 <30 | ∆m (test)
Epoch: 0094 | lr=0.0001 | epoch lenth=398 | train time: 114.371 s | method pmgdn | TRAIN: 0.7790 0.4117 0.6879 | 0.4251 0.4015 0.1908 | 0.1328 23.0632 17.6949 0.3184 0.6144 0.7368 || TEST: 1.2496 0.3029 0.6116 | 0.6174 0.6174 0.2640 | 0.1559 26.2943 20.5131 0.2739 0.5451 0.6679 | 4.501
LOSS FORMAT: SEMANTIC_LOSS MEAN_IOU PIX_ACC | DEPTH_LOSS ABS_ERR REL_ERR | NORMAL_LOSS MEAN MED <11.25 <22.5 <30 | ∆m (test)
Epoch: 0095 | lr=0.0001 | epoch lenth=398 | train time: 190.424 s | method pmgdn | TRAIN: 0.7678 0.4291 0.6925 | 0.4230 0.4020 0.1917 | 0.1308 22.8618 17.3649 0.3257 0.6206 0.7406 || TEST: 1.1602 0.3158 0.6116 | 0.6596 0.6596 0.2452 | 0.1556 26.4578 21.0049 0.2610 0.5363 0.6652 | 5.115
LOSS FORMAT: SEMANTIC_LOSS MEAN_IOU PIX_ACC | DEPTH_LOSS ABS_ERR REL_ERR | NORMAL_LOSS MEAN MED <11.25 <22.5 <30 | ∆m (test)
Epoch: 0096 | lr=0.0001 | epoch lenth=398 | train time: 186.299 s | method pmgdn | TRAIN: 0.7428 0.4344 0.6979 | 0.4254 0.4026 0.1884 | 0.1287 22.6499 17.1707 0.3300 0.6255 0.7445 || TEST: 1.1862 0.3153 0.6206 | 0.5921 0.5921 0.2304 | 0.1521 26.0187 20.4388 0.2751 0.5462 0.6705 | 1.955
LOSS FORMAT: SEMANTIC_LOSS MEAN_IOU PIX_ACC | DEPTH_LOSS ABS_ERR REL_ERR | NORMAL_LOSS MEAN MED <11.25 <22.5 <30 | ∆m (test)
Epoch: 0097 | lr=0.0001 | epoch lenth=398 | train time: 126.294 s | method pmgdn | TRAIN: 0.7465 0.4331 0.6993 | 0.4162 0.3941 0.1840 | 0.1306 22.9015 17.5489 0.3206 0.6185 0.7409 || TEST: 1.1285 0.3315 0.6319 | 0.6109 0.6109 0.2331 | 0.1553 26.1645 20.3733 0.2790 0.5483 0.6720 | 1.521
LOSS FORMAT: SEMANTIC_LOSS MEAN_IOU PIX_ACC | DEPTH_LOSS ABS_ERR REL_ERR | NORMAL_LOSS MEAN MED <11.25 <22.5 <30 | ∆m (test)
Epoch: 0098 | lr=0.0001 | epoch lenth=398 | train time: 114.231 s | method pmgdn | TRAIN: 0.7712 0.4385 0.7020 | 0.4099 0.3870 0.1847 | 0.1308 22.8472 17.4762 0.3222 0.6189 0.7418 || TEST: 1.2000 0.3070 0.6162 | 0.5972 0.5972 0.2278 | 0.1509 25.8513 20.2762 0.2784 0.5507 0.6754 | 1.796
LOSS FORMAT: SEMANTIC_LOSS MEAN_IOU PIX_ACC | DEPTH_LOSS ABS_ERR REL_ERR | NORMAL_LOSS MEAN MED <11.25 <22.5 <30 | ∆m (test)
Epoch: 0099 | lr=0.0001 | epoch lenth=398 | train time: 144.969 s | method pmgdn | TRAIN: 0.7467 0.4286 0.6966 | 0.4257 0.4036 0.1870 | 0.1274 22.5806 17.1240 0.3295 0.6267 0.7465 || TEST: 1.2251 0.3279 0.6123 | 0.5714 0.5714 0.2444 | 0.1556 26.1646 20.2320 0.2775 0.5515 0.6757 | 1.619
LOSS FORMAT: SEMANTIC_LOSS MEAN_IOU PIX_ACC | DEPTH_LOSS ABS_ERR REL_ERR | NORMAL_LOSS MEAN MED <11.25 <22.5 <30 | ∆m (test)
Epoch: 0100 | lr=0.0001 | epoch lenth=398 | train time: 123.439 s | method pmgdn | TRAIN: 0.6920 0.4469 0.7024 | 0.3746 0.3650 0.1720 | 0.1208 22.1561 16.6650 0.3401 0.6397 0.7561 || TEST: 1.1308 0.3325 0.6303 | 0.5864 0.5864 0.2313 | 0.1509 25.8752 20.3243 0.2768 0.5504 0.6751 | 0.881
LOSS FORMAT: SEMANTIC_LOSS MEAN_IOU PIX_ACC | DEPTH_LOSS ABS_ERR REL_ERR | NORMAL_LOSS MEAN MED <11.25 <22.5 <30 | ∆m (test)
Epoch: 0101 | lr=0.0001 | epoch lenth=398 | train time: 104.638 s | method pmgdn | TRAIN: 0.6732 0.4578 0.7145 | 0.3772 0.3668 0.1771 | 0.1197 22.0136 16.5594 0.3428 0.6424 0.7588 || TEST: 1.1536 0.3402 0.6353 | 0.5473 0.5473 0.2267 | 0.1494 25.4761 19.4924 0.2903 0.5673 0.6880 | -1.949
LOSS FORMAT: SEMANTIC_LOSS MEAN_IOU PIX_ACC | DEPTH_LOSS ABS_ERR REL_ERR | NORMAL_LOSS MEAN MED <11.25 <22.5 <30 | ∆m (test)
Epoch: 0102 | lr=0.0001 | epoch lenth=398 | train time: 104.294 s | method pmgdn | TRAIN: 0.6576 0.4661 0.7193 | 0.3770 0.3653 0.1713 | 0.1178 21.7215 16.2589 0.3506 0.6497 0.7640 || TEST: 1.2157 0.3251 0.6158 | 0.5550 0.5550 0.2198 | 0.1540 25.9837 20.0242 0.2819 0.5564 0.6787 | -0.117
LOSS FORMAT: SEMANTIC_LOSS MEAN_IOU PIX_ACC | DEPTH_LOSS ABS_ERR REL_ERR | NORMAL_LOSS MEAN MED <11.25 <22.5 <30 | ∆m (test)
Epoch: 0103 | lr=0.0001 | epoch lenth=398 | train time: 104.835 s | method pmgdn | TRAIN: 0.6614 0.4544 0.7091 | 0.3773 0.3665 0.1709 | 0.1169 21.6247 16.1068 0.3539 0.6522 0.7660 || TEST: 1.1224 0.3575 0.6382 | 0.5538 0.5538 0.2191 | 0.1546 25.9965 20.0433 0.2820 0.5558 0.6793 | -1.482
LOSS FORMAT: SEMANTIC_LOSS MEAN_IOU PIX_ACC | DEPTH_LOSS ABS_ERR REL_ERR | NORMAL_LOSS MEAN MED <11.25 <22.5 <30 | ∆m (test)
Epoch: 0104 | lr=0.0001 | epoch lenth=398 | train time: 104.625 s | method pmgdn | TRAIN: 0.6524 0.4727 0.7224 | 0.3670 0.3559 0.1663 | 0.1174 21.6124 16.0595 0.3573 0.6533 0.7660 || TEST: 1.1190 0.3303 0.6303 | 0.5985 0.5985 0.2314 | 0.1473 25.3191 19.4665 0.2954 0.5660 0.6855 | -0.746
LOSS FORMAT: SEMANTIC_LOSS MEAN_IOU PIX_ACC | DEPTH_LOSS ABS_ERR REL_ERR | NORMAL_LOSS MEAN MED <11.25 <22.5 <30 | ∆m (test)
Epoch: 0105 | lr=0.0001 | epoch lenth=398 | train time: 105.653 s | method pmgdn | TRAIN: 0.6561 0.4612 0.7170 | 0.3662 0.3557 0.1670 | 0.1154 21.4918 16.0019 0.3562 0.6550 0.7682 || TEST: 1.1443 0.3558 0.6406 | 0.5692 0.5692 0.2408 | 0.1462 25.2131 19.3414 0.2920 0.5702 0.6912 | -1.943
LOSS FORMAT: SEMANTIC_LOSS MEAN_IOU PIX_ACC | DEPTH_LOSS ABS_ERR REL_ERR | NORMAL_LOSS MEAN MED <11.25 <22.5 <30 | ∆m (test)
Epoch: 0106 | lr=0.0001 | epoch lenth=398 | train time: 106.167 s | method pmgdn | TRAIN: 0.6269 0.4798 0.7274 | 0.3580 0.3477 0.1638 | 0.1151 21.4181 15.8724 0.3580 0.6591 0.7711 || TEST: 1.1609 0.3367 0.6317 | 0.5533 0.5533 0.2312 | 0.1460 25.2177 19.3772 0.2907 0.5697 0.6908 | -1.793
LOSS FORMAT: SEMANTIC_LOSS MEAN_IOU PIX_ACC | DEPTH_LOSS ABS_ERR REL_ERR | NORMAL_LOSS MEAN MED <11.25 <22.5 <30 | ∆m (test)
Epoch: 0107 | lr=0.0001 | epoch lenth=398 | train time: 110.819 s | method pmgdn | TRAIN: 0.6461 0.4652 0.7203 | 0.3607 0.3490 0.1659 | 0.1164 21.5178 16.0424 0.3547 0.6566 0.7695 || TEST: 1.2124 0.3173 0.6205 | 0.5817 0.5817 0.2495 | 0.1448 25.0286 19.1060 0.2983 0.5753 0.6940 | -0.517
LOSS FORMAT: SEMANTIC_LOSS MEAN_IOU PIX_ACC | DEPTH_LOSS ABS_ERR REL_ERR | NORMAL_LOSS MEAN MED <11.25 <22.5 <30 | ∆m (test)
Epoch: 0108 | lr=0.0001 | epoch lenth=398 | train time: 106.099 s | method pmgdn | TRAIN: 0.6221 0.4622 0.7199 | 0.3618 0.3513 0.1646 | 0.1134 21.2407 15.7911 0.3603 0.6626 0.7748 || TEST: 1.2119 0.3456 0.6319 | 0.5592 0.5592 0.2298 | 0.1497 25.5283 19.6189 0.2885 0.5651 0.6872 | -1.510
LOSS FORMAT: SEMANTIC_LOSS MEAN_IOU PIX_ACC | DEPTH_LOSS ABS_ERR REL_ERR | NORMAL_LOSS MEAN MED <11.25 <22.5 <30 | ∆m (test)
Epoch: 0109 | lr=0.0001 | epoch lenth=398 | train time: 106.858 s | method pmgdn | TRAIN: 0.6331 0.4725 0.7228 | 0.3618 0.3499 0.1646 | 0.1139 21.2167 15.7381 0.3629 0.6626 0.7744 || TEST: 1.1831 0.3348 0.6266 | 0.5712 0.5712 0.2273 | 0.1478 25.3804 19.5475 0.2909 0.5660 0.6876 | -1.221
LOSS FORMAT: SEMANTIC_LOSS MEAN_IOU PIX_ACC | DEPTH_LOSS ABS_ERR REL_ERR | NORMAL_LOSS MEAN MED <11.25 <22.5 <30 | ∆m (test)
Epoch: 0110 | lr=0.0001 | epoch lenth=398 | train time: 105.633 s | method pmgdn | TRAIN: 0.6392 0.4663 0.7204 | 0.3572 0.3460 0.1622 | 0.1135 21.1952 15.7086 0.3623 0.6642 0.7753 || TEST: 1.1812 0.3221 0.6267 | 0.5791 0.5791 0.2320 | 0.1473 25.3889 19.6794 0.2895 0.5635 0.6851 | -0.319
LOSS FORMAT: SEMANTIC_LOSS MEAN_IOU PIX_ACC | DEPTH_LOSS ABS_ERR REL_ERR | NORMAL_LOSS MEAN MED <11.25 <22.5 <30 | ∆m (test)
Epoch: 0111 | lr=0.0001 | epoch lenth=398 | train time: 105.396 s | method pmgdn | TRAIN: 0.6270 0.4645 0.7219 | 0.3643 0.3529 0.1633 | 0.1115 20.9795 15.5651 0.3665 0.6688 0.7796 || TEST: 1.1665 0.3378 0.6345 | 0.5967 0.5967 0.2552 | 0.1474 25.3418 19.4496 0.2877 0.5688 0.6911 | 0.015
LOSS FORMAT: SEMANTIC_LOSS MEAN_IOU PIX_ACC | DEPTH_LOSS ABS_ERR REL_ERR | NORMAL_LOSS MEAN MED <11.25 <22.5 <30 | ∆m (test)
Epoch: 0112 | lr=0.0001 | epoch lenth=398 | train time: 105.895 s | method pmgdn | TRAIN: 0.6215 0.4736 0.7267 | 0.3470 0.3358 0.1586 | 0.1123 21.0828 15.6679 0.3639 0.6669 0.7785 || TEST: 1.2431 0.3186 0.6243 | 0.5957 0.5957 0.2225 | 0.1477 25.3475 19.4411 0.2926 0.5687 0.6887 | -0.710
LOSS FORMAT: SEMANTIC_LOSS MEAN_IOU PIX_ACC | DEPTH_LOSS ABS_ERR REL_ERR | NORMAL_LOSS MEAN MED <11.25 <22.5 <30 | ∆m (test)
Epoch: 0113 | lr=0.0001 | epoch lenth=398 | train time: 104.861 s | method pmgdn | TRAIN: 0.6204 0.4639 0.7214 | 0.3557 0.3450 0.1580 | 0.1091 20.6952 15.2882 0.3740 0.6772 0.7858 || TEST: 1.1809 0.3495 0.6285 | 0.5759 0.5759 0.2483 | 0.1514 25.6375 19.5226 0.2879 0.5672 0.6883 | -0.594
LOSS FORMAT: SEMANTIC_LOSS MEAN_IOU PIX_ACC | DEPTH_LOSS ABS_ERR REL_ERR | NORMAL_LOSS MEAN MED <11.25 <22.5 <30 | ∆m (test)
Epoch: 0114 | lr=0.0001 | epoch lenth=398 | train time: 105.768 s | method pmgdn | TRAIN: 0.6199 0.4756 0.7246 | 0.3606 0.3488 0.1637 | 0.1118 20.9875 15.5195 0.3666 0.6691 0.7801 || TEST: 1.1677 0.3318 0.6325 | 0.5717 0.5717 0.2256 | 0.1488 25.4774 19.6072 0.2903 0.5640 0.6847 | -1.117
LOSS FORMAT: SEMANTIC_LOSS MEAN_IOU PIX_ACC | DEPTH_LOSS ABS_ERR REL_ERR | NORMAL_LOSS MEAN MED <11.25 <22.5 <30 | ∆m (test)
Epoch: 0115 | lr=0.0001 | epoch lenth=398 | train time: 105.116 s | method pmgdn | TRAIN: 0.5980 0.4763 0.7290 | 0.3525 0.3421 0.1591 | 0.1085 20.6425 15.1960 0.3751 0.6781 0.7867 || TEST: 1.1838 0.3243 0.6274 | 0.5903 0.5903 0.2260 | 0.1472 25.2587 19.2946 0.2946 0.5716 0.6908 | -1.167
LOSS FORMAT: SEMANTIC_LOSS MEAN_IOU PIX_ACC | DEPTH_LOSS ABS_ERR REL_ERR | NORMAL_LOSS MEAN MED <11.25 <22.5 <30 | ∆m (test)
Epoch: 0116 | lr=0.0001 | epoch lenth=398 | train time: 108.170 s | method pmgdn | TRAIN: 0.6151 0.4689 0.7243 | 0.3499 0.3379 0.1605 | 0.1102 20.8023 15.3961 0.3699 0.6729 0.7836 || TEST: 1.1781 0.3455 0.6405 | 0.5647 0.5647 0.2322 | 0.1553 25.9400 19.7634 0.2876 0.5613 0.6830 | -1.028
LOSS FORMAT: SEMANTIC_LOSS MEAN_IOU PIX_ACC | DEPTH_LOSS ABS_ERR REL_ERR | NORMAL_LOSS MEAN MED <11.25 <22.5 <30 | ∆m (test)
Epoch: 0117 | lr=0.0001 | epoch lenth=398 | train time: 104.899 s | method pmgdn | TRAIN: 0.5984 0.4844 0.7330 | 0.3467 0.3358 0.1569 | 0.1099 20.7563 15.2764 0.3734 0.6755 0.7847 || TEST: 1.2358 0.3258 0.6208 | 0.5527 0.5527 0.2209 | 0.1479 25.3422 19.4268 0.2931 0.5680 0.6892 | -1.655
LOSS FORMAT: SEMANTIC_LOSS MEAN_IOU PIX_ACC | DEPTH_LOSS ABS_ERR REL_ERR | NORMAL_LOSS MEAN MED <11.25 <22.5 <30 | ∆m (test)
Epoch: 0118 | lr=0.0001 | epoch lenth=398 | train time: 105.540 s | method pmgdn | TRAIN: 0.5950 0.4818 0.7251 | 0.3503 0.3393 0.1573 | 0.1089 20.6644 15.2707 0.3736 0.6768 0.7868 || TEST: 1.1674 0.3316 0.6296 | 0.5857 0.5857 0.2196 | 0.1506 25.6564 19.7667 0.2854 0.5618 0.6846 | -0.673
LOSS FORMAT: SEMANTIC_LOSS MEAN_IOU PIX_ACC | DEPTH_LOSS ABS_ERR REL_ERR | NORMAL_LOSS MEAN MED <11.25 <22.5 <30 | ∆m (test)
Epoch: 0119 | lr=0.0001 | epoch lenth=398 | train time: 105.035 s | method pmgdn | TRAIN: 0.5904 0.4785 0.7288 | 0.3465 0.3351 0.1588 | 0.1087 20.5990 15.1221 0.3764 0.6797 0.7875 || TEST: 1.2022 0.3366 0.6186 | 0.5682 0.5682 0.2239 | 0.1531 25.9424 20.0535 0.2799 0.5556 0.6791 | -0.035
LOSS FORMAT: SEMANTIC_LOSS MEAN_IOU PIX_ACC | DEPTH_LOSS ABS_ERR REL_ERR | NORMAL_LOSS MEAN MED <11.25 <22.5 <30 | ∆m (test)
Epoch: 0120 | lr=0.0001 | epoch lenth=398 | train time: 104.936 s | method pmgdn | TRAIN: 0.6053 0.4763 0.7229 | 0.3517 0.3391 0.1599 | 0.1095 20.7258 15.3621 0.3705 0.6759 0.7859 || TEST: 1.2011 0.3557 0.6323 | 0.5724 0.5724 0.2409 | 0.1567 26.1367 19.9056 0.2812 0.5598 0.6817 | -0.252
LOSS FORMAT: SEMANTIC_LOSS MEAN_IOU PIX_ACC | DEPTH_LOSS ABS_ERR REL_ERR | NORMAL_LOSS MEAN MED <11.25 <22.5 <30 | ∆m (test)
Epoch: 0121 | lr=0.0001 | epoch lenth=398 | train time: 104.774 s | method pmgdn | TRAIN: 0.5971 0.4880 0.7305 | 0.3447 0.3333 0.1592 | 0.1088 20.5911 15.0881 0.3789 0.6796 0.7873 || TEST: 1.1958 0.3424 0.6289 | 0.5597 0.5597 0.2296 | 0.1456 25.1742 19.3305 0.2905 0.5714 0.6925 | -1.964
LOSS FORMAT: SEMANTIC_LOSS MEAN_IOU PIX_ACC | DEPTH_LOSS ABS_ERR REL_ERR | NORMAL_LOSS MEAN MED <11.25 <22.5 <30 | ∆m (test)
Epoch: 0122 | lr=0.0001 | epoch lenth=398 | train time: 105.880 s | method pmgdn | TRAIN: 0.6132 0.4748 0.7261 | 0.3476 0.3347 0.1584 | 0.1099 20.7400 15.3494 0.3701 0.6756 0.7859 || TEST: 1.1949 0.3618 0.6388 | 0.5681 0.5681 0.2462 | 0.1519 25.6958 19.6543 0.2892 0.5637 0.6852 | -1.167
LOSS FORMAT: SEMANTIC_LOSS MEAN_IOU PIX_ACC | DEPTH_LOSS ABS_ERR REL_ERR | NORMAL_LOSS MEAN MED <11.25 <22.5 <30 | ∆m (test)
Epoch: 0123 | lr=0.0001 | epoch lenth=398 | train time: 105.961 s | method pmgdn | TRAIN: 0.5979 0.4937 0.7350 | 0.3438 0.3322 0.1594 | 0.1098 20.6617 15.2301 0.3775 0.6786 0.7871 || TEST: 1.1945 0.3048 0.6150 | 0.7017 0.7017 0.2387 | 0.1484 25.7995 20.5388 0.2704 0.5460 0.6745 | 4.565
LOSS FORMAT: SEMANTIC_LOSS MEAN_IOU PIX_ACC | DEPTH_LOSS ABS_ERR REL_ERR | NORMAL_LOSS MEAN MED <11.25 <22.5 <30 | ∆m (test)
Epoch: 0124 | lr=0.0001 | epoch lenth=398 | train time: 107.047 s | method pmgdn | TRAIN: 0.5961 0.4653 0.7236 | 0.3438 0.3320 0.1565 | 0.1092 20.6368 15.1864 0.3760 0.6785 0.7870 || TEST: 1.1953 0.3112 0.6174 | 0.5860 0.5860 0.2311 | 0.1457 25.1683 19.3710 0.2954 0.5690 0.6901 | -0.445
LOSS FORMAT: SEMANTIC_LOSS MEAN_IOU PIX_ACC | DEPTH_LOSS ABS_ERR REL_ERR | NORMAL_LOSS MEAN MED <11.25 <22.5 <30 | ∆m (test)
Epoch: 0125 | lr=0.0001 | epoch lenth=398 | train time: 105.123 s | method pmgdn | TRAIN: 0.5879 0.4746 0.7254 | 0.3412 0.3302 0.1544 | 0.1073 20.4523 15.1146 0.3792 0.6830 0.7912 || TEST: 1.1600 0.3575 0.6410 | 0.5568 0.5568 0.2292 | 0.1454 25.0875 19.1910 0.2969 0.5740 0.6937 | -3.108
LOSS FORMAT: SEMANTIC_LOSS MEAN_IOU PIX_ACC | DEPTH_LOSS ABS_ERR REL_ERR | NORMAL_LOSS MEAN MED <11.25 <22.5 <30 | ∆m (test)
Epoch: 0126 | lr=0.0001 | epoch lenth=398 | train time: 109.814 s | method pmgdn | TRAIN: 0.5786 0.4951 0.7378 | 0.3428 0.3317 0.1577 | 0.1060 20.2781 14.9118 0.3842 0.6864 0.7936 || TEST: 1.1387 0.3756 0.6502 | 0.5724 0.5724 0.2260 | 0.1498 25.5165 19.5565 0.2905 0.5673 0.6880 | -2.798
LOSS FORMAT: SEMANTIC_LOSS MEAN_IOU PIX_ACC | DEPTH_LOSS ABS_ERR REL_ERR | NORMAL_LOSS MEAN MED <11.25 <22.5 <30 | ∆m (test)
Epoch: 0127 | lr=0.0001 | epoch lenth=398 | train time: 105.813 s | method pmgdn | TRAIN: 0.5960 0.4973 0.7394 | 0.3388 0.3271 0.1552 | 0.1079 20.4978 15.0990 0.3798 0.6815 0.7894 || TEST: 1.1662 0.3615 0.6417 | 0.5593 0.5593 0.2326 | 0.1462 25.2010 19.3669 0.2937 0.5704 0.6918 | -2.686
LOSS FORMAT: SEMANTIC_LOSS MEAN_IOU PIX_ACC | DEPTH_LOSS ABS_ERR REL_ERR | NORMAL_LOSS MEAN MED <11.25 <22.5 <30 | ∆m (test)
Epoch: 0128 | lr=0.0001 | epoch lenth=398 | train time: 105.990 s | method pmgdn | TRAIN: 0.5746 0.4975 0.7383 | 0.3398 0.3277 0.1526 | 0.1065 20.3308 14.9353 0.3821 0.6869 0.7937 || TEST: 1.1386 0.3598 0.6444 | 0.5584 0.5584 0.2219 | 0.1478 25.3467 19.4156 0.2904 0.5695 0.6909 | -2.880
LOSS FORMAT: SEMANTIC_LOSS MEAN_IOU PIX_ACC | DEPTH_LOSS ABS_ERR REL_ERR | NORMAL_LOSS MEAN MED <11.25 <22.5 <30 | ∆m (test)
Epoch: 0129 | lr=0.0001 | epoch lenth=398 | train time: 105.760 s | method pmgdn | TRAIN: 0.5772 0.4999 0.7396 | 0.3378 0.3261 0.1532 | 0.1074 20.4282 15.0560 0.3784 0.6841 0.7917 || TEST: 1.2240 0.3321 0.6321 | 0.5715 0.5715 0.2270 | 0.1509 25.7003 19.8851 0.2868 0.5581 0.6803 | -0.493
LOSS FORMAT: SEMANTIC_LOSS MEAN_IOU PIX_ACC | DEPTH_LOSS ABS_ERR REL_ERR | NORMAL_LOSS MEAN MED <11.25 <22.5 <30 | ∆m (test)
Epoch: 0130 | lr=0.0001 | epoch lenth=398 | train time: 105.593 s | method pmgdn | TRAIN: 0.5690 0.4871 0.7356 | 0.3264 0.3157 0.1507 | 0.1051 20.1630 14.7110 0.3872 0.6912 0.7975 || TEST: 1.2230 0.3376 0.6308 | 0.5638 0.5638 0.2249 | 0.1457 25.2253 19.4608 0.2911 0.5675 0.6888 | -1.774
LOSS FORMAT: SEMANTIC_LOSS MEAN_IOU PIX_ACC | DEPTH_LOSS ABS_ERR REL_ERR | NORMAL_LOSS MEAN MED <11.25 <22.5 <30 | ∆m (test)
Epoch: 0131 | lr=0.0001 | epoch lenth=398 | train time: 108.065 s | method pmgdn | TRAIN: 0.5610 0.4908 0.7366 | 0.3320 0.3196 0.1507 | 0.1055 20.1766 14.8686 0.3862 0.6906 0.7971 || TEST: 1.2107 0.3531 0.6301 | 0.5604 0.5604 0.2338 | 0.1535 25.8726 19.7484 0.2836 0.5626 0.6852 | -1.025
LOSS FORMAT: SEMANTIC_LOSS MEAN_IOU PIX_ACC | DEPTH_LOSS ABS_ERR REL_ERR | NORMAL_LOSS MEAN MED <11.25 <22.5 <30 | ∆m (test)
Epoch: 0132 | lr=0.0001 | epoch lenth=398 | train time: 105.631 s | method pmgdn | TRAIN: 0.5554 0.4979 0.7362 | 0.3276 0.3169 0.1509 | 0.1047 20.0913 14.7648 0.3898 0.6926 0.7985 || TEST: 1.2888 0.3221 0.6133 | 0.5489 0.5489 0.2240 | 0.1484 25.4234 19.5180 0.2907 0.5669 0.6879 | -1.136
LOSS FORMAT: SEMANTIC_LOSS MEAN_IOU PIX_ACC | DEPTH_LOSS ABS_ERR REL_ERR | NORMAL_LOSS MEAN MED <11.25 <22.5 <30 | ∆m (test)
Epoch: 0133 | lr=0.0001 | epoch lenth=398 | train time: 105.614 s | method pmgdn | TRAIN: 0.5487 0.4842 0.7300 | 0.3297 0.3182 0.1470 | 0.1036 20.0317 14.7055 0.3880 0.6934 0.7995 || TEST: 1.2064 0.3686 0.6399 | 0.5442 0.5442 0.2218 | 0.1499 25.4457 19.2889 0.2936 0.5723 0.6914 | -3.505
LOSS FORMAT: SEMANTIC_LOSS MEAN_IOU PIX_ACC | DEPTH_LOSS ABS_ERR REL_ERR | NORMAL_LOSS MEAN MED <11.25 <22.5 <30 | ∆m (test)
Epoch: 0134 | lr=0.0001 | epoch lenth=398 | train time: 115.045 s | method pmgdn | TRAIN: 0.5560 0.5037 0.7420 | 0.3292 0.3180 0.1511 | 0.1045 20.0795 14.7424 0.3873 0.6927 0.7990 || TEST: 1.1974 0.3419 0.6277 | 0.5533 0.5533 0.2196 | 0.1529 25.7889 19.7752 0.2893 0.5617 0.6819 | -1.506
LOSS FORMAT: SEMANTIC_LOSS MEAN_IOU PIX_ACC | DEPTH_LOSS ABS_ERR REL_ERR | NORMAL_LOSS MEAN MED <11.25 <22.5 <30 | ∆m (test)
Epoch: 0135 | lr=0.0001 | epoch lenth=398 | train time: 107.926 s | method pmgdn | TRAIN: 0.5725 0.4918 0.7334 | 0.3316 0.3200 0.1496 | 0.1053 20.1427 14.7465 0.3882 0.6915 0.7976 || TEST: 1.2151 0.3496 0.6311 | 0.5692 0.5692 0.2260 | 0.1483 25.4345 19.6331 0.2914 0.5635 0.6849 | -1.669
LOSS FORMAT: SEMANTIC_LOSS MEAN_IOU PIX_ACC | DEPTH_LOSS ABS_ERR REL_ERR | NORMAL_LOSS MEAN MED <11.25 <22.5 <30 | ∆m (test)
Epoch: 0136 | lr=0.0001 | epoch lenth=398 | train time: 104.762 s | method pmgdn | TRAIN: 0.5532 0.4998 0.7374 | 0.3260 0.3146 0.1491 | 0.1044 20.0165 14.6154 0.3935 0.6951 0.7997 || TEST: 1.2787 0.3341 0.6252 | 0.5607 0.5607 0.2387 | 0.1529 25.7938 19.6627 0.2859 0.5634 0.6853 | -0.378
LOSS FORMAT: SEMANTIC_LOSS MEAN_IOU PIX_ACC | DEPTH_LOSS ABS_ERR REL_ERR | NORMAL_LOSS MEAN MED <11.25 <22.5 <30 | ∆m (test)
Epoch: 0137 | lr=0.0001 | epoch lenth=398 | train time: 111.252 s | method pmgdn | TRAIN: 0.5483 0.4920 0.7359 | 0.3243 0.3132 0.1457 | 0.1009 19.6947 14.4152 0.3975 0.7016 0.8062 || TEST: 1.2254 0.3523 0.6382 | 0.5645 0.5645 0.2264 | 0.1514 25.5661 19.3553 0.2933 0.5703 0.6891 | -2.305
LOSS FORMAT: SEMANTIC_LOSS MEAN_IOU PIX_ACC | DEPTH_LOSS ABS_ERR REL_ERR | NORMAL_LOSS MEAN MED <11.25 <22.5 <30 | ∆m (test)
Epoch: 0138 | lr=0.0001 | epoch lenth=398 | train time: 108.472 s | method pmgdn | TRAIN: 0.5581 0.4961 0.7409 | 0.3267 0.3150 0.1531 | 0.1039 19.9567 14.5432 0.3939 0.6965 0.8008 || TEST: 1.2238 0.3462 0.6303 | 0.5526 0.5526 0.2187 | 0.1435 24.8861 19.0319 0.3025 0.5769 0.6960 | -3.563
LOSS FORMAT: SEMANTIC_LOSS MEAN_IOU PIX_ACC | DEPTH_LOSS ABS_ERR REL_ERR | NORMAL_LOSS MEAN MED <11.25 <22.5 <30 | ∆m (test)
Epoch: 0139 | lr=0.0001 | epoch lenth=398 | train time: 104.610 s | method pmgdn | TRAIN: 0.5396 0.4978 0.7391 | 0.3281 0.3169 0.1465 | 0.1016 19.7298 14.4071 0.3980 0.7011 0.8050 || TEST: 1.1721 0.3738 0.6419 | 0.5460 0.5460 0.2222 | 0.1485 25.3842 19.4443 0.2923 0.5695 0.6905 | -3.464
LOSS FORMAT: SEMANTIC_LOSS MEAN_IOU PIX_ACC | DEPTH_LOSS ABS_ERR REL_ERR | NORMAL_LOSS MEAN MED <11.25 <22.5 <30 | ∆m (test)
Epoch: 0140 | lr=0.0001 | epoch lenth=398 | train time: 105.447 s | method pmgdn | TRAIN: 0.5426 0.5073 0.7442 | 0.3243 0.3131 0.1461 | 0.1022 19.7478 14.3949 0.3991 0.7011 0.8042 || TEST: 1.2118 0.3395 0.6241 | 0.5614 0.5614 0.2301 | 0.1455 25.0428 19.1342 0.3030 0.5746 0.6931 | -2.459
LOSS FORMAT: SEMANTIC_LOSS MEAN_IOU PIX_ACC | DEPTH_LOSS ABS_ERR REL_ERR | NORMAL_LOSS MEAN MED <11.25 <22.5 <30 | ∆m (test)
Epoch: 0141 | lr=0.0001 | epoch lenth=398 | train time: 106.405 s | method pmgdn | TRAIN: 0.5431 0.4928 0.7372 | 0.3244 0.3119 0.1477 | 0.1023 19.7783 14.4443 0.3959 0.7008 0.8052 || TEST: 1.2320 0.3420 0.6239 | 0.5558 0.5558 0.2309 | 0.1488 25.3515 19.2355 0.2951 0.5730 0.6918 | -2.048
LOSS FORMAT: SEMANTIC_LOSS MEAN_IOU PIX_ACC | DEPTH_LOSS ABS_ERR REL_ERR | NORMAL_LOSS MEAN MED <11.25 <22.5 <30 | ∆m (test)
Epoch: 0142 | lr=0.0001 | epoch lenth=398 | train time: 106.485 s | method pmgdn | TRAIN: 0.5428 0.4977 0.7370 | 0.3160 0.3057 0.1429 | 0.1012 19.7034 14.3755 0.3978 0.7031 0.8061 || TEST: 1.2060 0.3459 0.6391 | 0.5571 0.5571 0.2440 | 0.1481 25.2747 19.2273 0.2975 0.5729 0.6923 | -2.010
LOSS FORMAT: SEMANTIC_LOSS MEAN_IOU PIX_ACC | DEPTH_LOSS ABS_ERR REL_ERR | NORMAL_LOSS MEAN MED <11.25 <22.5 <30 | ∆m (test)
Epoch: 0143 | lr=0.0001 | epoch lenth=398 | train time: 105.575 s | method pmgdn | TRAIN: 0.5569 0.4937 0.7420 | 0.3192 0.3076 0.1462 | 0.1024 19.7894 14.4592 0.3967 0.6997 0.8044 || TEST: 1.3174 0.3070 0.6151 | 0.5500 0.5500 0.2279 | 0.1455 25.0547 19.0842 0.3006 0.5747 0.6939 | -1.582
LOSS FORMAT: SEMANTIC_LOSS MEAN_IOU PIX_ACC | DEPTH_LOSS ABS_ERR REL_ERR | NORMAL_LOSS MEAN MED <11.25 <22.5 <30 | ∆m (test)
Epoch: 0144 | lr=0.0001 | epoch lenth=398 | train time: 104.839 s | method pmgdn | TRAIN: 0.5339 0.4833 0.7340 | 0.3252 0.3135 0.1472 | 0.1014 19.6598 14.2610 0.4010 0.7045 0.8069 || TEST: 1.2053 0.3654 0.6449 | 0.5587 0.5587 0.2384 | 0.1514 25.6655 19.7453 0.2876 0.5621 0.6848 | -1.710
LOSS FORMAT: SEMANTIC_LOSS MEAN_IOU PIX_ACC | DEPTH_LOSS ABS_ERR REL_ERR | NORMAL_LOSS MEAN MED <11.25 <22.5 <30 | ∆m (test)
Epoch: 0145 | lr=0.0001 | epoch lenth=398 | train time: 104.571 s | method pmgdn | TRAIN: 0.5422 0.5044 0.7453 | 0.3201 0.3084 0.1485 | 0.1018 19.7329 14.3842 0.3979 0.7021 0.8059 || TEST: 1.1951 0.3535 0.6373 | 0.5732 0.5732 0.2215 | 0.1492 25.5683 19.6957 0.2858 0.5636 0.6854 | -1.714
LOSS FORMAT: SEMANTIC_LOSS MEAN_IOU PIX_ACC | DEPTH_LOSS ABS_ERR REL_ERR | NORMAL_LOSS MEAN MED <11.25 <22.5 <30 | ∆m (test)
Epoch: 0146 | lr=0.0001 | epoch lenth=398 | train time: 104.715 s | method pmgdn | TRAIN: 0.5508 0.5003 0.7417 | 0.3228 0.3100 0.1444 | 0.1021 19.7483 14.4454 0.3959 0.7013 0.8057 || TEST: 1.1594 0.3758 0.6485 | 0.5425 0.5425 0.2188 | 0.1437 24.8938 19.0013 0.3035 0.5767 0.6949 | -4.933
LOSS FORMAT: SEMANTIC_LOSS MEAN_IOU PIX_ACC | DEPTH_LOSS ABS_ERR REL_ERR | NORMAL_LOSS MEAN MED <11.25 <22.5 <30 | ∆m (test)
Epoch: 0147 | lr=0.0001 | epoch lenth=398 | train time: 104.749 s | method pmgdn | TRAIN: 0.5320 0.5132 0.7502 | 0.3171 0.3060 0.1459 | 0.0995 19.4665 14.1494 0.4050 0.7088 0.8112 || TEST: 1.2535 0.3246 0.6186 | 0.5771 0.5771 0.2255 | 0.1478 25.5721 20.0378 0.2799 0.5560 0.6806 | 0.321
LOSS FORMAT: SEMANTIC_LOSS MEAN_IOU PIX_ACC | DEPTH_LOSS ABS_ERR REL_ERR | NORMAL_LOSS MEAN MED <11.25 <22.5 <30 | ∆m (test)
Epoch: 0148 | lr=0.0001 | epoch lenth=398 | train time: 104.935 s | method pmgdn | TRAIN: 0.5337 0.4913 0.7360 | 0.3220 0.3100 0.1453 | 0.0997 19.4575 14.2004 0.4036 0.7085 0.8112 || TEST: 1.2007 0.3591 0.6386 | 0.5615 0.5615 0.2247 | 0.1485 25.4063 19.5566 0.2918 0.5660 0.6877 | -2.421
LOSS FORMAT: SEMANTIC_LOSS MEAN_IOU PIX_ACC | DEPTH_LOSS ABS_ERR REL_ERR | NORMAL_LOSS MEAN MED <11.25 <22.5 <30 | ∆m (test)
Epoch: 0149 | lr=0.0001 | epoch lenth=398 | train time: 104.613 s | method pmgdn | TRAIN: 0.5295 0.5088 0.7455 | 0.3132 0.3028 0.1433 | 0.0982 19.3539 14.1014 0.4069 0.7117 0.8132 || TEST: 1.2524 0.3515 0.6320 | 0.5538 0.5538 0.2427 | 0.1458 25.0280 18.9025 0.3003 0.5802 0.6987 | -2.802
LOSS FORMAT: SEMANTIC_LOSS MEAN_IOU PIX_ACC | DEPTH_LOSS ABS_ERR REL_ERR | NORMAL_LOSS MEAN MED <11.25 <22.5 <30 | ∆m (test)
Epoch: 0150 | lr=0.0001 | epoch lenth=398 | train time: 105.017 s | method pmgdn | TRAIN: 0.5275 0.5063 0.7427 | 0.3161 0.3050 0.1458 | 0.0983 19.3137 14.0053 0.4083 0.7119 0.8136 || TEST: 1.2057 0.3519 0.6325 | 0.5572 0.5572 0.2317 | 0.1469 25.1347 19.0819 0.3000 0.5758 0.6941 | -2.884
LOSS FORMAT: SEMANTIC_LOSS MEAN_IOU PIX_ACC | DEPTH_LOSS ABS_ERR REL_ERR | NORMAL_LOSS MEAN MED <11.25 <22.5 <30 | ∆m (test)
Epoch: 0151 | lr=0.0001 | epoch lenth=398 | train time: 105.405 s | method pmgdn | TRAIN: 0.5408 0.5026 0.7413 | 0.3142 0.3023 0.1469 | 0.1001 19.5084 14.1677 0.4043 0.7078 0.8102 || TEST: 1.1804 0.3572 0.6400 | 0.5921 0.5921 0.2202 | 0.1461 25.0713 19.1082 0.3022 0.5747 0.6935 | -3.125
LOSS FORMAT: SEMANTIC_LOSS MEAN_IOU PIX_ACC | DEPTH_LOSS ABS_ERR REL_ERR | NORMAL_LOSS MEAN MED <11.25 <22.5 <30 | ∆m (test)
Epoch: 0152 | lr=0.0001 | epoch lenth=398 | train time: 105.504 s | method pmgdn | TRAIN: 0.5212 0.5074 0.7491 | 0.3126 0.3006 0.1426 | 0.0997 19.4431 14.1515 0.4040 0.7096 0.8120 || TEST: 1.2381 0.3256 0.6236 | 0.5569 0.5569 0.2265 | 0.1437 25.0222 19.3774 0.2952 0.5699 0.6913 | -1.727
LOSS FORMAT: SEMANTIC_LOSS MEAN_IOU PIX_ACC | DEPTH_LOSS ABS_ERR REL_ERR | NORMAL_LOSS MEAN MED <11.25 <22.5 <30 | ∆m (test)
Epoch: 0153 | lr=0.0001 | epoch lenth=398 | train time: 106.437 s | method pmgdn | TRAIN: 0.5285 0.4934 0.7392 | 0.3138 0.3025 0.1412 | 0.0991 19.4345 14.1182 0.4031 0.7104 0.8125 || TEST: 1.2823 0.3316 0.6284 | 0.5487 0.5487 0.2181 | 0.1510 25.4627 19.2273 0.2965 0.5731 0.6927 | -2.476
LOSS FORMAT: SEMANTIC_LOSS MEAN_IOU PIX_ACC | DEPTH_LOSS ABS_ERR REL_ERR | NORMAL_LOSS MEAN MED <11.25 <22.5 <30 | ∆m (test)
Epoch: 0154 | lr=0.0001 | epoch lenth=398 | train time: 107.811 s | method pmgdn | TRAIN: 0.5163 0.4971 0.7436 | 0.3108 0.2994 0.1409 | 0.0988 19.3252 14.0683 0.4076 0.7124 0.8141 || TEST: 1.2599 0.3315 0.6235 | 0.5992 0.5992 0.2220 | 0.1477 25.5314 20.0755 0.2835 0.5555 0.6806 | 0.134
LOSS FORMAT: SEMANTIC_LOSS MEAN_IOU PIX_ACC | DEPTH_LOSS ABS_ERR REL_ERR | NORMAL_LOSS MEAN MED <11.25 <22.5 <30 | ∆m (test)
Epoch: 0155 | lr=0.0001 | epoch lenth=398 | train time: 105.958 s | method pmgdn | TRAIN: 0.5331 0.4935 0.7383 | 0.3160 0.3044 0.1440 | 0.0993 19.4567 14.1873 0.4033 0.7086 0.8112 || TEST: 1.2411 0.3488 0.6249 | 0.5534 0.5534 0.2269 | 0.1531 25.7468 19.5700 0.2900 0.5660 0.6865 | -1.685
LOSS FORMAT: SEMANTIC_LOSS MEAN_IOU PIX_ACC | DEPTH_LOSS ABS_ERR REL_ERR | NORMAL_LOSS MEAN MED <11.25 <22.5 <30 | ∆m (test)
Epoch: 0156 | lr=0.0001 | epoch lenth=398 | train time: 106.089 s | method pmgdn | TRAIN: 0.5204 0.5050 0.7414 | 0.3139 0.3021 0.1461 | 0.0988 19.3237 14.0055 0.4100 0.7132 0.8141 || TEST: 1.2285 0.3523 0.6381 | 0.5572 0.5572 0.2337 | 0.1457 25.1037 19.2599 0.2982 0.5717 0.6925 | -2.652
LOSS FORMAT: SEMANTIC_LOSS MEAN_IOU PIX_ACC | DEPTH_LOSS ABS_ERR REL_ERR | NORMAL_LOSS MEAN MED <11.25 <22.5 <30 | ∆m (test)
Epoch: 0157 | lr=0.0001 | epoch lenth=398 | train time: 105.538 s | method pmgdn | TRAIN: 0.5124 0.5119 0.7491 | 0.3063 0.2951 0.1405 | 0.0978 19.2157 13.9312 0.4113 0.7146 0.8156 || TEST: 1.2862 0.3467 0.6276 | 0.5746 0.5746 0.2456 | 0.1463 25.0724 18.9915 0.3003 0.5786 0.6971 | -2.003
LOSS FORMAT: SEMANTIC_LOSS MEAN_IOU PIX_ACC | DEPTH_LOSS ABS_ERR REL_ERR | NORMAL_LOSS MEAN MED <11.25 <22.5 <30 | ∆m (test)
Epoch: 0158 | lr=0.0001 | epoch lenth=398 | train time: 105.298 s | method pmgdn | TRAIN: 0.5140 0.5039 0.7436 | 0.3124 0.3012 0.1419 | 0.0967 19.0943 13.7872 0.4164 0.7163 0.8169 || TEST: 1.3429 0.3133 0.6107 | 0.5520 0.5520 0.2214 | 0.1471 25.1347 19.0399 0.3018 0.5772 0.6957 | -2.029
LOSS FORMAT: SEMANTIC_LOSS MEAN_IOU PIX_ACC | DEPTH_LOSS ABS_ERR REL_ERR | NORMAL_LOSS MEAN MED <11.25 <22.5 <30 | ∆m (test)
Epoch: 0159 | lr=0.0001 | epoch lenth=398 | train time: 105.079 s | method pmgdn | TRAIN: 0.5146 0.4929 0.7357 | 0.3119 0.3005 0.1430 | 0.0961 19.0333 13.8167 0.4157 0.7192 0.8191 || TEST: 1.3047 0.3303 0.6201 | 0.5532 0.5532 0.2224 | 0.1437 24.9347 19.1697 0.3006 0.5738 0.6938 | -2.501
LOSS FORMAT: SEMANTIC_LOSS MEAN_IOU PIX_ACC | DEPTH_LOSS ABS_ERR REL_ERR | NORMAL_LOSS MEAN MED <11.25 <22.5 <30 | ∆m (test)
Epoch: 0160 | lr=0.0001 | epoch lenth=398 | train time: 104.826 s | method pmgdn | TRAIN: 0.5208 0.4939 0.7395 | 0.3112 0.2987 0.1388 | 0.0974 19.1841 13.9633 0.4089 0.7155 0.8172 || TEST: 1.2589 0.3551 0.6374 | 0.5708 0.5708 0.2468 | 0.1495 25.4273 19.3450 0.2931 0.5715 0.6922 | -1.583
LOSS FORMAT: SEMANTIC_LOSS MEAN_IOU PIX_ACC | DEPTH_LOSS ABS_ERR REL_ERR | NORMAL_LOSS MEAN MED <11.25 <22.5 <30 | ∆m (test)
Epoch: 0161 | lr=0.0001 | epoch lenth=398 | train time: 109.047 s | method pmgdn | TRAIN: 0.5096 0.5135 0.7488 | 0.3111 0.2990 0.1424 | 0.0963 19.0699 13.8596 0.4120 0.7188 0.8191 || TEST: 1.2626 0.3532 0.6340 | 0.5795 0.5795 0.2459 | 0.1484 25.2280 19.0891 0.2998 0.5761 0.6949 | -1.985
LOSS FORMAT: SEMANTIC_LOSS MEAN_IOU PIX_ACC | DEPTH_LOSS ABS_ERR REL_ERR | NORMAL_LOSS MEAN MED <11.25 <22.5 <30 | ∆m (test)
Epoch: 0162 | lr=0.0001 | epoch lenth=398 | train time: 105.817 s | method pmgdn | TRAIN: 0.4965 0.5112 0.7489 | 0.3020 0.2917 0.1375 | 0.0951 18.9711 13.7691 0.4153 0.7207 0.8207 || TEST: 1.2699 0.3539 0.6298 | 0.5662 0.5662 0.2456 | 0.1487 25.3003 19.1791 0.2943 0.5754 0.6957 | -1.871
LOSS FORMAT: SEMANTIC_LOSS MEAN_IOU PIX_ACC | DEPTH_LOSS ABS_ERR REL_ERR | NORMAL_LOSS MEAN MED <11.25 <22.5 <30 | ∆m (test)
Epoch: 0163 | lr=0.0001 | epoch lenth=398 | train time: 107.376 s | method pmgdn | TRAIN: 0.4984 0.5135 0.7471 | 0.3049 0.2930 0.1394 | 0.0957 18.9387 13.6423 0.4197 0.7216 0.8207 || TEST: 1.2850 0.3524 0.6310 | 0.5608 0.5608 0.2499 | 0.1474 25.1225 18.9264 0.3030 0.5788 0.6964 | -2.391
LOSS FORMAT: SEMANTIC_LOSS MEAN_IOU PIX_ACC | DEPTH_LOSS ABS_ERR REL_ERR | NORMAL_LOSS MEAN MED <11.25 <22.5 <30 | ∆m (test)
Epoch: 0164 | lr=0.0001 | epoch lenth=398 | train time: 108.564 s | method pmgdn | TRAIN: 0.5102 0.5114 0.7463 | 0.3043 0.2928 0.1393 | 0.0954 18.9170 13.6755 0.4195 0.7230 0.8219 || TEST: 1.3014 0.3219 0.6179 | 0.5572 0.5572 0.2296 | 0.1440 25.0438 19.3424 0.2955 0.5701 0.6915 | -1.413
LOSS FORMAT: SEMANTIC_LOSS MEAN_IOU PIX_ACC | DEPTH_LOSS ABS_ERR REL_ERR | NORMAL_LOSS MEAN MED <11.25 <22.5 <30 | ∆m (test)
Epoch: 0165 | lr=0.0001 | epoch lenth=398 | train time: 107.121 s | method pmgdn | TRAIN: 0.4998 0.4937 0.7418 | 0.2937 0.2828 0.1341 | 0.0954 18.9617 13.6883 0.4178 0.7214 0.8209 || TEST: 1.2399 0.3590 0.6420 | 0.5492 0.5492 0.2366 | 0.1484 25.3219 19.3206 0.2953 0.5717 0.6918 | -2.687
LOSS FORMAT: SEMANTIC_LOSS MEAN_IOU PIX_ACC | DEPTH_LOSS ABS_ERR REL_ERR | NORMAL_LOSS MEAN MED <11.25 <22.5 <30 | ∆m (test)
Epoch: 0166 | lr=0.0001 | epoch lenth=398 | train time: 107.278 s | method pmgdn | TRAIN: 0.4993 0.5190 0.7529 | 0.3066 0.2948 0.1371 | 0.0946 18.8643 13.6885 0.4193 0.7231 0.8225 || TEST: 1.2643 0.3675 0.6369 | 0.5573 0.5573 0.2393 | 0.1470 25.1032 18.9345 0.3018 0.5792 0.6973 | -3.396
LOSS FORMAT: SEMANTIC_LOSS MEAN_IOU PIX_ACC | DEPTH_LOSS ABS_ERR REL_ERR | NORMAL_LOSS MEAN MED <11.25 <22.5 <30 | ∆m (test)
Epoch: 0167 | lr=0.0001 | epoch lenth=398 | train time: 104.890 s | method pmgdn | TRAIN: 0.4975 0.5214 0.7506 | 0.3023 0.2912 0.1379 | 0.0946 18.8585 13.6672 0.4183 0.7244 0.8230 || TEST: 1.2482 0.3417 0.6288 | 0.5756 0.5756 0.2350 | 0.1443 25.0499 19.3524 0.2993 0.5690 0.6892 | -1.734
LOSS FORMAT: SEMANTIC_LOSS MEAN_IOU PIX_ACC | DEPTH_LOSS ABS_ERR REL_ERR | NORMAL_LOSS MEAN MED <11.25 <22.5 <30 | ∆m (test)
Epoch: 0168 | lr=0.0001 | epoch lenth=398 | train time: 105.125 s | method pmgdn | TRAIN: 0.5044 0.5082 0.7457 | 0.2982 0.2865 0.1373 | 0.0962 19.0440 13.8106 0.4136 0.7195 0.8198 || TEST: 1.2360 0.3659 0.6390 | 0.5509 0.5509 0.2247 | 0.1459 25.0601 19.0402 0.2997 0.5774 0.6965 | -3.902
LOSS FORMAT: SEMANTIC_LOSS MEAN_IOU PIX_ACC | DEPTH_LOSS ABS_ERR REL_ERR | NORMAL_LOSS MEAN MED <11.25 <22.5 <30 | ∆m (test)
Epoch: 0169 | lr=0.0001 | epoch lenth=398 | train time: 105.407 s | method pmgdn | TRAIN: 0.4945 0.5215 0.7530 | 0.3066 0.2952 0.1355 | 0.0931 18.6997 13.5999 0.4211 0.7274 0.8263 || TEST: 1.2194 0.3742 0.6440 | 0.5543 0.5543 0.2336 | 0.1489 25.2665 19.1160 0.3001 0.5756 0.6943 | -3.629
LOSS FORMAT: SEMANTIC_LOSS MEAN_IOU PIX_ACC | DEPTH_LOSS ABS_ERR REL_ERR | NORMAL_LOSS MEAN MED <11.25 <22.5 <30 | ∆m (test)
Epoch: 0170 | lr=0.0001 | epoch lenth=398 | train time: 105.699 s | method pmgdn | TRAIN: 0.5002 0.5203 0.7541 | 0.3029 0.2914 0.1379 | 0.0951 18.9124 13.7300 0.4164 0.7232 0.8228 || TEST: 1.2631 0.3388 0.6323 | 0.5572 0.5572 0.2285 | 0.1445 24.8565 18.7509 0.3066 0.5823 0.6998 | -3.407
LOSS FORMAT: SEMANTIC_LOSS MEAN_IOU PIX_ACC | DEPTH_LOSS ABS_ERR REL_ERR | NORMAL_LOSS MEAN MED <11.25 <22.5 <30 | ∆m (test)
Epoch: 0171 | lr=0.0001 | epoch lenth=398 | train time: 109.352 s | method pmgdn | TRAIN: 0.4958 0.5120 0.7495 | 0.2961 0.2843 0.1352 | 0.0943 18.7858 13.6135 0.4207 0.7262 0.8250 || TEST: 1.2238 0.3563 0.6364 | 0.5593 0.5593 0.2314 | 0.1444 24.9718 19.0071 0.2983 0.5768 0.6968 | -3.173
LOSS FORMAT: SEMANTIC_LOSS MEAN_IOU PIX_ACC | DEPTH_LOSS ABS_ERR REL_ERR | NORMAL_LOSS MEAN MED <11.25 <22.5 <30 | ∆m (test)
Epoch: 0172 | lr=0.0001 | epoch lenth=398 | train time: 107.287 s | method pmgdn | TRAIN: 0.4948 0.5193 0.7513 | 0.2967 0.2851 0.1324 | 0.0955 18.9396 13.7591 0.4167 0.7228 0.8221 || TEST: 1.2573 0.3469 0.6321 | 0.5772 0.5772 0.2436 | 0.1446 24.8305 18.7020 0.3097 0.5829 0.6998 | -2.870
LOSS FORMAT: SEMANTIC_LOSS MEAN_IOU PIX_ACC | DEPTH_LOSS ABS_ERR REL_ERR | NORMAL_LOSS MEAN MED <11.25 <22.5 <30 | ∆m (test)
Epoch: 0173 | lr=0.0001 | epoch lenth=398 | train time: 106.441 s | method pmgdn | TRAIN: 0.4873 0.5111 0.7511 | 0.2921 0.2808 0.1354 | 0.0953 18.9040 13.6651 0.4178 0.7238 0.8228 || TEST: 1.2120 0.3648 0.6406 | 0.5578 0.5578 0.2391 | 0.1468 25.0768 18.9075 0.3034 0.5798 0.6972 | -3.474
LOSS FORMAT: SEMANTIC_LOSS MEAN_IOU PIX_ACC | DEPTH_LOSS ABS_ERR REL_ERR | NORMAL_LOSS MEAN MED <11.25 <22.5 <30 | ∆m (test)
Epoch: 0174 | lr=0.0001 | epoch lenth=398 | train time: 107.629 s | method pmgdn | TRAIN: 0.4787 0.5234 0.7558 | 0.2967 0.2859 0.1329 | 0.0933 18.7199 13.5792 0.4223 0.7277 0.8265 || TEST: 1.1990 0.3622 0.6385 | 0.5381 0.5381 0.2271 | 0.1493 25.3037 19.0774 0.2994 0.5760 0.6944 | -3.706
LOSS FORMAT: SEMANTIC_LOSS MEAN_IOU PIX_ACC | DEPTH_LOSS ABS_ERR REL_ERR | NORMAL_LOSS MEAN MED <11.25 <22.5 <30 | ∆m (test)
Epoch: 0175 | lr=0.0001 | epoch lenth=398 | train time: 108.815 s | method pmgdn | TRAIN: 0.4923 0.5169 0.7523 | 0.3013 0.2891 0.1373 | 0.0943 18.8015 13.6297 0.4204 0.7259 0.8247 || TEST: 1.2454 0.3409 0.6303 | 0.5359 0.5359 0.2239 | 0.1474 25.1460 18.9735 0.3006 0.5791 0.6972 | -3.387
LOSS FORMAT: SEMANTIC_LOSS MEAN_IOU PIX_ACC | DEPTH_LOSS ABS_ERR REL_ERR | NORMAL_LOSS MEAN MED <11.25 <22.5 <30 | ∆m (test)
Epoch: 0176 | lr=0.0001 | epoch lenth=398 | train time: 107.533 s | method pmgdn | TRAIN: 0.4796 0.5117 0.7512 | 0.2979 0.2865 0.1371 | 0.0945 18.8206 13.6262 0.4207 0.7258 0.8244 || TEST: 1.2535 0.3541 0.6417 | 0.5594 0.5594 0.2388 | 0.1444 24.9092 18.9006 0.3037 0.5785 0.6970 | -3.233
LOSS FORMAT: SEMANTIC_LOSS MEAN_IOU PIX_ACC | DEPTH_LOSS ABS_ERR REL_ERR | NORMAL_LOSS MEAN MED <11.25 <22.5 <30 | ∆m (test)
Epoch: 0177 | lr=0.0001 | epoch lenth=398 | train time: 107.880 s | method pmgdn | TRAIN: 0.4853 0.5188 0.7557 | 0.2973 0.2862 0.1352 | 0.0936 18.7168 13.5305 0.4226 0.7282 0.8263 || TEST: 1.2604 0.3509 0.6311 | 0.5724 0.5724 0.2453 | 0.1488 25.3179 19.2155 0.2987 0.5733 0.6914 | -1.741
LOSS FORMAT: SEMANTIC_LOSS MEAN_IOU PIX_ACC | DEPTH_LOSS ABS_ERR REL_ERR | NORMAL_LOSS MEAN MED <11.25 <22.5 <30 | ∆m (test)
Epoch: 0178 | lr=0.0001 | epoch lenth=398 | train time: 106.283 s | method pmgdn | TRAIN: 0.4817 0.5135 0.7515 | 0.2995 0.2885 0.1345 | 0.0915 18.4643 13.2639 0.4312 0.7346 0.8305 || TEST: 1.1866 0.3678 0.6450 | 0.5449 0.5449 0.2248 | 0.1464 25.1565 19.2516 0.2974 0.5729 0.6935 | -3.771
LOSS FORMAT: SEMANTIC_LOSS MEAN_IOU PIX_ACC | DEPTH_LOSS ABS_ERR REL_ERR | NORMAL_LOSS MEAN MED <11.25 <22.5 <30 | ∆m (test)
Epoch: 0179 | lr=0.0001 | epoch lenth=398 | train time: 111.711 s | method pmgdn | TRAIN: 0.4912 0.5221 0.7556 | 0.2981 0.2868 0.1343 | 0.0915 18.4634 13.3617 0.4298 0.7328 0.8303 || TEST: 1.2932 0.3491 0.6326 | 0.5581 0.5581 0.2421 | 0.1494 25.3595 19.2040 0.3004 0.5721 0.6899 | -2.078
LOSS FORMAT: SEMANTIC_LOSS MEAN_IOU PIX_ACC | DEPTH_LOSS ABS_ERR REL_ERR | NORMAL_LOSS MEAN MED <11.25 <22.5 <30 | ∆m (test)
Epoch: 0180 | lr=0.0001 | epoch lenth=398 | train time: 108.234 s | method pmgdn | TRAIN: 0.4808 0.5150 0.7525 | 0.2953 0.2835 0.1336 | 0.0926 18.5434 13.3542 0.4286 0.7321 0.8287 || TEST: 1.2391 0.3693 0.6462 | 0.5524 0.5524 0.2373 | 0.1498 25.3556 19.1402 0.2977 0.5753 0.6939 | -3.257
LOSS FORMAT: SEMANTIC_LOSS MEAN_IOU PIX_ACC | DEPTH_LOSS ABS_ERR REL_ERR | NORMAL_LOSS MEAN MED <11.25 <22.5 <30 | ∆m (test)
Epoch: 0181 | lr=0.0001 | epoch lenth=398 | train time: 109.655 s | method pmgdn | TRAIN: 0.4902 0.5208 0.7572 | 0.2961 0.2842 0.1371 | 0.0928 18.5878 13.3984 0.4262 0.7313 0.8293 || TEST: 1.2812 0.3664 0.6502 | 0.5683 0.5683 0.2441 | 0.1495 25.3429 19.1940 0.3003 0.5735 0.6916 | -2.704
LOSS FORMAT: SEMANTIC_LOSS MEAN_IOU PIX_ACC | DEPTH_LOSS ABS_ERR REL_ERR | NORMAL_LOSS MEAN MED <11.25 <22.5 <30 | ∆m (test)
Epoch: 0182 | lr=0.0001 | epoch lenth=398 | train time: 108.343 s | method pmgdn | TRAIN: 0.4839 0.5235 0.7596 | 0.2887 0.2779 0.1321 | 0.0926 18.5840 13.4100 0.4279 0.7327 0.8294 || TEST: 1.2878 0.3237 0.6189 | 0.5684 0.5684 0.2255 | 0.1449 25.0336 19.1756 0.2999 0.5732 0.6928 | -1.812
LOSS FORMAT: SEMANTIC_LOSS MEAN_IOU PIX_ACC | DEPTH_LOSS ABS_ERR REL_ERR | NORMAL_LOSS MEAN MED <11.25 <22.5 <30 | ∆m (test)
Epoch: 0183 | lr=0.0001 | epoch lenth=398 | train time: 109.369 s | method pmgdn | TRAIN: 0.4736 0.5024 0.7478 | 0.2967 0.2859 0.1342 | 0.0906 18.3539 13.2319 0.4328 0.7366 0.8330 || TEST: 1.3245 0.3341 0.6186 | 0.5604 0.5604 0.2150 | 0.1474 25.1892 19.1489 0.3008 0.5741 0.6933 | -2.663
LOSS FORMAT: SEMANTIC_LOSS MEAN_IOU PIX_ACC | DEPTH_LOSS ABS_ERR REL_ERR | NORMAL_LOSS MEAN MED <11.25 <22.5 <30 | ∆m (test)
Epoch: 0184 | lr=0.0001 | epoch lenth=398 | train time: 109.631 s | method pmgdn | TRAIN: 0.4719 0.5111 0.7479 | 0.2920 0.2812 0.1304 | 0.0893 18.2179 13.1410 0.4346 0.7400 0.8356 || TEST: 1.2843 0.3476 0.6310 | 0.5581 0.5581 0.2398 | 0.1490 25.2441 18.9729 0.3017 0.5778 0.6955 | -2.535
LOSS FORMAT: SEMANTIC_LOSS MEAN_IOU PIX_ACC | DEPTH_LOSS ABS_ERR REL_ERR | NORMAL_LOSS MEAN MED <11.25 <22.5 <30 | ∆m (test)
Epoch: 0185 | lr=0.0001 | epoch lenth=398 | train time: 106.158 s | method pmgdn | TRAIN: 0.4790 0.5153 0.7520 | 0.2952 0.2827 0.1324 | 0.0920 18.4772 13.3774 0.4285 0.7338 0.8306 || TEST: 1.2339 0.3635 0.6418 | 0.5705 0.5705 0.2404 | 0.1449 25.0297 19.1991 0.3012 0.5725 0.6920 | -2.741
LOSS FORMAT: SEMANTIC_LOSS MEAN_IOU PIX_ACC | DEPTH_LOSS ABS_ERR REL_ERR | NORMAL_LOSS MEAN MED <11.25 <22.5 <30 | ∆m (test)
Epoch: 0186 | lr=0.0001 | epoch lenth=398 | train time: 107.612 s | method pmgdn | TRAIN: 0.4660 0.5240 0.7590 | 0.2922 0.2813 0.1321 | 0.0897 18.2127 13.0579 0.4380 0.7400 0.8348 || TEST: 1.2486 0.3361 0.6256 | 0.5854 0.5854 0.2272 | 0.1454 25.2984 19.8062 0.2875 0.5609 0.6848 | -0.634
LOSS FORMAT: SEMANTIC_LOSS MEAN_IOU PIX_ACC | DEPTH_LOSS ABS_ERR REL_ERR | NORMAL_LOSS MEAN MED <11.25 <22.5 <30 | ∆m (test)
Epoch: 0187 | lr=0.0001 | epoch lenth=398 | train time: 107.337 s | method pmgdn | TRAIN: 0.4773 0.5105 0.7502 | 0.2894 0.2782 0.1323 | 0.0908 18.3523 13.2453 0.4327 0.7374 0.8335 || TEST: 1.2349 0.3419 0.6282 | 0.5812 0.5812 0.2201 | 0.1467 25.0893 18.9714 0.3037 0.5776 0.6954 | -2.867
LOSS FORMAT: SEMANTIC_LOSS MEAN_IOU PIX_ACC | DEPTH_LOSS ABS_ERR REL_ERR | NORMAL_LOSS MEAN MED <11.25 <22.5 <30 | ∆m (test)
Epoch: 0188 | lr=0.0001 | epoch lenth=398 | train time: 106.762 s | method pmgdn | TRAIN: 0.4781 0.5144 0.7514 | 0.2901 0.2789 0.1316 | 0.0903 18.3072 13.2257 0.4339 0.7383 0.8341 || TEST: 1.2574 0.3452 0.6320 | 0.5636 0.5636 0.2347 | 0.1473 25.2057 19.2904 0.3005 0.5712 0.6906 | -2.178
LOSS FORMAT: SEMANTIC_LOSS MEAN_IOU PIX_ACC | DEPTH_LOSS ABS_ERR REL_ERR | NORMAL_LOSS MEAN MED <11.25 <22.5 <30 | ∆m (test)
Epoch: 0189 | lr=0.0001 | epoch lenth=398 | train time: 108.976 s | method pmgdn | TRAIN: 0.4590 0.5201 0.7559 | 0.2891 0.2780 0.1300 | 0.0900 18.2760 13.1588 0.4354 0.7389 0.8345 || TEST: 1.3042 0.3372 0.6273 | 0.5565 0.5565 0.2249 | 0.1430 24.7414 18.7505 0.3094 0.5822 0.6995 | -3.576
LOSS FORMAT: SEMANTIC_LOSS MEAN_IOU PIX_ACC | DEPTH_LOSS ABS_ERR REL_ERR | NORMAL_LOSS MEAN MED <11.25 <22.5 <30 | ∆m (test)
Epoch: 0190 | lr=0.0001 | epoch lenth=398 | train time: 110.083 s | method pmgdn | TRAIN: 0.4807 0.5099 0.7508 | 0.2907 0.2779 0.1309 | 0.0908 18.2843 13.2027 0.4343 0.7379 0.8340 || TEST: 1.2665 0.3576 0.6378 | 0.5702 0.5702 0.2485 | 0.1510 25.5620 19.3916 0.2906 0.5698 0.6902 | -1.362
LOSS FORMAT: SEMANTIC_LOSS MEAN_IOU PIX_ACC | DEPTH_LOSS ABS_ERR REL_ERR | NORMAL_LOSS MEAN MED <11.25 <22.5 <30 | ∆m (test)
Epoch: 0191 | lr=0.0001 | epoch lenth=398 | train time: 111.429 s | method pmgdn | TRAIN: 0.4697 0.5245 0.7571 | 0.2913 0.2801 0.1315 | 0.0905 18.2901 13.1696 0.4366 0.7386 0.8337 || TEST: 1.3576 0.3268 0.6211 | 0.5652 0.5652 0.2399 | 0.1436 24.7609 18.6517 0.3086 0.5855 0.7022 | -2.554
LOSS FORMAT: SEMANTIC_LOSS MEAN_IOU PIX_ACC | DEPTH_LOSS ABS_ERR REL_ERR | NORMAL_LOSS MEAN MED <11.25 <22.5 <30 | ∆m (test)
Epoch: 0192 | lr=0.0001 | epoch lenth=398 | train time: 113.330 s | method pmgdn | TRAIN: 0.4693 0.5095 0.7493 | 0.2886 0.2775 0.1319 | 0.0898 18.2408 13.1762 0.4354 0.7395 0.8353 || TEST: 1.3180 0.3525 0.6281 | 0.5348 0.5348 0.2198 | 0.1502 25.3848 19.0876 0.2972 0.5762 0.6951 | -3.478
LOSS FORMAT: SEMANTIC_LOSS MEAN_IOU PIX_ACC | DEPTH_LOSS ABS_ERR REL_ERR | NORMAL_LOSS MEAN MED <11.25 <22.5 <30 | ∆m (test)
Epoch: 0193 | lr=0.0001 | epoch lenth=398 | train time: 107.390 s | method pmgdn | TRAIN: 0.4591 0.5208 0.7539 | 0.2880 0.2766 0.1296 | 0.0896 18.2108 13.0812 0.4369 0.7414 0.8364 || TEST: 1.2954 0.3438 0.6339 | 0.5632 0.5632 0.2426 | 0.1439 24.7768 18.6315 0.3073 0.5859 0.7027 | -3.159
LOSS FORMAT: SEMANTIC_LOSS MEAN_IOU PIX_ACC | DEPTH_LOSS ABS_ERR REL_ERR | NORMAL_LOSS MEAN MED <11.25 <22.5 <30 | ∆m (test)
Epoch: 0194 | lr=0.0001 | epoch lenth=398 | train time: 109.407 s | method pmgdn | TRAIN: 0.4569 0.5187 0.7568 | 0.2837 0.2725 0.1297 | 0.0897 18.2318 13.1186 0.4345 0.7409 0.8360 || TEST: 1.3110 0.3596 0.6375 | 0.5862 0.5862 0.2536 | 0.1458 24.9109 18.7065 0.3082 0.5840 0.7005 | -2.725
LOSS FORMAT: SEMANTIC_LOSS MEAN_IOU PIX_ACC | DEPTH_LOSS ABS_ERR REL_ERR | NORMAL_LOSS MEAN MED <11.25 <22.5 <30 | ∆m (test)
Epoch: 0195 | lr=0.0001 | epoch lenth=398 | train time: 107.318 s | method pmgdn | TRAIN: 0.4702 0.5218 0.7566 | 0.2887 0.2777 0.1313 | 0.0895 18.1876 13.0624 0.4377 0.7418 0.8363 || TEST: 1.2523 0.3499 0.6368 | 0.5402 0.5402 0.2227 | 0.1449 24.9404 18.9062 0.3023 0.5809 0.6990 | -3.994
LOSS FORMAT: SEMANTIC_LOSS MEAN_IOU PIX_ACC | DEPTH_LOSS ABS_ERR REL_ERR | NORMAL_LOSS MEAN MED <11.25 <22.5 <30 | ∆m (test)
Epoch: 0196 | lr=0.0001 | epoch lenth=398 | train time: 106.647 s | method pmgdn | TRAIN: 0.4477 0.5273 0.7595 | 0.2788 0.2683 0.1252 | 0.0885 18.0712 12.9715 0.4415 0.7444 0.8384 || TEST: 1.2630 0.3566 0.6364 | 0.5446 0.5446 0.2309 | 0.1487 25.3176 19.2342 0.2985 0.5722 0.6913 | -2.987
LOSS FORMAT: SEMANTIC_LOSS MEAN_IOU PIX_ACC | DEPTH_LOSS ABS_ERR REL_ERR | NORMAL_LOSS MEAN MED <11.25 <22.5 <30 | ∆m (test)
Epoch: 0197 | lr=0.0001 | epoch lenth=398 | train time: 105.870 s | method pmgdn | TRAIN: 0.4551 0.5262 0.7584 | 0.2899 0.2785 0.1321 | 0.0884 18.0230 12.8973 0.4441 0.7448 0.8383 || TEST: 1.2484 0.3614 0.6416 | 0.5476 0.5476 0.2410 | 0.1447 24.9075 18.8834 0.3050 0.5813 0.6994 | -3.701
LOSS FORMAT: SEMANTIC_LOSS MEAN_IOU PIX_ACC | DEPTH_LOSS ABS_ERR REL_ERR | NORMAL_LOSS MEAN MED <11.25 <22.5 <30 | ∆m (test)
Epoch: 0198 | lr=0.0001 | epoch lenth=398 | train time: 107.511 s | method pmgdn | TRAIN: 0.4445 0.5332 0.7627 | 0.2802 0.2695 0.1267 | 0.0861 17.7976 12.7926 0.4473 0.7511 0.8436 || TEST: 1.2471 0.3536 0.6395 | 0.5586 0.5586 0.2347 | 0.1440 24.9265 19.0804 0.3031 0.5751 0.6949 | -3.121
LOSS FORMAT: SEMANTIC_LOSS MEAN_IOU PIX_ACC | DEPTH_LOSS ABS_ERR REL_ERR | NORMAL_LOSS MEAN MED <11.25 <22.5 <30 | ∆m (test)
Epoch: 0199 | lr=0.0001 | epoch lenth=398 | train time: 106.731 s | method pmgdn | TRAIN: 0.4453 0.5275 0.7618 | 0.2806 0.2699 0.1261 | 0.0877 17.9607 12.9411 0.4440 0.7477 0.8407 || TEST: 1.2403 0.3474 0.6340 | 0.5511 0.5511 0.2327 | 0.1428 24.7532 18.8919 0.3085 0.5787 0.6974 | -3.546
Training finished. ['1.8160 0.9300 43.6535', '1.7523 0.8679 41.1959', '1.7775 1.3348 41.3140', '1.6890 0.8973 38.9868', '1.6536 0.7988 38.0585', '1.6202 0.8074 37.6028', '1.6058 0.9180 37.2780', '1.5611 0.7914 36.0390', '1.5335 0.7874 35.7721', '1.4980 0.7611 35.0287', '1.5525 0.7780 34.8860', '1.4894 0.7914 34.0838', '1.4784 0.7555 34.3430', '1.4355 0.7315 32.8765', '1.4099 0.7150 32.9692', '1.3960 0.8142 32.3568', '1.4237 0.9424 32.1488', '1.3865 0.7057 32.0356', '1.3669 0.7082 31.6508', '1.4489 0.7656 32.4074', '1.3500 0.7572 30.8763', '1.3329 0.9066 31.4886', '1.3123 0.7000 30.5921', '1.2996 0.6970 30.7839', '1.3589 0.7223 30.8722', '1.3209 0.7121 31.1060', '1.2795 0.6795 29.8982', '1.2771 0.7160 30.2179', '1.2611 0.6717 30.2335', '1.2659 0.6951 29.7611', '1.2481 0.6765 29.7212', '1.2735 0.6630 29.7265', '1.2255 0.6516 29.4716', '1.2787 0.6898 29.4029', '1.2456 0.7067 29.6437', '1.2546 0.7018 29.6279', '1.2291 0.7544 29.5633', '1.1996 0.6522 29.1598', '1.2018 0.6643 28.6782', '1.2753 0.6767 28.9438', '1.2205 0.7028 28.6045', '1.1918 0.7074 29.0099', '1.2125 0.6596 28.9575', '1.1851 0.7015 28.4429', '1.2040 0.6412 29.2037', '1.1535 0.6398 28.0414', '1.1884 0.6394 28.2692', '1.1601 0.6421 27.9831', '1.2324 0.6643 28.5489', '1.1732 0.6338 28.2052', '1.2082 0.6295 28.3616', '1.1564 0.6258 27.5658', '1.1860 0.6211 27.7908', '1.1937 0.6293 28.2499', '1.1621 0.6276 27.3732', '1.1416 0.6596 27.7242', '1.1339 0.6337 28.0990', '1.2094 0.6368 27.8877', '1.2454 0.6181 28.2500', '1.1805 0.6802 27.1174', '1.2302 0.6045 27.0608', '1.1425 0.6439 27.0420', '1.3283 0.6504 27.7628', '1.2067 0.6808 27.4102', '1.1887 0.6387 26.9769', '1.1520 0.6031 27.3462', '1.2008 0.6114 27.9264', '1.2365 0.6386 27.3052', '1.1607 0.5949 26.7386', '1.2120 0.6031 26.4363', '1.2043 0.6438 27.1780', '1.2012 0.6091 27.2437', '1.1248 0.5882 27.0608', '1.1761 0.6149 26.8616', '1.1558 0.6025 26.6172', '1.1809 0.6083 26.6354', '1.1120 0.6219 26.7839', '1.2194 0.5937 27.4026', '1.2190 0.6026 26.5120', '1.1319 0.5799 27.0239', '1.2038 0.6098 26.8443', '1.1460 0.6147 26.4823', '1.1741 0.6696 26.3893', '1.1811 0.5973 26.7648', '1.1860 0.6103 26.4838', '1.2467 0.5822 26.2703', '1.1802 0.5685 26.5659', '1.1762 0.5730 26.1629', '1.2229 0.5989 26.3812', '1.1544 0.6084 26.7236', '1.1895 0.5940 26.7532', '1.2000 0.6159 26.4736', '1.1785 0.5819 26.8318', '1.2274 0.6234 26.2801', '1.2496 0.6174 26.2943', '1.1602 0.6596 26.4578', '1.1862 0.5921 26.0187', '1.1285 0.6109 26.1645', '1.2000 0.5972 25.8513', '1.2251 0.5714 26.1646', '1.1308 0.5864 25.8752', '1.1536 0.5473 25.4761', '1.2157 0.5550 25.9837', '1.1224 0.5538 25.9965', '1.1190 0.5985 25.3191', '1.1443 0.5692 25.2131', '1.1609 0.5533 25.2177', '1.2124 0.5817 25.0286', '1.2119 0.5592 25.5283', '1.1831 0.5712 25.3804', '1.1812 0.5791 25.3889', '1.1665 0.5967 25.3418', '1.2431 0.5957 25.3475', '1.1809 0.5759 25.6375', '1.1677 0.5717 25.4774', '1.1838 0.5903 25.2587', '1.1781 0.5647 25.9400', '1.2358 0.5527 25.3422', '1.1674 0.5857 25.6564', '1.2022 0.5682 25.9424', '1.2011 0.5724 26.1367', '1.1958 0.5597 25.1742', '1.1949 0.5681 25.6958', '1.1945 0.7017 25.7995', '1.1953 0.5860 25.1683', '1.1600 0.5568 25.0875', '1.1387 0.5724 25.5165', '1.1662 0.5593 25.2010', '1.1386 0.5584 25.3467', '1.2240 0.5715 25.7003', '1.2230 0.5638 25.2253', '1.2107 0.5604 25.8726', '1.2888 0.5489 25.4234', '1.2064 0.5442 25.4457', '1.1974 0.5533 25.7889', '1.2151 0.5692 25.4345', '1.2787 0.5607 25.7938', '1.2254 0.5645 25.5661', '1.2238 0.5526 24.8861', '1.1721 0.5460 25.3842', '1.2118 0.5614 25.0428', '1.2320 0.5558 25.3515', '1.2060 0.5571 25.2747', '1.3174 0.5500 25.0547', '1.2053 0.5587 25.6655', '1.1951 0.5732 25.5683', '1.1594 0.5425 24.8938', '1.2535 0.5771 25.5721', '1.2007 0.5615 25.4063', '1.2524 0.5538 25.0280', '1.2057 0.5572 25.1347', '1.1804 0.5921 25.0713', '1.2381 0.5569 25.0222', '1.2823 0.5487 25.4627', '1.2599 0.5992 25.5314', '1.2411 0.5534 25.7468', '1.2285 0.5572 25.1037', '1.2862 0.5746 25.0724', '1.3429 0.5520 25.1347', '1.3047 0.5532 24.9347', '1.2589 0.5708 25.4273', '1.2626 0.5795 25.2280', '1.2699 0.5662 25.3003', '1.2850 0.5608 25.1225', '1.3014 0.5572 25.0438', '1.2399 0.5492 25.3219', '1.2643 0.5573 25.1032', '1.2482 0.5756 25.0499', '1.2360 0.5509 25.0601', '1.2194 0.5543 25.2665', '1.2631 0.5572 24.8565', '1.2238 0.5593 24.9718', '1.2573 0.5772 24.8305', '1.2120 0.5578 25.0768', '1.1990 0.5381 25.3037', '1.2454 0.5359 25.1460', '1.2535 0.5594 24.9092', '1.2604 0.5724 25.3179', '1.1866 0.5449 25.1565', '1.2932 0.5581 25.3595', '1.2391 0.5524 25.3556', '1.2812 0.5683 25.3429', '1.2878 0.5684 25.0336', '1.3245 0.5604 25.1892', '1.2843 0.5581 25.2441', '1.2339 0.5705 25.0297', '1.2486 0.5854 25.2984', '1.2349 0.5812 25.0893', '1.2574 0.5636 25.2057', '1.3042 0.5565 24.7414', '1.2665 0.5702 25.5620', '1.3576 0.5652 24.7609', '1.3180 0.5348 25.3848', '1.2954 0.5632 24.7768', '1.3110 0.5862 24.9109', '1.2523 0.5402 24.9404', '1.2630 0.5446 25.3176', '1.2484 0.5476 24.9075', '1.2471 0.5586 24.9265', '1.2403 0.5511 24.7532']
