Defaulting to user installation because normal site-packages is not writeable
Looking in indexes: https://pypi.org/simple, https://download.pytorch.org/whl/cu113
Requirement already satisfied: torch==1.12.1+cu113 in /home/mx6835/.local/lib/python3.10/site-packages (1.12.1+cu113)
Requirement already satisfied: torchvision==0.13.1+cu113 in /home/mx6835/.local/lib/python3.10/site-packages (0.13.1+cu113)
Requirement already satisfied: torchaudio==0.12.1 in /home/mx6835/.local/lib/python3.10/site-packages (0.12.1+cu113)
Requirement already satisfied: typing-extensions in /home/mx6835/.local/lib/python3.10/site-packages (from torch==1.12.1+cu113) (4.7.1)
Requirement already satisfied: numpy in /home/mx6835/.local/lib/python3.10/site-packages (from torchvision==0.13.1+cu113) (1.25.2)
Requirement already satisfied: requests in /home/mx6835/.local/lib/python3.10/site-packages (from torchvision==0.13.1+cu113) (2.31.0)
Requirement already satisfied: pillow!=8.3.*,>=5.3.0 in /home/mx6835/.local/lib/python3.10/site-packages (from torchvision==0.13.1+cu113) (10.1.0)
Requirement already satisfied: charset-normalizer<4,>=2 in /home/mx6835/.local/lib/python3.10/site-packages (from requests->torchvision==0.13.1+cu113) (3.2.0)
Requirement already satisfied: certifi>=2017.4.17 in /home/mx6835/.local/lib/python3.10/site-packages (from requests->torchvision==0.13.1+cu113) (2023.7.22)
Requirement already satisfied: idna<4,>=2.5 in /home/mx6835/.local/lib/python3.10/site-packages (from requests->torchvision==0.13.1+cu113) (3.4)
Requirement already satisfied: urllib3<3,>=1.21.1 in /home/mx6835/.local/lib/python3.10/site-packages (from requests->torchvision==0.13.1+cu113) (2.0.4)
Defaulting to user installation because normal site-packages is not writeable
Obtaining file:///home/mx6835/acdemic/MM/MTL-main
  Preparing metadata (setup.py): started
  Preparing metadata (setup.py): finished with status 'done'
Requirement already satisfied: matplotlib>=3.2.1 in /home/mx6835/.local/lib/python3.10/site-packages (from mtl==1.0.0) (3.8.0)
Requirement already satisfied: numpy>=1.18.2 in /home/mx6835/.local/lib/python3.10/site-packages (from mtl==1.0.0) (1.25.2)
Requirement already satisfied: cvxpy in /home/mx6835/.local/lib/python3.10/site-packages (from mtl==1.0.0) (1.4.3)
Requirement already satisfied: tqdm>=4.45.0 in /home/mx6835/.local/lib/python3.10/site-packages (from mtl==1.0.0) (4.66.1)
Requirement already satisfied: pandas in /home/mx6835/.local/lib/python3.10/site-packages (from mtl==1.0.0) (2.1.0)
Requirement already satisfied: scikit-learn in /home/mx6835/.local/lib/python3.10/site-packages (from mtl==1.0.0) (1.0.2)
Requirement already satisfied: seaborn in /home/mx6835/.local/lib/python3.10/site-packages (from mtl==1.0.0) (0.13.2)
Requirement already satisfied: wandb==0.12.21 in /home/mx6835/.local/lib/python3.10/site-packages (from mtl==1.0.0) (0.12.21)
Requirement already satisfied: plotly in /home/mx6835/.local/lib/python3.10/site-packages (from mtl==1.0.0) (5.20.0)
Requirement already satisfied: torch_geometric in /home/mx6835/.local/lib/python3.10/site-packages (from mtl==1.0.0) (2.5.2)
Requirement already satisfied: six>=1.13.0 in /home/mx6835/.local/lib/python3.10/site-packages (from wandb==0.12.21->mtl==1.0.0) (1.16.0)
Requirement already satisfied: pathtools in /home/mx6835/.local/lib/python3.10/site-packages (from wandb==0.12.21->mtl==1.0.0) (0.1.2)
Requirement already satisfied: PyYAML in /home/mx6835/.local/lib/python3.10/site-packages (from wandb==0.12.21->mtl==1.0.0) (6.0.1)
Requirement already satisfied: shortuuid>=0.5.0 in /home/mx6835/.local/lib/python3.10/site-packages (from wandb==0.12.21->mtl==1.0.0) (1.0.13)
Requirement already satisfied: promise<3,>=2.0 in /home/mx6835/.local/lib/python3.10/site-packages (from wandb==0.12.21->mtl==1.0.0) (2.3)
Requirement already satisfied: requests<3,>=2.0.0 in /home/mx6835/.local/lib/python3.10/site-packages (from wandb==0.12.21->mtl==1.0.0) (2.31.0)
Requirement already satisfied: Click!=8.0.0,>=7.0 in /home/mx6835/.local/lib/python3.10/site-packages (from wandb==0.12.21->mtl==1.0.0) (8.1.7)
Requirement already satisfied: setproctitle in /home/mx6835/.local/lib/python3.10/site-packages (from wandb==0.12.21->mtl==1.0.0) (1.3.3)
Requirement already satisfied: docker-pycreds>=0.4.0 in /home/mx6835/.local/lib/python3.10/site-packages (from wandb==0.12.21->mtl==1.0.0) (0.4.0)
Requirement already satisfied: setuptools in /home/mx6835/.local/lib/python3.10/site-packages (from wandb==0.12.21->mtl==1.0.0) (69.1.0)
Requirement already satisfied: GitPython>=1.0.0 in /home/mx6835/.local/lib/python3.10/site-packages (from wandb==0.12.21->mtl==1.0.0) (3.1.43)
Requirement already satisfied: psutil>=5.0.0 in /home/mx6835/.local/lib/python3.10/site-packages (from wandb==0.12.21->mtl==1.0.0) (5.9.5)
Requirement already satisfied: protobuf<4.0dev,>=3.12.0 in /home/mx6835/.local/lib/python3.10/site-packages (from wandb==0.12.21->mtl==1.0.0) (3.20.3)
Requirement already satisfied: sentry-sdk>=1.0.0 in /home/mx6835/.local/lib/python3.10/site-packages (from wandb==0.12.21->mtl==1.0.0) (1.45.0)
Requirement already satisfied: pyparsing>=2.3.1 in /home/mx6835/.local/lib/python3.10/site-packages (from matplotlib>=3.2.1->mtl==1.0.0) (3.1.1)
Requirement already satisfied: packaging>=20.0 in /home/mx6835/.local/lib/python3.10/site-packages (from matplotlib>=3.2.1->mtl==1.0.0) (23.1)
Requirement already satisfied: fonttools>=4.22.0 in /home/mx6835/.local/lib/python3.10/site-packages (from matplotlib>=3.2.1->mtl==1.0.0) (4.43.1)
Requirement already satisfied: contourpy>=1.0.1 in /home/mx6835/.local/lib/python3.10/site-packages (from matplotlib>=3.2.1->mtl==1.0.0) (1.1.1)
Requirement already satisfied: pillow>=6.2.0 in /home/mx6835/.local/lib/python3.10/site-packages (from matplotlib>=3.2.1->mtl==1.0.0) (10.1.0)
Requirement already satisfied: python-dateutil>=2.7 in /home/mx6835/.local/lib/python3.10/site-packages (from matplotlib>=3.2.1->mtl==1.0.0) (2.8.2)
Requirement already satisfied: cycler>=0.10 in /home/mx6835/.local/lib/python3.10/site-packages (from matplotlib>=3.2.1->mtl==1.0.0) (0.12.1)
Requirement already satisfied: kiwisolver>=1.0.1 in /home/mx6835/.local/lib/python3.10/site-packages (from matplotlib>=3.2.1->mtl==1.0.0) (1.4.5)
Requirement already satisfied: ecos>=2 in /home/mx6835/.local/lib/python3.10/site-packages (from cvxpy->mtl==1.0.0) (2.0.13)
Requirement already satisfied: scs>=3.0 in /home/mx6835/.local/lib/python3.10/site-packages (from cvxpy->mtl==1.0.0) (3.2.4.post1)
Requirement already satisfied: clarabel>=0.5.0 in /home/mx6835/.local/lib/python3.10/site-packages (from cvxpy->mtl==1.0.0) (0.7.1)
Requirement already satisfied: scipy>=1.1.0 in /home/mx6835/.local/lib/python3.10/site-packages (from cvxpy->mtl==1.0.0) (1.11.2)
Requirement already satisfied: osqp>=0.6.2 in /home/mx6835/.local/lib/python3.10/site-packages (from cvxpy->mtl==1.0.0) (0.6.5)
Requirement already satisfied: pybind11 in /home/mx6835/.local/lib/python3.10/site-packages (from cvxpy->mtl==1.0.0) (2.12.0)
Requirement already satisfied: tzdata>=2022.1 in /home/mx6835/.local/lib/python3.10/site-packages (from pandas->mtl==1.0.0) (2023.3)
Requirement already satisfied: pytz>=2020.1 in /home/mx6835/.local/lib/python3.10/site-packages (from pandas->mtl==1.0.0) (2023.3)
Requirement already satisfied: tenacity>=6.2.0 in /home/mx6835/.local/lib/python3.10/site-packages (from plotly->mtl==1.0.0) (8.2.3)
Requirement already satisfied: joblib>=0.11 in /home/mx6835/.local/lib/python3.10/site-packages (from scikit-learn->mtl==1.0.0) (1.3.2)
Requirement already satisfied: threadpoolctl>=2.0.0 in /home/mx6835/.local/lib/python3.10/site-packages (from scikit-learn->mtl==1.0.0) (3.2.0)
Requirement already satisfied: fsspec in /home/mx6835/.local/lib/python3.10/site-packages (from torch_geometric->mtl==1.0.0) (2023.6.0)
Requirement already satisfied: jinja2 in /home/mx6835/.local/lib/python3.10/site-packages (from torch_geometric->mtl==1.0.0) (3.1.2)
Requirement already satisfied: aiohttp in /home/mx6835/.local/lib/python3.10/site-packages (from torch_geometric->mtl==1.0.0) (3.8.5)
Requirement already satisfied: gitdb<5,>=4.0.1 in /home/mx6835/.local/lib/python3.10/site-packages (from GitPython>=1.0.0->wandb==0.12.21->mtl==1.0.0) (4.0.11)
Requirement already satisfied: qdldl in /home/mx6835/.local/lib/python3.10/site-packages (from osqp>=0.6.2->cvxpy->mtl==1.0.0) (0.1.7.post1)
Requirement already satisfied: idna<4,>=2.5 in /home/mx6835/.local/lib/python3.10/site-packages (from requests<3,>=2.0.0->wandb==0.12.21->mtl==1.0.0) (3.4)
Requirement already satisfied: charset-normalizer<4,>=2 in /home/mx6835/.local/lib/python3.10/site-packages (from requests<3,>=2.0.0->wandb==0.12.21->mtl==1.0.0) (3.2.0)
Requirement already satisfied: certifi>=2017.4.17 in /home/mx6835/.local/lib/python3.10/site-packages (from requests<3,>=2.0.0->wandb==0.12.21->mtl==1.0.0) (2023.7.22)
Requirement already satisfied: urllib3<3,>=1.21.1 in /home/mx6835/.local/lib/python3.10/site-packages (from requests<3,>=2.0.0->wandb==0.12.21->mtl==1.0.0) (2.0.4)
Requirement already satisfied: async-timeout<5.0,>=4.0.0a3 in /home/mx6835/.local/lib/python3.10/site-packages (from aiohttp->torch_geometric->mtl==1.0.0) (4.0.3)
Requirement already satisfied: attrs>=17.3.0 in /home/mx6835/.local/lib/python3.10/site-packages (from aiohttp->torch_geometric->mtl==1.0.0) (23.1.0)
Requirement already satisfied: aiosignal>=1.1.2 in /home/mx6835/.local/lib/python3.10/site-packages (from aiohttp->torch_geometric->mtl==1.0.0) (1.3.1)
Requirement already satisfied: frozenlist>=1.1.1 in /home/mx6835/.local/lib/python3.10/site-packages (from aiohttp->torch_geometric->mtl==1.0.0) (1.4.0)
Requirement already satisfied: yarl<2.0,>=1.0 in /home/mx6835/.local/lib/python3.10/site-packages (from aiohttp->torch_geometric->mtl==1.0.0) (1.9.2)
Requirement already satisfied: multidict<7.0,>=4.5 in /home/mx6835/.local/lib/python3.10/site-packages (from aiohttp->torch_geometric->mtl==1.0.0) (6.0.4)
Requirement already satisfied: MarkupSafe>=2.0 in /home/mx6835/.local/lib/python3.10/site-packages (from jinja2->torch_geometric->mtl==1.0.0) (2.1.3)
Requirement already satisfied: smmap<6,>=3.0.1 in /home/mx6835/.local/lib/python3.10/site-packages (from gitdb<5,>=4.0.1->GitPython>=1.0.0->wandb==0.12.21->mtl==1.0.0) (5.0.1)
Installing collected packages: mtl
  Attempting uninstall: mtl
    Found existing installation: mtl 1.0.0
    Uninstalling mtl-1.0.0:
      Successfully uninstalled mtl-1.0.0
  Running setup.py develop for mtl
Successfully installed mtl-1.0.0
LOSS FORMAT: SEMANTIC_LOSS MEAN_IOU PIX_ACC | DEPTH_LOSS ABS_ERR REL_ERR | NORMAL_LOSS MEAN MED <11.25 <22.5 <30 | ∆m (test)
Epoch: 0000 | lr=0.0001 | epoch lenth=398 | train time: 302.103 s | method mgda | TRAIN: 2.0936 0.0562 0.2840 | 0.8930 0.8930 0.4131 | 0.3474 45.3703 43.7573 0.0446 0.1722 0.2871 || TEST: 1.9930 0.0673 0.3277 | 0.8568 0.8568 0.3458 | 0.2978 41.3248 39.8870 0.0614 0.2295 0.3516 | 60.424
LOSS FORMAT: SEMANTIC_LOSS MEAN_IOU PIX_ACC | DEPTH_LOSS ABS_ERR REL_ERR | NORMAL_LOSS MEAN MED <11.25 <22.5 <30 | ∆m (test)
Epoch: 0001 | lr=0.0001 | epoch lenth=398 | train time: 200.320 s | method mgda | TRAIN: 1.9386 0.0718 0.3327 | 0.8492 0.8492 0.3937 | 0.2955 41.1688 39.3779 0.0611 0.2241 0.3512 || TEST: 1.8644 0.0847 0.3733 | 0.8616 0.8616 0.3572 | 0.2752 38.9631 36.9802 0.0917 0.2811 0.3991 | 54.046
LOSS FORMAT: SEMANTIC_LOSS MEAN_IOU PIX_ACC | DEPTH_LOSS ABS_ERR REL_ERR | NORMAL_LOSS MEAN MED <11.25 <22.5 <30 | ∆m (test)
Epoch: 0002 | lr=0.0001 | epoch lenth=398 | train time: 195.549 s | method mgda | TRAIN: 1.8746 0.0825 0.3640 | 0.8181 0.8181 0.3885 | 0.2828 39.9366 38.1659 0.0736 0.2489 0.3732 || TEST: 1.9409 0.0839 0.3493 | 1.1919 1.1919 0.3942 | 0.2798 39.1034 36.2460 0.0948 0.2886 0.4103 | 60.598
LOSS FORMAT: SEMANTIC_LOSS MEAN_IOU PIX_ACC | DEPTH_LOSS ABS_ERR REL_ERR | NORMAL_LOSS MEAN MED <11.25 <22.5 <30 | ∆m (test)
Epoch: 0003 | lr=0.0001 | epoch lenth=398 | train time: 197.751 s | method mgda | TRAIN: 1.8490 0.0851 0.3606 | 0.8314 0.8314 0.3825 | 0.2747 39.1621 37.1322 0.0803 0.2622 0.3889 || TEST: 1.7472 0.0984 0.4098 | 1.0383 1.0383 0.3450 | 0.2543 37.1496 35.0846 0.1096 0.3010 0.4222 | 52.111
LOSS FORMAT: SEMANTIC_LOSS MEAN_IOU PIX_ACC | DEPTH_LOSS ABS_ERR REL_ERR | NORMAL_LOSS MEAN MED <11.25 <22.5 <30 | ∆m (test)
Epoch: 0004 | lr=0.0001 | epoch lenth=398 | train time: 207.944 s | method mgda | TRAIN: 1.8264 0.0944 0.3904 | 0.8173 0.8173 0.3848 | 0.2670 38.4345 36.1400 0.0859 0.2743 0.4043 || TEST: 1.8118 0.0970 0.3884 | 0.8890 0.8890 0.4204 | 0.2459 36.2950 34.1051 0.1239 0.3123 0.4358 | 51.170
LOSS FORMAT: SEMANTIC_LOSS MEAN_IOU PIX_ACC | DEPTH_LOSS ABS_ERR REL_ERR | NORMAL_LOSS MEAN MED <11.25 <22.5 <30 | ∆m (test)
Epoch: 0005 | lr=0.0001 | epoch lenth=398 | train time: 200.700 s | method mgda | TRAIN: 1.8268 0.0933 0.3811 | 0.7856 0.7856 0.3667 | 0.2618 37.8403 35.4234 0.0971 0.2886 0.4171 || TEST: 1.7790 0.0976 0.3950 | 0.8101 0.8101 0.3127 | 0.2427 35.8132 33.2742 0.1347 0.3291 0.4511 | 43.771
LOSS FORMAT: SEMANTIC_LOSS MEAN_IOU PIX_ACC | DEPTH_LOSS ABS_ERR REL_ERR | NORMAL_LOSS MEAN MED <11.25 <22.5 <30 | ∆m (test)
Epoch: 0006 | lr=0.0001 | epoch lenth=398 | train time: 203.422 s | method mgda | TRAIN: 1.7675 0.0971 0.3956 | 0.8045 0.8045 0.3718 | 0.2551 37.1505 34.3865 0.1048 0.3028 0.4322 || TEST: 1.7543 0.1039 0.4088 | 1.0291 1.0291 0.3366 | 0.2388 35.0793 32.0964 0.1597 0.3522 0.4699 | 45.226
LOSS FORMAT: SEMANTIC_LOSS MEAN_IOU PIX_ACC | DEPTH_LOSS ABS_ERR REL_ERR | NORMAL_LOSS MEAN MED <11.25 <22.5 <30 | ∆m (test)
Epoch: 0007 | lr=0.0001 | epoch lenth=398 | train time: 194.203 s | method mgda | TRAIN: 1.7613 0.1019 0.4029 | 0.8034 0.8034 0.3614 | 0.2474 36.3546 33.5406 0.1174 0.3178 0.4463 || TEST: 1.7222 0.1080 0.4079 | 0.7969 0.7969 0.3447 | 0.2253 34.4000 31.7958 0.1394 0.3437 0.4720 | 42.029
LOSS FORMAT: SEMANTIC_LOSS MEAN_IOU PIX_ACC | DEPTH_LOSS ABS_ERR REL_ERR | NORMAL_LOSS MEAN MED <11.25 <22.5 <30 | ∆m (test)
Epoch: 0008 | lr=0.0001 | epoch lenth=398 | train time: 194.289 s | method mgda | TRAIN: 1.7793 0.1024 0.3984 | 0.7799 0.7799 0.3518 | 0.2452 36.0585 33.2123 0.1255 0.3258 0.4525 || TEST: 1.7897 0.0986 0.3923 | 0.8159 0.8159 0.3238 | 0.2318 34.7908 31.4526 0.1349 0.3494 0.4791 | 41.968
LOSS FORMAT: SEMANTIC_LOSS MEAN_IOU PIX_ACC | DEPTH_LOSS ABS_ERR REL_ERR | NORMAL_LOSS MEAN MED <11.25 <22.5 <30 | ∆m (test)
Epoch: 0009 | lr=0.0001 | epoch lenth=398 | train time: 212.849 s | method mgda | TRAIN: 1.7315 0.1016 0.4024 | 0.7909 0.7909 0.3519 | 0.2393 35.4258 32.2052 0.1336 0.3398 0.4678 || TEST: 1.7053 0.1200 0.4173 | 0.7672 0.7672 0.3066 | 0.2191 33.1813 29.4950 0.1766 0.3851 0.5099 | 34.851
LOSS FORMAT: SEMANTIC_LOSS MEAN_IOU PIX_ACC | DEPTH_LOSS ABS_ERR REL_ERR | NORMAL_LOSS MEAN MED <11.25 <22.5 <30 | ∆m (test)
Epoch: 0010 | lr=0.0001 | epoch lenth=398 | train time: 194.718 s | method mgda | TRAIN: 1.7161 0.1188 0.4173 | 0.7685 0.7685 0.3572 | 0.2343 34.9270 31.6732 0.1396 0.3487 0.4774 || TEST: 1.7436 0.1064 0.3972 | 0.8478 0.8478 0.2982 | 0.2178 33.3866 30.3328 0.1618 0.3700 0.4972 | 38.205
LOSS FORMAT: SEMANTIC_LOSS MEAN_IOU PIX_ACC | DEPTH_LOSS ABS_ERR REL_ERR | NORMAL_LOSS MEAN MED <11.25 <22.5 <30 | ∆m (test)
Epoch: 0011 | lr=0.0001 | epoch lenth=398 | train time: 200.664 s | method mgda | TRAIN: 1.7060 0.1073 0.4101 | 0.7658 0.7658 0.3476 | 0.2312 34.6004 31.2717 0.1450 0.3564 0.4840 || TEST: 1.7112 0.1005 0.4097 | 0.8503 0.8503 0.3011 | 0.2188 33.5773 30.2410 0.1491 0.3697 0.4989 | 38.795
LOSS FORMAT: SEMANTIC_LOSS MEAN_IOU PIX_ACC | DEPTH_LOSS ABS_ERR REL_ERR | NORMAL_LOSS MEAN MED <11.25 <22.5 <30 | ∆m (test)
Epoch: 0012 | lr=0.0001 | epoch lenth=398 | train time: 194.296 s | method mgda | TRAIN: 1.6942 0.1055 0.4168 | 0.7578 0.7578 0.3477 | 0.2319 34.6252 31.1357 0.1448 0.3562 0.4855 || TEST: 1.7160 0.1017 0.4099 | 0.8249 0.8249 0.2935 | 0.2093 32.2674 28.5785 0.1867 0.3994 0.5250 | 34.107
LOSS FORMAT: SEMANTIC_LOSS MEAN_IOU PIX_ACC | DEPTH_LOSS ABS_ERR REL_ERR | NORMAL_LOSS MEAN MED <11.25 <22.5 <30 | ∆m (test)
Epoch: 0013 | lr=0.0001 | epoch lenth=398 | train time: 207.542 s | method mgda | TRAIN: 1.7233 0.1033 0.4141 | 0.7622 0.7622 0.3518 | 0.2261 34.0386 30.4180 0.1522 0.3675 0.4970 || TEST: 1.7065 0.1134 0.4323 | 0.7380 0.7380 0.2867 | 0.2057 32.0213 28.2272 0.1830 0.4060 0.5309 | 31.277
LOSS FORMAT: SEMANTIC_LOSS MEAN_IOU PIX_ACC | DEPTH_LOSS ABS_ERR REL_ERR | NORMAL_LOSS MEAN MED <11.25 <22.5 <30 | ∆m (test)
Epoch: 0014 | lr=0.0001 | epoch lenth=398 | train time: 204.531 s | method mgda | TRAIN: 1.7372 0.1072 0.4177 | 0.7565 0.7565 0.3376 | 0.2265 34.0636 30.4185 0.1524 0.3678 0.4968 || TEST: 1.6462 0.1221 0.4277 | 0.7779 0.7779 0.3152 | 0.2097 32.6191 28.8246 0.1586 0.3901 0.5226 | 34.851
LOSS FORMAT: SEMANTIC_LOSS MEAN_IOU PIX_ACC | DEPTH_LOSS ABS_ERR REL_ERR | NORMAL_LOSS MEAN MED <11.25 <22.5 <30 | ∆m (test)
Epoch: 0015 | lr=0.0001 | epoch lenth=398 | train time: 194.490 s | method mgda | TRAIN: 1.6649 0.1219 0.4316 | 0.7252 0.7252 0.3397 | 0.2201 33.4669 29.7286 0.1586 0.3772 0.5077 || TEST: 1.6731 0.1085 0.4205 | 0.7852 0.7852 0.3056 | 0.2117 32.1774 27.7249 0.1952 0.4148 0.5379 | 32.201
LOSS FORMAT: SEMANTIC_LOSS MEAN_IOU PIX_ACC | DEPTH_LOSS ABS_ERR REL_ERR | NORMAL_LOSS MEAN MED <11.25 <22.5 <30 | ∆m (test)
Epoch: 0016 | lr=0.0001 | epoch lenth=398 | train time: 255.267 s | method mgda | TRAIN: 1.6585 0.1140 0.4299 | 0.7416 0.7416 0.3359 | 0.2179 33.2175 29.3853 0.1632 0.3836 0.5133 || TEST: 1.5937 0.1226 0.4528 | 1.1058 1.1058 0.3657 | 0.1978 31.0405 26.6414 0.1989 0.4302 0.5578 | 37.017
LOSS FORMAT: SEMANTIC_LOSS MEAN_IOU PIX_ACC | DEPTH_LOSS ABS_ERR REL_ERR | NORMAL_LOSS MEAN MED <11.25 <22.5 <30 | ∆m (test)
Epoch: 0017 | lr=0.0001 | epoch lenth=398 | train time: 247.592 s | method mgda | TRAIN: 1.6274 0.1220 0.4496 | 0.7427 0.7427 0.3278 | 0.2140 32.7884 28.9792 0.1721 0.3912 0.5208 || TEST: 1.6168 0.1290 0.4481 | 0.7834 0.7834 0.2963 | 0.1959 31.0449 27.1417 0.1962 0.4225 0.5486 | 29.525
LOSS FORMAT: SEMANTIC_LOSS MEAN_IOU PIX_ACC | DEPTH_LOSS ABS_ERR REL_ERR | NORMAL_LOSS MEAN MED <11.25 <22.5 <30 | ∆m (test)
Epoch: 0018 | lr=0.0001 | epoch lenth=398 | train time: 212.702 s | method mgda | TRAIN: 1.6349 0.1252 0.4468 | 0.7336 0.7336 0.3321 | 0.2145 32.7987 28.8896 0.1716 0.3931 0.5226 || TEST: 1.6267 0.1204 0.4406 | 0.7609 0.7609 0.2813 | 0.1978 31.1457 26.9002 0.1922 0.4247 0.5543 | 28.856
LOSS FORMAT: SEMANTIC_LOSS MEAN_IOU PIX_ACC | DEPTH_LOSS ABS_ERR REL_ERR | NORMAL_LOSS MEAN MED <11.25 <22.5 <30 | ∆m (test)
Epoch: 0019 | lr=0.0001 | epoch lenth=398 | train time: 204.306 s | method mgda | TRAIN: 1.6245 0.1254 0.4450 | 0.7312 0.7312 0.3393 | 0.2119 32.5404 28.5287 0.1738 0.3978 0.5283 || TEST: 1.6139 0.1349 0.4391 | 0.7716 0.7716 0.2831 | 0.1909 30.7733 27.0954 0.1860 0.4187 0.5528 | 29.025
LOSS FORMAT: SEMANTIC_LOSS MEAN_IOU PIX_ACC | DEPTH_LOSS ABS_ERR REL_ERR | NORMAL_LOSS MEAN MED <11.25 <22.5 <30 | ∆m (test)
Epoch: 0020 | lr=0.0001 | epoch lenth=398 | train time: 201.046 s | method mgda | TRAIN: 1.6171 0.1332 0.4467 | 0.7230 0.7230 0.3297 | 0.2103 32.3942 28.4158 0.1749 0.4002 0.5308 || TEST: 1.6059 0.1262 0.4480 | 0.7353 0.7353 0.2723 | 0.1884 30.1194 25.7901 0.2117 0.4464 0.5725 | 25.248
LOSS FORMAT: SEMANTIC_LOSS MEAN_IOU PIX_ACC | DEPTH_LOSS ABS_ERR REL_ERR | NORMAL_LOSS MEAN MED <11.25 <22.5 <30 | ∆m (test)
Epoch: 0021 | lr=0.0001 | epoch lenth=398 | train time: 194.240 s | method mgda | TRAIN: 1.5929 0.1302 0.4562 | 0.7284 0.7284 0.3304 | 0.2058 31.9447 27.8311 0.1803 0.4094 0.5405 || TEST: 1.7033 0.1150 0.4179 | 0.7228 0.7228 0.2770 | 0.1854 30.0336 25.8959 0.2038 0.4409 0.5714 | 26.515
LOSS FORMAT: SEMANTIC_LOSS MEAN_IOU PIX_ACC | DEPTH_LOSS ABS_ERR REL_ERR | NORMAL_LOSS MEAN MED <11.25 <22.5 <30 | ∆m (test)
Epoch: 0022 | lr=0.0001 | epoch lenth=398 | train time: 199.857 s | method mgda | TRAIN: 1.5931 0.1220 0.4405 | 0.7069 0.7069 0.3240 | 0.2053 31.9169 27.8361 0.1800 0.4072 0.5398 || TEST: 1.6182 0.1267 0.4497 | 0.8066 0.8066 0.2864 | 0.1948 30.9187 26.6363 0.1906 0.4284 0.5589 | 29.128
LOSS FORMAT: SEMANTIC_LOSS MEAN_IOU PIX_ACC | DEPTH_LOSS ABS_ERR REL_ERR | NORMAL_LOSS MEAN MED <11.25 <22.5 <30 | ∆m (test)
Epoch: 0023 | lr=0.0001 | epoch lenth=398 | train time: 195.845 s | method mgda | TRAIN: 1.5905 0.1305 0.4575 | 0.7187 0.7187 0.3317 | 0.2019 31.5112 27.2301 0.1872 0.4194 0.5504 || TEST: 1.5579 0.1312 0.4674 | 0.7117 0.7117 0.2914 | 0.1884 30.0252 25.5917 0.2180 0.4487 0.5750 | 24.666
LOSS FORMAT: SEMANTIC_LOSS MEAN_IOU PIX_ACC | DEPTH_LOSS ABS_ERR REL_ERR | NORMAL_LOSS MEAN MED <11.25 <22.5 <30 | ∆m (test)
Epoch: 0024 | lr=0.0001 | epoch lenth=398 | train time: 204.199 s | method mgda | TRAIN: 1.5571 0.1340 0.4673 | 0.7056 0.7056 0.3348 | 0.2016 31.4585 27.1701 0.1887 0.4205 0.5513 || TEST: 1.5623 0.1396 0.4655 | 0.7090 0.7090 0.2853 | 0.1832 29.8246 25.6263 0.2031 0.4467 0.5782 | 24.634
LOSS FORMAT: SEMANTIC_LOSS MEAN_IOU PIX_ACC | DEPTH_LOSS ABS_ERR REL_ERR | NORMAL_LOSS MEAN MED <11.25 <22.5 <30 | ∆m (test)
Epoch: 0025 | lr=0.0001 | epoch lenth=398 | train time: 207.015 s | method mgda | TRAIN: 1.5565 0.1389 0.4692 | 0.6887 0.6887 0.3117 | 0.1971 31.0223 26.6635 0.1945 0.4278 0.5590 || TEST: 1.5981 0.1241 0.4506 | 0.7991 0.7991 0.2823 | 0.1873 30.3905 26.2673 0.1849 0.4333 0.5682 | 28.418
LOSS FORMAT: SEMANTIC_LOSS MEAN_IOU PIX_ACC | DEPTH_LOSS ABS_ERR REL_ERR | NORMAL_LOSS MEAN MED <11.25 <22.5 <30 | ∆m (test)
Epoch: 0026 | lr=0.0001 | epoch lenth=398 | train time: 210.729 s | method mgda | TRAIN: 1.5604 0.1354 0.4613 | 0.7021 0.7021 0.3222 | 0.1941 30.7158 26.3106 0.1974 0.4350 0.5667 || TEST: 1.5377 0.1459 0.4733 | 0.7589 0.7589 0.2721 | 0.1786 29.1238 24.3499 0.2204 0.4691 0.5979 | 22.166
LOSS FORMAT: SEMANTIC_LOSS MEAN_IOU PIX_ACC | DEPTH_LOSS ABS_ERR REL_ERR | NORMAL_LOSS MEAN MED <11.25 <22.5 <30 | ∆m (test)
Epoch: 0027 | lr=0.0001 | epoch lenth=398 | train time: 205.902 s | method mgda | TRAIN: 1.5403 0.1464 0.4716 | 0.6957 0.6957 0.3166 | 0.1950 30.8054 26.3413 0.1963 0.4322 0.5646 || TEST: 1.5400 0.1588 0.4753 | 0.7056 0.7056 0.2763 | 0.1820 29.3959 24.8482 0.2247 0.4610 0.5887 | 21.603
LOSS FORMAT: SEMANTIC_LOSS MEAN_IOU PIX_ACC | DEPTH_LOSS ABS_ERR REL_ERR | NORMAL_LOSS MEAN MED <11.25 <22.5 <30 | ∆m (test)
Epoch: 0028 | lr=0.0001 | epoch lenth=398 | train time: 209.842 s | method mgda | TRAIN: 1.5342 0.1542 0.4785 | 0.7032 0.7032 0.3136 | 0.1945 30.7296 26.2211 0.1981 0.4351 0.5678 || TEST: 1.5709 0.1298 0.4598 | 0.8369 0.8369 0.2880 | 0.1813 29.5448 25.2649 0.2105 0.4536 0.5851 | 26.380
LOSS FORMAT: SEMANTIC_LOSS MEAN_IOU PIX_ACC | DEPTH_LOSS ABS_ERR REL_ERR | NORMAL_LOSS MEAN MED <11.25 <22.5 <30 | ∆m (test)
Epoch: 0029 | lr=0.0001 | epoch lenth=398 | train time: 200.533 s | method mgda | TRAIN: 1.5316 0.1382 0.4690 | 0.7015 0.7015 0.3220 | 0.1925 30.5064 26.0005 0.2015 0.4402 0.5719 || TEST: 1.5091 0.1609 0.4780 | 0.7151 0.7151 0.2728 | 0.1760 28.8416 24.1564 0.2261 0.4732 0.6021 | 20.363
LOSS FORMAT: SEMANTIC_LOSS MEAN_IOU PIX_ACC | DEPTH_LOSS ABS_ERR REL_ERR | NORMAL_LOSS MEAN MED <11.25 <22.5 <30 | ∆m (test)
Epoch: 0030 | lr=0.0001 | epoch lenth=398 | train time: 203.010 s | method mgda | TRAIN: 1.5504 0.1553 0.4769 | 0.6986 0.6986 0.3122 | 0.1921 30.4981 26.0272 0.2002 0.4397 0.5718 || TEST: 1.5456 0.1384 0.4697 | 0.7439 0.7439 0.2940 | 0.1773 29.0088 24.4600 0.2261 0.4674 0.5943 | 22.968
LOSS FORMAT: SEMANTIC_LOSS MEAN_IOU PIX_ACC | DEPTH_LOSS ABS_ERR REL_ERR | NORMAL_LOSS MEAN MED <11.25 <22.5 <30 | ∆m (test)
Epoch: 0031 | lr=0.0001 | epoch lenth=398 | train time: 198.644 s | method mgda | TRAIN: 1.5244 0.1508 0.4768 | 0.7084 0.7084 0.3173 | 0.1890 30.1754 25.6959 0.2061 0.4447 0.5770 || TEST: 1.5175 0.1614 0.4803 | 0.8863 0.8863 0.2991 | 0.1776 29.3868 25.0129 0.1973 0.4551 0.5915 | 26.499
LOSS FORMAT: SEMANTIC_LOSS MEAN_IOU PIX_ACC | DEPTH_LOSS ABS_ERR REL_ERR | NORMAL_LOSS MEAN MED <11.25 <22.5 <30 | ∆m (test)
Epoch: 0032 | lr=0.0001 | epoch lenth=398 | train time: 238.907 s | method mgda | TRAIN: 1.5077 0.1586 0.4836 | 0.6976 0.6976 0.3145 | 0.1868 29.9640 25.4141 0.2074 0.4492 0.5825 || TEST: 1.4881 0.1474 0.4949 | 0.8697 0.8697 0.3000 | 0.1734 28.7990 24.4820 0.2194 0.4667 0.5975 | 24.710
LOSS FORMAT: SEMANTIC_LOSS MEAN_IOU PIX_ACC | DEPTH_LOSS ABS_ERR REL_ERR | NORMAL_LOSS MEAN MED <11.25 <22.5 <30 | ∆m (test)
Epoch: 0033 | lr=0.0001 | epoch lenth=398 | train time: 307.986 s | method mgda | TRAIN: 1.5136 0.1522 0.4877 | 0.7039 0.7039 0.3187 | 0.1860 29.8266 25.2576 0.2115 0.4546 0.5864 || TEST: 1.5092 0.1457 0.4810 | 0.7869 0.7869 0.2794 | 0.1732 28.6792 24.2103 0.2243 0.4714 0.6011 | 22.275
LOSS FORMAT: SEMANTIC_LOSS MEAN_IOU PIX_ACC | DEPTH_LOSS ABS_ERR REL_ERR | NORMAL_LOSS MEAN MED <11.25 <22.5 <30 | ∆m (test)
Epoch: 0034 | lr=0.0001 | epoch lenth=398 | train time: 195.534 s | method mgda | TRAIN: 1.4929 0.1546 0.4861 | 0.6798 0.6798 0.3095 | 0.1853 29.7587 25.0881 0.2112 0.4568 0.5883 || TEST: 1.4992 0.1711 0.4826 | 0.7526 0.7526 0.3307 | 0.1737 28.6161 24.0391 0.2298 0.4748 0.6049 | 22.538
LOSS FORMAT: SEMANTIC_LOSS MEAN_IOU PIX_ACC | DEPTH_LOSS ABS_ERR REL_ERR | NORMAL_LOSS MEAN MED <11.25 <22.5 <30 | ∆m (test)
Epoch: 0035 | lr=0.0001 | epoch lenth=398 | train time: 194.216 s | method mgda | TRAIN: 1.4914 0.1666 0.4889 | 0.6842 0.6842 0.3163 | 0.1820 29.4253 24.7595 0.2162 0.4629 0.5943 || TEST: 1.4643 0.1575 0.4932 | 0.7444 0.7444 0.2675 | 0.1725 28.3920 23.5001 0.2333 0.4847 0.6154 | 19.184
LOSS FORMAT: SEMANTIC_LOSS MEAN_IOU PIX_ACC | DEPTH_LOSS ABS_ERR REL_ERR | NORMAL_LOSS MEAN MED <11.25 <22.5 <30 | ∆m (test)
Epoch: 0036 | lr=0.0001 | epoch lenth=398 | train time: 194.626 s | method mgda | TRAIN: 1.5024 0.1629 0.4909 | 0.6770 0.6770 0.3064 | 0.1788 29.0784 24.3078 0.2212 0.4709 0.6021 || TEST: 1.4843 0.1528 0.4893 | 0.6999 0.6999 0.2946 | 0.1665 28.1255 23.7902 0.2256 0.4787 0.6117 | 20.253
LOSS FORMAT: SEMANTIC_LOSS MEAN_IOU PIX_ACC | DEPTH_LOSS ABS_ERR REL_ERR | NORMAL_LOSS MEAN MED <11.25 <22.5 <30 | ∆m (test)
Epoch: 0037 | lr=0.0001 | epoch lenth=398 | train time: 194.440 s | method mgda | TRAIN: 1.5016 0.1613 0.4898 | 0.6834 0.6834 0.3100 | 0.1833 29.5532 24.8598 0.2143 0.4601 0.5921 || TEST: 1.4929 0.1600 0.4873 | 0.8842 0.8842 0.3010 | 0.1757 28.5909 23.6389 0.2406 0.4827 0.6082 | 22.914
LOSS FORMAT: SEMANTIC_LOSS MEAN_IOU PIX_ACC | DEPTH_LOSS ABS_ERR REL_ERR | NORMAL_LOSS MEAN MED <11.25 <22.5 <30 | ∆m (test)
Epoch: 0038 | lr=0.0001 | epoch lenth=398 | train time: 200.916 s | method mgda | TRAIN: 1.4730 0.1648 0.4938 | 0.6879 0.6879 0.3182 | 0.1779 29.0141 24.3237 0.2210 0.4705 0.6032 || TEST: 1.5023 0.1720 0.4950 | 0.7089 0.7089 0.2829 | 0.1707 28.3216 23.6360 0.2321 0.4828 0.6125 | 18.941
LOSS FORMAT: SEMANTIC_LOSS MEAN_IOU PIX_ACC | DEPTH_LOSS ABS_ERR REL_ERR | NORMAL_LOSS MEAN MED <11.25 <22.5 <30 | ∆m (test)
Epoch: 0039 | lr=0.0001 | epoch lenth=398 | train time: 210.851 s | method mgda | TRAIN: 1.4663 0.1745 0.4964 | 0.6573 0.6573 0.2993 | 0.1782 28.9951 24.1574 0.2239 0.4724 0.6035 || TEST: 1.4775 0.1635 0.4897 | 0.7442 0.7442 0.2681 | 0.1702 28.3739 23.7553 0.2247 0.4788 0.6117 | 19.729
LOSS FORMAT: SEMANTIC_LOSS MEAN_IOU PIX_ACC | DEPTH_LOSS ABS_ERR REL_ERR | NORMAL_LOSS MEAN MED <11.25 <22.5 <30 | ∆m (test)
Epoch: 0040 | lr=0.0001 | epoch lenth=398 | train time: 208.767 s | method mgda | TRAIN: 1.4498 0.1670 0.4972 | 0.6559 0.6559 0.2999 | 0.1747 28.6014 23.6981 0.2288 0.4821 0.6143 || TEST: 1.5627 0.1384 0.4535 | 0.8266 0.8266 0.2859 | 0.1689 28.2629 23.6481 0.2240 0.4816 0.6151 | 22.960
LOSS FORMAT: SEMANTIC_LOSS MEAN_IOU PIX_ACC | DEPTH_LOSS ABS_ERR REL_ERR | NORMAL_LOSS MEAN MED <11.25 <22.5 <30 | ∆m (test)
Epoch: 0041 | lr=0.0001 | epoch lenth=398 | train time: 204.213 s | method mgda | TRAIN: 1.4653 0.1616 0.4810 | 0.6721 0.6721 0.3021 | 0.1771 28.9250 24.1297 0.2215 0.4720 0.6055 || TEST: 1.4475 0.1624 0.5034 | 0.7121 0.7121 0.2755 | 0.1689 28.1928 23.4953 0.2291 0.4846 0.6161 | 18.711
LOSS FORMAT: SEMANTIC_LOSS MEAN_IOU PIX_ACC | DEPTH_LOSS ABS_ERR REL_ERR | NORMAL_LOSS MEAN MED <11.25 <22.5 <30 | ∆m (test)
Epoch: 0042 | lr=0.0001 | epoch lenth=398 | train time: 212.672 s | method mgda | TRAIN: 1.4592 0.1707 0.5034 | 0.6590 0.6590 0.3078 | 0.1772 28.8618 24.0128 0.2262 0.4764 0.6082 || TEST: 1.5001 0.1441 0.4860 | 0.8236 0.8236 0.2868 | 0.1780 29.2011 24.7433 0.2115 0.4608 0.5958 | 24.437
LOSS FORMAT: SEMANTIC_LOSS MEAN_IOU PIX_ACC | DEPTH_LOSS ABS_ERR REL_ERR | NORMAL_LOSS MEAN MED <11.25 <22.5 <30 | ∆m (test)
Epoch: 0043 | lr=0.0001 | epoch lenth=398 | train time: 380.385 s | method mgda | TRAIN: 1.4413 0.1669 0.4970 | 0.6571 0.6571 0.2963 | 0.1741 28.5383 23.6469 0.2295 0.4828 0.6149 || TEST: 1.4218 0.1915 0.5141 | 0.6894 0.6894 0.2922 | 0.1624 27.3177 22.2957 0.2512 0.5078 0.6353 | 15.317
LOSS FORMAT: SEMANTIC_LOSS MEAN_IOU PIX_ACC | DEPTH_LOSS ABS_ERR REL_ERR | NORMAL_LOSS MEAN MED <11.25 <22.5 <30 | ∆m (test)
Epoch: 0044 | lr=0.0001 | epoch lenth=398 | train time: 222.473 s | method mgda | TRAIN: 1.4356 0.1911 0.5125 | 0.6682 0.6682 0.3113 | 0.1734 28.5118 23.5853 0.2282 0.4831 0.6149 || TEST: 1.4656 0.1739 0.4933 | 0.7548 0.7548 0.2746 | 0.1691 28.1901 23.5423 0.2320 0.4838 0.6150 | 19.172
LOSS FORMAT: SEMANTIC_LOSS MEAN_IOU PIX_ACC | DEPTH_LOSS ABS_ERR REL_ERR | NORMAL_LOSS MEAN MED <11.25 <22.5 <30 | ∆m (test)
Epoch: 0045 | lr=0.0001 | epoch lenth=398 | train time: 208.661 s | method mgda | TRAIN: 1.4301 0.1767 0.5038 | 0.6733 0.6733 0.2949 | 0.1708 28.1848 23.2214 0.2361 0.4914 0.6228 || TEST: 1.4247 0.1787 0.5096 | 0.7235 0.7235 0.2743 | 0.1636 27.5016 22.4281 0.2453 0.5044 0.6335 | 16.084
LOSS FORMAT: SEMANTIC_LOSS MEAN_IOU PIX_ACC | DEPTH_LOSS ABS_ERR REL_ERR | NORMAL_LOSS MEAN MED <11.25 <22.5 <30 | ∆m (test)
Epoch: 0046 | lr=0.0001 | epoch lenth=398 | train time: 201.285 s | method mgda | TRAIN: 1.4023 0.1875 0.5165 | 0.6616 0.6616 0.2937 | 0.1687 27.9412 22.8899 0.2405 0.4973 0.6274 || TEST: 1.4183 0.1974 0.5088 | 0.6702 0.6702 0.2622 | 0.1619 27.4179 22.5752 0.2416 0.5027 0.6342 | 14.400
LOSS FORMAT: SEMANTIC_LOSS MEAN_IOU PIX_ACC | DEPTH_LOSS ABS_ERR REL_ERR | NORMAL_LOSS MEAN MED <11.25 <22.5 <30 | ∆m (test)
Epoch: 0047 | lr=0.0001 | epoch lenth=398 | train time: 201.202 s | method mgda | TRAIN: 1.4145 0.1988 0.5157 | 0.6412 0.6412 0.2883 | 0.1695 28.0551 23.0133 0.2358 0.4948 0.6269 || TEST: 1.4210 0.1982 0.5122 | 0.7945 0.7945 0.2865 | 0.1669 28.0682 23.4443 0.2281 0.4862 0.6182 | 19.197
LOSS FORMAT: SEMANTIC_LOSS MEAN_IOU PIX_ACC | DEPTH_LOSS ABS_ERR REL_ERR | NORMAL_LOSS MEAN MED <11.25 <22.5 <30 | ∆m (test)
Epoch: 0048 | lr=0.0001 | epoch lenth=398 | train time: 199.822 s | method mgda | TRAIN: 1.4232 0.1997 0.5149 | 0.6720 0.6720 0.2930 | 0.1678 27.8585 22.8222 0.2403 0.4989 0.6301 || TEST: 1.4370 0.1884 0.5144 | 0.7302 0.7302 0.2614 | 0.1645 27.4552 22.2935 0.2521 0.5078 0.6346 | 14.882
LOSS FORMAT: SEMANTIC_LOSS MEAN_IOU PIX_ACC | DEPTH_LOSS ABS_ERR REL_ERR | NORMAL_LOSS MEAN MED <11.25 <22.5 <30 | ∆m (test)
Epoch: 0049 | lr=0.0001 | epoch lenth=398 | train time: 197.632 s | method mgda | TRAIN: 1.4067 0.1928 0.5170 | 0.6230 0.6230 0.2825 | 0.1671 27.7774 22.7157 0.2407 0.5013 0.6329 || TEST: 1.3684 0.2003 0.5319 | 0.6623 0.6623 0.2578 | 0.1617 27.1864 22.0133 0.2526 0.5140 0.6428 | 12.416
LOSS FORMAT: SEMANTIC_LOSS MEAN_IOU PIX_ACC | DEPTH_LOSS ABS_ERR REL_ERR | NORMAL_LOSS MEAN MED <11.25 <22.5 <30 | ∆m (test)
Epoch: 0050 | lr=0.0001 | epoch lenth=398 | train time: 207.138 s | method mgda | TRAIN: 1.4295 0.1993 0.5225 | 0.6803 0.6803 0.3039 | 0.1713 28.2185 23.1825 0.2350 0.4921 0.6231 || TEST: 1.4691 0.1797 0.5024 | 0.6976 0.6976 0.2688 | 0.1662 27.8282 22.9953 0.2396 0.4952 0.6239 | 16.549
LOSS FORMAT: SEMANTIC_LOSS MEAN_IOU PIX_ACC | DEPTH_LOSS ABS_ERR REL_ERR | NORMAL_LOSS MEAN MED <11.25 <22.5 <30 | ∆m (test)
Epoch: 0051 | lr=0.0001 | epoch lenth=398 | train time: 201.232 s | method mgda | TRAIN: 1.3830 0.1941 0.5160 | 0.6370 0.6370 0.2795 | 0.1644 27.4829 22.3252 0.2467 0.5081 0.6379 || TEST: 1.3783 0.2330 0.5292 | 0.6969 0.6969 0.2770 | 0.1609 27.0769 21.9218 0.2580 0.5156 0.6421 | 12.532
LOSS FORMAT: SEMANTIC_LOSS MEAN_IOU PIX_ACC | DEPTH_LOSS ABS_ERR REL_ERR | NORMAL_LOSS MEAN MED <11.25 <22.5 <30 | ∆m (test)
Epoch: 0052 | lr=0.0001 | epoch lenth=398 | train time: 201.462 s | method mgda | TRAIN: 1.3709 0.2246 0.5313 | 0.6285 0.6285 0.2846 | 0.1633 27.4160 22.3544 0.2460 0.5077 0.6390 || TEST: 1.3937 0.1919 0.5186 | 0.6560 0.6560 0.2581 | 0.1574 26.8201 21.7461 0.2557 0.5194 0.6479 | 12.182
LOSS FORMAT: SEMANTIC_LOSS MEAN_IOU PIX_ACC | DEPTH_LOSS ABS_ERR REL_ERR | NORMAL_LOSS MEAN MED <11.25 <22.5 <30 | ∆m (test)
Epoch: 0053 | lr=0.0001 | epoch lenth=398 | train time: 203.814 s | method mgda | TRAIN: 1.3840 0.2023 0.5240 | 0.6263 0.6263 0.2756 | 0.1605 27.0851 21.9545 0.2500 0.5165 0.6477 || TEST: 1.3872 0.1995 0.5256 | 0.6784 0.6784 0.2599 | 0.1586 26.9472 21.9553 0.2528 0.5166 0.6459 | 12.653
LOSS FORMAT: SEMANTIC_LOSS MEAN_IOU PIX_ACC | DEPTH_LOSS ABS_ERR REL_ERR | NORMAL_LOSS MEAN MED <11.25 <22.5 <30 | ∆m (test)
Epoch: 0054 | lr=0.0001 | epoch lenth=398 | train time: 209.235 s | method mgda | TRAIN: 1.4008 0.2007 0.5248 | 0.6311 0.6311 0.2844 | 0.1623 27.2999 22.1542 0.2462 0.5114 0.6432 || TEST: 1.3719 0.2062 0.5324 | 0.6808 0.6808 0.2814 | 0.1548 26.4163 21.1591 0.2672 0.5318 0.6582 | 11.515
LOSS FORMAT: SEMANTIC_LOSS MEAN_IOU PIX_ACC | DEPTH_LOSS ABS_ERR REL_ERR | NORMAL_LOSS MEAN MED <11.25 <22.5 <30 | ∆m (test)
Epoch: 0055 | lr=0.0001 | epoch lenth=398 | train time: 211.522 s | method mgda | TRAIN: 1.4045 0.2093 0.5281 | 0.6169 0.6169 0.2824 | 0.1595 27.0084 21.8894 0.2511 0.5174 0.6486 || TEST: 1.4250 0.1900 0.5126 | 0.7920 0.7920 0.2793 | 0.1649 27.5374 22.4276 0.2478 0.5066 0.6350 | 16.883
LOSS FORMAT: SEMANTIC_LOSS MEAN_IOU PIX_ACC | DEPTH_LOSS ABS_ERR REL_ERR | NORMAL_LOSS MEAN MED <11.25 <22.5 <30 | ∆m (test)
Epoch: 0056 | lr=0.0001 | epoch lenth=398 | train time: 210.763 s | method mgda | TRAIN: 1.4009 0.2026 0.5183 | 0.6248 0.6248 0.2857 | 0.1603 27.0122 21.8357 0.2537 0.5201 0.6498 || TEST: 1.3635 0.2279 0.5345 | 0.7015 0.7015 0.3006 | 0.1579 26.8418 21.7363 0.2559 0.5196 0.6485 | 13.290
LOSS FORMAT: SEMANTIC_LOSS MEAN_IOU PIX_ACC | DEPTH_LOSS ABS_ERR REL_ERR | NORMAL_LOSS MEAN MED <11.25 <22.5 <30 | ∆m (test)
Epoch: 0057 | lr=0.0001 | epoch lenth=398 | train time: 192.556 s | method mgda | TRAIN: 1.3632 0.2245 0.5341 | 0.6285 0.6285 0.2775 | 0.1571 26.6722 21.4090 0.2589 0.5266 0.6562 || TEST: 1.3838 0.2100 0.5211 | 0.7104 0.7104 0.2914 | 0.1628 27.4300 22.5301 0.2460 0.5036 0.6334 | 15.457
LOSS FORMAT: SEMANTIC_LOSS MEAN_IOU PIX_ACC | DEPTH_LOSS ABS_ERR REL_ERR | NORMAL_LOSS MEAN MED <11.25 <22.5 <30 | ∆m (test)
Epoch: 0058 | lr=0.0001 | epoch lenth=398 | train time: 194.002 s | method mgda | TRAIN: 1.3974 0.2131 0.5235 | 0.6153 0.6153 0.2773 | 0.1574 26.7813 21.5658 0.2534 0.5241 0.6553 || TEST: 1.4229 0.2118 0.5143 | 0.6597 0.6597 0.2645 | 0.1571 26.6913 21.4212 0.2605 0.5263 0.6533 | 11.350
LOSS FORMAT: SEMANTIC_LOSS MEAN_IOU PIX_ACC | DEPTH_LOSS ABS_ERR REL_ERR | NORMAL_LOSS MEAN MED <11.25 <22.5 <30 | ∆m (test)
Epoch: 0059 | lr=0.0001 | epoch lenth=398 | train time: 193.779 s | method mgda | TRAIN: 1.3802 0.2151 0.5248 | 0.6171 0.6171 0.2783 | 0.1574 26.7058 21.4165 0.2584 0.5266 0.6566 || TEST: 1.3736 0.2045 0.5324 | 0.6695 0.6695 0.2505 | 0.1606 27.0753 21.9239 0.2565 0.5154 0.6423 | 11.847
LOSS FORMAT: SEMANTIC_LOSS MEAN_IOU PIX_ACC | DEPTH_LOSS ABS_ERR REL_ERR | NORMAL_LOSS MEAN MED <11.25 <22.5 <30 | ∆m (test)
Epoch: 0060 | lr=0.0001 | epoch lenth=398 | train time: 207.421 s | method mgda | TRAIN: 1.3628 0.2126 0.5346 | 0.6209 0.6209 0.2779 | 0.1560 26.5283 21.2604 0.2621 0.5318 0.6612 || TEST: 1.4335 0.1856 0.5161 | 0.6604 0.6604 0.2615 | 0.1555 26.6000 21.6275 0.2616 0.5219 0.6504 | 12.143
LOSS FORMAT: SEMANTIC_LOSS MEAN_IOU PIX_ACC | DEPTH_LOSS ABS_ERR REL_ERR | NORMAL_LOSS MEAN MED <11.25 <22.5 <30 | ∆m (test)
Epoch: 0061 | lr=0.0001 | epoch lenth=398 | train time: 213.056 s | method mgda | TRAIN: 1.3504 0.2093 0.5288 | 0.6127 0.6127 0.2771 | 0.1560 26.5453 21.2126 0.2621 0.5307 0.6594 || TEST: 1.3425 0.2291 0.5405 | 0.6620 0.6620 0.2480 | 0.1536 26.4187 21.3669 0.2638 0.5268 0.6545 | 9.468
LOSS FORMAT: SEMANTIC_LOSS MEAN_IOU PIX_ACC | DEPTH_LOSS ABS_ERR REL_ERR | NORMAL_LOSS MEAN MED <11.25 <22.5 <30 | ∆m (test)
Epoch: 0062 | lr=0.0001 | epoch lenth=398 | train time: 203.747 s | method mgda | TRAIN: 1.3376 0.2302 0.5432 | 0.6080 0.6080 0.2831 | 0.1550 26.4571 21.2259 0.2624 0.5315 0.6609 || TEST: 1.3646 0.2169 0.5320 | 0.7143 0.7143 0.2716 | 0.1570 26.7744 21.7118 0.2567 0.5211 0.6486 | 12.602
LOSS FORMAT: SEMANTIC_LOSS MEAN_IOU PIX_ACC | DEPTH_LOSS ABS_ERR REL_ERR | NORMAL_LOSS MEAN MED <11.25 <22.5 <30 | ∆m (test)
Epoch: 0063 | lr=0.0001 | epoch lenth=398 | train time: 296.301 s | method mgda | TRAIN: 1.3326 0.2251 0.5393 | 0.6108 0.6108 0.2815 | 0.1541 26.3133 20.9672 0.2661 0.5369 0.6648 || TEST: 1.4920 0.1736 0.4992 | 0.6995 0.6995 0.2773 | 0.1615 27.3965 22.6401 0.2435 0.5016 0.6313 | 16.368
LOSS FORMAT: SEMANTIC_LOSS MEAN_IOU PIX_ACC | DEPTH_LOSS ABS_ERR REL_ERR | NORMAL_LOSS MEAN MED <11.25 <22.5 <30 | ∆m (test)
Epoch: 0064 | lr=0.0001 | epoch lenth=398 | train time: 194.862 s | method mgda | TRAIN: 1.3514 0.2008 0.5216 | 0.5947 0.5947 0.2699 | 0.1514 26.0205 20.6593 0.2705 0.5437 0.6712 || TEST: 1.3456 0.2250 0.5346 | 0.6929 0.6929 0.2510 | 0.1515 26.0349 20.7348 0.2756 0.5395 0.6641 | 8.946
LOSS FORMAT: SEMANTIC_LOSS MEAN_IOU PIX_ACC | DEPTH_LOSS ABS_ERR REL_ERR | NORMAL_LOSS MEAN MED <11.25 <22.5 <30 | ∆m (test)
Epoch: 0065 | lr=0.0001 | epoch lenth=398 | train time: 204.594 s | method mgda | TRAIN: 1.3401 0.2316 0.5401 | 0.6205 0.6205 0.2822 | 0.1505 25.9445 20.6313 0.2710 0.5441 0.6726 || TEST: 1.4067 0.1967 0.5117 | 0.6400 0.6400 0.2520 | 0.1575 26.7004 21.4837 0.2648 0.5240 0.6499 | 10.992
LOSS FORMAT: SEMANTIC_LOSS MEAN_IOU PIX_ACC | DEPTH_LOSS ABS_ERR REL_ERR | NORMAL_LOSS MEAN MED <11.25 <22.5 <30 | ∆m (test)
Epoch: 0066 | lr=0.0001 | epoch lenth=398 | train time: 202.059 s | method mgda | TRAIN: 1.3349 0.2186 0.5302 | 0.6025 0.6025 0.2754 | 0.1510 25.9652 20.6194 0.2716 0.5447 0.6731 || TEST: 1.4344 0.2095 0.5201 | 0.7925 0.7925 0.3459 | 0.1580 26.7061 21.3660 0.2637 0.5278 0.6538 | 16.580
LOSS FORMAT: SEMANTIC_LOSS MEAN_IOU PIX_ACC | DEPTH_LOSS ABS_ERR REL_ERR | NORMAL_LOSS MEAN MED <11.25 <22.5 <30 | ∆m (test)
Epoch: 0067 | lr=0.0001 | epoch lenth=398 | train time: 197.080 s | method mgda | TRAIN: 1.3418 0.2214 0.5322 | 0.6065 0.6065 0.2740 | 0.1525 26.1107 20.7301 0.2697 0.5421 0.6703 || TEST: 1.4038 0.1858 0.5216 | 0.8709 0.8709 0.2960 | 0.1544 26.5049 21.3732 0.2593 0.5268 0.6551 | 16.608
LOSS FORMAT: SEMANTIC_LOSS MEAN_IOU PIX_ACC | DEPTH_LOSS ABS_ERR REL_ERR | NORMAL_LOSS MEAN MED <11.25 <22.5 <30 | ∆m (test)
Epoch: 0068 | lr=0.0001 | epoch lenth=398 | train time: 197.871 s | method mgda | TRAIN: 1.3084 0.2209 0.5405 | 0.6010 0.6010 0.2706 | 0.1505 25.9346 20.5426 0.2721 0.5441 0.6721 || TEST: 1.3582 0.2345 0.5359 | 0.6590 0.6590 0.2635 | 0.1512 26.0297 20.7632 0.2734 0.5402 0.6659 | 8.641
LOSS FORMAT: SEMANTIC_LOSS MEAN_IOU PIX_ACC | DEPTH_LOSS ABS_ERR REL_ERR | NORMAL_LOSS MEAN MED <11.25 <22.5 <30 | ∆m (test)
Epoch: 0069 | lr=0.0001 | epoch lenth=398 | train time: 202.855 s | method mgda | TRAIN: 1.3305 0.2413 0.5416 | 0.5977 0.5977 0.2715 | 0.1468 25.5096 20.1159 0.2798 0.5546 0.6820 || TEST: 1.3388 0.2274 0.5425 | 0.6454 0.6454 0.2517 | 0.1511 25.9818 20.7055 0.2768 0.5411 0.6662 | 7.838
LOSS FORMAT: SEMANTIC_LOSS MEAN_IOU PIX_ACC | DEPTH_LOSS ABS_ERR REL_ERR | NORMAL_LOSS MEAN MED <11.25 <22.5 <30 | ∆m (test)
Epoch: 0070 | lr=0.0001 | epoch lenth=398 | train time: 196.071 s | method mgda | TRAIN: 1.3091 0.2390 0.5475 | 0.5798 0.5798 0.2640 | 0.1479 25.6608 20.3219 0.2759 0.5501 0.6780 || TEST: 1.3176 0.2490 0.5538 | 0.6872 0.6872 0.2778 | 0.1529 26.2657 21.1492 0.2685 0.5326 0.6595 | 9.702
LOSS FORMAT: SEMANTIC_LOSS MEAN_IOU PIX_ACC | DEPTH_LOSS ABS_ERR REL_ERR | NORMAL_LOSS MEAN MED <11.25 <22.5 <30 | ∆m (test)
Epoch: 0071 | lr=0.0001 | epoch lenth=398 | train time: 196.373 s | method mgda | TRAIN: 1.3210 0.2503 0.5527 | 0.5682 0.5682 0.2656 | 0.1502 25.8630 20.4481 0.2736 0.5483 0.6760 || TEST: 1.3203 0.2594 0.5531 | 0.6862 0.6862 0.2554 | 0.1541 26.4189 21.3636 0.2668 0.5274 0.6539 | 8.954
LOSS FORMAT: SEMANTIC_LOSS MEAN_IOU PIX_ACC | DEPTH_LOSS ABS_ERR REL_ERR | NORMAL_LOSS MEAN MED <11.25 <22.5 <30 | ∆m (test)
Epoch: 0072 | lr=0.0001 | epoch lenth=398 | train time: 196.685 s | method mgda | TRAIN: 1.3131 0.2543 0.5545 | 0.5763 0.5763 0.2609 | 0.1455 25.4108 20.0195 0.2790 0.5570 0.6843 || TEST: 1.3301 0.2500 0.5523 | 0.6507 0.6507 0.2482 | 0.1502 25.8529 20.4272 0.2789 0.5464 0.6700 | 6.496
LOSS FORMAT: SEMANTIC_LOSS MEAN_IOU PIX_ACC | DEPTH_LOSS ABS_ERR REL_ERR | NORMAL_LOSS MEAN MED <11.25 <22.5 <30 | ∆m (test)
Epoch: 0073 | lr=0.0001 | epoch lenth=398 | train time: 197.094 s | method mgda | TRAIN: 1.2981 0.2498 0.5565 | 0.5878 0.5878 0.2666 | 0.1460 25.4012 19.9803 0.2827 0.5585 0.6850 || TEST: 1.3417 0.2414 0.5414 | 0.6265 0.6265 0.2611 | 0.1529 26.1880 20.8622 0.2735 0.5370 0.6614 | 7.975
LOSS FORMAT: SEMANTIC_LOSS MEAN_IOU PIX_ACC | DEPTH_LOSS ABS_ERR REL_ERR | NORMAL_LOSS MEAN MED <11.25 <22.5 <30 | ∆m (test)
Epoch: 0074 | lr=0.0001 | epoch lenth=398 | train time: 196.869 s | method mgda | TRAIN: 1.3123 0.2494 0.5485 | 0.5605 0.5605 0.2563 | 0.1473 25.5856 20.2888 0.2757 0.5533 0.6819 || TEST: 1.3236 0.2272 0.5522 | 0.6519 0.6519 0.2512 | 0.1491 25.7659 20.4250 0.2807 0.5459 0.6701 | 7.203
LOSS FORMAT: SEMANTIC_LOSS MEAN_IOU PIX_ACC | DEPTH_LOSS ABS_ERR REL_ERR | NORMAL_LOSS MEAN MED <11.25 <22.5 <30 | ∆m (test)
Epoch: 0075 | lr=0.0001 | epoch lenth=398 | train time: 196.523 s | method mgda | TRAIN: 1.2894 0.2400 0.5572 | 0.5948 0.5948 0.2701 | 0.1462 25.4249 19.9644 0.2815 0.5591 0.6847 || TEST: 1.3361 0.2471 0.5503 | 0.7117 0.7117 0.3103 | 0.1550 26.3177 20.8729 0.2733 0.5367 0.6609 | 11.111
LOSS FORMAT: SEMANTIC_LOSS MEAN_IOU PIX_ACC | DEPTH_LOSS ABS_ERR REL_ERR | NORMAL_LOSS MEAN MED <11.25 <22.5 <30 | ∆m (test)
Epoch: 0076 | lr=0.0001 | epoch lenth=398 | train time: 197.520 s | method mgda | TRAIN: 1.2764 0.2555 0.5605 | 0.5711 0.5711 0.2651 | 0.1434 25.1194 19.6403 0.2858 0.5653 0.6916 || TEST: 1.3923 0.2174 0.5218 | 0.7042 0.7042 0.2582 | 0.1501 25.9332 20.6787 0.2758 0.5404 0.6653 | 9.741
LOSS FORMAT: SEMANTIC_LOSS MEAN_IOU PIX_ACC | DEPTH_LOSS ABS_ERR REL_ERR | NORMAL_LOSS MEAN MED <11.25 <22.5 <30 | ∆m (test)
Epoch: 0077 | lr=0.0001 | epoch lenth=398 | train time: 202.638 s | method mgda | TRAIN: 1.2763 0.2430 0.5453 | 0.5775 0.5775 0.2609 | 0.1452 25.2662 19.7725 0.2857 0.5634 0.6892 || TEST: 1.3321 0.2432 0.5515 | 0.6205 0.6205 0.2471 | 0.1530 26.1046 20.6239 0.2751 0.5435 0.6680 | 6.627
LOSS FORMAT: SEMANTIC_LOSS MEAN_IOU PIX_ACC | DEPTH_LOSS ABS_ERR REL_ERR | NORMAL_LOSS MEAN MED <11.25 <22.5 <30 | ∆m (test)
Epoch: 0078 | lr=0.0001 | epoch lenth=398 | train time: 196.939 s | method mgda | TRAIN: 1.2838 0.2566 0.5579 | 0.5711 0.5711 0.2590 | 0.1452 25.3192 19.8748 0.2822 0.5614 0.6880 || TEST: 1.3625 0.2106 0.5302 | 0.6336 0.6336 0.2485 | 0.1503 25.9640 20.6583 0.2726 0.5415 0.6676 | 8.304
LOSS FORMAT: SEMANTIC_LOSS MEAN_IOU PIX_ACC | DEPTH_LOSS ABS_ERR REL_ERR | NORMAL_LOSS MEAN MED <11.25 <22.5 <30 | ∆m (test)
Epoch: 0079 | lr=0.0001 | epoch lenth=398 | train time: 197.231 s | method mgda | TRAIN: 1.2672 0.2440 0.5535 | 0.5571 0.5571 0.2538 | 0.1401 24.7832 19.3656 0.2905 0.5729 0.6978 || TEST: 1.2682 0.2727 0.5711 | 0.6279 0.6279 0.2671 | 0.1509 25.9321 20.5361 0.2762 0.5447 0.6698 | 6.123
LOSS FORMAT: SEMANTIC_LOSS MEAN_IOU PIX_ACC | DEPTH_LOSS ABS_ERR REL_ERR | NORMAL_LOSS MEAN MED <11.25 <22.5 <30 | ∆m (test)
Epoch: 0080 | lr=0.0001 | epoch lenth=398 | train time: 200.884 s | method mgda | TRAIN: 1.2849 0.2671 0.5670 | 0.5594 0.5594 0.2532 | 0.1396 24.6651 19.1714 0.2962 0.5771 0.7008 || TEST: 1.3130 0.2559 0.5521 | 0.6197 0.6197 0.2495 | 0.1503 26.0497 20.9720 0.2699 0.5358 0.6620 | 6.943
LOSS FORMAT: SEMANTIC_LOSS MEAN_IOU PIX_ACC | DEPTH_LOSS ABS_ERR REL_ERR | NORMAL_LOSS MEAN MED <11.25 <22.5 <30 | ∆m (test)
Epoch: 0081 | lr=0.0001 | epoch lenth=398 | train time: 196.414 s | method mgda | TRAIN: 1.2715 0.2608 0.5596 | 0.5733 0.5733 0.2659 | 0.1409 24.8784 19.4964 0.2884 0.5716 0.6966 || TEST: 1.2788 0.2581 0.5634 | 0.6754 0.6754 0.2598 | 0.1508 25.9300 20.5426 0.2772 0.5443 0.6688 | 7.164
LOSS FORMAT: SEMANTIC_LOSS MEAN_IOU PIX_ACC | DEPTH_LOSS ABS_ERR REL_ERR | NORMAL_LOSS MEAN MED <11.25 <22.5 <30 | ∆m (test)
Epoch: 0082 | lr=0.0001 | epoch lenth=398 | train time: 196.968 s | method mgda | TRAIN: 1.2623 0.2690 0.5670 | 0.5596 0.5596 0.2577 | 0.1389 24.5774 19.0261 0.2965 0.5800 0.7035 || TEST: 1.3010 0.2493 0.5644 | 0.6349 0.6349 0.2635 | 0.1487 25.7258 20.3662 0.2784 0.5490 0.6737 | 6.478
LOSS FORMAT: SEMANTIC_LOSS MEAN_IOU PIX_ACC | DEPTH_LOSS ABS_ERR REL_ERR | NORMAL_LOSS MEAN MED <11.25 <22.5 <30 | ∆m (test)
Epoch: 0083 | lr=0.0001 | epoch lenth=398 | train time: 199.553 s | method mgda | TRAIN: 1.3093 0.2544 0.5606 | 0.5684 0.5684 0.2599 | 0.1424 24.9807 19.4825 0.2901 0.5693 0.6945 || TEST: 1.2706 0.2578 0.5686 | 0.6328 0.6328 0.2481 | 0.1505 25.8779 20.4979 0.2790 0.5453 0.6699 | 5.761
LOSS FORMAT: SEMANTIC_LOSS MEAN_IOU PIX_ACC | DEPTH_LOSS ABS_ERR REL_ERR | NORMAL_LOSS MEAN MED <11.25 <22.5 <30 | ∆m (test)
Epoch: 0084 | lr=0.0001 | epoch lenth=398 | train time: 286.764 s | method mgda | TRAIN: 1.2833 0.2684 0.5669 | 0.5681 0.5681 0.2646 | 0.1394 24.6670 19.1582 0.2950 0.5760 0.7008 || TEST: 1.3560 0.2145 0.5429 | 0.6472 0.6472 0.2542 | 0.1519 26.0035 20.5714 0.2778 0.5435 0.6677 | 8.159
LOSS FORMAT: SEMANTIC_LOSS MEAN_IOU PIX_ACC | DEPTH_LOSS ABS_ERR REL_ERR | NORMAL_LOSS MEAN MED <11.25 <22.5 <30 | ∆m (test)
Epoch: 0085 | lr=0.0001 | epoch lenth=398 | train time: 196.016 s | method mgda | TRAIN: 1.2737 0.2464 0.5585 | 0.5914 0.5914 0.2702 | 0.1415 24.8882 19.3778 0.2906 0.5721 0.6967 || TEST: 1.3166 0.2505 0.5578 | 0.6904 0.6904 0.2614 | 0.1477 25.5651 20.1014 0.2842 0.5531 0.6766 | 6.820
LOSS FORMAT: SEMANTIC_LOSS MEAN_IOU PIX_ACC | DEPTH_LOSS ABS_ERR REL_ERR | NORMAL_LOSS MEAN MED <11.25 <22.5 <30 | ∆m (test)
Epoch: 0086 | lr=0.0001 | epoch lenth=398 | train time: 196.009 s | method mgda | TRAIN: 1.2543 0.2689 0.5675 | 0.5660 0.5660 0.2615 | 0.1397 24.6643 19.0726 0.2958 0.5778 0.7015 || TEST: 1.2779 0.2542 0.5663 | 0.6306 0.6306 0.2519 | 0.1465 25.5501 20.2858 0.2800 0.5495 0.6750 | 5.548
LOSS FORMAT: SEMANTIC_LOSS MEAN_IOU PIX_ACC | DEPTH_LOSS ABS_ERR REL_ERR | NORMAL_LOSS MEAN MED <11.25 <22.5 <30 | ∆m (test)
Epoch: 0087 | lr=0.0001 | epoch lenth=398 | train time: 196.051 s | method mgda | TRAIN: 1.2567 0.2629 0.5700 | 0.5734 0.5734 0.2535 | 0.1377 24.4629 18.9910 0.2969 0.5822 0.7067 || TEST: 1.2850 0.2534 0.5650 | 0.6169 0.6169 0.2588 | 0.1460 25.4071 20.0023 0.2858 0.5551 0.6798 | 5.023
LOSS FORMAT: SEMANTIC_LOSS MEAN_IOU PIX_ACC | DEPTH_LOSS ABS_ERR REL_ERR | NORMAL_LOSS MEAN MED <11.25 <22.5 <30 | ∆m (test)
Epoch: 0088 | lr=0.0001 | epoch lenth=398 | train time: 197.368 s | method mgda | TRAIN: 1.2255 0.2745 0.5747 | 0.5387 0.5387 0.2473 | 0.1353 24.2185 18.7744 0.3018 0.5862 0.7102 || TEST: 1.3260 0.2444 0.5506 | 0.7183 0.7183 0.2544 | 0.1494 25.7283 20.2116 0.2809 0.5519 0.6747 | 7.613
LOSS FORMAT: SEMANTIC_LOSS MEAN_IOU PIX_ACC | DEPTH_LOSS ABS_ERR REL_ERR | NORMAL_LOSS MEAN MED <11.25 <22.5 <30 | ∆m (test)
Epoch: 0089 | lr=0.0001 | epoch lenth=398 | train time: 196.811 s | method mgda | TRAIN: 1.2270 0.2731 0.5687 | 0.5448 0.5448 0.2571 | 0.1359 24.2666 18.7065 0.3009 0.5869 0.7108 || TEST: 1.3062 0.2673 0.5526 | 0.6416 0.6416 0.2650 | 0.1481 25.6924 20.3553 0.2780 0.5484 0.6736 | 6.335
LOSS FORMAT: SEMANTIC_LOSS MEAN_IOU PIX_ACC | DEPTH_LOSS ABS_ERR REL_ERR | NORMAL_LOSS MEAN MED <11.25 <22.5 <30 | ∆m (test)
Epoch: 0090 | lr=0.0001 | epoch lenth=398 | train time: 196.450 s | method mgda | TRAIN: 1.2258 0.2820 0.5705 | 0.5603 0.5603 0.2545 | 0.1374 24.4064 18.8524 0.3001 0.5847 0.7072 || TEST: 1.3113 0.2456 0.5550 | 0.7102 0.7102 0.2503 | 0.1549 26.3645 21.1519 0.2723 0.5326 0.6578 | 8.994
LOSS FORMAT: SEMANTIC_LOSS MEAN_IOU PIX_ACC | DEPTH_LOSS ABS_ERR REL_ERR | NORMAL_LOSS MEAN MED <11.25 <22.5 <30 | ∆m (test)
Epoch: 0091 | lr=0.0001 | epoch lenth=398 | train time: 198.889 s | method mgda | TRAIN: 1.2493 0.2658 0.5675 | 0.5466 0.5466 0.2453 | 0.1378 24.4489 18.8735 0.2984 0.5848 0.7078 || TEST: 1.3005 0.2608 0.5605 | 0.6204 0.6204 0.2564 | 0.1500 25.8730 20.5434 0.2764 0.5445 0.6699 | 6.077
LOSS FORMAT: SEMANTIC_LOSS MEAN_IOU PIX_ACC | DEPTH_LOSS ABS_ERR REL_ERR | NORMAL_LOSS MEAN MED <11.25 <22.5 <30 | ∆m (test)
Epoch: 0092 | lr=0.0001 | epoch lenth=398 | train time: 199.423 s | method mgda | TRAIN: 1.2572 0.2741 0.5691 | 0.5429 0.5429 0.2478 | 0.1358 24.2473 18.6936 0.3017 0.5882 0.7112 || TEST: 1.2895 0.2623 0.5740 | 0.7487 0.7487 0.2702 | 0.1492 25.7077 20.2152 0.2803 0.5532 0.6767 | 7.777
LOSS FORMAT: SEMANTIC_LOSS MEAN_IOU PIX_ACC | DEPTH_LOSS ABS_ERR REL_ERR | NORMAL_LOSS MEAN MED <11.25 <22.5 <30 | ∆m (test)
Epoch: 0093 | lr=0.0001 | epoch lenth=398 | train time: 199.297 s | method mgda | TRAIN: 1.2279 0.2734 0.5807 | 0.5517 0.5517 0.2629 | 0.1347 24.1361 18.6651 0.3033 0.5890 0.7126 || TEST: 1.2685 0.2476 0.5679 | 0.6358 0.6358 0.2408 | 0.1467 25.6516 20.5331 0.2747 0.5456 0.6732 | 5.844
LOSS FORMAT: SEMANTIC_LOSS MEAN_IOU PIX_ACC | DEPTH_LOSS ABS_ERR REL_ERR | NORMAL_LOSS MEAN MED <11.25 <22.5 <30 | ∆m (test)
Epoch: 0094 | lr=0.0001 | epoch lenth=398 | train time: 196.737 s | method mgda | TRAIN: 1.2385 0.2659 0.5764 | 0.5476 0.5476 0.2573 | 0.1345 24.0973 18.5811 0.3046 0.5908 0.7138 || TEST: 1.2789 0.2660 0.5760 | 0.6279 0.6279 0.2447 | 0.1482 25.6272 20.2302 0.2842 0.5489 0.6735 | 4.591
LOSS FORMAT: SEMANTIC_LOSS MEAN_IOU PIX_ACC | DEPTH_LOSS ABS_ERR REL_ERR | NORMAL_LOSS MEAN MED <11.25 <22.5 <30 | ∆m (test)
Epoch: 0095 | lr=0.0001 | epoch lenth=398 | train time: 197.288 s | method mgda | TRAIN: 1.2197 0.2825 0.5830 | 0.5485 0.5485 0.2534 | 0.1338 23.9805 18.3904 0.3088 0.5955 0.7171 || TEST: 1.3375 0.2321 0.5513 | 0.6761 0.6761 0.2502 | 0.1478 25.8680 20.9241 0.2669 0.5373 0.6679 | 8.482
LOSS FORMAT: SEMANTIC_LOSS MEAN_IOU PIX_ACC | DEPTH_LOSS ABS_ERR REL_ERR | NORMAL_LOSS MEAN MED <11.25 <22.5 <30 | ∆m (test)
Epoch: 0096 | lr=0.0001 | epoch lenth=398 | train time: 197.052 s | method mgda | TRAIN: 1.2213 0.2660 0.5717 | 0.5569 0.5569 0.2487 | 0.1319 23.7573 18.1914 0.3140 0.6003 0.7209 || TEST: 1.2433 0.2790 0.5820 | 0.6218 0.6218 0.2559 | 0.1504 26.0843 20.9787 0.2677 0.5337 0.6619 | 6.181
LOSS FORMAT: SEMANTIC_LOSS MEAN_IOU PIX_ACC | DEPTH_LOSS ABS_ERR REL_ERR | NORMAL_LOSS MEAN MED <11.25 <22.5 <30 | ∆m (test)
Epoch: 0097 | lr=0.0001 | epoch lenth=398 | train time: 197.769 s | method mgda | TRAIN: 1.2091 0.2905 0.5861 | 0.5678 0.5678 0.2490 | 0.1326 23.9060 18.4513 0.3063 0.5960 0.7187 || TEST: 1.2850 0.2405 0.5652 | 0.6894 0.6894 0.2594 | 0.1462 25.5354 20.3758 0.2803 0.5482 0.6744 | 7.307
LOSS FORMAT: SEMANTIC_LOSS MEAN_IOU PIX_ACC | DEPTH_LOSS ABS_ERR REL_ERR | NORMAL_LOSS MEAN MED <11.25 <22.5 <30 | ∆m (test)
Epoch: 0098 | lr=0.0001 | epoch lenth=398 | train time: 198.405 s | method mgda | TRAIN: 1.2330 0.2709 0.5747 | 0.5447 0.5447 0.2585 | 0.1336 23.9996 18.4985 0.3068 0.5923 0.7159 || TEST: 1.2444 0.2792 0.5846 | 0.6462 0.6462 0.2797 | 0.1471 25.4835 20.0585 0.2864 0.5538 0.6782 | 5.344
LOSS FORMAT: SEMANTIC_LOSS MEAN_IOU PIX_ACC | DEPTH_LOSS ABS_ERR REL_ERR | NORMAL_LOSS MEAN MED <11.25 <22.5 <30 | ∆m (test)
Epoch: 0099 | lr=0.0001 | epoch lenth=398 | train time: 199.538 s | method mgda | TRAIN: 1.2008 0.2899 0.5890 | 0.5345 0.5345 0.2441 | 0.1303 23.6048 17.9870 0.3145 0.6042 0.7241 || TEST: 1.2752 0.2816 0.5707 | 0.6445 0.6445 0.2502 | 0.1480 25.6353 20.2195 0.2810 0.5507 0.6753 | 4.775
LOSS FORMAT: SEMANTIC_LOSS MEAN_IOU PIX_ACC | DEPTH_LOSS ABS_ERR REL_ERR | NORMAL_LOSS MEAN MED <11.25 <22.5 <30 | ∆m (test)
Epoch: 0100 | lr=0.0001 | epoch lenth=398 | train time: 197.381 s | method mgda | TRAIN: 1.1632 0.3007 0.5905 | 0.4982 0.4982 0.2254 | 0.1241 22.8596 17.2580 0.3306 0.6236 0.7406 || TEST: 1.2549 0.2788 0.5742 | 0.6199 0.6199 0.2457 | 0.1408 25.0700 20.0383 0.2819 0.5565 0.6842 | 3.566
LOSS FORMAT: SEMANTIC_LOSS MEAN_IOU PIX_ACC | DEPTH_LOSS ABS_ERR REL_ERR | NORMAL_LOSS MEAN MED <11.25 <22.5 <30 | ∆m (test)
Epoch: 0101 | lr=0.0001 | epoch lenth=398 | train time: 197.295 s | method mgda | TRAIN: 1.1542 0.3016 0.5912 | 0.4923 0.4923 0.2308 | 0.1233 22.7717 17.2033 0.3319 0.6246 0.7418 || TEST: 1.2065 0.2960 0.5953 | 0.5977 0.5977 0.2316 | 0.1422 24.9463 19.5614 0.2952 0.5658 0.6899 | 0.677
LOSS FORMAT: SEMANTIC_LOSS MEAN_IOU PIX_ACC | DEPTH_LOSS ABS_ERR REL_ERR | NORMAL_LOSS MEAN MED <11.25 <22.5 <30 | ∆m (test)
Epoch: 0102 | lr=0.0001 | epoch lenth=398 | train time: 197.837 s | method mgda | TRAIN: 1.1278 0.3122 0.6083 | 0.4982 0.4982 0.2250 | 0.1208 22.4879 16.9263 0.3388 0.6305 0.7470 || TEST: 1.2470 0.2694 0.5787 | 0.6764 0.6764 0.2457 | 0.1415 24.8793 19.4565 0.2972 0.5678 0.6898 | 3.393
LOSS FORMAT: SEMANTIC_LOSS MEAN_IOU PIX_ACC | DEPTH_LOSS ABS_ERR REL_ERR | NORMAL_LOSS MEAN MED <11.25 <22.5 <30 | ∆m (test)
Epoch: 0103 | lr=0.0001 | epoch lenth=398 | train time: 197.022 s | method mgda | TRAIN: 1.1227 0.3004 0.6010 | 0.5107 0.5107 0.2305 | 0.1203 22.3655 16.6918 0.3439 0.6349 0.7497 || TEST: 1.2471 0.2780 0.5875 | 0.6824 0.6824 0.2861 | 0.1421 24.8126 19.1554 0.3007 0.5737 0.6951 | 4.174
LOSS FORMAT: SEMANTIC_LOSS MEAN_IOU PIX_ACC | DEPTH_LOSS ABS_ERR REL_ERR | NORMAL_LOSS MEAN MED <11.25 <22.5 <30 | ∆m (test)
Epoch: 0104 | lr=0.0001 | epoch lenth=398 | train time: 197.195 s | method mgda | TRAIN: 1.1218 0.3037 0.6053 | 0.4910 0.4910 0.2238 | 0.1203 22.3441 16.6871 0.3453 0.6357 0.7504 || TEST: 1.2056 0.2930 0.5955 | 0.6127 0.6127 0.2482 | 0.1409 24.8901 19.5871 0.2934 0.5656 0.6891 | 1.742
LOSS FORMAT: SEMANTIC_LOSS MEAN_IOU PIX_ACC | DEPTH_LOSS ABS_ERR REL_ERR | NORMAL_LOSS MEAN MED <11.25 <22.5 <30 | ∆m (test)
Epoch: 0105 | lr=0.0001 | epoch lenth=398 | train time: 196.728 s | method mgda | TRAIN: 1.1385 0.3160 0.6057 | 0.4828 0.4828 0.2172 | 0.1192 22.2717 16.6403 0.3442 0.6374 0.7518 || TEST: 1.2261 0.2930 0.5923 | 0.6188 0.6188 0.2551 | 0.1411 24.7982 19.2185 0.2973 0.5728 0.6948 | 1.548
LOSS FORMAT: SEMANTIC_LOSS MEAN_IOU PIX_ACC | DEPTH_LOSS ABS_ERR REL_ERR | NORMAL_LOSS MEAN MED <11.25 <22.5 <30 | ∆m (test)
Epoch: 0106 | lr=0.0001 | epoch lenth=398 | train time: 197.408 s | method mgda | TRAIN: 1.1198 0.3158 0.6096 | 0.4975 0.4975 0.2299 | 0.1196 22.2961 16.6164 0.3441 0.6377 0.7520 || TEST: 1.2067 0.2900 0.5969 | 0.6214 0.6214 0.2481 | 0.1424 24.9519 19.3890 0.2944 0.5683 0.6916 | 1.731
LOSS FORMAT: SEMANTIC_LOSS MEAN_IOU PIX_ACC | DEPTH_LOSS ABS_ERR REL_ERR | NORMAL_LOSS MEAN MED <11.25 <22.5 <30 | ∆m (test)
Epoch: 0107 | lr=0.0001 | epoch lenth=398 | train time: 197.203 s | method mgda | TRAIN: 1.1265 0.3122 0.6089 | 0.4977 0.4977 0.2224 | 0.1197 22.3185 16.6848 0.3423 0.6377 0.7522 || TEST: 1.2065 0.2922 0.5947 | 0.6068 0.6068 0.2484 | 0.1395 24.7016 19.3307 0.2967 0.5709 0.6948 | 1.144
LOSS FORMAT: SEMANTIC_LOSS MEAN_IOU PIX_ACC | DEPTH_LOSS ABS_ERR REL_ERR | NORMAL_LOSS MEAN MED <11.25 <22.5 <30 | ∆m (test)
Epoch: 0108 | lr=0.0001 | epoch lenth=398 | train time: 197.287 s | method mgda | TRAIN: 1.1095 0.3168 0.6117 | 0.4897 0.4897 0.2250 | 0.1182 22.1916 16.6642 0.3436 0.6388 0.7545 || TEST: 1.2081 0.2931 0.5973 | 0.5963 0.5963 0.2352 | 0.1409 24.8863 19.5719 0.2931 0.5656 0.6898 | 0.910
LOSS FORMAT: SEMANTIC_LOSS MEAN_IOU PIX_ACC | DEPTH_LOSS ABS_ERR REL_ERR | NORMAL_LOSS MEAN MED <11.25 <22.5 <30 | ∆m (test)
Epoch: 0109 | lr=0.0001 | epoch lenth=398 | train time: 197.913 s | method mgda | TRAIN: 1.1030 0.3171 0.6132 | 0.4826 0.4826 0.2226 | 0.1171 21.9994 16.3783 0.3505 0.6445 0.7572 || TEST: 1.2233 0.2899 0.5855 | 0.6573 0.6573 0.2521 | 0.1405 24.8866 19.5753 0.2900 0.5661 0.6906 | 2.980
LOSS FORMAT: SEMANTIC_LOSS MEAN_IOU PIX_ACC | DEPTH_LOSS ABS_ERR REL_ERR | NORMAL_LOSS MEAN MED <11.25 <22.5 <30 | ∆m (test)
Epoch: 0110 | lr=0.0001 | epoch lenth=398 | train time: 197.779 s | method mgda | TRAIN: 1.1179 0.3144 0.6047 | 0.4803 0.4803 0.2158 | 0.1164 21.9251 16.2635 0.3510 0.6472 0.7597 || TEST: 1.2166 0.2864 0.5913 | 0.6033 0.6033 0.2470 | 0.1402 24.7565 19.3224 0.2948 0.5722 0.6957 | 1.311
LOSS FORMAT: SEMANTIC_LOSS MEAN_IOU PIX_ACC | DEPTH_LOSS ABS_ERR REL_ERR | NORMAL_LOSS MEAN MED <11.25 <22.5 <30 | ∆m (test)
Epoch: 0111 | lr=0.0001 | epoch lenth=398 | train time: 250.990 s | method mgda | TRAIN: 1.0924 0.3162 0.6126 | 0.4833 0.4833 0.2199 | 0.1148 21.7702 16.2179 0.3531 0.6497 0.7628 || TEST: 1.2326 0.2845 0.5898 | 0.6745 0.6745 0.2457 | 0.1404 24.9709 19.6249 0.2834 0.5642 0.6911 | 3.427
LOSS FORMAT: SEMANTIC_LOSS MEAN_IOU PIX_ACC | DEPTH_LOSS ABS_ERR REL_ERR | NORMAL_LOSS MEAN MED <11.25 <22.5 <30 | ∆m (test)
Epoch: 0112 | lr=0.0001 | epoch lenth=398 | train time: 240.888 s | method mgda | TRAIN: 1.1146 0.3190 0.6101 | 0.4673 0.4673 0.2130 | 0.1163 21.9359 16.3735 0.3501 0.6463 0.7599 || TEST: 1.2166 0.2847 0.5911 | 0.6016 0.6016 0.2409 | 0.1415 24.9137 19.5263 0.2937 0.5670 0.6907 | 1.497
LOSS FORMAT: SEMANTIC_LOSS MEAN_IOU PIX_ACC | DEPTH_LOSS ABS_ERR REL_ERR | NORMAL_LOSS MEAN MED <11.25 <22.5 <30 | ∆m (test)
Epoch: 0113 | lr=0.0001 | epoch lenth=398 | train time: 197.433 s | method mgda | TRAIN: 1.1078 0.3080 0.6081 | 0.4783 0.4783 0.2115 | 0.1130 21.5518 16.0210 0.3588 0.6551 0.7665 || TEST: 1.2501 0.2820 0.5787 | 0.6026 0.6026 0.2457 | 0.1375 24.4370 18.9941 0.3026 0.5786 0.7010 | 0.765
LOSS FORMAT: SEMANTIC_LOSS MEAN_IOU PIX_ACC | DEPTH_LOSS ABS_ERR REL_ERR | NORMAL_LOSS MEAN MED <11.25 <22.5 <30 | ∆m (test)
Epoch: 0114 | lr=0.0001 | epoch lenth=398 | train time: 197.312 s | method mgda | TRAIN: 1.1022 0.3116 0.6067 | 0.4861 0.4861 0.2237 | 0.1159 21.8825 16.2408 0.3513 0.6479 0.7609 || TEST: 1.2150 0.3021 0.5999 | 0.5883 0.5883 0.2345 | 0.1413 25.0095 19.7795 0.2876 0.5609 0.6866 | 0.963
LOSS FORMAT: SEMANTIC_LOSS MEAN_IOU PIX_ACC | DEPTH_LOSS ABS_ERR REL_ERR | NORMAL_LOSS MEAN MED <11.25 <22.5 <30 | ∆m (test)
Epoch: 0115 | lr=0.0001 | epoch lenth=398 | train time: 197.048 s | method mgda | TRAIN: 1.0954 0.3247 0.6164 | 0.4794 0.4794 0.2158 | 0.1137 21.6136 15.9927 0.3574 0.6551 0.7663 || TEST: 1.1928 0.3086 0.6038 | 0.6225 0.6225 0.2337 | 0.1393 24.6596 19.2184 0.2973 0.5731 0.6967 | 0.005
LOSS FORMAT: SEMANTIC_LOSS MEAN_IOU PIX_ACC | DEPTH_LOSS ABS_ERR REL_ERR | NORMAL_LOSS MEAN MED <11.25 <22.5 <30 | ∆m (test)
Epoch: 0116 | lr=0.0001 | epoch lenth=398 | train time: 197.289 s | method mgda | TRAIN: 1.0918 0.3285 0.6194 | 0.4807 0.4807 0.2154 | 0.1143 21.7380 16.1956 0.3520 0.6506 0.7639 || TEST: 1.1898 0.3016 0.6009 | 0.5912 0.5912 0.2401 | 0.1399 24.6217 19.1012 0.3038 0.5762 0.6978 | -0.405
LOSS FORMAT: SEMANTIC_LOSS MEAN_IOU PIX_ACC | DEPTH_LOSS ABS_ERR REL_ERR | NORMAL_LOSS MEAN MED <11.25 <22.5 <30 | ∆m (test)
Epoch: 0117 | lr=0.0001 | epoch lenth=398 | train time: 196.938 s | method mgda | TRAIN: 1.0960 0.3243 0.6153 | 0.4649 0.4649 0.2151 | 0.1136 21.6097 16.0161 0.3564 0.6550 0.7668 || TEST: 1.1960 0.3114 0.6030 | 0.5991 0.5991 0.2438 | 0.1398 24.7017 19.2728 0.2994 0.5715 0.6940 | 0.005
LOSS FORMAT: SEMANTIC_LOSS MEAN_IOU PIX_ACC | DEPTH_LOSS ABS_ERR REL_ERR | NORMAL_LOSS MEAN MED <11.25 <22.5 <30 | ∆m (test)
Epoch: 0118 | lr=0.0001 | epoch lenth=398 | train time: 196.937 s | method mgda | TRAIN: 1.0846 0.3326 0.6203 | 0.4711 0.4711 0.2205 | 0.1135 21.6238 16.1127 0.3550 0.6535 0.7659 || TEST: 1.1845 0.3067 0.6057 | 0.6139 0.6139 0.2328 | 0.1384 24.5342 19.0685 0.3015 0.5768 0.6989 | -0.559
LOSS FORMAT: SEMANTIC_LOSS MEAN_IOU PIX_ACC | DEPTH_LOSS ABS_ERR REL_ERR | NORMAL_LOSS MEAN MED <11.25 <22.5 <30 | ∆m (test)
Epoch: 0119 | lr=0.0001 | epoch lenth=398 | train time: 197.307 s | method mgda | TRAIN: 1.0976 0.3245 0.6193 | 0.4548 0.4548 0.2090 | 0.1134 21.5708 15.9359 0.3582 0.6557 0.7674 || TEST: 1.2150 0.2880 0.5904 | 0.6094 0.6094 0.2307 | 0.1408 24.8542 19.4704 0.2954 0.5676 0.6909 | 1.002
LOSS FORMAT: SEMANTIC_LOSS MEAN_IOU PIX_ACC | DEPTH_LOSS ABS_ERR REL_ERR | NORMAL_LOSS MEAN MED <11.25 <22.5 <30 | ∆m (test)
Epoch: 0120 | lr=0.0001 | epoch lenth=398 | train time: 198.338 s | method mgda | TRAIN: 1.0988 0.3185 0.6126 | 0.4668 0.4668 0.2169 | 0.1131 21.5813 16.0545 0.3558 0.6548 0.7674 || TEST: 1.2164 0.3016 0.5919 | 0.6080 0.6080 0.2433 | 0.1396 24.6899 19.2884 0.2977 0.5724 0.6960 | 0.621
LOSS FORMAT: SEMANTIC_LOSS MEAN_IOU PIX_ACC | DEPTH_LOSS ABS_ERR REL_ERR | NORMAL_LOSS MEAN MED <11.25 <22.5 <30 | ∆m (test)
Epoch: 0121 | lr=0.0001 | epoch lenth=398 | train time: 198.170 s | method mgda | TRAIN: 1.0926 0.3247 0.6128 | 0.4729 0.4729 0.2193 | 0.1131 21.5440 15.9502 0.3598 0.6559 0.7671 || TEST: 1.2152 0.3019 0.6032 | 0.6169 0.6169 0.2552 | 0.1388 24.5764 19.0958 0.3010 0.5760 0.6984 | 0.647
LOSS FORMAT: SEMANTIC_LOSS MEAN_IOU PIX_ACC | DEPTH_LOSS ABS_ERR REL_ERR | NORMAL_LOSS MEAN MED <11.25 <22.5 <30 | ∆m (test)
Epoch: 0122 | lr=0.0001 | epoch lenth=398 | train time: 197.534 s | method mgda | TRAIN: 1.0945 0.3221 0.6198 | 0.4799 0.4799 0.2189 | 0.1144 21.7134 16.1498 0.3542 0.6519 0.7648 || TEST: 1.1962 0.3025 0.6047 | 0.6180 0.6180 0.2433 | 0.1416 24.8361 19.3238 0.2996 0.5700 0.6926 | 0.656
LOSS FORMAT: SEMANTIC_LOSS MEAN_IOU PIX_ACC | DEPTH_LOSS ABS_ERR REL_ERR | NORMAL_LOSS MEAN MED <11.25 <22.5 <30 | ∆m (test)
Epoch: 0123 | lr=0.0001 | epoch lenth=398 | train time: 197.730 s | method mgda | TRAIN: 1.0831 0.3277 0.6201 | 0.4601 0.4601 0.2163 | 0.1140 21.5796 15.9950 0.3616 0.6565 0.7669 || TEST: 1.2092 0.3016 0.5967 | 0.6314 0.6314 0.2406 | 0.1398 24.7278 19.3003 0.2964 0.5716 0.6951 | 0.914
LOSS FORMAT: SEMANTIC_LOSS MEAN_IOU PIX_ACC | DEPTH_LOSS ABS_ERR REL_ERR | NORMAL_LOSS MEAN MED <11.25 <22.5 <30 | ∆m (test)
Epoch: 0124 | lr=0.0001 | epoch lenth=398 | train time: 197.444 s | method mgda | TRAIN: 1.0739 0.3271 0.6192 | 0.4674 0.4674 0.2170 | 0.1133 21.5466 15.9381 0.3592 0.6567 0.7682 || TEST: 1.1834 0.3175 0.6073 | 0.6026 0.6026 0.2395 | 0.1387 24.6490 19.2963 0.2957 0.5715 0.6963 | -0.277
LOSS FORMAT: SEMANTIC_LOSS MEAN_IOU PIX_ACC | DEPTH_LOSS ABS_ERR REL_ERR | NORMAL_LOSS MEAN MED <11.25 <22.5 <30 | ∆m (test)
Epoch: 0125 | lr=0.0001 | epoch lenth=398 | train time: 199.026 s | method mgda | TRAIN: 1.0749 0.3382 0.6244 | 0.4520 0.4520 0.2055 | 0.1116 21.3645 15.8834 0.3629 0.6599 0.7713 || TEST: 1.2188 0.3036 0.5919 | 0.6013 0.6013 0.2356 | 0.1410 24.7780 19.2954 0.2999 0.5713 0.6940 | 0.160
LOSS FORMAT: SEMANTIC_LOSS MEAN_IOU PIX_ACC | DEPTH_LOSS ABS_ERR REL_ERR | NORMAL_LOSS MEAN MED <11.25 <22.5 <30 | ∆m (test)
Epoch: 0126 | lr=0.0001 | epoch lenth=398 | train time: 197.893 s | method mgda | TRAIN: 1.0783 0.3312 0.6169 | 0.4762 0.4762 0.2160 | 0.1109 21.2827 15.7292 0.3651 0.6618 0.7724 || TEST: 1.1868 0.2958 0.6036 | 0.6156 0.6156 0.2294 | 0.1387 24.5416 19.0709 0.3037 0.5759 0.6981 | -0.360
LOSS FORMAT: SEMANTIC_LOSS MEAN_IOU PIX_ACC | DEPTH_LOSS ABS_ERR REL_ERR | NORMAL_LOSS MEAN MED <11.25 <22.5 <30 | ∆m (test)
Epoch: 0127 | lr=0.0001 | epoch lenth=398 | train time: 197.896 s | method mgda | TRAIN: 1.0713 0.3296 0.6236 | 0.4487 0.4487 0.2069 | 0.1126 21.4753 15.9410 0.3613 0.6568 0.7684 || TEST: 1.1904 0.3025 0.6050 | 0.6338 0.6338 0.2397 | 0.1408 24.6545 18.9635 0.3057 0.5779 0.6978 | 0.015
LOSS FORMAT: SEMANTIC_LOSS MEAN_IOU PIX_ACC | DEPTH_LOSS ABS_ERR REL_ERR | NORMAL_LOSS MEAN MED <11.25 <22.5 <30 | ∆m (test)
Epoch: 0128 | lr=0.0001 | epoch lenth=398 | train time: 196.913 s | method mgda | TRAIN: 1.0703 0.3316 0.6249 | 0.4851 0.4851 0.2142 | 0.1110 21.3091 15.7648 0.3636 0.6622 0.7724 || TEST: 1.1858 0.2972 0.6046 | 0.6030 0.6030 0.2366 | 0.1386 24.6023 19.2641 0.2988 0.5729 0.6971 | 0.058
LOSS FORMAT: SEMANTIC_LOSS MEAN_IOU PIX_ACC | DEPTH_LOSS ABS_ERR REL_ERR | NORMAL_LOSS MEAN MED <11.25 <22.5 <30 | ∆m (test)
Epoch: 0129 | lr=0.0001 | epoch lenth=398 | train time: 223.938 s | method mgda | TRAIN: 1.0799 0.3327 0.6223 | 0.4635 0.4635 0.2104 | 0.1119 21.3938 15.8689 0.3606 0.6603 0.7717 || TEST: 1.1989 0.3098 0.6079 | 0.6488 0.6488 0.2381 | 0.1411 24.7277 19.0475 0.3012 0.5763 0.6971 | 0.228
LOSS FORMAT: SEMANTIC_LOSS MEAN_IOU PIX_ACC | DEPTH_LOSS ABS_ERR REL_ERR | NORMAL_LOSS MEAN MED <11.25 <22.5 <30 | ∆m (test)
Epoch: 0130 | lr=0.0001 | epoch lenth=398 | train time: 271.189 s | method mgda | TRAIN: 1.0576 0.3385 0.6276 | 0.4453 0.4453 0.2081 | 0.1094 21.0509 15.3919 0.3714 0.6700 0.7788 || TEST: 1.2034 0.3088 0.5986 | 0.5913 0.5913 0.2342 | 0.1411 24.7346 19.0913 0.3004 0.5758 0.6970 | -0.618
LOSS FORMAT: SEMANTIC_LOSS MEAN_IOU PIX_ACC | DEPTH_LOSS ABS_ERR REL_ERR | NORMAL_LOSS MEAN MED <11.25 <22.5 <30 | ∆m (test)
Epoch: 0131 | lr=0.0001 | epoch lenth=398 | train time: 208.493 s | method mgda | TRAIN: 1.0450 0.3396 0.6283 | 0.4571 0.4571 0.2064 | 0.1092 21.0654 15.5764 0.3692 0.6690 0.7782 || TEST: 1.1987 0.3008 0.6035 | 0.6179 0.6179 0.2397 | 0.1388 24.6150 19.2428 0.2994 0.5731 0.6967 | 0.315
LOSS FORMAT: SEMANTIC_LOSS MEAN_IOU PIX_ACC | DEPTH_LOSS ABS_ERR REL_ERR | NORMAL_LOSS MEAN MED <11.25 <22.5 <30 | ∆m (test)
Epoch: 0132 | lr=0.0001 | epoch lenth=398 | train time: 192.701 s | method mgda | TRAIN: 1.0426 0.3353 0.6297 | 0.4610 0.4610 0.2145 | 0.1097 21.0593 15.4876 0.3737 0.6691 0.7771 || TEST: 1.1882 0.3153 0.6049 | 0.5908 0.5908 0.2350 | 0.1395 24.8133 19.6713 0.2906 0.5646 0.6908 | 0.153
LOSS FORMAT: SEMANTIC_LOSS MEAN_IOU PIX_ACC | DEPTH_LOSS ABS_ERR REL_ERR | NORMAL_LOSS MEAN MED <11.25 <22.5 <30 | ∆m (test)
Epoch: 0133 | lr=0.0001 | epoch lenth=398 | train time: 192.552 s | method mgda | TRAIN: 1.0415 0.3453 0.6307 | 0.4597 0.4597 0.2047 | 0.1086 21.0499 15.5949 0.3680 0.6679 0.7777 || TEST: 1.1788 0.3177 0.6109 | 0.6001 0.6001 0.2498 | 0.1396 24.6365 19.1979 0.3020 0.5728 0.6959 | -0.288
LOSS FORMAT: SEMANTIC_LOSS MEAN_IOU PIX_ACC | DEPTH_LOSS ABS_ERR REL_ERR | NORMAL_LOSS MEAN MED <11.25 <22.5 <30 | ∆m (test)
Epoch: 0134 | lr=0.0001 | epoch lenth=398 | train time: 199.821 s | method mgda | TRAIN: 1.0581 0.3440 0.6305 | 0.4537 0.4537 0.2093 | 0.1103 21.2259 15.7368 0.3654 0.6640 0.7741 || TEST: 1.1903 0.3067 0.6045 | 0.6260 0.6260 0.2308 | 0.1380 24.4821 19.0150 0.3026 0.5775 0.7001 | -0.546
LOSS FORMAT: SEMANTIC_LOSS MEAN_IOU PIX_ACC | DEPTH_LOSS ABS_ERR REL_ERR | NORMAL_LOSS MEAN MED <11.25 <22.5 <30 | ∆m (test)
Epoch: 0135 | lr=0.0001 | epoch lenth=398 | train time: 196.816 s | method mgda | TRAIN: 1.0504 0.3408 0.6286 | 0.4541 0.4541 0.2124 | 0.1095 21.0935 15.5383 0.3698 0.6673 0.7769 || TEST: 1.2324 0.2984 0.5976 | 0.6379 0.6379 0.2369 | 0.1406 24.7985 19.3909 0.2955 0.5698 0.6938 | 1.127
LOSS FORMAT: SEMANTIC_LOSS MEAN_IOU PIX_ACC | DEPTH_LOSS ABS_ERR REL_ERR | NORMAL_LOSS MEAN MED <11.25 <22.5 <30 | ∆m (test)
Epoch: 0136 | lr=0.0001 | epoch lenth=398 | train time: 192.678 s | method mgda | TRAIN: 1.0599 0.3337 0.6219 | 0.4511 0.4511 0.2032 | 0.1092 21.0395 15.5027 0.3727 0.6689 0.7779 || TEST: 1.2040 0.2993 0.5980 | 0.6940 0.6940 0.2950 | 0.1412 24.8388 19.4114 0.2957 0.5695 0.6942 | 4.359
LOSS FORMAT: SEMANTIC_LOSS MEAN_IOU PIX_ACC | DEPTH_LOSS ABS_ERR REL_ERR | NORMAL_LOSS MEAN MED <11.25 <22.5 <30 | ∆m (test)
Epoch: 0137 | lr=0.0001 | epoch lenth=398 | train time: 192.433 s | method mgda | TRAIN: 1.0351 0.3368 0.6286 | 0.4425 0.4425 0.1979 | 0.1055 20.6554 15.2022 0.3770 0.6783 0.7860 || TEST: 1.1920 0.3012 0.6064 | 0.5939 0.5939 0.2446 | 0.1396 24.5961 19.0368 0.3046 0.5760 0.6971 | -0.330
LOSS FORMAT: SEMANTIC_LOSS MEAN_IOU PIX_ACC | DEPTH_LOSS ABS_ERR REL_ERR | NORMAL_LOSS MEAN MED <11.25 <22.5 <30 | ∆m (test)
Epoch: 0138 | lr=0.0001 | epoch lenth=398 | train time: 199.508 s | method mgda | TRAIN: 1.0608 0.3323 0.6264 | 0.4498 0.4498 0.2178 | 0.1091 21.0560 15.4989 0.3702 0.6686 0.7779 || TEST: 1.1976 0.3057 0.6062 | 0.6120 0.6120 0.2349 | 0.1389 24.5804 19.1100 0.3014 0.5754 0.6982 | -0.401
LOSS FORMAT: SEMANTIC_LOSS MEAN_IOU PIX_ACC | DEPTH_LOSS ABS_ERR REL_ERR | NORMAL_LOSS MEAN MED <11.25 <22.5 <30 | ∆m (test)
Epoch: 0139 | lr=0.0001 | epoch lenth=398 | train time: 197.800 s | method mgda | TRAIN: 1.0265 0.3436 0.6326 | 0.4419 0.4419 0.2014 | 0.1061 20.6970 15.2328 0.3783 0.6769 0.7849 || TEST: 1.1841 0.3210 0.6076 | 0.5911 0.5911 0.2414 | 0.1385 24.4887 18.9645 0.3056 0.5785 0.6996 | -1.310
LOSS FORMAT: SEMANTIC_LOSS MEAN_IOU PIX_ACC | DEPTH_LOSS ABS_ERR REL_ERR | NORMAL_LOSS MEAN MED <11.25 <22.5 <30 | ∆m (test)
Epoch: 0140 | lr=0.0001 | epoch lenth=398 | train time: 194.950 s | method mgda | TRAIN: 1.0388 0.3484 0.6323 | 0.4471 0.4471 0.2085 | 0.1066 20.7049 15.1614 0.3801 0.6786 0.7848 || TEST: 1.1504 0.3200 0.6190 | 0.6137 0.6137 0.2334 | 0.1388 24.5235 18.9703 0.3050 0.5778 0.6992 | -1.372
LOSS FORMAT: SEMANTIC_LOSS MEAN_IOU PIX_ACC | DEPTH_LOSS ABS_ERR REL_ERR | NORMAL_LOSS MEAN MED <11.25 <22.5 <30 | ∆m (test)
Epoch: 0141 | lr=0.0001 | epoch lenth=398 | train time: 200.975 s | method mgda | TRAIN: 1.0289 0.3466 0.6384 | 0.4447 0.4447 0.2114 | 0.1070 20.8377 15.3661 0.3728 0.6738 0.7827 || TEST: 1.1739 0.3284 0.6159 | 0.6180 0.6180 0.2524 | 0.1426 24.8658 19.2644 0.3007 0.5720 0.6939 | -0.049
LOSS FORMAT: SEMANTIC_LOSS MEAN_IOU PIX_ACC | DEPTH_LOSS ABS_ERR REL_ERR | NORMAL_LOSS MEAN MED <11.25 <22.5 <30 | ∆m (test)
Epoch: 0142 | lr=0.0001 | epoch lenth=398 | train time: 196.565 s | method mgda | TRAIN: 1.0049 0.3597 0.6428 | 0.4415 0.4415 0.2009 | 0.1061 20.6853 15.2013 0.3774 0.6785 0.7855 || TEST: 1.1722 0.3242 0.6172 | 0.6029 0.6029 0.2499 | 0.1398 24.5178 18.7384 0.3067 0.5836 0.7029 | -1.354
LOSS FORMAT: SEMANTIC_LOSS MEAN_IOU PIX_ACC | DEPTH_LOSS ABS_ERR REL_ERR | NORMAL_LOSS MEAN MED <11.25 <22.5 <30 | ∆m (test)
Epoch: 0143 | lr=0.0001 | epoch lenth=398 | train time: 196.439 s | method mgda | TRAIN: 1.0356 0.3507 0.6374 | 0.4459 0.4459 0.2048 | 0.1074 20.8792 15.3887 0.3724 0.6726 0.7821 || TEST: 1.1903 0.3101 0.6102 | 0.5996 0.5996 0.2297 | 0.1409 24.8780 19.4853 0.2915 0.5688 0.6938 | -0.097
LOSS FORMAT: SEMANTIC_LOSS MEAN_IOU PIX_ACC | DEPTH_LOSS ABS_ERR REL_ERR | NORMAL_LOSS MEAN MED <11.25 <22.5 <30 | ∆m (test)
Epoch: 0144 | lr=0.0001 | epoch lenth=398 | train time: 196.474 s | method mgda | TRAIN: 1.0209 0.3424 0.6343 | 0.4719 0.4719 0.2151 | 0.1064 20.7038 15.1169 0.3793 0.6785 0.7851 || TEST: 1.1779 0.3161 0.6120 | 0.5939 0.5939 0.2454 | 0.1416 24.7793 19.1333 0.3010 0.5741 0.6964 | -0.507
LOSS FORMAT: SEMANTIC_LOSS MEAN_IOU PIX_ACC | DEPTH_LOSS ABS_ERR REL_ERR | NORMAL_LOSS MEAN MED <11.25 <22.5 <30 | ∆m (test)
Epoch: 0145 | lr=0.0001 | epoch lenth=398 | train time: 197.024 s | method mgda | TRAIN: 1.0696 0.3429 0.6288 | 0.4858 0.4858 0.2211 | 0.1068 20.8232 15.3290 0.3736 0.6748 0.7836 || TEST: 1.1947 0.3086 0.6036 | 0.6167 0.6167 0.2315 | 0.1395 24.6614 19.2415 0.2996 0.5739 0.6962 | -0.257
LOSS FORMAT: SEMANTIC_LOSS MEAN_IOU PIX_ACC | DEPTH_LOSS ABS_ERR REL_ERR | NORMAL_LOSS MEAN MED <11.25 <22.5 <30 | ∆m (test)
Epoch: 0146 | lr=0.0001 | epoch lenth=398 | train time: 196.374 s | method mgda | TRAIN: 1.0714 0.3363 0.6228 | 0.4491 0.4491 0.2034 | 0.1070 20.8076 15.3062 0.3749 0.6751 0.7830 || TEST: 1.1832 0.3282 0.6104 | 0.6184 0.6184 0.2595 | 0.1393 24.5877 19.0843 0.3027 0.5761 0.6984 | -0.112
LOSS FORMAT: SEMANTIC_LOSS MEAN_IOU PIX_ACC | DEPTH_LOSS ABS_ERR REL_ERR | NORMAL_LOSS MEAN MED <11.25 <22.5 <30 | ∆m (test)
Epoch: 0147 | lr=0.0001 | epoch lenth=398 | train time: 196.124 s | method mgda | TRAIN: 1.0180 0.3549 0.6375 | 0.4471 0.4471 0.2062 | 0.1047 20.5062 15.0306 0.3831 0.6825 0.7897 || TEST: 1.1864 0.3122 0.6077 | 0.6504 0.6504 0.2410 | 0.1422 24.9739 19.5078 0.2938 0.5664 0.6904 | 1.247
LOSS FORMAT: SEMANTIC_LOSS MEAN_IOU PIX_ACC | DEPTH_LOSS ABS_ERR REL_ERR | NORMAL_LOSS MEAN MED <11.25 <22.5 <30 | ∆m (test)
Epoch: 0148 | lr=0.0001 | epoch lenth=398 | train time: 196.547 s | method mgda | TRAIN: 1.0191 0.3477 0.6364 | 0.4452 0.4452 0.2021 | 0.1048 20.5467 15.1241 0.3811 0.6812 0.7888 || TEST: 1.1997 0.2991 0.5950 | 0.6566 0.6566 0.2443 | 0.1390 24.5581 18.9882 0.3031 0.5777 0.6993 | 0.892
LOSS FORMAT: SEMANTIC_LOSS MEAN_IOU PIX_ACC | DEPTH_LOSS ABS_ERR REL_ERR | NORMAL_LOSS MEAN MED <11.25 <22.5 <30 | ∆m (test)
Epoch: 0149 | lr=0.0001 | epoch lenth=398 | train time: 195.813 s | method mgda | TRAIN: 0.9976 0.3491 0.6321 | 0.4450 0.4450 0.2032 | 0.1029 20.3201 14.9100 0.3857 0.6874 0.7930 || TEST: 1.2274 0.3042 0.6015 | 0.6013 0.6013 0.2321 | 0.1404 24.6143 18.9589 0.3061 0.5778 0.6982 | -0.851
LOSS FORMAT: SEMANTIC_LOSS MEAN_IOU PIX_ACC | DEPTH_LOSS ABS_ERR REL_ERR | NORMAL_LOSS MEAN MED <11.25 <22.5 <30 | ∆m (test)
Epoch: 0150 | lr=0.0001 | epoch lenth=398 | train time: 195.887 s | method mgda | TRAIN: 1.0152 0.3455 0.6338 | 0.4375 0.4375 0.1998 | 0.1037 20.4075 14.9208 0.3849 0.6841 0.7912 || TEST: 1.1568 0.3162 0.6172 | 0.6284 0.6284 0.2328 | 0.1397 24.7009 19.2357 0.2973 0.5727 0.6956 | -0.341
LOSS FORMAT: SEMANTIC_LOSS MEAN_IOU PIX_ACC | DEPTH_LOSS ABS_ERR REL_ERR | NORMAL_LOSS MEAN MED <11.25 <22.5 <30 | ∆m (test)
Epoch: 0151 | lr=0.0001 | epoch lenth=398 | train time: 209.757 s | method mgda | TRAIN: 1.0104 0.3562 0.6416 | 0.4421 0.4421 0.2065 | 0.1056 20.6309 15.1495 0.3785 0.6796 0.7876 || TEST: 1.1630 0.3197 0.6165 | 0.5806 0.5806 0.2303 | 0.1388 24.4888 18.8738 0.3042 0.5815 0.7025 | -2.155
LOSS FORMAT: SEMANTIC_LOSS MEAN_IOU PIX_ACC | DEPTH_LOSS ABS_ERR REL_ERR | NORMAL_LOSS MEAN MED <11.25 <22.5 <30 | ∆m (test)
Epoch: 0152 | lr=0.0001 | epoch lenth=398 | train time: 257.034 s | method mgda | TRAIN: 0.9958 0.3602 0.6442 | 0.4457 0.4457 0.2083 | 0.1038 20.3583 14.8273 0.3883 0.6869 0.7918 || TEST: 1.1568 0.3206 0.6178 | 0.6364 0.6364 0.2351 | 0.1399 24.8322 19.5515 0.2919 0.5662 0.6917 | 0.378
LOSS FORMAT: SEMANTIC_LOSS MEAN_IOU PIX_ACC | DEPTH_LOSS ABS_ERR REL_ERR | NORMAL_LOSS MEAN MED <11.25 <22.5 <30 | ∆m (test)
Epoch: 0153 | lr=0.0001 | epoch lenth=398 | train time: 195.267 s | method mgda | TRAIN: 0.9912 0.3551 0.6458 | 0.4426 0.4426 0.2005 | 0.1036 20.4130 14.9247 0.3826 0.6857 0.7922 || TEST: 1.1588 0.3256 0.6189 | 0.6206 0.6206 0.2664 | 0.1394 24.4958 18.8472 0.3067 0.5818 0.7024 | -0.374
LOSS FORMAT: SEMANTIC_LOSS MEAN_IOU PIX_ACC | DEPTH_LOSS ABS_ERR REL_ERR | NORMAL_LOSS MEAN MED <11.25 <22.5 <30 | ∆m (test)
Epoch: 0154 | lr=0.0001 | epoch lenth=398 | train time: 202.290 s | method mgda | TRAIN: 0.9883 0.3566 0.6453 | 0.4315 0.4315 0.1943 | 0.1031 20.3153 14.8471 0.3875 0.6881 0.7934 || TEST: 1.2086 0.3069 0.6002 | 0.6308 0.6308 0.2419 | 0.1422 25.0999 19.9508 0.2872 0.5582 0.6848 | 2.049
LOSS FORMAT: SEMANTIC_LOSS MEAN_IOU PIX_ACC | DEPTH_LOSS ABS_ERR REL_ERR | NORMAL_LOSS MEAN MED <11.25 <22.5 <30 | ∆m (test)
Epoch: 0155 | lr=0.0001 | epoch lenth=398 | train time: 197.192 s | method mgda | TRAIN: 0.9921 0.3488 0.6381 | 0.4724 0.4724 0.2106 | 0.1038 20.4276 14.9859 0.3834 0.6843 0.7906 || TEST: 1.1914 0.3081 0.6061 | 0.6015 0.6015 0.2467 | 0.1389 24.6013 19.0567 0.2994 0.5767 0.6981 | -0.139
LOSS FORMAT: SEMANTIC_LOSS MEAN_IOU PIX_ACC | DEPTH_LOSS ABS_ERR REL_ERR | NORMAL_LOSS MEAN MED <11.25 <22.5 <30 | ∆m (test)
Epoch: 0156 | lr=0.0001 | epoch lenth=398 | train time: 193.940 s | method mgda | TRAIN: 0.9942 0.3483 0.6387 | 0.4530 0.4530 0.2102 | 0.1034 20.3393 14.8356 0.3876 0.6880 0.7930 || TEST: 1.1654 0.3221 0.6171 | 0.6058 0.6058 0.2361 | 0.1395 24.6868 19.3647 0.2994 0.5694 0.6935 | -0.662
LOSS FORMAT: SEMANTIC_LOSS MEAN_IOU PIX_ACC | DEPTH_LOSS ABS_ERR REL_ERR | NORMAL_LOSS MEAN MED <11.25 <22.5 <30 | ∆m (test)
Epoch: 0157 | lr=0.0001 | epoch lenth=398 | train time: 194.371 s | method mgda | TRAIN: 0.9899 0.3609 0.6453 | 0.4298 0.4298 0.1961 | 0.1024 20.2305 14.7586 0.3892 0.6892 0.7947 || TEST: 1.2071 0.3052 0.5992 | 0.5949 0.5949 0.2333 | 0.1397 24.7154 19.3400 0.2959 0.5722 0.6963 | -0.115
LOSS FORMAT: SEMANTIC_LOSS MEAN_IOU PIX_ACC | DEPTH_LOSS ABS_ERR REL_ERR | NORMAL_LOSS MEAN MED <11.25 <22.5 <30 | ∆m (test)
Epoch: 0158 | lr=0.0001 | epoch lenth=398 | train time: 193.164 s | method mgda | TRAIN: 0.9845 0.3528 0.6388 | 0.4364 0.4364 0.2013 | 0.1009 20.0581 14.5550 0.3942 0.6930 0.7980 || TEST: 1.1742 0.3291 0.6124 | 0.5931 0.5931 0.2334 | 0.1407 24.7609 19.3712 0.2990 0.5714 0.6942 | -1.091
LOSS FORMAT: SEMANTIC_LOSS MEAN_IOU PIX_ACC | DEPTH_LOSS ABS_ERR REL_ERR | NORMAL_LOSS MEAN MED <11.25 <22.5 <30 | ∆m (test)
Epoch: 0159 | lr=0.0001 | epoch lenth=398 | train time: 194.318 s | method mgda | TRAIN: 0.9902 0.3630 0.6427 | 0.4303 0.4303 0.2012 | 0.1012 20.1263 14.7280 0.3894 0.6911 0.7971 || TEST: 1.1851 0.3142 0.6134 | 0.5922 0.5922 0.2426 | 0.1424 25.0018 19.6883 0.2935 0.5628 0.6880 | 0.430
LOSS FORMAT: SEMANTIC_LOSS MEAN_IOU PIX_ACC | DEPTH_LOSS ABS_ERR REL_ERR | NORMAL_LOSS MEAN MED <11.25 <22.5 <30 | ∆m (test)
Epoch: 0160 | lr=0.0001 | epoch lenth=398 | train time: 192.973 s | method mgda | TRAIN: 0.9989 0.3508 0.6417 | 0.4357 0.4357 0.1981 | 0.1019 20.2108 14.7514 0.3879 0.6893 0.7950 || TEST: 1.1843 0.3095 0.6088 | 0.6055 0.6055 0.2316 | 0.1389 24.4894 18.8654 0.3060 0.5809 0.7013 | -1.305
LOSS FORMAT: SEMANTIC_LOSS MEAN_IOU PIX_ACC | DEPTH_LOSS ABS_ERR REL_ERR | NORMAL_LOSS MEAN MED <11.25 <22.5 <30 | ∆m (test)
Epoch: 0161 | lr=0.0001 | epoch lenth=398 | train time: 193.240 s | method mgda | TRAIN: 0.9822 0.3548 0.6428 | 0.4366 0.4366 0.2028 | 0.1009 20.0710 14.6912 0.3917 0.6935 0.7979 || TEST: 1.1752 0.3178 0.6118 | 0.5897 0.5897 0.2356 | 0.1384 24.4970 19.0522 0.3054 0.5764 0.6988 | -1.435
LOSS FORMAT: SEMANTIC_LOSS MEAN_IOU PIX_ACC | DEPTH_LOSS ABS_ERR REL_ERR | NORMAL_LOSS MEAN MED <11.25 <22.5 <30 | ∆m (test)
Epoch: 0162 | lr=0.0001 | epoch lenth=398 | train time: 195.736 s | method mgda | TRAIN: 0.9633 0.3595 0.6480 | 0.4269 0.4269 0.1983 | 0.0998 19.9403 14.5311 0.3946 0.6960 0.8002 || TEST: 1.1824 0.3311 0.6105 | 0.5954 0.5954 0.2321 | 0.1413 24.7620 19.1540 0.3003 0.5742 0.6966 | -1.400
LOSS FORMAT: SEMANTIC_LOSS MEAN_IOU PIX_ACC | DEPTH_LOSS ABS_ERR REL_ERR | NORMAL_LOSS MEAN MED <11.25 <22.5 <30 | ∆m (test)
Epoch: 0163 | lr=0.0001 | epoch lenth=398 | train time: 192.355 s | method mgda | TRAIN: 1.0117 0.3601 0.6362 | 0.4262 0.4262 0.1982 | 0.1015 20.1314 14.6742 0.3911 0.6919 0.7973 || TEST: 1.1958 0.3212 0.6065 | 0.6019 0.6019 0.2444 | 0.1384 24.5464 19.1414 0.3019 0.5753 0.6981 | -0.653
LOSS FORMAT: SEMANTIC_LOSS MEAN_IOU PIX_ACC | DEPTH_LOSS ABS_ERR REL_ERR | NORMAL_LOSS MEAN MED <11.25 <22.5 <30 | ∆m (test)
Epoch: 0164 | lr=0.0001 | epoch lenth=398 | train time: 198.635 s | method mgda | TRAIN: 0.9823 0.3658 0.6426 | 0.4313 0.4313 0.2010 | 0.1003 19.9883 14.5539 0.3943 0.6964 0.8004 || TEST: 1.1836 0.3340 0.6152 | 0.5920 0.5920 0.2513 | 0.1378 24.4957 19.0089 0.3009 0.5778 0.7000 | -1.206
LOSS FORMAT: SEMANTIC_LOSS MEAN_IOU PIX_ACC | DEPTH_LOSS ABS_ERR REL_ERR | NORMAL_LOSS MEAN MED <11.25 <22.5 <30 | ∆m (test)
Epoch: 0165 | lr=0.0001 | epoch lenth=398 | train time: 208.241 s | method mgda | TRAIN: 0.9796 0.3689 0.6471 | 0.4262 0.4262 0.1924 | 0.1007 20.0276 14.5297 0.3945 0.6948 0.7988 || TEST: 1.1789 0.3210 0.6131 | 0.5880 0.5880 0.2374 | 0.1386 24.3937 18.7172 0.3104 0.5841 0.7040 | -2.163
LOSS FORMAT: SEMANTIC_LOSS MEAN_IOU PIX_ACC | DEPTH_LOSS ABS_ERR REL_ERR | NORMAL_LOSS MEAN MED <11.25 <22.5 <30 | ∆m (test)
Epoch: 0166 | lr=0.0001 | epoch lenth=398 | train time: 192.640 s | method mgda | TRAIN: 0.9730 0.3609 0.6470 | 0.4326 0.4326 0.1987 | 0.0994 19.8956 14.5219 0.3962 0.6976 0.8018 || TEST: 1.1799 0.3265 0.6157 | 0.5831 0.5831 0.2352 | 0.1372 24.3702 18.8801 0.3063 0.5807 0.7021 | -2.203
LOSS FORMAT: SEMANTIC_LOSS MEAN_IOU PIX_ACC | DEPTH_LOSS ABS_ERR REL_ERR | NORMAL_LOSS MEAN MED <11.25 <22.5 <30 | ∆m (test)
Epoch: 0167 | lr=0.0001 | epoch lenth=398 | train time: 192.401 s | method mgda | TRAIN: 0.9635 0.3636 0.6487 | 0.4161 0.4161 0.1940 | 0.0992 19.8561 14.4416 0.3974 0.6991 0.8020 || TEST: 1.1925 0.3196 0.6090 | 0.5824 0.5824 0.2282 | 0.1394 24.5586 19.0127 0.3061 0.5774 0.6984 | -1.888
LOSS FORMAT: SEMANTIC_LOSS MEAN_IOU PIX_ACC | DEPTH_LOSS ABS_ERR REL_ERR | NORMAL_LOSS MEAN MED <11.25 <22.5 <30 | ∆m (test)
Epoch: 0168 | lr=0.0001 | epoch lenth=398 | train time: 196.541 s | method mgda | TRAIN: 0.9676 0.3621 0.6453 | 0.4254 0.4254 0.1969 | 0.1007 20.0527 14.6175 0.3921 0.6940 0.7990 || TEST: 1.2500 0.3053 0.6061 | 0.6007 0.6007 0.2488 | 0.1446 25.2031 19.7539 0.2893 0.5616 0.6865 | 1.537
LOSS FORMAT: SEMANTIC_LOSS MEAN_IOU PIX_ACC | DEPTH_LOSS ABS_ERR REL_ERR | NORMAL_LOSS MEAN MED <11.25 <22.5 <30 | ∆m (test)
Epoch: 0169 | lr=0.0001 | epoch lenth=398 | train time: 220.514 s | method mgda | TRAIN: 0.9770 0.3507 0.6439 | 0.4295 0.4295 0.1926 | 0.0983 19.7560 14.4164 0.3984 0.7009 0.8042 || TEST: 1.1839 0.3333 0.6159 | 0.5924 0.5924 0.2395 | 0.1374 24.2994 18.6250 0.3091 0.5868 0.7069 | -2.557
LOSS FORMAT: SEMANTIC_LOSS MEAN_IOU PIX_ACC | DEPTH_LOSS ABS_ERR REL_ERR | NORMAL_LOSS MEAN MED <11.25 <22.5 <30 | ∆m (test)
Epoch: 0170 | lr=0.0001 | epoch lenth=398 | train time: 250.839 s | method mgda | TRAIN: 0.9622 0.3720 0.6505 | 0.4370 0.4370 0.2042 | 0.0990 19.8297 14.4343 0.3972 0.7000 0.8039 || TEST: 1.1406 0.3362 0.6285 | 0.5755 0.5755 0.2315 | 0.1369 24.2435 18.5354 0.3106 0.5881 0.7077 | -3.627
LOSS FORMAT: SEMANTIC_LOSS MEAN_IOU PIX_ACC | DEPTH_LOSS ABS_ERR REL_ERR | NORMAL_LOSS MEAN MED <11.25 <22.5 <30 | ∆m (test)
Epoch: 0171 | lr=0.0001 | epoch lenth=398 | train time: 193.915 s | method mgda | TRAIN: 0.9797 0.3693 0.6518 | 0.4380 0.4380 0.2060 | 0.0997 19.8957 14.4558 0.3981 0.6984 0.8017 || TEST: 1.1628 0.3404 0.6233 | 0.5929 0.5929 0.2325 | 0.1390 24.5640 18.9544 0.3015 0.5787 0.7001 | -2.307
LOSS FORMAT: SEMANTIC_LOSS MEAN_IOU PIX_ACC | DEPTH_LOSS ABS_ERR REL_ERR | NORMAL_LOSS MEAN MED <11.25 <22.5 <30 | ∆m (test)
Epoch: 0172 | lr=0.0001 | epoch lenth=398 | train time: 203.437 s | method mgda | TRAIN: 0.9702 0.3717 0.6522 | 0.4175 0.4175 0.1894 | 0.0998 19.9238 14.5412 0.3963 0.6968 0.8008 || TEST: 1.1459 0.3285 0.6217 | 0.5871 0.5871 0.2311 | 0.1380 24.4373 18.9167 0.3067 0.5792 0.7012 | -2.385
LOSS FORMAT: SEMANTIC_LOSS MEAN_IOU PIX_ACC | DEPTH_LOSS ABS_ERR REL_ERR | NORMAL_LOSS MEAN MED <11.25 <22.5 <30 | ∆m (test)
Epoch: 0173 | lr=0.0001 | epoch lenth=398 | train time: 199.922 s | method mgda | TRAIN: 0.9648 0.3653 0.6520 | 0.4131 0.4131 0.1942 | 0.0996 19.9034 14.4558 0.3951 0.6992 0.8026 || TEST: 1.1413 0.3342 0.6258 | 0.5932 0.5932 0.2279 | 0.1393 24.4998 18.8216 0.3076 0.5816 0.7016 | -2.764
LOSS FORMAT: SEMANTIC_LOSS MEAN_IOU PIX_ACC | DEPTH_LOSS ABS_ERR REL_ERR | NORMAL_LOSS MEAN MED <11.25 <22.5 <30 | ∆m (test)
Epoch: 0174 | lr=0.0001 | epoch lenth=398 | train time: 192.381 s | method mgda | TRAIN: 0.9441 0.3750 0.6571 | 0.4171 0.4171 0.1891 | 0.0980 19.6953 14.3394 0.4018 0.7029 0.8057 || TEST: 1.1739 0.3129 0.6116 | 0.6025 0.6025 0.2344 | 0.1402 24.6173 19.0148 0.3050 0.5768 0.6986 | -1.081
LOSS FORMAT: SEMANTIC_LOSS MEAN_IOU PIX_ACC | DEPTH_LOSS ABS_ERR REL_ERR | NORMAL_LOSS MEAN MED <11.25 <22.5 <30 | ∆m (test)
Epoch: 0175 | lr=0.0001 | epoch lenth=398 | train time: 199.636 s | method mgda | TRAIN: 0.9703 0.3631 0.6486 | 0.4354 0.4354 0.2025 | 0.1000 19.9589 14.5682 0.3937 0.6976 0.8014 || TEST: 1.1642 0.3332 0.6193 | 0.6856 0.6856 0.2959 | 0.1401 24.6075 19.0274 0.3044 0.5775 0.6990 | 2.024
LOSS FORMAT: SEMANTIC_LOSS MEAN_IOU PIX_ACC | DEPTH_LOSS ABS_ERR REL_ERR | NORMAL_LOSS MEAN MED <11.25 <22.5 <30 | ∆m (test)
Epoch: 0176 | lr=0.0001 | epoch lenth=398 | train time: 204.874 s | method mgda | TRAIN: 0.9492 0.3709 0.6534 | 0.4172 0.4172 0.1962 | 0.0989 19.8111 14.4122 0.3985 0.7008 0.8035 || TEST: 1.1565 0.3221 0.6214 | 0.6071 0.6071 0.2339 | 0.1428 24.8797 19.2131 0.3008 0.5726 0.6940 | -0.921
LOSS FORMAT: SEMANTIC_LOSS MEAN_IOU PIX_ACC | DEPTH_LOSS ABS_ERR REL_ERR | NORMAL_LOSS MEAN MED <11.25 <22.5 <30 | ∆m (test)
Epoch: 0177 | lr=0.0001 | epoch lenth=398 | train time: 205.804 s | method mgda | TRAIN: 0.9685 0.3662 0.6521 | 0.4252 0.4252 0.1964 | 0.0982 19.7185 14.3163 0.4011 0.7026 0.8051 || TEST: 1.2413 0.3011 0.6051 | 0.6047 0.6047 0.2318 | 0.1404 24.5776 18.8428 0.3089 0.5801 0.6990 | -1.025
LOSS FORMAT: SEMANTIC_LOSS MEAN_IOU PIX_ACC | DEPTH_LOSS ABS_ERR REL_ERR | NORMAL_LOSS MEAN MED <11.25 <22.5 <30 | ∆m (test)
Epoch: 0178 | lr=0.0001 | epoch lenth=398 | train time: 206.170 s | method mgda | TRAIN: 0.9564 0.3566 0.6467 | 0.4236 0.4236 0.1923 | 0.0963 19.4925 14.1088 0.4062 0.7082 0.8100 || TEST: 1.2196 0.3117 0.6116 | 0.6041 0.6041 0.2542 | 0.1419 24.7431 19.0459 0.3060 0.5765 0.6958 | -0.142
LOSS FORMAT: SEMANTIC_LOSS MEAN_IOU PIX_ACC | DEPTH_LOSS ABS_ERR REL_ERR | NORMAL_LOSS MEAN MED <11.25 <22.5 <30 | ∆m (test)
Epoch: 0179 | lr=0.0001 | epoch lenth=398 | train time: 197.768 s | method mgda | TRAIN: 0.9671 0.3648 0.6476 | 0.4292 0.4292 0.1975 | 0.0961 19.4775 14.1658 0.4069 0.7070 0.8097 || TEST: 1.1756 0.3167 0.6136 | 0.5901 0.5901 0.2463 | 0.1393 24.4986 18.8572 0.3082 0.5810 0.7003 | -1.325
LOSS FORMAT: SEMANTIC_LOSS MEAN_IOU PIX_ACC | DEPTH_LOSS ABS_ERR REL_ERR | NORMAL_LOSS MEAN MED <11.25 <22.5 <30 | ∆m (test)
Epoch: 0180 | lr=0.0001 | epoch lenth=398 | train time: 208.245 s | method mgda | TRAIN: 0.9464 0.3697 0.6533 | 0.4186 0.4186 0.1929 | 0.0967 19.5348 14.1514 0.4062 0.7066 0.8082 || TEST: 1.1694 0.3318 0.6227 | 0.5747 0.5747 0.2272 | 0.1391 24.4821 18.7643 0.3076 0.5823 0.7014 | -3.021
LOSS FORMAT: SEMANTIC_LOSS MEAN_IOU PIX_ACC | DEPTH_LOSS ABS_ERR REL_ERR | NORMAL_LOSS MEAN MED <11.25 <22.5 <30 | ∆m (test)
Epoch: 0181 | lr=0.0001 | epoch lenth=398 | train time: 210.290 s | method mgda | TRAIN: 0.9757 0.3652 0.6492 | 0.4231 0.4231 0.2015 | 0.0975 19.6530 14.2684 0.4007 0.7045 0.8077 || TEST: 1.2398 0.3105 0.5935 | 0.5741 0.5741 0.2324 | 0.1391 24.4226 18.6776 0.3107 0.5845 0.7037 | -1.967
LOSS FORMAT: SEMANTIC_LOSS MEAN_IOU PIX_ACC | DEPTH_LOSS ABS_ERR REL_ERR | NORMAL_LOSS MEAN MED <11.25 <22.5 <30 | ∆m (test)
Epoch: 0182 | lr=0.0001 | epoch lenth=398 | train time: 206.178 s | method mgda | TRAIN: 0.9717 0.3621 0.6396 | 0.4170 0.4170 0.1914 | 0.0985 19.7648 14.3984 0.3994 0.7019 0.8050 || TEST: 1.1782 0.3323 0.6124 | 0.6057 0.6057 0.2276 | 0.1411 24.8466 19.4440 0.2960 0.5687 0.6921 | -0.934
LOSS FORMAT: SEMANTIC_LOSS MEAN_IOU PIX_ACC | DEPTH_LOSS ABS_ERR REL_ERR | NORMAL_LOSS MEAN MED <11.25 <22.5 <30 | ∆m (test)
Epoch: 0183 | lr=0.0001 | epoch lenth=398 | train time: 192.577 s | method mgda | TRAIN: 0.9327 0.3779 0.6554 | 0.4247 0.4247 0.1934 | 0.0956 19.4153 14.0853 0.4073 0.7097 0.8115 || TEST: 1.1686 0.3409 0.6206 | 0.5970 0.5970 0.2291 | 0.1389 24.5129 18.9891 0.3058 0.5779 0.6997 | -2.481
LOSS FORMAT: SEMANTIC_LOSS MEAN_IOU PIX_ACC | DEPTH_LOSS ABS_ERR REL_ERR | NORMAL_LOSS MEAN MED <11.25 <22.5 <30 | ∆m (test)
Epoch: 0184 | lr=0.0001 | epoch lenth=398 | train time: 209.260 s | method mgda | TRAIN: 0.9518 0.3798 0.6538 | 0.4095 0.4095 0.1874 | 0.0940 19.2403 13.9186 0.4111 0.7135 0.8148 || TEST: 1.1817 0.3245 0.6132 | 0.5910 0.5910 0.2506 | 0.1377 24.2154 18.3949 0.3183 0.5895 0.7076 | -2.406
LOSS FORMAT: SEMANTIC_LOSS MEAN_IOU PIX_ACC | DEPTH_LOSS ABS_ERR REL_ERR | NORMAL_LOSS MEAN MED <11.25 <22.5 <30 | ∆m (test)
Epoch: 0185 | lr=0.0001 | epoch lenth=398 | train time: 205.436 s | method mgda | TRAIN: 0.9549 0.3731 0.6506 | 0.4103 0.4103 0.1873 | 0.0966 19.5435 14.2203 0.4042 0.7061 0.8087 || TEST: 1.1549 0.3444 0.6242 | 0.5996 0.5996 0.2323 | 0.1412 24.7248 19.0711 0.3039 0.5753 0.6963 | -2.161
LOSS FORMAT: SEMANTIC_LOSS MEAN_IOU PIX_ACC | DEPTH_LOSS ABS_ERR REL_ERR | NORMAL_LOSS MEAN MED <11.25 <22.5 <30 | ∆m (test)
Epoch: 0186 | lr=0.0001 | epoch lenth=398 | train time: 196.601 s | method mgda | TRAIN: 0.9518 0.3753 0.6575 | 0.4192 0.4192 0.1894 | 0.0944 19.2461 13.8890 0.4126 0.7145 0.8144 || TEST: 1.1874 0.3182 0.6147 | 0.5952 0.5952 0.2437 | 0.1387 24.6305 19.2466 0.2972 0.5730 0.6967 | -0.509
LOSS FORMAT: SEMANTIC_LOSS MEAN_IOU PIX_ACC | DEPTH_LOSS ABS_ERR REL_ERR | NORMAL_LOSS MEAN MED <11.25 <22.5 <30 | ∆m (test)
Epoch: 0187 | lr=0.0001 | epoch lenth=398 | train time: 275.649 s | method mgda | TRAIN: 0.9452 0.3663 0.6530 | 0.4192 0.4192 0.1969 | 0.0958 19.4550 14.1594 0.4058 0.7093 0.8113 || TEST: 1.1549 0.3305 0.6262 | 0.5772 0.5772 0.2339 | 0.1371 24.4452 18.9959 0.2992 0.5790 0.7023 | -2.261
LOSS FORMAT: SEMANTIC_LOSS MEAN_IOU PIX_ACC | DEPTH_LOSS ABS_ERR REL_ERR | NORMAL_LOSS MEAN MED <11.25 <22.5 <30 | ∆m (test)
Epoch: 0188 | lr=0.0001 | epoch lenth=398 | train time: 197.953 s | method mgda | TRAIN: 0.9481 0.3740 0.6585 | 0.4197 0.4197 0.1955 | 0.0953 19.3459 13.9963 0.4107 0.7127 0.8128 || TEST: 1.1599 0.3311 0.6295 | 0.5700 0.5700 0.2287 | 0.1396 24.4851 18.7765 0.3103 0.5817 0.7014 | -3.218
LOSS FORMAT: SEMANTIC_LOSS MEAN_IOU PIX_ACC | DEPTH_LOSS ABS_ERR REL_ERR | NORMAL_LOSS MEAN MED <11.25 <22.5 <30 | ∆m (test)
Epoch: 0189 | lr=0.0001 | epoch lenth=398 | train time: 207.147 s | method mgda | TRAIN: 0.9279 0.3772 0.6634 | 0.4283 0.4283 0.1906 | 0.0948 19.3149 13.9869 0.4102 0.7129 0.8141 || TEST: 1.1714 0.3384 0.6195 | 0.6939 0.6939 0.2510 | 0.1385 24.4331 18.8230 0.3083 0.5820 0.7021 | -0.267
LOSS FORMAT: SEMANTIC_LOSS MEAN_IOU PIX_ACC | DEPTH_LOSS ABS_ERR REL_ERR | NORMAL_LOSS MEAN MED <11.25 <22.5 <30 | ∆m (test)
Epoch: 0190 | lr=0.0001 | epoch lenth=398 | train time: 193.615 s | method mgda | TRAIN: 0.9209 0.3848 0.6609 | 0.4145 0.4145 0.1885 | 0.0938 19.2137 13.9496 0.4123 0.7141 0.8148 || TEST: 1.1668 0.3415 0.6209 | 0.5893 0.5893 0.2441 | 0.1400 24.4332 18.5227 0.3147 0.5870 0.7041 | -2.918
LOSS FORMAT: SEMANTIC_LOSS MEAN_IOU PIX_ACC | DEPTH_LOSS ABS_ERR REL_ERR | NORMAL_LOSS MEAN MED <11.25 <22.5 <30 | ∆m (test)
Epoch: 0191 | lr=0.0001 | epoch lenth=398 | train time: 207.951 s | method mgda | TRAIN: 0.9603 0.3800 0.6537 | 0.4112 0.4112 0.1901 | 0.0944 19.2073 13.8743 0.4159 0.7151 0.8144 || TEST: 1.1875 0.3093 0.6085 | 0.6009 0.6009 0.2286 | 0.1385 24.5186 19.0254 0.3035 0.5776 0.6995 | -1.192
LOSS FORMAT: SEMANTIC_LOSS MEAN_IOU PIX_ACC | DEPTH_LOSS ABS_ERR REL_ERR | NORMAL_LOSS MEAN MED <11.25 <22.5 <30 | ∆m (test)
Epoch: 0192 | lr=0.0001 | epoch lenth=398 | train time: 206.200 s | method mgda | TRAIN: 0.9312 0.3715 0.6531 | 0.4149 0.4149 0.1916 | 0.0939 19.2064 13.9411 0.4126 0.7150 0.8154 || TEST: 1.1731 0.3391 0.6248 | 0.5913 0.5913 0.2411 | 0.1392 24.4533 18.7945 0.3111 0.5811 0.7015 | -2.545
LOSS FORMAT: SEMANTIC_LOSS MEAN_IOU PIX_ACC | DEPTH_LOSS ABS_ERR REL_ERR | NORMAL_LOSS MEAN MED <11.25 <22.5 <30 | ∆m (test)
Epoch: 0193 | lr=0.0001 | epoch lenth=398 | train time: 193.810 s | method mgda | TRAIN: 0.9277 0.3826 0.6613 | 0.4006 0.4006 0.1862 | 0.0941 19.2311 13.8803 0.4110 0.7160 0.8162 || TEST: 1.1591 0.3343 0.6268 | 0.6069 0.6069 0.2564 | 0.1376 24.3153 18.6732 0.3106 0.5846 0.7045 | -1.801
LOSS FORMAT: SEMANTIC_LOSS MEAN_IOU PIX_ACC | DEPTH_LOSS ABS_ERR REL_ERR | NORMAL_LOSS MEAN MED <11.25 <22.5 <30 | ∆m (test)
Epoch: 0194 | lr=0.0001 | epoch lenth=398 | train time: 191.976 s | method mgda | TRAIN: 0.9328 0.3782 0.6604 | 0.4082 0.4082 0.1941 | 0.0937 19.1890 13.8666 0.4126 0.7154 0.8158 || TEST: 1.1447 0.3418 0.6331 | 0.5902 0.5902 0.2412 | 0.1390 24.3616 18.5560 0.3138 0.5869 0.7055 | -3.240
LOSS FORMAT: SEMANTIC_LOSS MEAN_IOU PIX_ACC | DEPTH_LOSS ABS_ERR REL_ERR | NORMAL_LOSS MEAN MED <11.25 <22.5 <30 | ∆m (test)
Epoch: 0195 | lr=0.0001 | epoch lenth=398 | train time: 192.033 s | method mgda | TRAIN: 0.9325 0.3816 0.6645 | 0.4206 0.4206 0.1906 | 0.0939 19.1889 13.8543 0.4137 0.7163 0.8164 || TEST: 1.1451 0.3433 0.6240 | 0.6948 0.6948 0.2459 | 0.1385 24.3985 18.7565 0.3103 0.5829 0.7023 | -0.825
LOSS FORMAT: SEMANTIC_LOSS MEAN_IOU PIX_ACC | DEPTH_LOSS ABS_ERR REL_ERR | NORMAL_LOSS MEAN MED <11.25 <22.5 <30 | ∆m (test)
Epoch: 0196 | lr=0.0001 | epoch lenth=398 | train time: 192.518 s | method mgda | TRAIN: 0.9014 0.3902 0.6666 | 0.4029 0.4029 0.1852 | 0.0933 19.1045 13.7861 0.4160 0.7183 0.8177 || TEST: 1.1755 0.3335 0.6200 | 0.5974 0.5974 0.2523 | 0.1437 24.9003 19.1855 0.3058 0.5722 0.6919 | -0.804
LOSS FORMAT: SEMANTIC_LOSS MEAN_IOU PIX_ACC | DEPTH_LOSS ABS_ERR REL_ERR | NORMAL_LOSS MEAN MED <11.25 <22.5 <30 | ∆m (test)
Epoch: 0197 | lr=0.0001 | epoch lenth=398 | train time: 192.762 s | method mgda | TRAIN: 0.9295 0.3815 0.6583 | 0.4184 0.4184 0.1917 | 0.0937 19.1564 13.8233 0.4153 0.7164 0.8163 || TEST: 1.1853 0.3246 0.6130 | 0.6136 0.6136 0.2353 | 0.1397 24.5188 18.8293 0.3084 0.5814 0.7015 | -1.641
LOSS FORMAT: SEMANTIC_LOSS MEAN_IOU PIX_ACC | DEPTH_LOSS ABS_ERR REL_ERR | NORMAL_LOSS MEAN MED <11.25 <22.5 <30 | ∆m (test)
Epoch: 0198 | lr=0.0001 | epoch lenth=398 | train time: 193.508 s | method mgda | TRAIN: 0.9162 0.3755 0.6570 | 0.4303 0.4303 0.1989 | 0.0907 18.8261 13.6200 0.4207 0.7248 0.8233 || TEST: 1.1653 0.3359 0.6237 | 0.5810 0.5810 0.2248 | 0.1388 24.4461 18.8353 0.3084 0.5815 0.7023 | -3.154
LOSS FORMAT: SEMANTIC_LOSS MEAN_IOU PIX_ACC | DEPTH_LOSS ABS_ERR REL_ERR | NORMAL_LOSS MEAN MED <11.25 <22.5 <30 | ∆m (test)
Epoch: 0199 | lr=0.0001 | epoch lenth=398 | train time: 193.233 s | method mgda | TRAIN: 0.9080 0.3828 0.6646 | 0.3938 0.3938 0.1805 | 0.0922 18.9498 13.6772 0.4206 0.7227 0.8204 || TEST: 1.1558 0.3196 0.6229 | 0.5650 0.5650 0.2234 | 0.1391 24.4860 18.8760 0.3080 0.5801 0.7006 | -2.876
Training finished. ['1.9930 0.8568 41.3248', '1.8644 0.8616 38.9631', '1.9409 1.1919 39.1034', '1.7472 1.0383 37.1496', '1.8118 0.8890 36.2950', '1.7790 0.8101 35.8132', '1.7543 1.0291 35.0793', '1.7222 0.7969 34.4000', '1.7897 0.8159 34.7908', '1.7053 0.7672 33.1813', '1.7436 0.8478 33.3866', '1.7112 0.8503 33.5773', '1.7160 0.8249 32.2674', '1.7065 0.7380 32.0213', '1.6462 0.7779 32.6191', '1.6731 0.7852 32.1774', '1.5937 1.1058 31.0405', '1.6168 0.7834 31.0449', '1.6267 0.7609 31.1457', '1.6139 0.7716 30.7733', '1.6059 0.7353 30.1194', '1.7033 0.7228 30.0336', '1.6182 0.8066 30.9187', '1.5579 0.7117 30.0252', '1.5623 0.7090 29.8246', '1.5981 0.7991 30.3905', '1.5377 0.7589 29.1238', '1.5400 0.7056 29.3959', '1.5709 0.8369 29.5448', '1.5091 0.7151 28.8416', '1.5456 0.7439 29.0088', '1.5175 0.8863 29.3868', '1.4881 0.8697 28.7990', '1.5092 0.7869 28.6792', '1.4992 0.7526 28.6161', '1.4643 0.7444 28.3920', '1.4843 0.6999 28.1255', '1.4929 0.8842 28.5909', '1.5023 0.7089 28.3216', '1.4775 0.7442 28.3739', '1.5627 0.8266 28.2629', '1.4475 0.7121 28.1928', '1.5001 0.8236 29.2011', '1.4218 0.6894 27.3177', '1.4656 0.7548 28.1901', '1.4247 0.7235 27.5016', '1.4183 0.6702 27.4179', '1.4210 0.7945 28.0682', '1.4370 0.7302 27.4552', '1.3684 0.6623 27.1864', '1.4691 0.6976 27.8282', '1.3783 0.6969 27.0769', '1.3937 0.6560 26.8201', '1.3872 0.6784 26.9472', '1.3719 0.6808 26.4163', '1.4250 0.7920 27.5374', '1.3635 0.7015 26.8418', '1.3838 0.7104 27.4300', '1.4229 0.6597 26.6913', '1.3736 0.6695 27.0753', '1.4335 0.6604 26.6000', '1.3425 0.6620 26.4187', '1.3646 0.7143 26.7744', '1.4920 0.6995 27.3965', '1.3456 0.6929 26.0349', '1.4067 0.6400 26.7004', '1.4344 0.7925 26.7061', '1.4038 0.8709 26.5049', '1.3582 0.6590 26.0297', '1.3388 0.6454 25.9818', '1.3176 0.6872 26.2657', '1.3203 0.6862 26.4189', '1.3301 0.6507 25.8529', '1.3417 0.6265 26.1880', '1.3236 0.6519 25.7659', '1.3361 0.7117 26.3177', '1.3923 0.7042 25.9332', '1.3321 0.6205 26.1046', '1.3625 0.6336 25.9640', '1.2682 0.6279 25.9321', '1.3130 0.6197 26.0497', '1.2788 0.6754 25.9300', '1.3010 0.6349 25.7258', '1.2706 0.6328 25.8779', '1.3560 0.6472 26.0035', '1.3166 0.6904 25.5651', '1.2779 0.6306 25.5501', '1.2850 0.6169 25.4071', '1.3260 0.7183 25.7283', '1.3062 0.6416 25.6924', '1.3113 0.7102 26.3645', '1.3005 0.6204 25.8730', '1.2895 0.7487 25.7077', '1.2685 0.6358 25.6516', '1.2789 0.6279 25.6272', '1.3375 0.6761 25.8680', '1.2433 0.6218 26.0843', '1.2850 0.6894 25.5354', '1.2444 0.6462 25.4835', '1.2752 0.6445 25.6353', '1.2549 0.6199 25.0700', '1.2065 0.5977 24.9463', '1.2470 0.6764 24.8793', '1.2471 0.6824 24.8126', '1.2056 0.6127 24.8901', '1.2261 0.6188 24.7982', '1.2067 0.6214 24.9519', '1.2065 0.6068 24.7016', '1.2081 0.5963 24.8863', '1.2233 0.6573 24.8866', '1.2166 0.6033 24.7565', '1.2326 0.6745 24.9709', '1.2166 0.6016 24.9137', '1.2501 0.6026 24.4370', '1.2150 0.5883 25.0095', '1.1928 0.6225 24.6596', '1.1898 0.5912 24.6217', '1.1960 0.5991 24.7017', '1.1845 0.6139 24.5342', '1.2150 0.6094 24.8542', '1.2164 0.6080 24.6899', '1.2152 0.6169 24.5764', '1.1962 0.6180 24.8361', '1.2092 0.6314 24.7278', '1.1834 0.6026 24.6490', '1.2188 0.6013 24.7780', '1.1868 0.6156 24.5416', '1.1904 0.6338 24.6545', '1.1858 0.6030 24.6023', '1.1989 0.6488 24.7277', '1.2034 0.5913 24.7346', '1.1987 0.6179 24.6150', '1.1882 0.5908 24.8133', '1.1788 0.6001 24.6365', '1.1903 0.6260 24.4821', '1.2324 0.6379 24.7985', '1.2040 0.6940 24.8388', '1.1920 0.5939 24.5961', '1.1976 0.6120 24.5804', '1.1841 0.5911 24.4887', '1.1504 0.6137 24.5235', '1.1739 0.6180 24.8658', '1.1722 0.6029 24.5178', '1.1903 0.5996 24.8780', '1.1779 0.5939 24.7793', '1.1947 0.6167 24.6614', '1.1832 0.6184 24.5877', '1.1864 0.6504 24.9739', '1.1997 0.6566 24.5581', '1.2274 0.6013 24.6143', '1.1568 0.6284 24.7009', '1.1630 0.5806 24.4888', '1.1568 0.6364 24.8322', '1.1588 0.6206 24.4958', '1.2086 0.6308 25.0999', '1.1914 0.6015 24.6013', '1.1654 0.6058 24.6868', '1.2071 0.5949 24.7154', '1.1742 0.5931 24.7609', '1.1851 0.5922 25.0018', '1.1843 0.6055 24.4894', '1.1752 0.5897 24.4970', '1.1824 0.5954 24.7620', '1.1958 0.6019 24.5464', '1.1836 0.5920 24.4957', '1.1789 0.5880 24.3937', '1.1799 0.5831 24.3702', '1.1925 0.5824 24.5586', '1.2500 0.6007 25.2031', '1.1839 0.5924 24.2994', '1.1406 0.5755 24.2435', '1.1628 0.5929 24.5640', '1.1459 0.5871 24.4373', '1.1413 0.5932 24.4998', '1.1739 0.6025 24.6173', '1.1642 0.6856 24.6075', '1.1565 0.6071 24.8797', '1.2413 0.6047 24.5776', '1.2196 0.6041 24.7431', '1.1756 0.5901 24.4986', '1.1694 0.5747 24.4821', '1.2398 0.5741 24.4226', '1.1782 0.6057 24.8466', '1.1686 0.5970 24.5129', '1.1817 0.5910 24.2154', '1.1549 0.5996 24.7248', '1.1874 0.5952 24.6305', '1.1549 0.5772 24.4452', '1.1599 0.5700 24.4851', '1.1714 0.6939 24.4331', '1.1668 0.5893 24.4332', '1.1875 0.6009 24.5186', '1.1731 0.5913 24.4533', '1.1591 0.6069 24.3153', '1.1447 0.5902 24.3616', '1.1451 0.6948 24.3985', '1.1755 0.5974 24.9003', '1.1853 0.6136 24.5188', '1.1653 0.5810 24.4461', '1.1558 0.5650 24.4860']
