Defaulting to user installation because normal site-packages is not writeable
Looking in indexes: https://pypi.org/simple, https://download.pytorch.org/whl/cu113
Requirement already satisfied: torch==1.12.1+cu113 in /home/mx6835/.local/lib/python3.10/site-packages (1.12.1+cu113)
Requirement already satisfied: torchvision==0.13.1+cu113 in /home/mx6835/.local/lib/python3.10/site-packages (0.13.1+cu113)
Requirement already satisfied: torchaudio==0.12.1 in /home/mx6835/.local/lib/python3.10/site-packages (0.12.1+cu113)
Requirement already satisfied: typing-extensions in /home/mx6835/.local/lib/python3.10/site-packages (from torch==1.12.1+cu113) (4.7.1)
Requirement already satisfied: pillow!=8.3.*,>=5.3.0 in /home/mx6835/.local/lib/python3.10/site-packages (from torchvision==0.13.1+cu113) (10.1.0)
Requirement already satisfied: numpy in /home/mx6835/.local/lib/python3.10/site-packages (from torchvision==0.13.1+cu113) (1.25.2)
Requirement already satisfied: requests in /home/mx6835/.local/lib/python3.10/site-packages (from torchvision==0.13.1+cu113) (2.31.0)
Requirement already satisfied: certifi>=2017.4.17 in /home/mx6835/.local/lib/python3.10/site-packages (from requests->torchvision==0.13.1+cu113) (2023.7.22)
Requirement already satisfied: idna<4,>=2.5 in /home/mx6835/.local/lib/python3.10/site-packages (from requests->torchvision==0.13.1+cu113) (3.4)
Requirement already satisfied: urllib3<3,>=1.21.1 in /home/mx6835/.local/lib/python3.10/site-packages (from requests->torchvision==0.13.1+cu113) (2.0.4)
Requirement already satisfied: charset-normalizer<4,>=2 in /home/mx6835/.local/lib/python3.10/site-packages (from requests->torchvision==0.13.1+cu113) (3.2.0)
Defaulting to user installation because normal site-packages is not writeable
Obtaining file:///home/mx6835/acdemic/MM/MTL-main
  Preparing metadata (setup.py): started
  Preparing metadata (setup.py): finished with status 'done'
Requirement already satisfied: matplotlib>=3.2.1 in /home/mx6835/.local/lib/python3.10/site-packages (from mtl==1.0.0) (3.8.0)
Requirement already satisfied: numpy>=1.18.2 in /home/mx6835/.local/lib/python3.10/site-packages (from mtl==1.0.0) (1.25.2)
Requirement already satisfied: cvxpy in /home/mx6835/.local/lib/python3.10/site-packages (from mtl==1.0.0) (1.4.3)
Requirement already satisfied: tqdm>=4.45.0 in /home/mx6835/.local/lib/python3.10/site-packages (from mtl==1.0.0) (4.66.1)
Requirement already satisfied: pandas in /home/mx6835/.local/lib/python3.10/site-packages (from mtl==1.0.0) (2.1.0)
Requirement already satisfied: scikit-learn in /home/mx6835/.local/lib/python3.10/site-packages (from mtl==1.0.0) (1.0.2)
Requirement already satisfied: seaborn in /home/mx6835/.local/lib/python3.10/site-packages (from mtl==1.0.0) (0.13.2)
Requirement already satisfied: wandb==0.12.21 in /home/mx6835/.local/lib/python3.10/site-packages (from mtl==1.0.0) (0.12.21)
Requirement already satisfied: plotly in /home/mx6835/.local/lib/python3.10/site-packages (from mtl==1.0.0) (5.20.0)
Requirement already satisfied: torch_geometric in /home/mx6835/.local/lib/python3.10/site-packages (from mtl==1.0.0) (2.5.2)
Requirement already satisfied: docker-pycreds>=0.4.0 in /home/mx6835/.local/lib/python3.10/site-packages (from wandb==0.12.21->mtl==1.0.0) (0.4.0)
Requirement already satisfied: promise<3,>=2.0 in /home/mx6835/.local/lib/python3.10/site-packages (from wandb==0.12.21->mtl==1.0.0) (2.3)
Requirement already satisfied: sentry-sdk>=1.0.0 in /home/mx6835/.local/lib/python3.10/site-packages (from wandb==0.12.21->mtl==1.0.0) (1.45.0)
Requirement already satisfied: protobuf<4.0dev,>=3.12.0 in /home/mx6835/.local/lib/python3.10/site-packages (from wandb==0.12.21->mtl==1.0.0) (3.20.3)
Requirement already satisfied: psutil>=5.0.0 in /home/mx6835/.local/lib/python3.10/site-packages (from wandb==0.12.21->mtl==1.0.0) (5.9.5)
Requirement already satisfied: six>=1.13.0 in /home/mx6835/.local/lib/python3.10/site-packages (from wandb==0.12.21->mtl==1.0.0) (1.16.0)
Requirement already satisfied: setproctitle in /home/mx6835/.local/lib/python3.10/site-packages (from wandb==0.12.21->mtl==1.0.0) (1.3.3)
Requirement already satisfied: setuptools in /home/mx6835/.local/lib/python3.10/site-packages (from wandb==0.12.21->mtl==1.0.0) (69.1.0)
Requirement already satisfied: shortuuid>=0.5.0 in /home/mx6835/.local/lib/python3.10/site-packages (from wandb==0.12.21->mtl==1.0.0) (1.0.13)
Requirement already satisfied: Click!=8.0.0,>=7.0 in /home/mx6835/.local/lib/python3.10/site-packages (from wandb==0.12.21->mtl==1.0.0) (8.1.7)
Requirement already satisfied: requests<3,>=2.0.0 in /home/mx6835/.local/lib/python3.10/site-packages (from wandb==0.12.21->mtl==1.0.0) (2.31.0)
Requirement already satisfied: PyYAML in /home/mx6835/.local/lib/python3.10/site-packages (from wandb==0.12.21->mtl==1.0.0) (6.0.1)
Requirement already satisfied: pathtools in /home/mx6835/.local/lib/python3.10/site-packages (from wandb==0.12.21->mtl==1.0.0) (0.1.2)
Requirement already satisfied: GitPython>=1.0.0 in /home/mx6835/.local/lib/python3.10/site-packages (from wandb==0.12.21->mtl==1.0.0) (3.1.43)
Requirement already satisfied: fonttools>=4.22.0 in /home/mx6835/.local/lib/python3.10/site-packages (from matplotlib>=3.2.1->mtl==1.0.0) (4.43.1)
Requirement already satisfied: packaging>=20.0 in /home/mx6835/.local/lib/python3.10/site-packages (from matplotlib>=3.2.1->mtl==1.0.0) (23.1)
Requirement already satisfied: pyparsing>=2.3.1 in /home/mx6835/.local/lib/python3.10/site-packages (from matplotlib>=3.2.1->mtl==1.0.0) (3.1.1)
Requirement already satisfied: python-dateutil>=2.7 in /home/mx6835/.local/lib/python3.10/site-packages (from matplotlib>=3.2.1->mtl==1.0.0) (2.8.2)
Requirement already satisfied: pillow>=6.2.0 in /home/mx6835/.local/lib/python3.10/site-packages (from matplotlib>=3.2.1->mtl==1.0.0) (10.1.0)
Requirement already satisfied: cycler>=0.10 in /home/mx6835/.local/lib/python3.10/site-packages (from matplotlib>=3.2.1->mtl==1.0.0) (0.12.1)
Requirement already satisfied: contourpy>=1.0.1 in /home/mx6835/.local/lib/python3.10/site-packages (from matplotlib>=3.2.1->mtl==1.0.0) (1.1.1)
Requirement already satisfied: kiwisolver>=1.0.1 in /home/mx6835/.local/lib/python3.10/site-packages (from matplotlib>=3.2.1->mtl==1.0.0) (1.4.5)
Requirement already satisfied: scs>=3.0 in /home/mx6835/.local/lib/python3.10/site-packages (from cvxpy->mtl==1.0.0) (3.2.4.post1)
Requirement already satisfied: osqp>=0.6.2 in /home/mx6835/.local/lib/python3.10/site-packages (from cvxpy->mtl==1.0.0) (0.6.5)
Requirement already satisfied: scipy>=1.1.0 in /home/mx6835/.local/lib/python3.10/site-packages (from cvxpy->mtl==1.0.0) (1.11.2)
Requirement already satisfied: ecos>=2 in /home/mx6835/.local/lib/python3.10/site-packages (from cvxpy->mtl==1.0.0) (2.0.13)
Requirement already satisfied: pybind11 in /home/mx6835/.local/lib/python3.10/site-packages (from cvxpy->mtl==1.0.0) (2.12.0)
Requirement already satisfied: clarabel>=0.5.0 in /home/mx6835/.local/lib/python3.10/site-packages (from cvxpy->mtl==1.0.0) (0.7.1)
Requirement already satisfied: tzdata>=2022.1 in /home/mx6835/.local/lib/python3.10/site-packages (from pandas->mtl==1.0.0) (2023.3)
Requirement already satisfied: pytz>=2020.1 in /home/mx6835/.local/lib/python3.10/site-packages (from pandas->mtl==1.0.0) (2023.3)
Requirement already satisfied: tenacity>=6.2.0 in /home/mx6835/.local/lib/python3.10/site-packages (from plotly->mtl==1.0.0) (8.2.3)
Requirement already satisfied: joblib>=0.11 in /home/mx6835/.local/lib/python3.10/site-packages (from scikit-learn->mtl==1.0.0) (1.3.2)
Requirement already satisfied: threadpoolctl>=2.0.0 in /home/mx6835/.local/lib/python3.10/site-packages (from scikit-learn->mtl==1.0.0) (3.2.0)
Requirement already satisfied: jinja2 in /home/mx6835/.local/lib/python3.10/site-packages (from torch_geometric->mtl==1.0.0) (3.1.2)
Requirement already satisfied: fsspec in /home/mx6835/.local/lib/python3.10/site-packages (from torch_geometric->mtl==1.0.0) (2023.6.0)
Requirement already satisfied: aiohttp in /home/mx6835/.local/lib/python3.10/site-packages (from torch_geometric->mtl==1.0.0) (3.8.5)
Requirement already satisfied: gitdb<5,>=4.0.1 in /home/mx6835/.local/lib/python3.10/site-packages (from GitPython>=1.0.0->wandb==0.12.21->mtl==1.0.0) (4.0.11)
Requirement already satisfied: qdldl in /home/mx6835/.local/lib/python3.10/site-packages (from osqp>=0.6.2->cvxpy->mtl==1.0.0) (0.1.7.post1)
Requirement already satisfied: idna<4,>=2.5 in /home/mx6835/.local/lib/python3.10/site-packages (from requests<3,>=2.0.0->wandb==0.12.21->mtl==1.0.0) (3.4)
Requirement already satisfied: charset-normalizer<4,>=2 in /home/mx6835/.local/lib/python3.10/site-packages (from requests<3,>=2.0.0->wandb==0.12.21->mtl==1.0.0) (3.2.0)
Requirement already satisfied: urllib3<3,>=1.21.1 in /home/mx6835/.local/lib/python3.10/site-packages (from requests<3,>=2.0.0->wandb==0.12.21->mtl==1.0.0) (2.0.4)
Requirement already satisfied: certifi>=2017.4.17 in /home/mx6835/.local/lib/python3.10/site-packages (from requests<3,>=2.0.0->wandb==0.12.21->mtl==1.0.0) (2023.7.22)
Requirement already satisfied: aiosignal>=1.1.2 in /home/mx6835/.local/lib/python3.10/site-packages (from aiohttp->torch_geometric->mtl==1.0.0) (1.3.1)
Requirement already satisfied: async-timeout<5.0,>=4.0.0a3 in /home/mx6835/.local/lib/python3.10/site-packages (from aiohttp->torch_geometric->mtl==1.0.0) (4.0.3)
Requirement already satisfied: multidict<7.0,>=4.5 in /home/mx6835/.local/lib/python3.10/site-packages (from aiohttp->torch_geometric->mtl==1.0.0) (6.0.4)
Requirement already satisfied: frozenlist>=1.1.1 in /home/mx6835/.local/lib/python3.10/site-packages (from aiohttp->torch_geometric->mtl==1.0.0) (1.4.0)
Requirement already satisfied: attrs>=17.3.0 in /home/mx6835/.local/lib/python3.10/site-packages (from aiohttp->torch_geometric->mtl==1.0.0) (23.1.0)
Requirement already satisfied: yarl<2.0,>=1.0 in /home/mx6835/.local/lib/python3.10/site-packages (from aiohttp->torch_geometric->mtl==1.0.0) (1.9.2)
Requirement already satisfied: MarkupSafe>=2.0 in /home/mx6835/.local/lib/python3.10/site-packages (from jinja2->torch_geometric->mtl==1.0.0) (2.1.3)
Requirement already satisfied: smmap<6,>=3.0.1 in /home/mx6835/.local/lib/python3.10/site-packages (from gitdb<5,>=4.0.1->GitPython>=1.0.0->wandb==0.12.21->mtl==1.0.0) (5.0.1)
Installing collected packages: mtl
  Attempting uninstall: mtl
    Found existing installation: mtl 1.0.0
    Uninstalling mtl-1.0.0:
      Successfully uninstalled mtl-1.0.0
  Running setup.py develop for mtl
Successfully installed mtl-1.0.0
LOSS FORMAT: SEMANTIC_LOSS MEAN_IOU PIX_ACC | DEPTH_LOSS ABS_ERR REL_ERR | NORMAL_LOSS MEAN MED <11.25 <22.5 <30 | ∆m (test)
Epoch: 0000 | lr=0.0001 | epoch lenth=398 | train time: 311.555 s | method pcgrad | TRAIN: 1.9690 0.0724 0.3363 | 0.8786 0.8786 0.4197 | 0.3691 47.2107 45.6584 0.0378 0.1458 0.2504 || TEST: 1.7995 0.0941 0.3818 | 0.8816 0.8816 0.3421 | 0.3292 44.2350 42.7617 0.0431 0.1674 0.2837 | 64.889
LOSS FORMAT: SEMANTIC_LOSS MEAN_IOU PIX_ACC | DEPTH_LOSS ABS_ERR REL_ERR | NORMAL_LOSS MEAN MED <11.25 <22.5 <30 | ∆m (test)
Epoch: 0001 | lr=0.0001 | epoch lenth=398 | train time: 194.450 s | method pcgrad | TRAIN: 1.7902 0.0918 0.3860 | 0.8248 0.8248 0.3953 | 0.3219 43.3861 41.6120 0.0497 0.1926 0.3150 || TEST: 1.7651 0.1033 0.3966 | 0.8468 0.8468 0.3443 | 0.3030 41.9695 39.9587 0.0503 0.1993 0.3296 | 59.629
LOSS FORMAT: SEMANTIC_LOSS MEAN_IOU PIX_ACC | DEPTH_LOSS ABS_ERR REL_ERR | NORMAL_LOSS MEAN MED <11.25 <22.5 <30 | ∆m (test)
Epoch: 0002 | lr=0.0001 | epoch lenth=398 | train time: 231.949 s | method pcgrad | TRAIN: 1.7338 0.1015 0.4029 | 0.8036 0.8036 0.3893 | 0.3021 41.6435 39.8301 0.0614 0.2221 0.3436 || TEST: 1.7258 0.0969 0.4054 | 1.1266 1.1266 0.3668 | 0.2868 40.5911 39.0750 0.0623 0.2225 0.3481 | 62.852
LOSS FORMAT: SEMANTIC_LOSS MEAN_IOU PIX_ACC | DEPTH_LOSS ABS_ERR REL_ERR | NORMAL_LOSS MEAN MED <11.25 <22.5 <30 | ∆m (test)
Epoch: 0003 | lr=0.0001 | epoch lenth=398 | train time: 192.870 s | method pcgrad | TRAIN: 1.7070 0.1020 0.4095 | 0.7948 0.7948 0.3809 | 0.2887 40.5125 38.6404 0.0679 0.2356 0.3605 || TEST: 1.6475 0.1177 0.4272 | 0.9157 0.9157 0.3156 | 0.2746 39.5377 38.1556 0.0688 0.2395 0.3650 | 54.509
LOSS FORMAT: SEMANTIC_LOSS MEAN_IOU PIX_ACC | DEPTH_LOSS ABS_ERR REL_ERR | NORMAL_LOSS MEAN MED <11.25 <22.5 <30 | ∆m (test)
Epoch: 0004 | lr=0.0001 | epoch lenth=398 | train time: 206.974 s | method pcgrad | TRAIN: 1.6796 0.1166 0.4276 | 0.7776 0.7776 0.3681 | 0.2776 39.4765 37.4872 0.0775 0.2532 0.3791 || TEST: 1.6866 0.1243 0.4182 | 0.8983 0.8983 0.3159 | 0.2571 37.6535 35.8383 0.0975 0.2792 0.4046 | 49.556
LOSS FORMAT: SEMANTIC_LOSS MEAN_IOU PIX_ACC | DEPTH_LOSS ABS_ERR REL_ERR | NORMAL_LOSS MEAN MED <11.25 <22.5 <30 | ∆m (test)
Epoch: 0005 | lr=0.0001 | epoch lenth=398 | train time: 206.830 s | method pcgrad | TRAIN: 1.6686 0.1222 0.4267 | 0.7743 0.7743 0.3645 | 0.2750 39.1942 37.0762 0.0803 0.2595 0.3869 || TEST: 1.6045 0.1427 0.4498 | 0.8142 0.8142 0.3030 | 0.2530 37.3181 35.2244 0.0953 0.2833 0.4133 | 45.932
LOSS FORMAT: SEMANTIC_LOSS MEAN_IOU PIX_ACC | DEPTH_LOSS ABS_ERR REL_ERR | NORMAL_LOSS MEAN MED <11.25 <22.5 <30 | ∆m (test)
Epoch: 0006 | lr=0.0001 | epoch lenth=398 | train time: 216.030 s | method pcgrad | TRAIN: 1.6249 0.1347 0.4440 | 0.7546 0.7546 0.3589 | 0.2683 38.4731 36.2410 0.0920 0.2745 0.4013 || TEST: 1.6269 0.1332 0.4430 | 0.9500 0.9500 0.3213 | 0.2483 36.6833 34.5010 0.1110 0.3023 0.4292 | 47.386
LOSS FORMAT: SEMANTIC_LOSS MEAN_IOU PIX_ACC | DEPTH_LOSS ABS_ERR REL_ERR | NORMAL_LOSS MEAN MED <11.25 <22.5 <30 | ∆m (test)
Epoch: 0007 | lr=0.0001 | epoch lenth=398 | train time: 187.241 s | method pcgrad | TRAIN: 1.6079 0.1319 0.4475 | 0.7420 0.7420 0.3495 | 0.2659 38.1700 35.9978 0.1002 0.2827 0.4065 || TEST: 1.5516 0.1482 0.4699 | 0.7722 0.7722 0.3413 | 0.2417 36.0655 33.7258 0.1162 0.3118 0.4399 | 43.090
LOSS FORMAT: SEMANTIC_LOSS MEAN_IOU PIX_ACC | DEPTH_LOSS ABS_ERR REL_ERR | NORMAL_LOSS MEAN MED <11.25 <22.5 <30 | ∆m (test)
Epoch: 0008 | lr=0.0001 | epoch lenth=398 | train time: 195.422 s | method pcgrad | TRAIN: 1.5922 0.1415 0.4606 | 0.7566 0.7566 0.3593 | 0.2596 37.5428 35.0240 0.1055 0.2944 0.4217 || TEST: 1.5910 0.1392 0.4569 | 0.8412 0.8412 0.2996 | 0.2446 36.5476 34.5047 0.1033 0.2957 0.4258 | 44.720
LOSS FORMAT: SEMANTIC_LOSS MEAN_IOU PIX_ACC | DEPTH_LOSS ABS_ERR REL_ERR | NORMAL_LOSS MEAN MED <11.25 <22.5 <30 | ∆m (test)
Epoch: 0009 | lr=0.0001 | epoch lenth=398 | train time: 184.054 s | method pcgrad | TRAIN: 1.5898 0.1381 0.4574 | 0.7516 0.7516 0.3523 | 0.2584 37.4515 35.0543 0.1071 0.2938 0.4210 || TEST: 1.5169 0.1546 0.4822 | 0.7373 0.7373 0.2922 | 0.2309 34.8069 32.1297 0.1413 0.3386 0.4662 | 36.802
LOSS FORMAT: SEMANTIC_LOSS MEAN_IOU PIX_ACC | DEPTH_LOSS ABS_ERR REL_ERR | NORMAL_LOSS MEAN MED <11.25 <22.5 <30 | ∆m (test)
Epoch: 0010 | lr=0.0001 | epoch lenth=398 | train time: 187.104 s | method pcgrad | TRAIN: 1.5593 0.1488 0.4746 | 0.7287 0.7287 0.3417 | 0.2520 36.7174 34.0089 0.1186 0.3124 0.4398 || TEST: 1.5412 0.1604 0.4710 | 0.7428 0.7428 0.2869 | 0.2360 35.4780 32.7536 0.1197 0.3255 0.4577 | 38.556
LOSS FORMAT: SEMANTIC_LOSS MEAN_IOU PIX_ACC | DEPTH_LOSS ABS_ERR REL_ERR | NORMAL_LOSS MEAN MED <11.25 <22.5 <30 | ∆m (test)
Epoch: 0011 | lr=0.0001 | epoch lenth=398 | train time: 187.572 s | method pcgrad | TRAIN: 1.5507 0.1539 0.4712 | 0.7207 0.7207 0.3383 | 0.2487 36.3978 33.6591 0.1232 0.3176 0.4449 || TEST: 1.4996 0.1772 0.4873 | 0.7436 0.7436 0.3000 | 0.2340 35.2482 32.5634 0.1256 0.3332 0.4596 | 37.710
LOSS FORMAT: SEMANTIC_LOSS MEAN_IOU PIX_ACC | DEPTH_LOSS ABS_ERR REL_ERR | NORMAL_LOSS MEAN MED <11.25 <22.5 <30 | ∆m (test)
Epoch: 0012 | lr=0.0001 | epoch lenth=398 | train time: 199.735 s | method pcgrad | TRAIN: 1.5178 0.1667 0.4846 | 0.7182 0.7182 0.3391 | 0.2448 36.0399 33.2188 0.1253 0.3241 0.4519 || TEST: 1.5037 0.1680 0.4849 | 0.7140 0.7140 0.2759 | 0.2283 34.5331 31.9071 0.1478 0.3438 0.4701 | 34.680
LOSS FORMAT: SEMANTIC_LOSS MEAN_IOU PIX_ACC | DEPTH_LOSS ABS_ERR REL_ERR | NORMAL_LOSS MEAN MED <11.25 <22.5 <30 | ∆m (test)
Epoch: 0013 | lr=0.0001 | epoch lenth=398 | train time: 213.439 s | method pcgrad | TRAIN: 1.5095 0.1637 0.4856 | 0.7214 0.7214 0.3387 | 0.2394 35.4915 32.4757 0.1323 0.3345 0.4625 || TEST: 1.5507 0.1508 0.4726 | 0.7177 0.7177 0.3057 | 0.2310 34.1837 30.9768 0.1795 0.3729 0.4869 | 33.941
LOSS FORMAT: SEMANTIC_LOSS MEAN_IOU PIX_ACC | DEPTH_LOSS ABS_ERR REL_ERR | NORMAL_LOSS MEAN MED <11.25 <22.5 <30 | ∆m (test)
Epoch: 0014 | lr=0.0001 | epoch lenth=398 | train time: 223.555 s | method pcgrad | TRAIN: 1.5094 0.1569 0.4807 | 0.7002 0.7002 0.3334 | 0.2407 35.6491 32.6273 0.1290 0.3306 0.4592 || TEST: 1.4707 0.1864 0.4996 | 0.7171 0.7171 0.3062 | 0.2147 33.2983 30.3189 0.1529 0.3658 0.4972 | 32.630
LOSS FORMAT: SEMANTIC_LOSS MEAN_IOU PIX_ACC | DEPTH_LOSS ABS_ERR REL_ERR | NORMAL_LOSS MEAN MED <11.25 <22.5 <30 | ∆m (test)
Epoch: 0015 | lr=0.0001 | epoch lenth=398 | train time: 193.866 s | method pcgrad | TRAIN: 1.4830 0.1788 0.4965 | 0.6959 0.6959 0.3293 | 0.2378 35.3506 32.3690 0.1336 0.3357 0.4652 || TEST: 1.4304 0.1933 0.5073 | 0.7293 0.7293 0.2750 | 0.2128 33.0758 30.1020 0.1576 0.3699 0.5005 | 30.718
LOSS FORMAT: SEMANTIC_LOSS MEAN_IOU PIX_ACC | DEPTH_LOSS ABS_ERR REL_ERR | NORMAL_LOSS MEAN MED <11.25 <22.5 <30 | ∆m (test)
Epoch: 0016 | lr=0.0001 | epoch lenth=398 | train time: 236.512 s | method pcgrad | TRAIN: 1.4663 0.1869 0.5046 | 0.6982 0.6982 0.3320 | 0.2341 34.9518 31.7661 0.1393 0.3449 0.4744 || TEST: 1.4801 0.1793 0.4932 | 0.7150 0.7150 0.2790 | 0.2151 33.0499 29.9232 0.1721 0.3786 0.5031 | 30.436
LOSS FORMAT: SEMANTIC_LOSS MEAN_IOU PIX_ACC | DEPTH_LOSS ABS_ERR REL_ERR | NORMAL_LOSS MEAN MED <11.25 <22.5 <30 | ∆m (test)
Epoch: 0017 | lr=0.0001 | epoch lenth=398 | train time: 270.829 s | method pcgrad | TRAIN: 1.4465 0.1790 0.5019 | 0.6942 0.6942 0.3218 | 0.2310 34.6800 31.4945 0.1404 0.3487 0.4795 || TEST: 1.4366 0.1835 0.5078 | 0.7094 0.7094 0.2916 | 0.2109 32.9823 30.3240 0.1597 0.3672 0.4960 | 31.464
LOSS FORMAT: SEMANTIC_LOSS MEAN_IOU PIX_ACC | DEPTH_LOSS ABS_ERR REL_ERR | NORMAL_LOSS MEAN MED <11.25 <22.5 <30 | ∆m (test)
Epoch: 0018 | lr=0.0001 | epoch lenth=398 | train time: 185.307 s | method pcgrad | TRAIN: 1.4457 0.1857 0.5076 | 0.6753 0.6753 0.3162 | 0.2288 34.3909 31.0762 0.1460 0.3566 0.4868 || TEST: 1.4398 0.1999 0.5111 | 0.7176 0.7176 0.2708 | 0.2084 32.6380 29.3245 0.1590 0.3818 0.5128 | 28.977
LOSS FORMAT: SEMANTIC_LOSS MEAN_IOU PIX_ACC | DEPTH_LOSS ABS_ERR REL_ERR | NORMAL_LOSS MEAN MED <11.25 <22.5 <30 | ∆m (test)
Epoch: 0019 | lr=0.0001 | epoch lenth=398 | train time: 195.345 s | method pcgrad | TRAIN: 1.4277 0.1955 0.5144 | 0.6683 0.6683 0.3158 | 0.2284 34.3372 30.8950 0.1455 0.3589 0.4895 || TEST: 1.4087 0.2067 0.5192 | 0.7066 0.7066 0.2813 | 0.2109 32.9941 29.9761 0.1522 0.3723 0.5027 | 30.011
LOSS FORMAT: SEMANTIC_LOSS MEAN_IOU PIX_ACC | DEPTH_LOSS ABS_ERR REL_ERR | NORMAL_LOSS MEAN MED <11.25 <22.5 <30 | ∆m (test)
Epoch: 0020 | lr=0.0001 | epoch lenth=398 | train time: 188.563 s | method pcgrad | TRAIN: 1.4181 0.2023 0.5198 | 0.6556 0.6556 0.3137 | 0.2279 34.3332 30.8851 0.1447 0.3565 0.4883 || TEST: 1.4323 0.2035 0.5174 | 0.7316 0.7316 0.3174 | 0.2104 32.8820 29.6881 0.1539 0.3778 0.5085 | 31.511
LOSS FORMAT: SEMANTIC_LOSS MEAN_IOU PIX_ACC | DEPTH_LOSS ABS_ERR REL_ERR | NORMAL_LOSS MEAN MED <11.25 <22.5 <30 | ∆m (test)
Epoch: 0021 | lr=0.0001 | epoch lenth=398 | train time: 183.928 s | method pcgrad | TRAIN: 1.3979 0.2032 0.5214 | 0.6713 0.6713 0.3181 | 0.2249 34.0166 30.5702 0.1503 0.3626 0.4942 || TEST: 1.3853 0.2223 0.5312 | 0.7681 0.7681 0.2742 | 0.2085 32.2564 28.6725 0.1848 0.4014 0.5245 | 26.876
LOSS FORMAT: SEMANTIC_LOSS MEAN_IOU PIX_ACC | DEPTH_LOSS ABS_ERR REL_ERR | NORMAL_LOSS MEAN MED <11.25 <22.5 <30 | ∆m (test)
Epoch: 0022 | lr=0.0001 | epoch lenth=398 | train time: 184.020 s | method pcgrad | TRAIN: 1.3742 0.2188 0.5346 | 0.6342 0.6342 0.2992 | 0.2199 33.4803 29.9332 0.1593 0.3741 0.5042 || TEST: 1.3658 0.2354 0.5385 | 0.6591 0.6591 0.2721 | 0.1994 31.5464 28.0722 0.1857 0.4065 0.5339 | 23.546
LOSS FORMAT: SEMANTIC_LOSS MEAN_IOU PIX_ACC | DEPTH_LOSS ABS_ERR REL_ERR | NORMAL_LOSS MEAN MED <11.25 <22.5 <30 | ∆m (test)
Epoch: 0023 | lr=0.0001 | epoch lenth=398 | train time: 184.535 s | method pcgrad | TRAIN: 1.3659 0.2271 0.5382 | 0.6247 0.6247 0.2968 | 0.2183 33.3387 29.6498 0.1582 0.3766 0.5091 || TEST: 1.3602 0.2237 0.5365 | 0.6795 0.6795 0.2818 | 0.1995 31.5751 27.9998 0.1822 0.4044 0.5355 | 24.764
LOSS FORMAT: SEMANTIC_LOSS MEAN_IOU PIX_ACC | DEPTH_LOSS ABS_ERR REL_ERR | NORMAL_LOSS MEAN MED <11.25 <22.5 <30 | ∆m (test)
Epoch: 0024 | lr=0.0001 | epoch lenth=398 | train time: 223.247 s | method pcgrad | TRAIN: 1.3553 0.2237 0.5387 | 0.6155 0.6155 0.2958 | 0.2192 33.4105 29.7091 0.1576 0.3770 0.5083 || TEST: 1.4026 0.2237 0.5214 | 0.7040 0.7040 0.2982 | 0.1982 31.6422 28.3878 0.1745 0.3976 0.5289 | 26.858
LOSS FORMAT: SEMANTIC_LOSS MEAN_IOU PIX_ACC | DEPTH_LOSS ABS_ERR REL_ERR | NORMAL_LOSS MEAN MED <11.25 <22.5 <30 | ∆m (test)
Epoch: 0025 | lr=0.0001 | epoch lenth=398 | train time: 208.692 s | method pcgrad | TRAIN: 1.3358 0.2283 0.5355 | 0.6185 0.6185 0.2905 | 0.2162 33.1466 29.4945 0.1606 0.3804 0.5123 || TEST: 1.3476 0.2330 0.5440 | 0.7194 0.7194 0.3104 | 0.1952 31.4915 28.0035 0.1625 0.4017 0.5366 | 26.886
LOSS FORMAT: SEMANTIC_LOSS MEAN_IOU PIX_ACC | DEPTH_LOSS ABS_ERR REL_ERR | NORMAL_LOSS MEAN MED <11.25 <22.5 <30 | ∆m (test)
Epoch: 0026 | lr=0.0001 | epoch lenth=398 | train time: 194.121 s | method pcgrad | TRAIN: 1.3090 0.2394 0.5522 | 0.6251 0.6251 0.2947 | 0.2125 32.7963 29.1022 0.1643 0.3852 0.5181 || TEST: 1.3397 0.2441 0.5438 | 0.6818 0.6818 0.2793 | 0.2012 31.8469 28.2476 0.1705 0.4011 0.5323 | 24.788
LOSS FORMAT: SEMANTIC_LOSS MEAN_IOU PIX_ACC | DEPTH_LOSS ABS_ERR REL_ERR | NORMAL_LOSS MEAN MED <11.25 <22.5 <30 | ∆m (test)
Epoch: 0027 | lr=0.0001 | epoch lenth=398 | train time: 193.332 s | method pcgrad | TRAIN: 1.2961 0.2460 0.5537 | 0.6149 0.6149 0.2897 | 0.2118 32.6682 28.9101 0.1679 0.3902 0.5222 || TEST: 1.3218 0.2590 0.5503 | 0.6884 0.6884 0.2682 | 0.1934 31.0792 27.6383 0.1847 0.4107 0.5414 | 22.359
LOSS FORMAT: SEMANTIC_LOSS MEAN_IOU PIX_ACC | DEPTH_LOSS ABS_ERR REL_ERR | NORMAL_LOSS MEAN MED <11.25 <22.5 <30 | ∆m (test)
Epoch: 0028 | lr=0.0001 | epoch lenth=398 | train time: 188.594 s | method pcgrad | TRAIN: 1.2865 0.2586 0.5594 | 0.5960 0.5960 0.2768 | 0.2086 32.3452 28.5531 0.1721 0.3953 0.5282 || TEST: 1.3048 0.2447 0.5603 | 0.6800 0.6800 0.2903 | 0.1962 31.2424 27.8531 0.1894 0.4103 0.5383 | 23.424
LOSS FORMAT: SEMANTIC_LOSS MEAN_IOU PIX_ACC | DEPTH_LOSS ABS_ERR REL_ERR | NORMAL_LOSS MEAN MED <11.25 <22.5 <30 | ∆m (test)
Epoch: 0029 | lr=0.0001 | epoch lenth=398 | train time: 202.517 s | method pcgrad | TRAIN: 1.2659 0.2563 0.5670 | 0.5807 0.5807 0.2723 | 0.2107 32.5075 28.6195 0.1719 0.3951 0.5265 || TEST: 1.2814 0.2731 0.5644 | 0.6488 0.6488 0.2683 | 0.1945 31.2319 28.0070 0.1841 0.4059 0.5346 | 21.563
LOSS FORMAT: SEMANTIC_LOSS MEAN_IOU PIX_ACC | DEPTH_LOSS ABS_ERR REL_ERR | NORMAL_LOSS MEAN MED <11.25 <22.5 <30 | ∆m (test)
Epoch: 0030 | lr=0.0001 | epoch lenth=398 | train time: 196.928 s | method pcgrad | TRAIN: 1.2596 0.2726 0.5710 | 0.5887 0.5887 0.2760 | 0.2088 32.3381 28.4741 0.1738 0.3966 0.5292 || TEST: 1.2715 0.2772 0.5686 | 0.6513 0.6513 0.2524 | 0.1919 30.8274 27.3419 0.1938 0.4175 0.5468 | 19.433
LOSS FORMAT: SEMANTIC_LOSS MEAN_IOU PIX_ACC | DEPTH_LOSS ABS_ERR REL_ERR | NORMAL_LOSS MEAN MED <11.25 <22.5 <30 | ∆m (test)
Epoch: 0031 | lr=0.0001 | epoch lenth=398 | train time: 195.330 s | method pcgrad | TRAIN: 1.2517 0.2782 0.5738 | 0.5795 0.5795 0.2767 | 0.2081 32.2490 28.3604 0.1752 0.3994 0.5316 || TEST: 1.3297 0.2581 0.5519 | 0.6752 0.6752 0.2913 | 0.1907 30.9538 27.6275 0.1792 0.4087 0.5422 | 23.230
LOSS FORMAT: SEMANTIC_LOSS MEAN_IOU PIX_ACC | DEPTH_LOSS ABS_ERR REL_ERR | NORMAL_LOSS MEAN MED <11.25 <22.5 <30 | ∆m (test)
Epoch: 0032 | lr=0.0001 | epoch lenth=398 | train time: 241.083 s | method pcgrad | TRAIN: 1.2337 0.2714 0.5676 | 0.5778 0.5778 0.2719 | 0.2045 31.9030 28.0358 0.1794 0.4047 0.5376 || TEST: 1.2662 0.2864 0.5716 | 0.6523 0.6523 0.2622 | 0.1883 30.6111 27.2217 0.1884 0.4171 0.5501 | 19.510
LOSS FORMAT: SEMANTIC_LOSS MEAN_IOU PIX_ACC | DEPTH_LOSS ABS_ERR REL_ERR | NORMAL_LOSS MEAN MED <11.25 <22.5 <30 | ∆m (test)
Epoch: 0033 | lr=0.0001 | epoch lenth=398 | train time: 302.181 s | method pcgrad | TRAIN: 1.2291 0.2856 0.5797 | 0.5561 0.5561 0.2620 | 0.2053 31.9753 28.0890 0.1789 0.4042 0.5365 || TEST: 1.3128 0.2480 0.5577 | 0.6854 0.6854 0.2936 | 0.1886 30.4833 26.9052 0.1970 0.4232 0.5544 | 21.921
LOSS FORMAT: SEMANTIC_LOSS MEAN_IOU PIX_ACC | DEPTH_LOSS ABS_ERR REL_ERR | NORMAL_LOSS MEAN MED <11.25 <22.5 <30 | ∆m (test)
Epoch: 0034 | lr=0.0001 | epoch lenth=398 | train time: 221.829 s | method pcgrad | TRAIN: 1.2130 0.2726 0.5769 | 0.5423 0.5423 0.2558 | 0.2027 31.7207 27.7353 0.1813 0.4093 0.5420 || TEST: 1.2528 0.2730 0.5766 | 0.6337 0.6337 0.2679 | 0.1912 30.7361 27.1079 0.1926 0.4212 0.5514 | 19.467
LOSS FORMAT: SEMANTIC_LOSS MEAN_IOU PIX_ACC | DEPTH_LOSS ABS_ERR REL_ERR | NORMAL_LOSS MEAN MED <11.25 <22.5 <30 | ∆m (test)
Epoch: 0035 | lr=0.0001 | epoch lenth=398 | train time: 224.565 s | method pcgrad | TRAIN: 1.2007 0.2885 0.5876 | 0.5566 0.5566 0.2626 | 0.2026 31.7050 27.6953 0.1806 0.4093 0.5430 || TEST: 1.3338 0.2451 0.5522 | 0.6863 0.6863 0.2848 | 0.1940 31.0798 27.4500 0.1845 0.4133 0.5456 | 23.137
LOSS FORMAT: SEMANTIC_LOSS MEAN_IOU PIX_ACC | DEPTH_LOSS ABS_ERR REL_ERR | NORMAL_LOSS MEAN MED <11.25 <22.5 <30 | ∆m (test)
Epoch: 0036 | lr=0.0001 | epoch lenth=398 | train time: 213.027 s | method pcgrad | TRAIN: 1.2084 0.2743 0.5751 | 0.5448 0.5448 0.2579 | 0.2012 31.5371 27.4834 0.1847 0.4135 0.5467 || TEST: 1.2315 0.2738 0.5904 | 0.7094 0.7094 0.2536 | 0.1888 30.6578 27.2837 0.1883 0.4155 0.5493 | 20.246
LOSS FORMAT: SEMANTIC_LOSS MEAN_IOU PIX_ACC | DEPTH_LOSS ABS_ERR REL_ERR | NORMAL_LOSS MEAN MED <11.25 <22.5 <30 | ∆m (test)
Epoch: 0037 | lr=0.0001 | epoch lenth=398 | train time: 212.742 s | method pcgrad | TRAIN: 1.1760 0.2961 0.5998 | 0.5449 0.5449 0.2535 | 0.1987 31.3375 27.1921 0.1829 0.4178 0.5519 || TEST: 1.2614 0.2904 0.5858 | 0.7469 0.7469 0.3301 | 0.1913 30.5286 26.3666 0.2015 0.4358 0.5631 | 21.830
LOSS FORMAT: SEMANTIC_LOSS MEAN_IOU PIX_ACC | DEPTH_LOSS ABS_ERR REL_ERR | NORMAL_LOSS MEAN MED <11.25 <22.5 <30 | ∆m (test)
Epoch: 0038 | lr=0.0001 | epoch lenth=398 | train time: 197.373 s | method pcgrad | TRAIN: 1.1810 0.3044 0.5963 | 0.5462 0.5462 0.2570 | 0.1994 31.3725 27.3461 0.1874 0.4164 0.5481 || TEST: 1.2330 0.2804 0.5887 | 0.6220 0.6220 0.2443 | 0.1878 30.4795 26.9174 0.1928 0.4213 0.5547 | 17.621
LOSS FORMAT: SEMANTIC_LOSS MEAN_IOU PIX_ACC | DEPTH_LOSS ABS_ERR REL_ERR | NORMAL_LOSS MEAN MED <11.25 <22.5 <30 | ∆m (test)
Epoch: 0039 | lr=0.0001 | epoch lenth=398 | train time: 200.433 s | method pcgrad | TRAIN: 1.1595 0.3039 0.6006 | 0.5370 0.5370 0.2514 | 0.1976 31.1818 27.0797 0.1895 0.4192 0.5521 || TEST: 1.2831 0.2771 0.5775 | 0.7589 0.7589 0.2811 | 0.1862 30.4396 26.8099 0.1833 0.4226 0.5574 | 21.837
LOSS FORMAT: SEMANTIC_LOSS MEAN_IOU PIX_ACC | DEPTH_LOSS ABS_ERR REL_ERR | NORMAL_LOSS MEAN MED <11.25 <22.5 <30 | ∆m (test)
Epoch: 0040 | lr=0.0001 | epoch lenth=398 | train time: 224.118 s | method pcgrad | TRAIN: 1.1539 0.3018 0.5971 | 0.5374 0.5374 0.2538 | 0.1969 31.1103 27.0057 0.1884 0.4222 0.5559 || TEST: 1.2513 0.2883 0.5813 | 0.6454 0.6454 0.2561 | 0.1811 30.0087 26.3115 0.1831 0.4294 0.5677 | 17.810
LOSS FORMAT: SEMANTIC_LOSS MEAN_IOU PIX_ACC | DEPTH_LOSS ABS_ERR REL_ERR | NORMAL_LOSS MEAN MED <11.25 <22.5 <30 | ∆m (test)
Epoch: 0041 | lr=0.0001 | epoch lenth=398 | train time: 196.467 s | method pcgrad | TRAIN: 1.1456 0.3153 0.6022 | 0.5156 0.5156 0.2434 | 0.1956 30.9753 26.7442 0.1885 0.4251 0.5603 || TEST: 1.2438 0.2847 0.5869 | 0.6323 0.6323 0.2553 | 0.1836 30.2137 26.7124 0.1869 0.4239 0.5598 | 17.984
LOSS FORMAT: SEMANTIC_LOSS MEAN_IOU PIX_ACC | DEPTH_LOSS ABS_ERR REL_ERR | NORMAL_LOSS MEAN MED <11.25 <22.5 <30 | ∆m (test)
Epoch: 0042 | lr=0.0001 | epoch lenth=398 | train time: 189.923 s | method pcgrad | TRAIN: 1.1108 0.3170 0.6097 | 0.5105 0.5105 0.2420 | 0.1938 30.8127 26.5593 0.1919 0.4277 0.5619 || TEST: 1.2307 0.2963 0.5947 | 0.6686 0.6686 0.2747 | 0.1814 29.8775 26.2405 0.1982 0.4332 0.5670 | 17.745
LOSS FORMAT: SEMANTIC_LOSS MEAN_IOU PIX_ACC | DEPTH_LOSS ABS_ERR REL_ERR | NORMAL_LOSS MEAN MED <11.25 <22.5 <30 | ∆m (test)
Epoch: 0043 | lr=0.0001 | epoch lenth=398 | train time: 219.721 s | method pcgrad | TRAIN: 1.0885 0.3231 0.6169 | 0.5256 0.5256 0.2486 | 0.1936 30.7130 26.4555 0.1958 0.4318 0.5649 || TEST: 1.2245 0.2957 0.5953 | 0.6341 0.6341 0.2718 | 0.1828 29.9602 26.0437 0.1952 0.4370 0.5703 | 16.979
LOSS FORMAT: SEMANTIC_LOSS MEAN_IOU PIX_ACC | DEPTH_LOSS ABS_ERR REL_ERR | NORMAL_LOSS MEAN MED <11.25 <22.5 <30 | ∆m (test)
Epoch: 0044 | lr=0.0001 | epoch lenth=398 | train time: 218.868 s | method pcgrad | TRAIN: 1.1013 0.3251 0.6164 | 0.5229 0.5229 0.2469 | 0.1926 30.6482 26.3441 0.1951 0.4326 0.5662 || TEST: 1.2345 0.2892 0.5866 | 0.6125 0.6125 0.2473 | 0.1855 30.1423 26.2215 0.1983 0.4339 0.5665 | 16.174
LOSS FORMAT: SEMANTIC_LOSS MEAN_IOU PIX_ACC | DEPTH_LOSS ABS_ERR REL_ERR | NORMAL_LOSS MEAN MED <11.25 <22.5 <30 | ∆m (test)
Epoch: 0045 | lr=0.0001 | epoch lenth=398 | train time: 196.532 s | method pcgrad | TRAIN: 1.0840 0.3236 0.6142 | 0.5115 0.5115 0.2410 | 0.1913 30.4736 26.0996 0.1985 0.4378 0.5709 || TEST: 1.2244 0.3155 0.5948 | 0.6292 0.6292 0.2479 | 0.1798 29.7856 26.0488 0.1932 0.4352 0.5704 | 15.411
LOSS FORMAT: SEMANTIC_LOSS MEAN_IOU PIX_ACC | DEPTH_LOSS ABS_ERR REL_ERR | NORMAL_LOSS MEAN MED <11.25 <22.5 <30 | ∆m (test)
Epoch: 0046 | lr=0.0001 | epoch lenth=398 | train time: 200.955 s | method pcgrad | TRAIN: 1.0822 0.3384 0.6183 | 0.4908 0.4908 0.2376 | 0.1916 30.5231 26.1814 0.1973 0.4354 0.5693 || TEST: 1.1826 0.3138 0.6084 | 0.7020 0.7020 0.2493 | 0.1826 30.2367 26.7648 0.1797 0.4211 0.5593 | 18.040
LOSS FORMAT: SEMANTIC_LOSS MEAN_IOU PIX_ACC | DEPTH_LOSS ABS_ERR REL_ERR | NORMAL_LOSS MEAN MED <11.25 <22.5 <30 | ∆m (test)
Epoch: 0047 | lr=0.0001 | epoch lenth=398 | train time: 190.343 s | method pcgrad | TRAIN: 1.0704 0.3423 0.6271 | 0.5079 0.5079 0.2416 | 0.1899 30.3548 25.9439 0.1994 0.4386 0.5732 || TEST: 1.1978 0.3145 0.6023 | 0.6570 0.6570 0.2811 | 0.1794 29.7078 26.1077 0.1988 0.4346 0.5695 | 16.915
LOSS FORMAT: SEMANTIC_LOSS MEAN_IOU PIX_ACC | DEPTH_LOSS ABS_ERR REL_ERR | NORMAL_LOSS MEAN MED <11.25 <22.5 <30 | ∆m (test)
Epoch: 0048 | lr=0.0001 | epoch lenth=398 | train time: 214.847 s | method pcgrad | TRAIN: 1.0405 0.3484 0.6311 | 0.4972 0.4972 0.2369 | 0.1900 30.3534 26.0209 0.2002 0.4391 0.5726 || TEST: 1.1883 0.3002 0.6087 | 0.6407 0.6407 0.2816 | 0.1791 29.3585 25.3036 0.2164 0.4524 0.5820 | 15.153
LOSS FORMAT: SEMANTIC_LOSS MEAN_IOU PIX_ACC | DEPTH_LOSS ABS_ERR REL_ERR | NORMAL_LOSS MEAN MED <11.25 <22.5 <30 | ∆m (test)
Epoch: 0049 | lr=0.0001 | epoch lenth=398 | train time: 270.735 s | method pcgrad | TRAIN: 1.0509 0.3381 0.6298 | 0.4891 0.4891 0.2320 | 0.1890 30.2351 25.7567 0.2014 0.4430 0.5766 || TEST: 1.2236 0.2925 0.5918 | 0.6490 0.6490 0.2492 | 0.1786 29.5214 25.5638 0.2015 0.4449 0.5798 | 15.465
LOSS FORMAT: SEMANTIC_LOSS MEAN_IOU PIX_ACC | DEPTH_LOSS ABS_ERR REL_ERR | NORMAL_LOSS MEAN MED <11.25 <22.5 <30 | ∆m (test)
Epoch: 0050 | lr=0.0001 | epoch lenth=398 | train time: 193.711 s | method pcgrad | TRAIN: 1.0322 0.3422 0.6269 | 0.4946 0.4946 0.2346 | 0.1880 30.1312 25.7294 0.2037 0.4446 0.5775 || TEST: 1.2345 0.2984 0.5918 | 0.6103 0.6103 0.2469 | 0.1815 29.9897 26.5234 0.1911 0.4276 0.5639 | 16.303
LOSS FORMAT: SEMANTIC_LOSS MEAN_IOU PIX_ACC | DEPTH_LOSS ABS_ERR REL_ERR | NORMAL_LOSS MEAN MED <11.25 <22.5 <30 | ∆m (test)
Epoch: 0051 | lr=0.0001 | epoch lenth=398 | train time: 197.766 s | method pcgrad | TRAIN: 1.0455 0.3400 0.6240 | 0.4894 0.4894 0.2311 | 0.1880 30.1384 25.7408 0.2032 0.4434 0.5778 || TEST: 1.2248 0.3196 0.5880 | 0.6056 0.6056 0.2379 | 0.1742 29.0457 25.1873 0.2135 0.4527 0.5848 | 12.472
LOSS FORMAT: SEMANTIC_LOSS MEAN_IOU PIX_ACC | DEPTH_LOSS ABS_ERR REL_ERR | NORMAL_LOSS MEAN MED <11.25 <22.5 <30 | ∆m (test)
Epoch: 0052 | lr=0.0001 | epoch lenth=398 | train time: 193.719 s | method pcgrad | TRAIN: 1.0118 0.3542 0.6284 | 0.4845 0.4845 0.2276 | 0.1873 30.0798 25.7355 0.2030 0.4440 0.5788 || TEST: 1.2266 0.3078 0.5864 | 0.6172 0.6172 0.2401 | 0.1860 30.4833 27.0314 0.1814 0.4179 0.5545 | 17.176
LOSS FORMAT: SEMANTIC_LOSS MEAN_IOU PIX_ACC | DEPTH_LOSS ABS_ERR REL_ERR | NORMAL_LOSS MEAN MED <11.25 <22.5 <30 | ∆m (test)
Epoch: 0053 | lr=0.0001 | epoch lenth=398 | train time: 192.230 s | method pcgrad | TRAIN: 1.0050 0.3532 0.6295 | 0.4790 0.4790 0.2249 | 0.1859 29.9158 25.4298 0.2062 0.4484 0.5821 || TEST: 1.1777 0.3223 0.6089 | 0.6234 0.6234 0.2699 | 0.1764 29.1966 25.2031 0.2126 0.4523 0.5842 | 13.730
LOSS FORMAT: SEMANTIC_LOSS MEAN_IOU PIX_ACC | DEPTH_LOSS ABS_ERR REL_ERR | NORMAL_LOSS MEAN MED <11.25 <22.5 <30 | ∆m (test)
Epoch: 0054 | lr=0.0001 | epoch lenth=398 | train time: 211.493 s | method pcgrad | TRAIN: 1.0064 0.3603 0.6398 | 0.4742 0.4742 0.2247 | 0.1839 29.7538 25.2838 0.2056 0.4500 0.5851 || TEST: 1.2310 0.3084 0.6040 | 0.6480 0.6480 0.2841 | 0.1757 29.0952 24.9468 0.2129 0.4564 0.5899 | 14.816
LOSS FORMAT: SEMANTIC_LOSS MEAN_IOU PIX_ACC | DEPTH_LOSS ABS_ERR REL_ERR | NORMAL_LOSS MEAN MED <11.25 <22.5 <30 | ∆m (test)
Epoch: 0055 | lr=0.0001 | epoch lenth=398 | train time: 210.289 s | method pcgrad | TRAIN: 0.9807 0.3604 0.6422 | 0.4781 0.4781 0.2251 | 0.1831 29.6113 25.0872 0.2109 0.4548 0.5892 || TEST: 1.1942 0.3219 0.6101 | 0.6512 0.6512 0.2461 | 0.1736 29.0613 25.1314 0.2056 0.4528 0.5878 | 13.317
LOSS FORMAT: SEMANTIC_LOSS MEAN_IOU PIX_ACC | DEPTH_LOSS ABS_ERR REL_ERR | NORMAL_LOSS MEAN MED <11.25 <22.5 <30 | ∆m (test)
Epoch: 0056 | lr=0.0001 | epoch lenth=398 | train time: 201.921 s | method pcgrad | TRAIN: 0.9807 0.3661 0.6435 | 0.4658 0.4658 0.2188 | 0.1827 29.5566 24.9809 0.2119 0.4577 0.5910 || TEST: 1.2133 0.3222 0.6000 | 0.5967 0.5967 0.2504 | 0.1751 29.0827 25.1519 0.2138 0.4535 0.5868 | 12.480
LOSS FORMAT: SEMANTIC_LOSS MEAN_IOU PIX_ACC | DEPTH_LOSS ABS_ERR REL_ERR | NORMAL_LOSS MEAN MED <11.25 <22.5 <30 | ∆m (test)
Epoch: 0057 | lr=0.0001 | epoch lenth=398 | train time: 186.053 s | method pcgrad | TRAIN: 0.9746 0.3697 0.6404 | 0.4731 0.4731 0.2271 | 0.1816 29.5035 24.9328 0.2099 0.4577 0.5909 || TEST: 1.1833 0.3271 0.6104 | 0.6679 0.6679 0.2963 | 0.1803 29.6451 25.5297 0.2001 0.4459 0.5796 | 16.400
LOSS FORMAT: SEMANTIC_LOSS MEAN_IOU PIX_ACC | DEPTH_LOSS ABS_ERR REL_ERR | NORMAL_LOSS MEAN MED <11.25 <22.5 <30 | ∆m (test)
Epoch: 0058 | lr=0.0001 | epoch lenth=398 | train time: 204.900 s | method pcgrad | TRAIN: 0.9549 0.3703 0.6487 | 0.4607 0.4607 0.2177 | 0.1779 29.1041 24.5197 0.2167 0.4655 0.5994 || TEST: 1.2727 0.2835 0.5916 | 0.5911 0.5911 0.2459 | 0.1748 29.0837 25.1377 0.2115 0.4540 0.5865 | 13.550
LOSS FORMAT: SEMANTIC_LOSS MEAN_IOU PIX_ACC | DEPTH_LOSS ABS_ERR REL_ERR | NORMAL_LOSS MEAN MED <11.25 <22.5 <30 | ∆m (test)
Epoch: 0059 | lr=0.0001 | epoch lenth=398 | train time: 212.186 s | method pcgrad | TRAIN: 0.9476 0.3559 0.6426 | 0.4597 0.4597 0.2201 | 0.1810 29.3929 24.7714 0.2136 0.4603 0.5940 || TEST: 1.1722 0.3370 0.6183 | 0.5950 0.5950 0.2499 | 0.1743 29.2093 25.3931 0.1999 0.4468 0.5835 | 12.574
LOSS FORMAT: SEMANTIC_LOSS MEAN_IOU PIX_ACC | DEPTH_LOSS ABS_ERR REL_ERR | NORMAL_LOSS MEAN MED <11.25 <22.5 <30 | ∆m (test)
Epoch: 0060 | lr=0.0001 | epoch lenth=398 | train time: 206.259 s | method pcgrad | TRAIN: 0.9409 0.3848 0.6569 | 0.4708 0.4708 0.2204 | 0.1787 29.1407 24.4746 0.2174 0.4666 0.6000 || TEST: 1.2194 0.3228 0.6049 | 0.6063 0.6063 0.2399 | 0.1817 29.8650 26.1736 0.1982 0.4357 0.5697 | 14.250
LOSS FORMAT: SEMANTIC_LOSS MEAN_IOU PIX_ACC | DEPTH_LOSS ABS_ERR REL_ERR | NORMAL_LOSS MEAN MED <11.25 <22.5 <30 | ∆m (test)
Epoch: 0061 | lr=0.0001 | epoch lenth=398 | train time: 187.240 s | method pcgrad | TRAIN: 0.9058 0.3845 0.6561 | 0.4579 0.4579 0.2138 | 0.1783 29.1646 24.5804 0.2134 0.4635 0.5991 || TEST: 1.1999 0.3300 0.6189 | 0.6238 0.6238 0.2771 | 0.1728 28.8085 24.7768 0.2197 0.4604 0.5919 | 12.668
LOSS FORMAT: SEMANTIC_LOSS MEAN_IOU PIX_ACC | DEPTH_LOSS ABS_ERR REL_ERR | NORMAL_LOSS MEAN MED <11.25 <22.5 <30 | ∆m (test)
Epoch: 0062 | lr=0.0001 | epoch lenth=398 | train time: 196.471 s | method pcgrad | TRAIN: 0.9101 0.3871 0.6629 | 0.4469 0.4469 0.2142 | 0.1787 29.1889 24.5519 0.2134 0.4635 0.5996 || TEST: 1.1982 0.3484 0.6122 | 0.6125 0.6125 0.2625 | 0.1709 28.5267 24.3301 0.2260 0.4691 0.6007 | 10.555
LOSS FORMAT: SEMANTIC_LOSS MEAN_IOU PIX_ACC | DEPTH_LOSS ABS_ERR REL_ERR | NORMAL_LOSS MEAN MED <11.25 <22.5 <30 | ∆m (test)
Epoch: 0063 | lr=0.0001 | epoch lenth=398 | train time: 199.555 s | method pcgrad | TRAIN: 0.9147 0.3958 0.6607 | 0.4658 0.4658 0.2243 | 0.1782 29.1057 24.4782 0.2168 0.4658 0.6002 || TEST: 1.1844 0.3482 0.6144 | 0.6236 0.6236 0.2403 | 0.1749 29.3455 25.7194 0.1956 0.4415 0.5786 | 12.998
LOSS FORMAT: SEMANTIC_LOSS MEAN_IOU PIX_ACC | DEPTH_LOSS ABS_ERR REL_ERR | NORMAL_LOSS MEAN MED <11.25 <22.5 <30 | ∆m (test)
Epoch: 0064 | lr=0.0001 | epoch lenth=398 | train time: 218.550 s | method pcgrad | TRAIN: 0.8836 0.4023 0.6653 | 0.4436 0.4436 0.2108 | 0.1756 28.7948 24.0175 0.2221 0.4745 0.6088 || TEST: 1.1597 0.3402 0.6200 | 0.6398 0.6398 0.2363 | 0.1738 28.9549 24.8902 0.2133 0.4580 0.5907 | 11.412
LOSS FORMAT: SEMANTIC_LOSS MEAN_IOU PIX_ACC | DEPTH_LOSS ABS_ERR REL_ERR | NORMAL_LOSS MEAN MED <11.25 <22.5 <30 | ∆m (test)
Epoch: 0065 | lr=0.0001 | epoch lenth=398 | train time: 216.759 s | method pcgrad | TRAIN: 0.8814 0.3956 0.6673 | 0.4476 0.4476 0.2121 | 0.1757 28.8380 24.1568 0.2203 0.4725 0.6063 || TEST: 1.1194 0.3708 0.6319 | 0.6157 0.6157 0.2309 | 0.1719 28.8824 24.9929 0.2084 0.4551 0.5908 | 9.973
LOSS FORMAT: SEMANTIC_LOSS MEAN_IOU PIX_ACC | DEPTH_LOSS ABS_ERR REL_ERR | NORMAL_LOSS MEAN MED <11.25 <22.5 <30 | ∆m (test)
Epoch: 0066 | lr=0.0001 | epoch lenth=398 | train time: 216.829 s | method pcgrad | TRAIN: 0.8724 0.4155 0.6744 | 0.4390 0.4390 0.2104 | 0.1736 28.5746 23.7642 0.2253 0.4794 0.6134 || TEST: 1.1756 0.3602 0.6253 | 0.6253 0.6253 0.2707 | 0.1687 28.3712 24.1442 0.2220 0.4723 0.6056 | 10.352
LOSS FORMAT: SEMANTIC_LOSS MEAN_IOU PIX_ACC | DEPTH_LOSS ABS_ERR REL_ERR | NORMAL_LOSS MEAN MED <11.25 <22.5 <30 | ∆m (test)
Epoch: 0067 | lr=0.0001 | epoch lenth=398 | train time: 294.329 s | method pcgrad | TRAIN: 0.8519 0.4135 0.6754 | 0.4367 0.4367 0.2067 | 0.1745 28.7327 24.1004 0.2219 0.4728 0.6080 || TEST: 1.1745 0.3525 0.6260 | 0.5575 0.5575 0.2256 | 0.1714 28.7983 24.8508 0.2116 0.4571 0.5925 | 9.129
LOSS FORMAT: SEMANTIC_LOSS MEAN_IOU PIX_ACC | DEPTH_LOSS ABS_ERR REL_ERR | NORMAL_LOSS MEAN MED <11.25 <22.5 <30 | ∆m (test)
Epoch: 0068 | lr=0.0001 | epoch lenth=398 | train time: 208.384 s | method pcgrad | TRAIN: 0.8739 0.4078 0.6729 | 0.4277 0.4277 0.2074 | 0.1772 28.8852 24.0023 0.2254 0.4750 0.6070 || TEST: 1.1879 0.3496 0.6124 | 0.5937 0.5937 0.2334 | 0.1729 28.9259 25.0021 0.2115 0.4560 0.5904 | 10.566
LOSS FORMAT: SEMANTIC_LOSS MEAN_IOU PIX_ACC | DEPTH_LOSS ABS_ERR REL_ERR | NORMAL_LOSS MEAN MED <11.25 <22.5 <30 | ∆m (test)
Epoch: 0069 | lr=0.0001 | epoch lenth=398 | train time: 220.897 s | method pcgrad | TRAIN: 0.8483 0.4146 0.6708 | 0.4297 0.4297 0.2037 | 0.1728 28.4496 23.5744 0.2292 0.4841 0.6163 || TEST: 1.1435 0.3770 0.6319 | 0.6063 0.6063 0.2527 | 0.1712 28.6751 24.6532 0.2187 0.4628 0.5959 | 9.609
LOSS FORMAT: SEMANTIC_LOSS MEAN_IOU PIX_ACC | DEPTH_LOSS ABS_ERR REL_ERR | NORMAL_LOSS MEAN MED <11.25 <22.5 <30 | ∆m (test)
Epoch: 0070 | lr=0.0001 | epoch lenth=398 | train time: 199.910 s | method pcgrad | TRAIN: 0.8391 0.4252 0.6811 | 0.4332 0.4332 0.2065 | 0.1722 28.4321 23.6121 0.2279 0.4829 0.6162 || TEST: 1.2338 0.3441 0.6058 | 0.6067 0.6067 0.2517 | 0.1694 28.5548 24.3945 0.2112 0.4672 0.6037 | 10.843
LOSS FORMAT: SEMANTIC_LOSS MEAN_IOU PIX_ACC | DEPTH_LOSS ABS_ERR REL_ERR | NORMAL_LOSS MEAN MED <11.25 <22.5 <30 | ∆m (test)
Epoch: 0071 | lr=0.0001 | epoch lenth=398 | train time: 230.400 s | method pcgrad | TRAIN: 0.8537 0.4069 0.6670 | 0.4293 0.4293 0.2026 | 0.1725 28.4603 23.6685 0.2282 0.4816 0.6150 || TEST: 1.2431 0.3286 0.6025 | 0.5911 0.5911 0.2360 | 0.1714 28.6327 24.5045 0.2219 0.4661 0.5979 | 10.288
LOSS FORMAT: SEMANTIC_LOSS MEAN_IOU PIX_ACC | DEPTH_LOSS ABS_ERR REL_ERR | NORMAL_LOSS MEAN MED <11.25 <22.5 <30 | ∆m (test)
Epoch: 0072 | lr=0.0001 | epoch lenth=398 | train time: 192.652 s | method pcgrad | TRAIN: 0.8321 0.4079 0.6696 | 0.4217 0.4217 0.2002 | 0.1728 28.5233 23.7431 0.2245 0.4800 0.6141 || TEST: 1.2197 0.3289 0.6196 | 0.5732 0.5732 0.2204 | 0.1735 28.9916 25.0697 0.2096 0.4536 0.5890 | 10.390
LOSS FORMAT: SEMANTIC_LOSS MEAN_IOU PIX_ACC | DEPTH_LOSS ABS_ERR REL_ERR | NORMAL_LOSS MEAN MED <11.25 <22.5 <30 | ∆m (test)
Epoch: 0073 | lr=0.0001 | epoch lenth=398 | train time: 196.606 s | method pcgrad | TRAIN: 0.8113 0.4114 0.6813 | 0.4172 0.4172 0.2004 | 0.1679 27.9601 23.1071 0.2347 0.4937 0.6264 || TEST: 1.1468 0.3513 0.6292 | 0.5832 0.5832 0.2420 | 0.1673 28.3938 24.4545 0.2156 0.4652 0.6015 | 9.329
LOSS FORMAT: SEMANTIC_LOSS MEAN_IOU PIX_ACC | DEPTH_LOSS ABS_ERR REL_ERR | NORMAL_LOSS MEAN MED <11.25 <22.5 <30 | ∆m (test)
Epoch: 0074 | lr=0.0001 | epoch lenth=398 | train time: 210.920 s | method pcgrad | TRAIN: 0.8105 0.4209 0.6864 | 0.4138 0.4138 0.1969 | 0.1703 28.1857 23.3036 0.2331 0.4891 0.6218 || TEST: 1.1368 0.3499 0.6353 | 0.5752 0.5752 0.2320 | 0.1733 29.1171 25.3865 0.2000 0.4473 0.5864 | 10.761
LOSS FORMAT: SEMANTIC_LOSS MEAN_IOU PIX_ACC | DEPTH_LOSS ABS_ERR REL_ERR | NORMAL_LOSS MEAN MED <11.25 <22.5 <30 | ∆m (test)
Epoch: 0075 | lr=0.0001 | epoch lenth=398 | train time: 189.293 s | method pcgrad | TRAIN: 0.8087 0.4244 0.6885 | 0.4094 0.4094 0.1988 | 0.1699 28.1859 23.3200 0.2314 0.4875 0.6216 || TEST: 1.1982 0.3620 0.6299 | 0.6158 0.6158 0.2333 | 0.1658 28.0613 23.9134 0.2292 0.4760 0.6095 | 7.899
LOSS FORMAT: SEMANTIC_LOSS MEAN_IOU PIX_ACC | DEPTH_LOSS ABS_ERR REL_ERR | NORMAL_LOSS MEAN MED <11.25 <22.5 <30 | ∆m (test)
Epoch: 0076 | lr=0.0001 | epoch lenth=398 | train time: 188.390 s | method pcgrad | TRAIN: 0.7876 0.4299 0.6913 | 0.4244 0.4244 0.2019 | 0.1713 28.3420 23.5272 0.2278 0.4848 0.6189 || TEST: 1.2034 0.3555 0.6220 | 0.6086 0.6086 0.2444 | 0.1709 28.7051 24.6695 0.2142 0.4613 0.5959 | 10.328
LOSS FORMAT: SEMANTIC_LOSS MEAN_IOU PIX_ACC | DEPTH_LOSS ABS_ERR REL_ERR | NORMAL_LOSS MEAN MED <11.25 <22.5 <30 | ∆m (test)
Epoch: 0077 | lr=0.0001 | epoch lenth=398 | train time: 188.239 s | method pcgrad | TRAIN: 0.7793 0.4327 0.6879 | 0.4064 0.4064 0.1933 | 0.1690 28.0824 23.2145 0.2341 0.4907 0.6231 || TEST: 1.2150 0.3348 0.6224 | 0.5820 0.5820 0.2436 | 0.1657 28.0764 23.8519 0.2257 0.4773 0.6111 | 8.722
LOSS FORMAT: SEMANTIC_LOSS MEAN_IOU PIX_ACC | DEPTH_LOSS ABS_ERR REL_ERR | NORMAL_LOSS MEAN MED <11.25 <22.5 <30 | ∆m (test)
Epoch: 0078 | lr=0.0001 | epoch lenth=398 | train time: 195.258 s | method pcgrad | TRAIN: 0.7926 0.4242 0.6853 | 0.4064 0.4064 0.1946 | 0.1728 28.4811 23.6933 0.2267 0.4821 0.6163 || TEST: 1.2098 0.3567 0.6228 | 0.5911 0.5911 0.2505 | 0.1689 28.4849 24.4427 0.2170 0.4662 0.6010 | 9.725
LOSS FORMAT: SEMANTIC_LOSS MEAN_IOU PIX_ACC | DEPTH_LOSS ABS_ERR REL_ERR | NORMAL_LOSS MEAN MED <11.25 <22.5 <30 | ∆m (test)
Epoch: 0079 | lr=0.0001 | epoch lenth=398 | train time: 192.415 s | method pcgrad | TRAIN: 0.7616 0.4407 0.6911 | 0.4217 0.4217 0.2034 | 0.1691 28.0469 23.1090 0.2354 0.4935 0.6260 || TEST: 1.1517 0.3754 0.6421 | 0.6080 0.6080 0.2465 | 0.1625 27.8121 23.5745 0.2245 0.4817 0.6178 | 7.315
LOSS FORMAT: SEMANTIC_LOSS MEAN_IOU PIX_ACC | DEPTH_LOSS ABS_ERR REL_ERR | NORMAL_LOSS MEAN MED <11.25 <22.5 <30 | ∆m (test)
Epoch: 0080 | lr=0.0001 | epoch lenth=398 | train time: 213.736 s | method pcgrad | TRAIN: 0.7581 0.4463 0.7010 | 0.4071 0.4071 0.1956 | 0.1658 27.7529 22.8568 0.2377 0.4975 0.6309 || TEST: 1.2597 0.3397 0.6006 | 0.6953 0.6953 0.2533 | 0.1702 28.7456 24.6102 0.2016 0.4623 0.6010 | 13.290
LOSS FORMAT: SEMANTIC_LOSS MEAN_IOU PIX_ACC | DEPTH_LOSS ABS_ERR REL_ERR | NORMAL_LOSS MEAN MED <11.25 <22.5 <30 | ∆m (test)
Epoch: 0081 | lr=0.0001 | epoch lenth=398 | train time: 193.325 s | method pcgrad | TRAIN: 0.7613 0.4273 0.6823 | 0.4159 0.4159 0.1970 | 0.1682 28.0009 23.1387 0.2342 0.4923 0.6259 || TEST: 1.2107 0.3446 0.6202 | 0.5902 0.5902 0.2328 | 0.1749 28.9969 24.6848 0.2108 0.4617 0.5963 | 10.161
LOSS FORMAT: SEMANTIC_LOSS MEAN_IOU PIX_ACC | DEPTH_LOSS ABS_ERR REL_ERR | NORMAL_LOSS MEAN MED <11.25 <22.5 <30 | ∆m (test)
Epoch: 0082 | lr=0.0001 | epoch lenth=398 | train time: 203.384 s | method pcgrad | TRAIN: 0.7387 0.4355 0.6946 | 0.4058 0.4058 0.1912 | 0.1658 27.7325 22.7297 0.2365 0.4999 0.6333 || TEST: 1.1946 0.3565 0.6284 | 0.5974 0.5974 0.2593 | 0.1683 28.4454 24.4023 0.2176 0.4662 0.6012 | 10.026
LOSS FORMAT: SEMANTIC_LOSS MEAN_IOU PIX_ACC | DEPTH_LOSS ABS_ERR REL_ERR | NORMAL_LOSS MEAN MED <11.25 <22.5 <30 | ∆m (test)
Epoch: 0083 | lr=0.0001 | epoch lenth=398 | train time: 189.279 s | method pcgrad | TRAIN: 0.7312 0.4471 0.6999 | 0.3957 0.3957 0.1900 | 0.1680 27.9684 23.1395 0.2349 0.4928 0.6267 || TEST: 1.2184 0.3509 0.6201 | 0.5607 0.5607 0.2288 | 0.1655 28.1284 24.0836 0.2232 0.4731 0.6072 | 7.744
LOSS FORMAT: SEMANTIC_LOSS MEAN_IOU PIX_ACC | DEPTH_LOSS ABS_ERR REL_ERR | NORMAL_LOSS MEAN MED <11.25 <22.5 <30 | ∆m (test)
Epoch: 0084 | lr=0.0001 | epoch lenth=398 | train time: 207.600 s | method pcgrad | TRAIN: 0.7255 0.4407 0.6982 | 0.4012 0.4012 0.1914 | 0.1637 27.5328 22.5540 0.2389 0.5039 0.6377 || TEST: 1.1642 0.3675 0.6357 | 0.5821 0.5821 0.2286 | 0.1659 28.1194 23.8161 0.2226 0.4783 0.6122 | 7.021
LOSS FORMAT: SEMANTIC_LOSS MEAN_IOU PIX_ACC | DEPTH_LOSS ABS_ERR REL_ERR | NORMAL_LOSS MEAN MED <11.25 <22.5 <30 | ∆m (test)
Epoch: 0085 | lr=0.0001 | epoch lenth=398 | train time: 273.329 s | method pcgrad | TRAIN: 0.7132 0.4589 0.7078 | 0.3980 0.3980 0.1892 | 0.1643 27.6185 22.6540 0.2376 0.5005 0.6344 || TEST: 1.2077 0.3637 0.6238 | 0.5801 0.5801 0.2245 | 0.1687 28.7323 24.8290 0.1983 0.4564 0.5955 | 9.587
LOSS FORMAT: SEMANTIC_LOSS MEAN_IOU PIX_ACC | DEPTH_LOSS ABS_ERR REL_ERR | NORMAL_LOSS MEAN MED <11.25 <22.5 <30 | ∆m (test)
Epoch: 0086 | lr=0.0001 | epoch lenth=398 | train time: 192.159 s | method pcgrad | TRAIN: 0.7130 0.4525 0.7005 | 0.3962 0.3962 0.1863 | 0.1635 27.4951 22.5872 0.2412 0.5031 0.6366 || TEST: 1.1691 0.3748 0.6348 | 0.5650 0.5650 0.2249 | 0.1641 28.0100 23.8937 0.2209 0.4758 0.6121 | 6.501
LOSS FORMAT: SEMANTIC_LOSS MEAN_IOU PIX_ACC | DEPTH_LOSS ABS_ERR REL_ERR | NORMAL_LOSS MEAN MED <11.25 <22.5 <30 | ∆m (test)
Epoch: 0087 | lr=0.0001 | epoch lenth=398 | train time: 205.132 s | method pcgrad | TRAIN: 0.7095 0.4584 0.7076 | 0.3971 0.3971 0.1901 | 0.1644 27.6033 22.6936 0.2378 0.5018 0.6352 || TEST: 1.2097 0.3637 0.6302 | 0.5647 0.5647 0.2230 | 0.1664 28.1878 24.0206 0.2217 0.4737 0.6091 | 7.033
LOSS FORMAT: SEMANTIC_LOSS MEAN_IOU PIX_ACC | DEPTH_LOSS ABS_ERR REL_ERR | NORMAL_LOSS MEAN MED <11.25 <22.5 <30 | ∆m (test)
Epoch: 0088 | lr=0.0001 | epoch lenth=398 | train time: 208.524 s | method pcgrad | TRAIN: 0.7083 0.4534 0.7055 | 0.3923 0.3923 0.1892 | 0.1634 27.4752 22.5402 0.2421 0.5054 0.6376 || TEST: 1.2454 0.3548 0.6147 | 0.5791 0.5791 0.2346 | 0.1727 28.6878 24.3063 0.2205 0.4694 0.6025 | 8.888
LOSS FORMAT: SEMANTIC_LOSS MEAN_IOU PIX_ACC | DEPTH_LOSS ABS_ERR REL_ERR | NORMAL_LOSS MEAN MED <11.25 <22.5 <30 | ∆m (test)
Epoch: 0089 | lr=0.0001 | epoch lenth=398 | train time: 188.151 s | method pcgrad | TRAIN: 0.6810 0.4569 0.7038 | 0.3848 0.3848 0.1850 | 0.1621 27.3370 22.3143 0.2443 0.5082 0.6400 || TEST: 1.2017 0.3639 0.6299 | 0.6158 0.6158 0.2350 | 0.1646 27.9530 23.6350 0.2256 0.4811 0.6158 | 7.630
LOSS FORMAT: SEMANTIC_LOSS MEAN_IOU PIX_ACC | DEPTH_LOSS ABS_ERR REL_ERR | NORMAL_LOSS MEAN MED <11.25 <22.5 <30 | ∆m (test)
Epoch: 0090 | lr=0.0001 | epoch lenth=398 | train time: 209.606 s | method pcgrad | TRAIN: 0.6728 0.4692 0.7127 | 0.3841 0.3841 0.1814 | 0.1620 27.3427 22.3111 0.2420 0.5084 0.6421 || TEST: 1.1353 0.3651 0.6431 | 0.5499 0.5499 0.2197 | 0.1702 28.7728 25.0118 0.2069 0.4533 0.5924 | 8.442
LOSS FORMAT: SEMANTIC_LOSS MEAN_IOU PIX_ACC | DEPTH_LOSS ABS_ERR REL_ERR | NORMAL_LOSS MEAN MED <11.25 <22.5 <30 | ∆m (test)
Epoch: 0091 | lr=0.0001 | epoch lenth=398 | train time: 211.544 s | method pcgrad | TRAIN: 0.6700 0.4693 0.7185 | 0.3930 0.3930 0.1854 | 0.1603 27.1603 22.1841 0.2452 0.5118 0.6446 || TEST: 1.2056 0.3594 0.6272 | 0.5793 0.5793 0.2333 | 0.1692 28.5333 24.4891 0.2158 0.4648 0.5999 | 8.827
LOSS FORMAT: SEMANTIC_LOSS MEAN_IOU PIX_ACC | DEPTH_LOSS ABS_ERR REL_ERR | NORMAL_LOSS MEAN MED <11.25 <22.5 <30 | ∆m (test)
Epoch: 0092 | lr=0.0001 | epoch lenth=398 | train time: 213.632 s | method pcgrad | TRAIN: 0.6587 0.4688 0.7134 | 0.3761 0.3761 0.1773 | 0.1609 27.1731 22.1176 0.2460 0.5143 0.6455 || TEST: 1.2354 0.3678 0.6290 | 0.6400 0.6400 0.2702 | 0.1642 27.8737 23.5504 0.2284 0.4830 0.6180 | 9.080
LOSS FORMAT: SEMANTIC_LOSS MEAN_IOU PIX_ACC | DEPTH_LOSS ABS_ERR REL_ERR | NORMAL_LOSS MEAN MED <11.25 <22.5 <30 | ∆m (test)
Epoch: 0093 | lr=0.0001 | epoch lenth=398 | train time: 190.779 s | method pcgrad | TRAIN: 0.6664 0.4693 0.7143 | 0.3774 0.3774 0.1826 | 0.1607 27.0936 21.9434 0.2512 0.5173 0.6477 || TEST: 1.1961 0.3595 0.6359 | 0.5772 0.5772 0.2414 | 0.1647 27.9976 23.7342 0.2236 0.4799 0.6151 | 7.463
LOSS FORMAT: SEMANTIC_LOSS MEAN_IOU PIX_ACC | DEPTH_LOSS ABS_ERR REL_ERR | NORMAL_LOSS MEAN MED <11.25 <22.5 <30 | ∆m (test)
Epoch: 0094 | lr=0.0001 | epoch lenth=398 | train time: 190.080 s | method pcgrad | TRAIN: 0.6619 0.4675 0.7170 | 0.3765 0.3765 0.1804 | 0.1609 27.1368 21.9983 0.2493 0.5157 0.6461 || TEST: 1.1812 0.3836 0.6372 | 0.5681 0.5681 0.2261 | 0.1658 28.1604 23.9644 0.2212 0.4741 0.6082 | 6.496
LOSS FORMAT: SEMANTIC_LOSS MEAN_IOU PIX_ACC | DEPTH_LOSS ABS_ERR REL_ERR | NORMAL_LOSS MEAN MED <11.25 <22.5 <30 | ∆m (test)
Epoch: 0095 | lr=0.0001 | epoch lenth=398 | train time: 189.810 s | method pcgrad | TRAIN: 0.6358 0.4810 0.7226 | 0.3717 0.3717 0.1771 | 0.1599 27.1116 22.0599 0.2461 0.5133 0.6468 || TEST: 1.1725 0.3841 0.6418 | 0.5935 0.5935 0.2482 | 0.1662 28.3534 24.3895 0.2105 0.4662 0.6041 | 8.646
LOSS FORMAT: SEMANTIC_LOSS MEAN_IOU PIX_ACC | DEPTH_LOSS ABS_ERR REL_ERR | NORMAL_LOSS MEAN MED <11.25 <22.5 <30 | ∆m (test)
Epoch: 0096 | lr=0.0001 | epoch lenth=398 | train time: 192.075 s | method pcgrad | TRAIN: 0.6419 0.4802 0.7231 | 0.3865 0.3865 0.1836 | 0.1596 27.0373 21.9435 0.2493 0.5169 0.6486 || TEST: 1.2624 0.3570 0.6244 | 0.6063 0.6063 0.2313 | 0.1693 28.5564 24.4445 0.2135 0.4661 0.6009 | 9.338
LOSS FORMAT: SEMANTIC_LOSS MEAN_IOU PIX_ACC | DEPTH_LOSS ABS_ERR REL_ERR | NORMAL_LOSS MEAN MED <11.25 <22.5 <30 | ∆m (test)
Epoch: 0097 | lr=0.0001 | epoch lenth=398 | train time: 191.331 s | method pcgrad | TRAIN: 0.6157 0.4725 0.7207 | 0.3678 0.3678 0.1752 | 0.1578 26.8370 21.7297 0.2529 0.5201 0.6523 || TEST: 1.1534 0.3891 0.6534 | 0.5616 0.5616 0.2360 | 0.1632 27.7260 23.3871 0.2335 0.4871 0.6205 | 4.911
LOSS FORMAT: SEMANTIC_LOSS MEAN_IOU PIX_ACC | DEPTH_LOSS ABS_ERR REL_ERR | NORMAL_LOSS MEAN MED <11.25 <22.5 <30 | ∆m (test)
Epoch: 0098 | lr=0.0001 | epoch lenth=398 | train time: 203.147 s | method pcgrad | TRAIN: 0.6153 0.4923 0.7337 | 0.3761 0.3761 0.1805 | 0.1576 26.8293 21.7428 0.2512 0.5212 0.6533 || TEST: 1.2239 0.3723 0.6383 | 0.5824 0.5824 0.2282 | 0.1651 28.1941 24.2373 0.2172 0.4695 0.6054 | 7.577
LOSS FORMAT: SEMANTIC_LOSS MEAN_IOU PIX_ACC | DEPTH_LOSS ABS_ERR REL_ERR | NORMAL_LOSS MEAN MED <11.25 <22.5 <30 | ∆m (test)
Epoch: 0099 | lr=0.0001 | epoch lenth=398 | train time: 197.725 s | method pcgrad | TRAIN: 0.5980 0.4873 0.7298 | 0.3594 0.3594 0.1723 | 0.1562 26.6479 21.5764 0.2560 0.5250 0.6566 || TEST: 1.2400 0.3849 0.6344 | 0.5564 0.5564 0.2308 | 0.1613 27.5643 23.2317 0.2358 0.4903 0.6220 | 4.741
LOSS FORMAT: SEMANTIC_LOSS MEAN_IOU PIX_ACC | DEPTH_LOSS ABS_ERR REL_ERR | NORMAL_LOSS MEAN MED <11.25 <22.5 <30 | ∆m (test)
Epoch: 0100 | lr=0.0001 | epoch lenth=398 | train time: 226.973 s | method pcgrad | TRAIN: 0.5508 0.5043 0.7371 | 0.3365 0.3365 0.1628 | 0.1543 26.3780 21.1208 0.2637 0.5339 0.6626 || TEST: 1.1380 0.4066 0.6554 | 0.5611 0.5611 0.2305 | 0.1594 27.4754 23.2625 0.2318 0.4885 0.6230 | 3.952
LOSS FORMAT: SEMANTIC_LOSS MEAN_IOU PIX_ACC | DEPTH_LOSS ABS_ERR REL_ERR | NORMAL_LOSS MEAN MED <11.25 <22.5 <30 | ∆m (test)
Epoch: 0101 | lr=0.0001 | epoch lenth=398 | train time: 209.553 s | method pcgrad | TRAIN: 0.5179 0.5257 0.7535 | 0.3269 0.3269 0.1555 | 0.1487 25.8415 20.6547 0.2689 0.5439 0.6740 || TEST: 1.1512 0.4002 0.6555 | 0.5555 0.5555 0.2259 | 0.1579 27.2530 22.8863 0.2369 0.4964 0.6297 | 3.095
LOSS FORMAT: SEMANTIC_LOSS MEAN_IOU PIX_ACC | DEPTH_LOSS ABS_ERR REL_ERR | NORMAL_LOSS MEAN MED <11.25 <22.5 <30 | ∆m (test)
Epoch: 0102 | lr=0.0001 | epoch lenth=398 | train time: 290.474 s | method pcgrad | TRAIN: 0.5061 0.5256 0.7547 | 0.3346 0.3346 0.1575 | 0.1480 25.7719 20.5807 0.2696 0.5452 0.6753 || TEST: 1.1997 0.3825 0.6414 | 0.5616 0.5616 0.2188 | 0.1571 27.1247 22.6967 0.2389 0.5008 0.6339 | 3.281
LOSS FORMAT: SEMANTIC_LOSS MEAN_IOU PIX_ACC | DEPTH_LOSS ABS_ERR REL_ERR | NORMAL_LOSS MEAN MED <11.25 <22.5 <30 | ∆m (test)
Epoch: 0103 | lr=0.0001 | epoch lenth=398 | train time: 196.996 s | method pcgrad | TRAIN: 0.5029 0.5157 0.7485 | 0.3212 0.3212 0.1530 | 0.1465 25.5913 20.3190 0.2718 0.5507 0.6809 || TEST: 1.2018 0.4030 0.6488 | 0.5429 0.5429 0.2205 | 0.1571 27.0455 22.4914 0.2439 0.5047 0.6368 | 1.855
LOSS FORMAT: SEMANTIC_LOSS MEAN_IOU PIX_ACC | DEPTH_LOSS ABS_ERR REL_ERR | NORMAL_LOSS MEAN MED <11.25 <22.5 <30 | ∆m (test)
Epoch: 0104 | lr=0.0001 | epoch lenth=398 | train time: 192.450 s | method pcgrad | TRAIN: 0.4883 0.5354 0.7552 | 0.3225 0.3225 0.1563 | 0.1469 25.6109 20.4017 0.2727 0.5512 0.6804 || TEST: 1.1040 0.4037 0.6628 | 0.5712 0.5712 0.2207 | 0.1635 27.9732 23.8762 0.2202 0.4761 0.6132 | 5.085
LOSS FORMAT: SEMANTIC_LOSS MEAN_IOU PIX_ACC | DEPTH_LOSS ABS_ERR REL_ERR | NORMAL_LOSS MEAN MED <11.25 <22.5 <30 | ∆m (test)
Epoch: 0105 | lr=0.0001 | epoch lenth=398 | train time: 191.848 s | method pcgrad | TRAIN: 0.4871 0.5380 0.7617 | 0.3197 0.3197 0.1518 | 0.1444 25.3341 20.0327 0.2794 0.5568 0.6846 || TEST: 1.1610 0.4041 0.6548 | 0.5644 0.5644 0.2231 | 0.1616 27.7248 23.5058 0.2255 0.4841 0.6196 | 4.417
LOSS FORMAT: SEMANTIC_LOSS MEAN_IOU PIX_ACC | DEPTH_LOSS ABS_ERR REL_ERR | NORMAL_LOSS MEAN MED <11.25 <22.5 <30 | ∆m (test)
Epoch: 0106 | lr=0.0001 | epoch lenth=398 | train time: 191.675 s | method pcgrad | TRAIN: 0.4782 0.5334 0.7595 | 0.3174 0.3174 0.1521 | 0.1468 25.6105 20.3702 0.2724 0.5506 0.6797 || TEST: 1.2056 0.3783 0.6473 | 0.5674 0.5674 0.2251 | 0.1622 27.7983 23.6775 0.2258 0.4809 0.6163 | 5.667
LOSS FORMAT: SEMANTIC_LOSS MEAN_IOU PIX_ACC | DEPTH_LOSS ABS_ERR REL_ERR | NORMAL_LOSS MEAN MED <11.25 <22.5 <30 | ∆m (test)
Epoch: 0107 | lr=0.0001 | epoch lenth=398 | train time: 191.285 s | method pcgrad | TRAIN: 0.4777 0.5248 0.7563 | 0.3144 0.3144 0.1479 | 0.1465 25.6000 20.3840 0.2719 0.5499 0.6801 || TEST: 1.2116 0.3879 0.6461 | 0.5481 0.5481 0.2236 | 0.1591 27.4327 23.2114 0.2315 0.4899 0.6262 | 4.055
LOSS FORMAT: SEMANTIC_LOSS MEAN_IOU PIX_ACC | DEPTH_LOSS ABS_ERR REL_ERR | NORMAL_LOSS MEAN MED <11.25 <22.5 <30 | ∆m (test)
Epoch: 0108 | lr=0.0001 | epoch lenth=398 | train time: 192.785 s | method pcgrad | TRAIN: 0.4681 0.5329 0.7575 | 0.3166 0.3166 0.1511 | 0.1455 25.4513 20.1084 0.2766 0.5546 0.6832 || TEST: 1.1979 0.3963 0.6532 | 0.5709 0.5709 0.2294 | 0.1587 27.3570 23.0296 0.2321 0.4937 0.6299 | 3.999
LOSS FORMAT: SEMANTIC_LOSS MEAN_IOU PIX_ACC | DEPTH_LOSS ABS_ERR REL_ERR | NORMAL_LOSS MEAN MED <11.25 <22.5 <30 | ∆m (test)
Epoch: 0109 | lr=0.0001 | epoch lenth=398 | train time: 191.679 s | method pcgrad | TRAIN: 0.4517 0.5439 0.7627 | 0.3134 0.3134 0.1484 | 0.1438 25.2583 19.9989 0.2798 0.5594 0.6880 || TEST: 1.2003 0.3972 0.6478 | 0.5550 0.5550 0.2208 | 0.1596 27.4921 23.1754 0.2298 0.4898 0.6252 | 3.844
LOSS FORMAT: SEMANTIC_LOSS MEAN_IOU PIX_ACC | DEPTH_LOSS ABS_ERR REL_ERR | NORMAL_LOSS MEAN MED <11.25 <22.5 <30 | ∆m (test)
Epoch: 0110 | lr=0.0001 | epoch lenth=398 | train time: 193.330 s | method pcgrad | TRAIN: 0.4659 0.5387 0.7595 | 0.3124 0.3124 0.1495 | 0.1450 25.3892 20.0982 0.2779 0.5568 0.6847 || TEST: 1.1984 0.3969 0.6510 | 0.5435 0.5435 0.2171 | 0.1670 28.3206 24.1569 0.2135 0.4715 0.6086 | 5.618
LOSS FORMAT: SEMANTIC_LOSS MEAN_IOU PIX_ACC | DEPTH_LOSS ABS_ERR REL_ERR | NORMAL_LOSS MEAN MED <11.25 <22.5 <30 | ∆m (test)
Epoch: 0111 | lr=0.0001 | epoch lenth=398 | train time: 192.198 s | method pcgrad | TRAIN: 0.4530 0.5395 0.7627 | 0.3147 0.3147 0.1497 | 0.1447 25.2853 19.8313 0.2831 0.5619 0.6877 || TEST: 1.2481 0.3955 0.6479 | 0.5709 0.5709 0.2312 | 0.1555 26.9050 22.2694 0.2444 0.5087 0.6406 | 2.630
LOSS FORMAT: SEMANTIC_LOSS MEAN_IOU PIX_ACC | DEPTH_LOSS ABS_ERR REL_ERR | NORMAL_LOSS MEAN MED <11.25 <22.5 <30 | ∆m (test)
Epoch: 0112 | lr=0.0001 | epoch lenth=398 | train time: 194.741 s | method pcgrad | TRAIN: 0.4511 0.5453 0.7616 | 0.3124 0.3124 0.1501 | 0.1433 25.1833 19.8351 0.2814 0.5615 0.6899 || TEST: 1.1561 0.4074 0.6595 | 0.5510 0.5510 0.2267 | 0.1595 27.3564 22.9112 0.2377 0.4959 0.6292 | 2.829
LOSS FORMAT: SEMANTIC_LOSS MEAN_IOU PIX_ACC | DEPTH_LOSS ABS_ERR REL_ERR | NORMAL_LOSS MEAN MED <11.25 <22.5 <30 | ∆m (test)
Epoch: 0113 | lr=0.0001 | epoch lenth=398 | train time: 194.104 s | method pcgrad | TRAIN: 0.4510 0.5464 0.7669 | 0.3096 0.3096 0.1473 | 0.1441 25.2832 19.9349 0.2803 0.5597 0.6876 || TEST: 1.2892 0.3821 0.6382 | 0.5785 0.5785 0.2376 | 0.1554 26.7639 21.9854 0.2512 0.5148 0.6453 | 2.895
LOSS FORMAT: SEMANTIC_LOSS MEAN_IOU PIX_ACC | DEPTH_LOSS ABS_ERR REL_ERR | NORMAL_LOSS MEAN MED <11.25 <22.5 <30 | ∆m (test)
Epoch: 0114 | lr=0.0001 | epoch lenth=398 | train time: 194.487 s | method pcgrad | TRAIN: 0.4388 0.5372 0.7592 | 0.3042 0.3042 0.1438 | 0.1429 25.1764 19.8390 0.2789 0.5622 0.6904 || TEST: 1.1996 0.3993 0.6530 | 0.5385 0.5385 0.2171 | 0.1602 27.4657 23.0304 0.2328 0.4937 0.6276 | 2.952
LOSS FORMAT: SEMANTIC_LOSS MEAN_IOU PIX_ACC | DEPTH_LOSS ABS_ERR REL_ERR | NORMAL_LOSS MEAN MED <11.25 <22.5 <30 | ∆m (test)
Epoch: 0115 | lr=0.0001 | epoch lenth=398 | train time: 200.521 s | method pcgrad | TRAIN: 0.4452 0.5461 0.7652 | 0.3149 0.3149 0.1530 | 0.1430 25.1571 19.7654 0.2825 0.5626 0.6899 || TEST: 1.1970 0.4052 0.6597 | 0.5708 0.5708 0.2351 | 0.1584 27.3885 23.1243 0.2292 0.4912 0.6276 | 4.115
LOSS FORMAT: SEMANTIC_LOSS MEAN_IOU PIX_ACC | DEPTH_LOSS ABS_ERR REL_ERR | NORMAL_LOSS MEAN MED <11.25 <22.5 <30 | ∆m (test)
Epoch: 0116 | lr=0.0001 | epoch lenth=398 | train time: 234.512 s | method pcgrad | TRAIN: 0.4254 0.5535 0.7714 | 0.3032 0.3032 0.1424 | 0.1409 24.9266 19.5436 0.2865 0.5681 0.6947 || TEST: 1.2154 0.4088 0.6582 | 0.5828 0.5828 0.2410 | 0.1577 27.2154 22.7847 0.2360 0.4982 0.6326 | 3.729
LOSS FORMAT: SEMANTIC_LOSS MEAN_IOU PIX_ACC | DEPTH_LOSS ABS_ERR REL_ERR | NORMAL_LOSS MEAN MED <11.25 <22.5 <30 | ∆m (test)
Epoch: 0117 | lr=0.0001 | epoch lenth=398 | train time: 236.574 s | method pcgrad | TRAIN: 0.4262 0.5574 0.7709 | 0.3014 0.3014 0.1440 | 0.1407 24.8784 19.4591 0.2883 0.5697 0.6954 || TEST: 1.2886 0.3960 0.6463 | 0.5348 0.5348 0.2214 | 0.1588 27.2377 22.7073 0.2408 0.4998 0.6326 | 2.494
LOSS FORMAT: SEMANTIC_LOSS MEAN_IOU PIX_ACC | DEPTH_LOSS ABS_ERR REL_ERR | NORMAL_LOSS MEAN MED <11.25 <22.5 <30 | ∆m (test)
Epoch: 0118 | lr=0.0001 | epoch lenth=398 | train time: 197.148 s | method pcgrad | TRAIN: 0.4244 0.5526 0.7654 | 0.2998 0.2998 0.1434 | 0.1414 24.9584 19.5871 0.2874 0.5673 0.6937 || TEST: 1.2380 0.3786 0.6396 | 0.5679 0.5679 0.2330 | 0.1583 27.4242 23.2424 0.2264 0.4892 0.6268 | 5.341
LOSS FORMAT: SEMANTIC_LOSS MEAN_IOU PIX_ACC | DEPTH_LOSS ABS_ERR REL_ERR | NORMAL_LOSS MEAN MED <11.25 <22.5 <30 | ∆m (test)
Epoch: 0119 | lr=0.0001 | epoch lenth=398 | train time: 274.056 s | method pcgrad | TRAIN: 0.4250 0.5437 0.7621 | 0.3020 0.3020 0.1454 | 0.1404 24.8708 19.4575 0.2877 0.5689 0.6956 || TEST: 1.2305 0.3894 0.6478 | 0.5397 0.5397 0.2142 | 0.1588 27.3347 22.9461 0.2343 0.4949 0.6295 | 3.014
LOSS FORMAT: SEMANTIC_LOSS MEAN_IOU PIX_ACC | DEPTH_LOSS ABS_ERR REL_ERR | NORMAL_LOSS MEAN MED <11.25 <22.5 <30 | ∆m (test)
Epoch: 0120 | lr=0.0001 | epoch lenth=398 | train time: 193.846 s | method pcgrad | TRAIN: 0.4199 0.5468 0.7671 | 0.2994 0.2994 0.1427 | 0.1411 24.9487 19.5246 0.2843 0.5693 0.6956 || TEST: 1.2686 0.3963 0.6468 | 0.5502 0.5502 0.2267 | 0.1560 26.8598 22.1213 0.2479 0.5112 0.6440 | 1.767
LOSS FORMAT: SEMANTIC_LOSS MEAN_IOU PIX_ACC | DEPTH_LOSS ABS_ERR REL_ERR | NORMAL_LOSS MEAN MED <11.25 <22.5 <30 | ∆m (test)
Epoch: 0121 | lr=0.0001 | epoch lenth=398 | train time: 194.341 s | method pcgrad | TRAIN: 0.4178 0.5500 0.7664 | 0.2995 0.2995 0.1410 | 0.1398 24.8084 19.4314 0.2870 0.5707 0.6982 || TEST: 1.2541 0.3921 0.6419 | 0.5712 0.5712 0.2323 | 0.1590 27.4651 23.0304 0.2232 0.4935 0.6303 | 4.813
LOSS FORMAT: SEMANTIC_LOSS MEAN_IOU PIX_ACC | DEPTH_LOSS ABS_ERR REL_ERR | NORMAL_LOSS MEAN MED <11.25 <22.5 <30 | ∆m (test)
Epoch: 0122 | lr=0.0001 | epoch lenth=398 | train time: 196.226 s | method pcgrad | TRAIN: 0.4223 0.5463 0.7640 | 0.2970 0.2970 0.1419 | 0.1393 24.8011 19.5117 0.2852 0.5695 0.6975 || TEST: 1.2600 0.3997 0.6486 | 0.5830 0.5830 0.2420 | 0.1591 27.2434 22.5293 0.2386 0.5035 0.6358 | 3.814
LOSS FORMAT: SEMANTIC_LOSS MEAN_IOU PIX_ACC | DEPTH_LOSS ABS_ERR REL_ERR | NORMAL_LOSS MEAN MED <11.25 <22.5 <30 | ∆m (test)
Epoch: 0123 | lr=0.0001 | epoch lenth=398 | train time: 195.901 s | method pcgrad | TRAIN: 0.4080 0.5571 0.7696 | 0.2955 0.2955 0.1414 | 0.1410 24.9424 19.6193 0.2847 0.5682 0.6952 || TEST: 1.1875 0.3971 0.6582 | 0.5469 0.5469 0.2263 | 0.1576 27.2280 22.8998 0.2368 0.4961 0.6300 | 3.017
LOSS FORMAT: SEMANTIC_LOSS MEAN_IOU PIX_ACC | DEPTH_LOSS ABS_ERR REL_ERR | NORMAL_LOSS MEAN MED <11.25 <22.5 <30 | ∆m (test)
Epoch: 0124 | lr=0.0001 | epoch lenth=398 | train time: 195.878 s | method pcgrad | TRAIN: 0.3982 0.5531 0.7753 | 0.2965 0.2965 0.1429 | 0.1388 24.6732 19.2752 0.2912 0.5742 0.7006 || TEST: 1.2127 0.4000 0.6535 | 0.5600 0.5600 0.2308 | 0.1609 27.6137 23.4072 0.2288 0.4859 0.6223 | 4.488
LOSS FORMAT: SEMANTIC_LOSS MEAN_IOU PIX_ACC | DEPTH_LOSS ABS_ERR REL_ERR | NORMAL_LOSS MEAN MED <11.25 <22.5 <30 | ∆m (test)
Epoch: 0125 | lr=0.0001 | epoch lenth=398 | train time: 195.116 s | method pcgrad | TRAIN: 0.4087 0.5530 0.7714 | 0.2982 0.2982 0.1406 | 0.1415 25.0083 19.7494 0.2830 0.5653 0.6941 || TEST: 1.1769 0.3969 0.6545 | 0.5590 0.5590 0.2162 | 0.1613 27.8037 23.6512 0.2162 0.4799 0.6196 | 4.815
LOSS FORMAT: SEMANTIC_LOSS MEAN_IOU PIX_ACC | DEPTH_LOSS ABS_ERR REL_ERR | NORMAL_LOSS MEAN MED <11.25 <22.5 <30 | ∆m (test)
Epoch: 0126 | lr=0.0001 | epoch lenth=398 | train time: 228.825 s | method pcgrad | TRAIN: 0.4082 0.5536 0.7715 | 0.2889 0.2889 0.1389 | 0.1398 24.7812 19.3441 0.2882 0.5726 0.6992 || TEST: 1.2238 0.4145 0.6634 | 0.5549 0.5549 0.2202 | 0.1579 27.2017 22.7393 0.2381 0.4989 0.6322 | 2.063
LOSS FORMAT: SEMANTIC_LOSS MEAN_IOU PIX_ACC | DEPTH_LOSS ABS_ERR REL_ERR | NORMAL_LOSS MEAN MED <11.25 <22.5 <30 | ∆m (test)
Epoch: 0127 | lr=0.0001 | epoch lenth=398 | train time: 196.667 s | method pcgrad | TRAIN: 0.3941 0.5670 0.7787 | 0.2934 0.2934 0.1406 | 0.1379 24.6176 19.3003 0.2895 0.5747 0.7015 || TEST: 1.2049 0.4061 0.6509 | 0.5566 0.5566 0.2293 | 0.1606 27.6787 23.4394 0.2200 0.4848 0.6228 | 4.631
LOSS FORMAT: SEMANTIC_LOSS MEAN_IOU PIX_ACC | DEPTH_LOSS ABS_ERR REL_ERR | NORMAL_LOSS MEAN MED <11.25 <22.5 <30 | ∆m (test)
Epoch: 0128 | lr=0.0001 | epoch lenth=398 | train time: 196.076 s | method pcgrad | TRAIN: 0.3804 0.5656 0.7757 | 0.2887 0.2887 0.1389 | 0.1383 24.6679 19.3790 0.2876 0.5742 0.7012 || TEST: 1.2546 0.4147 0.6583 | 0.5633 0.5633 0.2295 | 0.1555 26.9368 22.3946 0.2411 0.5054 0.6400 | 1.976
LOSS FORMAT: SEMANTIC_LOSS MEAN_IOU PIX_ACC | DEPTH_LOSS ABS_ERR REL_ERR | NORMAL_LOSS MEAN MED <11.25 <22.5 <30 | ∆m (test)
Epoch: 0129 | lr=0.0001 | epoch lenth=398 | train time: 197.799 s | method pcgrad | TRAIN: 0.3931 0.5683 0.7767 | 0.2873 0.2873 0.1385 | 0.1382 24.5557 19.0740 0.2955 0.5787 0.7034 || TEST: 1.2776 0.4042 0.6565 | 0.5571 0.5571 0.2304 | 0.1581 27.1738 22.5620 0.2398 0.5026 0.6361 | 2.618
LOSS FORMAT: SEMANTIC_LOSS MEAN_IOU PIX_ACC | DEPTH_LOSS ABS_ERR REL_ERR | NORMAL_LOSS MEAN MED <11.25 <22.5 <30 | ∆m (test)
Epoch: 0130 | lr=0.0001 | epoch lenth=398 | train time: 199.300 s | method pcgrad | TRAIN: 0.3842 0.5626 0.7775 | 0.2866 0.2866 0.1381 | 0.1355 24.3045 18.8619 0.2973 0.5834 0.7083 || TEST: 1.2293 0.4026 0.6580 | 0.5637 0.5637 0.2400 | 0.1595 27.4367 23.0279 0.2305 0.4933 0.6288 | 4.150
LOSS FORMAT: SEMANTIC_LOSS MEAN_IOU PIX_ACC | DEPTH_LOSS ABS_ERR REL_ERR | NORMAL_LOSS MEAN MED <11.25 <22.5 <30 | ∆m (test)
Epoch: 0131 | lr=0.0001 | epoch lenth=398 | train time: 195.633 s | method pcgrad | TRAIN: 0.3705 0.5686 0.7808 | 0.2866 0.2866 0.1354 | 0.1363 24.4070 19.0329 0.2940 0.5811 0.7072 || TEST: 1.2518 0.3942 0.6538 | 0.5374 0.5374 0.2171 | 0.1558 26.8979 22.3406 0.2461 0.5075 0.6400 | 1.454
LOSS FORMAT: SEMANTIC_LOSS MEAN_IOU PIX_ACC | DEPTH_LOSS ABS_ERR REL_ERR | NORMAL_LOSS MEAN MED <11.25 <22.5 <30 | ∆m (test)
Epoch: 0132 | lr=0.0001 | epoch lenth=398 | train time: 202.334 s | method pcgrad | TRAIN: 0.3738 0.5651 0.7773 | 0.2872 0.2872 0.1373 | 0.1370 24.4281 18.9553 0.2980 0.5817 0.7060 || TEST: 1.2962 0.3949 0.6456 | 0.5407 0.5407 0.2178 | 0.1556 26.7893 22.0062 0.2511 0.5144 0.6451 | 1.021
LOSS FORMAT: SEMANTIC_LOSS MEAN_IOU PIX_ACC | DEPTH_LOSS ABS_ERR REL_ERR | NORMAL_LOSS MEAN MED <11.25 <22.5 <30 | ∆m (test)
Epoch: 0133 | lr=0.0001 | epoch lenth=398 | train time: 191.508 s | method pcgrad | TRAIN: 0.3810 0.5593 0.7731 | 0.2882 0.2882 0.1363 | 0.1370 24.4617 19.0970 0.2955 0.5800 0.7049 || TEST: 1.2637 0.4051 0.6579 | 0.5418 0.5418 0.2194 | 0.1529 26.5354 21.8491 0.2542 0.5168 0.6486 | 0.168
LOSS FORMAT: SEMANTIC_LOSS MEAN_IOU PIX_ACC | DEPTH_LOSS ABS_ERR REL_ERR | NORMAL_LOSS MEAN MED <11.25 <22.5 <30 | ∆m (test)
Epoch: 0134 | lr=0.0001 | epoch lenth=398 | train time: 190.691 s | method pcgrad | TRAIN: 0.3830 0.5660 0.7784 | 0.2844 0.2844 0.1373 | 0.1383 24.5758 19.1261 0.2945 0.5778 0.7027 || TEST: 1.2073 0.4105 0.6624 | 0.5523 0.5523 0.2211 | 0.1590 27.3554 23.1105 0.2367 0.4918 0.6270 | 2.750
LOSS FORMAT: SEMANTIC_LOSS MEAN_IOU PIX_ACC | DEPTH_LOSS ABS_ERR REL_ERR | NORMAL_LOSS MEAN MED <11.25 <22.5 <30 | ∆m (test)
Epoch: 0135 | lr=0.0001 | epoch lenth=398 | train time: 188.554 s | method pcgrad | TRAIN: 0.3542 0.5746 0.7848 | 0.2839 0.2839 0.1328 | 0.1343 24.1644 18.7445 0.3002 0.5871 0.7114 || TEST: 1.3237 0.3938 0.6471 | 0.5552 0.5552 0.2217 | 0.1568 27.0785 22.5863 0.2391 0.5025 0.6373 | 2.684
LOSS FORMAT: SEMANTIC_LOSS MEAN_IOU PIX_ACC | DEPTH_LOSS ABS_ERR REL_ERR | NORMAL_LOSS MEAN MED <11.25 <22.5 <30 | ∆m (test)
Epoch: 0136 | lr=0.0001 | epoch lenth=398 | train time: 190.269 s | method pcgrad | TRAIN: 0.3631 0.5691 0.7766 | 0.2830 0.2830 0.1356 | 0.1369 24.4350 19.0058 0.2949 0.5819 0.7073 || TEST: 1.3114 0.3829 0.6393 | 0.5496 0.5496 0.2170 | 0.1559 26.8544 22.1811 0.2497 0.5103 0.6423 | 1.901
LOSS FORMAT: SEMANTIC_LOSS MEAN_IOU PIX_ACC | DEPTH_LOSS ABS_ERR REL_ERR | NORMAL_LOSS MEAN MED <11.25 <22.5 <30 | ∆m (test)
Epoch: 0137 | lr=0.0001 | epoch lenth=398 | train time: 231.439 s | method pcgrad | TRAIN: 0.3659 0.5608 0.7722 | 0.2844 0.2844 0.1349 | 0.1351 24.2486 18.8209 0.2993 0.5851 0.7096 || TEST: 1.2563 0.3910 0.6514 | 0.6006 0.6006 0.2330 | 0.1584 27.3688 22.9414 0.2279 0.4945 0.6309 | 4.892
LOSS FORMAT: SEMANTIC_LOSS MEAN_IOU PIX_ACC | DEPTH_LOSS ABS_ERR REL_ERR | NORMAL_LOSS MEAN MED <11.25 <22.5 <30 | ∆m (test)
Epoch: 0138 | lr=0.0001 | epoch lenth=398 | train time: 196.219 s | method pcgrad | TRAIN: 0.3542 0.5685 0.7804 | 0.2780 0.2780 0.1318 | 0.1331 24.0699 18.7170 0.3001 0.5871 0.7128 || TEST: 1.2254 0.4101 0.6611 | 0.5441 0.5441 0.2263 | 0.1573 27.1140 22.6208 0.2410 0.5022 0.6352 | 1.972
LOSS FORMAT: SEMANTIC_LOSS MEAN_IOU PIX_ACC | DEPTH_LOSS ABS_ERR REL_ERR | NORMAL_LOSS MEAN MED <11.25 <22.5 <30 | ∆m (test)
Epoch: 0139 | lr=0.0001 | epoch lenth=398 | train time: 267.678 s | method pcgrad | TRAIN: 0.3414 0.5820 0.7867 | 0.2746 0.2746 0.1290 | 0.1338 24.1462 18.7590 0.2968 0.5872 0.7135 || TEST: 1.2859 0.3938 0.6493 | 0.5611 0.5611 0.2329 | 0.1545 26.8626 22.4311 0.2420 0.5059 0.6405 | 2.783
LOSS FORMAT: SEMANTIC_LOSS MEAN_IOU PIX_ACC | DEPTH_LOSS ABS_ERR REL_ERR | NORMAL_LOSS MEAN MED <11.25 <22.5 <30 | ∆m (test)
Epoch: 0140 | lr=0.0001 | epoch lenth=398 | train time: 197.415 s | method pcgrad | TRAIN: 0.3685 0.5671 0.7769 | 0.2787 0.2787 0.1370 | 0.1358 24.3355 18.9067 0.2975 0.5837 0.7078 || TEST: 1.2764 0.3857 0.6460 | 0.5881 0.5881 0.2279 | 0.1597 27.5402 23.2277 0.2243 0.4892 0.6272 | 5.269
LOSS FORMAT: SEMANTIC_LOSS MEAN_IOU PIX_ACC | DEPTH_LOSS ABS_ERR REL_ERR | NORMAL_LOSS MEAN MED <11.25 <22.5 <30 | ∆m (test)
Epoch: 0141 | lr=0.0001 | epoch lenth=398 | train time: 198.692 s | method pcgrad | TRAIN: 0.3509 0.5679 0.7783 | 0.2819 0.2819 0.1346 | 0.1350 24.2532 18.8269 0.2978 0.5850 0.7106 || TEST: 1.3021 0.3917 0.6471 | 0.5315 0.5315 0.2157 | 0.1575 27.1693 22.7106 0.2382 0.4999 0.6345 | 2.356
LOSS FORMAT: SEMANTIC_LOSS MEAN_IOU PIX_ACC | DEPTH_LOSS ABS_ERR REL_ERR | NORMAL_LOSS MEAN MED <11.25 <22.5 <30 | ∆m (test)
Epoch: 0142 | lr=0.0001 | epoch lenth=398 | train time: 197.149 s | method pcgrad | TRAIN: 0.3542 0.5708 0.7782 | 0.2749 0.2749 0.1328 | 0.1358 24.3232 18.8861 0.2978 0.5839 0.7088 || TEST: 1.3034 0.4040 0.6497 | 0.5690 0.5690 0.2341 | 0.1567 27.0048 22.4176 0.2434 0.5060 0.6386 | 2.686
LOSS FORMAT: SEMANTIC_LOSS MEAN_IOU PIX_ACC | DEPTH_LOSS ABS_ERR REL_ERR | NORMAL_LOSS MEAN MED <11.25 <22.5 <30 | ∆m (test)
Epoch: 0143 | lr=0.0001 | epoch lenth=398 | train time: 195.883 s | method pcgrad | TRAIN: 0.3524 0.5740 0.7799 | 0.2785 0.2785 0.1326 | 0.1332 24.0721 18.6981 0.3000 0.5887 0.7132 || TEST: 1.2718 0.4000 0.6570 | 0.5623 0.5623 0.2432 | 0.1583 27.3433 22.9803 0.2300 0.4948 0.6310 | 4.237
LOSS FORMAT: SEMANTIC_LOSS MEAN_IOU PIX_ACC | DEPTH_LOSS ABS_ERR REL_ERR | NORMAL_LOSS MEAN MED <11.25 <22.5 <30 | ∆m (test)
Epoch: 0144 | lr=0.0001 | epoch lenth=398 | train time: 196.266 s | method pcgrad | TRAIN: 0.3347 0.5790 0.7854 | 0.2705 0.2705 0.1277 | 0.1326 23.9916 18.5357 0.3017 0.5916 0.7161 || TEST: 1.2775 0.4080 0.6568 | 0.5412 0.5412 0.2274 | 0.1566 26.9788 22.3301 0.2441 0.5077 0.6402 | 1.574
LOSS FORMAT: SEMANTIC_LOSS MEAN_IOU PIX_ACC | DEPTH_LOSS ABS_ERR REL_ERR | NORMAL_LOSS MEAN MED <11.25 <22.5 <30 | ∆m (test)
Epoch: 0145 | lr=0.0001 | epoch lenth=398 | train time: 194.677 s | method pcgrad | TRAIN: 0.3449 0.5781 0.7843 | 0.2726 0.2726 0.1316 | 0.1338 24.1582 18.7924 0.2963 0.5870 0.7128 || TEST: 1.2257 0.4143 0.6617 | 0.5430 0.5430 0.2223 | 0.1589 27.3948 22.9447 0.2284 0.4953 0.6310 | 2.640
LOSS FORMAT: SEMANTIC_LOSS MEAN_IOU PIX_ACC | DEPTH_LOSS ABS_ERR REL_ERR | NORMAL_LOSS MEAN MED <11.25 <22.5 <30 | ∆m (test)
Epoch: 0146 | lr=0.0001 | epoch lenth=398 | train time: 196.052 s | method pcgrad | TRAIN: 0.3415 0.5786 0.7873 | 0.2737 0.2737 0.1303 | 0.1335 24.0707 18.6122 0.3012 0.5900 0.7140 || TEST: 1.2992 0.4004 0.6513 | 0.5485 0.5485 0.2265 | 0.1554 26.8665 22.2764 0.2463 0.5081 0.6409 | 1.792
LOSS FORMAT: SEMANTIC_LOSS MEAN_IOU PIX_ACC | DEPTH_LOSS ABS_ERR REL_ERR | NORMAL_LOSS MEAN MED <11.25 <22.5 <30 | ∆m (test)
Epoch: 0147 | lr=0.0001 | epoch lenth=398 | train time: 196.511 s | method pcgrad | TRAIN: 0.3461 0.5717 0.7819 | 0.2777 0.2777 0.1332 | 0.1352 24.2642 18.8321 0.2973 0.5860 0.7109 || TEST: 1.2499 0.4022 0.6555 | 0.5483 0.5483 0.2184 | 0.1612 27.6687 23.2592 0.2232 0.4884 0.6248 | 3.762
LOSS FORMAT: SEMANTIC_LOSS MEAN_IOU PIX_ACC | DEPTH_LOSS ABS_ERR REL_ERR | NORMAL_LOSS MEAN MED <11.25 <22.5 <30 | ∆m (test)
Epoch: 0148 | lr=0.0001 | epoch lenth=398 | train time: 195.887 s | method pcgrad | TRAIN: 0.3299 0.5770 0.7863 | 0.2726 0.2726 0.1311 | 0.1320 23.8650 18.3948 0.3073 0.5960 0.7186 || TEST: 1.2541 0.4020 0.6540 | 0.5476 0.5476 0.2224 | 0.1573 27.1570 22.8073 0.2394 0.4981 0.6325 | 2.544
LOSS FORMAT: SEMANTIC_LOSS MEAN_IOU PIX_ACC | DEPTH_LOSS ABS_ERR REL_ERR | NORMAL_LOSS MEAN MED <11.25 <22.5 <30 | ∆m (test)
Epoch: 0149 | lr=0.0001 | epoch lenth=398 | train time: 197.003 s | method pcgrad | TRAIN: 0.3295 0.5842 0.7854 | 0.2676 0.2676 0.1276 | 0.1324 23.9557 18.5821 0.3031 0.5923 0.7166 || TEST: 1.2832 0.4073 0.6518 | 0.5390 0.5390 0.2214 | 0.1539 26.7538 22.2591 0.2462 0.5081 0.6424 | 1.144
LOSS FORMAT: SEMANTIC_LOSS MEAN_IOU PIX_ACC | DEPTH_LOSS ABS_ERR REL_ERR | NORMAL_LOSS MEAN MED <11.25 <22.5 <30 | ∆m (test)
Epoch: 0150 | lr=0.0001 | epoch lenth=398 | train time: 197.570 s | method pcgrad | TRAIN: 0.3252 0.5843 0.7850 | 0.2647 0.2647 0.1260 | 0.1316 23.8400 18.3646 0.3056 0.5971 0.7200 || TEST: 1.2770 0.3826 0.6487 | 0.5516 0.5516 0.2292 | 0.1592 27.5317 23.3627 0.2244 0.4865 0.6241 | 4.937
LOSS FORMAT: SEMANTIC_LOSS MEAN_IOU PIX_ACC | DEPTH_LOSS ABS_ERR REL_ERR | NORMAL_LOSS MEAN MED <11.25 <22.5 <30 | ∆m (test)
Epoch: 0151 | lr=0.0001 | epoch lenth=398 | train time: 195.732 s | method pcgrad | TRAIN: 0.3270 0.5698 0.7837 | 0.2615 0.2615 0.1247 | 0.1308 23.7517 18.3184 0.3084 0.5981 0.7207 || TEST: 1.2726 0.4107 0.6553 | 0.5498 0.5498 0.2249 | 0.1577 27.2245 22.8688 0.2355 0.4971 0.6325 | 2.632
LOSS FORMAT: SEMANTIC_LOSS MEAN_IOU PIX_ACC | DEPTH_LOSS ABS_ERR REL_ERR | NORMAL_LOSS MEAN MED <11.25 <22.5 <30 | ∆m (test)
Epoch: 0152 | lr=0.0001 | epoch lenth=398 | train time: 196.017 s | method pcgrad | TRAIN: 0.3204 0.5900 0.7876 | 0.2703 0.2703 0.1278 | 0.1319 23.8718 18.4121 0.3066 0.5952 0.7178 || TEST: 1.3132 0.3939 0.6501 | 0.5605 0.5605 0.2330 | 0.1596 27.3152 22.8038 0.2405 0.4984 0.6305 | 3.536
LOSS FORMAT: SEMANTIC_LOSS MEAN_IOU PIX_ACC | DEPTH_LOSS ABS_ERR REL_ERR | NORMAL_LOSS MEAN MED <11.25 <22.5 <30 | ∆m (test)
Epoch: 0153 | lr=0.0001 | epoch lenth=398 | train time: 195.671 s | method pcgrad | TRAIN: 0.3197 0.5807 0.7853 | 0.2589 0.2589 0.1227 | 0.1315 23.8683 18.4836 0.3041 0.5936 0.7182 || TEST: 1.3188 0.3965 0.6544 | 0.5487 0.5487 0.2247 | 0.1550 26.8131 22.2930 0.2485 0.5079 0.6418 | 1.681
LOSS FORMAT: SEMANTIC_LOSS MEAN_IOU PIX_ACC | DEPTH_LOSS ABS_ERR REL_ERR | NORMAL_LOSS MEAN MED <11.25 <22.5 <30 | ∆m (test)
Epoch: 0154 | lr=0.0001 | epoch lenth=398 | train time: 195.932 s | method pcgrad | TRAIN: 0.3209 0.5782 0.7868 | 0.2635 0.2635 0.1260 | 0.1308 23.7759 18.3705 0.3063 0.5976 0.7211 || TEST: 1.3214 0.4097 0.6545 | 0.5407 0.5407 0.2132 | 0.1588 27.1760 22.5408 0.2442 0.5040 0.6353 | 1.341
LOSS FORMAT: SEMANTIC_LOSS MEAN_IOU PIX_ACC | DEPTH_LOSS ABS_ERR REL_ERR | NORMAL_LOSS MEAN MED <11.25 <22.5 <30 | ∆m (test)
Epoch: 0155 | lr=0.0001 | epoch lenth=398 | train time: 195.823 s | method pcgrad | TRAIN: 0.3233 0.5845 0.7865 | 0.2677 0.2677 0.1260 | 0.1318 23.8770 18.4371 0.3047 0.5950 0.7187 || TEST: 1.3421 0.3946 0.6474 | 0.5518 0.5518 0.2257 | 0.1537 26.5318 21.7581 0.2585 0.5191 0.6493 | 0.806
LOSS FORMAT: SEMANTIC_LOSS MEAN_IOU PIX_ACC | DEPTH_LOSS ABS_ERR REL_ERR | NORMAL_LOSS MEAN MED <11.25 <22.5 <30 | ∆m (test)
Epoch: 0156 | lr=0.0001 | epoch lenth=398 | train time: 204.133 s | method pcgrad | TRAIN: 0.3121 0.5771 0.7853 | 0.2683 0.2683 0.1278 | 0.1300 23.6544 18.1762 0.3104 0.6009 0.7236 || TEST: 1.2930 0.4006 0.6606 | 0.5521 0.5521 0.2226 | 0.1556 26.7445 21.9403 0.2545 0.5153 0.6452 | 0.768
LOSS FORMAT: SEMANTIC_LOSS MEAN_IOU PIX_ACC | DEPTH_LOSS ABS_ERR REL_ERR | NORMAL_LOSS MEAN MED <11.25 <22.5 <30 | ∆m (test)
Epoch: 0157 | lr=0.0001 | epoch lenth=398 | train time: 257.437 s | method pcgrad | TRAIN: 0.3131 0.5883 0.7917 | 0.2601 0.2601 0.1230 | 0.1310 23.7681 18.2396 0.3069 0.5984 0.7217 || TEST: 1.3339 0.3933 0.6512 | 0.5476 0.5476 0.2181 | 0.1569 27.0134 22.4070 0.2445 0.5058 0.6384 | 1.943
LOSS FORMAT: SEMANTIC_LOSS MEAN_IOU PIX_ACC | DEPTH_LOSS ABS_ERR REL_ERR | NORMAL_LOSS MEAN MED <11.25 <22.5 <30 | ∆m (test)
Epoch: 0158 | lr=0.0001 | epoch lenth=398 | train time: 194.600 s | method pcgrad | TRAIN: 0.3117 0.5777 0.7871 | 0.2663 0.2663 0.1278 | 0.1291 23.6140 18.2210 0.3070 0.6004 0.7248 || TEST: 1.2883 0.3933 0.6475 | 0.5332 0.5332 0.2205 | 0.1560 27.0599 22.6430 0.2365 0.5014 0.6365 | 2.437
LOSS FORMAT: SEMANTIC_LOSS MEAN_IOU PIX_ACC | DEPTH_LOSS ABS_ERR REL_ERR | NORMAL_LOSS MEAN MED <11.25 <22.5 <30 | ∆m (test)
Epoch: 0159 | lr=0.0001 | epoch lenth=398 | train time: 194.427 s | method pcgrad | TRAIN: 0.2990 0.5823 0.7882 | 0.2611 0.2611 0.1237 | 0.1302 23.6990 18.2978 0.3076 0.5999 0.7224 || TEST: 1.3368 0.3795 0.6401 | 0.5502 0.5502 0.2196 | 0.1588 27.3168 22.7421 0.2334 0.4990 0.6328 | 3.599
LOSS FORMAT: SEMANTIC_LOSS MEAN_IOU PIX_ACC | DEPTH_LOSS ABS_ERR REL_ERR | NORMAL_LOSS MEAN MED <11.25 <22.5 <30 | ∆m (test)
Epoch: 0160 | lr=0.0001 | epoch lenth=398 | train time: 197.312 s | method pcgrad | TRAIN: 0.3119 0.5761 0.7820 | 0.2569 0.2569 0.1221 | 0.1281 23.4394 17.9720 0.3133 0.6060 0.7282 || TEST: 1.2950 0.3970 0.6527 | 0.5386 0.5386 0.2251 | 0.1567 26.8942 22.2206 0.2514 0.5107 0.6409 | 1.393
LOSS FORMAT: SEMANTIC_LOSS MEAN_IOU PIX_ACC | DEPTH_LOSS ABS_ERR REL_ERR | NORMAL_LOSS MEAN MED <11.25 <22.5 <30 | ∆m (test)
Epoch: 0161 | lr=0.0001 | epoch lenth=398 | train time: 195.221 s | method pcgrad | TRAIN: 0.3104 0.5850 0.7881 | 0.2631 0.2631 0.1250 | 0.1297 23.5892 18.0316 0.3125 0.6037 0.7248 || TEST: 1.2818 0.4113 0.6611 | 0.5418 0.5418 0.2240 | 0.1570 27.0174 22.3993 0.2444 0.5064 0.6385 | 1.380
LOSS FORMAT: SEMANTIC_LOSS MEAN_IOU PIX_ACC | DEPTH_LOSS ABS_ERR REL_ERR | NORMAL_LOSS MEAN MED <11.25 <22.5 <30 | ∆m (test)
Epoch: 0162 | lr=0.0001 | epoch lenth=398 | train time: 195.574 s | method pcgrad | TRAIN: 0.3099 0.5932 0.7925 | 0.2559 0.2559 0.1227 | 0.1294 23.5890 18.0970 0.3095 0.6033 0.7257 || TEST: 1.2972 0.4054 0.6578 | 0.5595 0.5595 0.2352 | 0.1523 26.4786 21.7135 0.2546 0.5194 0.6504 | 0.890
LOSS FORMAT: SEMANTIC_LOSS MEAN_IOU PIX_ACC | DEPTH_LOSS ABS_ERR REL_ERR | NORMAL_LOSS MEAN MED <11.25 <22.5 <30 | ∆m (test)
Epoch: 0163 | lr=0.0001 | epoch lenth=398 | train time: 196.972 s | method pcgrad | TRAIN: 0.3005 0.5908 0.7927 | 0.2598 0.2598 0.1233 | 0.1275 23.3853 17.9769 0.3145 0.6067 0.7287 || TEST: 1.3287 0.3932 0.6530 | 0.5422 0.5422 0.2245 | 0.1552 26.9134 22.4226 0.2437 0.5047 0.6383 | 2.099
LOSS FORMAT: SEMANTIC_LOSS MEAN_IOU PIX_ACC | DEPTH_LOSS ABS_ERR REL_ERR | NORMAL_LOSS MEAN MED <11.25 <22.5 <30 | ∆m (test)
Epoch: 0164 | lr=0.0001 | epoch lenth=398 | train time: 196.701 s | method pcgrad | TRAIN: 0.2948 0.5907 0.7911 | 0.2589 0.2589 0.1239 | 0.1273 23.3199 17.8165 0.3183 0.6096 0.7301 || TEST: 1.3240 0.3738 0.6486 | 0.5564 0.5564 0.2156 | 0.1582 27.2801 22.8263 0.2330 0.4975 0.6330 | 3.633
LOSS FORMAT: SEMANTIC_LOSS MEAN_IOU PIX_ACC | DEPTH_LOSS ABS_ERR REL_ERR | NORMAL_LOSS MEAN MED <11.25 <22.5 <30 | ∆m (test)
Epoch: 0165 | lr=0.0001 | epoch lenth=398 | train time: 196.237 s | method pcgrad | TRAIN: 0.3029 0.5775 0.7878 | 0.2548 0.2548 0.1210 | 0.1284 23.4955 18.0308 0.3110 0.6046 0.7274 || TEST: 1.2778 0.3780 0.6547 | 0.5697 0.5697 0.2429 | 0.1592 27.0796 22.2412 0.2497 0.5096 0.6407 | 3.311
LOSS FORMAT: SEMANTIC_LOSS MEAN_IOU PIX_ACC | DEPTH_LOSS ABS_ERR REL_ERR | NORMAL_LOSS MEAN MED <11.25 <22.5 <30 | ∆m (test)
Epoch: 0166 | lr=0.0001 | epoch lenth=398 | train time: 197.260 s | method pcgrad | TRAIN: 0.2976 0.5818 0.7915 | 0.2539 0.2539 0.1203 | 0.1271 23.3320 17.8599 0.3156 0.6086 0.7298 || TEST: 1.3338 0.4087 0.6612 | 0.5480 0.5480 0.2210 | 0.1532 26.5283 21.6778 0.2546 0.5213 0.6510 | -0.070
LOSS FORMAT: SEMANTIC_LOSS MEAN_IOU PIX_ACC | DEPTH_LOSS ABS_ERR REL_ERR | NORMAL_LOSS MEAN MED <11.25 <22.5 <30 | ∆m (test)
Epoch: 0167 | lr=0.0001 | epoch lenth=398 | train time: 196.703 s | method pcgrad | TRAIN: 0.2962 0.5942 0.7943 | 0.2572 0.2572 0.1246 | 0.1288 23.5270 18.1325 0.3108 0.6040 0.7267 || TEST: 1.3270 0.3946 0.6586 | 0.5444 0.5444 0.2227 | 0.1605 27.5047 23.2377 0.2352 0.4895 0.6232 | 3.513
LOSS FORMAT: SEMANTIC_LOSS MEAN_IOU PIX_ACC | DEPTH_LOSS ABS_ERR REL_ERR | NORMAL_LOSS MEAN MED <11.25 <22.5 <30 | ∆m (test)
Epoch: 0168 | lr=0.0001 | epoch lenth=398 | train time: 197.094 s | method pcgrad | TRAIN: 0.2896 0.5934 0.7942 | 0.2623 0.2623 0.1243 | 0.1271 23.3466 17.9348 0.3153 0.6072 0.7293 || TEST: 1.3133 0.4014 0.6579 | 0.5348 0.5348 0.2208 | 0.1583 27.2491 22.7889 0.2368 0.4979 0.6324 | 2.345
LOSS FORMAT: SEMANTIC_LOSS MEAN_IOU PIX_ACC | DEPTH_LOSS ABS_ERR REL_ERR | NORMAL_LOSS MEAN MED <11.25 <22.5 <30 | ∆m (test)
Epoch: 0169 | lr=0.0001 | epoch lenth=398 | train time: 196.504 s | method pcgrad | TRAIN: 0.2831 0.5952 0.7951 | 0.2521 0.2521 0.1193 | 0.1267 23.2537 17.7896 0.3190 0.6112 0.7319 || TEST: 1.3201 0.4028 0.6647 | 0.5457 0.5457 0.2207 | 0.1572 27.0483 22.3539 0.2421 0.5072 0.6396 | 1.533
LOSS FORMAT: SEMANTIC_LOSS MEAN_IOU PIX_ACC | DEPTH_LOSS ABS_ERR REL_ERR | NORMAL_LOSS MEAN MED <11.25 <22.5 <30 | ∆m (test)
Epoch: 0170 | lr=0.0001 | epoch lenth=398 | train time: 197.157 s | method pcgrad | TRAIN: 0.3010 0.5900 0.7953 | 0.2557 0.2557 0.1220 | 0.1285 23.4322 17.9085 0.3172 0.6070 0.7276 || TEST: 1.2999 0.4014 0.6576 | 0.5581 0.5581 0.2188 | 0.1590 27.3777 22.9964 0.2316 0.4944 0.6301 | 3.130
LOSS FORMAT: SEMANTIC_LOSS MEAN_IOU PIX_ACC | DEPTH_LOSS ABS_ERR REL_ERR | NORMAL_LOSS MEAN MED <11.25 <22.5 <30 | ∆m (test)
Epoch: 0171 | lr=0.0001 | epoch lenth=398 | train time: 196.165 s | method pcgrad | TRAIN: 0.2915 0.5916 0.7938 | 0.2567 0.2567 0.1224 | 0.1273 23.3323 17.8668 0.3160 0.6095 0.7306 || TEST: 1.3151 0.4014 0.6549 | 0.5395 0.5395 0.2186 | 0.1545 26.8130 22.2868 0.2449 0.5079 0.6422 | 1.257
LOSS FORMAT: SEMANTIC_LOSS MEAN_IOU PIX_ACC | DEPTH_LOSS ABS_ERR REL_ERR | NORMAL_LOSS MEAN MED <11.25 <22.5 <30 | ∆m (test)
Epoch: 0172 | lr=0.0001 | epoch lenth=398 | train time: 197.559 s | method pcgrad | TRAIN: 0.2827 0.5950 0.7940 | 0.2452 0.2452 0.1169 | 0.1256 23.1376 17.6560 0.3196 0.6137 0.7345 || TEST: 1.3244 0.4012 0.6627 | 0.5701 0.5701 0.2414 | 0.1568 26.8543 22.0915 0.2543 0.5124 0.6426 | 2.006
LOSS FORMAT: SEMANTIC_LOSS MEAN_IOU PIX_ACC | DEPTH_LOSS ABS_ERR REL_ERR | NORMAL_LOSS MEAN MED <11.25 <22.5 <30 | ∆m (test)
Epoch: 0173 | lr=0.0001 | epoch lenth=398 | train time: 196.172 s | method pcgrad | TRAIN: 0.2828 0.5935 0.7974 | 0.2532 0.2532 0.1191 | 0.1249 23.0827 17.6325 0.3206 0.6143 0.7354 || TEST: 1.2906 0.4015 0.6573 | 0.5187 0.5187 0.2106 | 0.1545 26.7379 22.1478 0.2505 0.5107 0.6434 | 0.157
LOSS FORMAT: SEMANTIC_LOSS MEAN_IOU PIX_ACC | DEPTH_LOSS ABS_ERR REL_ERR | NORMAL_LOSS MEAN MED <11.25 <22.5 <30 | ∆m (test)
Epoch: 0174 | lr=0.0001 | epoch lenth=398 | train time: 203.985 s | method pcgrad | TRAIN: 0.2954 0.5916 0.7930 | 0.2533 0.2533 0.1210 | 0.1285 23.4925 18.0601 0.3115 0.6051 0.7275 || TEST: 1.4026 0.3820 0.6437 | 0.5332 0.5332 0.2115 | 0.1544 26.7103 22.0072 0.2500 0.5146 0.6464 | 1.036
LOSS FORMAT: SEMANTIC_LOSS MEAN_IOU PIX_ACC | DEPTH_LOSS ABS_ERR REL_ERR | NORMAL_LOSS MEAN MED <11.25 <22.5 <30 | ∆m (test)
Epoch: 0175 | lr=0.0001 | epoch lenth=398 | train time: 254.880 s | method pcgrad | TRAIN: 0.2686 0.5885 0.7913 | 0.2491 0.2491 0.1165 | 0.1245 23.0467 17.6225 0.3204 0.6152 0.7363 || TEST: 1.3199 0.4067 0.6596 | 0.5409 0.5409 0.2299 | 0.1578 27.1701 22.6408 0.2385 0.5013 0.6355 | 2.331
LOSS FORMAT: SEMANTIC_LOSS MEAN_IOU PIX_ACC | DEPTH_LOSS ABS_ERR REL_ERR | NORMAL_LOSS MEAN MED <11.25 <22.5 <30 | ∆m (test)
Epoch: 0176 | lr=0.0001 | epoch lenth=398 | train time: 196.029 s | method pcgrad | TRAIN: 0.2779 0.5987 0.7968 | 0.2463 0.2463 0.1155 | 0.1250 23.0938 17.5846 0.3203 0.6144 0.7358 || TEST: 1.3318 0.3975 0.6624 | 0.5410 0.5410 0.2278 | 0.1556 26.8577 22.2839 0.2491 0.5077 0.6396 | 1.539
LOSS FORMAT: SEMANTIC_LOSS MEAN_IOU PIX_ACC | DEPTH_LOSS ABS_ERR REL_ERR | NORMAL_LOSS MEAN MED <11.25 <22.5 <30 | ∆m (test)
Epoch: 0177 | lr=0.0001 | epoch lenth=398 | train time: 196.777 s | method pcgrad | TRAIN: 0.2818 0.5980 0.7980 | 0.2551 0.2551 0.1220 | 0.1262 23.1931 17.7205 0.3198 0.6124 0.7331 || TEST: 1.4528 0.3845 0.6392 | 0.5434 0.5434 0.2249 | 0.1542 26.7016 21.9975 0.2488 0.5145 0.6468 | 1.776
LOSS FORMAT: SEMANTIC_LOSS MEAN_IOU PIX_ACC | DEPTH_LOSS ABS_ERR REL_ERR | NORMAL_LOSS MEAN MED <11.25 <22.5 <30 | ∆m (test)
Epoch: 0178 | lr=0.0001 | epoch lenth=398 | train time: 193.927 s | method pcgrad | TRAIN: 0.2684 0.5874 0.7891 | 0.2540 0.2540 0.1214 | 0.1257 23.1310 17.6173 0.3215 0.6145 0.7344 || TEST: 1.3284 0.3992 0.6594 | 0.5369 0.5369 0.2177 | 0.1570 27.0722 22.5421 0.2414 0.5028 0.6368 | 1.739
LOSS FORMAT: SEMANTIC_LOSS MEAN_IOU PIX_ACC | DEPTH_LOSS ABS_ERR REL_ERR | NORMAL_LOSS MEAN MED <11.25 <22.5 <30 | ∆m (test)
Epoch: 0179 | lr=0.0001 | epoch lenth=398 | train time: 192.750 s | method pcgrad | TRAIN: 0.2777 0.5950 0.7969 | 0.2479 0.2479 0.1175 | 0.1254 23.1394 17.7461 0.3194 0.6135 0.7344 || TEST: 1.3087 0.4114 0.6628 | 0.5475 0.5475 0.2287 | 0.1540 26.7443 22.1412 0.2460 0.5113 0.6444 | 1.105
LOSS FORMAT: SEMANTIC_LOSS MEAN_IOU PIX_ACC | DEPTH_LOSS ABS_ERR REL_ERR | NORMAL_LOSS MEAN MED <11.25 <22.5 <30 | ∆m (test)
Epoch: 0180 | lr=0.0001 | epoch lenth=398 | train time: 193.223 s | method pcgrad | TRAIN: 0.2761 0.6037 0.7982 | 0.2462 0.2462 0.1185 | 0.1252 23.0718 17.5987 0.3222 0.6164 0.7366 || TEST: 1.3919 0.4054 0.6546 | 0.5598 0.5598 0.2357 | 0.1539 26.5491 21.6830 0.2573 0.5207 0.6506 | 0.857
LOSS FORMAT: SEMANTIC_LOSS MEAN_IOU PIX_ACC | DEPTH_LOSS ABS_ERR REL_ERR | NORMAL_LOSS MEAN MED <11.25 <22.5 <30 | ∆m (test)
Epoch: 0181 | lr=0.0001 | epoch lenth=398 | train time: 194.488 s | method pcgrad | TRAIN: 0.2710 0.5963 0.7959 | 0.2431 0.2431 0.1176 | 0.1243 22.9615 17.4741 0.3256 0.6179 0.7372 || TEST: 1.3413 0.4040 0.6603 | 0.5469 0.5469 0.2213 | 0.1556 26.8318 22.1309 0.2489 0.5109 0.6423 | 1.030
LOSS FORMAT: SEMANTIC_LOSS MEAN_IOU PIX_ACC | DEPTH_LOSS ABS_ERR REL_ERR | NORMAL_LOSS MEAN MED <11.25 <22.5 <30 | ∆m (test)
Epoch: 0182 | lr=0.0001 | epoch lenth=398 | train time: 195.746 s | method pcgrad | TRAIN: 0.2723 0.6010 0.7989 | 0.2459 0.2459 0.1183 | 0.1248 23.0281 17.5067 0.3225 0.6176 0.7375 || TEST: 1.2910 0.3997 0.6556 | 0.5384 0.5384 0.2150 | 0.1623 27.8016 23.5507 0.2232 0.4829 0.6188 | 3.964
LOSS FORMAT: SEMANTIC_LOSS MEAN_IOU PIX_ACC | DEPTH_LOSS ABS_ERR REL_ERR | NORMAL_LOSS MEAN MED <11.25 <22.5 <30 | ∆m (test)
Epoch: 0183 | lr=0.0001 | epoch lenth=398 | train time: 194.508 s | method pcgrad | TRAIN: 0.2704 0.5976 0.7965 | 0.2508 0.2508 0.1210 | 0.1259 23.1969 17.8303 0.3181 0.6114 0.7329 || TEST: 1.3248 0.4148 0.6632 | 0.5500 0.5500 0.2258 | 0.1533 26.5409 21.7969 0.2559 0.5185 0.6489 | 0.060
LOSS FORMAT: SEMANTIC_LOSS MEAN_IOU PIX_ACC | DEPTH_LOSS ABS_ERR REL_ERR | NORMAL_LOSS MEAN MED <11.25 <22.5 <30 | ∆m (test)
Epoch: 0184 | lr=0.0001 | epoch lenth=398 | train time: 192.679 s | method pcgrad | TRAIN: 0.2678 0.6053 0.8005 | 0.2469 0.2469 0.1164 | 0.1250 23.0804 17.6609 0.3199 0.6157 0.7363 || TEST: 1.3231 0.4002 0.6573 | 0.5361 0.5361 0.2172 | 0.1560 26.8515 22.1015 0.2483 0.5120 0.6440 | 0.807
LOSS FORMAT: SEMANTIC_LOSS MEAN_IOU PIX_ACC | DEPTH_LOSS ABS_ERR REL_ERR | NORMAL_LOSS MEAN MED <11.25 <22.5 <30 | ∆m (test)
Epoch: 0185 | lr=0.0001 | epoch lenth=398 | train time: 193.212 s | method pcgrad | TRAIN: 0.2663 0.5997 0.7978 | 0.2476 0.2476 0.1188 | 0.1241 22.9743 17.5611 0.3229 0.6172 0.7376 || TEST: 1.4198 0.4017 0.6550 | 0.5401 0.5401 0.2221 | 0.1594 27.2643 22.6726 0.2428 0.5009 0.6323 | 2.190
LOSS FORMAT: SEMANTIC_LOSS MEAN_IOU PIX_ACC | DEPTH_LOSS ABS_ERR REL_ERR | NORMAL_LOSS MEAN MED <11.25 <22.5 <30 | ∆m (test)
Epoch: 0186 | lr=0.0001 | epoch lenth=398 | train time: 193.286 s | method pcgrad | TRAIN: 0.2634 0.5983 0.7969 | 0.2456 0.2456 0.1176 | 0.1241 22.9969 17.5323 0.3216 0.6162 0.7373 || TEST: 1.2571 0.4058 0.6659 | 0.5506 0.5506 0.2199 | 0.1586 27.3010 22.9084 0.2353 0.4962 0.6310 | 2.511
LOSS FORMAT: SEMANTIC_LOSS MEAN_IOU PIX_ACC | DEPTH_LOSS ABS_ERR REL_ERR | NORMAL_LOSS MEAN MED <11.25 <22.5 <30 | ∆m (test)
Epoch: 0187 | lr=0.0001 | epoch lenth=398 | train time: 193.154 s | method pcgrad | TRAIN: 0.2552 0.6076 0.8035 | 0.2425 0.2425 0.1143 | 0.1213 22.6821 17.2995 0.3271 0.6233 0.7434 || TEST: 1.3607 0.3898 0.6506 | 0.5525 0.5525 0.2294 | 0.1569 27.0389 22.3810 0.2408 0.5065 0.6407 | 2.668
LOSS FORMAT: SEMANTIC_LOSS MEAN_IOU PIX_ACC | DEPTH_LOSS ABS_ERR REL_ERR | NORMAL_LOSS MEAN MED <11.25 <22.5 <30 | ∆m (test)
Epoch: 0188 | lr=0.0001 | epoch lenth=398 | train time: 192.413 s | method pcgrad | TRAIN: 0.2690 0.5941 0.7948 | 0.2456 0.2456 0.1177 | 0.1241 22.9015 17.3889 0.3277 0.6211 0.7396 || TEST: 1.2404 0.4165 0.6687 | 0.5383 0.5383 0.2149 | 0.1587 27.3929 23.1087 0.2306 0.4916 0.6283 | 2.208
LOSS FORMAT: SEMANTIC_LOSS MEAN_IOU PIX_ACC | DEPTH_LOSS ABS_ERR REL_ERR | NORMAL_LOSS MEAN MED <11.25 <22.5 <30 | ∆m (test)
Epoch: 0189 | lr=0.0001 | epoch lenth=398 | train time: 191.358 s | method pcgrad | TRAIN: 0.2546 0.6131 0.8053 | 0.2461 0.2461 0.1173 | 0.1248 23.0363 17.5368 0.3224 0.6162 0.7367 || TEST: 1.3146 0.4079 0.6626 | 0.5417 0.5417 0.2187 | 0.1552 26.8130 22.1519 0.2486 0.5107 0.6430 | 0.690
LOSS FORMAT: SEMANTIC_LOSS MEAN_IOU PIX_ACC | DEPTH_LOSS ABS_ERR REL_ERR | NORMAL_LOSS MEAN MED <11.25 <22.5 <30 | ∆m (test)
Epoch: 0190 | lr=0.0001 | epoch lenth=398 | train time: 192.052 s | method pcgrad | TRAIN: 0.2516 0.6096 0.8024 | 0.2427 0.2427 0.1157 | 0.1224 22.7551 17.2819 0.3277 0.6228 0.7425 || TEST: 1.3709 0.3962 0.6507 | 0.5298 0.5298 0.2131 | 0.1602 27.2556 22.5564 0.2456 0.5034 0.6344 | 1.639
LOSS FORMAT: SEMANTIC_LOSS MEAN_IOU PIX_ACC | DEPTH_LOSS ABS_ERR REL_ERR | NORMAL_LOSS MEAN MED <11.25 <22.5 <30 | ∆m (test)
Epoch: 0191 | lr=0.0001 | epoch lenth=398 | train time: 193.121 s | method pcgrad | TRAIN: 0.2539 0.6020 0.7967 | 0.2441 0.2441 0.1150 | 0.1226 22.7763 17.3676 0.3279 0.6226 0.7428 || TEST: 1.3671 0.3862 0.6445 | 0.5369 0.5369 0.2239 | 0.1544 26.6855 21.9270 0.2505 0.5159 0.6478 | 1.332
LOSS FORMAT: SEMANTIC_LOSS MEAN_IOU PIX_ACC | DEPTH_LOSS ABS_ERR REL_ERR | NORMAL_LOSS MEAN MED <11.25 <22.5 <30 | ∆m (test)
Epoch: 0192 | lr=0.0001 | epoch lenth=398 | train time: 194.494 s | method pcgrad | TRAIN: 0.2514 0.5924 0.7940 | 0.2433 0.2433 0.1148 | 0.1231 22.8429 17.4149 0.3266 0.6212 0.7410 || TEST: 1.3569 0.4041 0.6560 | 0.5296 0.5296 0.2143 | 0.1519 26.3582 21.5284 0.2595 0.5235 0.6535 | -0.842
LOSS FORMAT: SEMANTIC_LOSS MEAN_IOU PIX_ACC | DEPTH_LOSS ABS_ERR REL_ERR | NORMAL_LOSS MEAN MED <11.25 <22.5 <30 | ∆m (test)
Epoch: 0193 | lr=0.0001 | epoch lenth=398 | train time: 252.890 s | method pcgrad | TRAIN: 0.2471 0.6053 0.8000 | 0.2413 0.2413 0.1133 | 0.1224 22.7693 17.3496 0.3272 0.6228 0.7423 || TEST: 1.3692 0.4031 0.6620 | 0.5230 0.5230 0.2079 | 0.1545 26.6823 21.9123 0.2520 0.5163 0.6470 | -0.391
LOSS FORMAT: SEMANTIC_LOSS MEAN_IOU PIX_ACC | DEPTH_LOSS ABS_ERR REL_ERR | NORMAL_LOSS MEAN MED <11.25 <22.5 <30 | ∆m (test)
Epoch: 0194 | lr=0.0001 | epoch lenth=398 | train time: 192.936 s | method pcgrad | TRAIN: 0.2563 0.6037 0.8014 | 0.2401 0.2401 0.1144 | 0.1217 22.6864 17.1884 0.3280 0.6255 0.7451 || TEST: 1.3499 0.4055 0.6649 | 0.5523 0.5523 0.2287 | 0.1568 27.0063 22.4189 0.2436 0.5059 0.6396 | 1.870
LOSS FORMAT: SEMANTIC_LOSS MEAN_IOU PIX_ACC | DEPTH_LOSS ABS_ERR REL_ERR | NORMAL_LOSS MEAN MED <11.25 <22.5 <30 | ∆m (test)
Epoch: 0195 | lr=0.0001 | epoch lenth=398 | train time: 193.795 s | method pcgrad | TRAIN: 0.2453 0.6098 0.8048 | 0.2391 0.2391 0.1121 | 0.1195 22.4624 17.0517 0.3323 0.6299 0.7485 || TEST: 1.3448 0.3981 0.6572 | 0.5257 0.5257 0.2134 | 0.1585 27.3071 22.9259 0.2344 0.4955 0.6312 | 2.269
LOSS FORMAT: SEMANTIC_LOSS MEAN_IOU PIX_ACC | DEPTH_LOSS ABS_ERR REL_ERR | NORMAL_LOSS MEAN MED <11.25 <22.5 <30 | ∆m (test)
Epoch: 0196 | lr=0.0001 | epoch lenth=398 | train time: 191.829 s | method pcgrad | TRAIN: 0.2457 0.6073 0.8009 | 0.2376 0.2376 0.1141 | 0.1226 22.8387 17.4532 0.3237 0.6198 0.7404 || TEST: 1.3639 0.3950 0.6589 | 0.5415 0.5415 0.2270 | 0.1535 26.5828 21.9074 0.2555 0.5157 0.6466 | 0.807
LOSS FORMAT: SEMANTIC_LOSS MEAN_IOU PIX_ACC | DEPTH_LOSS ABS_ERR REL_ERR | NORMAL_LOSS MEAN MED <11.25 <22.5 <30 | ∆m (test)
Epoch: 0197 | lr=0.0001 | epoch lenth=398 | train time: 192.691 s | method pcgrad | TRAIN: 0.2444 0.6050 0.8022 | 0.2358 0.2358 0.1138 | 0.1217 22.7190 17.2782 0.3256 0.6239 0.7444 || TEST: 1.3399 0.4053 0.6585 | 0.5437 0.5437 0.2263 | 0.1568 26.9851 22.3210 0.2452 0.5072 0.6395 | 1.599
LOSS FORMAT: SEMANTIC_LOSS MEAN_IOU PIX_ACC | DEPTH_LOSS ABS_ERR REL_ERR | NORMAL_LOSS MEAN MED <11.25 <22.5 <30 | ∆m (test)
Epoch: 0198 | lr=0.0001 | epoch lenth=398 | train time: 198.276 s | method pcgrad | TRAIN: 0.2416 0.6051 0.8020 | 0.2401 0.2401 0.1151 | 0.1215 22.6546 17.1740 0.3294 0.6269 0.7457 || TEST: 1.3305 0.3921 0.6607 | 0.6006 0.6006 0.2239 | 0.1608 27.6910 23.5687 0.2234 0.4819 0.6201 | 5.429
LOSS FORMAT: SEMANTIC_LOSS MEAN_IOU PIX_ACC | DEPTH_LOSS ABS_ERR REL_ERR | NORMAL_LOSS MEAN MED <11.25 <22.5 <30 | ∆m (test)
Epoch: 0199 | lr=0.0001 | epoch lenth=398 | train time: 193.119 s | method pcgrad | TRAIN: 0.2483 0.6064 0.8020 | 0.2371 0.2371 0.1132 | 0.1218 22.6942 17.2589 0.3291 0.6258 0.7445 || TEST: 1.3504 0.3940 0.6569 | 0.5563 0.5563 0.2347 | 0.1561 26.8822 22.2916 0.2498 0.5081 0.6402 | 2.239
Training finished. ['1.7995 0.8816 44.2350', '1.7651 0.8468 41.9695', '1.7258 1.1266 40.5911', '1.6475 0.9157 39.5377', '1.6866 0.8983 37.6535', '1.6045 0.8142 37.3181', '1.6269 0.9500 36.6833', '1.5516 0.7722 36.0655', '1.5910 0.8412 36.5476', '1.5169 0.7373 34.8069', '1.5412 0.7428 35.4780', '1.4996 0.7436 35.2482', '1.5037 0.7140 34.5331', '1.5507 0.7177 34.1837', '1.4707 0.7171 33.2983', '1.4304 0.7293 33.0758', '1.4801 0.7150 33.0499', '1.4366 0.7094 32.9823', '1.4398 0.7176 32.6380', '1.4087 0.7066 32.9941', '1.4323 0.7316 32.8820', '1.3853 0.7681 32.2564', '1.3658 0.6591 31.5464', '1.3602 0.6795 31.5751', '1.4026 0.7040 31.6422', '1.3476 0.7194 31.4915', '1.3397 0.6818 31.8469', '1.3218 0.6884 31.0792', '1.3048 0.6800 31.2424', '1.2814 0.6488 31.2319', '1.2715 0.6513 30.8274', '1.3297 0.6752 30.9538', '1.2662 0.6523 30.6111', '1.3128 0.6854 30.4833', '1.2528 0.6337 30.7361', '1.3338 0.6863 31.0798', '1.2315 0.7094 30.6578', '1.2614 0.7469 30.5286', '1.2330 0.6220 30.4795', '1.2831 0.7589 30.4396', '1.2513 0.6454 30.0087', '1.2438 0.6323 30.2137', '1.2307 0.6686 29.8775', '1.2245 0.6341 29.9602', '1.2345 0.6125 30.1423', '1.2244 0.6292 29.7856', '1.1826 0.7020 30.2367', '1.1978 0.6570 29.7078', '1.1883 0.6407 29.3585', '1.2236 0.6490 29.5214', '1.2345 0.6103 29.9897', '1.2248 0.6056 29.0457', '1.2266 0.6172 30.4833', '1.1777 0.6234 29.1966', '1.2310 0.6480 29.0952', '1.1942 0.6512 29.0613', '1.2133 0.5967 29.0827', '1.1833 0.6679 29.6451', '1.2727 0.5911 29.0837', '1.1722 0.5950 29.2093', '1.2194 0.6063 29.8650', '1.1999 0.6238 28.8085', '1.1982 0.6125 28.5267', '1.1844 0.6236 29.3455', '1.1597 0.6398 28.9549', '1.1194 0.6157 28.8824', '1.1756 0.6253 28.3712', '1.1745 0.5575 28.7983', '1.1879 0.5937 28.9259', '1.1435 0.6063 28.6751', '1.2338 0.6067 28.5548', '1.2431 0.5911 28.6327', '1.2197 0.5732 28.9916', '1.1468 0.5832 28.3938', '1.1368 0.5752 29.1171', '1.1982 0.6158 28.0613', '1.2034 0.6086 28.7051', '1.2150 0.5820 28.0764', '1.2098 0.5911 28.4849', '1.1517 0.6080 27.8121', '1.2597 0.6953 28.7456', '1.2107 0.5902 28.9969', '1.1946 0.5974 28.4454', '1.2184 0.5607 28.1284', '1.1642 0.5821 28.1194', '1.2077 0.5801 28.7323', '1.1691 0.5650 28.0100', '1.2097 0.5647 28.1878', '1.2454 0.5791 28.6878', '1.2017 0.6158 27.9530', '1.1353 0.5499 28.7728', '1.2056 0.5793 28.5333', '1.2354 0.6400 27.8737', '1.1961 0.5772 27.9976', '1.1812 0.5681 28.1604', '1.1725 0.5935 28.3534', '1.2624 0.6063 28.5564', '1.1534 0.5616 27.7260', '1.2239 0.5824 28.1941', '1.2400 0.5564 27.5643', '1.1380 0.5611 27.4754', '1.1512 0.5555 27.2530', '1.1997 0.5616 27.1247', '1.2018 0.5429 27.0455', '1.1040 0.5712 27.9732', '1.1610 0.5644 27.7248', '1.2056 0.5674 27.7983', '1.2116 0.5481 27.4327', '1.1979 0.5709 27.3570', '1.2003 0.5550 27.4921', '1.1984 0.5435 28.3206', '1.2481 0.5709 26.9050', '1.1561 0.5510 27.3564', '1.2892 0.5785 26.7639', '1.1996 0.5385 27.4657', '1.1970 0.5708 27.3885', '1.2154 0.5828 27.2154', '1.2886 0.5348 27.2377', '1.2380 0.5679 27.4242', '1.2305 0.5397 27.3347', '1.2686 0.5502 26.8598', '1.2541 0.5712 27.4651', '1.2600 0.5830 27.2434', '1.1875 0.5469 27.2280', '1.2127 0.5600 27.6137', '1.1769 0.5590 27.8037', '1.2238 0.5549 27.2017', '1.2049 0.5566 27.6787', '1.2546 0.5633 26.9368', '1.2776 0.5571 27.1738', '1.2293 0.5637 27.4367', '1.2518 0.5374 26.8979', '1.2962 0.5407 26.7893', '1.2637 0.5418 26.5354', '1.2073 0.5523 27.3554', '1.3237 0.5552 27.0785', '1.3114 0.5496 26.8544', '1.2563 0.6006 27.3688', '1.2254 0.5441 27.1140', '1.2859 0.5611 26.8626', '1.2764 0.5881 27.5402', '1.3021 0.5315 27.1693', '1.3034 0.5690 27.0048', '1.2718 0.5623 27.3433', '1.2775 0.5412 26.9788', '1.2257 0.5430 27.3948', '1.2992 0.5485 26.8665', '1.2499 0.5483 27.6687', '1.2541 0.5476 27.1570', '1.2832 0.5390 26.7538', '1.2770 0.5516 27.5317', '1.2726 0.5498 27.2245', '1.3132 0.5605 27.3152', '1.3188 0.5487 26.8131', '1.3214 0.5407 27.1760', '1.3421 0.5518 26.5318', '1.2930 0.5521 26.7445', '1.3339 0.5476 27.0134', '1.2883 0.5332 27.0599', '1.3368 0.5502 27.3168', '1.2950 0.5386 26.8942', '1.2818 0.5418 27.0174', '1.2972 0.5595 26.4786', '1.3287 0.5422 26.9134', '1.3240 0.5564 27.2801', '1.2778 0.5697 27.0796', '1.3338 0.5480 26.5283', '1.3270 0.5444 27.5047', '1.3133 0.5348 27.2491', '1.3201 0.5457 27.0483', '1.2999 0.5581 27.3777', '1.3151 0.5395 26.8130', '1.3244 0.5701 26.8543', '1.2906 0.5187 26.7379', '1.4026 0.5332 26.7103', '1.3199 0.5409 27.1701', '1.3318 0.5410 26.8577', '1.4528 0.5434 26.7016', '1.3284 0.5369 27.0722', '1.3087 0.5475 26.7443', '1.3919 0.5598 26.5491', '1.3413 0.5469 26.8318', '1.2910 0.5384 27.8016', '1.3248 0.5500 26.5409', '1.3231 0.5361 26.8515', '1.4198 0.5401 27.2643', '1.2571 0.5506 27.3010', '1.3607 0.5525 27.0389', '1.2404 0.5383 27.3929', '1.3146 0.5417 26.8130', '1.3709 0.5298 27.2556', '1.3671 0.5369 26.6855', '1.3569 0.5296 26.3582', '1.3692 0.5230 26.6823', '1.3499 0.5523 27.0063', '1.3448 0.5257 27.3071', '1.3639 0.5415 26.5828', '1.3399 0.5437 26.9851', '1.3305 0.6006 27.6910', '1.3504 0.5563 26.8822']
